#                                                                                                            --- full sequence --- -------------- this domain -------------   hmm coord   ali coord   env coord
# target name                                        accession   tlen query name           accession   qlen   E-value  score  bias   #  of  c-Evalue  i-Evalue  score  bias  from    to  from    to  from    to  acc description of target
#                                ------------------- ---------- ----- -------------------- ---------- ----- --------- ------ ----- --- --- --------- --------- ------ ----- ----- ----- ----- ----- ----- ----- ---- ---------------------
10008at50557_307658_0:000879|STRG.6843.6:755-4666|+  -           1304 10008at50557         -            904         0 1434.5  30.4   1   6   1.8e-19     3e-16   57.5   0.5     1    42     1    42     1    47 0.96 -
10008at50557_307658_0:000879|STRG.6843.6:755-4666|+  -           1304 10008at50557         -            904         0 1434.5  30.4   2   6   1.2e-86     2e-83  279.8   0.1    40   248    72   326    68   347 0.84 -
10008at50557_307658_0:000879|STRG.6843.6:755-4666|+  -           1304 10008at50557         -            904         0 1434.5  30.4   3   6  4.2e-141  6.9e-138  460.1   1.5   243   508   348   632   339   642 0.93 -
10008at50557_307658_0:000879|STRG.6843.6:755-4666|+  -           1304 10008at50557         -            904         0 1434.5  30.4   4   6   0.00075       1.2    5.9   0.1   497   522   645   673   635   682 0.83 -
10008at50557_307658_0:000879|STRG.6843.6:755-4666|+  -           1304 10008at50557         -            904         0 1434.5  30.4   5   6   8.3e-38   1.4e-34  118.2   0.1   511   582   757   828   748   843 0.90 -
10008at50557_307658_0:000879|STRG.6843.6:755-4666|+  -           1304 10008at50557         -            904         0 1434.5  30.4   6   6  4.8e-160  7.8e-157  522.7   3.9   579   904   922  1304   913  1304 0.91 -
10008at50557_307658_0:000879|STRG.6843.7:755-4627|+  -           1291 10008at50557         -            904         0 1434.0  31.7   1   6   1.8e-19     3e-16   57.6   0.5     1    42     1    42     1    47 0.96 -
10008at50557_307658_0:000879|STRG.6843.7:755-4627|+  -           1291 10008at50557         -            904         0 1434.0  31.7   2   6   1.2e-86     2e-83  279.9   0.1    40   248    72   326    68   347 0.84 -
10008at50557_307658_0:000879|STRG.6843.7:755-4627|+  -           1291 10008at50557         -            904         0 1434.0  31.7   3   6  4.1e-141  6.7e-138  460.1   1.5   243   508   348   632   339   642 0.93 -
10008at50557_307658_0:000879|STRG.6843.7:755-4627|+  -           1291 10008at50557         -            904         0 1434.0  31.7   4   6   0.00074       1.2    5.9   0.1   497   522   645   673   635   682 0.83 -
10008at50557_307658_0:000879|STRG.6843.7:755-4627|+  -           1291 10008at50557         -            904         0 1434.0  31.7   5   6   8.1e-38   1.3e-34  118.3   0.1   511   582   757   828   748   844 0.90 -
10008at50557_307658_0:000879|STRG.6843.7:755-4627|+  -           1291 10008at50557         -            904         0 1434.0  31.7   6   6  7.5e-160  1.2e-156  522.1   5.3   578   904   908  1291   883  1291 0.90 -
10008at50557_67767_0:00015d|STRG.6843.2:2978-10360|+ -           1364 10008at50557         -            904  1.3e-221  737.1  22.5   1   3   1.4e-58   2.2e-55  187.0   1.0   381   516     1   141     1   187 0.86 -
10008at50557_67767_0:00015d|STRG.6843.2:2978-10360|+ -           1364 10008at50557         -            904  1.3e-221  737.1  22.5   2   3   8.6e-38   1.4e-34  118.2   0.1   511   582   263   334   254   350 0.90 -
10008at50557_67767_0:00015d|STRG.6843.2:2978-10360|+ -           1364 10008at50557         -            904  1.3e-221  737.1  22.5   3   3  4.3e-131  7.1e-128  426.9  10.3   578   865   414   758   389   775 0.88 -
10008at50557_378494_0:004813|STRG.14677.1:442-720|+  -             93 10008at50557         -            904   1.3e-14   52.1   0.0   1   1   9.1e-18   1.5e-14   51.9   0.0    42   122     1    93     1    93 0.80 -
10008at50557_378494_0:004813|STRG.9987.2:403-777|+   -            125 10008at50557         -            904   1.3e-13   48.8   0.0   1   1   1.2e-16     2e-13   48.2   0.0    42   127     4   107     2   114 0.71 -
10008at50557_378494_0:004813|STRG.9987.1:447-812|+   -            122 10008at50557         -            904   2.2e-13   48.1   0.0   1   1     2e-16   3.3e-13   47.5   0.0    42   127     1   104     1   111 0.71 -
#
# Program:         hmmsearch
# Version:         3.4 (Aug 2023)
# Pipeline mode:   SEARCH
# Query file:      /data/projet1/projet_tutore/busco_downloads/lineages/insecta_odb10/hmms/10008at50557.hmm
# Target file:     annotation_analysis/annotation_gcf/T_septentrionalis/busco_output/run_insecta_odb10/metaeuk_output/initial_results/assembled_transcripts.fasta.modified.fas
# Option settings: hmmsearch --domtblout annotation_analysis/annotation_gcf/T_septentrionalis/busco_output/run_insecta_odb10/hmmer_output/initial_run_results/10008at50557.out --cpu 1 /data/projet1/projet_tutore/busco_downloads/lineages/insecta_odb10/hmms/10008at50557.hmm annotation_analysis/annotation_gcf/T_septentrionalis/busco_output/run_insecta_odb10/metaeuk_output/initial_results/assembled_transcripts.fasta.modified.fas 
# Current dir:     /data/projet1/projet_tutore
# Date:            Sun Oct 13 10:04:57 2024
# [ok]
