#                                                                                                             --- full sequence --- -------------- this domain -------------   hmm coord   ali coord   env coord
# target name                                         accession   tlen query name           accession   qlen   E-value  score  bias   #  of  c-Evalue  i-Evalue  score  bias  from    to  from    to  from    to  acc description of target
#                                 ------------------- ---------- ----- -------------------- ---------- ----- --------- ------ ----- --- --- --------- --------- ------ ----- ----- ----- ----- ----- ----- ----- ---- ---------------------
107326at50557_103372_0:00173f|STRG.11238.1:497-1147|+ -            217 107326at50557        -            189  2.8e-103  342.8  18.2   1   2   1.8e-95   1.2e-92  308.1  11.5     1   157     5   162     5   169 0.98 -
107326at50557_103372_0:00173f|STRG.11238.1:497-1147|+ -            217 107326at50557        -            189  2.8e-103  342.8  18.2   2   2   4.5e-13   3.2e-10   39.3   0.4   149   189   170   210   165   210 0.95 -
107326at50557_315563_0:001eca|STRG.7153.1:570-962|+   -            131 107326at50557        -            189   9.7e-07   27.9   1.6   1   1   1.7e-09   1.2e-06   27.7   1.6    34   110    39   123     2   129 0.66 -
107326at50557_315563_0:001eca|STRG.7153.2:570-962|+   -            131 107326at50557        -            189   9.7e-07   27.9   1.6   1   1   1.7e-09   1.2e-06   27.7   1.6    34   110    39   123     2   129 0.66 -
107326at50557_315563_0:001eca|STRG.7153.3:570-962|+   -            131 107326at50557        -            189   9.7e-07   27.9   1.6   1   1   1.7e-09   1.2e-06   27.7   1.6    34   110    39   123     2   129 0.66 -
107326at50557_315563_0:001eca|STRG.7153.4:170-562|+   -            131 107326at50557        -            189   9.7e-07   27.9   1.6   1   1   1.7e-09   1.2e-06   27.7   1.6    34   110    39   123     2   129 0.66 -
107326at50557_315563_0:001eca|STRG.7153.5:170-562|+   -            131 107326at50557        -            189   9.7e-07   27.9   1.6   1   1   1.7e-09   1.2e-06   27.7   1.6    34   110    39   123     2   129 0.66 -
107326at50557_315563_0:001eca|STRG.7153.6:170-562|+   -            131 107326at50557        -            189   9.7e-07   27.9   1.6   1   1   1.7e-09   1.2e-06   27.7   1.6    34   110    39   123     2   129 0.66 -
107326at50557_315563_0:001eca|STRG.7153.7:150-542|+   -            131 107326at50557        -            189   9.7e-07   27.9   1.6   1   1   1.7e-09   1.2e-06   27.7   1.6    34   110    39   123     2   129 0.66 -
107326at50557_315563_0:001eca|STRG.7153.8:150-542|+   -            131 107326at50557        -            189   9.7e-07   27.9   1.6   1   1   1.7e-09   1.2e-06   27.7   1.6    34   110    39   123     2   129 0.66 -
107326at50557_315563_0:001eca|STRG.7153.9:150-542|+   -            131 107326at50557        -            189   9.7e-07   27.9   1.6   1   1   1.7e-09   1.2e-06   27.7   1.6    34   110    39   123     2   129 0.66 -
130497at50557_34720_0:0000bd|STRG.376.5:108-956|+     -            283 107326at50557        -            189   4.3e-06   25.8   0.2   1   2   1.6e-08   1.1e-05   24.5   0.1     6    81    83   160    79   188 0.87 -
130497at50557_34720_0:0000bd|STRG.376.5:108-956|+     -            283 107326at50557        -            189   4.3e-06   25.8   0.2   2   2       1.4   9.8e+02   -1.4   0.0    23    39   236   252   196   259 0.77 -
130497at50557_103372_0:002861|STRG.376.2:42-980|+     -            313 107326at50557        -            189   4.8e-06   25.7   0.1   1   2     2e-08   1.4e-05   24.1   0.0     6    81   113   190   109   209 0.86 -
130497at50557_103372_0:002861|STRG.376.2:42-980|+     -            313 107326at50557        -            189   4.8e-06   25.7   0.1   2   2       1.7   1.2e+03   -1.7   0.0    23    39   266   282   227   288 0.78 -
130497at50557_34720_0:0000bd|STRG.376.1:24-582|+      -            181 107326at50557        -            189      0.01   14.9   0.1   1   2   5.2e-05     0.037   13.0   0.0    27    81     5    60     1    79 0.83 -
130497at50557_34720_0:0000bd|STRG.376.1:24-582|+      -            181 107326at50557        -            189      0.01   14.9   0.1   2   2      0.72   5.1e+02   -0.5   0.0    23    40   134   151    97   160 0.81 -
130497at50557_7536_0:0032f4|STRG.376.4:282-850|+      -            186 107326at50557        -            189     0.022   13.7   0.2   1   2   0.00014     0.096   11.7   0.0    35    81    26    74     8    83 0.78 -
130497at50557_7536_0:0032f4|STRG.376.4:282-850|+      -            186 107326at50557        -            189     0.022   13.7   0.2   2   2       1.1   7.6e+02   -1.0   0.1    23    40   150   167   136   173 0.79 -
#
# Program:         hmmsearch
# Version:         3.4 (Aug 2023)
# Pipeline mode:   SEARCH
# Query file:      /data/projet1/projet_tutore/busco_downloads/lineages/insecta_odb10/hmms/107326at50557.hmm
# Target file:     annotation_analysis/annotation_gcf/T_septentrionalis/busco_output/run_insecta_odb10/metaeuk_output/initial_results/assembled_transcripts.fasta.modified.fas
# Option settings: hmmsearch --domtblout annotation_analysis/annotation_gcf/T_septentrionalis/busco_output/run_insecta_odb10/hmmer_output/initial_run_results/107326at50557.out --cpu 1 /data/projet1/projet_tutore/busco_downloads/lineages/insecta_odb10/hmms/107326at50557.hmm annotation_analysis/annotation_gcf/T_septentrionalis/busco_output/run_insecta_odb10/metaeuk_output/initial_results/assembled_transcripts.fasta.modified.fas 
# Current dir:     /data/projet1/projet_tutore
# Date:            Sun Oct 13 10:05:18 2024
# [ok]
