#                                                                                                              --- full sequence --- -------------- this domain -------------   hmm coord   ali coord   env coord
# target name                                          accession   tlen query name           accession   qlen   E-value  score  bias   #  of  c-Evalue  i-Evalue  score  bias  from    to  from    to  from    to  acc description of target
#                                  ------------------- ---------- ----- -------------------- ---------- ----- --------- ------ ----- --- --- --------- --------- ------ ----- ----- ----- ----- ----- ----- ----- ---- ---------------------
108140at50557_34720_0:001e92|STRG.12555.10:131-2056|+  -            642 108140at50557        -            260  2.8e-104  347.3  25.4   1   2  6.1e-101   9.4e-99  329.2  14.6     1   225     1   256     1   275 0.90 -
108140at50557_34720_0:001e92|STRG.12555.10:131-2056|+  -            642 108140at50557        -            260  2.8e-104  347.3  25.4   2   2   2.2e-10   3.5e-08   32.4   3.0   223   260   291   329   261   329 0.77 -
108140at50557_34720_0:001e92|STRG.12555.11:740-2665|+  -            642 108140at50557        -            260  2.8e-104  347.3  25.4   1   2  6.1e-101   9.4e-99  329.2  14.6     1   225     1   256     1   275 0.90 -
108140at50557_34720_0:001e92|STRG.12555.11:740-2665|+  -            642 108140at50557        -            260  2.8e-104  347.3  25.4   2   2   2.2e-10   3.5e-08   32.4   3.0   223   260   291   329   261   329 0.77 -
108140at50557_34720_0:001e92|STRG.12555.5:172-2097|+   -            642 108140at50557        -            260  2.8e-104  347.3  25.4   1   2  6.1e-101   9.4e-99  329.2  14.6     1   225     1   256     1   275 0.90 -
108140at50557_34720_0:001e92|STRG.12555.5:172-2097|+   -            642 108140at50557        -            260  2.8e-104  347.3  25.4   2   2   2.2e-10   3.5e-08   32.4   3.0   223   260   291   329   261   329 0.77 -
108140at50557_34720_0:001e92|STRG.12555.6:176-2101|+   -            642 108140at50557        -            260  2.8e-104  347.3  25.4   1   2  6.1e-101   9.4e-99  329.2  14.6     1   225     1   256     1   275 0.90 -
108140at50557_34720_0:001e92|STRG.12555.6:176-2101|+   -            642 108140at50557        -            260  2.8e-104  347.3  25.4   2   2   2.2e-10   3.5e-08   32.4   3.0   223   260   291   329   261   329 0.77 -
108140at50557_34720_0:001e92|STRG.12555.7:551-2476|+   -            642 108140at50557        -            260  2.8e-104  347.3  25.4   1   2  6.1e-101   9.4e-99  329.2  14.6     1   225     1   256     1   275 0.90 -
108140at50557_34720_0:001e92|STRG.12555.7:551-2476|+   -            642 108140at50557        -            260  2.8e-104  347.3  25.4   2   2   2.2e-10   3.5e-08   32.4   3.0   223   260   291   329   261   329 0.77 -
108140at50557_34720_0:001e92|STRG.12555.8:654-2579|+   -            642 108140at50557        -            260  2.8e-104  347.3  25.4   1   2  6.1e-101   9.4e-99  329.2  14.6     1   225     1   256     1   275 0.90 -
108140at50557_34720_0:001e92|STRG.12555.8:654-2579|+   -            642 108140at50557        -            260  2.8e-104  347.3  25.4   2   2   2.2e-10   3.5e-08   32.4   3.0   223   260   291   329   261   329 0.77 -
108140at50557_34720_0:001e92|STRG.12555.9:465-2390|+   -            642 108140at50557        -            260  2.8e-104  347.3  25.4   1   2  6.1e-101   9.4e-99  329.2  14.6     1   225     1   256     1   275 0.90 -
108140at50557_34720_0:001e92|STRG.12555.9:465-2390|+   -            642 108140at50557        -            260  2.8e-104  347.3  25.4   2   2   2.2e-10   3.5e-08   32.4   3.0   223   260   291   329   261   329 0.77 -
109756at50557_1629725_0:000447|STRG.5639.1:290-502|+   -             71 108140at50557        -            260   1.6e-23   82.6   1.2   1   1   1.1e-25   1.8e-23   82.5   1.2     5    65     1    64     1    70 0.91 -
108140at50557_29031_0:00184e|STRG.5639.2:287-703|+     -            139 108140at50557        -            260   3.2e-23   81.7   2.3   1   1   2.5e-25   3.8e-23   81.4   2.3     4    93     1    95     1   104 0.84 -
74932at50557_64838_0:002280|STRG.3125.1:192-1193|+     -            334 108140at50557        -            260   5.1e-18   64.6   0.0   1   1     5e-20   7.7e-18   64.0   0.0     2    74     4    77     3    80 0.89 -
74932at50557_103372_0:0007c3|STRG.13118.1:0-1115|+     -            372 108140at50557        -            260     3e-17   62.1   0.2   1   1   3.8e-19   5.8e-17   61.1   0.0     4    78    40   116    38   133 0.86 -
74932at50557_286706_0:00199c|STRG.10967.1:350-1363|+   -            338 108140at50557        -            260     4e-17   61.7   0.0   1   1   4.1e-19   6.3e-17   61.0   0.0     3    72     9    77     7    96 0.89 -
74932at50557_286706_0:00199c|STRG.10967.2:348-1361|+   -            338 108140at50557        -            260     4e-17   61.7   0.0   1   1   4.1e-19   6.3e-17   61.0   0.0     3    72     9    77     7    96 0.89 -
109756at50557_103372_0:00251e|STRG.2664.3:171-794|+    -            208 108140at50557        -            260   2.8e-16   58.9   0.2   1   1   2.4e-18   3.8e-16   58.5   0.2     4    65    13    76    11    97 0.90 -
109756at50557_103372_0:00251e|STRG.2664.4:171-848|+    -            226 108140at50557        -            260   3.3e-16   58.7   0.2   1   1   2.9e-18   4.5e-16   58.2   0.2     4    65    13    76    11    97 0.90 -
109756at50557_103372_0:00251e|STRG.2664.2:176-865|+    -            230 108140at50557        -            260   3.4e-16   58.6   0.2   1   1     3e-18   4.6e-16   58.2   0.2     4    65    13    76    11    97 0.90 -
109756at50557_103372_0:00251e|STRG.2664.1:176-919|+    -            248 108140at50557        -            260     4e-16   58.4   0.2   1   1   3.5e-18   5.3e-16   58.0   0.2     4    65    13    76    11    97 0.90 -
61442at50557_103372_0:000b9a|STRG.7192.1:208-2070|+    -            621 108140at50557        -            260   4.5e-16   58.2  17.7   1   2   2.9e-18   4.5e-16   58.2  17.7     4   223    87   307    85   313 0.83 -
61442at50557_103372_0:000b9a|STRG.7192.1:208-2070|+    -            621 108140at50557        -            260   4.5e-16   58.2  17.7   2   2         1   1.6e+02    0.7   0.3   221   257   494   530   462   544 0.76 -
73951at50557_34720_0:00262d|STRG.15596.1:5-1549|+      -            478 108140at50557        -            260   1.8e-14   53.0   1.9   1   1   1.9e-16   2.9e-14   52.3   1.9     2    64    83   147    82   153 0.92 -
73951at50557_34720_0:00262d|STRG.15596.2:5-1588|+      -            528 108140at50557        -            260     2e-14   52.8   1.9   1   1   2.1e-16   3.3e-14   52.1   1.9     2    64    83   147    82   153 0.92 -
41065at50557_133901_0:001440|STRG.9215.1:368-1702|+    -            445 108140at50557        -            260   4.6e-14   51.6   0.3   1   2       8.9   1.4e+03   -2.4   0.6   207   217   227   237   196   294 0.54 -
41065at50557_133901_0:001440|STRG.9215.1:368-1702|+    -            445 108140at50557        -            260   4.6e-14   51.6   0.3   2   2     3e-16   4.6e-14   51.6   0.3     2    66   342   413   341   426 0.87 -
109756at50557_52612_0:003ea0|STRG.6839.1:397-618|+     -             74 108140at50557        -            260   7.7e-14   50.9   0.2   1   1   5.6e-16   8.7e-14   50.7   0.2     4    67     6    71     4    74 0.91 -
41065at50557_7536_0:00279b|STRG.8749.1:170-466|+       -             99 108140at50557        -            260   1.9e-12   46.4   0.0   1   1   1.3e-14     2e-12   46.3   0.0     5    65     3    64     2    94 0.88 -
41065at50557_7536_0:00279b|STRG.8749.2:170-466|+       -             99 108140at50557        -            260   1.9e-12   46.4   0.0   1   1   1.3e-14     2e-12   46.3   0.0     5    65     3    64     2    94 0.88 -
127306at50557_64793_0:0016b5|STRG.3509.2:237-800|+     -            188 108140at50557        -            260   1.9e-12   46.4   1.3   1   1   1.7e-14   2.7e-12   45.9   1.3     4    68    30    96    28   104 0.84 -
127306at50557_64793_0:0016b5|STRG.3509.3:474-1037|+    -            188 108140at50557        -            260   1.9e-12   46.4   1.3   1   1   1.7e-14   2.7e-12   45.9   1.3     4    68    30    96    28   104 0.84 -
127306at50557_34720_0:0007b0|STRG.3509.1:285-866|+     -            194 108140at50557        -            260   2.9e-12   45.8   1.3   1   2   1.9e-14   2.9e-12   45.8   1.3     4    68    17    83    15    91 0.84 -
127306at50557_34720_0:0007b0|STRG.3509.1:285-866|+     -            194 108140at50557        -            260   2.9e-12   45.8   1.3   2   2       6.2   9.6e+02   -1.8   0.1   134   149   163   178   155   191 0.52 -
127306at50557_34720_0:0007b0|STRG.3509.4:190-771|+     -            194 108140at50557        -            260   2.9e-12   45.8   1.3   1   2   1.9e-14   2.9e-12   45.8   1.3     4    68    17    83    15    91 0.84 -
127306at50557_34720_0:0007b0|STRG.3509.4:190-771|+     -            194 108140at50557        -            260   2.9e-12   45.8   1.3   2   2       6.2   9.6e+02   -1.8   0.1   134   149   163   178   155   191 0.52 -
127306at50557_34720_0:0007b0|STRG.3509.5:245-826|+     -            194 108140at50557        -            260   2.9e-12   45.8   1.3   1   2   1.9e-14   2.9e-12   45.8   1.3     4    68    17    83    15    91 0.84 -
127306at50557_34720_0:0007b0|STRG.3509.5:245-826|+     -            194 108140at50557        -            260   2.9e-12   45.8   1.3   2   2       6.2   9.6e+02   -1.8   0.1   134   149   163   178   155   191 0.52 -
88846at50557_34720_0:00286f|STRG.16339.1:243-1559|+    -            439 108140at50557        -            260   3.4e-12   45.5   0.1   1   4   2.2e-14   3.4e-12   45.5   0.1     3    64    45   107    43   112 0.90 -
88846at50557_34720_0:00286f|STRG.16339.1:243-1559|+    -            439 108140at50557        -            260   3.4e-12   45.5   0.1   2   4       3.4   5.2e+02   -1.0   1.4   184   206   226   251   218   290 0.48 -
88846at50557_34720_0:00286f|STRG.16339.1:243-1559|+    -            439 108140at50557        -            260   3.4e-12   45.5   0.1   3   4       3.9     6e+02   -1.2   1.0   155   213   327   387   305   400 0.61 -
88846at50557_34720_0:00286f|STRG.16339.1:243-1559|+    -            439 108140at50557        -            260   3.4e-12   45.5   0.1   4   4       1.6   2.5e+02    0.0   0.7   160   191   406   437   399   439 0.85 -
100045at50557_34720_0:001e41|STRG.12561.1:34-996|+     -            321 108140at50557        -            260   5.7e-12   44.8   0.0   1   1   3.7e-14   5.7e-12   44.8   0.0     5    64    10    71     7    74 0.89 -
100045at50557_34720_0:001e41|STRG.12561.2:34-999|+     -            322 108140at50557        -            260   5.7e-12   44.8   0.0   1   1   3.7e-14   5.7e-12   44.8   0.0     5    64    10    71     7    74 0.89 -
41065at50557_103372_0:000e4c|STRG.1633.1:120-1562|+    -            481 108140at50557        -            260   7.8e-12   44.3   0.3   1   1   1.1e-13   1.7e-11   43.2   0.3     3    67   378   447   376   468 0.87 -
60993at50557_103372_0:00057c|STRG.9051.2:81-1757|+     -            559 108140at50557        -            260   1.3e-11   43.7   5.4   1   3   3.6e-13   5.5e-11   41.5   0.0     4    64    15    80    13    90 0.91 -
60993at50557_103372_0:00057c|STRG.9051.2:81-1757|+     -            559 108140at50557        -            260   1.3e-11   43.7   5.4   2   3       2.8   4.4e+02   -0.7   0.0    44    97   101   154    92   160 0.70 -
60993at50557_103372_0:00057c|STRG.9051.2:81-1757|+     -            559 108140at50557        -            260   1.3e-11   43.7   5.4   3   3      0.34        53    2.3   1.3   197   224   411   438   399   485 0.77 -
126448at50557_568069_0:001ed1|STRG.7522.1:129-866|+    -            246 108140at50557        -            260   4.4e-11   41.9   1.4   1   2   2.9e-13   4.4e-11   41.9   1.4     3    74    16    91    14   130 0.81 -
126448at50557_568069_0:001ed1|STRG.7522.1:129-866|+    -            246 108140at50557        -            260   4.4e-11   41.9   1.4   2   2      0.64        98    1.4   3.3   179   240   172   233   166   241 0.69 -
60993at50557_103372_0:00057c|STRG.9051.1:81-1763|+     -            561 108140at50557        -            260   5.6e-11   41.5   0.0   1   2   3.6e-13   5.6e-11   41.5   0.0     4    64    15    80    13    90 0.91 -
60993at50557_103372_0:00057c|STRG.9051.1:81-1763|+     -            561 108140at50557        -            260   5.6e-11   41.5   0.0   2   2      0.35        53    2.3   1.3   197   224   413   440   401   487 0.77 -
100045at50557_7395_0:004563|STRG.10205.1:105-386|+     -             94 108140at50557        -            260   6.3e-11   41.4   1.1   1   1     5e-13   7.8e-11   41.1   1.1     4    74     4    75     2    82 0.82 -
74932at50557_64838_0:002280|STRG.5490.2:75-617|+       -            181 108140at50557        -            260   1.6e-10   40.1   0.1   1   1   1.3e-12     2e-10   39.7   0.1     4    72    19    88    17   112 0.87 -
74932at50557_7370_0:002c32|STRG.5490.1:138-1079|+      -            314 108140at50557        -            260   4.3e-10   38.6   0.1   1   1     4e-12   6.1e-10   38.1   0.1     4    71     4    72     2    95 0.87 -
125026at50557_411798_0:00322d|STRG.8635.1:1-777|+      -            259 108140at50557        -            260   6.7e-10   38.0   1.2   1   1   4.3e-12   6.7e-10   38.0   1.2     5    61    59   118    57   138 0.82 -
125026at50557_454923_0:000298|STRG.12055.1:2085-2474|+ -            130 108140at50557        -            260   7.4e-09   34.6   0.0   1   1   5.9e-11   9.1e-09   34.3   0.0     5    67    46   109    42   122 0.87 -
125026at50557_454923_0:000298|STRG.12055.2:2085-2474|+ -            130 108140at50557        -            260   7.4e-09   34.6   0.0   1   1   5.9e-11   9.1e-09   34.3   0.0     5    67    46   109    42   122 0.87 -
125026at50557_454923_0:000298|STRG.12055.3:1929-2318|+ -            130 108140at50557        -            260   7.4e-09   34.6   0.0   1   1   5.9e-11   9.1e-09   34.3   0.0     5    67    46   109    42   122 0.87 -
125026at50557_454923_0:000298|STRG.12055.4:2017-2406|+ -            130 108140at50557        -            260   7.4e-09   34.6   0.0   1   1   5.9e-11   9.1e-09   34.3   0.0     5    67    46   109    42   122 0.87 -
96874at50557_34720_0:002015|STRG.13045.1:345-1460|+    -            372 108140at50557        -            260     6e-07   28.3   1.0   1   1   5.7e-09   8.9e-07   27.8   1.0     5    66   302   369   299   371 0.79 -
96874at50557_34720_0:002015|STRG.13045.2:228-1343|+    -            372 108140at50557        -            260     6e-07   28.3   1.0   1   1   5.7e-09   8.9e-07   27.8   1.0     5    66   302   369   299   371 0.79 -
109756at50557_378494_0:003794|STRG.5818.1:3485-3676|+  -             64 108140at50557        -            260   6.8e-07   28.1   0.2   1   1   4.8e-09   7.4e-07   28.0   0.2     6    55     5    56     2    62 0.81 -
109756at50557_378494_0:003794|STRG.5818.2:3499-3690|+  -             64 108140at50557        -            260   6.8e-07   28.1   0.2   1   1   4.8e-09   7.4e-07   28.0   0.2     6    55     5    56     2    62 0.81 -
25981at50557_456900_0:000c28|STRG.15579.1:564-2843|+   -            760 108140at50557        -            260   2.3e-06   26.4   0.0   1   1   1.5e-08   2.3e-06   26.4   0.0     5    63   107   164   105   168 0.84 -
25981at50557_456900_0:000c28|STRG.15579.2:568-2847|+   -            760 108140at50557        -            260   2.3e-06   26.4   0.0   1   1   1.5e-08   2.3e-06   26.4   0.0     5    63   107   164   105   168 0.84 -
25981at50557_456900_0:000c28|STRG.15579.3:1037-3316|+  -            760 108140at50557        -            260   2.3e-06   26.4   0.0   1   1   1.5e-08   2.3e-06   26.4   0.0     5    63   107   164   105   168 0.84 -
25981at50557_456900_0:000c28|STRG.15579.4:1037-3316|+  -            760 108140at50557        -            260   2.3e-06   26.4   0.0   1   1   1.5e-08   2.3e-06   26.4   0.0     5    63   107   164   105   168 0.84 -
74932at50557_104421_0:00028f|STRG.5490.3:223-936|+     -            238 108140at50557        -            260   1.1e-05   24.2   0.0   1   1   9.2e-08   1.4e-05   23.8   0.0    20    72     1    51     1    74 0.89 -
2744at50557_103372_0:002a6a|STRG.498.2:2090-6898|+     -           1603 108140at50557        -            260   0.00047   18.8   0.0   1   1   3.1e-06   0.00047   18.8   0.0    12    56   679   719   663   756 0.87 -
2744at50557_103372_0:002a6a|STRG.498.3:2165-6973|+     -           1603 108140at50557        -            260   0.00047   18.8   0.0   1   1   3.1e-06   0.00047   18.8   0.0    12    56   679   719   663   756 0.87 -
2744at50557_103372_0:002a6a|STRG.498.1:293-6982|+      -           2230 108140at50557        -            260   0.00069   18.3   0.0   1   1   4.4e-06   0.00069   18.3   0.0    12    56  1306  1346  1290  1382 0.87 -
57980at50557_7536_0:003723|STRG.5592.1:2552-3331|+     -            260 108140at50557        -            260    0.0022   16.6   0.2   1   2   8.2e-05     0.013   14.1   0.1   121   189    55   122    11   135 0.75 -
57980at50557_7536_0:003723|STRG.5592.1:2552-3331|+     -            260 108140at50557        -            260    0.0022   16.6   0.2   2   2       1.2   1.9e+02    0.5   0.0    98   135   155   191   147   249 0.80 -
57980at50557_7536_0:003723|STRG.5592.2:2583-3362|+     -            260 108140at50557        -            260    0.0022   16.6   0.2   1   2   8.2e-05     0.013   14.1   0.1   121   189    55   122    11   135 0.75 -
57980at50557_7536_0:003723|STRG.5592.2:2583-3362|+     -            260 108140at50557        -            260    0.0022   16.6   0.2   2   2       1.2   1.9e+02    0.5   0.0    98   135   155   191   147   249 0.80 -
57980at50557_7536_0:003723|STRG.5592.3:2583-3362|+     -            260 108140at50557        -            260    0.0022   16.6   0.2   1   2   8.2e-05     0.013   14.1   0.1   121   189    55   122    11   135 0.75 -
57980at50557_7536_0:003723|STRG.5592.3:2583-3362|+     -            260 108140at50557        -            260    0.0022   16.6   0.2   2   2       1.2   1.9e+02    0.5   0.0    98   135   155   191   147   249 0.80 -
60993at50557_1155016_0:000fc6|STRG.15489.5:1014-1151|+ -             46 108140at50557        -            260    0.0092   14.6   0.1   1   1     6e-05    0.0092   14.6   0.1     4    42     2    45     1    46 0.79 -
60993at50557_1155016_0:000fc6|STRG.15489.6:692-829|+   -             46 108140at50557        -            260    0.0092   14.6   0.1   1   1     6e-05    0.0092   14.6   0.1     4    42     2    45     1    46 0.79 -
60993at50557_1155016_0:000fc6|STRG.15489.8:813-950|+   -             46 108140at50557        -            260    0.0092   14.6   0.1   1   1     6e-05    0.0092   14.6   0.1     4    42     2    45     1    46 0.79 -
14133at50557_286706_0:001942|STRG.10654.1:1231-2475|+  -            415 108140at50557        -            260      0.81    8.2   4.8   1   3       5.9   9.1e+02   -1.8   0.1   230   260    90   121    62   121 0.74 -
14133at50557_286706_0:001942|STRG.10654.1:1231-2475|+  -            415 108140at50557        -            260      0.81    8.2   4.8   2   3     0.067        10    4.6   0.4   208   258   194   244   169   246 0.75 -
14133at50557_286706_0:001942|STRG.10654.1:1231-2475|+  -            415 108140at50557        -            260      0.81    8.2   4.8   3   3     0.072        11    4.5   0.1   212   249   351   388   334   398 0.82 -
14133at50557_286706_0:001942|STRG.10654.2:1146-2390|+  -            415 108140at50557        -            260      0.81    8.2   4.8   1   3       5.9   9.1e+02   -1.8   0.1   230   260    90   121    62   121 0.74 -
14133at50557_286706_0:001942|STRG.10654.2:1146-2390|+  -            415 108140at50557        -            260      0.81    8.2   4.8   2   3     0.067        10    4.6   0.4   208   258   194   244   169   246 0.75 -
14133at50557_286706_0:001942|STRG.10654.2:1146-2390|+  -            415 108140at50557        -            260      0.81    8.2   4.8   3   3     0.072        11    4.5   0.1   212   249   351   388   334   398 0.82 -
#
# Program:         hmmsearch
# Version:         3.4 (Aug 2023)
# Pipeline mode:   SEARCH
# Query file:      /data/projet1/projet_tutore/busco_downloads/lineages/insecta_odb10/hmms/108140at50557.hmm
# Target file:     annotation_analysis/annotation_gcf/T_septentrionalis/busco_output/run_insecta_odb10/metaeuk_output/initial_results/assembled_transcripts.fasta.modified.fas
# Option settings: hmmsearch --domtblout annotation_analysis/annotation_gcf/T_septentrionalis/busco_output/run_insecta_odb10/hmmer_output/initial_run_results/108140at50557.out --cpu 1 /data/projet1/projet_tutore/busco_downloads/lineages/insecta_odb10/hmms/108140at50557.hmm annotation_analysis/annotation_gcf/T_septentrionalis/busco_output/run_insecta_odb10/metaeuk_output/initial_results/assembled_transcripts.fasta.modified.fas 
# Current dir:     /data/projet1/projet_tutore
# Date:            Sun Oct 13 10:05:21 2024
# [ok]
