#                                                                                                              --- full sequence --- -------------- this domain -------------   hmm coord   ali coord   env coord
# target name                                          accession   tlen query name           accession   qlen   E-value  score  bias   #  of  c-Evalue  i-Evalue  score  bias  from    to  from    to  from    to  acc description of target
#                                  ------------------- ---------- ----- -------------------- ---------- ----- --------- ------ ----- --- --- --------- --------- ------ ----- ----- ----- ----- ----- ----- ----- ---- ---------------------
112400at50557_103372_0:0027c8|STRG.13642.2:0-1108|+    -            324 112400at50557        -            249  3.2e-127  422.3  22.3   1   1  2.2e-128  8.3e-126  417.7  22.3     8   248    47   306    16   307 0.89 -
112400at50557_103372_0:0027c8|STRG.13642.3:0-1031|+    -            324 112400at50557        -            249  3.2e-127  422.3  22.3   1   1  2.2e-128  8.3e-126  417.7  22.3     8   248    47   306    16   307 0.89 -
112400at50557_103372_0:0027c8|STRG.13642.1:43-1053|+   -            337 112400at50557        -            249  3.6e-127  422.1  22.2   1   1  2.4e-128  9.2e-126  417.5  22.2     8   248    60   319    29   320 0.89 -
102433at50557_116153_0:000386|STRG.11252.1:3116-3538|+ -            141 112400at50557        -            249   3.8e-05   22.4   1.3   1   1   1.4e-07   5.2e-05   22.0   1.3   194   234    94   134    81   137 0.91 -
102433at50557_116153_0:000386|STRG.11252.5:1010-1432|+ -            141 112400at50557        -            249   3.8e-05   22.4   1.3   1   1   1.4e-07   5.2e-05   22.0   1.3   194   234    94   134    81   137 0.91 -
102433at50557_116153_0:000386|STRG.11252.7:1127-1549|+ -            141 112400at50557        -            249   3.8e-05   22.4   1.3   1   1   1.4e-07   5.2e-05   22.0   1.3   194   234    94   134    81   137 0.91 -
72133at50557_166361_0:000590|STRG.6149.6:257-802|+     -            182 112400at50557        -            249   0.00024   19.8   0.6   1   1   1.2e-06   0.00045   18.9   0.6   192   234     9    51     6    60 0.91 -
102433at50557_197043_0:007171|STRG.3351.1:1116-1358|+  -             81 112400at50557        -            249   0.00093   17.9   3.8   1   1   3.1e-06    0.0012   17.6   3.8   192   236    29    74    23    77 0.88 -
102433at50557_197043_0:007171|STRG.3351.2:477-719|+    -             81 112400at50557        -            249   0.00093   17.9   3.8   1   1   3.1e-06    0.0012   17.6   3.8   192   236    29    74    23    77 0.88 -
102433at50557_43151_0:0014de|STRG.1184.1:270-800|+     -            177 112400at50557        -            249    0.0015   17.2   0.8   1   1   5.3e-06     0.002   16.8   0.8   185   234    16    68     5    72 0.81 -
102433at50557_197043_0:007171|STRG.10065.1:192-389|+   -             66 112400at50557        -            249    0.0019   16.9   3.2   1   1   5.4e-06    0.0021   16.8   3.2   192   234    17    60     9    64 0.81 -
102433at50557_197043_0:007171|STRG.10065.2:184-381|+   -             66 112400at50557        -            249    0.0019   16.9   3.2   1   1   5.4e-06    0.0021   16.8   3.2   192   234    17    60     9    64 0.81 -
102433at50557_197043_0:007171|STRG.10065.3:184-381|+   -             66 112400at50557        -            249    0.0019   16.9   3.2   1   1   5.4e-06    0.0021   16.8   3.2   192   234    17    60     9    64 0.81 -
28875at50557_520822_0:001662|STRG.5512.3:123-2168|+    -            682 112400at50557        -            249    0.0038   15.9   1.2   1   1   1.8e-05    0.0068   15.1   1.2   186   233   578   626   550   639 0.83 -
28875at50557_520822_0:001662|STRG.5512.5:142-2187|+    -            682 112400at50557        -            249    0.0038   15.9   1.2   1   1   1.8e-05    0.0068   15.1   1.2   186   233   578   626   550   639 0.83 -
28875at50557_520822_0:001662|STRG.5512.6:1778-3823|+   -            682 112400at50557        -            249    0.0038   15.9   1.2   1   1   1.8e-05    0.0068   15.1   1.2   186   233   578   626   550   639 0.83 -
28875at50557_103372_0:001880|STRG.5512.1:190-2259|+    -            690 112400at50557        -            249    0.0038   15.9   1.2   1   1   1.8e-05    0.0069   15.0   1.2   186   233   586   634   558   647 0.83 -
28875at50557_103372_0:001880|STRG.5512.2:2081-4150|+   -            690 112400at50557        -            249    0.0038   15.9   1.2   1   1   1.8e-05    0.0069   15.0   1.2   186   233   586   634   558   647 0.83 -
28875at50557_103372_0:001880|STRG.5512.4:275-2344|+    -            690 112400at50557        -            249    0.0038   15.9   1.2   1   1   1.8e-05    0.0069   15.0   1.2   186   233   586   634   558   647 0.83 -
28875at50557_103372_0:001880|STRG.5512.7:148-2217|+    -            690 112400at50557        -            249    0.0038   15.9   1.2   1   1   1.8e-05    0.0069   15.0   1.2   186   233   586   634   558   647 0.83 -
43508at50557_64793_0:0009c8|STRG.13272.1:179-1366|+    -            396 112400at50557        -            249     0.019   13.6   1.2   1   1   0.00011     0.041   12.5   1.2   174   234   110   171   102   180 0.82 -
43508at50557_456900_0:00177a|STRG.13272.2:248-1909|+   -            554 112400at50557        -            249     0.032   12.9   1.2   1   1   0.00018     0.067   11.8   1.2   174   234   268   329   260   338 0.82 -
28875at50557_197043_0:001126|STRG.12332.1:1120-1371|+  -             84 112400at50557        -            249     0.053   12.1   1.3   1   1   0.00015     0.058   12.0   1.3   170   231    21    84    15    84 0.82 -
28875at50557_197043_0:001126|STRG.12332.2:1178-1429|+  -             84 112400at50557        -            249     0.053   12.1   1.3   1   1   0.00015     0.058   12.0   1.3   170   231    21    84    15    84 0.82 -
45419at50557_51655_0:002e4f|STRG.1195.2:879-1100|+     -             74 112400at50557        -            249      0.17   10.5   2.5   1   2     0.015       5.7    5.5   0.3   188   213    23    48     6    52 0.79 -
45419at50557_51655_0:002e4f|STRG.1195.2:879-1100|+     -             74 112400at50557        -            249      0.17   10.5   2.5   2   2    0.0093       3.5    6.2   0.2   190   208    53    71    41    74 0.83 -
45419at50557_51655_0:002e4f|STRG.1195.4:434-655|+      -             74 112400at50557        -            249      0.17   10.5   2.5   1   2     0.015       5.7    5.5   0.3   188   213    23    48     6    52 0.79 -
45419at50557_51655_0:002e4f|STRG.1195.4:434-655|+      -             74 112400at50557        -            249      0.17   10.5   2.5   2   2    0.0093       3.5    6.2   0.2   190   208    53    71    41    74 0.83 -
#
# Program:         hmmsearch
# Version:         3.4 (Aug 2023)
# Pipeline mode:   SEARCH
# Query file:      /data/projet1/projet_tutore/busco_downloads/lineages/insecta_odb10/hmms/112400at50557.hmm
# Target file:     annotation_analysis/annotation_gcf/T_septentrionalis/busco_output/run_insecta_odb10/metaeuk_output/initial_results/assembled_transcripts.fasta.modified.fas
# Option settings: hmmsearch --domtblout annotation_analysis/annotation_gcf/T_septentrionalis/busco_output/run_insecta_odb10/hmmer_output/initial_run_results/112400at50557.out --cpu 1 /data/projet1/projet_tutore/busco_downloads/lineages/insecta_odb10/hmms/112400at50557.hmm annotation_analysis/annotation_gcf/T_septentrionalis/busco_output/run_insecta_odb10/metaeuk_output/initial_results/assembled_transcripts.fasta.modified.fas 
# Current dir:     /data/projet1/projet_tutore
# Date:            Sun Oct 13 10:05:39 2024
# [ok]
