#                                                                                                           --- full sequence --- -------------- this domain -------------   hmm coord   ali coord   env coord
# target name                                       accession   tlen query name           accession   qlen   E-value  score  bias   #  of  c-Evalue  i-Evalue  score  bias  from    to  from    to  from    to  acc description of target
#                               ------------------- ---------- ----- -------------------- ---------- ----- --------- ------ ----- --- --- --------- --------- ------ ----- ----- ----- ----- ----- ----- ----- ---- ---------------------
119905at50557_34720_0:001962|STRG.10574.1:57-767|+  -            237 119905at50557        -            175   4.3e-80  266.7   4.9   1   2   1.1e-09   9.2e-07   27.9   0.0     1    36     6    53     6    73 0.85 -
119905at50557_34720_0:001962|STRG.10574.1:57-767|+  -            237 119905at50557        -            175   4.3e-80  266.7   4.9   2   2   1.5e-74   1.2e-71  239.2   2.8    32   175    73   230    60   230 0.93 -
119905at50557_34720_0:001962|STRG.10574.2:155-775|+ -            207 119905at50557        -            175   4.4e-73  243.9   4.8   1   2     0.019        15    4.4   0.0    18    36     1    23     1    43 0.79 -
119905at50557_34720_0:001962|STRG.10574.2:155-775|+ -            207 119905at50557        -            175   4.4e-73  243.9   4.8   2   2   9.4e-75   7.7e-72  239.8   2.8    32   175    43   200    30   200 0.93 -
119905at50557_34720_0:001962|STRG.10574.3:23-643|+  -            207 119905at50557        -            175   4.4e-73  243.9   4.8   1   2     0.019        15    4.4   0.0    18    36     1    23     1    43 0.79 -
119905at50557_34720_0:001962|STRG.10574.3:23-643|+  -            207 119905at50557        -            175   4.4e-73  243.9   4.8   2   2   9.4e-75   7.7e-72  239.8   2.8    32   175    43   200    30   200 0.93 -
76747at50557_7160_0:0007ff|STRG.7936.1:130-681|+    -            184 119905at50557        -            175   1.6e-06   27.1   0.7   1   2       1.4   1.1e+03   -1.7   0.1    68    91    14    37     6    44 0.72 -
76747at50557_7160_0:0007ff|STRG.7936.1:130-681|+    -            184 119905at50557        -            175   1.6e-06   27.1   0.7   2   2   3.4e-09   2.8e-06   26.4   0.1    32   124    79   173    61   183 0.79 -
76747at50557_7160_0:0007ff|STRG.3396.1:189-740|+    -            184 119905at50557        -            175   4.5e-06   25.7   0.7   1   2       3.8   3.2e+03   -3.1   0.1     6    15    11    20     6    37 0.52 -
76747at50557_7160_0:0007ff|STRG.3396.1:189-740|+    -            184 119905at50557        -            175   4.5e-06   25.7   0.7   2   2   6.5e-09   5.3e-06   25.4   0.1    32   131    79   181    64   184 0.81 -
76747at50557_7160_0:0007ff|STRG.3396.2:201-752|+    -            184 119905at50557        -            175   4.5e-06   25.7   0.7   1   2       3.8   3.2e+03   -3.1   0.1     6    15    11    20     6    37 0.52 -
76747at50557_7160_0:0007ff|STRG.3396.2:201-752|+    -            184 119905at50557        -            175   4.5e-06   25.7   0.7   2   2   6.5e-09   5.3e-06   25.4   0.1    32   131    79   181    64   184 0.81 -
76747at50557_7160_0:0007ff|STRG.7935.3:141-722|+    -            184 119905at50557        -            175   0.00067   18.6   0.2   1   2      0.19   1.6e+02    1.1   0.1    68    92    14    38     6    45 0.87 -
76747at50557_7160_0:0007ff|STRG.7935.3:141-722|+    -            184 119905at50557        -            175   0.00067   18.6   0.2   2   2   7.7e-06    0.0064   15.4   0.0    31   123    78   172    64   182 0.83 -
76747at50557_7160_0:0007ff|STRG.7935.1:141-692|+    -            184 119905at50557        -            175   0.00076   18.4   0.1   1   2      0.19   1.6e+02    1.1   0.1    68    92    14    38     6    45 0.87 -
76747at50557_7160_0:0007ff|STRG.7935.1:141-692|+    -            184 119905at50557        -            175   0.00076   18.4   0.1   2   2   8.9e-06    0.0073   15.2   0.0    31   123    78   172    64   182 0.83 -
76747at50557_7160_0:0007ff|STRG.7935.2:141-692|+    -            184 119905at50557        -            175   0.00077   18.4   0.1   1   2      0.19   1.6e+02    1.1   0.1    68    92    14    38     6    45 0.87 -
76747at50557_7160_0:0007ff|STRG.7935.2:141-692|+    -            184 119905at50557        -            175   0.00077   18.4   0.1   2   2   8.9e-06    0.0073   15.2   0.0    31   123    78   172    64   182 0.83 -
76747at50557_7160_0:0007ff|STRG.7935.4:125-673|+    -            183 119905at50557        -            175    0.0021   17.0   0.1   1   2       1.4   1.1e+03   -1.7   0.1    68    91    14    37     6    44 0.72 -
76747at50557_7160_0:0007ff|STRG.7935.4:125-673|+    -            183 119905at50557        -            175    0.0021   17.0   0.1   2   2   6.2e-06    0.0051   15.7   0.0    32   123    79   171    61   181 0.85 -
76747at50557_7160_0:0007ff|STRG.7935.5:125-679|+    -            185 119905at50557        -            175    0.0022   16.9   0.2   1   2       1.5   1.2e+03   -1.8   0.1    68    91    14    37     6    43 0.71 -
76747at50557_7160_0:0007ff|STRG.7935.5:125-679|+    -            185 119905at50557        -            175    0.0022   16.9   0.2   2   2   6.1e-06     0.005   15.7   0.0    32   124    79   172    61   181 0.85 -
76747at50557_7160_0:0007ff|STRG.1780.1:161-712|+    -            184 119905at50557        -            175      0.02   13.8   0.2   1   2      0.32   2.6e+02    0.4   0.1    67    92    13    38     3    45 0.77 -
76747at50557_7160_0:0007ff|STRG.1780.1:161-712|+    -            184 119905at50557        -            175      0.02   13.8   0.2   2   2   0.00013      0.11   11.4   0.0    32   123    79   172    62   184 0.81 -
#
# Program:         hmmsearch
# Version:         3.4 (Aug 2023)
# Pipeline mode:   SEARCH
# Query file:      /data/projet1/projet_tutore/busco_downloads/lineages/insecta_odb10/hmms/119905at50557.hmm
# Target file:     annotation_analysis/annotation_gcf/T_septentrionalis/busco_output/run_insecta_odb10/metaeuk_output/initial_results/assembled_transcripts.fasta.modified.fas
# Option settings: hmmsearch --domtblout annotation_analysis/annotation_gcf/T_septentrionalis/busco_output/run_insecta_odb10/hmmer_output/initial_run_results/119905at50557.out --cpu 1 /data/projet1/projet_tutore/busco_downloads/lineages/insecta_odb10/hmms/119905at50557.hmm annotation_analysis/annotation_gcf/T_septentrionalis/busco_output/run_insecta_odb10/metaeuk_output/initial_results/assembled_transcripts.fasta.modified.fas 
# Current dir:     /data/projet1/projet_tutore
# Date:            Sun Oct 13 10:06:01 2024
# [ok]
