#                                                                                                              --- full sequence --- -------------- this domain -------------   hmm coord   ali coord   env coord
# target name                                          accession   tlen query name           accession   qlen   E-value  score  bias   #  of  c-Evalue  i-Evalue  score  bias  from    to  from    to  from    to  acc description of target
#                                  ------------------- ---------- ----- -------------------- ---------- ----- --------- ------ ----- --- --- --------- --------- ------ ----- ----- ----- ----- ----- ----- ----- ---- ---------------------
126015at50557_103372_0:0021a1|STRG.7579.1:814-1332|+   -            173 126015at50557        -            146   3.2e-70  233.7   0.5   1   1   4.8e-72   8.1e-70  232.4   0.5     1   144     4   173     4   173 0.90 -
126015at50557_103372_0:0021a1|STRG.7579.2:1245-1763|+  -            173 126015at50557        -            146   3.2e-70  233.7   0.5   1   1   4.8e-72   8.1e-70  232.4   0.5     1   144     4   173     4   173 0.90 -
150518at50557_7004_0:003f1b|STRG.16703.1:1265-1900|+   -            212 126015at50557        -            146   6.3e-10   38.1   0.0   1   1   4.9e-12   8.3e-10   37.7   0.0    43   129    94   183    69   199 0.81 -
150518at50557_7004_0:003f1b|STRG.16703.2:1265-1900|+   -            212 126015at50557        -            146   6.3e-10   38.1   0.0   1   1   4.9e-12   8.3e-10   37.7   0.0    43   129    94   183    69   199 0.81 -
150518at50557_7004_0:003f1b|STRG.16703.3:1265-1900|+   -            212 126015at50557        -            146   6.3e-10   38.1   0.0   1   1   4.9e-12   8.3e-10   37.7   0.0    43   129    94   183    69   199 0.81 -
150518at50557_7004_0:003f1b|STRG.16703.4:1265-1900|+   -            212 126015at50557        -            146   6.3e-10   38.1   0.0   1   1   4.9e-12   8.3e-10   37.7   0.0    43   129    94   183    69   199 0.81 -
150518at50557_7004_0:003f1b|STRG.16703.5:1122-1757|+   -            212 126015at50557        -            146   6.3e-10   38.1   0.0   1   1   4.9e-12   8.3e-10   37.7   0.0    43   129    94   183    69   199 0.81 -
21787at50557_52612_0:002557|STRG.11326.1:5585-6391|+   -            269 126015at50557        -            146   7.2e-06   25.0   0.0   1   1   7.8e-08   1.3e-05   24.1   0.0    71   111   203   243   192   266 0.83 -
21787at50557_52612_0:002557|STRG.11326.2:5591-6397|+   -            269 126015at50557        -            146   7.2e-06   25.0   0.0   1   1   7.8e-08   1.3e-05   24.1   0.0    71   111   203   243   192   266 0.83 -
21787at50557_52612_0:002557|STRG.11326.3:5288-6094|+   -            269 126015at50557        -            146   7.2e-06   25.0   0.0   1   1   7.8e-08   1.3e-05   24.1   0.0    71   111   203   243   192   266 0.83 -
21787at50557_52612_0:002557|STRG.11326.4:5312-6118|+   -            269 126015at50557        -            146   7.2e-06   25.0   0.0   1   1   7.8e-08   1.3e-05   24.1   0.0    71   111   203   243   192   266 0.83 -
21787at50557_52612_0:002557|STRG.11326.5:5321-6127|+   -            269 126015at50557        -            146   7.2e-06   25.0   0.0   1   1   7.8e-08   1.3e-05   24.1   0.0    71   111   203   243   192   266 0.83 -
21787at50557_52612_0:002557|STRG.11326.6:5609-6415|+   -            269 126015at50557        -            146   7.2e-06   25.0   0.0   1   1   7.8e-08   1.3e-05   24.1   0.0    71   111   203   243   192   266 0.83 -
21787at50557_52612_0:002557|STRG.11326.7:4522-5328|+   -            269 126015at50557        -            146   7.2e-06   25.0   0.0   1   1   7.8e-08   1.3e-05   24.1   0.0    71   111   203   243   192   266 0.83 -
15341at50557_113334_0:000c2f|STRG.9785.5:103-603|+     -            167 126015at50557        -            146    0.0001   21.2   0.0   1   2       5.3   9.1e+02   -1.3   0.0    16    54    41    79    31   102 0.55 -
15341at50557_113334_0:000c2f|STRG.9785.5:103-603|+     -            167 126015at50557        -            146    0.0001   21.2   0.0   2   2     2e-06   0.00035   19.5   0.0    70   112   117   160   114   164 0.89 -
126015at50557_136037_0:0009b5|STRG.4251.1:1561-1971|+  -            137 126015at50557        -            146   0.00015   20.7   0.1   1   1   1.3e-06   0.00022   20.1   0.1    57    95    62    99    12   104 0.76 -
126015at50557_136037_0:0009b5|STRG.4251.2:1463-1873|+  -            137 126015at50557        -            146   0.00015   20.7   0.1   1   1   1.3e-06   0.00022   20.1   0.1    57    95    62    99    12   104 0.76 -
126015at50557_136037_0:0009b5|STRG.4251.3:899-1309|+   -            137 126015at50557        -            146   0.00015   20.7   0.1   1   1   1.3e-06   0.00022   20.1   0.1    57    95    62    99    12   104 0.76 -
126015at50557_136037_0:0009b5|STRG.4251.4:1463-1873|+  -            137 126015at50557        -            146   0.00015   20.7   0.1   1   1   1.3e-06   0.00022   20.1   0.1    57    95    62    99    12   104 0.76 -
126015at50557_136037_0:0009b5|STRG.4251.5:899-1309|+   -            137 126015at50557        -            146   0.00015   20.7   0.1   1   1   1.3e-06   0.00022   20.1   0.1    57    95    62    99    12   104 0.76 -
126015at50557_136037_0:0009b5|STRG.4251.6:1463-1873|+  -            137 126015at50557        -            146   0.00015   20.7   0.1   1   1   1.3e-06   0.00022   20.1   0.1    57    95    62    99    12   104 0.76 -
111718at50557_520822_0:002278|STRG.9785.3:209-1767|+   -            395 126015at50557        -            146   0.00017   20.5   0.0   1   1   2.5e-06   0.00042   19.2   0.0    70   127   330   389   327   394 0.79 -
21787at50557_1507135_0:00034b|STRG.3689.1:298-1122|+   -            275 126015at50557        -            146    0.0014   17.6   0.2   1   1   1.7e-05    0.0028   16.5   0.2    67    94   205   232   140   238 0.78 -
21787at50557_1507135_0:00034b|STRG.3689.2:298-1122|+   -            275 126015at50557        -            146    0.0014   17.6   0.2   1   1   1.7e-05    0.0028   16.5   0.2    67    94   205   232   140   238 0.78 -
21787at50557_1507135_0:00034b|STRG.3689.3:298-1122|+   -            275 126015at50557        -            146    0.0014   17.6   0.2   1   1   1.7e-05    0.0028   16.5   0.2    67    94   205   232   140   238 0.78 -
21787at50557_1507135_0:00034b|STRG.3689.4:3291-4115|+  -            275 126015at50557        -            146    0.0014   17.6   0.2   1   1   1.7e-05    0.0028   16.5   0.2    67    94   205   232   140   238 0.78 -
21787at50557_1507135_0:00034b|STRG.3689.5:3261-4085|+  -            275 126015at50557        -            146    0.0014   17.6   0.2   1   1   1.7e-05    0.0028   16.5   0.2    67    94   205   232   140   238 0.78 -
21787at50557_1507135_0:00034b|STRG.3689.6:3261-4085|+  -            275 126015at50557        -            146    0.0014   17.6   0.2   1   1   1.7e-05    0.0028   16.5   0.2    67    94   205   232   140   238 0.78 -
21787at50557_1507135_0:00034b|STRG.3689.7:3261-4085|+  -            275 126015at50557        -            146    0.0014   17.6   0.2   1   1   1.7e-05    0.0028   16.5   0.2    67    94   205   232   140   238 0.78 -
21787at50557_123851_0:0009c4|STRG.11771.1:2453-3238|+  -            262 126015at50557        -            146    0.0014   17.5   0.2   1   1   1.9e-05    0.0032   16.4   0.2    76   124   189   244   180   252 0.80 -
21787at50557_123851_0:0009c4|STRG.11771.2:2447-3232|+  -            262 126015at50557        -            146    0.0014   17.5   0.2   1   1   1.9e-05    0.0032   16.4   0.2    76   124   189   244   180   252 0.80 -
21787at50557_123851_0:0009c4|STRG.11771.3:2451-3236|+  -            262 126015at50557        -            146    0.0014   17.5   0.2   1   1   1.9e-05    0.0032   16.4   0.2    76   124   189   244   180   252 0.80 -
21787at50557_123851_0:0009c4|STRG.11771.4:2341-3126|+  -            262 126015at50557        -            146    0.0014   17.5   0.2   1   1   1.9e-05    0.0032   16.4   0.2    76   124   189   244   180   252 0.80 -
21787at50557_123851_0:0009c4|STRG.11771.5:1974-2759|+  -            262 126015at50557        -            146    0.0014   17.5   0.2   1   1   1.9e-05    0.0032   16.4   0.2    76   124   189   244   180   252 0.80 -
21787at50557_123851_0:0009c4|STRG.11771.6:1950-2735|+  -            262 126015at50557        -            146    0.0014   17.5   0.2   1   1   1.9e-05    0.0032   16.4   0.2    76   124   189   244   180   252 0.80 -
21787at50557_1507135_0:00034b|STRG.10625.1:4167-5081|+ -            305 126015at50557        -            146     0.018   13.9   0.0   1   1   0.00021     0.035   13.0   0.0    75   121   248   301   225   305 0.76 -
21787at50557_123851_0:0009c4|STRG.4801.1:3333-4163|+   -            277 126015at50557        -            146     0.021   13.7   0.0   1   1   0.00024     0.041   12.8   0.0    74    93   214   233   193   268 0.85 -
21787at50557_123851_0:0009c4|STRG.4801.2:3333-4163|+   -            277 126015at50557        -            146     0.021   13.7   0.0   1   1   0.00024     0.041   12.8   0.0    74    93   214   233   193   268 0.85 -
21787at50557_123851_0:0009c4|STRG.4801.3:1616-2446|+   -            277 126015at50557        -            146     0.021   13.7   0.0   1   1   0.00024     0.041   12.8   0.0    74    93   214   233   193   268 0.85 -
21787at50557_123851_0:0009c4|STRG.4801.4:3197-4027|+   -            277 126015at50557        -            146     0.021   13.7   0.0   1   1   0.00024     0.041   12.8   0.0    74    93   214   233   193   268 0.85 -
21787at50557_307491_0:004719|STRG.1964.1:1109-1768|+   -            220 126015at50557        -            146     0.032   13.1   0.5   1   1   0.00041     0.069   12.0   0.5    62    93   151   182   137   187 0.80 -
21787at50557_307491_0:004719|STRG.1964.2:1228-1887|+   -            220 126015at50557        -            146     0.032   13.1   0.5   1   1   0.00041     0.069   12.0   0.5    62    93   151   182   137   187 0.80 -
21787at50557_56086_0:000f6d|STRG.633.1:311-1042|+      -            244 126015at50557        -            146     0.035   13.0   0.0   1   1   0.00053     0.091   11.7   0.0    70   123   176   237   163   241 0.74 -
21787at50557_56086_0:000f6d|STRG.633.2:264-995|+       -            244 126015at50557        -            146     0.035   13.0   0.0   1   1   0.00053     0.091   11.7   0.0    70   123   176   237   163   241 0.74 -
21787at50557_56086_0:000f6d|STRG.633.4:971-1702|+      -            244 126015at50557        -            146     0.035   13.0   0.0   1   1   0.00053     0.091   11.7   0.0    70   123   176   237   163   241 0.74 -
21787at50557_123851_0:0009c4|STRG.3538.1:3834-4565|+   -            244 126015at50557        -            146     0.065   12.1   0.0   1   1   0.00058     0.098   11.5   0.0    62    95   165   199   156   232 0.75 -
21787at50557_123851_0:0009c4|STRG.3538.2:3831-4562|+   -            244 126015at50557        -            146     0.065   12.1   0.0   1   1   0.00058     0.098   11.5   0.0    62    95   165   199   156   232 0.75 -
21787at50557_123851_0:0009c4|STRG.3538.3:3834-4565|+   -            244 126015at50557        -            146     0.065   12.1   0.0   1   1   0.00058     0.098   11.5   0.0    62    95   165   199   156   232 0.75 -
21787at50557_123851_0:0009c4|STRG.3538.4:4407-5138|+   -            244 126015at50557        -            146     0.065   12.1   0.0   1   1   0.00058     0.098   11.5   0.0    62    95   165   199   156   232 0.75 -
21787at50557_123851_0:0009c4|STRG.3538.5:3834-4565|+   -            244 126015at50557        -            146     0.065   12.1   0.0   1   1   0.00058     0.098   11.5   0.0    62    95   165   199   156   232 0.75 -
21787at50557_123851_0:0009c4|STRG.3538.6:3333-4064|+   -            244 126015at50557        -            146     0.065   12.1   0.0   1   1   0.00058     0.098   11.5   0.0    62    95   165   199   156   232 0.75 -
21787at50557_123851_0:0009c4|STRG.3538.7:448-1179|+    -            244 126015at50557        -            146     0.065   12.1   0.0   1   1   0.00058     0.098   11.5   0.0    62    95   165   199   156   232 0.75 -
17115at50557_7493_0:000f73|STRG.16212.1:955-2382|+     -            476 126015at50557        -            146     0.072   12.0   0.0   1   2       3.9   6.7e+02   -0.9   0.0    80    94   290   304   275   309 0.83 -
17115at50557_7493_0:000f73|STRG.16212.1:955-2382|+     -            476 126015at50557        -            146     0.072   12.0   0.0   2   2    0.0023       0.4    9.6   0.0    72    98   308   334   298   342 0.84 -
17115at50557_7493_0:000f73|STRG.16212.2:719-2146|+     -            476 126015at50557        -            146     0.072   12.0   0.0   1   2       3.9   6.7e+02   -0.9   0.0    80    94   290   304   275   309 0.83 -
17115at50557_7493_0:000f73|STRG.16212.2:719-2146|+     -            476 126015at50557        -            146     0.072   12.0   0.0   2   2    0.0023       0.4    9.6   0.0    72    98   308   334   298   342 0.84 -
17115at50557_7493_0:000f73|STRG.16212.3:1047-2474|+    -            476 126015at50557        -            146     0.072   12.0   0.0   1   2       3.9   6.7e+02   -0.9   0.0    80    94   290   304   275   309 0.83 -
17115at50557_7493_0:000f73|STRG.16212.3:1047-2474|+    -            476 126015at50557        -            146     0.072   12.0   0.0   2   2    0.0023       0.4    9.6   0.0    72    98   308   334   298   342 0.84 -
17115at50557_7493_0:000f73|STRG.16212.4:455-1882|+     -            476 126015at50557        -            146     0.072   12.0   0.0   1   2       3.9   6.7e+02   -0.9   0.0    80    94   290   304   275   309 0.83 -
17115at50557_7493_0:000f73|STRG.16212.4:455-1882|+     -            476 126015at50557        -            146     0.072   12.0   0.0   2   2    0.0023       0.4    9.6   0.0    72    98   308   334   298   342 0.84 -
17115at50557_7493_0:000f73|STRG.16212.5:1179-2606|+    -            476 126015at50557        -            146     0.072   12.0   0.0   1   2       3.9   6.7e+02   -0.9   0.0    80    94   290   304   275   309 0.83 -
17115at50557_7493_0:000f73|STRG.16212.5:1179-2606|+    -            476 126015at50557        -            146     0.072   12.0   0.0   2   2    0.0023       0.4    9.6   0.0    72    98   308   334   298   342 0.84 -
17115at50557_7493_0:000f73|STRG.16212.6:970-2397|+     -            476 126015at50557        -            146     0.072   12.0   0.0   1   2       3.9   6.7e+02   -0.9   0.0    80    94   290   304   275   309 0.83 -
17115at50557_7493_0:000f73|STRG.16212.6:970-2397|+     -            476 126015at50557        -            146     0.072   12.0   0.0   2   2    0.0023       0.4    9.6   0.0    72    98   308   334   298   342 0.84 -
#
# Program:         hmmsearch
# Version:         3.4 (Aug 2023)
# Pipeline mode:   SEARCH
# Query file:      /data/projet1/projet_tutore/busco_downloads/lineages/insecta_odb10/hmms/126015at50557.hmm
# Target file:     annotation_analysis/annotation_gcf/T_septentrionalis/busco_output/run_insecta_odb10/metaeuk_output/initial_results/assembled_transcripts.fasta.modified.fas
# Option settings: hmmsearch --domtblout annotation_analysis/annotation_gcf/T_septentrionalis/busco_output/run_insecta_odb10/hmmer_output/initial_run_results/126015at50557.out --cpu 1 /data/projet1/projet_tutore/busco_downloads/lineages/insecta_odb10/hmms/126015at50557.hmm annotation_analysis/annotation_gcf/T_septentrionalis/busco_output/run_insecta_odb10/metaeuk_output/initial_results/assembled_transcripts.fasta.modified.fas 
# Current dir:     /data/projet1/projet_tutore
# Date:            Sun Oct 13 10:06:16 2024
# [ok]
