#                                                                                                              --- full sequence --- -------------- this domain -------------   hmm coord   ali coord   env coord
# target name                                          accession   tlen query name           accession   qlen   E-value  score  bias   #  of  c-Evalue  i-Evalue  score  bias  from    to  from    to  from    to  acc description of target
#                                  ------------------- ---------- ----- -------------------- ---------- ----- --------- ------ ----- --- --- --------- --------- ------ ----- ----- ----- ----- ----- ----- ----- ---- ---------------------
127306at50557_64793_0:0016b5|STRG.3509.2:237-800|+     -            188 127306at50557        -            141   2.3e-70  234.1   8.8   1   2   2.9e-68   5.5e-66  219.9   2.9     1   121    15   137    15   148 0.92 -
127306at50557_64793_0:0016b5|STRG.3509.2:237-800|+     -            188 127306at50557        -            141   2.3e-70  234.1   8.8   2   2   4.3e-05    0.0083   15.2   0.4   113   141   148   188   140   188 0.72 -
127306at50557_64793_0:0016b5|STRG.3509.3:474-1037|+    -            188 127306at50557        -            141   2.3e-70  234.1   8.8   1   2   2.9e-68   5.5e-66  219.9   2.9     1   121    15   137    15   148 0.92 -
127306at50557_64793_0:0016b5|STRG.3509.3:474-1037|+    -            188 127306at50557        -            141   2.3e-70  234.1   8.8   2   2   4.3e-05    0.0083   15.2   0.4   113   141   148   188   140   188 0.72 -
127306at50557_34720_0:0007b0|STRG.3509.1:285-866|+     -            194 127306at50557        -            141     8e-67  222.6   9.4   1   2   3.5e-68   6.6e-66  219.7   3.0     1   121     2   124     2   135 0.92 -
127306at50557_34720_0:0007b0|STRG.3509.1:285-866|+     -            194 127306at50557        -            141     8e-67  222.6   9.4   2   2     0.016         3    6.9   0.3   113   125   135   147   126   175 0.86 -
127306at50557_34720_0:0007b0|STRG.3509.4:190-771|+     -            194 127306at50557        -            141     8e-67  222.6   9.4   1   2   3.5e-68   6.6e-66  219.7   3.0     1   121     2   124     2   135 0.92 -
127306at50557_34720_0:0007b0|STRG.3509.4:190-771|+     -            194 127306at50557        -            141     8e-67  222.6   9.4   2   2     0.016         3    6.9   0.3   113   125   135   147   126   175 0.86 -
127306at50557_34720_0:0007b0|STRG.3509.5:245-826|+     -            194 127306at50557        -            141     8e-67  222.6   9.4   1   2   3.5e-68   6.6e-66  219.7   3.0     1   121     2   124     2   135 0.92 -
127306at50557_34720_0:0007b0|STRG.3509.5:245-826|+     -            194 127306at50557        -            141     8e-67  222.6   9.4   2   2     0.016         3    6.9   0.3   113   125   135   147   126   175 0.86 -
73951at50557_34720_0:00262d|STRG.15596.1:5-1549|+      -            478 127306at50557        -            141     9e-17   60.4   1.9   1   1   8.4e-19   1.6e-16   59.6   1.9    12   106    82   176    74   181 0.92 -
73951at50557_34720_0:00262d|STRG.15596.2:5-1588|+      -            528 127306at50557        -            141     1e-16   60.2   1.9   1   1   9.9e-19   1.9e-16   59.4   1.9    12   106    82   176    74   181 0.92 -
74932at50557_103372_0:0007c3|STRG.13118.1:0-1115|+     -            372 127306at50557        -            141   1.5e-16   59.7   0.1   1   1   1.5e-18   2.8e-16   58.8   0.1    13    78    38   103    30   111 0.95 -
109756at50557_103372_0:00251e|STRG.2664.3:171-794|+    -            208 127306at50557        -            141   4.6e-16   58.1   0.1   1   1   3.5e-18   6.7e-16   57.6   0.1    10    85     8    83     2    91 0.93 -
109756at50557_103372_0:00251e|STRG.2664.4:171-848|+    -            226 127306at50557        -            141   5.5e-16   57.9   0.1   1   1   4.2e-18     8e-16   57.3   0.1    10    85     8    83     2    90 0.93 -
109756at50557_103372_0:00251e|STRG.2664.2:176-865|+    -            230 127306at50557        -            141   5.5e-16   57.9   0.1   1   1   4.4e-18   8.3e-16   57.3   0.1    10    85     8    83     2    90 0.93 -
109756at50557_103372_0:00251e|STRG.2664.1:176-919|+    -            248 127306at50557        -            141   6.6e-16   57.6   0.1   1   1   5.1e-18   9.7e-16   57.1   0.1    10    85     8    83     2    90 0.93 -
74932at50557_64838_0:002280|STRG.3125.1:192-1193|+     -            334 127306at50557        -            141   6.9e-16   57.5   0.2   1   1   5.9e-18   1.1e-15   56.9   0.2    13    83     4    73     1    78 0.94 -
109756at50557_52612_0:003ea0|STRG.6839.1:397-618|+     -             74 127306at50557        -            141   2.6e-15   55.7   0.1   1   1   1.4e-17   2.7e-15   55.6   0.1    12    78     3    69     1    74 0.95 -
109756at50557_1629725_0:000447|STRG.5639.1:290-502|+   -             71 127306at50557        -            141   1.4e-14   53.3   1.0   1   1   8.1e-17   1.5e-14   53.2   1.0    16    85     1    71     1    71 0.94 -
41065at50557_133901_0:001440|STRG.9215.1:368-1702|+    -            445 127306at50557        -            141   5.3e-14   51.4   1.9   1   1   2.8e-16   5.3e-14   51.4   1.9     8    77   337   411   331   415 0.88 -
108140at50557_29031_0:00184e|STRG.5639.2:287-703|+     -            139 127306at50557        -            141   1.2e-12   47.1   1.5   1   2   6.2e-15   1.2e-12   47.1   1.5    15    77     1    64     1    71 0.94 -
108140at50557_29031_0:00184e|STRG.5639.2:287-703|+     -            139 127306at50557        -            141   1.2e-12   47.1   1.5   2   2       3.9   7.3e+02   -0.9   0.0    70    85    94   109    91   114 0.86 -
60993at50557_103372_0:00057c|STRG.9051.2:81-1757|+     -            559 127306at50557        -            141   3.1e-12   45.7   2.0   1   2   4.5e-14   8.5e-12   44.3   0.0     8    78     8    81     2    95 0.89 -
60993at50557_103372_0:00057c|STRG.9051.2:81-1757|+     -            559 127306at50557        -            141   3.1e-12   45.7   2.0   2   2         2   3.9e+02    0.0   0.5   106   128   422   444   410   453 0.72 -
60993at50557_103372_0:00057c|STRG.9051.1:81-1763|+     -            561 127306at50557        -            141   3.2e-12   45.7   2.0   1   2   4.5e-14   8.6e-12   44.3   0.0     8    78     8    81     2    95 0.89 -
60993at50557_103372_0:00057c|STRG.9051.1:81-1763|+     -            561 127306at50557        -            141   3.2e-12   45.7   2.0   2   2         2   3.9e+02    0.0   0.5   106   128   424   446   412   455 0.72 -
108140at50557_34720_0:001e92|STRG.12555.10:131-2056|+  -            642 127306at50557        -            141   4.2e-12   45.3   0.4   1   1   2.2e-14   4.2e-12   45.3   0.4    15    81     4    71     1    83 0.90 -
108140at50557_34720_0:001e92|STRG.12555.11:740-2665|+  -            642 127306at50557        -            141   4.2e-12   45.3   0.4   1   1   2.2e-14   4.2e-12   45.3   0.4    15    81     4    71     1    83 0.90 -
108140at50557_34720_0:001e92|STRG.12555.5:172-2097|+   -            642 127306at50557        -            141   4.2e-12   45.3   0.4   1   1   2.2e-14   4.2e-12   45.3   0.4    15    81     4    71     1    83 0.90 -
108140at50557_34720_0:001e92|STRG.12555.6:176-2101|+   -            642 127306at50557        -            141   4.2e-12   45.3   0.4   1   1   2.2e-14   4.2e-12   45.3   0.4    15    81     4    71     1    83 0.90 -
108140at50557_34720_0:001e92|STRG.12555.7:551-2476|+   -            642 127306at50557        -            141   4.2e-12   45.3   0.4   1   1   2.2e-14   4.2e-12   45.3   0.4    15    81     4    71     1    83 0.90 -
108140at50557_34720_0:001e92|STRG.12555.8:654-2579|+   -            642 127306at50557        -            141   4.2e-12   45.3   0.4   1   1   2.2e-14   4.2e-12   45.3   0.4    15    81     4    71     1    83 0.90 -
108140at50557_34720_0:001e92|STRG.12555.9:465-2390|+   -            642 127306at50557        -            141   4.2e-12   45.3   0.4   1   1   2.2e-14   4.2e-12   45.3   0.4    15    81     4    71     1    83 0.90 -
88846at50557_34720_0:00286f|STRG.16339.1:243-1559|+    -            439 127306at50557        -            141   4.6e-12   45.2   1.3   1   2   7.5e-14   1.4e-11   43.6   0.0     9    78    40   108    33   119 0.91 -
88846at50557_34720_0:00286f|STRG.16339.1:243-1559|+    -            439 127306at50557        -            141   4.6e-12   45.2   1.3   2   2       4.6   8.7e+02   -1.1   0.4    71    79   399   407   334   433 0.57 -
74932at50557_286706_0:00199c|STRG.10967.1:350-1363|+   -            338 127306at50557        -            141   4.7e-12   45.1   0.4   1   2   7.9e-14   1.5e-11   43.5   0.4    11    77     6    69     2    76 0.91 -
74932at50557_286706_0:00199c|STRG.10967.1:350-1363|+   -            338 127306at50557        -            141   4.7e-12   45.1   0.4   2   2       7.8   1.5e+03   -1.9   0.0    80   103   163   187   133   211 0.75 -
74932at50557_286706_0:00199c|STRG.10967.2:348-1361|+   -            338 127306at50557        -            141   4.7e-12   45.1   0.4   1   2   7.9e-14   1.5e-11   43.5   0.4    11    77     6    69     2    76 0.91 -
74932at50557_286706_0:00199c|STRG.10967.2:348-1361|+   -            338 127306at50557        -            141   4.7e-12   45.1   0.4   2   2       7.8   1.5e+03   -1.9   0.0    80   103   163   187   133   211 0.75 -
100045at50557_34720_0:001e41|STRG.12561.2:34-999|+     -            322 127306at50557        -            141   7.4e-12   44.5   0.1   1   2   1.5e-13   2.8e-11   42.6   0.0    12    77     6    71     3    95 0.95 -
100045at50557_34720_0:001e41|STRG.12561.2:34-999|+     -            322 127306at50557        -            141   7.4e-12   44.5   0.1   2   2       6.6   1.3e+03   -1.6   0.0    18    37   109   128    92   157 0.70 -
100045at50557_34720_0:001e41|STRG.12561.1:34-996|+     -            321 127306at50557        -            141   7.4e-12   44.5   0.1   1   2   1.7e-13   3.2e-11   42.4   0.0    12    77     6    71     3    78 0.96 -
100045at50557_34720_0:001e41|STRG.12561.1:34-996|+     -            321 127306at50557        -            141   7.4e-12   44.5   0.1   2   2       6.3   1.2e+03   -1.6   0.0    18    37   109   128    92   158 0.69 -
100045at50557_7395_0:004563|STRG.10205.1:105-386|+     -             94 127306at50557        -            141   2.2e-11   43.0   1.1   1   1   1.4e-13   2.6e-11   42.7   1.1    14    77     3    64     1    70 0.93 -
41065at50557_7536_0:00279b|STRG.8749.1:170-466|+       -             99 127306at50557        -            141   1.1e-10   40.7   0.1   1   1     7e-13   1.3e-10   40.4   0.1    15    77     2    63     1    72 0.93 -
41065at50557_7536_0:00279b|STRG.8749.2:170-466|+       -             99 127306at50557        -            141   1.1e-10   40.7   0.1   1   1     7e-13   1.3e-10   40.4   0.1    15    77     2    63     1    72 0.93 -
41065at50557_103372_0:000e4c|STRG.1633.1:120-1562|+    -            481 127306at50557        -            141   1.9e-10   39.9   2.7   1   1   3.4e-12   6.5e-10   38.2   2.7    10    77   374   444   335   448 0.91 -
125026at50557_454923_0:000298|STRG.12055.1:2085-2474|+ -            130 127306at50557        -            141   4.6e-10   38.7   0.0   1   1   3.3e-12   6.3e-10   38.2   0.0    13    81    43   110    34   121 0.92 -
125026at50557_454923_0:000298|STRG.12055.2:2085-2474|+ -            130 127306at50557        -            141   4.6e-10   38.7   0.0   1   1   3.3e-12   6.3e-10   38.2   0.0    13    81    43   110    34   121 0.92 -
125026at50557_454923_0:000298|STRG.12055.3:1929-2318|+ -            130 127306at50557        -            141   4.6e-10   38.7   0.0   1   1   3.3e-12   6.3e-10   38.2   0.0    13    81    43   110    34   121 0.92 -
125026at50557_454923_0:000298|STRG.12055.4:2017-2406|+ -            130 127306at50557        -            141   4.6e-10   38.7   0.0   1   1   3.3e-12   6.3e-10   38.2   0.0    13    81    43   110    34   121 0.92 -
126448at50557_568069_0:001ed1|STRG.7522.1:129-866|+    -            246 127306at50557        -            141   2.9e-09   36.1   0.7   1   1   3.6e-11   6.9e-09   34.9   0.7    13    77    15    81     6   101 0.88 -
25981at50557_456900_0:000c28|STRG.15579.1:564-2843|+   -            760 127306at50557        -            141     2e-08   33.3   0.0   1   1   3.1e-10   5.9e-08   31.9   0.0     6    80    97   168    93   192 0.87 -
25981at50557_456900_0:000c28|STRG.15579.2:568-2847|+   -            760 127306at50557        -            141     2e-08   33.3   0.0   1   1   3.1e-10   5.9e-08   31.9   0.0     6    80    97   168    93   192 0.87 -
25981at50557_456900_0:000c28|STRG.15579.3:1037-3316|+  -            760 127306at50557        -            141     2e-08   33.3   0.0   1   1   3.1e-10   5.9e-08   31.9   0.0     6    80    97   168    93   192 0.87 -
25981at50557_456900_0:000c28|STRG.15579.4:1037-3316|+  -            760 127306at50557        -            141     2e-08   33.3   0.0   1   1   3.1e-10   5.9e-08   31.9   0.0     6    80    97   168    93   192 0.87 -
74932at50557_64838_0:002280|STRG.5490.2:75-617|+       -            181 127306at50557        -            141     4e-07   29.1   0.0   1   1   3.2e-09   6.1e-07   28.6   0.0    14    84    18    87    11    96 0.91 -
74932at50557_7370_0:002c32|STRG.5490.1:138-1079|+      -            314 127306at50557        -            141   1.6e-06   27.2   0.0   1   1   1.4e-08   2.7e-06   26.5   0.0    14    84     3    72     2    79 0.91 -
125026at50557_411798_0:00322d|STRG.8635.1:1-777|+      -            259 127306at50557        -            141   2.2e-06   26.8   0.5   1   2   1.1e-08   2.2e-06   26.8   0.5    16    74    59   118    52   127 0.91 -
125026at50557_411798_0:00322d|STRG.8635.1:1-777|+      -            259 127306at50557        -            141   2.2e-06   26.8   0.5   2   2       7.7   1.5e+03   -1.8   0.3    68    68   218   218   156   250 0.59 -
96874at50557_34720_0:002015|STRG.13045.1:345-1460|+    -            372 127306at50557        -            141   1.2e-05   24.3   0.2   1   1     1e-07     2e-05   23.7   0.2    14    74   300   364   289   371 0.84 -
96874at50557_34720_0:002015|STRG.13045.2:228-1343|+    -            372 127306at50557        -            141   1.2e-05   24.3   0.2   1   1     1e-07     2e-05   23.7   0.2    14    74   300   364   289   371 0.84 -
74932at50557_104421_0:00028f|STRG.5490.3:223-936|+     -            238 127306at50557        -            141   0.00034   19.6   0.0   1   1     3e-06   0.00058   18.9   0.0    34    84     1    50     1    58 0.88 -
109756at50557_378494_0:003794|STRG.5818.1:3485-3676|+  -             64 127306at50557        -            141     0.014   14.5   0.1   1   1   8.4e-05     0.016   14.2   0.1    24    69     9    57     2    63 0.73 -
109756at50557_378494_0:003794|STRG.5818.2:3499-3690|+  -             64 127306at50557        -            141     0.014   14.5   0.1   1   1   8.4e-05     0.016   14.2   0.1    24    69     9    57     2    63 0.73 -
#
# Program:         hmmsearch
# Version:         3.4 (Aug 2023)
# Pipeline mode:   SEARCH
# Query file:      /data/projet1/projet_tutore/busco_downloads/lineages/insecta_odb10/hmms/127306at50557.hmm
# Target file:     annotation_analysis/annotation_gcf/T_septentrionalis/busco_output/run_insecta_odb10/metaeuk_output/initial_results/assembled_transcripts.fasta.modified.fas
# Option settings: hmmsearch --domtblout annotation_analysis/annotation_gcf/T_septentrionalis/busco_output/run_insecta_odb10/hmmer_output/initial_run_results/127306at50557.out --cpu 1 /data/projet1/projet_tutore/busco_downloads/lineages/insecta_odb10/hmms/127306at50557.hmm annotation_analysis/annotation_gcf/T_septentrionalis/busco_output/run_insecta_odb10/metaeuk_output/initial_results/assembled_transcripts.fasta.modified.fas 
# Current dir:     /data/projet1/projet_tutore
# Date:            Sun Oct 13 10:06:18 2024
# [ok]
