#                                                                                                           --- full sequence --- -------------- this domain -------------   hmm coord   ali coord   env coord
# target name                                       accession   tlen query name           accession   qlen   E-value  score  bias   #  of  c-Evalue  i-Evalue  score  bias  from    to  from    to  from    to  acc description of target
#                               ------------------- ---------- ----- -------------------- ---------- ----- --------- ------ ----- --- --- --------- --------- ------ ----- ----- ----- ----- ----- ----- ----- ---- ---------------------
127619at50557_34720_0:000a28|STRG.4346.5:67-602|+   -            173 127619at50557        -            149   4.8e-62  207.2   0.1   1   1   8.1e-65   8.9e-62  206.4   0.1     1   148     1   170     1   171 0.90 -
127619at50557_34720_0:000a28|STRG.4346.1:395-976|+  -            194 127619at50557        -            149     1e-61  206.2   1.9   1   2    0.0012       1.3    7.8   0.1     1    30     1    36     1    48 0.82 -
127619at50557_34720_0:000a28|STRG.4346.1:395-976|+  -            194 127619at50557        -            149     1e-61  206.2   1.9   2   2   2.7e-62     3e-59  198.1   0.2    16   148    48   191    40   192 0.91 -
127619at50557_34720_0:000a28|STRG.4346.4:67-648|+   -            194 127619at50557        -            149     1e-61  206.2   1.9   1   2    0.0012       1.3    7.8   0.1     1    30     1    36     1    48 0.82 -
127619at50557_34720_0:000a28|STRG.4346.4:67-648|+   -            194 127619at50557        -            149     1e-61  206.2   1.9   2   2   2.7e-62     3e-59  198.1   0.2    16   148    48   191    40   192 0.91 -
127619at50557_34720_0:000a28|STRG.4346.2:442-1026|+ -            195 127619at50557        -            149   1.1e-61  206.1   1.9   1   2    0.0012       1.3    7.8   0.1     1    30     2    37     2    49 0.82 -
127619at50557_34720_0:000a28|STRG.4346.2:442-1026|+ -            195 127619at50557        -            149   1.1e-61  206.1   1.9   2   2   2.8e-62   3.1e-59  198.1   0.2    16   148    49   192    41   193 0.91 -
127619at50557_34720_0:000a28|STRG.4346.3:292-876|+  -            195 127619at50557        -            149   1.1e-61  206.1   1.9   1   2    0.0012       1.3    7.8   0.1     1    30     2    37     2    49 0.82 -
127619at50557_34720_0:000a28|STRG.4346.3:292-876|+  -            195 127619at50557        -            149   1.1e-61  206.1   1.9   2   2   2.8e-62   3.1e-59  198.1   0.2    16   148    49   192    41   193 0.91 -
127619at50557_34720_0:000a28|STRG.4346.7:32-910|+   -            228 127619at50557        -            149   1.3e-61  205.8   0.1   1   1   2.2e-64   2.4e-61  205.0   0.1     1   148    56   225    56   226 0.90 -
127619at50557_34720_0:000a28|STRG.4346.8:0-678|+    -            220 127619at50557        -            149   1.8e-61  205.4   1.9   1   2    0.0014       1.5    7.6   0.2     1    30    27    62    27    78 0.82 -
127619at50557_34720_0:000a28|STRG.4346.8:0-678|+    -            220 127619at50557        -            149   1.8e-61  205.4   1.9   2   2   3.9e-62   4.3e-59  197.6   0.2    16   148    74   217    65   218 0.91 -
127619at50557_34720_0:000a28|STRG.4346.9:0-837|+    -            220 127619at50557        -            149   1.8e-61  205.4   1.9   1   2    0.0014       1.5    7.6   0.2     1    30    27    62    27    78 0.82 -
127619at50557_34720_0:000a28|STRG.4346.9:0-837|+    -            220 127619at50557        -            149   1.8e-61  205.4   1.9   2   2   3.9e-62   4.3e-59  197.6   0.2    16   148    74   217    65   218 0.91 -
127619at50557_34720_0:000a28|STRG.4346.6:32-778|+   -            249 127619at50557        -            149   2.5e-61  204.9   1.6   1   2    0.0019       2.1    7.2   0.1     1    30    56    91    56   101 0.82 -
127619at50557_34720_0:000a28|STRG.4346.6:32-778|+   -            249 127619at50557        -            149   2.5e-61  204.9   1.6   2   2   5.3e-62   5.8e-59  197.2   0.1    16   148   103   246    93   247 0.91 -
#
# Program:         hmmsearch
# Version:         3.4 (Aug 2023)
# Pipeline mode:   SEARCH
# Query file:      /data/projet1/projet_tutore/busco_downloads/lineages/insecta_odb10/hmms/127619at50557.hmm
# Target file:     annotation_analysis/annotation_gcf/T_septentrionalis/busco_output/run_insecta_odb10/metaeuk_output/initial_results/assembled_transcripts.fasta.modified.fas
# Option settings: hmmsearch --domtblout annotation_analysis/annotation_gcf/T_septentrionalis/busco_output/run_insecta_odb10/hmmer_output/initial_run_results/127619at50557.out --cpu 1 /data/projet1/projet_tutore/busco_downloads/lineages/insecta_odb10/hmms/127619at50557.hmm annotation_analysis/annotation_gcf/T_septentrionalis/busco_output/run_insecta_odb10/metaeuk_output/initial_results/assembled_transcripts.fasta.modified.fas 
# Current dir:     /data/projet1/projet_tutore
# Date:            Sun Oct 13 10:06:20 2024
# [ok]
