#                                                                                                             --- full sequence --- -------------- this domain -------------   hmm coord   ali coord   env coord
# target name                                         accession   tlen query name           accession   qlen   E-value  score  bias   #  of  c-Evalue  i-Evalue  score  bias  from    to  from    to  from    to  acc description of target
#                                 ------------------- ---------- ----- -------------------- ---------- ----- --------- ------ ----- --- --- --------- --------- ------ ----- ----- ----- ----- ----- ----- ----- ---- ---------------------
131386at50557_34720_0:001dd9|STRG.12426.1:314-1489|+  -            392 131386at50557        -            125   1.1e-54  183.0   9.4   1   3   3.7e-26   2.8e-23   81.5   2.2     1    64     4    68     4    83 0.89 -
131386at50557_34720_0:001dd9|STRG.12426.1:314-1489|+  -            392 131386at50557        -            125   1.1e-54  183.0   9.4   2   3   1.1e-08   8.2e-06   25.0   0.0    57    84   156   182   148   193 0.90 -
131386at50557_34720_0:001dd9|STRG.12426.1:314-1489|+  -            392 131386at50557        -            125   1.1e-54  183.0   9.4   3   3   1.6e-25   1.2e-22   79.4   0.2    83   125   345   387   320   387 0.90 -
131386at50557_34720_0:001dd9|STRG.12426.2:309-1604|+  -            432 131386at50557        -            125   2.4e-54  181.9  12.6   1   3   4.3e-26   3.2e-23   81.3   2.2     1    64     4    68     4    83 0.89 -
131386at50557_34720_0:001dd9|STRG.12426.2:309-1604|+  -            432 131386at50557        -            125   2.4e-54  181.9  12.6   2   3   1.2e-08   9.3e-06   24.9   0.0    57    84   156   182   148   193 0.90 -
131386at50557_34720_0:001dd9|STRG.12426.2:309-1604|+  -            432 131386at50557        -            125   2.4e-54  181.9  12.6   3   3   5.7e-26   4.3e-23   80.9   1.4    48   125   352   427   320   427 0.63 -
131386at50557_34720_0:001dd9|STRG.12426.3:1760-3055|+ -            432 131386at50557        -            125   2.4e-54  181.9  12.6   1   3   4.3e-26   3.2e-23   81.3   2.2     1    64     4    68     4    83 0.89 -
131386at50557_34720_0:001dd9|STRG.12426.3:1760-3055|+ -            432 131386at50557        -            125   2.4e-54  181.9  12.6   2   3   1.2e-08   9.3e-06   24.9   0.0    57    84   156   182   148   193 0.90 -
131386at50557_34720_0:001dd9|STRG.12426.3:1760-3055|+ -            432 131386at50557        -            125   2.4e-54  181.9  12.6   3   3   5.7e-26   4.3e-23   80.9   1.4    48   125   352   427   320   427 0.63 -
131386at50557_319348_0:00152c|STRG.5865.3:125-731|+   -            119 131386at50557        -            125   2.7e-15   55.7   0.4   1   2   2.5e-17   1.9e-14   52.9   0.3     5    57     4    57     1    69 0.89 -
131386at50557_319348_0:00152c|STRG.5865.3:125-731|+   -            119 131386at50557        -            125   2.7e-15   55.7   0.4   2   2      0.27   2.1e+02    1.1   0.0     5    46    68   110    64   118 0.63 -
131386at50557_319348_0:00152c|STRG.5865.2:138-605|+   -            156 131386at50557        -            125   7.1e-15   54.3   4.7   1   2   9.2e-17     7e-14   51.1   4.9     5    68     4    69     1    99 0.83 -
131386at50557_319348_0:00152c|STRG.5865.2:138-605|+   -            156 131386at50557        -            125   7.1e-15   54.3   4.7   2   2      0.47   3.5e+02    0.4   0.0     6    46   106   147   101   155 0.62 -
131386at50557_319348_0:00152c|STRG.5865.4:398-865|+   -            156 131386at50557        -            125   7.1e-15   54.3   4.7   1   2   9.2e-17     7e-14   51.1   4.9     5    68     4    69     1    99 0.83 -
131386at50557_319348_0:00152c|STRG.5865.4:398-865|+   -            156 131386at50557        -            125   7.1e-15   54.3   4.7   2   2      0.47   3.5e+02    0.4   0.0     6    46   106   147   101   155 0.62 -
131386at50557_319348_0:00152c|STRG.5865.1:138-599|+   -            154 131386at50557        -            125   8.6e-15   54.1   5.0   1   2   1.2e-16   8.9e-14   50.8   5.2     5    68     4    69     1    95 0.82 -
131386at50557_319348_0:00152c|STRG.5865.1:138-599|+   -            154 131386at50557        -            125   8.6e-15   54.1   5.0   2   2      0.46   3.5e+02    0.4   0.0     5    46   103   145    99   153 0.62 -
131386at50557_38123_0:0034ff|STRG.13382.1:784-939|+   -             52 131386at50557        -            125   4.3e-11   42.1   1.7   1   1   5.9e-14   4.5e-11   42.0   1.7     5    54     1    51     1    52 0.94 -
4831at50557_34720_0:0004dd|STRG.2117.5:111-5117|+     -           1669 131386at50557        -            125   0.00052   19.2   0.6   1   6       9.2     7e+03   -3.8   1.3    29    72     4    43     3    56 0.46 -
4831at50557_34720_0:0004dd|STRG.2117.5:111-5117|+     -           1669 131386at50557        -            125   0.00052   19.2   0.6   2   6         2   1.5e+03   -1.7   0.0    36    86    83   133    76   139 0.83 -
4831at50557_34720_0:0004dd|STRG.2117.5:111-5117|+     -           1669 131386at50557        -            125   0.00052   19.2   0.6   3   6   6.8e-07   0.00052   19.2   0.6    20    46   153   180   147   203 0.79 -
4831at50557_34720_0:0004dd|STRG.2117.5:111-5117|+     -           1669 131386at50557        -            125   0.00052   19.2   0.6   4   6      0.83   6.3e+02   -0.4   0.3     7    69   228   293   223   298 0.63 -
4831at50557_34720_0:0004dd|STRG.2117.5:111-5117|+     -           1669 131386at50557        -            125   0.00052   19.2   0.6   5   6       6.1   4.6e+03   -3.2   4.1    26    68  1207  1248  1184  1276 0.66 -
4831at50557_34720_0:0004dd|STRG.2117.5:111-5117|+     -           1669 131386at50557        -            125   0.00052   19.2   0.6   6   6         2   1.5e+03   -1.7   2.9    33   100  1397  1460  1389  1481 0.64 -
4831at50557_34720_0:0004dd|STRG.2117.4:74-5353|+      -           1760 131386at50557        -            125   0.00055   19.1   0.6   1   5       2.2   1.7e+03   -1.8   0.0    36    86   174   224   168   230 0.83 -
4831at50557_34720_0:0004dd|STRG.2117.4:74-5353|+      -           1760 131386at50557        -            125   0.00055   19.1   0.6   2   5   7.2e-07   0.00055   19.1   0.6    20    46   244   271   238   294 0.79 -
4831at50557_34720_0:0004dd|STRG.2117.4:74-5353|+      -           1760 131386at50557        -            125   0.00055   19.1   0.6   3   5      0.88   6.7e+02   -0.5   0.3     7    69   319   384   314   389 0.63 -
4831at50557_34720_0:0004dd|STRG.2117.4:74-5353|+      -           1760 131386at50557        -            125   0.00055   19.1   0.6   4   5       6.5   4.9e+03   -3.3   4.1    26    68  1298  1339  1275  1367 0.66 -
4831at50557_34720_0:0004dd|STRG.2117.4:74-5353|+      -           1760 131386at50557        -            125   0.00055   19.1   0.6   5   5       2.2   1.7e+03   -1.8   2.9    33   100  1488  1551  1480  1571 0.63 -
4831at50557_34720_0:0004dd|STRG.2117.1:456-5867|+     -           1804 131386at50557        -            125   0.00057   19.1   0.6   1   5       2.2   1.7e+03   -1.8   0.0    36    86   213   263   207   269 0.83 -
4831at50557_34720_0:0004dd|STRG.2117.1:456-5867|+     -           1804 131386at50557        -            125   0.00057   19.1   0.6   2   5   7.4e-07   0.00057   19.1   0.6    20    46   283   310   277   333 0.79 -
4831at50557_34720_0:0004dd|STRG.2117.1:456-5867|+     -           1804 131386at50557        -            125   0.00057   19.1   0.6   3   5       0.9   6.9e+02   -0.6   0.3     7    69   358   423   353   428 0.63 -
4831at50557_34720_0:0004dd|STRG.2117.1:456-5867|+     -           1804 131386at50557        -            125   0.00057   19.1   0.6   4   5       6.6   5.1e+03   -3.4   4.1    26    68  1337  1378  1314  1406 0.66 -
4831at50557_34720_0:0004dd|STRG.2117.1:456-5867|+     -           1804 131386at50557        -            125   0.00057   19.1   0.6   5   5       2.3   1.7e+03   -1.9   2.9    33   100  1527  1590  1519  1610 0.63 -
4831at50557_34720_0:0004dd|STRG.2117.3:456-5873|+     -           1806 131386at50557        -            125   0.00057   19.1   0.6   1   5       2.2   1.7e+03   -1.8   0.0    36    86   213   263   207   269 0.83 -
4831at50557_34720_0:0004dd|STRG.2117.3:456-5873|+     -           1806 131386at50557        -            125   0.00057   19.1   0.6   2   5   7.4e-07   0.00057   19.1   0.6    20    46   283   310   277   333 0.79 -
4831at50557_34720_0:0004dd|STRG.2117.3:456-5873|+     -           1806 131386at50557        -            125   0.00057   19.1   0.6   3   5       0.9   6.9e+02   -0.6   0.3     7    69   358   423   353   428 0.63 -
4831at50557_34720_0:0004dd|STRG.2117.3:456-5873|+     -           1806 131386at50557        -            125   0.00057   19.1   0.6   4   5       6.7   5.1e+03   -3.4   4.1    26    68  1337  1378  1314  1406 0.66 -
4831at50557_34720_0:0004dd|STRG.2117.3:456-5873|+     -           1806 131386at50557        -            125   0.00057   19.1   0.6   5   5       2.3   1.7e+03   -1.9   2.9    33   100  1527  1590  1519  1610 0.63 -
4831at50557_34720_0:0004dd|STRG.2117.2:456-5912|+     -           1819 131386at50557        -            125   0.00057   19.1   0.6   1   5       2.3   1.7e+03   -1.8   0.0    36    86   213   263   207   269 0.83 -
4831at50557_34720_0:0004dd|STRG.2117.2:456-5912|+     -           1819 131386at50557        -            125   0.00057   19.1   0.6   2   5   7.5e-07   0.00057   19.1   0.6    20    46   283   310   277   333 0.79 -
4831at50557_34720_0:0004dd|STRG.2117.2:456-5912|+     -           1819 131386at50557        -            125   0.00057   19.1   0.6   3   5      0.91   6.9e+02   -0.6   0.3     7    69   358   423   353   428 0.63 -
4831at50557_34720_0:0004dd|STRG.2117.2:456-5912|+     -           1819 131386at50557        -            125   0.00057   19.1   0.6   4   5       6.7   5.1e+03   -3.4   4.1    26    68  1350  1391  1327  1419 0.66 -
4831at50557_34720_0:0004dd|STRG.2117.2:456-5912|+     -           1819 131386at50557        -            125   0.00057   19.1   0.6   5   5       2.3   1.8e+03   -1.9   2.9    33   100  1540  1603  1532  1623 0.63 -
#
# Program:         hmmsearch
# Version:         3.4 (Aug 2023)
# Pipeline mode:   SEARCH
# Query file:      /data/projet1/projet_tutore/busco_downloads/lineages/insecta_odb10/hmms/131386at50557.hmm
# Target file:     annotation_analysis/annotation_gcf/T_septentrionalis/busco_output/run_insecta_odb10/metaeuk_output/initial_results/assembled_transcripts.fasta.modified.fas
# Option settings: hmmsearch --domtblout annotation_analysis/annotation_gcf/T_septentrionalis/busco_output/run_insecta_odb10/hmmer_output/initial_run_results/131386at50557.out --cpu 1 /data/projet1/projet_tutore/busco_downloads/lineages/insecta_odb10/hmms/131386at50557.hmm annotation_analysis/annotation_gcf/T_septentrionalis/busco_output/run_insecta_odb10/metaeuk_output/initial_results/assembled_transcripts.fasta.modified.fas 
# Current dir:     /data/projet1/projet_tutore
# Date:            Sun Oct 13 10:06:27 2024
# [ok]
