#                                                                                                             --- full sequence --- -------------- this domain -------------   hmm coord   ali coord   env coord
# target name                                         accession   tlen query name           accession   qlen   E-value  score  bias   #  of  c-Evalue  i-Evalue  score  bias  from    to  from    to  from    to  acc description of target
#                                 ------------------- ---------- ----- -------------------- ---------- ----- --------- ------ ----- --- --- --------- --------- ------ ----- ----- ----- ----- ----- ----- ----- ---- ---------------------
132044at50557_520822_0:0005e7|STRG.14750.3:403-1236|+ -            278 132044at50557        -            112   1.2e-42  143.6  17.7   1   3   6.4e-10   4.8e-07   29.0   7.0     1    40    39    89    39    99 0.85 -
132044at50557_520822_0:0005e7|STRG.14750.3:403-1236|+ -            278 132044at50557        -            112   1.2e-42  143.6  17.7   2   3   3.6e-05     0.027   13.7   0.1    35    52   104   121    87   125 0.77 -
132044at50557_520822_0:0005e7|STRG.14750.3:403-1236|+ -            278 132044at50557        -            112   1.2e-42  143.6  17.7   3   3   4.3e-34   3.3e-31  106.8   0.7    57   112   220   275   180   275 0.88 -
132044at50557_456900_0:0001a8|STRG.14750.5:280-1212|+ -            311 132044at50557        -            112     2e-42  143.0  17.9   1   2   3.6e-11   2.7e-08   33.0  10.5     1    52    72   154    72   158 0.76 -
132044at50557_456900_0:0001a8|STRG.14750.5:280-1212|+ -            311 132044at50557        -            112     2e-42  143.0  17.9   2   2   5.6e-34   4.2e-31  106.5   0.7    57   112   253   308   214   308 0.89 -
132044at50557_520822_0:0005e7|STRG.14750.1:277-1104|+ -            276 132044at50557        -            112   2.1e-42  142.8  18.2   1   2   3.1e-11   2.3e-08   33.2  10.6     1    52    40   122    40   125 0.76 -
132044at50557_520822_0:0005e7|STRG.14750.1:277-1104|+ -            276 132044at50557        -            112   2.1e-42  142.8  18.2   2   2   6.3e-34   4.8e-31  106.3   0.8    57   112   218   273   181   273 0.94 -
132044at50557_520822_0:0005e7|STRG.14750.6:402-1226|+ -            275 132044at50557        -            112   2.2e-42  142.8  18.2   1   3   5.4e-10   4.1e-07   29.2   6.7     1    40    39    89    39    95 0.84 -
132044at50557_520822_0:0005e7|STRG.14750.6:402-1226|+ -            275 132044at50557        -            112   2.2e-42  142.8  18.2   2   3   3.6e-05     0.028   13.7   0.1    35    52   104   121    87   124 0.77 -
132044at50557_520822_0:0005e7|STRG.14750.6:402-1226|+ -            275 132044at50557        -            112   2.2e-42  142.8  18.2   3   3   6.3e-34   4.8e-31  106.3   0.8    57   112   217   272   180   272 0.94 -
132044at50557_520822_0:0005e7|STRG.14750.4:401-1144|+ -            248 132044at50557        -            112   4.2e-40  135.4  26.8   1   2   2.4e-11   1.8e-08   33.6  10.5     1    52    39   121    39   125 0.76 -
132044at50557_520822_0:0005e7|STRG.14750.4:401-1144|+ -            248 132044at50557        -            112   4.2e-40  135.4  26.8   2   2   7.1e-32   5.4e-29   99.7   8.1    57   112   190   245   153   245 0.89 -
132044at50557_456900_0:0001a8|STRG.14750.7:405-1247|+ -            281 132044at50557        -            112   8.1e-40  134.5  27.0   1   2   2.7e-11   2.1e-08   33.4  10.5     1    52    72   154    72   162 0.77 -
132044at50557_456900_0:0001a8|STRG.14750.7:405-1247|+ -            281 132044at50557        -            112   8.1e-40  134.5  27.0   2   2   1.3e-31   9.8e-29   98.8   8.6    57   112   223   278   186   278 0.89 -
132044at50557_520822_0:0005e7|STRG.14750.2:400-1134|+ -            245 132044at50557        -            112   1.4e-39  133.7  28.2   1   2     2e-11   1.5e-08   33.8  10.4     1    52    39   121    39   129 0.77 -
132044at50557_520822_0:0005e7|STRG.14750.2:400-1134|+ -            245 132044at50557        -            112   1.4e-39  133.7  28.2   2   2   2.9e-31   2.2e-28   97.7   9.7    57   112   187   242   153   242 0.94 -
128977at50557_456900_0:000fc5|STRG.2875.1:796-1614|+  -            273 132044at50557        -            112   8.6e-05   21.7   4.9   1   2       1.9   1.5e+03   -1.6   0.0    53    65    26    38     9    51 0.64 -
128977at50557_456900_0:000fc5|STRG.2875.1:796-1614|+  -            273 132044at50557        -            112   8.6e-05   21.7   4.9   2   2   1.4e-07    0.0001   21.5   3.4    59   111   198   250   184   251 0.90 -
128977at50557_456900_0:000fc5|STRG.2875.2:769-1587|+  -            273 132044at50557        -            112   8.6e-05   21.7   4.9   1   2       1.9   1.5e+03   -1.6   0.0    53    65    26    38     9    51 0.64 -
128977at50557_456900_0:000fc5|STRG.2875.2:769-1587|+  -            273 132044at50557        -            112   8.6e-05   21.7   4.9   2   2   1.4e-07    0.0001   21.5   3.4    59   111   198   250   184   251 0.90 -
85095at50557_139723_0:000f9b|STRG.11874.1:223-420|+   -             66 132044at50557        -            112     0.012   14.9   4.2   1   1   1.7e-05     0.013   14.7   4.2    39    86     6    53     2    62 0.87 -
21322at50557_456900_0:00141f|STRG.6926.1:1490-2731|+  -            414 132044at50557        -            112      0.17   11.1   4.2   1   2     0.012       8.8    5.6   3.6    63   102   296   335   276   346 0.86 -
21322at50557_456900_0:00141f|STRG.6926.1:1490-2731|+  -            414 132044at50557        -            112      0.17   11.1   4.2   2   2     0.054        41    3.4   0.0     9    37   373   401   368   409 0.76 -
21322at50557_456900_0:00141f|STRG.6926.2:224-1468|+   -            415 132044at50557        -            112      0.17   11.1   4.2   1   2     0.012       8.8    5.6   3.6    63   102   297   336   277   347 0.86 -
21322at50557_456900_0:00141f|STRG.6926.2:224-1468|+   -            415 132044at50557        -            112      0.17   11.1   4.2   2   2     0.054        41    3.4   0.0     9    37   374   402   369   410 0.76 -
21322at50557_34720_0:0010a4|STRG.6926.3:1041-2726|+   -            562 132044at50557        -            112       0.3   10.3   3.9   1   2     0.015        11    5.3   3.4    63   102   444   483   424   492 0.86 -
21322at50557_34720_0:0010a4|STRG.6926.3:1041-2726|+   -            562 132044at50557        -            112       0.3   10.3   3.9   2   2     0.079        60    2.9   0.0     9    37   521   549   516   557 0.76 -
#
# Program:         hmmsearch
# Version:         3.4 (Aug 2023)
# Pipeline mode:   SEARCH
# Query file:      /data/projet1/projet_tutore/busco_downloads/lineages/insecta_odb10/hmms/132044at50557.hmm
# Target file:     annotation_analysis/annotation_gcf/T_septentrionalis/busco_output/run_insecta_odb10/metaeuk_output/initial_results/assembled_transcripts.fasta.modified.fas
# Option settings: hmmsearch --domtblout annotation_analysis/annotation_gcf/T_septentrionalis/busco_output/run_insecta_odb10/hmmer_output/initial_run_results/132044at50557.out --cpu 1 /data/projet1/projet_tutore/busco_downloads/lineages/insecta_odb10/hmms/132044at50557.hmm annotation_analysis/annotation_gcf/T_septentrionalis/busco_output/run_insecta_odb10/metaeuk_output/initial_results/assembled_transcripts.fasta.modified.fas 
# Current dir:     /data/projet1/projet_tutore
# Date:            Sun Oct 13 10:06:29 2024
# [ok]
