#                                                                                                             --- full sequence --- -------------- this domain -------------   hmm coord   ali coord   env coord
# target name                                         accession   tlen query name           accession   qlen   E-value  score  bias   #  of  c-Evalue  i-Evalue  score  bias  from    to  from    to  from    to  acc description of target
#                                 ------------------- ---------- ----- -------------------- ---------- ----- --------- ------ ----- --- --- --------- --------- ------ ----- ----- ----- ----- ----- ----- ----- ---- ---------------------
140285at50557_103372_0:000f27|STRG.6750.4:627-1199|+  -            191 140285at50557        -             76   1.6e-30  104.0   0.5   1   3      0.94   1.6e+03   -1.7   0.1    17    34    12    31    10    34 0.53 -
140285at50557_103372_0:000f27|STRG.6750.4:627-1199|+  -            191 140285at50557        -             76   1.6e-30  104.0   0.5   2   3      0.45   7.4e+02   -0.7   0.2    17    35    36    52    21    54 0.68 -
140285at50557_103372_0:000f27|STRG.6750.4:627-1199|+  -            191 140285at50557        -             76   1.6e-30  104.0   0.5   3   3   9.5e-34   1.6e-30  104.0   0.5     1    72    81   163    81   170 0.86 -
140285at50557_103372_0:000f27|STRG.6750.5:303-995|+   -            191 140285at50557        -             76   1.6e-30  104.0   0.5   1   3      0.94   1.6e+03   -1.7   0.1    17    34    12    31    10    34 0.53 -
140285at50557_103372_0:000f27|STRG.6750.5:303-995|+   -            191 140285at50557        -             76   1.6e-30  104.0   0.5   2   3      0.45   7.4e+02   -0.7   0.2    17    35    36    52    21    54 0.68 -
140285at50557_103372_0:000f27|STRG.6750.5:303-995|+   -            191 140285at50557        -             76   1.6e-30  104.0   0.5   3   3   9.5e-34   1.6e-30  104.0   0.5     1    72    81   163    81   170 0.86 -
140285at50557_103372_0:000f27|STRG.6750.6:1328-1900|+ -            191 140285at50557        -             76   1.6e-30  104.0   0.5   1   3      0.94   1.6e+03   -1.7   0.1    17    34    12    31    10    34 0.53 -
140285at50557_103372_0:000f27|STRG.6750.6:1328-1900|+ -            191 140285at50557        -             76   1.6e-30  104.0   0.5   2   3      0.45   7.4e+02   -0.7   0.2    17    35    36    52    21    54 0.68 -
140285at50557_103372_0:000f27|STRG.6750.6:1328-1900|+ -            191 140285at50557        -             76   1.6e-30  104.0   0.5   3   3   9.5e-34   1.6e-30  104.0   0.5     1    72    81   163    81   170 0.86 -
140285at50557_103372_0:000f27|STRG.6750.1:622-1221|+  -            200 140285at50557        -             76   1.8e-30  103.8   0.5   1   2      0.48   7.9e+02   -0.8   0.1    17    35    36    52    21    54 0.68 -
140285at50557_103372_0:000f27|STRG.6750.1:622-1221|+  -            200 140285at50557        -             76   1.8e-30  103.8   0.5   2   2   1.1e-33   1.8e-30  103.8   0.5     1    72    81   163    81   170 0.86 -
140285at50557_103372_0:000f27|STRG.6750.2:551-1150|+  -            200 140285at50557        -             76   1.8e-30  103.8   0.5   1   2      0.48   7.9e+02   -0.8   0.1    17    35    36    52    21    54 0.68 -
140285at50557_103372_0:000f27|STRG.6750.2:551-1150|+  -            200 140285at50557        -             76   1.8e-30  103.8   0.5   2   2   1.1e-33   1.8e-30  103.8   0.5     1    72    81   163    81   170 0.86 -
140285at50557_103372_0:000f27|STRG.6750.3:494-1093|+  -            200 140285at50557        -             76   1.8e-30  103.8   0.5   1   2      0.48   7.9e+02   -0.8   0.1    17    35    36    52    21    54 0.68 -
140285at50557_103372_0:000f27|STRG.6750.3:494-1093|+  -            200 140285at50557        -             76   1.8e-30  103.8   0.5   2   2   1.1e-33   1.8e-30  103.8   0.5     1    72    81   163    81   170 0.86 -
#
# Program:         hmmsearch
# Version:         3.4 (Aug 2023)
# Pipeline mode:   SEARCH
# Query file:      /data/projet1/projet_tutore/busco_downloads/lineages/insecta_odb10/hmms/140285at50557.hmm
# Target file:     annotation_analysis/annotation_gcf/T_septentrionalis/busco_output/run_insecta_odb10/metaeuk_output/initial_results/assembled_transcripts.fasta.modified.fas
# Option settings: hmmsearch --domtblout annotation_analysis/annotation_gcf/T_septentrionalis/busco_output/run_insecta_odb10/hmmer_output/initial_run_results/140285at50557.out --cpu 1 /data/projet1/projet_tutore/busco_downloads/lineages/insecta_odb10/hmms/140285at50557.hmm annotation_analysis/annotation_gcf/T_septentrionalis/busco_output/run_insecta_odb10/metaeuk_output/initial_results/assembled_transcripts.fasta.modified.fas 
# Current dir:     /data/projet1/projet_tutore
# Date:            Sun Oct 13 10:06:50 2024
# [ok]
