#                                                                                                            --- full sequence --- -------------- this domain -------------   hmm coord   ali coord   env coord
# target name                                        accession   tlen query name           accession   qlen   E-value  score  bias   #  of  c-Evalue  i-Evalue  score  bias  from    to  from    to  from    to  acc description of target
#                                ------------------- ---------- ----- -------------------- ---------- ----- --------- ------ ----- --- --- --------- --------- ------ ----- ----- ----- ----- ----- ----- ----- ---- ---------------------
143564at50557_103372_0:001033|STRG.4123.4:139-558|+  -            140 143564at50557        -            108   3.4e-47  158.2   0.1   1   1   3.9e-50   5.5e-47  157.5   0.1     1   108     7   132     7   132 0.92 -
143564at50557_103372_0:001033|STRG.4123.3:38-463|+   -            142 143564at50557        -            108   3.6e-47  158.1   0.1   1   1   4.1e-50   5.8e-47  157.4   0.1     1   108     9   134     9   134 0.92 -
143564at50557_103372_0:001033|STRG.4123.1:25-462|+   -            146 143564at50557        -            108     4e-47  158.0   0.1   1   1   4.6e-50   6.5e-47  157.3   0.1     1   108    13   138    13   138 0.92 -
137436at50557_103372_0:000bea|STRG.5308.1:238-627|+  -            130 143564at50557        -            108   9.1e-06   24.9   0.0   1   1   8.5e-09   1.2e-05   24.6   0.0    11    86    11    94     7   125 0.71 -
137436at50557_286306_0:002e46|STRG.5308.2:238-712|+  -            154 143564at50557        -            108   1.5e-05   24.2   0.1   1   1   1.6e-08   2.3e-05   23.7   0.1    11    86    11    94     7   125 0.73 -
105919at50557_88501_0:001ba1|STRG.14306.1:128-1960|+ -            611 143564at50557        -            108   0.00034   19.9   0.0   1   1   5.4e-07   0.00077   18.7   0.0    10   108    12   132     7   132 0.72 -
105919at50557_88501_0:001ba1|STRG.14306.2:0-1832|+   -            611 143564at50557        -            108   0.00034   19.9   0.0   1   1   5.4e-07   0.00077   18.7   0.0    10   108    12   132     7   132 0.72 -
#
# Program:         hmmsearch
# Version:         3.4 (Aug 2023)
# Pipeline mode:   SEARCH
# Query file:      /data/projet1/projet_tutore/busco_downloads/lineages/insecta_odb10/hmms/143564at50557.hmm
# Target file:     annotation_analysis/annotation_gcf/T_septentrionalis/busco_output/run_insecta_odb10/metaeuk_output/initial_results/assembled_transcripts.fasta.modified.fas
# Option settings: hmmsearch --domtblout annotation_analysis/annotation_gcf/T_septentrionalis/busco_output/run_insecta_odb10/hmmer_output/initial_run_results/143564at50557.out --cpu 1 /data/projet1/projet_tutore/busco_downloads/lineages/insecta_odb10/hmms/143564at50557.hmm annotation_analysis/annotation_gcf/T_septentrionalis/busco_output/run_insecta_odb10/metaeuk_output/initial_results/assembled_transcripts.fasta.modified.fas 
# Current dir:     /data/projet1/projet_tutore
# Date:            Sun Oct 13 10:06:56 2024
# [ok]
