#                                                                                                              --- full sequence --- -------------- this domain -------------   hmm coord   ali coord   env coord
# target name                                          accession   tlen query name           accession   qlen   E-value  score  bias   #  of  c-Evalue  i-Evalue  score  bias  from    to  from    to  from    to  acc description of target
#                                  ------------------- ---------- ----- -------------------- ---------- ----- --------- ------ ----- --- --- --------- --------- ------ ----- ----- ----- ----- ----- ----- ----- ---- ---------------------
1621at50557_103372_0:00046a|STRG.16826.4:49-9540|+     -           3164 1621at50557          -           2245         0 3409.7  88.9   1   5         0         0 2121.1  16.6     3  1232    34  1413    32  1420 0.92 -
1621at50557_103372_0:00046a|STRG.16826.4:49-9540|+     -           3164 1621at50557          -           2245         0 3409.7  88.9   2   5    4e-113  3.5e-111  371.6  15.1  1205  1557  1426  1915  1414  1926 0.80 -
1621at50557_103372_0:00046a|STRG.16826.4:49-9540|+     -           3164 1621at50557          -           2245         0 3409.7  88.9   3   5  5.4e-282  4.8e-280  931.7  27.1  1524  2224  1902  2785  1899  2798 0.86 -
1621at50557_103372_0:00046a|STRG.16826.4:49-9540|+     -           3164 1621at50557          -           2245         0 3409.7  88.9   4   5      0.32        28    0.5   5.6  2184  2241  2794  2855  2783  2859 0.74 -
1621at50557_103372_0:00046a|STRG.16826.4:49-9540|+     -           3164 1621at50557          -           2245         0 3409.7  88.9   5   5       0.2        18    1.1   1.8  2229  2245  2885  2901  2859  2901 0.82 -
1621at50557_103372_0:00046a|STRG.16826.3:49-9567|+     -           3173 1621at50557          -           2245         0 3409.7  88.9   1   5         0         0 2121.1  16.6     3  1232    34  1413    32  1420 0.92 -
1621at50557_103372_0:00046a|STRG.16826.3:49-9567|+     -           3173 1621at50557          -           2245         0 3409.7  88.9   2   5    4e-113  3.5e-111  371.6  15.1  1205  1557  1426  1915  1414  1926 0.80 -
1621at50557_103372_0:00046a|STRG.16826.3:49-9567|+     -           3173 1621at50557          -           2245         0 3409.7  88.9   3   5  5.4e-282  4.8e-280  931.7  27.1  1524  2224  1902  2785  1899  2798 0.86 -
1621at50557_103372_0:00046a|STRG.16826.3:49-9567|+     -           3173 1621at50557          -           2245         0 3409.7  88.9   4   5      0.32        28    0.5   5.6  2184  2241  2794  2855  2783  2859 0.74 -
1621at50557_103372_0:00046a|STRG.16826.3:49-9567|+     -           3173 1621at50557          -           2245         0 3409.7  88.9   5   5       0.2        18    1.1   1.8  2229  2245  2885  2901  2859  2901 0.82 -
1621at50557_103372_0:00046a|STRG.16826.2:122-7961|+    -           2608 1621at50557          -           2245         0 3266.3  59.3   1   3         0         0 2122.8  15.6     3  1232    34  1413    32  1418 0.92 -
1621at50557_103372_0:00046a|STRG.16826.2:122-7961|+    -           2608 1621at50557          -           2245         0 3266.3  59.3   2   3    5e-113  4.4e-111  371.3  15.8  1205  1557  1426  1915  1414  1926 0.80 -
1621at50557_103372_0:00046a|STRG.16826.2:122-7961|+    -           2608 1621at50557          -           2245         0 3266.3  59.3   3   3  2.5e-235  2.2e-233  776.9  19.3  1523  2097  1901  2608  1896  2608 0.88 -
1621at50557_103372_0:00046a|STRG.16826.1:122-7429|+    -           2436 1621at50557          -           2245         0 2987.7  60.3   1   3         0         0 2122.9  15.8     3  1232    34  1413    32  1419 0.92 -
1621at50557_103372_0:00046a|STRG.16826.1:122-7429|+    -           2436 1621at50557          -           2245         0 2987.7  60.3   2   3  4.1e-113  3.6e-111  371.6  15.7  1206  1558  1427  1916  1415  1930 0.80 -
1621at50557_103372_0:00046a|STRG.16826.1:122-7429|+    -           2436 1621at50557          -           2245         0 2987.7  60.3   3   3  5.9e-151  5.2e-149  497.1  20.3  1524  1917  1902  2430  1899  2433 0.85 -
1593at50557_28612_0:003870|STRG.9515.1:3060-9806|+     -           2249 1621at50557          -           2245         0 1240.6  81.2   1   9   2.2e-56     2e-54  183.4  10.2   443   756     1   330     1   331 0.90 -
1593at50557_28612_0:003870|STRG.9515.1:3060-9806|+     -           2249 1621at50557          -           2245         0 1240.6  81.2   2   9   2.4e-40   2.1e-38  130.3   0.4   369   608   245   490   245   496 0.91 -
1593at50557_28612_0:003870|STRG.9515.1:3060-9806|+     -           2249 1621at50557          -           2245         0 1240.6  81.2   3   9   7.2e-35   6.3e-33  112.1   0.7   354   601   434   686   433   690 0.87 -
1593at50557_28612_0:003870|STRG.9515.1:3060-9806|+     -           2249 1621at50557          -           2245         0 1240.6  81.2   4   9   7.7e-69   6.8e-67  224.7   7.6   397   761   689  1068   683  1075 0.92 -
1593at50557_28612_0:003870|STRG.9515.1:3060-9806|+     -           2249 1621at50557          -           2245         0 1240.6  81.2   5   9   5.3e-36   4.7e-34  115.8   3.8   367   674  1081  1385  1062  1391 0.88 -
1593at50557_28612_0:003870|STRG.9515.1:3060-9806|+     -           2249 1621at50557          -           2245         0 1240.6  81.2   6   9   2.7e-79   2.4e-77  259.4   9.5   239   734  1247  1762  1244  1764 0.91 -
1593at50557_28612_0:003870|STRG.9515.1:3060-9806|+     -           2249 1621at50557          -           2245         0 1240.6  81.2   7   9     1e-26   9.1e-25   85.0   0.0   374   579  1704  1914  1704  1919 0.91 -
1593at50557_28612_0:003870|STRG.9515.1:3060-9806|+     -           2249 1621at50557          -           2245         0 1240.6  81.2   8   9   3.5e-61   3.1e-59  199.3   0.8   241   607  1763  2151  1762  2154 0.89 -
1593at50557_28612_0:003870|STRG.9515.1:3060-9806|+     -           2249 1621at50557          -           2245         0 1240.6  81.2   9   9   1.4e-14   1.3e-12   44.7   0.0   507   603  2151  2247  2149  2249 0.84 -
1593at50557_28612_0:003870|STRG.9515.3:696-7163|+      -           2156 1621at50557          -           2245         0 1208.2  80.4   1   6   1.8e-83   1.6e-81  273.2  14.0   265   761     8   528     2   533 0.88 -
1593at50557_28612_0:003870|STRG.9515.3:696-7163|+      -           2156 1621at50557          -           2245         0 1208.2  80.4   2   6   5.8e-36   5.1e-34  115.7   4.4   367   675   541   846   522   856 0.87 -
1593at50557_28612_0:003870|STRG.9515.3:696-7163|+      -           2156 1621at50557          -           2245         0 1208.2  80.4   3   6   1.9e-79   1.7e-77  259.9   9.3   238   734   706  1222   703  1224 0.91 -
1593at50557_28612_0:003870|STRG.9515.3:696-7163|+      -           2156 1621at50557          -           2245         0 1208.2  80.4   4   6   1.4e-27   1.2e-25   87.9   0.0   369   579  1159  1374  1157  1378 0.91 -
1593at50557_28612_0:003870|STRG.9515.3:696-7163|+      -           2156 1621at50557          -           2245         0 1208.2  80.4   5   6  1.7e-114  1.5e-112  376.2  12.8   241   884  1223  1908  1222  1908 0.90 -
1593at50557_28612_0:003870|STRG.9515.3:696-7163|+      -           2156 1621at50557          -           2245         0 1208.2  80.4   6   6   1.6e-52   1.4e-50  170.6   5.5   365   633  1882  2154  1873  2156 0.92 -
1593at50557_28612_0:003870|STRG.9515.4:696-7163|+      -           2156 1621at50557          -           2245         0 1208.2  80.4   1   6   1.8e-83   1.6e-81  273.2  14.0   265   761     8   528     2   533 0.88 -
1593at50557_28612_0:003870|STRG.9515.4:696-7163|+      -           2156 1621at50557          -           2245         0 1208.2  80.4   2   6   5.8e-36   5.1e-34  115.7   4.4   367   675   541   846   522   856 0.87 -
1593at50557_28612_0:003870|STRG.9515.4:696-7163|+      -           2156 1621at50557          -           2245         0 1208.2  80.4   3   6   1.9e-79   1.7e-77  259.9   9.3   238   734   706  1222   703  1224 0.91 -
1593at50557_28612_0:003870|STRG.9515.4:696-7163|+      -           2156 1621at50557          -           2245         0 1208.2  80.4   4   6   1.4e-27   1.2e-25   87.9   0.0   369   579  1159  1374  1157  1378 0.91 -
1593at50557_28612_0:003870|STRG.9515.4:696-7163|+      -           2156 1621at50557          -           2245         0 1208.2  80.4   5   6  1.7e-114  1.5e-112  376.2  12.8   241   884  1223  1908  1222  1908 0.90 -
1593at50557_28612_0:003870|STRG.9515.4:696-7163|+      -           2156 1621at50557          -           2245         0 1208.2  80.4   6   6   1.6e-52   1.4e-50  170.6   5.5   365   633  1882  2154  1873  2156 0.92 -
1593at50557_28612_0:003870|STRG.9515.2:797-7288|+      -           2164 1621at50557          -           2245         0 1205.9  81.4   1   7   1.6e-07   1.4e-05   21.3   0.0   555   635     1    78     1    79 0.93 -
1593at50557_28612_0:003870|STRG.9515.2:797-7288|+      -           2164 1621at50557          -           2245         0 1205.9  81.4   2   7   1.2e-80   1.1e-78  263.9  11.7   314   761    60   528    59   536 0.90 -
1593at50557_28612_0:003870|STRG.9515.2:797-7288|+      -           2164 1621at50557          -           2245         0 1205.9  81.4   3   7     3e-39   2.6e-37  126.6   6.1   339   675   507   846   507   856 0.89 -
1593at50557_28612_0:003870|STRG.9515.2:797-7288|+      -           2164 1621at50557          -           2245         0 1205.9  81.4   4   7   3.9e-76   3.4e-74  248.9   8.3   238   734   706  1230   703  1234 0.90 -
1593at50557_28612_0:003870|STRG.9515.2:797-7288|+      -           2164 1621at50557          -           2245         0 1205.9  81.4   5   7   1.5e-27   1.3e-25   87.8   0.0   370   579  1168  1382  1167  1387 0.90 -
1593at50557_28612_0:003870|STRG.9515.2:797-7288|+      -           2164 1621at50557          -           2245         0 1205.9  81.4   6   7  1.4e-113  1.2e-111  373.1  12.6   241   882  1231  1914  1230  1914 0.90 -
1593at50557_28612_0:003870|STRG.9515.2:797-7288|+      -           2164 1621at50557          -           2245         0 1205.9  81.4   7   7   1.6e-52   1.5e-50  170.6   5.6   364   633  1889  2162  1880  2164 0.92 -
1593at50557_28612_0:003870|STRG.9515.5:696-7187|+      -           2164 1621at50557          -           2245         0 1205.9  81.4   1   7   1.6e-07   1.4e-05   21.3   0.0   555   635     1    78     1    79 0.93 -
1593at50557_28612_0:003870|STRG.9515.5:696-7187|+      -           2164 1621at50557          -           2245         0 1205.9  81.4   2   7   1.2e-80   1.1e-78  263.9  11.7   314   761    60   528    59   536 0.90 -
1593at50557_28612_0:003870|STRG.9515.5:696-7187|+      -           2164 1621at50557          -           2245         0 1205.9  81.4   3   7     3e-39   2.6e-37  126.6   6.1   339   675   507   846   507   856 0.89 -
1593at50557_28612_0:003870|STRG.9515.5:696-7187|+      -           2164 1621at50557          -           2245         0 1205.9  81.4   4   7   3.9e-76   3.4e-74  248.9   8.3   238   734   706  1230   703  1234 0.90 -
1593at50557_28612_0:003870|STRG.9515.5:696-7187|+      -           2164 1621at50557          -           2245         0 1205.9  81.4   5   7   1.5e-27   1.3e-25   87.8   0.0   370   579  1168  1382  1167  1387 0.90 -
1593at50557_28612_0:003870|STRG.9515.5:696-7187|+      -           2164 1621at50557          -           2245         0 1205.9  81.4   6   7  1.4e-113  1.2e-111  373.1  12.6   241   882  1231  1914  1230  1914 0.90 -
1593at50557_28612_0:003870|STRG.9515.5:696-7187|+      -           2164 1621at50557          -           2245         0 1205.9  81.4   7   7   1.6e-52   1.5e-50  170.6   5.6   364   633  1889  2162  1880  2164 0.92 -
1593at50557_28612_0:003870|STRG.2438.2:9-6383|+        -           2125 1621at50557          -           2245  3.8e-276  918.8  56.8   1   7   2.2e-32   1.9e-30  103.8   1.2   481   757     2   288     1   298 0.85 -
1593at50557_28612_0:003870|STRG.2438.2:9-6383|+        -           2125 1621at50557          -           2245  3.8e-276  918.8  56.8   2   7   4.4e-56   3.9e-54  182.4   0.0   300   597   233   535   227   535 0.92 -
1593at50557_28612_0:003870|STRG.2438.2:9-6383|+        -           2125 1621at50557          -           2245  3.8e-276  918.8  56.8   3   7     2e-37   1.8e-35  120.5   0.9   372   581   514   729   513   735 0.91 -
1593at50557_28612_0:003870|STRG.2438.2:9-6383|+        -           2125 1621at50557          -           2245  3.8e-276  918.8  56.8   4   7     2e-73   1.8e-71  239.9   9.3   197   759   640  1226   640  1231 0.86 -
1593at50557_28612_0:003870|STRG.2438.2:9-6383|+        -           2125 1621at50557          -           2245  3.8e-276  918.8  56.8   5   7   1.5e-41   1.3e-39  134.2   4.4   354   616  1241  1514  1233  1533 0.86 -
1593at50557_28612_0:003870|STRG.2438.2:9-6383|+        -           2125 1621at50557          -           2245  3.8e-276  918.8  56.8   6   7   1.2e-44     1e-42  144.5   5.7   318   593  1559  1839  1552  1844 0.88 -
1593at50557_28612_0:003870|STRG.2438.2:9-6383|+        -           2125 1621at50557          -           2245  3.8e-276  918.8  56.8   7   7   1.7e-24   1.5e-22   77.6   0.1   204   470  1846  2125  1840  2125 0.80 -
1593at50557_28612_0:003870|STRG.2438.1:11-6412|+       -           2134 1621at50557          -           2245    8e-270  897.8  53.2   1   8   2.5e-32   2.2e-30  103.6   1.2   481   756     2   287     1   296 0.85 -
1593at50557_28612_0:003870|STRG.2438.1:11-6412|+       -           2134 1621at50557          -           2245    8e-270  897.8  53.2   2   8   8.2e-55   7.2e-53  178.2   0.0   300   584   233   520   229   521 0.93 -
1593at50557_28612_0:003870|STRG.2438.1:11-6412|+       -           2134 1621at50557          -           2245    8e-270  897.8  53.2   3   8   1.5e-34   1.3e-32  111.0   0.7   371   564   513   712   511   724 0.90 -
1593at50557_28612_0:003870|STRG.2438.1:11-6412|+       -           2134 1621at50557          -           2245    8e-270  897.8  53.2   4   8   1.9e-11   1.6e-09   34.4   0.3   822   884   723   786   712   791 0.89 -
1593at50557_28612_0:003870|STRG.2438.1:11-6412|+       -           2134 1621at50557          -           2245    8e-270  897.8  53.2   5   8   1.4e-50   1.3e-48  164.1   2.0   374   759   769  1161   768  1165 0.89 -
1593at50557_28612_0:003870|STRG.2438.1:11-6412|+       -           2134 1621at50557          -           2245    8e-270  897.8  53.2   6   8   1.8e-41   1.6e-39  134.0   4.4   355   616  1177  1449  1171  1465 0.86 -
1593at50557_28612_0:003870|STRG.2438.1:11-6412|+       -           2134 1621at50557          -           2245    8e-270  897.8  53.2   7   8   3.7e-13   3.3e-11   40.1   0.1   515   605  1492  1582  1486  1585 0.89 -
1593at50557_28612_0:003870|STRG.2438.1:11-6412|+       -           2134 1621at50557          -           2245    8e-270  897.8  53.2   8   8   2.1e-63   1.9e-61  206.7   7.7   209   733  1585  2133  1581  2134 0.83 -
1593at50557_28612_0:003870|STRG.14309.1:536-5038|+     -           1501 1621at50557          -           2245  1.1e-193  645.2  58.0   1   6   7.9e-23     7e-21   72.1   0.0   502   727     2   249     1   261 0.80 -
1593at50557_28612_0:003870|STRG.14309.1:536-5038|+     -           1501 1621at50557          -           2245  1.1e-193  645.2  58.0   2   6   9.1e-41     8e-39  131.6   2.9   401   732   123   491   114   495 0.80 -
1593at50557_28612_0:003870|STRG.14309.1:536-5038|+     -           1501 1621at50557          -           2245  1.1e-193  645.2  58.0   3   6   1.7e-44   1.5e-42  144.0  11.2   515   780   474   753   470   782 0.66 -
1593at50557_28612_0:003870|STRG.14309.1:536-5038|+     -           1501 1621at50557          -           2245  1.1e-193  645.2  58.0   4   6   1.4e-30   1.2e-28   97.9   3.7   396   586   783   979   778   990 0.89 -
1593at50557_28612_0:003870|STRG.14309.1:536-5038|+     -           1501 1621at50557          -           2245  1.1e-193  645.2  58.0   5   6   3.3e-50   2.9e-48  162.9   3.1   203   495   891  1208   889  1217 0.89 -
1593at50557_28612_0:003870|STRG.14309.1:536-5038|+     -           1501 1621at50557          -           2245  1.1e-193  645.2  58.0   6   6   8.2e-34   7.2e-32  108.6   3.6   369   599  1187  1441  1184  1501 0.80 -
1593at50557_28612_0:003870|STRG.14309.2:791-5293|+     -           1501 1621at50557          -           2245  1.1e-193  645.2  58.0   1   6   7.9e-23     7e-21   72.1   0.0   502   727     2   249     1   261 0.80 -
1593at50557_28612_0:003870|STRG.14309.2:791-5293|+     -           1501 1621at50557          -           2245  1.1e-193  645.2  58.0   2   6   9.1e-41     8e-39  131.6   2.9   401   732   123   491   114   495 0.80 -
1593at50557_28612_0:003870|STRG.14309.2:791-5293|+     -           1501 1621at50557          -           2245  1.1e-193  645.2  58.0   3   6   1.7e-44   1.5e-42  144.0  11.2   515   780   474   753   470   782 0.66 -
1593at50557_28612_0:003870|STRG.14309.2:791-5293|+     -           1501 1621at50557          -           2245  1.1e-193  645.2  58.0   4   6   1.4e-30   1.2e-28   97.9   3.7   396   586   783   979   778   990 0.89 -
1593at50557_28612_0:003870|STRG.14309.2:791-5293|+     -           1501 1621at50557          -           2245  1.1e-193  645.2  58.0   5   6   3.3e-50   2.9e-48  162.9   3.1   203   495   891  1208   889  1217 0.89 -
1593at50557_28612_0:003870|STRG.14309.2:791-5293|+     -           1501 1621at50557          -           2245  1.1e-193  645.2  58.0   6   6   8.2e-34   7.2e-32  108.6   3.6   369   599  1187  1441  1184  1501 0.80 -
1593at50557_28612_0:003870|STRG.14309.3:1213-5715|+    -           1501 1621at50557          -           2245  1.1e-193  645.2  58.0   1   6   7.9e-23     7e-21   72.1   0.0   502   727     2   249     1   261 0.80 -
1593at50557_28612_0:003870|STRG.14309.3:1213-5715|+    -           1501 1621at50557          -           2245  1.1e-193  645.2  58.0   2   6   9.1e-41     8e-39  131.6   2.9   401   732   123   491   114   495 0.80 -
1593at50557_28612_0:003870|STRG.14309.3:1213-5715|+    -           1501 1621at50557          -           2245  1.1e-193  645.2  58.0   3   6   1.7e-44   1.5e-42  144.0  11.2   515   780   474   753   470   782 0.66 -
1593at50557_28612_0:003870|STRG.14309.3:1213-5715|+    -           1501 1621at50557          -           2245  1.1e-193  645.2  58.0   4   6   1.4e-30   1.2e-28   97.9   3.7   396   586   783   979   778   990 0.89 -
1593at50557_28612_0:003870|STRG.14309.3:1213-5715|+    -           1501 1621at50557          -           2245  1.1e-193  645.2  58.0   5   6   3.3e-50   2.9e-48  162.9   3.1   203   495   891  1208   889  1217 0.89 -
1593at50557_28612_0:003870|STRG.14309.3:1213-5715|+    -           1501 1621at50557          -           2245  1.1e-193  645.2  58.0   6   6   8.2e-34   7.2e-32  108.6   3.6   369   599  1187  1441  1184  1501 0.80 -
1621at50557_133901_0:0033d9|STRG.9515.1:8211-12893|+   -           1561 1621at50557          -           2245  2.8e-187  624.0  47.6   1   4   3.2e-23   2.8e-21   73.4   0.0   389   579     2   197     1   200 0.68 -
1621at50557_133901_0:0033d9|STRG.9515.1:8211-12893|+   -           1561 1621at50557          -           2245  2.8e-187  624.0  47.6   2   4  5.2e-102  4.6e-100  334.7  13.9   381   886   200   733   196   734 0.91 -
1621at50557_133901_0:0033d9|STRG.9515.1:8211-12893|+   -           1561 1621at50557          -           2245  2.8e-187  624.0  47.6   3   4   1.1e-62     1e-60  204.3  14.2   699  1219   737  1293   737  1298 0.84 -
1621at50557_133901_0:0033d9|STRG.9515.1:8211-12893|+   -           1561 1621at50557          -           2245  2.8e-187  624.0  47.6   4   4   1.1e-05     0.001   15.2   4.7  1181  1418  1299  1551  1289  1557 0.61 -
1621at50557_133901_0:0033d9|STRG.9515.2:4352-9034|+    -           1561 1621at50557          -           2245  2.8e-187  624.0  47.6   1   4   3.2e-23   2.8e-21   73.4   0.0   389   579     2   197     1   200 0.68 -
1621at50557_133901_0:0033d9|STRG.9515.2:4352-9034|+    -           1561 1621at50557          -           2245  2.8e-187  624.0  47.6   2   4  5.2e-102  4.6e-100  334.7  13.9   381   886   200   733   196   734 0.91 -
1621at50557_133901_0:0033d9|STRG.9515.2:4352-9034|+    -           1561 1621at50557          -           2245  2.8e-187  624.0  47.6   3   4   1.1e-62     1e-60  204.3  14.2   699  1219   737  1293   737  1298 0.84 -
1621at50557_133901_0:0033d9|STRG.9515.2:4352-9034|+    -           1561 1621at50557          -           2245  2.8e-187  624.0  47.6   4   4   1.1e-05     0.001   15.2   4.7  1181  1418  1299  1551  1289  1557 0.61 -
1621at50557_133901_0:0033d9|STRG.9515.3:4227-8909|+    -           1561 1621at50557          -           2245  2.8e-187  624.0  47.6   1   4   3.2e-23   2.8e-21   73.4   0.0   389   579     2   197     1   200 0.68 -
1621at50557_133901_0:0033d9|STRG.9515.3:4227-8909|+    -           1561 1621at50557          -           2245  2.8e-187  624.0  47.6   2   4  5.2e-102  4.6e-100  334.7  13.9   381   886   200   733   196   734 0.91 -
1621at50557_133901_0:0033d9|STRG.9515.3:4227-8909|+    -           1561 1621at50557          -           2245  2.8e-187  624.0  47.6   3   4   1.1e-62     1e-60  204.3  14.2   699  1219   737  1293   737  1298 0.84 -
1621at50557_133901_0:0033d9|STRG.9515.3:4227-8909|+    -           1561 1621at50557          -           2245  2.8e-187  624.0  47.6   4   4   1.1e-05     0.001   15.2   4.7  1181  1418  1299  1551  1289  1557 0.61 -
1621at50557_133901_0:0033d9|STRG.9515.4:4227-8909|+    -           1561 1621at50557          -           2245  2.8e-187  624.0  47.6   1   4   3.2e-23   2.8e-21   73.4   0.0   389   579     2   197     1   200 0.68 -
1621at50557_133901_0:0033d9|STRG.9515.4:4227-8909|+    -           1561 1621at50557          -           2245  2.8e-187  624.0  47.6   2   4  5.2e-102  4.6e-100  334.7  13.9   381   886   200   733   196   734 0.91 -
1621at50557_133901_0:0033d9|STRG.9515.4:4227-8909|+    -           1561 1621at50557          -           2245  2.8e-187  624.0  47.6   3   4   1.1e-62     1e-60  204.3  14.2   699  1219   737  1293   737  1298 0.84 -
1621at50557_133901_0:0033d9|STRG.9515.4:4227-8909|+    -           1561 1621at50557          -           2245  2.8e-187  624.0  47.6   4   4   1.1e-05     0.001   15.2   4.7  1181  1418  1299  1551  1289  1557 0.61 -
1621at50557_133901_0:0033d9|STRG.9515.5:4251-8933|+    -           1561 1621at50557          -           2245  2.8e-187  624.0  47.6   1   4   3.2e-23   2.8e-21   73.4   0.0   389   579     2   197     1   200 0.68 -
1621at50557_133901_0:0033d9|STRG.9515.5:4251-8933|+    -           1561 1621at50557          -           2245  2.8e-187  624.0  47.6   2   4  5.2e-102  4.6e-100  334.7  13.9   381   886   200   733   196   734 0.91 -
1621at50557_133901_0:0033d9|STRG.9515.5:4251-8933|+    -           1561 1621at50557          -           2245  2.8e-187  624.0  47.6   3   4   1.1e-62     1e-60  204.3  14.2   699  1219   737  1293   737  1298 0.84 -
1621at50557_133901_0:0033d9|STRG.9515.5:4251-8933|+    -           1561 1621at50557          -           2245  2.8e-187  624.0  47.6   4   4   1.1e-05     0.001   15.2   4.7  1181  1418  1299  1551  1289  1557 0.61 -
1621at50557_29058_0:0019d1|STRG.14385.2:3707-9523|+    -           1939 1621at50557          -           2245  2.2e-176  587.9  58.3   1   7   6.6e-43   5.9e-41  138.7   3.2   651   892     1   273     1   288 0.83 -
1621at50557_29058_0:0019d1|STRG.14385.2:3707-9523|+    -           1939 1621at50557          -           2245  2.2e-176  587.9  58.3   2   7   7.7e-56   6.8e-54  181.6   8.4   405   699   290   598   284   608 0.89 -
1621at50557_29058_0:0019d1|STRG.14385.2:3707-9523|+    -           1939 1621at50557          -           2245  2.2e-176  587.9  58.3   3   7   4.3e-36   3.8e-34  116.1   1.2   395   647   609   884   602   888 0.85 -
1621at50557_29058_0:0019d1|STRG.14385.2:3707-9523|+    -           1939 1621at50557          -           2245  2.2e-176  587.9  58.3   4   7   4.2e-32   3.7e-30  102.9   3.6   404   638   844  1102   844  1104 0.83 -
1621at50557_29058_0:0019d1|STRG.14385.2:3707-9523|+    -           1939 1621at50557          -           2245  2.2e-176  587.9  58.3   5   7   3.8e-07   3.4e-05   20.1   0.1   707   755  1074  1123  1050  1134 0.83 -
1621at50557_29058_0:0019d1|STRG.14385.2:3707-9523|+    -           1939 1621at50557          -           2245  2.2e-176  587.9  58.3   6   7   2.4e-25   2.1e-23   80.5   0.2   934  1405  1109  1638  1103  1661 0.74 -
1621at50557_29058_0:0019d1|STRG.14385.2:3707-9523|+    -           1939 1621at50557          -           2245  2.2e-176  587.9  58.3   7   7      0.14        13    1.6   7.5  1182  1232  1886  1935  1877  1937 0.88 -
1621at50557_7536_0:0001dc|STRG.14935.1:212-4726|+      -           1505 1621at50557          -           2245  6.9e-156  519.9  53.4   1   5   2.8e-45   2.5e-43  146.6   4.9   265   698    18   515     3   518 0.78 -
1621at50557_7536_0:0001dc|STRG.14935.1:212-4726|+      -           1505 1621at50557          -           2245  6.9e-156  519.9  53.4   2   5   2.7e-30   2.3e-28   96.9   1.9   498   737   419   669   407   673 0.89 -
1621at50557_7536_0:0001dc|STRG.14935.1:212-4726|+      -           1505 1621at50557          -           2245  6.9e-156  519.9  53.4   3   5   7.7e-42   6.8e-40  135.2  13.0   300   689   522   966   522   972 0.78 -
1621at50557_7536_0:0001dc|STRG.14935.1:212-4726|+      -           1505 1621at50557          -           2245  6.9e-156  519.9  53.4   4   5     8e-33     7e-31  105.3   5.8   399   609   985  1218   969  1219 0.84 -
1621at50557_7536_0:0001dc|STRG.14935.1:212-4726|+      -           1505 1621at50557          -           2245  6.9e-156  519.9  53.4   5   5   1.5e-29   1.3e-27   94.4   0.1   384   634  1196  1469  1193  1487 0.84 -
1593at50557_34720_0:001f31|STRG.12736.3:617-6031|+     -           1805 1621at50557          -           2245    1e-144  482.9  30.6   1   6   3.8e-20   3.3e-18   63.2   0.2   336   467   130   272   117   278 0.84 -
1593at50557_34720_0:001f31|STRG.12736.3:617-6031|+     -           1805 1621at50557          -           2245    1e-144  482.9  30.6   2   6   1.2e-52     1e-50  171.1   1.2   371   754   289   703   274   705 0.85 -
1593at50557_34720_0:001f31|STRG.12736.3:617-6031|+     -           1805 1621at50557          -           2245    1e-144  482.9  30.6   3   6   7.4e-23   6.5e-21   72.2   1.1   300   557   650   920   642   963 0.85 -
1593at50557_34720_0:001f31|STRG.12736.3:617-6031|+     -           1805 1621at50557          -           2245    1e-144  482.9  30.6   4   6     8e-05    0.0071   12.4   0.0   833   884   948  1001   936  1019 0.75 -
1593at50557_34720_0:001f31|STRG.12736.3:617-6031|+     -           1805 1621at50557          -           2245    1e-144  482.9  30.6   5   6   1.1e-27     1e-25   88.2   0.6   615   756  1032  1186  1025  1194 0.89 -
1593at50557_34720_0:001f31|STRG.12736.3:617-6031|+     -           1805 1621at50557          -           2245    1e-144  482.9  30.6   6   6   1.3e-32   1.1e-30  104.6   3.7   263   548  1201  1540  1190  1548 0.75 -
1593at50557_103372_0:00293a|STRG.12736.2:617-6442|+    -           1938 1621at50557          -           2245  1.5e-144  482.3  30.3   1   6   3.7e-20   3.3e-18   63.3   0.2   336   469   130   274   122   286 0.84 -
1593at50557_103372_0:00293a|STRG.12736.2:617-6442|+    -           1938 1621at50557          -           2245  1.5e-144  482.3  30.3   2   6   1.6e-52   1.4e-50  170.6   1.2   371   754   289   703   275   704 0.85 -
1593at50557_103372_0:00293a|STRG.12736.2:617-6442|+    -           1938 1621at50557          -           2245  1.5e-144  482.3  30.3   3   6   8.4e-23   7.4e-21   72.0   0.7   300   556   650   919   645   924 0.84 -
1593at50557_103372_0:00293a|STRG.12736.2:617-6442|+    -           1938 1621at50557          -           2245  1.5e-144  482.3  30.3   4   6   8.1e-05    0.0072   12.4   0.0   833   884   948  1001   933  1019 0.76 -
1593at50557_103372_0:00293a|STRG.12736.2:617-6442|+    -           1938 1621at50557          -           2245  1.5e-144  482.3  30.3   5   6   1.3e-27   1.1e-25   88.0   0.6   615   756  1032  1186  1026  1194 0.89 -
1593at50557_103372_0:00293a|STRG.12736.2:617-6442|+    -           1938 1621at50557          -           2245  1.5e-144  482.3  30.3   6   6   1.4e-32   1.2e-30  104.5   3.7   263   548  1201  1540  1190  1548 0.75 -
1593at50557_103372_0:00293a|STRG.12736.1:617-6445|+    -           1939 1621at50557          -           2245  1.5e-144  482.3  30.3   1   6   3.7e-20   3.3e-18   63.3   0.2   336   469   130   274   122   286 0.84 -
1593at50557_103372_0:00293a|STRG.12736.1:617-6445|+    -           1939 1621at50557          -           2245  1.5e-144  482.3  30.3   2   6   1.6e-52   1.4e-50  170.6   1.2   371   754   289   703   275   704 0.85 -
1593at50557_103372_0:00293a|STRG.12736.1:617-6445|+    -           1939 1621at50557          -           2245  1.5e-144  482.3  30.3   3   6   8.4e-23   7.4e-21   72.0   0.7   300   556   650   919   645   924 0.84 -
1593at50557_103372_0:00293a|STRG.12736.1:617-6445|+    -           1939 1621at50557          -           2245  1.5e-144  482.3  30.3   4   6   8.1e-05    0.0072   12.4   0.0   833   884   948  1001   933  1019 0.76 -
1593at50557_103372_0:00293a|STRG.12736.1:617-6445|+    -           1939 1621at50557          -           2245  1.5e-144  482.3  30.3   5   6   1.3e-27   1.1e-25   88.0   0.6   615   756  1032  1186  1026  1194 0.89 -
1593at50557_103372_0:00293a|STRG.12736.1:617-6445|+    -           1939 1621at50557          -           2245  1.5e-144  482.3  30.3   6   6   1.4e-32   1.2e-30  104.5   3.7   263   548  1201  1540  1190  1548 0.75 -
1593at50557_45779_0:001e66|STRG.14536.1:829-4539|+     -           1237 1621at50557          -           2245  1.1e-140  469.5  52.2   1   4   7.5e-11   6.6e-09   32.4   0.4   829   888    30    90    14   108 0.68 -
1593at50557_45779_0:001e66|STRG.14536.1:829-4539|+     -           1237 1621at50557          -           2245  1.1e-140  469.5  52.2   2   4   2.8e-42   2.5e-40  136.6   9.0   302   685   113   536    96   537 0.81 -
1593at50557_45779_0:001e66|STRG.14536.1:829-4539|+     -           1237 1621at50557          -           2245  1.1e-140  469.5  52.2   3   4   4.1e-90   3.6e-88  295.3  22.8   201   752   346   914   343   919 0.88 -
1593at50557_45779_0:001e66|STRG.14536.1:829-4539|+     -           1237 1621at50557          -           2245  1.1e-140  469.5  52.2   4   4     3e-15   2.6e-13   47.0   0.3   356   531   923  1124   921  1145 0.74 -
1593at50557_28612_0:003870|STRG.10954.1:197-4054|+     -           1286 1621at50557          -           2245  7.7e-126  420.2  24.3   1   4   7.6e-52   6.7e-50  168.4   3.7   341   689     2   386     1   387 0.86 -
1593at50557_28612_0:003870|STRG.10954.1:197-4054|+     -           1286 1621at50557          -           2245  7.7e-126  420.2  24.3   2   4   5.2e-38   4.6e-36  122.5   6.0   512   761   431   698   400   707 0.83 -
1593at50557_28612_0:003870|STRG.10954.1:197-4054|+     -           1286 1621at50557          -           2245  7.7e-126  420.2  24.3   3   4   7.2e-30   6.3e-28   95.5   0.2   338   585   675   942   671   949 0.82 -
1593at50557_28612_0:003870|STRG.10954.1:197-4054|+     -           1286 1621at50557          -           2245  7.7e-126  420.2  24.3   4   4   3.3e-15   2.9e-13   46.9   0.2   384   493   952  1071   942  1089 0.84 -
1621at50557_7224_0:00030d|STRG.16460.1:3-2255|+        -            751 1621at50557          -           2245  1.7e-124  415.8   9.2   1   3   1.4e-43   1.2e-41  141.0   0.1   378   603     1   237     1   238 0.92 -
1621at50557_7224_0:00030d|STRG.16460.1:3-2255|+        -            751 1621at50557          -           2245  1.7e-124  415.8   9.2   2   3   5.2e-46   4.6e-44  149.0   0.5   204   496   236   543   231   547 0.87 -
1621at50557_7224_0:00030d|STRG.16460.1:3-2255|+        -            751 1621at50557          -           2245  1.7e-124  415.8   9.2   3   3     7e-41   6.2e-39  132.0   0.3   397   586   548   736   544   748 0.93 -
1621at50557_7224_0:00030d|STRG.14536.2:1368-3707|+     -            780 1621at50557          -           2245  3.1e-102  342.0  26.8   1   2   1.1e-90   9.4e-89  297.2  21.4   203   752     2   568     1   573 0.88 -
1621at50557_7224_0:00030d|STRG.14536.2:1368-3707|+     -            780 1621at50557          -           2245  3.1e-102  342.0  26.8   2   2   2.7e-15   2.4e-13   47.1   0.2   356   523   577   768   575   779 0.75 -
1621at50557_7224_0:00030d|STRG.14536.3:2092-4431|+     -            780 1621at50557          -           2245  3.1e-102  342.0  26.8   1   2   1.1e-90   9.4e-89  297.2  21.4   203   752     2   568     1   573 0.88 -
1621at50557_7224_0:00030d|STRG.14536.3:2092-4431|+     -            780 1621at50557          -           2245  3.1e-102  342.0  26.8   2   2   2.7e-15   2.4e-13   47.1   0.2   356   523   577   768   575   779 0.75 -
1621at50557_7224_0:00030d|STRG.14536.4:1912-4251|+     -            780 1621at50557          -           2245  3.1e-102  342.0  26.8   1   2   1.1e-90   9.4e-89  297.2  21.4   203   752     2   568     1   573 0.88 -
1621at50557_7224_0:00030d|STRG.14536.4:1912-4251|+     -            780 1621at50557          -           2245  3.1e-102  342.0  26.8   2   2   2.7e-15   2.4e-13   47.1   0.2   356   523   577   768   575   779 0.75 -
1621at50557_7224_0:00030d|STRG.14536.5:1230-3569|+     -            780 1621at50557          -           2245  3.1e-102  342.0  26.8   1   2   1.1e-90   9.4e-89  297.2  21.4   203   752     2   568     1   573 0.88 -
1621at50557_7224_0:00030d|STRG.14536.5:1230-3569|+     -            780 1621at50557          -           2245  3.1e-102  342.0  26.8   2   2   2.7e-15   2.4e-13   47.1   0.2   356   523   577   768   575   779 0.75 -
1621at50557_34740_0:0011e2|STRG.318.1:557-4216|+       -           1220 1621at50557          -           2245   3.6e-94  315.2  29.2   1   4   1.1e-24   9.4e-23   78.3   0.6   653   788     3   160     1   162 0.70 -
1621at50557_34740_0:0011e2|STRG.318.1:557-4216|+       -           1220 1621at50557          -           2245   3.6e-94  315.2  29.2   2   4   5.4e-67   4.7e-65  218.6  17.3   263   872   124   800   120   800 0.80 -
1621at50557_34740_0:0011e2|STRG.318.1:557-4216|+       -           1220 1621at50557          -           2245   3.6e-94  315.2  29.2   3   4   2.2e-14     2e-12   44.1   0.2   854  1188   676  1021   672  1052 0.79 -
1621at50557_34740_0:0011e2|STRG.318.1:557-4216|+       -           1220 1621at50557          -           2245   3.6e-94  315.2  29.2   4   4     0.012       1.1    5.2   0.0  1291  1369  1137  1219  1080  1220 0.70 -
1621at50557_307491_0:00188f|STRG.14385.5:2288-4258|+   -            657 1621at50557          -           2245   6.7e-88  294.4  21.9   1   2   2.1e-14   1.9e-12   44.2   0.2   523   642    21   140     3   145 0.85 -
1621at50557_307491_0:00188f|STRG.14385.5:2288-4258|+   -            657 1621at50557          -           2245   6.7e-88  294.4  21.9   2   2   2.3e-77   2.1e-75  253.0  17.0   353   807   159   657   153   657 0.84 -
1621at50557_307491_0:00188f|STRG.14385.6:2288-4249|+   -            654 1621at50557          -           2245   2.3e-87  292.6  22.8   1   2   4.4e-14   3.9e-12   43.1   0.3   537   642    32   137     6   142 0.84 -
1621at50557_307491_0:00188f|STRG.14385.6:2288-4249|+   -            654 1621at50557          -           2245   2.3e-87  292.6  22.8   2   2   2.3e-77     2e-75  253.0  17.0   353   807   156   654   150   654 0.84 -
26394at50557_93721_0:002749|STRG.2438.2:3096-4700|+    -            535 1621at50557          -           2245   2.7e-85  285.7  14.3   1   2   6.2e-50   5.4e-48  162.0   2.2   269   574     2   337     1   338 0.84 -
26394at50557_93721_0:002749|STRG.2438.2:3096-4700|+    -            535 1621at50557          -           2245   2.7e-85  285.7  14.3   2   2   1.6e-42   1.4e-40  137.5   4.6   355   616   213   485   207   502 0.86 -
1621at50557_7224_0:00030d|STRG.316.2:622-3018|+        -            799 1621at50557          -           2245   4.9e-84  281.6  30.8   1   2   5.2e-31   4.6e-29   99.3   2.1   553   758     3   225     1   257 0.85 -
1621at50557_7224_0:00030d|STRG.316.2:622-3018|+        -            799 1621at50557          -           2245   4.9e-84  281.6  30.8   2   2   1.8e-57   1.6e-55  187.0  22.1   396   872   284   799   236   799 0.81 -
12010at50557_7004_0:001caf|STRG.14385.1:615-4748|+     -           1378 1621at50557          -           2245   1.3e-79  266.9  32.0   1   6   2.2e-31     2e-29  100.5   1.5   420   647    12   259     1   262 0.84 -
12010at50557_7004_0:001caf|STRG.14385.1:615-4748|+     -           1378 1621at50557          -           2245   1.3e-79  266.9  32.0   2   6   3.3e-29   2.9e-27   93.3   3.1   440   637   263   476   239   477 0.84 -
12010at50557_7004_0:001caf|STRG.14385.1:615-4748|+     -           1378 1621at50557          -           2245   1.3e-79  266.9  32.0   3   6   2.8e-07   2.5e-05   20.6   0.1   707   754   449   497   427   508 0.84 -
12010at50557_7004_0:001caf|STRG.14385.1:615-4748|+     -           1378 1621at50557          -           2245   1.3e-79  266.9  32.0   4   6   2.3e-25     2e-23   80.5   0.2   936  1405   486  1013   484  1035 0.74 -
12010at50557_7004_0:001caf|STRG.14385.1:615-4748|+     -           1378 1621at50557          -           2245   1.3e-79  266.9  32.0   5   6       1.6   1.4e+02   -1.8   0.0  1290  1380  1129  1218  1126  1263 0.53 -
12010at50557_7004_0:001caf|STRG.14385.1:615-4748|+     -           1378 1621at50557          -           2245   1.3e-79  266.9  32.0   6   6     0.096       8.5    2.2   7.5  1182  1232  1261  1310  1253  1313 0.88 -
12010at50557_7004_0:001caf|STRG.14385.2:5582-9715|+    -           1378 1621at50557          -           2245   1.3e-79  266.9  32.0   1   6   2.2e-31     2e-29  100.5   1.5   420   647    12   259     1   262 0.84 -
12010at50557_7004_0:001caf|STRG.14385.2:5582-9715|+    -           1378 1621at50557          -           2245   1.3e-79  266.9  32.0   2   6   3.3e-29   2.9e-27   93.3   3.1   440   637   263   476   239   477 0.84 -
12010at50557_7004_0:001caf|STRG.14385.2:5582-9715|+    -           1378 1621at50557          -           2245   1.3e-79  266.9  32.0   3   6   2.8e-07   2.5e-05   20.6   0.1   707   754   449   497   427   508 0.84 -
12010at50557_7004_0:001caf|STRG.14385.2:5582-9715|+    -           1378 1621at50557          -           2245   1.3e-79  266.9  32.0   4   6   2.3e-25     2e-23   80.5   0.2   936  1405   486  1013   484  1035 0.74 -
12010at50557_7004_0:001caf|STRG.14385.2:5582-9715|+    -           1378 1621at50557          -           2245   1.3e-79  266.9  32.0   5   6       1.6   1.4e+02   -1.8   0.0  1290  1380  1129  1218  1126  1263 0.53 -
12010at50557_7004_0:001caf|STRG.14385.2:5582-9715|+    -           1378 1621at50557          -           2245   1.3e-79  266.9  32.0   6   6     0.096       8.5    2.2   7.5  1182  1232  1261  1310  1253  1313 0.88 -
12010at50557_7004_0:001caf|STRG.14385.3:5582-9715|+    -           1378 1621at50557          -           2245   1.3e-79  266.9  32.0   1   6   2.2e-31     2e-29  100.5   1.5   420   647    12   259     1   262 0.84 -
12010at50557_7004_0:001caf|STRG.14385.3:5582-9715|+    -           1378 1621at50557          -           2245   1.3e-79  266.9  32.0   2   6   3.3e-29   2.9e-27   93.3   3.1   440   637   263   476   239   477 0.84 -
12010at50557_7004_0:001caf|STRG.14385.3:5582-9715|+    -           1378 1621at50557          -           2245   1.3e-79  266.9  32.0   3   6   2.8e-07   2.5e-05   20.6   0.1   707   754   449   497   427   508 0.84 -
12010at50557_7004_0:001caf|STRG.14385.3:5582-9715|+    -           1378 1621at50557          -           2245   1.3e-79  266.9  32.0   4   6   2.3e-25     2e-23   80.5   0.2   936  1405   486  1013   484  1035 0.74 -
12010at50557_7004_0:001caf|STRG.14385.3:5582-9715|+    -           1378 1621at50557          -           2245   1.3e-79  266.9  32.0   5   6       1.6   1.4e+02   -1.8   0.0  1290  1380  1129  1218  1126  1263 0.53 -
12010at50557_7004_0:001caf|STRG.14385.3:5582-9715|+    -           1378 1621at50557          -           2245   1.3e-79  266.9  32.0   6   6     0.096       8.5    2.2   7.5  1182  1232  1261  1310  1253  1313 0.88 -
12010at50557_7004_0:001caf|STRG.14385.4:5573-9706|+    -           1378 1621at50557          -           2245   1.3e-79  266.9  32.0   1   6   2.2e-31     2e-29  100.5   1.5   420   647    12   259     1   262 0.84 -
12010at50557_7004_0:001caf|STRG.14385.4:5573-9706|+    -           1378 1621at50557          -           2245   1.3e-79  266.9  32.0   2   6   3.3e-29   2.9e-27   93.3   3.1   440   637   263   476   239   477 0.84 -
12010at50557_7004_0:001caf|STRG.14385.4:5573-9706|+    -           1378 1621at50557          -           2245   1.3e-79  266.9  32.0   3   6   2.8e-07   2.5e-05   20.6   0.1   707   754   449   497   427   508 0.84 -
12010at50557_7004_0:001caf|STRG.14385.4:5573-9706|+    -           1378 1621at50557          -           2245   1.3e-79  266.9  32.0   4   6   2.3e-25     2e-23   80.5   0.2   936  1405   486  1013   484  1035 0.74 -
12010at50557_7004_0:001caf|STRG.14385.4:5573-9706|+    -           1378 1621at50557          -           2245   1.3e-79  266.9  32.0   5   6       1.6   1.4e+02   -1.8   0.0  1290  1380  1129  1218  1126  1263 0.53 -
12010at50557_7004_0:001caf|STRG.14385.4:5573-9706|+    -           1378 1621at50557          -           2245   1.3e-79  266.9  32.0   6   6     0.096       8.5    2.2   7.5  1182  1232  1261  1310  1253  1313 0.88 -
1621at50557_319348_0:003555|STRG.2437.1:1956-3425|+    -            490 1621at50557          -           2245   5.3e-79  264.9   7.7   1   1   2.2e-80   1.9e-78  263.0   7.7   307   756     1   473     1   490 0.89 -
1621at50557_1049336_0:0042b9|STRG.16458.1:50-3244|+    -           1065 1621at50557          -           2245   6.7e-76  254.6  25.4   1   3   5.2e-65   4.6e-63  212.0   2.3   699  1231     5   549     2   555 0.89 -
1621at50557_1049336_0:0042b9|STRG.16458.1:50-3244|+    -           1065 1621at50557          -           2245   6.7e-76  254.6  25.4   2   3   5.1e-05    0.0045   13.1   3.9  1184  1235   544   592   544   597 0.86 -
1621at50557_1049336_0:0042b9|STRG.16458.1:50-3244|+    -           1065 1621at50557          -           2245   6.7e-76  254.6  25.4   3   3   4.8e-15   4.2e-13   46.3   8.5  1184  1405   585   843   584   865 0.76 -
1621at50557_246812_0:0009c1|STRG.14536.1:2251-3264|+   -            338 1621at50557          -           2245   6.4e-58  195.0  16.4   1   1   3.3e-58     3e-56  189.4  16.4   322   659     1   338     1   338 0.90 -
1621at50557_7130_0:003793|STRG.316.1:2251-4587|+       -            779 1621at50557          -           2245   4.7e-44  149.0  12.5   1   3   3.4e-33     3e-31  106.5   7.1   344   608     1   281     1   307 0.74 -
1621at50557_7130_0:003793|STRG.316.1:2251-4587|+       -            779 1621at50557          -           2245   4.7e-44  149.0  12.5   2   3   2.3e-14     2e-12   44.1   0.2   861  1160   241   552   235   583 0.76 -
1621at50557_7130_0:003793|STRG.316.1:2251-4587|+       -            779 1621at50557          -           2245   4.7e-44  149.0  12.5   3   3     0.028       2.5    3.9   0.0  1291  1369   696   778   641   779 0.69 -
1621at50557_67767_0:002d72|STRG.9515.1:10698-12944|+   -            749 1621at50557          -           2245   5.8e-43  145.4  23.3   1   2   6.3e-42   5.6e-40  135.5  12.7   789  1230    12   477     5   477 0.84 -
1621at50557_67767_0:002d72|STRG.9515.1:10698-12944|+   -            749 1621at50557          -           2245   5.8e-43  145.4  23.3   2   2   8.6e-06   0.00076   15.6   6.2  1181  1418   470   722   460   729 0.61 -
1621at50557_67767_0:002d72|STRG.9515.3:6714-8960|+     -            749 1621at50557          -           2245   5.8e-43  145.4  23.3   1   2   6.3e-42   5.6e-40  135.5  12.7   789  1230    12   477     5   477 0.84 -
1621at50557_67767_0:002d72|STRG.9515.3:6714-8960|+     -            749 1621at50557          -           2245   5.8e-43  145.4  23.3   2   2   8.6e-06   0.00076   15.6   6.2  1181  1418   470   722   460   729 0.61 -
1621at50557_67767_0:002d72|STRG.9515.4:6714-8960|+     -            749 1621at50557          -           2245   5.8e-43  145.4  23.3   1   2   6.3e-42   5.6e-40  135.5  12.7   789  1230    12   477     5   477 0.84 -
1621at50557_67767_0:002d72|STRG.9515.4:6714-8960|+     -            749 1621at50557          -           2245   5.8e-43  145.4  23.3   2   2   8.6e-06   0.00076   15.6   6.2  1181  1418   470   722   460   729 0.61 -
26394at50557_34720_0:00274e|STRG.15819.2:341-2898|+    -            801 1621at50557          -           2245   3.5e-42  142.8   0.1   1   2   5.9e-27   5.2e-25   85.8   0.0   268   464    45   258    25   262 0.83 -
26394at50557_34720_0:00274e|STRG.15819.2:341-2898|+    -            801 1621at50557          -           2245   3.5e-42  142.8   0.1   2   2   1.5e-17   1.3e-15   54.6   0.1   370   604   272   507   270   553 0.82 -
26394at50557_34720_0:00274e|STRG.15819.1:341-2743|+    -            801 1621at50557          -           2245   3.5e-42  142.8   0.1   1   2   5.9e-27   5.2e-25   85.8   0.0   268   464    45   258    25   262 0.83 -
26394at50557_34720_0:00274e|STRG.15819.1:341-2743|+    -            801 1621at50557          -           2245   3.5e-42  142.8   0.1   2   2   1.5e-17   1.3e-15   54.6   0.1   370   604   272   507   270   553 0.82 -
1621at50557_7130_0:0037c3|STRG.316.1:912-2012|+        -            367 1621at50557          -           2245   1.3e-39  134.3   8.5   1   2   2.6e-31   2.3e-29  100.3   2.3   554   758     1   222     1   256 0.84 -
1621at50557_7130_0:0037c3|STRG.316.1:912-2012|+        -            367 1621at50557          -           2245   1.3e-39  134.3   8.5   2   2   1.7e-12   1.5e-10   37.8   0.9   396   483   281   367   232   367 0.79 -
1621at50557_246812_0:0009c1|STRG.10953.1:476-1411|+    -            312 1621at50557          -           2245   2.6e-39  133.2   2.2   1   1   3.2e-41   2.8e-39  133.1   2.2   511   755    48   312     3   312 0.86 -
1621at50557_246812_0:0009c1|STRG.10953.2:689-1624|+    -            312 1621at50557          -           2245   2.6e-39  133.2   2.2   1   1   3.2e-41   2.8e-39  133.1   2.2   511   755    48   312     3   312 0.86 -
1621at50557_246812_0:0009c1|STRG.16459.1:26-883|+      -            286 1621at50557          -           2245   3.9e-37  126.0   1.7   1   1   5.3e-38   4.6e-36  122.5   1.8   268   530     2   284     1   285 0.83 -
26394at50557_88501_0:000053|STRG.16461.1:51-533|+      -            161 1621at50557          -           2245   4.1e-31  106.1   4.7   1   1   5.4e-33   4.8e-31  105.8   4.7   545   698     2   158     1   160 0.93 -
1621at50557_29031_0:001ae0|STRG.16826.1:8038-9054|+    -            339 1621at50557          -           2245   3.8e-26   89.6   0.2   1   3   4.3e-28   3.8e-26   89.6   0.2  2117  2227     1   125     1   136 0.78 -
1621at50557_29031_0:001ae0|STRG.16826.1:8038-9054|+    -            339 1621at50557          -           2245   3.8e-26   89.6   0.2   2   3     0.038       3.4    3.5   6.6  2182  2241   129   192   119   196 0.74 -
1621at50557_29031_0:001ae0|STRG.16826.1:8038-9054|+    -            339 1621at50557          -           2245   3.8e-26   89.6   0.2   3   3      0.02       1.8    4.4   2.1  2229  2245   222   238   194   238 0.81 -
1621at50557_168631_0:0013c1|STRG.9515.2:7253-8656|+    -            468 1621at50557          -           2245   8.2e-25   85.2   8.8   1   2   1.8e-23   1.6e-21   74.2   4.9   917  1219     2   326     1   331 0.81 -
1621at50557_168631_0:0013c1|STRG.9515.2:7253-8656|+    -            468 1621at50557          -           2245   8.2e-25   85.2   8.8   2   2   6.9e-05    0.0061   12.6   0.2  1181  1305   332   459   322   468 0.56 -
1621at50557_168631_0:0013c1|STRG.9515.5:7152-8555|+    -            468 1621at50557          -           2245   8.2e-25   85.2   8.8   1   2   1.8e-23   1.6e-21   74.2   4.9   917  1219     2   326     1   331 0.81 -
1621at50557_168631_0:0013c1|STRG.9515.5:7152-8555|+    -            468 1621at50557          -           2245   8.2e-25   85.2   8.8   2   2   6.9e-05    0.0061   12.6   0.2  1181  1305   332   459   322   468 0.56 -
26394at50557_88501_0:000053|STRG.16461.2:3-584|+       -            194 1621at50557          -           2245   1.8e-22   77.4   0.2   1   1   9.1e-24     8e-22   75.2   0.2   544   718     1   194     1   194 0.83 -
7376at50557_56086_0:0051ad|STRG.256.1:1609-2208|+      -            200 1621at50557          -           2245   1.4e-13   47.9  65.4   1   6       1.7   1.5e+02   -1.9   0.2  1395  1408     2    15     1    17 0.76 -
7376at50557_56086_0:0051ad|STRG.256.1:1609-2208|+      -            200 1621at50557          -           2245   1.4e-13   47.9  65.4   2   6   4.9e-08   4.3e-06   23.1  11.5  1181  1230    18    63    16    63 0.95 -
7376at50557_56086_0:0051ad|STRG.256.1:1609-2208|+      -            200 1621at50557          -           2245   1.4e-13   47.9  65.4   3   6     2e-06   0.00017   17.7  11.1  1182  1230    57   100    54   101 0.92 -
7376at50557_56086_0:0051ad|STRG.256.1:1609-2208|+      -            200 1621at50557          -           2245   1.4e-13   47.9  65.4   4   6   6.1e-09   5.4e-07   26.1  11.6  1182  1231    94   139    88   144 0.93 -
7376at50557_56086_0:0051ad|STRG.256.1:1609-2208|+      -            200 1621at50557          -           2245   1.4e-13   47.9  65.4   5   6   5.8e-05    0.0051   12.9   6.5  1201  1230   147   176   141   177 0.94 -
7376at50557_56086_0:0051ad|STRG.256.1:1609-2208|+      -            200 1621at50557          -           2245   1.4e-13   47.9  65.4   6   6   0.00015     0.013   11.5   5.5  1176  1216   164   200   164   200 0.92 -
7376at50557_56086_0:0051ad|STRG.256.4:2414-3013|+      -            200 1621at50557          -           2245   1.4e-13   47.9  65.4   1   6       1.7   1.5e+02   -1.9   0.2  1395  1408     2    15     1    17 0.76 -
7376at50557_56086_0:0051ad|STRG.256.4:2414-3013|+      -            200 1621at50557          -           2245   1.4e-13   47.9  65.4   2   6   4.9e-08   4.3e-06   23.1  11.5  1181  1230    18    63    16    63 0.95 -
7376at50557_56086_0:0051ad|STRG.256.4:2414-3013|+      -            200 1621at50557          -           2245   1.4e-13   47.9  65.4   3   6     2e-06   0.00017   17.7  11.1  1182  1230    57   100    54   101 0.92 -
7376at50557_56086_0:0051ad|STRG.256.4:2414-3013|+      -            200 1621at50557          -           2245   1.4e-13   47.9  65.4   4   6   6.1e-09   5.4e-07   26.1  11.6  1182  1231    94   139    88   144 0.93 -
7376at50557_56086_0:0051ad|STRG.256.4:2414-3013|+      -            200 1621at50557          -           2245   1.4e-13   47.9  65.4   5   6   5.8e-05    0.0051   12.9   6.5  1201  1230   147   176   141   177 0.94 -
7376at50557_56086_0:0051ad|STRG.256.4:2414-3013|+      -            200 1621at50557          -           2245   1.4e-13   47.9  65.4   6   6   0.00015     0.013   11.5   5.5  1176  1216   164   200   164   200 0.92 -
7376at50557_197043_0:00330b|STRG.14184.1:3593-4603|+   -            337 1621at50557          -           2245   1.7e-13   47.6   1.5   1   2    0.0014      0.12    8.3   0.7  1360  1408     7    60     3    67 0.81 -
7376at50557_197043_0:00330b|STRG.14184.1:3593-4603|+   -            337 1621at50557          -           2245   1.7e-13   47.6   1.5   2   2   1.8e-12   1.6e-10   37.8   0.0  1184  1305   146   301   140   322 0.73 -
1621at50557_319348_0:0027fd|STRG.14385.3:7868-9541|+   -            558 1621at50557          -           2245   5.5e-13   45.9   1.3   1   3   6.3e-15   5.5e-13   45.9   1.3  1208  1406     1   261     1   275 0.69 -
1621at50557_319348_0:0027fd|STRG.14385.3:7868-9541|+   -            558 1621at50557          -           2245   5.5e-13   45.9   1.3   2   3      0.45        39   -0.0   0.0  1290  1381   367   457   362   499 0.54 -
1621at50557_319348_0:0027fd|STRG.14385.3:7868-9541|+   -            558 1621at50557          -           2245   5.5e-13   45.9   1.3   3   3     0.051       4.5    3.1   8.2  1181  1232   498   548   485   550 0.88 -
1621at50557_319348_0:0027fd|STRG.14385.4:7859-9532|+   -            558 1621at50557          -           2245   5.5e-13   45.9   1.3   1   3   6.3e-15   5.5e-13   45.9   1.3  1208  1406     1   261     1   275 0.69 -
1621at50557_319348_0:0027fd|STRG.14385.4:7859-9532|+   -            558 1621at50557          -           2245   5.5e-13   45.9   1.3   2   3      0.45        39   -0.0   0.0  1290  1381   367   457   362   499 0.54 -
1621at50557_319348_0:0027fd|STRG.14385.4:7859-9532|+   -            558 1621at50557          -           2245   5.5e-13   45.9   1.3   3   3     0.051       4.5    3.1   8.2  1181  1232   498   548   485   550 0.88 -
7376at50557_56086_0:0051ad|STRG.1981.1:891-1448|+      -            186 1621at50557          -           2245   5.9e-13   45.8  53.1   1   4   8.9e-08   7.9e-06   22.2  11.7  1183  1232    20    65    16    71 0.92 -
7376at50557_56086_0:0051ad|STRG.1981.1:891-1448|+      -            186 1621at50557          -           2245   5.9e-13   45.8  53.1   2   4   2.2e-06    0.0002   17.6  10.5  1183  1231    58   102    56   108 0.94 -
7376at50557_56086_0:0051ad|STRG.1981.1:891-1448|+      -            186 1621at50557          -           2245   5.9e-13   45.8  53.1   3   4   1.8e-07   1.6e-05   21.2  10.3  1181  1231    94   140    92   142 0.95 -
7376at50557_56086_0:0051ad|STRG.1981.1:891-1448|+      -            186 1621at50557          -           2245   5.9e-13   45.8  53.1   4   4   9.4e-08   8.3e-06   22.1   9.2  1182  1230   133   177   129   182 0.92 -
7376at50557_56086_0:0051ad|STRG.1981.2:736-1293|+      -            186 1621at50557          -           2245   5.9e-13   45.8  53.1   1   4   8.9e-08   7.9e-06   22.2  11.7  1183  1232    20    65    16    71 0.92 -
7376at50557_56086_0:0051ad|STRG.1981.2:736-1293|+      -            186 1621at50557          -           2245   5.9e-13   45.8  53.1   2   4   2.2e-06    0.0002   17.6  10.5  1183  1231    58   102    56   108 0.94 -
7376at50557_56086_0:0051ad|STRG.1981.2:736-1293|+      -            186 1621at50557          -           2245   5.9e-13   45.8  53.1   3   4   1.8e-07   1.6e-05   21.2  10.3  1181  1231    94   140    92   142 0.95 -
7376at50557_56086_0:0051ad|STRG.1981.2:736-1293|+      -            186 1621at50557          -           2245   5.9e-13   45.8  53.1   4   4   9.4e-08   8.3e-06   22.1   9.2  1182  1230   133   177   129   182 0.92 -
7376at50557_56086_0:0051ad|STRG.1981.3:1989-2546|+     -            186 1621at50557          -           2245   5.9e-13   45.8  53.1   1   4   8.9e-08   7.9e-06   22.2  11.7  1183  1232    20    65    16    71 0.92 -
7376at50557_56086_0:0051ad|STRG.1981.3:1989-2546|+     -            186 1621at50557          -           2245   5.9e-13   45.8  53.1   2   4   2.2e-06    0.0002   17.6  10.5  1183  1231    58   102    56   108 0.94 -
7376at50557_56086_0:0051ad|STRG.1981.3:1989-2546|+     -            186 1621at50557          -           2245   5.9e-13   45.8  53.1   3   4   1.8e-07   1.6e-05   21.2  10.3  1181  1231    94   140    92   142 0.95 -
7376at50557_56086_0:0051ad|STRG.1981.3:1989-2546|+     -            186 1621at50557          -           2245   5.9e-13   45.8  53.1   4   4   9.4e-08   8.3e-06   22.1   9.2  1182  1230   133   177   129   182 0.92 -
1621at50557_378494_0:001a4c|STRG.13138.1:903-2045|+    -            381 1621at50557          -           2245   2.1e-11   40.7   0.0   1   2     2e-09   1.7e-07   27.7   0.0  1216  1410     6   220     2   226 0.75 -
1621at50557_378494_0:001a4c|STRG.13138.1:903-2045|+    -            381 1621at50557          -           2245   2.1e-11   40.7   0.0   2   2    0.0002     0.017   11.1   0.0  1227  1292   237   314   223   342 0.75 -
1621at50557_378494_0:001a4c|STRG.13138.2:782-1924|+    -            381 1621at50557          -           2245   2.1e-11   40.7   0.0   1   2     2e-09   1.7e-07   27.7   0.0  1216  1410     6   220     2   226 0.75 -
1621at50557_378494_0:001a4c|STRG.13138.2:782-1924|+    -            381 1621at50557          -           2245   2.1e-11   40.7   0.0   2   2    0.0002     0.017   11.1   0.0  1227  1292   237   314   223   342 0.75 -
66267at50557_1218281_0:002818|STRG.1981.2:853-1296|+   -            148 1621at50557          -           2245   3.7e-10   36.5  46.7   1   4    0.0019      0.17    7.9   4.9  1208  1231     2    25     1    28 0.94 -
66267at50557_1218281_0:002818|STRG.1981.2:853-1296|+   -            148 1621at50557          -           2245   3.7e-10   36.5  46.7   2   4   2.5e-06   0.00023   17.4  11.0  1183  1231    19    63    17    66 0.95 -
66267at50557_1218281_0:002818|STRG.1981.2:853-1296|+   -            148 1621at50557          -           2245   3.7e-10   36.5  46.7   3   4   1.2e-07   1.1e-05   21.8  10.2  1181  1230    55   100    53   102 0.96 -
66267at50557_1218281_0:002818|STRG.1981.2:853-1296|+   -            148 1621at50557          -           2245   3.7e-10   36.5  46.7   4   4   9.3e-08   8.2e-06   22.1   9.5  1182  1230    94   138    91   144 0.93 -
7376at50557_56086_0:0051ad|STRG.256.5:528-1184|+       -            219 1621at50557          -           2245     5e-09   32.8  58.7   1   5   0.00058     0.051    9.6   2.9  1206  1231     5    30     2    34 0.91 -
7376at50557_56086_0:0051ad|STRG.256.5:528-1184|+       -            219 1621at50557          -           2245     5e-09   32.8  58.7   2   5   4.6e-07   4.1e-05   19.8   9.8  1182  1231    23    68    21    72 0.93 -
7376at50557_56086_0:0051ad|STRG.256.5:528-1184|+       -            219 1621at50557          -           2245     5e-09   32.8  58.7   3   5   6.1e-05    0.0054   12.8  12.0  1181  1231    60   106    58   108 0.94 -
7376at50557_56086_0:0051ad|STRG.256.5:528-1184|+       -            219 1621at50557          -           2245     5e-09   32.8  58.7   4   5   2.4e-05    0.0021   14.2  14.5  1179  1230    96   143    93   143 0.92 -
7376at50557_56086_0:0051ad|STRG.256.5:528-1184|+       -            219 1621at50557          -           2245     5e-09   32.8  58.7   5   5   6.4e-08   5.6e-06   22.7  10.3  1182  1231   137   182   134   190 0.93 -
7376at50557_56086_0:0051ad|STRG.8290.1:7356-7901|+     -            182 1621at50557          -           2245     1e-08   31.7  41.8   1   4      0.66        59   -0.6   3.3  1211  1235     1    26     1    40 0.78 -
7376at50557_56086_0:0051ad|STRG.8290.1:7356-7901|+     -            182 1621at50557          -           2245     1e-08   31.7  41.8   2   4   1.1e-06    0.0001   18.5   7.0  1181  1231    52    97    47   101 0.91 -
7376at50557_56086_0:0051ad|STRG.8290.1:7356-7901|+     -            182 1621at50557          -           2245     1e-08   31.7  41.8   3   4   1.3e-06   0.00011   18.4   9.5  1184  1231    92   135    89   141 0.92 -
7376at50557_56086_0:0051ad|STRG.8290.1:7356-7901|+     -            182 1621at50557          -           2245     1e-08   31.7  41.8   4   4   3.8e-07   3.3e-05   20.1   9.3  1181  1230   127   172   124   176 0.92 -
7376at50557_56086_0:0051ad|STRG.8290.2:6520-7065|+     -            182 1621at50557          -           2245     1e-08   31.7  41.8   1   4      0.66        59   -0.6   3.3  1211  1235     1    26     1    40 0.78 -
7376at50557_56086_0:0051ad|STRG.8290.2:6520-7065|+     -            182 1621at50557          -           2245     1e-08   31.7  41.8   2   4   1.1e-06    0.0001   18.5   7.0  1181  1231    52    97    47   101 0.91 -
7376at50557_56086_0:0051ad|STRG.8290.2:6520-7065|+     -            182 1621at50557          -           2245     1e-08   31.7  41.8   3   4   1.3e-06   0.00011   18.4   9.5  1184  1231    92   135    89   141 0.92 -
7376at50557_56086_0:0051ad|STRG.8290.2:6520-7065|+     -            182 1621at50557          -           2245     1e-08   31.7  41.8   4   4   3.8e-07   3.3e-05   20.1   9.3  1181  1230   127   172   124   176 0.92 -
7376at50557_56086_0:0051ad|STRG.8290.3:6520-7065|+     -            182 1621at50557          -           2245     1e-08   31.7  41.8   1   4      0.66        59   -0.6   3.3  1211  1235     1    26     1    40 0.78 -
7376at50557_56086_0:0051ad|STRG.8290.3:6520-7065|+     -            182 1621at50557          -           2245     1e-08   31.7  41.8   2   4   1.1e-06    0.0001   18.5   7.0  1181  1231    52    97    47   101 0.91 -
7376at50557_56086_0:0051ad|STRG.8290.3:6520-7065|+     -            182 1621at50557          -           2245     1e-08   31.7  41.8   3   4   1.3e-06   0.00011   18.4   9.5  1184  1231    92   135    89   141 0.92 -
7376at50557_56086_0:0051ad|STRG.8290.3:6520-7065|+     -            182 1621at50557          -           2245     1e-08   31.7  41.8   4   4   3.8e-07   3.3e-05   20.1   9.3  1181  1230   127   172   124   176 0.92 -
7376at50557_56086_0:0051ad|STRG.8290.4:6512-7057|+     -            182 1621at50557          -           2245     1e-08   31.7  41.8   1   4      0.66        59   -0.6   3.3  1211  1235     1    26     1    40 0.78 -
7376at50557_56086_0:0051ad|STRG.8290.4:6512-7057|+     -            182 1621at50557          -           2245     1e-08   31.7  41.8   2   4   1.1e-06    0.0001   18.5   7.0  1181  1231    52    97    47   101 0.91 -
7376at50557_56086_0:0051ad|STRG.8290.4:6512-7057|+     -            182 1621at50557          -           2245     1e-08   31.7  41.8   3   4   1.3e-06   0.00011   18.4   9.5  1184  1231    92   135    89   141 0.92 -
7376at50557_56086_0:0051ad|STRG.8290.4:6512-7057|+     -            182 1621at50557          -           2245     1e-08   31.7  41.8   4   4   3.8e-07   3.3e-05   20.1   9.3  1181  1230   127   172   124   176 0.92 -
7376at50557_64793_0:000e0b|STRG.13936.2:1051-5574|+    -           1508 1621at50557          -           2245   1.7e-08   31.0  13.2   1   5      0.19        17    1.2   1.6  1203  1220   924   941   906   945 0.81 -
7376at50557_64793_0:000e0b|STRG.13936.2:1051-5574|+    -           1508 1621at50557          -           2245   1.7e-08   31.0  13.2   2   5   4.8e-06   0.00042   16.5  11.2  1179  1231   943   992   939   997 0.87 -
7376at50557_64793_0:000e0b|STRG.13936.2:1051-5574|+    -           1508 1621at50557          -           2245   1.7e-08   31.0  13.2   3   5     0.004      0.35    6.8  10.0  1184  1231   987  1030   984  1035 0.95 -
7376at50557_64793_0:000e0b|STRG.13936.2:1051-5574|+    -           1508 1621at50557          -           2245   1.7e-08   31.0  13.2   4   5   7.1e-05    0.0062   12.6  11.4  1181  1237  1062  1114  1056  1118 0.90 -
7376at50557_64793_0:000e0b|STRG.13936.2:1051-5574|+    -           1508 1621at50557          -           2245   1.7e-08   31.0  13.2   5   5   2.2e-08     2e-06   24.2   0.0  1224  1393  1159  1345  1129  1353 0.71 -
1621at50557_38123_0:00357e|STRG.2400.2:3702-3953|+     -             84 1621at50557          -           2245   3.2e-08   30.1  27.4   1   2   9.6e-09   8.4e-07   25.4  10.1  1598  1642     1    49     1    50 0.85 -
1621at50557_38123_0:00357e|STRG.2400.2:3702-3953|+     -             84 1621at50557          -           2245   3.2e-08   30.1  27.4   2   2   0.00025     0.022   10.8  11.4  1597  1630    48    84    44    84 0.86 -
1621at50557_38123_0:00357e|STRG.2400.3:2808-3059|+     -             84 1621at50557          -           2245   3.2e-08   30.1  27.4   1   2   9.6e-09   8.4e-07   25.4  10.1  1598  1642     1    49     1    50 0.85 -
1621at50557_38123_0:00357e|STRG.2400.3:2808-3059|+     -             84 1621at50557          -           2245   3.2e-08   30.1  27.4   2   2   0.00025     0.022   10.8  11.4  1597  1630    48    84    44    84 0.86 -
7376at50557_197043_0:00330b|STRG.3668.1:2057-3040|+    -            328 1621at50557          -           2245   4.3e-07   26.4  28.2   1   7      0.18        16    1.3   5.1  1181  1220    16    51    12    56 0.86 -
7376at50557_197043_0:00330b|STRG.3668.1:2057-3040|+    -            328 1621at50557          -           2245   4.3e-07   26.4  28.2   2   7    0.0018      0.16    7.9  10.8  1183  1231    57   103    54   107 0.90 -
7376at50557_197043_0:00330b|STRG.3668.1:2057-3040|+    -            328 1621at50557          -           2245   4.3e-07   26.4  28.2   3   7     0.087       7.7    2.3   9.6  1188  1231   102   141   102   142 0.87 -
7376at50557_197043_0:00330b|STRG.3668.1:2057-3040|+    -            328 1621at50557          -           2245   4.3e-07   26.4  28.2   4   7     6e-07   5.3e-05   19.5  10.0  1181  1230   133   178   130   182 0.94 -
7376at50557_197043_0:00330b|STRG.3668.1:2057-3040|+    -            328 1621at50557          -           2245   4.3e-07   26.4  28.2   5   7   3.1e-07   2.7e-05   20.4  10.3  1181  1231   171   217   168   220 0.93 -
7376at50557_197043_0:00330b|STRG.3668.1:2057-3040|+    -            328 1621at50557          -           2245   4.3e-07   26.4  28.2   6   7   0.00086     0.076    9.0   5.7  1199  1231   224   256   217   258 0.91 -
7376at50557_197043_0:00330b|STRG.3668.1:2057-3040|+    -            328 1621at50557          -           2245   4.3e-07   26.4  28.2   7   7   5.1e-05    0.0045   13.0   7.2  1182  1224   249   287   247   296 0.89 -
7376at50557_197043_0:00330b|STRG.3668.2:1737-2720|+    -            328 1621at50557          -           2245   4.3e-07   26.4  28.2   1   7      0.18        16    1.3   5.1  1181  1220    16    51    12    56 0.86 -
7376at50557_197043_0:00330b|STRG.3668.2:1737-2720|+    -            328 1621at50557          -           2245   4.3e-07   26.4  28.2   2   7    0.0018      0.16    7.9  10.8  1183  1231    57   103    54   107 0.90 -
7376at50557_197043_0:00330b|STRG.3668.2:1737-2720|+    -            328 1621at50557          -           2245   4.3e-07   26.4  28.2   3   7     0.087       7.7    2.3   9.6  1188  1231   102   141   102   142 0.87 -
7376at50557_197043_0:00330b|STRG.3668.2:1737-2720|+    -            328 1621at50557          -           2245   4.3e-07   26.4  28.2   4   7     6e-07   5.3e-05   19.5  10.0  1181  1230   133   178   130   182 0.94 -
7376at50557_197043_0:00330b|STRG.3668.2:1737-2720|+    -            328 1621at50557          -           2245   4.3e-07   26.4  28.2   5   7   3.1e-07   2.7e-05   20.4  10.3  1181  1231   171   217   168   220 0.93 -
7376at50557_197043_0:00330b|STRG.3668.2:1737-2720|+    -            328 1621at50557          -           2245   4.3e-07   26.4  28.2   6   7   0.00086     0.076    9.0   5.7  1199  1231   224   256   217   258 0.91 -
7376at50557_197043_0:00330b|STRG.3668.2:1737-2720|+    -            328 1621at50557          -           2245   4.3e-07   26.4  28.2   7   7   5.1e-05    0.0045   13.0   7.2  1182  1224   249   287   247   296 0.89 -
66267at50557_7176_0:003529|STRG.8290.1:7908-8474|+     -            189 1621at50557          -           2245   1.6e-06   24.5  48.4   1   4     3e-08   2.6e-06   23.8   9.6  1178  1230    18    66    14    69 0.92 -
66267at50557_7176_0:003529|STRG.8290.1:7908-8474|+     -            189 1621at50557          -           2245   1.6e-06   24.5  48.4   2   4     5e-05    0.0044   13.1   8.6  1183  1231    61   105    59   111 0.93 -
66267at50557_7176_0:003529|STRG.8290.1:7908-8474|+     -            189 1621at50557          -           2245   1.6e-06   24.5  48.4   3   4    0.0053      0.46    6.4   8.7  1184  1231   100   143    97   148 0.92 -
66267at50557_7176_0:003529|STRG.8290.1:7908-8474|+     -            189 1621at50557          -           2245   1.6e-06   24.5  48.4   4   4    0.0028      0.25    7.3  10.9  1184  1230   138   180   135   185 0.92 -
66267at50557_7176_0:003529|STRG.8290.2:7072-7638|+     -            189 1621at50557          -           2245   1.6e-06   24.5  48.4   1   4     3e-08   2.6e-06   23.8   9.6  1178  1230    18    66    14    69 0.92 -
66267at50557_7176_0:003529|STRG.8290.2:7072-7638|+     -            189 1621at50557          -           2245   1.6e-06   24.5  48.4   2   4     5e-05    0.0044   13.1   8.6  1183  1231    61   105    59   111 0.93 -
66267at50557_7176_0:003529|STRG.8290.2:7072-7638|+     -            189 1621at50557          -           2245   1.6e-06   24.5  48.4   3   4    0.0053      0.46    6.4   8.7  1184  1231   100   143    97   148 0.92 -
66267at50557_7176_0:003529|STRG.8290.2:7072-7638|+     -            189 1621at50557          -           2245   1.6e-06   24.5  48.4   4   4    0.0028      0.25    7.3  10.9  1184  1230   138   180   135   185 0.92 -
66267at50557_7176_0:003529|STRG.8290.3:7072-7638|+     -            189 1621at50557          -           2245   1.6e-06   24.5  48.4   1   4     3e-08   2.6e-06   23.8   9.6  1178  1230    18    66    14    69 0.92 -
66267at50557_7176_0:003529|STRG.8290.3:7072-7638|+     -            189 1621at50557          -           2245   1.6e-06   24.5  48.4   2   4     5e-05    0.0044   13.1   8.6  1183  1231    61   105    59   111 0.93 -
66267at50557_7176_0:003529|STRG.8290.3:7072-7638|+     -            189 1621at50557          -           2245   1.6e-06   24.5  48.4   3   4    0.0053      0.46    6.4   8.7  1184  1231   100   143    97   148 0.92 -
66267at50557_7176_0:003529|STRG.8290.3:7072-7638|+     -            189 1621at50557          -           2245   1.6e-06   24.5  48.4   4   4    0.0028      0.25    7.3  10.9  1184  1230   138   180   135   185 0.92 -
66267at50557_7176_0:003529|STRG.8290.4:7064-7630|+     -            189 1621at50557          -           2245   1.6e-06   24.5  48.4   1   4     3e-08   2.6e-06   23.8   9.6  1178  1230    18    66    14    69 0.92 -
66267at50557_7176_0:003529|STRG.8290.4:7064-7630|+     -            189 1621at50557          -           2245   1.6e-06   24.5  48.4   2   4     5e-05    0.0044   13.1   8.6  1183  1231    61   105    59   111 0.93 -
66267at50557_7176_0:003529|STRG.8290.4:7064-7630|+     -            189 1621at50557          -           2245   1.6e-06   24.5  48.4   3   4    0.0053      0.46    6.4   8.7  1184  1231   100   143    97   148 0.92 -
66267at50557_7176_0:003529|STRG.8290.4:7064-7630|+     -            189 1621at50557          -           2245   1.6e-06   24.5  48.4   4   4    0.0028      0.25    7.3  10.9  1184  1230   138   180   135   185 0.92 -
1621at50557_38123_0:00357e|STRG.2400.1:3521-3766|+     -             82 1621at50557          -           2245   2.3e-06   24.0  28.3   1   1   1.2e-05    0.0011   15.1  28.3  1568  1630     1    82     1    82 0.75 -
66267at50557_680683_0:00177e|STRG.2400.3:2070-3056|+   -            329 1621at50557          -           2245   1.9e-05   20.9  12.0   1   3      0.15        13    1.6  23.1  1594  1642    32    81     2    93 0.74 -
66267at50557_680683_0:00177e|STRG.2400.3:2070-3056|+   -            329 1621at50557          -           2245   1.9e-05   20.9  12.0   2   3   2.1e-07   1.9e-05   20.9  12.0  1597  1642   246   295   243   296 0.84 -
66267at50557_680683_0:00177e|STRG.2400.3:2070-3056|+   -            329 1621at50557          -           2245   1.9e-05   20.9  12.0   3   3    0.0043      0.38    6.6   8.3  1597  1628   294   328   288   329 0.85 -
66267at50557_7038_0:0030fb|STRG.14829.1:1997-2728|+    -            244 1621at50557          -           2245   2.2e-05   20.7  32.7   1   4   3.6e-06   0.00031   16.9   6.9  1606  1642     8    45     1    46 0.86 -
66267at50557_7038_0:0030fb|STRG.14829.1:1997-2728|+    -            244 1621at50557          -           2245   2.2e-05   20.7  32.7   2   4   3.6e-06   0.00032   16.9  17.7  1597  1651    44   101    41   105 0.88 -
66267at50557_7038_0:0030fb|STRG.14829.1:1997-2728|+    -            244 1621at50557          -           2245   2.2e-05   20.7  32.7   3   4       1.4   1.3e+02   -1.7  20.4  1567  1634   111   178   103   182 0.66 -
66267at50557_7038_0:0030fb|STRG.14829.1:1997-2728|+    -            244 1621at50557          -           2245   2.2e-05   20.7  32.7   4   4     0.084       7.4    2.4  15.6  1595  1633   181   227   179   243 0.66 -
7376at50557_45779_0:0001c4|STRG.903.16:849-1622|+      -            258 1621at50557          -           2245   2.6e-05   20.5   7.5   1   1   2.9e-07   2.6e-05   20.5   7.5  1184  1378    18   241    13   255 0.74 -
1621at50557_38123_0:00357e|STRG.7888.1:4334-4633|+     -            100 1621at50557          -           2245   2.8e-05   20.3  26.7   1   2   0.00018     0.016   11.3  11.9  1590  1643     3    57     2    58 0.79 -
1621at50557_38123_0:00357e|STRG.7888.1:4334-4633|+     -            100 1621at50557          -           2245   2.8e-05   20.3  26.7   2   2   9.7e-06   0.00086   15.4   8.2  1598  1635    56    99    50   100 0.84 -
7376at50557_56086_0:0051ad|STRG.9462.1:8-388|+         -            127 1621at50557          -           2245   3.3e-05   20.1   8.3   1   2      0.15        13    1.6   3.2  1601  1631     3    33     1    48 0.72 -
7376at50557_56086_0:0051ad|STRG.9462.1:8-388|+         -            127 1621at50557          -           2245   3.3e-05   20.1   8.3   2   2   3.8e-07   3.3e-05   20.1   8.3  1182  1236    56   106    52   113 0.90 -
7376at50557_56086_0:0051ad|STRG.10217.1:676-1266|+     -            197 1621at50557          -           2245   4.6e-05   19.7   9.4   1   4    0.0019      0.17    7.8   9.9  1184  1230    16    58    11    59 0.86 -
7376at50557_56086_0:0051ad|STRG.10217.1:676-1266|+     -            197 1621at50557          -           2245   4.6e-05   19.7   9.4   2   4   5.2e-07   4.6e-05   19.7   9.4  1183  1231    53    97    50   103 0.92 -
7376at50557_56086_0:0051ad|STRG.10217.1:676-1266|+     -            197 1621at50557          -           2245   4.6e-05   19.7   9.4   3   4     0.019       1.7    4.5   9.6  1184  1232    92   138    92   147 0.87 -
7376at50557_56086_0:0051ad|STRG.10217.1:676-1266|+     -            197 1621at50557          -           2245   4.6e-05   19.7   9.4   4   4    0.0066      0.58    6.0   3.3  1181  1216   166   197   160   197 0.90 -
7376at50557_56086_0:0051ad|STRG.10217.2:1320-1910|+    -            197 1621at50557          -           2245   4.6e-05   19.7   9.4   1   4    0.0019      0.17    7.8   9.9  1184  1230    16    58    11    59 0.86 -
7376at50557_56086_0:0051ad|STRG.10217.2:1320-1910|+    -            197 1621at50557          -           2245   4.6e-05   19.7   9.4   2   4   5.2e-07   4.6e-05   19.7   9.4  1183  1231    53    97    50   103 0.92 -
7376at50557_56086_0:0051ad|STRG.10217.2:1320-1910|+    -            197 1621at50557          -           2245   4.6e-05   19.7   9.4   3   4     0.019       1.7    4.5   9.6  1184  1232    92   138    92   147 0.87 -
7376at50557_56086_0:0051ad|STRG.10217.2:1320-1910|+    -            197 1621at50557          -           2245   4.6e-05   19.7   9.4   4   4    0.0066      0.58    6.0   3.3  1181  1216   166   197   160   197 0.90 -
7376at50557_88501_0:0015cd|STRG.16016.4:1241-6859|+    -           1873 1621at50557          -           2245   0.00011   18.4  20.2   1   5      0.13        12    1.7   0.1  1340  1409   298   378   241   389 0.69 -
7376at50557_88501_0:0015cd|STRG.16016.4:1241-6859|+    -           1873 1621at50557          -           2245   0.00011   18.4  20.2   2   5      0.59        52   -0.4   1.3  1518  1558   742   788   667   821 0.55 -
7376at50557_88501_0:0015cd|STRG.16016.4:1241-6859|+    -           1873 1621at50557          -           2245   0.00011   18.4  20.2   3   5   3.7e-05    0.0033   13.5   0.3  1341  1415  1127  1202  1112  1211 0.85 -
7376at50557_88501_0:0015cd|STRG.16016.4:1241-6859|+    -           1873 1621at50557          -           2245   0.00011   18.4  20.2   4   5   2.4e-05    0.0021   14.2   0.8  1361  1410  1399  1454  1389  1468 0.80 -
7376at50557_88501_0:0015cd|STRG.16016.4:1241-6859|+    -           1873 1621at50557          -           2245   0.00011   18.4  20.2   5   5       1.8   1.6e+02   -2.0   0.0  1344  1373  1609  1637  1606  1639 0.88 -
7376at50557_88501_0:0015cd|STRG.16016.3:1396-7020|+    -           1875 1621at50557          -           2245   0.00011   18.4  20.2   1   5      0.13        12    1.7   0.1  1340  1409   298   378   241   389 0.69 -
7376at50557_88501_0:0015cd|STRG.16016.3:1396-7020|+    -           1875 1621at50557          -           2245   0.00011   18.4  20.2   2   5      0.59        52   -0.4   1.3  1518  1558   742   788   667   821 0.55 -
7376at50557_88501_0:0015cd|STRG.16016.3:1396-7020|+    -           1875 1621at50557          -           2245   0.00011   18.4  20.2   3   5   3.7e-05    0.0033   13.5   0.3  1341  1415  1127  1202  1112  1211 0.85 -
7376at50557_88501_0:0015cd|STRG.16016.3:1396-7020|+    -           1875 1621at50557          -           2245   0.00011   18.4  20.2   4   5   2.4e-05    0.0021   14.2   0.8  1361  1410  1399  1454  1389  1468 0.80 -
7376at50557_88501_0:0015cd|STRG.16016.3:1396-7020|+    -           1875 1621at50557          -           2245   0.00011   18.4  20.2   5   5       1.8   1.6e+02   -2.0   0.0  1344  1373  1610  1638  1607  1640 0.88 -
7376at50557_88501_0:0015cd|STRG.16016.5:678-6341|+     -           1888 1621at50557          -           2245   0.00011   18.3  20.2   1   5      0.13        12    1.7   0.1  1340  1409   298   378   241   389 0.69 -
7376at50557_88501_0:0015cd|STRG.16016.5:678-6341|+     -           1888 1621at50557          -           2245   0.00011   18.3  20.2   2   5      0.59        52   -0.4   1.3  1518  1558   742   788   667   821 0.55 -
7376at50557_88501_0:0015cd|STRG.16016.5:678-6341|+     -           1888 1621at50557          -           2245   0.00011   18.3  20.2   3   5   3.8e-05    0.0033   13.5   0.3  1341  1415  1127  1202  1112  1211 0.85 -
7376at50557_88501_0:0015cd|STRG.16016.5:678-6341|+     -           1888 1621at50557          -           2245   0.00011   18.3  20.2   4   5   2.4e-05    0.0021   14.2   0.8  1361  1410  1399  1454  1389  1468 0.80 -
7376at50557_88501_0:0015cd|STRG.16016.5:678-6341|+     -           1888 1621at50557          -           2245   0.00011   18.3  20.2   5   5       1.8   1.6e+02   -2.1   0.0  1344  1373  1609  1637  1606  1639 0.88 -
7376at50557_88501_0:0015cd|STRG.16016.2:1396-7062|+    -           1889 1621at50557          -           2245   0.00011   18.3  20.2   1   5      0.13        12    1.7   0.1  1340  1409   298   378   241   389 0.69 -
7376at50557_88501_0:0015cd|STRG.16016.2:1396-7062|+    -           1889 1621at50557          -           2245   0.00011   18.3  20.2   2   5      0.59        52   -0.4   1.3  1518  1558   742   788   667   821 0.55 -
7376at50557_88501_0:0015cd|STRG.16016.2:1396-7062|+    -           1889 1621at50557          -           2245   0.00011   18.3  20.2   3   5   3.8e-05    0.0033   13.5   0.3  1341  1415  1127  1202  1112  1211 0.85 -
7376at50557_88501_0:0015cd|STRG.16016.2:1396-7062|+    -           1889 1621at50557          -           2245   0.00011   18.3  20.2   4   5   2.4e-05    0.0021   14.2   0.8  1361  1410  1399  1454  1389  1468 0.80 -
7376at50557_88501_0:0015cd|STRG.16016.2:1396-7062|+    -           1889 1621at50557          -           2245   0.00011   18.3  20.2   5   5       1.8   1.6e+02   -2.1   0.0  1344  1373  1609  1637  1606  1639 0.88 -
7376at50557_88501_0:0015cd|STRG.16016.7:1160-6826|+    -           1889 1621at50557          -           2245   0.00011   18.3  20.2   1   5      0.13        12    1.7   0.1  1340  1409   298   378   241   389 0.69 -
7376at50557_88501_0:0015cd|STRG.16016.7:1160-6826|+    -           1889 1621at50557          -           2245   0.00011   18.3  20.2   2   5      0.59        52   -0.4   1.3  1518  1558   742   788   667   821 0.55 -
7376at50557_88501_0:0015cd|STRG.16016.7:1160-6826|+    -           1889 1621at50557          -           2245   0.00011   18.3  20.2   3   5   3.8e-05    0.0033   13.5   0.3  1341  1415  1127  1202  1112  1211 0.85 -
7376at50557_88501_0:0015cd|STRG.16016.7:1160-6826|+    -           1889 1621at50557          -           2245   0.00011   18.3  20.2   4   5   2.4e-05    0.0021   14.2   0.8  1361  1410  1399  1454  1389  1468 0.80 -
7376at50557_88501_0:0015cd|STRG.16016.7:1160-6826|+    -           1889 1621at50557          -           2245   0.00011   18.3  20.2   5   5       1.8   1.6e+02   -2.1   0.0  1344  1373  1609  1637  1606  1639 0.88 -
7376at50557_88501_0:0015cd|STRG.16016.8:1160-6826|+    -           1889 1621at50557          -           2245   0.00011   18.3  20.2   1   5      0.13        12    1.7   0.1  1340  1409   298   378   241   389 0.69 -
7376at50557_88501_0:0015cd|STRG.16016.8:1160-6826|+    -           1889 1621at50557          -           2245   0.00011   18.3  20.2   2   5      0.59        52   -0.4   1.3  1518  1558   742   788   667   821 0.55 -
7376at50557_88501_0:0015cd|STRG.16016.8:1160-6826|+    -           1889 1621at50557          -           2245   0.00011   18.3  20.2   3   5   3.8e-05    0.0033   13.5   0.3  1341  1415  1127  1202  1112  1211 0.85 -
7376at50557_88501_0:0015cd|STRG.16016.8:1160-6826|+    -           1889 1621at50557          -           2245   0.00011   18.3  20.2   4   5   2.4e-05    0.0021   14.2   0.8  1361  1410  1399  1454  1389  1468 0.80 -
7376at50557_88501_0:0015cd|STRG.16016.8:1160-6826|+    -           1889 1621at50557          -           2245   0.00011   18.3  20.2   5   5       1.8   1.6e+02   -2.1   0.0  1344  1373  1609  1637  1606  1639 0.88 -
7376at50557_88501_0:0015cd|STRG.16016.9:1160-6829|+    -           1890 1621at50557          -           2245   0.00012   18.3  20.2   1   5      0.13        12    1.7   0.1  1340  1409   298   378   241   389 0.69 -
7376at50557_88501_0:0015cd|STRG.16016.9:1160-6829|+    -           1890 1621at50557          -           2245   0.00012   18.3  20.2   2   5      0.59        52   -0.4   1.3  1518  1558   742   788   667   821 0.55 -
7376at50557_88501_0:0015cd|STRG.16016.9:1160-6829|+    -           1890 1621at50557          -           2245   0.00012   18.3  20.2   3   5   3.8e-05    0.0033   13.5   0.3  1341  1415  1127  1202  1112  1211 0.85 -
7376at50557_88501_0:0015cd|STRG.16016.9:1160-6829|+    -           1890 1621at50557          -           2245   0.00012   18.3  20.2   4   5   2.4e-05    0.0021   14.2   0.8  1361  1410  1399  1454  1389  1468 0.80 -
7376at50557_88501_0:0015cd|STRG.16016.9:1160-6829|+    -           1890 1621at50557          -           2245   0.00012   18.3  20.2   5   5       1.8   1.6e+02   -2.1   0.0  1344  1373  1610  1638  1607  1640 0.88 -
66267at50557_378494_0:00088b|STRG.3668.2:731-1216|+    -            162 1621at50557          -           2245   0.00041   16.5   8.5   1   3   0.00073     0.064    9.2   5.2  1203  1233    50    80    28    86 0.84 -
66267at50557_378494_0:00088b|STRG.3668.2:731-1216|+    -            162 1621at50557          -           2245   0.00041   16.5   8.5   2   3      0.21        19    1.0   2.5  1395  1410    93   108    79   110 0.75 -
66267at50557_378494_0:00088b|STRG.3668.2:731-1216|+    -            162 1621at50557          -           2245   0.00041   16.5   8.5   3   3   4.7e-06   0.00041   16.5   8.5  1183  1231   112   159   109   161 0.84 -
66267at50557_680683_0:00177e|STRG.14829.2:879-2162|+   -            428 1621at50557          -           2245   0.00078   15.6  17.8   1   6    0.0019      0.17    7.8  45.0  1541  1642    29   154    16   157 0.69 -
66267at50557_680683_0:00177e|STRG.14829.2:879-2162|+   -            428 1621at50557          -           2245   0.00078   15.6  17.8   2   6    0.0035      0.31    7.0  13.2  1598  1643   154   202   151   204 0.86 -
66267at50557_680683_0:00177e|STRG.14829.2:879-2162|+   -            428 1621at50557          -           2245   0.00078   15.6  17.8   3   6   5.4e-05    0.0048   13.0  15.7  1596  1642   199   250   189   251 0.80 -
66267at50557_680683_0:00177e|STRG.14829.2:879-2162|+   -            428 1621at50557          -           2245   0.00078   15.6  17.8   4   6   8.8e-06   0.00078   15.6  17.8  1597  1651   249   306   245   310 0.88 -
66267at50557_680683_0:00177e|STRG.14829.2:879-2162|+   -            428 1621at50557          -           2245   0.00078   15.6  17.8   5   6       3.8   3.3e+02   -3.1  20.5  1567  1634   316   383   307   385 0.65 -
66267at50557_680683_0:00177e|STRG.14829.2:879-2162|+   -            428 1621at50557          -           2245   0.00078   15.6  17.8   6   6       3.2   2.8e+02   -2.9  12.4  1595  1629   386   428   384   428 0.66 -
1621at50557_7224_0:002769|STRG.3668.1:3107-4906|+      -            600 1621at50557          -           2245    0.0014   14.7   0.2   1   5       3.5   3.1e+02   -3.0  12.4  1184  1233     1    46     1    54 0.84 -
1621at50557_7224_0:002769|STRG.3668.1:3107-4906|+      -            600 1621at50557          -           2245    0.0014   14.7   0.2   2   5       1.5   1.3e+02   -1.8   0.2  1182  1202    80   100    74   120 0.84 -
1621at50557_7224_0:002769|STRG.3668.1:3107-4906|+      -            600 1621at50557          -           2245    0.0014   14.7   0.2   3   5   1.6e-05    0.0014   14.7   0.2  1361  1415   241   299   165   307 0.84 -
1621at50557_7224_0:002769|STRG.3668.1:3107-4906|+      -            600 1621at50557          -           2245    0.0014   14.7   0.2   4   5      0.52        46   -0.2   0.4  1206  1221   535   550   529   555 0.80 -
1621at50557_7224_0:002769|STRG.3668.1:3107-4906|+      -            600 1621at50557          -           2245    0.0014   14.7   0.2   5   5    0.0016      0.15    8.0   6.1  1182  1230   553   596   550   599 0.90 -
1621at50557_7224_0:002769|STRG.3668.2:2787-4586|+      -            600 1621at50557          -           2245    0.0014   14.7   0.2   1   5       3.5   3.1e+02   -3.0  12.4  1184  1233     1    46     1    54 0.84 -
1621at50557_7224_0:002769|STRG.3668.2:2787-4586|+      -            600 1621at50557          -           2245    0.0014   14.7   0.2   2   5       1.5   1.3e+02   -1.8   0.2  1182  1202    80   100    74   120 0.84 -
1621at50557_7224_0:002769|STRG.3668.2:2787-4586|+      -            600 1621at50557          -           2245    0.0014   14.7   0.2   3   5   1.6e-05    0.0014   14.7   0.2  1361  1415   241   299   165   307 0.84 -
1621at50557_7224_0:002769|STRG.3668.2:2787-4586|+      -            600 1621at50557          -           2245    0.0014   14.7   0.2   4   5      0.52        46   -0.2   0.4  1206  1221   535   550   529   555 0.80 -
1621at50557_7224_0:002769|STRG.3668.2:2787-4586|+      -            600 1621at50557          -           2245    0.0014   14.7   0.2   5   5    0.0016      0.15    8.0   6.1  1182  1230   553   596   550   599 0.90 -
90686at50557_1041015_0:0023f1|STRG.12670.1:1042-2079|+ -            346 1621at50557          -           2245     0.029   10.4   0.3   1   1    0.0004     0.035   10.1   0.3  1963  2084    64   199    53   223 0.70 -
90686at50557_1041015_0:0023f1|STRG.12670.2:1419-2456|+ -            346 1621at50557          -           2245     0.029   10.4   0.3   1   1    0.0004     0.035   10.1   0.3  1963  2084    64   199    53   223 0.70 -
90686at50557_1041015_0:0023f1|STRG.7899.8:9-998|+      -            330 1621at50557          -           2245     0.045    9.7   1.8   1   1   0.00068      0.06    9.3   1.8  1970  2060    68   165    50   198 0.72 -
66267at50557_680683_0:00177e|STRG.2400.1:2777-3763|+   -            329 1621at50557          -           2245     0.091    8.7  97.6   1   2      0.16        14    1.5  23.3  1594  1642    32    81     2    94 0.74 -
66267at50557_680683_0:00177e|STRG.2400.1:2777-3763|+   -            329 1621at50557          -           2245     0.091    8.7  97.6   2   2   0.00057      0.05    9.6  24.8  1568  1628   249   328   249   329 0.73 -
4042at50557_110193_0:002235|STRG.12444.2:1913-4090|+   -            726 1621at50557          -           2245      0.12    8.3 163.2   1   5     0.026       2.3    4.1  23.9  1566  1634    19    90     2   102 0.56 -
4042at50557_110193_0:002235|STRG.12444.2:1913-4090|+   -            726 1621at50557          -           2245      0.12    8.3 163.2   2   5    0.0023      0.21    7.5   9.0  1598  1633   310   349   295   358 0.85 -
4042at50557_110193_0:002235|STRG.12444.2:1913-4090|+   -            726 1621at50557          -           2245      0.12    8.3 163.2   3   5      0.36        31    0.3  32.7  1565  1650   357   458   354   465 0.79 -
4042at50557_110193_0:002235|STRG.12444.2:1913-4090|+   -            726 1621at50557          -           2245      0.12    8.3 163.2   4   5       2.9   2.5e+02   -2.7  39.6  1533  1642   472   616   460   617 0.64 -
4042at50557_110193_0:002235|STRG.12444.2:1913-4090|+   -            726 1621at50557          -           2245      0.12    8.3 163.2   5   5   8.6e-05    0.0076   12.3  30.5  1563  1634   613   704   612   714 0.80 -
4042at50557_110193_0:002235|STRG.12444.3:2000-4177|+   -            726 1621at50557          -           2245      0.12    8.3 163.2   1   5     0.026       2.3    4.1  23.9  1566  1634    19    90     2   102 0.56 -
4042at50557_110193_0:002235|STRG.12444.3:2000-4177|+   -            726 1621at50557          -           2245      0.12    8.3 163.2   2   5    0.0023      0.21    7.5   9.0  1598  1633   310   349   295   358 0.85 -
4042at50557_110193_0:002235|STRG.12444.3:2000-4177|+   -            726 1621at50557          -           2245      0.12    8.3 163.2   3   5      0.36        31    0.3  32.7  1565  1650   357   458   354   465 0.79 -
4042at50557_110193_0:002235|STRG.12444.3:2000-4177|+   -            726 1621at50557          -           2245      0.12    8.3 163.2   4   5       2.9   2.5e+02   -2.7  39.6  1533  1642   472   616   460   617 0.64 -
4042at50557_110193_0:002235|STRG.12444.3:2000-4177|+   -            726 1621at50557          -           2245      0.12    8.3 163.2   5   5   8.6e-05    0.0076   12.3  30.5  1563  1634   613   704   612   714 0.80 -
90686at50557_121845_0:0014f6|STRG.9945.1:1029-1958|+   -            310 1621at50557          -           2245       1.7    4.5   8.5   1   1     0.021       1.9    4.4   8.5  1974  2123    54   211    30   262 0.73 -
7376at50557_45779_0:0001c4|STRG.903.15:5132-5797|+     -            222 1621at50557          -           2245       2.1    4.2  13.1   1   1     0.007      0.62    6.0  10.6  1184  1232    18    63    14   220 0.70 -
7376at50557_45779_0:0001c4|STRG.903.6:12414-13079|+    -            222 1621at50557          -           2245       2.1    4.2  13.1   1   1     0.007      0.62    6.0  10.6  1184  1232    18    63    14   220 0.70 -
4042at50557_29031_0:0026db|STRG.12444.1:3169-3531|+    -            121 1621at50557          -           2245       3.5    3.5  25.7   1   2     0.002      0.18    7.7  15.2  1594  1650     8    66     1    74 0.84 -
4042at50557_29031_0:0026db|STRG.12444.1:3169-3531|+    -            121 1621at50557          -           2245       3.5    3.5  25.7   2   2       2.9   2.6e+02   -2.7   7.9  1608  1634    82   110    61   115 0.74 -
#
# Program:         hmmsearch
# Version:         3.4 (Aug 2023)
# Pipeline mode:   SEARCH
# Query file:      /data/projet1/projet_tutore/busco_downloads/lineages/insecta_odb10/hmms/1621at50557.hmm
# Target file:     annotation_analysis/annotation_gcf/T_septentrionalis/busco_output/run_insecta_odb10/metaeuk_output/initial_results/assembled_transcripts.fasta.modified.fas
# Option settings: hmmsearch --domtblout annotation_analysis/annotation_gcf/T_septentrionalis/busco_output/run_insecta_odb10/hmmer_output/initial_run_results/1621at50557.out --cpu 1 /data/projet1/projet_tutore/busco_downloads/lineages/insecta_odb10/hmms/1621at50557.hmm annotation_analysis/annotation_gcf/T_septentrionalis/busco_output/run_insecta_odb10/metaeuk_output/initial_results/assembled_transcripts.fasta.modified.fas 
# Current dir:     /data/projet1/projet_tutore
# Date:            Sun Oct 13 10:07:21 2024
# [ok]
