#                                                                                                            --- full sequence --- -------------- this domain -------------   hmm coord   ali coord   env coord
# target name                                        accession   tlen query name           accession   qlen   E-value  score  bias   #  of  c-Evalue  i-Evalue  score  bias  from    to  from    to  from    to  acc description of target
#                                ------------------- ---------- ----- -------------------- ---------- ----- --------- ------ ----- --- --- --------- --------- ------ ----- ----- ----- ----- ----- ----- ----- ---- ---------------------
18575at50557_34720_0:001169|STRG.7218.2:58-3594|+    -           1179 18575at50557         -            870         0 1373.8  27.6   1   4    0.0015      0.38    7.7   0.6     3    36    77   120    75   147 0.69 -
18575at50557_34720_0:001169|STRG.7218.2:58-3594|+    -           1179 18575at50557         -            870         0 1373.8  27.6   2   4         0         0 1358.1  15.8    29   827   160  1049   150  1056 0.92 -
18575at50557_34720_0:001169|STRG.7218.2:58-3594|+    -           1179 18575at50557         -            870         0 1373.8  27.6   3   4   0.00062      0.15    9.0   0.0   819   855  1064  1100  1060  1126 0.83 -
18575at50557_34720_0:001169|STRG.7218.2:58-3594|+    -           1179 18575at50557         -            870         0 1373.8  27.6   4   4       4.4   1.1e+03   -3.7   0.1   859   870  1162  1173  1160  1173 0.91 -
18575at50557_34720_0:001169|STRG.7218.3:58-3387|+    -           1110 18575at50557         -            870         0 1231.9  29.7   1   5    0.0013      0.32    8.0   0.6     3    36    77   120    75   153 0.70 -
18575at50557_34720_0:001169|STRG.7218.3:58-3387|+    -           1110 18575at50557         -            870         0 1231.9  29.7   2   5   1.5e-70   3.8e-68  229.4   2.2    29   170   160   303   151   303 0.94 -
18575at50557_34720_0:001169|STRG.7218.3:58-3387|+    -           1110 18575at50557         -            870         0 1231.9  29.7   3   5    6e-302  1.5e-299  995.0   8.7   229   827   302   980   301   987 0.91 -
18575at50557_34720_0:001169|STRG.7218.3:58-3387|+    -           1110 18575at50557         -            870         0 1231.9  29.7   4   5   0.00058      0.14    9.1   0.0   819   855   995  1031   991  1057 0.83 -
18575at50557_34720_0:001169|STRG.7218.3:58-3387|+    -           1110 18575at50557         -            870         0 1231.9  29.7   5   5       4.2     1e+03   -3.6   0.1   859   870  1093  1104  1091  1104 0.91 -
18575at50557_34720_0:001169|STRG.7218.1:58-2448|+    -            797 18575at50557         -            870         0 1077.3  12.7   1   2   0.00095      0.23    8.4   0.6     3    36    77   120    75   148 0.69 -
18575at50557_34720_0:001169|STRG.7218.1:58-2448|+    -            797 18575at50557         -            870         0 1077.3  12.7   2   2         0         0 1073.5   5.7    29   615   160   791   149   797 0.93 -
53123at50557_7168_0:000480|STRG.16338.1:1716-3674|+  -            653 18575at50557         -            870  6.5e-139  463.5   0.1   1   2  4.3e-141  1.1e-138  462.8   0.0    62   588    29   570    17   591 0.91 -
53123at50557_7168_0:000480|STRG.16338.1:1716-3674|+  -            653 18575at50557         -            870  6.5e-139  463.5   0.1   2   2       4.1     1e+03   -3.6   0.0   711   735   612   636   598   640 0.69 -
18575at50557_52612_0:001404|STRG.17083.1:1512-3146|+ -            545 18575at50557         -            870  1.4e-137  459.2   0.0   1   1  6.8e-140  1.7e-137  458.9   0.0    60   584     2   540     1   543 0.92 -
53123at50557_7168_0:000480|STRG.4113.1:837-2783|+    -            649 18575at50557         -            870  2.5e-132  441.7   0.0   1   1  1.4e-134  3.4e-132  441.3   0.0    56   585    17   563     5   574 0.92 -
53123at50557_7168_0:000480|STRG.4113.2:645-2591|+    -            649 18575at50557         -            870  2.5e-132  441.7   0.0   1   1  1.4e-134  3.4e-132  441.3   0.0    56   585    17   563     5   574 0.92 -
53123at50557_7168_0:000480|STRG.4113.3:645-2591|+    -            649 18575at50557         -            870  2.5e-132  441.7   0.0   1   1  1.4e-134  3.4e-132  441.3   0.0    56   585    17   563     5   574 0.92 -
53123at50557_7168_0:000480|STRG.4113.4:828-2774|+    -            649 18575at50557         -            870  2.5e-132  441.7   0.0   1   1  1.4e-134  3.4e-132  441.3   0.0    56   585    17   563     5   574 0.92 -
18575at50557_79782_0:002cf2|STRG.10582.1:266-1993|+  -            576 18575at50557         -            870  7.1e-128  427.0   0.0   1   1  3.4e-130  8.4e-128  426.8   0.0    65   587     3   548     1   564 0.90 -
18575at50557_79782_0:002cf2|STRG.10582.2:266-1993|+  -            576 18575at50557         -            870  7.1e-128  427.0   0.0   1   1  3.4e-130  8.4e-128  426.8   0.0    65   587     3   548     1   564 0.90 -
18575at50557_79782_0:002cf2|STRG.10582.3:266-1993|+  -            576 18575at50557         -            870  7.1e-128  427.0   0.0   1   1  3.4e-130  8.4e-128  426.8   0.0    65   587     3   548     1   564 0.90 -
18575at50557_79782_0:002cf2|STRG.10582.4:266-1993|+  -            576 18575at50557         -            870  7.1e-128  427.0   0.0   1   1  3.4e-130  8.4e-128  426.8   0.0    65   587     3   548     1   564 0.90 -
18575at50557_7004_0:00194b|STRG.15295.1:649-2916|+   -            756 18575at50557         -            870  8.7e-122  406.9   2.3   1   2   1.5e-53   3.6e-51  173.2   1.3    65   242     5   197     2   208 0.87 -
18575at50557_7004_0:00194b|STRG.15295.1:649-2916|+   -            756 18575at50557         -            870  8.7e-122  406.9   2.3   2   2   1.8e-71   4.4e-69  232.5   0.0   241   576   402   749   397   755 0.85 -
18575at50557_7004_0:00194b|STRG.15295.2:556-2823|+   -            756 18575at50557         -            870  8.7e-122  406.9   2.3   1   2   1.5e-53   3.6e-51  173.2   1.3    65   242     5   197     2   208 0.87 -
18575at50557_7004_0:00194b|STRG.15295.2:556-2823|+   -            756 18575at50557         -            870  8.7e-122  406.9   2.3   2   2   1.8e-71   4.4e-69  232.5   0.0   241   576   402   749   397   755 0.85 -
53123at50557_7168_0:000480|STRG.15672.1:193-2112|+   -            640 18575at50557         -            870  1.3e-116  389.8   0.2   1   2  9.6e-119  2.4e-116  388.9   0.1    65   586     4   552     1   565 0.88 -
53123at50557_7168_0:000480|STRG.15672.1:193-2112|+   -            640 18575at50557         -            870  1.3e-116  389.8   0.2   2   2       2.3   5.7e+02   -2.8   0.0   712   734   598   620   570   627 0.70 -
53123at50557_7168_0:000480|STRG.15672.2:159-2078|+   -            640 18575at50557         -            870  1.3e-116  389.8   0.2   1   2  9.6e-119  2.4e-116  388.9   0.1    65   586     4   552     1   565 0.88 -
53123at50557_7168_0:000480|STRG.15672.2:159-2078|+   -            640 18575at50557         -            870  1.3e-116  389.8   0.2   2   2       2.3   5.7e+02   -2.8   0.0   712   734   598   620   570   627 0.70 -
18575at50557_6973_0:003c5b|STRG.2747.1:635-2515|+    -            627 18575at50557         -            870  1.2e-115  386.6   0.4   1   2   3.2e-52   7.8e-50  168.8   0.3    49   241     4   213     1   224 0.87 -
18575at50557_6973_0:003c5b|STRG.2747.1:635-2515|+    -            627 18575at50557         -            870  1.2e-115  386.6   0.4   2   2   1.6e-66   4.1e-64  216.1   0.0   267   582   302   624   285   627 0.92 -
18575at50557_6973_0:003c5b|STRG.2747.2:518-2398|+    -            627 18575at50557         -            870  1.2e-115  386.6   0.4   1   2   3.2e-52   7.8e-50  168.8   0.3    49   241     4   213     1   224 0.87 -
18575at50557_6973_0:003c5b|STRG.2747.2:518-2398|+    -            627 18575at50557         -            870  1.2e-115  386.6   0.4   2   2   1.6e-66   4.1e-64  216.1   0.0   267   582   302   624   285   627 0.92 -
18575at50557_6973_0:003c5b|STRG.2747.3:470-2350|+    -            627 18575at50557         -            870  1.2e-115  386.6   0.4   1   2   3.2e-52   7.8e-50  168.8   0.3    49   241     4   213     1   224 0.87 -
18575at50557_6973_0:003c5b|STRG.2747.3:470-2350|+    -            627 18575at50557         -            870  1.2e-115  386.6   0.4   2   2   1.6e-66   4.1e-64  216.1   0.0   267   582   302   624   285   627 0.92 -
18575at50557_6973_0:003c5b|STRG.2747.4:671-2551|+    -            627 18575at50557         -            870  1.2e-115  386.6   0.4   1   2   3.2e-52   7.8e-50  168.8   0.3    49   241     4   213     1   224 0.87 -
18575at50557_6973_0:003c5b|STRG.2747.4:671-2551|+    -            627 18575at50557         -            870  1.2e-115  386.6   0.4   2   2   1.6e-66   4.1e-64  216.1   0.0   267   582   302   624   285   627 0.92 -
18575at50557_6973_0:003c5b|STRG.2747.5:78-1922|+     -            615 18575at50557         -            870  8.8e-114  380.4   0.2   1   2     3e-50   7.3e-48  162.3   0.1    65   241     8   201     3   212 0.86 -
18575at50557_6973_0:003c5b|STRG.2747.5:78-1922|+     -            615 18575at50557         -            870  8.8e-114  380.4   0.2   2   2   1.6e-66   3.9e-64  216.1   0.0   267   582   290   612   273   615 0.92 -
18575at50557_52612_0:001404|STRG.15527.1:189-1841|+  -            551 18575at50557         -            870    3e-113  378.6   0.0   1   1  1.3e-115  3.3e-113  378.5   0.0    63   585     1   544     1   551 0.91 -
53123at50557_112268_0:0014e0|STRG.7771.1:1050-3347|+ -            766 18575at50557         -            870  3.4e-111  371.8   0.1   1   2   4.7e-54   1.2e-51  174.9   0.7    69   289     3   240     1   251 0.86 -
53123at50557_112268_0:0014e0|STRG.7771.1:1050-3347|+ -            766 18575at50557         -            870  3.4e-111  371.8   0.1   2   2   6.6e-60   1.6e-57  194.2   0.0   298   574   358   655   347   686 0.83 -
53123at50557_112268_0:0014e0|STRG.7771.2:1037-3334|+ -            766 18575at50557         -            870  3.4e-111  371.8   0.1   1   2   4.7e-54   1.2e-51  174.9   0.7    69   289     3   240     1   251 0.86 -
53123at50557_112268_0:0014e0|STRG.7771.2:1037-3334|+ -            766 18575at50557         -            870  3.4e-111  371.8   0.1   2   2   6.6e-60   1.6e-57  194.2   0.0   298   574   358   655   347   686 0.83 -
53123at50557_112268_0:0014e0|STRG.7771.3:998-3295|+  -            766 18575at50557         -            870  3.4e-111  371.8   0.1   1   2   4.7e-54   1.2e-51  174.9   0.7    69   289     3   240     1   251 0.86 -
53123at50557_112268_0:0014e0|STRG.7771.3:998-3295|+  -            766 18575at50557         -            870  3.4e-111  371.8   0.1   2   2   6.6e-60   1.6e-57  194.2   0.0   298   574   358   655   347   686 0.83 -
53123at50557_112268_0:0014e0|STRG.7771.4:1487-3784|+ -            766 18575at50557         -            870  3.4e-111  371.8   0.1   1   2   4.7e-54   1.2e-51  174.9   0.7    69   289     3   240     1   251 0.86 -
53123at50557_112268_0:0014e0|STRG.7771.4:1487-3784|+ -            766 18575at50557         -            870  3.4e-111  371.8   0.1   2   2   6.6e-60   1.6e-57  194.2   0.0   298   574   358   655   347   686 0.83 -
18575at50557_52612_0:001404|STRG.6197.1:1641-3431|+  -            597 18575at50557         -            870  7.2e-110  367.4   0.2   1   2   2.4e-49   5.8e-47  159.3   0.4    66   241     2   192     1   199 0.87 -
18575at50557_52612_0:001404|STRG.6197.1:1641-3431|+  -            597 18575at50557         -            870  7.2e-110  367.4   0.2   2   2   1.8e-63   4.5e-61  206.0   0.0   265   561   269   569   231   594 0.86 -
18575at50557_52612_0:001404|STRG.6197.2:1320-3110|+  -            597 18575at50557         -            870  7.2e-110  367.4   0.2   1   2   2.4e-49   5.8e-47  159.3   0.4    66   241     2   192     1   199 0.87 -
18575at50557_52612_0:001404|STRG.6197.2:1320-3110|+  -            597 18575at50557         -            870  7.2e-110  367.4   0.2   2   2   1.8e-63   4.5e-61  206.0   0.0   265   561   269   569   231   594 0.86 -
18575at50557_52612_0:001404|STRG.6197.3:1300-3090|+  -            597 18575at50557         -            870  7.2e-110  367.4   0.2   1   2   2.4e-49   5.8e-47  159.3   0.4    66   241     2   192     1   199 0.87 -
18575at50557_52612_0:001404|STRG.6197.3:1300-3090|+  -            597 18575at50557         -            870  7.2e-110  367.4   0.2   2   2   1.8e-63   4.5e-61  206.0   0.0   265   561   269   569   231   594 0.86 -
18575at50557_52612_0:001404|STRG.6197.4:871-2661|+   -            597 18575at50557         -            870  7.2e-110  367.4   0.2   1   2   2.4e-49   5.8e-47  159.3   0.4    66   241     2   192     1   199 0.87 -
18575at50557_52612_0:001404|STRG.6197.4:871-2661|+   -            597 18575at50557         -            870  7.2e-110  367.4   0.2   2   2   1.8e-63   4.5e-61  206.0   0.0   265   561   269   569   231   594 0.86 -
18575at50557_69319_0:001431|STRG.14802.1:1197-3044|+ -            616 18575at50557         -            870  7.8e-109  364.0   2.4   1   2   3.9e-54   9.6e-52  175.1   0.1    63   242     8   203     1   215 0.84 -
18575at50557_69319_0:001431|STRG.14802.1:1197-3044|+ -            616 18575at50557         -            870  7.8e-109  364.0   2.4   2   2   2.4e-58   5.9e-56  189.0   0.3   249   583   234   574   224   580 0.92 -
18575at50557_69319_0:001431|STRG.14802.2:1093-2940|+ -            616 18575at50557         -            870  7.8e-109  364.0   2.4   1   2   3.9e-54   9.6e-52  175.1   0.1    63   242     8   203     1   215 0.84 -
18575at50557_69319_0:001431|STRG.14802.2:1093-2940|+ -            616 18575at50557         -            870  7.8e-109  364.0   2.4   2   2   2.4e-58   5.9e-56  189.0   0.3   249   583   234   574   224   580 0.92 -
18575at50557_40932_0:001bb8|STRG.10827.1:517-2259|+  -            581 18575at50557         -            870   1.8e-97  326.4   0.9   1   2   1.7e-44   4.3e-42  143.2   0.3    67   226     1   174     1   184 0.88 -
18575at50557_40932_0:001bb8|STRG.10827.1:517-2259|+  -            581 18575at50557         -            870   1.8e-97  326.4   0.9   2   2   3.6e-56   8.9e-54  181.8   0.0   265   567   245   567   225   580 0.84 -
18575at50557_40932_0:001bb8|STRG.10827.2:505-2247|+  -            581 18575at50557         -            870   1.8e-97  326.4   0.9   1   2   1.7e-44   4.3e-42  143.2   0.3    67   226     1   174     1   184 0.88 -
18575at50557_40932_0:001bb8|STRG.10827.2:505-2247|+  -            581 18575at50557         -            870   1.8e-97  326.4   0.9   2   2   3.6e-56   8.9e-54  181.8   0.0   265   567   245   567   225   580 0.84 -
18575at50557_52612_0:001404|STRG.11025.1:482-2239|+  -            586 18575at50557         -            870   2.5e-96  322.6   3.8   1   1   9.1e-97   2.2e-94  316.2   3.8    71   565     2   568     1   584 0.80 -
18575at50557_7536_0:000c9b|STRG.181.1:54-980|+       -            309 18575at50557         -            870   3.1e-76  256.1   0.0   1   1   1.5e-78   3.8e-76  255.9   0.0   155   441     5   308     2   309 0.88 -
96115at50557_7004_0:0002cb|STRG.12129.1:3182-4840|+  -            553 18575at50557         -            870     0.015   12.4   0.0   1   2      0.11        27    1.6   0.0   505   580   209   284   147   296 0.75 -
96115at50557_7004_0:0002cb|STRG.12129.1:3182-4840|+  -            553 18575at50557         -            870     0.015   12.4   0.0   2   2   0.00087      0.22    8.5   0.0    85   129   404   449   377   455 0.72 -
96115at50557_7004_0:0002cb|STRG.12129.2:3422-5080|+  -            553 18575at50557         -            870     0.015   12.4   0.0   1   2      0.11        27    1.6   0.0   505   580   209   284   147   296 0.75 -
96115at50557_7004_0:0002cb|STRG.12129.2:3422-5080|+  -            553 18575at50557         -            870     0.015   12.4   0.0   2   2   0.00087      0.22    8.5   0.0    85   129   404   449   377   455 0.72 -
96115at50557_7004_0:0002cb|STRG.12129.3:3112-4770|+  -            553 18575at50557         -            870     0.015   12.4   0.0   1   2      0.11        27    1.6   0.0   505   580   209   284   147   296 0.75 -
96115at50557_7004_0:0002cb|STRG.12129.3:3112-4770|+  -            553 18575at50557         -            870     0.015   12.4   0.0   2   2   0.00087      0.22    8.5   0.0    85   129   404   449   377   455 0.72 -
#
# Program:         hmmsearch
# Version:         3.4 (Aug 2023)
# Pipeline mode:   SEARCH
# Query file:      /data/projet1/projet_tutore/busco_downloads/lineages/insecta_odb10/hmms/18575at50557.hmm
# Target file:     annotation_analysis/annotation_gcf/T_septentrionalis/busco_output/run_insecta_odb10/metaeuk_output/initial_results/assembled_transcripts.fasta.modified.fas
# Option settings: hmmsearch --domtblout annotation_analysis/annotation_gcf/T_septentrionalis/busco_output/run_insecta_odb10/hmmer_output/initial_run_results/18575at50557.out --cpu 1 /data/projet1/projet_tutore/busco_downloads/lineages/insecta_odb10/hmms/18575at50557.hmm annotation_analysis/annotation_gcf/T_septentrionalis/busco_output/run_insecta_odb10/metaeuk_output/initial_results/assembled_transcripts.fasta.modified.fas 
# Current dir:     /data/projet1/projet_tutore
# Date:            Sun Oct 13 10:07:35 2024
# [ok]
