#                                                                                                             --- full sequence --- -------------- this domain -------------   hmm coord   ali coord   env coord
# target name                                         accession   tlen query name           accession   qlen   E-value  score  bias   #  of  c-Evalue  i-Evalue  score  bias  from    to  from    to  from    to  acc description of target
#                                 ------------------- ---------- ----- -------------------- ---------- ----- --------- ------ ----- --- --- --------- --------- ------ ----- ----- ----- ----- ----- ----- ----- ---- ---------------------
2101at50557_34720_0:000e5a|STRG.5968.1:236-11068|+    -           3611 2101at50557          -           1411         0 1612.7  91.9   1   9   3.7e-50   2.5e-47  160.5  14.6     1   282   151   497   151   519 0.66 -
2101at50557_34720_0:000e5a|STRG.5968.1:236-11068|+    -           3611 2101at50557          -           1411         0 1612.7  91.9   2   9   4.5e-25     3e-22   77.4   8.9   189   321   536   688   526   696 0.80 -
2101at50557_34720_0:000e5a|STRG.5968.1:236-11068|+    -           3611 2101at50557          -           1411         0 1612.7  91.9   3   9   1.3e-21   8.6e-19   65.9   3.9   313   424   710   859   698   934 0.72 -
2101at50557_34720_0:000e5a|STRG.5968.1:236-11068|+    -           3611 2101at50557          -           1411         0 1612.7  91.9   4   9   2.6e-61   1.7e-58  197.4   5.1   478   656  1036  1258   936  1366 0.85 -
2101at50557_34720_0:000e5a|STRG.5968.1:236-11068|+    -           3611 2101at50557          -           1411         0 1612.7  91.9   5   9   3.3e-09   2.2e-06   24.8   0.2   698   752  1453  1518  1431  1528 0.82 -
2101at50557_34720_0:000e5a|STRG.5968.1:236-11068|+    -           3611 2101at50557          -           1411         0 1612.7  91.9   6   9   1.3e-05    0.0086   12.9   0.1   734   810  1548  1625  1533  1637 0.63 -
2101at50557_34720_0:000e5a|STRG.5968.1:236-11068|+    -           3611 2101at50557          -           1411         0 1612.7  91.9   7   9   6.6e-93   4.4e-90  302.2   0.0   794  1008  1642  1899  1625  1910 0.82 -
2101at50557_34720_0:000e5a|STRG.5968.1:236-11068|+    -           3611 2101at50557          -           1411         0 1612.7  91.9   8   9  4.5e-243    3e-240  799.8   3.4   995  1411  1997  2455  1993  2455 0.92 -
2101at50557_34720_0:000e5a|STRG.5968.1:236-11068|+    -           3611 2101at50557          -           1411         0 1612.7  91.9   9   9       9.1     6e+03   -6.5   4.8   398   521  3355  3469  3282  3490 0.42 -
2101at50557_307491_0:000f2d|STRG.16722.1:6154-7419|+  -            422 2101at50557          -           1411   3.6e-63  212.9   2.3   1   2     0.073        48    0.5   0.5  1023  1041     1    19     1    25 0.87 -
2101at50557_307491_0:000f2d|STRG.16722.1:6154-7419|+  -            422 2101at50557          -           1411   3.6e-63  212.9   2.3   2   2   2.2e-65   1.5e-62  210.9   0.0  1079  1411    35   383    27   383 0.81 -
2101at50557_307491_0:000f2d|STRG.16722.2:6154-7419|+  -            422 2101at50557          -           1411   3.6e-63  212.9   2.3   1   2     0.073        48    0.5   0.5  1023  1041     1    19     1    25 0.87 -
2101at50557_307491_0:000f2d|STRG.16722.2:6154-7419|+  -            422 2101at50557          -           1411   3.6e-63  212.9   2.3   2   2   2.2e-65   1.5e-62  210.9   0.0  1079  1411    35   383    27   383 0.81 -
2101at50557_56086_0:003b59|STRG.11474.1:2244-2945|+   -            234 2101at50557          -           1411   7.2e-43  145.7   0.1   1   2   2.6e-17   1.7e-14   51.7   0.0  1165  1250     1    94     1   107 0.84 -
2101at50557_56086_0:003b59|STRG.11474.1:2244-2945|+   -            234 2101at50557          -           1411   7.2e-43  145.7   0.1   2   2   1.5e-29   9.6e-27   92.3   0.1  1325  1402   157   234   152   234 0.97 -
2101at50557_56086_0:003b59|STRG.11474.2:2241-2942|+   -            234 2101at50557          -           1411   7.2e-43  145.7   0.1   1   2   2.6e-17   1.7e-14   51.7   0.0  1165  1250     1    94     1   107 0.84 -
2101at50557_56086_0:003b59|STRG.11474.2:2241-2942|+   -            234 2101at50557          -           1411   7.2e-43  145.7   0.1   2   2   1.5e-29   9.6e-27   92.3   0.1  1325  1402   157   234   152   234 0.97 -
2101at50557_38123_0:0034b2|STRG.9412.2:4672-5307|+    -            212 2101at50557          -           1411   1.8e-39  134.5   0.0   1   2   4.1e-06    0.0027   14.5   0.0  1228  1253     2    27     1    30 0.90 -
2101at50557_38123_0:0034b2|STRG.9412.2:4672-5307|+    -            212 2101at50557          -           1411   1.8e-39  134.5   0.0   2   2   2.4e-37   1.6e-34  118.0   0.0  1325  1411    94   180    90   180 0.97 -
2101at50557_38123_0:0034b2|STRG.9412.3:3201-3836|+    -            212 2101at50557          -           1411   1.8e-39  134.5   0.0   1   2   4.1e-06    0.0027   14.5   0.0  1228  1253     2    27     1    30 0.90 -
2101at50557_38123_0:0034b2|STRG.9412.3:3201-3836|+    -            212 2101at50557          -           1411   1.8e-39  134.5   0.0   2   2   2.4e-37   1.6e-34  118.0   0.0  1325  1411    94   180    90   180 0.97 -
2101at50557_38123_0:0034b2|STRG.9412.4:3627-4262|+    -            212 2101at50557          -           1411   1.8e-39  134.5   0.0   1   2   4.1e-06    0.0027   14.5   0.0  1228  1253     2    27     1    30 0.90 -
2101at50557_38123_0:0034b2|STRG.9412.4:3627-4262|+    -            212 2101at50557          -           1411   1.8e-39  134.5   0.0   2   2   2.4e-37   1.6e-34  118.0   0.0  1325  1411    94   180    90   180 0.97 -
2101at50557_38123_0:0034b2|STRG.9412.5:3676-4311|+    -            212 2101at50557          -           1411   1.8e-39  134.5   0.0   1   2   4.1e-06    0.0027   14.5   0.0  1228  1253     2    27     1    30 0.90 -
2101at50557_38123_0:0034b2|STRG.9412.5:3676-4311|+    -            212 2101at50557          -           1411   1.8e-39  134.5   0.0   2   2   2.4e-37   1.6e-34  118.0   0.0  1325  1411    94   180    90   180 0.97 -
2101at50557_307491_0:000f2d|STRG.5215.1:10271-11329|+ -            353 2101at50557          -           1411   3.4e-28   97.1   0.0   1   1     7e-31   4.6e-28   96.6   0.0  1123  1399     9   310     4   313 0.86 -
2101at50557_307491_0:000f2d|STRG.5215.2:10317-11375|+ -            353 2101at50557          -           1411   3.4e-28   97.1   0.0   1   1     7e-31   4.6e-28   96.6   0.0  1123  1399     9   310     4   313 0.86 -
2101at50557_307491_0:000f2d|STRG.5215.3:10267-11325|+ -            353 2101at50557          -           1411   3.4e-28   97.1   0.0   1   1     7e-31   4.6e-28   96.6   0.0  1123  1399     9   310     4   313 0.86 -
2101at50557_56086_0:003b59|STRG.3644.1:2175-2759|+    -            195 2101at50557          -           1411   5.7e-12   43.3   0.0   1   2   0.00018      0.12    9.1   0.0  1180  1250    20    93     2    97 0.85 -
2101at50557_56086_0:003b59|STRG.3644.1:2175-2759|+    -            195 2101at50557          -           1411   5.7e-12   43.3   0.0   2   2   1.6e-11     1e-08   32.5   0.0  1332  1373   126   166   123   192 0.91 -
2101at50557_56086_0:003b59|STRG.1109.1:2831-3421|+    -            197 2101at50557          -           1411   4.4e-09   33.7   0.3   1   2    0.0052       3.4    4.3   0.0  1175  1257     6    93     1   112 0.82 -
2101at50557_56086_0:003b59|STRG.1109.1:2831-3421|+    -            197 2101at50557          -           1411   4.4e-09   33.7   0.3   2   2     3e-10     2e-07   28.2   0.0  1326  1397   121   193   108   197 0.80 -
2101at50557_307491_0:000f2d|STRG.5743.1:10230-11231|+ -            334 2101at50557          -           1411   6.9e-06   23.1   0.0   1   1   1.3e-08   8.5e-06   22.9   0.0  1181  1406    67   299    47   304 0.76 -
#
# Program:         hmmsearch
# Version:         3.4 (Aug 2023)
# Pipeline mode:   SEARCH
# Query file:      /data/projet1/projet_tutore/busco_downloads/lineages/insecta_odb10/hmms/2101at50557.hmm
# Target file:     annotation_analysis/annotation_gcf/T_septentrionalis/busco_output/run_insecta_odb10/metaeuk_output/initial_results/assembled_transcripts.fasta.modified.fas
# Option settings: hmmsearch --domtblout annotation_analysis/annotation_gcf/T_septentrionalis/busco_output/run_insecta_odb10/hmmer_output/initial_run_results/2101at50557.out --cpu 1 /data/projet1/projet_tutore/busco_downloads/lineages/insecta_odb10/hmms/2101at50557.hmm annotation_analysis/annotation_gcf/T_septentrionalis/busco_output/run_insecta_odb10/metaeuk_output/initial_results/assembled_transcripts.fasta.modified.fas 
# Current dir:     /data/projet1/projet_tutore
# Date:            Sun Oct 13 10:08:02 2024
# [ok]
