#                                                                                                              --- full sequence --- -------------- this domain -------------   hmm coord   ali coord   env coord
# target name                                          accession   tlen query name           accession   qlen   E-value  score  bias   #  of  c-Evalue  i-Evalue  score  bias  from    to  from    to  from    to  acc description of target
#                                  ------------------- ---------- ----- -------------------- ---------- ----- --------- ------ ----- --- --- --------- --------- ------ ----- ----- ----- ----- ----- ----- ----- ---- ---------------------
22348at50557_103372_0:002a7b|STRG.618.1:284-2383|+     -            700 22348at50557         -            571         0 1164.0  29.7   1   2  7.1e-151  1.8e-148  494.4   7.7     1   259    33   315    33   330 0.93 -
22348at50557_103372_0:002a7b|STRG.618.1:284-2383|+     -            700 22348at50557         -            571         0 1164.0  29.7   2   2  1.7e-204  4.3e-202  671.5  14.0   254   571   344   691   332   691 0.94 -
22348at50557_103372_0:002a7b|STRG.618.2:284-2398|+     -            705 22348at50557         -            571         0 1153.1  30.2   1   2  1.1e-150  2.7e-148  493.9   8.3     1   259    33   315    33   329 0.93 -
22348at50557_103372_0:002a7b|STRG.618.2:284-2398|+     -            705 22348at50557         -            571         0 1153.1  30.2   2   2  2.3e-201  5.9e-199  661.1  14.0   254   571   344   696   332   696 0.94 -
22348at50557_535359_0:00183a|STRG.13805.1:460-2109|+   -            550 22348at50557         -            571   1.3e-61  207.7  11.7   1   1   1.3e-63   3.3e-61  206.3  11.7    20   517    23   518     1   548 0.82 -
22348at50557_535359_0:00183a|STRG.13805.2:727-2376|+   -            550 22348at50557         -            571   1.3e-61  207.7  11.7   1   1   1.3e-63   3.3e-61  206.3  11.7    20   517    23   518     1   548 0.82 -
8602at50557_34720_0:0017b2|STRG.10054.3:266-4762|+     -           1499 22348at50557         -            571   6.1e-58  195.5  21.1   1   5       3.8   9.5e+02   -3.2   0.0    94   128    40    79    32    88 0.78 -
8602at50557_34720_0:0017b2|STRG.10054.3:266-4762|+     -           1499 22348at50557         -            571   6.1e-58  195.5  21.1   2   5   2.4e-12   6.1e-10   37.1   2.6    51   172   109   238    67   243 0.78 -
8602at50557_34720_0:0017b2|STRG.10054.3:266-4762|+     -           1499 22348at50557         -            571   6.1e-58  195.5  21.1   3   5   5.8e-08   1.5e-05   22.6   0.4    87   171   240   328   237   338 0.80 -
8602at50557_34720_0:0017b2|STRG.10054.3:266-4762|+     -           1499 22348at50557         -            571   6.1e-58  195.5  21.1   4   5   6.4e-06    0.0016   15.8   0.4    94   169   354   429   346   435 0.84 -
8602at50557_34720_0:0017b2|STRG.10054.3:266-4762|+     -           1499 22348at50557         -            571   6.1e-58  195.5  21.1   5   5   6.3e-41   1.6e-38  131.4   0.9   197   517   934  1269   925  1297 0.86 -
8602at50557_34720_0:0017b2|STRG.10054.1:266-4735|+     -           1490 22348at50557         -            571   2.6e-57  193.5  21.1   1   5       3.7   9.5e+02   -3.2   0.0    94   128    40    79    32    88 0.78 -
8602at50557_34720_0:0017b2|STRG.10054.1:266-4735|+     -           1490 22348at50557         -            571   2.6e-57  193.5  21.1   2   5   2.4e-12   6.1e-10   37.1   2.6    51   172   109   238    67   243 0.78 -
8602at50557_34720_0:0017b2|STRG.10054.1:266-4735|+     -           1490 22348at50557         -            571   2.6e-57  193.5  21.1   3   5   5.7e-08   1.4e-05   22.6   0.4    87   171   240   328   237   338 0.80 -
8602at50557_34720_0:0017b2|STRG.10054.1:266-4735|+     -           1490 22348at50557         -            571   2.6e-57  193.5  21.1   4   5   6.4e-06    0.0016   15.9   0.4    94   169   354   429   346   435 0.84 -
8602at50557_34720_0:0017b2|STRG.10054.1:266-4735|+     -           1490 22348at50557         -            571   2.6e-57  193.5  21.1   5   5   2.6e-40   6.7e-38  129.4   1.0   197   517   934  1272   925  1300 0.83 -
8602at50557_34720_0:0017b2|STRG.10054.2:266-4771|+     -           1502 22348at50557         -            571   2.7e-57  193.4  21.1   1   5       3.8   9.5e+02   -3.2   0.0    94   128    40    79    32    88 0.78 -
8602at50557_34720_0:0017b2|STRG.10054.2:266-4771|+     -           1502 22348at50557         -            571   2.7e-57  193.4  21.1   2   5   2.4e-12   6.1e-10   37.1   2.6    51   172   109   238    67   243 0.78 -
8602at50557_34720_0:0017b2|STRG.10054.2:266-4771|+     -           1502 22348at50557         -            571   2.7e-57  193.4  21.1   3   5   5.8e-08   1.5e-05   22.6   0.4    87   171   240   328   237   338 0.80 -
8602at50557_34720_0:0017b2|STRG.10054.2:266-4771|+     -           1502 22348at50557         -            571   2.7e-57  193.4  21.1   4   5   6.4e-06    0.0016   15.8   0.4    94   169   354   429   346   435 0.84 -
8602at50557_34720_0:0017b2|STRG.10054.2:266-4771|+     -           1502 22348at50557         -            571   2.7e-57  193.4  21.1   5   5   2.7e-40   6.8e-38  129.4   1.0   197   517   934  1272   925  1300 0.83 -
58189at50557_121225_0:000d00|STRG.2729.1:12816-13856|+ -            347 22348at50557         -            571   4.9e-37  126.5   1.3   1   1   2.5e-39   6.3e-37  126.1   1.3   287   526    15   260     1   284 0.80 -
58189at50557_121225_0:000d00|STRG.2729.2:15174-16214|+ -            347 22348at50557         -            571   4.9e-37  126.5   1.3   1   1   2.5e-39   6.3e-37  126.1   1.3   287   526    15   260     1   284 0.80 -
58189at50557_121225_0:000d00|STRG.2729.3:15056-16096|+ -            347 22348at50557         -            571   4.9e-37  126.5   1.3   1   1   2.5e-39   6.3e-37  126.1   1.3   287   526    15   260     1   284 0.80 -
22348at50557_680683_0:002a76|STRG.12808.1:915-2576|+   -            554 22348at50557         -            571   9.4e-30  102.5   1.9   1   1   1.6e-31   4.1e-29  100.3   1.6   221   516   220   546    64   551 0.79 -
22348at50557_680683_0:002a76|STRG.12808.2:982-2643|+   -            554 22348at50557         -            571   9.4e-30  102.5   1.9   1   1   1.6e-31   4.1e-29  100.3   1.6   221   516   220   546    64   551 0.79 -
22348at50557_680683_0:002a76|STRG.12808.3:1025-2686|+  -            554 22348at50557         -            571   9.4e-30  102.5   1.9   1   1   1.6e-31   4.1e-29  100.3   1.6   221   516   220   546    64   551 0.79 -
8602at50557_67767_0:000e44|STRG.10054.4:266-2083|+     -            606 22348at50557         -            571   1.9e-21   75.1  13.3   1   4      0.85   2.1e+02   -1.1   0.0    94   129    40    80    23    93 0.77 -
8602at50557_67767_0:000e44|STRG.10054.4:266-2083|+     -            606 22348at50557         -            571   1.9e-21   75.1  13.3   2   4   1.2e-12     3e-10   38.1   3.5    51   172   109   238    70   244 0.79 -
8602at50557_67767_0:000e44|STRG.10054.4:266-2083|+     -            606 22348at50557         -            571   1.9e-21   75.1  13.3   3   4   1.2e-08   3.1e-06   24.8   0.3    85   171   238   328   236   339 0.81 -
8602at50557_67767_0:000e44|STRG.10054.4:266-2083|+     -            606 22348at50557         -            571   1.9e-21   75.1  13.3   4   4     2e-06    0.0005   17.5   0.4    94   169   354   429   345   435 0.84 -
31793at50557_7004_0:0042c4|STRG.10770.1:1030-1890|+    -            287 22348at50557         -            571   4.1e-20   70.6   0.2   1   1   2.1e-22   5.2e-20   70.3   0.2   271   518     5   271     2   279 0.79 -
31793at50557_7004_0:0042c4|STRG.10770.2:1065-1925|+    -            287 22348at50557         -            571   4.1e-20   70.6   0.2   1   1   2.1e-22   5.2e-20   70.3   0.2   271   518     5   271     2   279 0.79 -
31793at50557_7004_0:0042c4|STRG.10775.1:1012-1833|+    -            274 22348at50557         -            571   1.8e-18   65.3   0.2   1   1   8.7e-21   2.2e-18   64.9   0.2   271   515     5   268     2   272 0.82 -
31793at50557_307491_0:003733|STRG.5552.1:449-1372|+    -            308 22348at50557         -            571   2.6e-17   61.4   0.1   1   1   1.4e-19   3.6e-17   60.9   0.1   272   511    35   301    28   306 0.77 -
31793at50557_7004_0:0042c4|STRG.1636.1:365-1195|+      -            277 22348at50557         -            571   5.9e-16   56.9   0.7   1   1   3.7e-18   9.5e-16   56.2   0.7   270   500    17   275     8   277 0.73 -
31793at50557_7004_0:0042c4|STRG.1636.2:461-1291|+      -            277 22348at50557         -            571   5.9e-16   56.9   0.7   1   1   3.7e-18   9.5e-16   56.2   0.7   270   500    17   275     8   277 0.73 -
31793at50557_7004_0:0042c4|STRG.1636.3:213-1043|+      -            277 22348at50557         -            571   5.9e-16   56.9   0.7   1   1   3.7e-18   9.5e-16   56.2   0.7   270   500    17   275     8   277 0.73 -
31793at50557_7004_0:0042c4|STRG.1636.4:233-1063|+      -            277 22348at50557         -            571   5.9e-16   56.9   0.7   1   1   3.7e-18   9.5e-16   56.2   0.7   270   500    17   275     8   277 0.73 -
31793at50557_7004_0:0042c4|STRG.1636.5:251-1081|+      -            277 22348at50557         -            571   5.9e-16   56.9   0.7   1   1   3.7e-18   9.5e-16   56.2   0.7   270   500    17   275     8   277 0.73 -
31793at50557_7004_0:0042c4|STRG.1636.6:256-1086|+      -            277 22348at50557         -            571   5.9e-16   56.9   0.7   1   1   3.7e-18   9.5e-16   56.2   0.7   270   500    17   275     8   277 0.73 -
31793at50557_7004_0:0042c4|STRG.1636.7:256-1086|+      -            277 22348at50557         -            571   5.9e-16   56.9   0.7   1   1   3.7e-18   9.5e-16   56.2   0.7   270   500    17   275     8   277 0.73 -
31793at50557_7004_0:0042c4|STRG.1636.8:445-1275|+      -            277 22348at50557         -            571   5.9e-16   56.9   0.7   1   1   3.7e-18   9.5e-16   56.2   0.7   270   500    17   275     8   277 0.73 -
31793at50557_7004_0:0042c4|STRG.16610.1:1169-2005|+    -            279 22348at50557         -            571     1e-15   56.2   0.1   1   1   4.9e-18   1.2e-15   55.8   0.1   272   504     4   261     1   271 0.75 -
31793at50557_7004_0:0042c4|STRG.16610.2:544-1380|+     -            279 22348at50557         -            571     1e-15   56.2   0.1   1   1   4.9e-18   1.2e-15   55.8   0.1   272   504     4   261     1   271 0.75 -
22348at50557_168631_0:001c73|STRG.10743.1:754-1092|+   -            113 22348at50557         -            571   2.6e-14   51.5   0.2   1   1   1.1e-16   2.7e-14   51.4   0.2   392   495     9   113     1   113 0.83 -
22348at50557_168631_0:001c73|STRG.10743.2:754-1092|+   -            113 22348at50557         -            571   2.6e-14   51.5   0.2   1   1   1.1e-16   2.7e-14   51.4   0.2   392   495     9   113     1   113 0.83 -
58189at50557_103372_0:000235|STRG.13574.1:1-756|+      -            252 22348at50557         -            571   1.6e-13   48.9   0.6   1   2   7.5e-16   1.9e-13   48.6   0.0   398   520    19   141     2   157 0.82 -
58189at50557_103372_0:000235|STRG.13574.1:1-756|+      -            252 22348at50557         -            571   1.6e-13   48.9   0.6   2   2       6.2   1.6e+03   -3.9   0.1   538   560   192   213   187   224 0.48 -
31793at50557_51655_0:0011f1|STRG.10770.4:963-1640|+    -            226 22348at50557         -            571   2.1e-11   41.9   0.1   1   1   9.6e-14   2.4e-11   41.7   0.1   310   497    18   225     8   226 0.77 -
31793at50557_456900_0:001971|STRG.5554.1:174-1961|+    -            596 22348at50557         -            571   1.1e-06   26.3   0.0   1   1     6e-09   1.5e-06   25.8   0.0   272   500    42   285    35   311 0.77 -
31793at50557_456900_0:001971|STRG.5554.2:90-1877|+     -            596 22348at50557         -            571   1.1e-06   26.3   0.0   1   1     6e-09   1.5e-06   25.8   0.0   272   500    42   285    35   311 0.77 -
58189at50557_1155016_0:0000fc|STRG.13575.1:1131-1454|+ -            108 22348at50557         -            571   3.1e-05   21.5   0.0   1   1   1.4e-07   3.6e-05   21.3   0.0   272   368     1   105     1   107 0.83 -
28379at50557_34720_0:002a2c|STRG.17067.1:480-3494|+    -           1005 22348at50557         -            571      0.11    9.9   0.0   1   1   0.00069      0.17    9.1   0.0   274   360    64   150    58   153 0.89 -
28379at50557_34720_0:002a2c|STRG.17067.2:491-3505|+    -           1005 22348at50557         -            571      0.11    9.9   0.0   1   1   0.00069      0.17    9.1   0.0   274   360    64   150    58   153 0.89 -
28379at50557_34720_0:002a2c|STRG.17067.3:284-3298|+    -           1005 22348at50557         -            571      0.11    9.9   0.0   1   1   0.00069      0.17    9.1   0.0   274   360    64   150    58   153 0.89 -
28379at50557_34720_0:002a2c|STRG.17067.4:244-3258|+    -           1005 22348at50557         -            571      0.11    9.9   0.0   1   1   0.00069      0.17    9.1   0.0   274   360    64   150    58   153 0.89 -
#
# Program:         hmmsearch
# Version:         3.4 (Aug 2023)
# Pipeline mode:   SEARCH
# Query file:      /data/projet1/projet_tutore/busco_downloads/lineages/insecta_odb10/hmms/22348at50557.hmm
# Target file:     annotation_analysis/annotation_gcf/T_septentrionalis/busco_output/run_insecta_odb10/metaeuk_output/initial_results/assembled_transcripts.fasta.modified.fas
# Option settings: hmmsearch --domtblout annotation_analysis/annotation_gcf/T_septentrionalis/busco_output/run_insecta_odb10/hmmer_output/initial_run_results/22348at50557.out --cpu 1 /data/projet1/projet_tutore/busco_downloads/lineages/insecta_odb10/hmms/22348at50557.hmm annotation_analysis/annotation_gcf/T_septentrionalis/busco_output/run_insecta_odb10/metaeuk_output/initial_results/assembled_transcripts.fasta.modified.fas 
# Current dir:     /data/projet1/projet_tutore
# Date:            Sun Oct 13 10:08:09 2024
# [ok]
