#                                                                                                           --- full sequence --- -------------- this domain -------------   hmm coord   ali coord   env coord
# target name                                       accession   tlen query name           accession   qlen   E-value  score  bias   #  of  c-Evalue  i-Evalue  score  bias  from    to  from    to  from    to  acc description of target
#                               ------------------- ---------- ----- -------------------- ---------- ----- --------- ------ ----- --- --- --------- --------- ------ ----- ----- ----- ----- ----- ----- ----- ---- ---------------------
23633at50557_34720_0:00064d|STRG.2794.1:487-2028|+  -            514 23633at50557         -            340  4.5e-129  429.2   7.7   1   2  1.9e-116  8.7e-114  378.9   7.2     1   269     5   315     5   330 0.88 -
23633at50557_34720_0:00064d|STRG.2794.1:487-2028|+  -            514 23633at50557         -            340  4.5e-129  429.2   7.7   2   2   5.7e-16   2.7e-13   48.5   0.0   277   340   436   514   400   514 0.77 -
23633at50557_34720_0:00064d|STRG.2794.2:487-2031|+  -            515 23633at50557         -            340  9.5e-129  428.1   7.7   1   2  3.9e-116  1.9e-113  377.9   7.2     1   269     5   316     5   331 0.88 -
23633at50557_34720_0:00064d|STRG.2794.2:487-2031|+  -            515 23633at50557         -            340  9.5e-129  428.1   7.7   2   2   5.7e-16   2.7e-13   48.5   0.0   277   340   437   515   401   515 0.77 -
23633at50557_34720_0:00064d|STRG.2794.3:379-1923|+  -            515 23633at50557         -            340  9.5e-129  428.1   7.7   1   2  3.9e-116  1.9e-113  377.9   7.2     1   269     5   316     5   331 0.88 -
23633at50557_34720_0:00064d|STRG.2794.3:379-1923|+  -            515 23633at50557         -            340  9.5e-129  428.1   7.7   2   2   5.7e-16   2.7e-13   48.5   0.0   277   340   437   515   401   515 0.77 -
23633at50557_64793_0:0029e7|STRG.1909.1:473-1246|+  -            258 23633at50557         -            340   2.2e-28   98.2   0.9   1   2   1.2e-20   5.9e-18   63.9   0.3    58   183    17   147    13   163 0.83 -
23633at50557_64793_0:0029e7|STRG.1909.1:473-1246|+  -            258 23633at50557         -            340   2.2e-28   98.2   0.9   2   2     4e-11   1.9e-08   32.6   0.0    56   128   175   252   157   257 0.80 -
23633at50557_535359_0:002849|STRG.16798.1:192-941|+ -            250 23633at50557         -            340   5.9e-25   86.9   1.4   1   3   2.5e-15   1.2e-12   46.4   0.0    58   177     3   124     1   126 0.86 -
23633at50557_535359_0:002849|STRG.16798.1:192-941|+ -            250 23633at50557         -            340   5.9e-25   86.9   1.4   2   3     2e-07   9.5e-05   20.4   0.1    56   105   154   203   150   209 0.78 -
23633at50557_535359_0:002849|STRG.16798.1:192-941|+ -            250 23633at50557         -            340   5.9e-25   86.9   1.4   3   3   3.5e-06    0.0016   16.4   0.0    60    99   207   247   205   250 0.81 -
23633at50557_535359_0:002849|STRG.16798.2:192-941|+ -            250 23633at50557         -            340   5.9e-25   86.9   1.4   1   3   2.5e-15   1.2e-12   46.4   0.0    58   177     3   124     1   126 0.86 -
23633at50557_535359_0:002849|STRG.16798.2:192-941|+ -            250 23633at50557         -            340   5.9e-25   86.9   1.4   2   3     2e-07   9.5e-05   20.4   0.1    56   105   154   203   150   209 0.78 -
23633at50557_535359_0:002849|STRG.16798.2:192-941|+ -            250 23633at50557         -            340   5.9e-25   86.9   1.4   3   3   3.5e-06    0.0016   16.4   0.0    60    99   207   247   205   250 0.81 -
23633at50557_54969_0:00048e|STRG.2092.1:1277-2374|+ -            366 23633at50557         -            340   6.8e-23   80.1   1.6   1   3   1.4e-10   6.6e-08   30.8   0.0    60   179     5   126     1   128 0.85 -
23633at50557_54969_0:00048e|STRG.2092.1:1277-2374|+ -            366 23633at50557         -            340   6.8e-23   80.1   1.6   2   3   4.7e-05     0.022   12.7   0.0    81   125   138   191   131   192 0.81 -
23633at50557_54969_0:00048e|STRG.2092.1:1277-2374|+ -            366 23633at50557         -            340   6.8e-23   80.1   1.6   3   3   2.4e-11   1.1e-08   33.4   0.1    65   153   182   261   177   316 0.88 -
23633at50557_54969_0:00048e|STRG.2092.2:1277-2374|+ -            366 23633at50557         -            340   6.8e-23   80.1   1.6   1   3   1.4e-10   6.6e-08   30.8   0.0    60   179     5   126     1   128 0.85 -
23633at50557_54969_0:00048e|STRG.2092.2:1277-2374|+ -            366 23633at50557         -            340   6.8e-23   80.1   1.6   2   3   4.7e-05     0.022   12.7   0.0    81   125   138   191   131   192 0.81 -
23633at50557_54969_0:00048e|STRG.2092.2:1277-2374|+ -            366 23633at50557         -            340   6.8e-23   80.1   1.6   3   3   2.4e-11   1.1e-08   33.4   0.1    65   153   182   261   177   316 0.88 -
68476at50557_74873_0:002736|STRG.5331.1:1088-2200|+ -            371 23633at50557         -            340   3.5e-18   64.6   1.7   1   5       1.1   5.3e+02   -1.7   0.0   153   176     3    26     2    28 0.90 -
68476at50557_74873_0:002736|STRG.5331.1:1088-2200|+ -            371 23633at50557         -            340   3.5e-18   64.6   1.7   2   5   4.5e-06    0.0021   16.0   0.0    77   128    46    97    43   108 0.90 -
68476at50557_74873_0:002736|STRG.5331.1:1088-2200|+ -            371 23633at50557         -            340   3.5e-18   64.6   1.7   3   5   8.9e-05     0.042   11.7   0.0    63   127    83   149    80   169 0.86 -
68476at50557_74873_0:002736|STRG.5331.1:1088-2200|+ -            371 23633at50557         -            340   3.5e-18   64.6   1.7   4   5   4.4e-07   0.00021   19.3   0.0    58   117   183   250   176   252 0.83 -
68476at50557_74873_0:002736|STRG.5331.1:1088-2200|+ -            371 23633at50557         -            340   3.5e-18   64.6   1.7   5   5   2.9e-07   0.00014   19.9   0.2    72   126   262   315   255   325 0.79 -
68476at50557_74873_0:002736|STRG.5331.2:927-2039|+  -            371 23633at50557         -            340   3.5e-18   64.6   1.7   1   5       1.1   5.3e+02   -1.7   0.0   153   176     3    26     2    28 0.90 -
68476at50557_74873_0:002736|STRG.5331.2:927-2039|+  -            371 23633at50557         -            340   3.5e-18   64.6   1.7   2   5   4.5e-06    0.0021   16.0   0.0    77   128    46    97    43   108 0.90 -
68476at50557_74873_0:002736|STRG.5331.2:927-2039|+  -            371 23633at50557         -            340   3.5e-18   64.6   1.7   3   5   8.9e-05     0.042   11.7   0.0    63   127    83   149    80   169 0.86 -
68476at50557_74873_0:002736|STRG.5331.2:927-2039|+  -            371 23633at50557         -            340   3.5e-18   64.6   1.7   4   5   4.4e-07   0.00021   19.3   0.0    58   117   183   250   176   252 0.83 -
68476at50557_74873_0:002736|STRG.5331.2:927-2039|+  -            371 23633at50557         -            340   3.5e-18   64.6   1.7   5   5   2.9e-07   0.00014   19.9   0.2    72   126   262   315   255   325 0.79 -
4042at50557_7260_0:002482|STRG.6342.1:1693-6471|+   -           1593 23633at50557         -            340   1.3e-17   62.8   2.9   1   4    0.0011      0.51    8.2   0.0   184   241   277   335   258   341 0.57 -
4042at50557_7260_0:002482|STRG.6342.1:1693-6471|+   -           1593 23633at50557         -            340   1.3e-17   62.8   2.9   2   4   0.00014     0.068   11.1   0.0    64   112   353   411   341   416 0.74 -
4042at50557_7260_0:002482|STRG.6342.1:1693-6471|+   -           1593 23633at50557         -            340   1.3e-17   62.8   2.9   3   4   9.9e-05     0.047   11.6   0.0    66   117   420   471   416   472 0.94 -
4042at50557_7260_0:002482|STRG.6342.1:1693-6471|+   -           1593 23633at50557         -            340   1.3e-17   62.8   2.9   4   4     1e-09   4.8e-07   28.0   0.2    65   176   472   601   470   605 0.73 -
4042at50557_7260_0:002482|STRG.6342.2:4982-9760|+   -           1593 23633at50557         -            340   1.3e-17   62.8   2.9   1   4    0.0011      0.51    8.2   0.0   184   241   277   335   258   341 0.57 -
4042at50557_7260_0:002482|STRG.6342.2:4982-9760|+   -           1593 23633at50557         -            340   1.3e-17   62.8   2.9   2   4   0.00014     0.068   11.1   0.0    64   112   353   411   341   416 0.74 -
4042at50557_7260_0:002482|STRG.6342.2:4982-9760|+   -           1593 23633at50557         -            340   1.3e-17   62.8   2.9   3   4   9.9e-05     0.047   11.6   0.0    66   117   420   471   416   472 0.94 -
4042at50557_7260_0:002482|STRG.6342.2:4982-9760|+   -           1593 23633at50557         -            340   1.3e-17   62.8   2.9   4   4     1e-09   4.8e-07   28.0   0.2    65   176   472   601   470   605 0.73 -
4042at50557_7260_0:002482|STRG.6342.3:4542-9320|+   -           1593 23633at50557         -            340   1.3e-17   62.8   2.9   1   4    0.0011      0.51    8.2   0.0   184   241   277   335   258   341 0.57 -
4042at50557_7260_0:002482|STRG.6342.3:4542-9320|+   -           1593 23633at50557         -            340   1.3e-17   62.8   2.9   2   4   0.00014     0.068   11.1   0.0    64   112   353   411   341   416 0.74 -
4042at50557_7260_0:002482|STRG.6342.3:4542-9320|+   -           1593 23633at50557         -            340   1.3e-17   62.8   2.9   3   4   9.9e-05     0.047   11.6   0.0    66   117   420   471   416   472 0.94 -
4042at50557_7260_0:002482|STRG.6342.3:4542-9320|+   -           1593 23633at50557         -            340   1.3e-17   62.8   2.9   4   4     1e-09   4.8e-07   28.0   0.2    65   176   472   601   470   605 0.73 -
4042at50557_7260_0:002482|STRG.6342.4:4997-9775|+   -           1593 23633at50557         -            340   1.3e-17   62.8   2.9   1   4    0.0011      0.51    8.2   0.0   184   241   277   335   258   341 0.57 -
4042at50557_7260_0:002482|STRG.6342.4:4997-9775|+   -           1593 23633at50557         -            340   1.3e-17   62.8   2.9   2   4   0.00014     0.068   11.1   0.0    64   112   353   411   341   416 0.74 -
4042at50557_7260_0:002482|STRG.6342.4:4997-9775|+   -           1593 23633at50557         -            340   1.3e-17   62.8   2.9   3   4   9.9e-05     0.047   11.6   0.0    66   117   420   471   416   472 0.94 -
4042at50557_7260_0:002482|STRG.6342.4:4997-9775|+   -           1593 23633at50557         -            340   1.3e-17   62.8   2.9   4   4     1e-09   4.8e-07   28.0   0.2    65   176   472   601   470   605 0.73 -
4042at50557_103372_0:001129|STRG.7020.1:0-4007|+    -           1336 23633at50557         -            340   8.5e-14   50.2   7.6   1   3     3e-09   1.4e-06   26.4   1.1    63   177   350   473   343   480 0.73 -
4042at50557_103372_0:001129|STRG.7020.1:0-4007|+    -           1336 23633at50557         -            340   8.5e-14   50.2   7.6   2   3     5e-06    0.0024   15.8   1.5    30   179   427   582   423   584 0.77 -
4042at50557_103372_0:001129|STRG.7020.1:0-4007|+    -           1336 23633at50557         -            340   8.5e-14   50.2   7.6   3   3   3.4e-08   1.6e-05   23.0   0.5    65   192   516   654   515   668 0.73 -
4042at50557_103372_0:001129|STRG.7020.2:210-4196|+  -           1329 23633at50557         -            340     1e-13   49.9   7.8   1   3   3.2e-09   1.5e-06   26.4   1.1    63   177   350   473   343   480 0.73 -
4042at50557_103372_0:001129|STRG.7020.2:210-4196|+  -           1329 23633at50557         -            340     1e-13   49.9   7.8   2   3   5.5e-06    0.0026   15.7   1.6    31   179   428   582   424   586 0.77 -
4042at50557_103372_0:001129|STRG.7020.2:210-4196|+  -           1329 23633at50557         -            340     1e-13   49.9   7.8   3   3   2.3e-08   1.1e-05   23.6   0.5    64   192   515   654   511   668 0.74 -
116554at50557_29031_0:00078e|STRG.681.1:605-2146|+  -            514 23633at50557         -            340     8e-06   24.0   0.3   1   4      0.25   1.2e+02    0.4   0.0   204   229   214   239   205   256 0.82 -
116554at50557_29031_0:00078e|STRG.681.1:605-2146|+  -            514 23633at50557         -            340     8e-06   24.0   0.3   2   4   0.00046      0.22    9.4   0.0    59   132   313   382   306   388 0.80 -
116554at50557_29031_0:00078e|STRG.681.1:605-2146|+  -            514 23633at50557         -            340     8e-06   24.0   0.3   3   4    0.0014      0.67    7.8   0.0    62    97   363   398   355   406 0.85 -
116554at50557_29031_0:00078e|STRG.681.1:605-2146|+  -            514 23633at50557         -            340     8e-06   24.0   0.3   4   4    0.0019      0.89    7.4   0.0    63   105   412   457   405   468 0.80 -
116554at50557_29031_0:00078e|STRG.3452.2:270-1844|+ -            525 23633at50557         -            340   6.7e-05   20.9   0.2   1   2    0.0033       1.5    6.6   0.1    52   101   258   308   243   337 0.71 -
116554at50557_29031_0:00078e|STRG.3452.2:270-1844|+ -            525 23633at50557         -            340   6.7e-05   20.9   0.2   2   2   0.00011     0.053   11.4   0.0    60   177   362   472   353   477 0.81 -
93865at50557_83485_0:001da3|STRG.14369.1:158-984|+  -            270 23633at50557         -            340     0.025   12.5   0.1   1   1   8.4e-05     0.039   11.8   0.1     5    43    25    62    21    75 0.81 -
93865at50557_83485_0:001da3|STRG.14369.2:19-828|+   -            270 23633at50557         -            340     0.025   12.5   0.1   1   1   8.4e-05     0.039   11.8   0.1     5    43    25    62    21    75 0.81 -
41050at50557_113334_0:003566|STRG.13356.1:785-928|+ -             48 23633at50557         -            340     0.027   12.4   0.1   1   1   5.7e-05     0.027   12.4   0.1     3    47     2    43     1    47 0.87 -
#
# Program:         hmmsearch
# Version:         3.4 (Aug 2023)
# Pipeline mode:   SEARCH
# Query file:      /data/projet1/projet_tutore/busco_downloads/lineages/insecta_odb10/hmms/23633at50557.hmm
# Target file:     annotation_analysis/annotation_gcf/T_septentrionalis/busco_output/run_insecta_odb10/metaeuk_output/initial_results/assembled_transcripts.fasta.modified.fas
# Option settings: hmmsearch --domtblout annotation_analysis/annotation_gcf/T_septentrionalis/busco_output/run_insecta_odb10/hmmer_output/initial_run_results/23633at50557.out --cpu 1 /data/projet1/projet_tutore/busco_downloads/lineages/insecta_odb10/hmms/23633at50557.hmm annotation_analysis/annotation_gcf/T_septentrionalis/busco_output/run_insecta_odb10/metaeuk_output/initial_results/assembled_transcripts.fasta.modified.fas 
# Current dir:     /data/projet1/projet_tutore
# Date:            Sun Oct 13 10:08:14 2024
# [ok]
