#                                                                                                             --- full sequence --- -------------- this domain -------------   hmm coord   ali coord   env coord
# target name                                         accession   tlen query name           accession   qlen   E-value  score  bias   #  of  c-Evalue  i-Evalue  score  bias  from    to  from    to  from    to  acc description of target
#                                 ------------------- ---------- ----- -------------------- ---------- ----- --------- ------ ----- --- --- --------- --------- ------ ----- ----- ----- ----- ----- ----- ----- ---- ---------------------
29657at50557_103372_0:0020ab|STRG.10167.1:594-3365|+  -            924 29657at50557         -            219  2.2e-103  344.2  43.0   1   2   1.8e-30   2.9e-28   98.5  11.2     1    60    11    69    11   108 0.76 -
29657at50557_103372_0:0020ab|STRG.10167.1:594-3365|+  -            924 29657at50557         -            219  2.2e-103  344.2  43.0   2   2   1.9e-78   3.1e-76  255.4  19.3    55   219   104   277    89   277 0.93 -
29657at50557_103372_0:0020ab|STRG.10167.2:487-3258|+  -            924 29657at50557         -            219  2.2e-103  344.2  43.0   1   2   1.8e-30   2.9e-28   98.5  11.2     1    60    11    69    11   108 0.76 -
29657at50557_103372_0:0020ab|STRG.10167.2:487-3258|+  -            924 29657at50557         -            219  2.2e-103  344.2  43.0   2   2   1.9e-78   3.1e-76  255.4  19.3    55   219   104   277    89   277 0.93 -
29657at50557_103372_0:0020ab|STRG.10167.3:565-3336|+  -            924 29657at50557         -            219  2.2e-103  344.2  43.0   1   2   1.8e-30   2.9e-28   98.5  11.2     1    60    11    69    11   108 0.76 -
29657at50557_103372_0:0020ab|STRG.10167.3:565-3336|+  -            924 29657at50557         -            219  2.2e-103  344.2  43.0   2   2   1.9e-78   3.1e-76  255.4  19.3    55   219   104   277    89   277 0.93 -
35806at50557_116153_0:000b5d|STRG.7798.1:1798-2793|+  -            332 29657at50557         -            219   1.3e-05   24.5  46.5   1   6    0.0003      0.05   12.7   1.3   157   198     4    45     1    50 0.91 -
35806at50557_116153_0:000b5d|STRG.7798.1:1798-2793|+  -            332 29657at50557         -            219   1.3e-05   24.5  46.5   2   6     0.099        16    4.5   2.6   120   141    80   101    45   105 0.51 -
35806at50557_116153_0:000b5d|STRG.7798.1:1798-2793|+  -            332 29657at50557         -            219   1.3e-05   24.5  46.5   3   6      0.47        77    2.3   5.8   122   164    82   132    74   164 0.59 -
35806at50557_116153_0:000b5d|STRG.7798.1:1798-2793|+  -            332 29657at50557         -            219   1.3e-05   24.5  46.5   4   6    0.0026      0.43    9.7   7.1   100   156   180   235   151   250 0.55 -
35806at50557_116153_0:000b5d|STRG.7798.1:1798-2793|+  -            332 29657at50557         -            219   1.3e-05   24.5  46.5   5   6     0.012         2    7.5   1.8   122   143   254   275   234   303 0.67 -
35806at50557_116153_0:000b5d|STRG.7798.1:1798-2793|+  -            332 29657at50557         -            219   1.3e-05   24.5  46.5   6   6     0.008       1.3    8.1   1.7   109   144   295   332   274   332 0.76 -
35806at50557_116153_0:000b5d|STRG.7798.2:1767-2762|+  -            332 29657at50557         -            219   1.3e-05   24.5  46.5   1   6    0.0003      0.05   12.7   1.3   157   198     4    45     1    50 0.91 -
35806at50557_116153_0:000b5d|STRG.7798.2:1767-2762|+  -            332 29657at50557         -            219   1.3e-05   24.5  46.5   2   6     0.099        16    4.5   2.6   120   141    80   101    45   105 0.51 -
35806at50557_116153_0:000b5d|STRG.7798.2:1767-2762|+  -            332 29657at50557         -            219   1.3e-05   24.5  46.5   3   6      0.47        77    2.3   5.8   122   164    82   132    74   164 0.59 -
35806at50557_116153_0:000b5d|STRG.7798.2:1767-2762|+  -            332 29657at50557         -            219   1.3e-05   24.5  46.5   4   6    0.0026      0.43    9.7   7.1   100   156   180   235   151   250 0.55 -
35806at50557_116153_0:000b5d|STRG.7798.2:1767-2762|+  -            332 29657at50557         -            219   1.3e-05   24.5  46.5   5   6     0.012         2    7.5   1.8   122   143   254   275   234   303 0.67 -
35806at50557_116153_0:000b5d|STRG.7798.2:1767-2762|+  -            332 29657at50557         -            219   1.3e-05   24.5  46.5   6   6     0.008       1.3    8.1   1.7   109   144   295   332   274   332 0.76 -
35806at50557_116153_0:000b5d|STRG.7798.3:1840-2835|+  -            332 29657at50557         -            219   1.3e-05   24.5  46.5   1   6    0.0003      0.05   12.7   1.3   157   198     4    45     1    50 0.91 -
35806at50557_116153_0:000b5d|STRG.7798.3:1840-2835|+  -            332 29657at50557         -            219   1.3e-05   24.5  46.5   2   6     0.099        16    4.5   2.6   120   141    80   101    45   105 0.51 -
35806at50557_116153_0:000b5d|STRG.7798.3:1840-2835|+  -            332 29657at50557         -            219   1.3e-05   24.5  46.5   3   6      0.47        77    2.3   5.8   122   164    82   132    74   164 0.59 -
35806at50557_116153_0:000b5d|STRG.7798.3:1840-2835|+  -            332 29657at50557         -            219   1.3e-05   24.5  46.5   4   6    0.0026      0.43    9.7   7.1   100   156   180   235   151   250 0.55 -
35806at50557_116153_0:000b5d|STRG.7798.3:1840-2835|+  -            332 29657at50557         -            219   1.3e-05   24.5  46.5   5   6     0.012         2    7.5   1.8   122   143   254   275   234   303 0.67 -
35806at50557_116153_0:000b5d|STRG.7798.3:1840-2835|+  -            332 29657at50557         -            219   1.3e-05   24.5  46.5   6   6     0.008       1.3    8.1   1.7   109   144   295   332   274   332 0.76 -
35806at50557_116153_0:000b5d|STRG.7798.4:1852-2847|+  -            332 29657at50557         -            219   1.3e-05   24.5  46.5   1   6    0.0003      0.05   12.7   1.3   157   198     4    45     1    50 0.91 -
35806at50557_116153_0:000b5d|STRG.7798.4:1852-2847|+  -            332 29657at50557         -            219   1.3e-05   24.5  46.5   2   6     0.099        16    4.5   2.6   120   141    80   101    45   105 0.51 -
35806at50557_116153_0:000b5d|STRG.7798.4:1852-2847|+  -            332 29657at50557         -            219   1.3e-05   24.5  46.5   3   6      0.47        77    2.3   5.8   122   164    82   132    74   164 0.59 -
35806at50557_116153_0:000b5d|STRG.7798.4:1852-2847|+  -            332 29657at50557         -            219   1.3e-05   24.5  46.5   4   6    0.0026      0.43    9.7   7.1   100   156   180   235   151   250 0.55 -
35806at50557_116153_0:000b5d|STRG.7798.4:1852-2847|+  -            332 29657at50557         -            219   1.3e-05   24.5  46.5   5   6     0.012         2    7.5   1.8   122   143   254   275   234   303 0.67 -
35806at50557_116153_0:000b5d|STRG.7798.4:1852-2847|+  -            332 29657at50557         -            219   1.3e-05   24.5  46.5   6   6     0.008       1.3    8.1   1.7   109   144   295   332   274   332 0.76 -
35806at50557_116153_0:000b5d|STRG.7798.5:1856-2851|+  -            332 29657at50557         -            219   1.3e-05   24.5  46.5   1   6    0.0003      0.05   12.7   1.3   157   198     4    45     1    50 0.91 -
35806at50557_116153_0:000b5d|STRG.7798.5:1856-2851|+  -            332 29657at50557         -            219   1.3e-05   24.5  46.5   2   6     0.099        16    4.5   2.6   120   141    80   101    45   105 0.51 -
35806at50557_116153_0:000b5d|STRG.7798.5:1856-2851|+  -            332 29657at50557         -            219   1.3e-05   24.5  46.5   3   6      0.47        77    2.3   5.8   122   164    82   132    74   164 0.59 -
35806at50557_116153_0:000b5d|STRG.7798.5:1856-2851|+  -            332 29657at50557         -            219   1.3e-05   24.5  46.5   4   6    0.0026      0.43    9.7   7.1   100   156   180   235   151   250 0.55 -
35806at50557_116153_0:000b5d|STRG.7798.5:1856-2851|+  -            332 29657at50557         -            219   1.3e-05   24.5  46.5   5   6     0.012         2    7.5   1.8   122   143   254   275   234   303 0.67 -
35806at50557_116153_0:000b5d|STRG.7798.5:1856-2851|+  -            332 29657at50557         -            219   1.3e-05   24.5  46.5   6   6     0.008       1.3    8.1   1.7   109   144   295   332   274   332 0.76 -
35806at50557_116153_0:000b5d|STRG.7798.6:1743-2738|+  -            332 29657at50557         -            219   1.3e-05   24.5  46.5   1   6    0.0003      0.05   12.7   1.3   157   198     4    45     1    50 0.91 -
35806at50557_116153_0:000b5d|STRG.7798.6:1743-2738|+  -            332 29657at50557         -            219   1.3e-05   24.5  46.5   2   6     0.099        16    4.5   2.6   120   141    80   101    45   105 0.51 -
35806at50557_116153_0:000b5d|STRG.7798.6:1743-2738|+  -            332 29657at50557         -            219   1.3e-05   24.5  46.5   3   6      0.47        77    2.3   5.8   122   164    82   132    74   164 0.59 -
35806at50557_116153_0:000b5d|STRG.7798.6:1743-2738|+  -            332 29657at50557         -            219   1.3e-05   24.5  46.5   4   6    0.0026      0.43    9.7   7.1   100   156   180   235   151   250 0.55 -
35806at50557_116153_0:000b5d|STRG.7798.6:1743-2738|+  -            332 29657at50557         -            219   1.3e-05   24.5  46.5   5   6     0.012         2    7.5   1.8   122   143   254   275   234   303 0.67 -
35806at50557_116153_0:000b5d|STRG.7798.6:1743-2738|+  -            332 29657at50557         -            219   1.3e-05   24.5  46.5   6   6     0.008       1.3    8.1   1.7   109   144   295   332   274   332 0.76 -
39871at50557_74873_0:00210c|STRG.12018.1:557-808|+    -             84 29657at50557         -            219   0.00013   21.2   7.7   1   1   8.9e-07   0.00015   21.0   7.7   122   196     5    84     2    84 0.87 -
39871at50557_74873_0:00210c|STRG.12018.2:557-808|+    -             84 29657at50557         -            219   0.00013   21.2   7.7   1   1   8.9e-07   0.00015   21.0   7.7   122   196     5    84     2    84 0.87 -
57812at50557_139723_0:0023b3|STRG.12892.2:1441-1842|+ -            134 29657at50557         -            219    0.0014   17.8   8.3   1   1   1.2e-05    0.0019   17.4   8.3   102   202    13   115     1   132 0.70 -
57812at50557_139723_0:0023b3|STRG.12892.3:1438-1839|+ -            134 29657at50557         -            219    0.0014   17.8   8.3   1   1   1.2e-05    0.0019   17.4   8.3   102   202    13   115     1   132 0.70 -
28875at50557_520822_0:001662|STRG.5512.3:123-2168|+   -            682 29657at50557         -            219    0.0023   17.1   3.9   1   1   2.2e-05    0.0037   16.4   3.9     2    61   586   643   585   671 0.83 -
28875at50557_520822_0:001662|STRG.5512.5:142-2187|+   -            682 29657at50557         -            219    0.0023   17.1   3.9   1   1   2.2e-05    0.0037   16.4   3.9     2    61   586   643   585   671 0.83 -
28875at50557_520822_0:001662|STRG.5512.6:1778-3823|+  -            682 29657at50557         -            219    0.0023   17.1   3.9   1   1   2.2e-05    0.0037   16.4   3.9     2    61   586   643   585   671 0.83 -
28875at50557_103372_0:001880|STRG.5512.1:190-2259|+   -            690 29657at50557         -            219    0.0024   17.1   3.9   1   1   2.3e-05    0.0038   16.4   3.9     2    61   594   651   593   679 0.83 -
28875at50557_103372_0:001880|STRG.5512.2:2081-4150|+  -            690 29657at50557         -            219    0.0024   17.1   3.9   1   1   2.3e-05    0.0038   16.4   3.9     2    61   594   651   593   679 0.83 -
28875at50557_103372_0:001880|STRG.5512.4:275-2344|+   -            690 29657at50557         -            219    0.0024   17.1   3.9   1   1   2.3e-05    0.0038   16.4   3.9     2    61   594   651   593   679 0.83 -
28875at50557_103372_0:001880|STRG.5512.7:148-2217|+   -            690 29657at50557         -            219    0.0024   17.1   3.9   1   1   2.3e-05    0.0038   16.4   3.9     2    61   594   651   593   679 0.83 -
43508at50557_64793_0:0009c8|STRG.13272.1:179-1366|+   -            396 29657at50557         -            219     0.004   16.3   4.3   1   1   5.6e-05    0.0092   15.2   4.3     2    55   129   181   128   190 0.83 -
43508at50557_456900_0:00177a|STRG.13272.2:248-1909|+  -            554 29657at50557         -            219    0.0055   15.9   4.3   1   1   8.9e-05     0.015   14.5   4.3     2    55   287   339   286   348 0.83 -
102433at50557_197043_0:007171|STRG.3179.1:1580-1852|+ -             91 29657at50557         -            219    0.0056   15.9   2.4   1   1   4.7e-05    0.0077   15.4   2.4     2    47    39    84    38    90 0.92 -
102433at50557_197043_0:007171|STRG.3179.3:1560-1832|+ -             91 29657at50557         -            219    0.0056   15.9   2.4   1   1   4.7e-05    0.0077   15.4   2.4     2    47    39    84    38    90 0.92 -
102433at50557_197043_0:007171|STRG.3179.5:1560-1832|+ -             91 29657at50557         -            219    0.0056   15.9   2.4   1   1   4.7e-05    0.0077   15.4   2.4     2    47    39    84    38    90 0.92 -
102433at50557_197043_0:007171|STRG.3179.6:1560-1832|+ -             91 29657at50557         -            219    0.0056   15.9   2.4   1   1   4.7e-05    0.0077   15.4   2.4     2    47    39    84    38    90 0.92 -
39871at50557_7536_0:000d98|STRG.2960.1:120-401|+      -             94 29657at50557         -            219    0.0061   15.7   7.2   1   1   4.4e-05    0.0073   15.5   7.2   117   187    14    89     4    93 0.79 -
39871at50557_7536_0:000d98|STRG.2960.2:120-401|+      -             94 29657at50557         -            219    0.0061   15.7   7.2   1   1   4.4e-05    0.0073   15.5   7.2   117   187    14    89     4    93 0.79 -
39871at50557_1155016_0:0008ce|STRG.1157.1:699-983|+   -             95 29657at50557         -            219    0.0087   15.2   9.1   1   1   0.00011     0.018   14.2   9.1   122   193     9    84     1    91 0.76 -
45419at50557_51655_0:002e4f|STRG.5719.1:828-1103|+    -             92 29657at50557         -            219     0.011   14.8   5.5   1   2      0.13        22    4.1   0.1   115   142     9    36     2    39 0.79 -
45419at50557_51655_0:002e4f|STRG.5719.1:828-1103|+    -             92 29657at50557         -            219     0.011   14.8   5.5   2   2   0.00078      0.13   11.4   3.7   122   164    44    91    33    92 0.74 -
45419at50557_51655_0:002e4f|STRG.5719.2:1100-1375|+   -             92 29657at50557         -            219     0.011   14.8   5.5   1   2      0.13        22    4.1   0.1   115   142     9    36     2    39 0.79 -
45419at50557_51655_0:002e4f|STRG.5719.2:1100-1375|+   -             92 29657at50557         -            219     0.011   14.8   5.5   2   2   0.00078      0.13   11.4   3.7   122   164    44    91    33    92 0.74 -
66842at50557_64793_0:0006b1|STRG.6321.8:460-1983|+    -            508 29657at50557         -            219     0.012   14.7  13.3   1   2   0.00021     0.034   13.3  10.9   108   197   117   210   105   214 0.84 -
66842at50557_64793_0:0006b1|STRG.6321.8:460-1983|+    -            508 29657at50557         -            219     0.012   14.7  13.3   2   2    0.0036       0.6    9.2   6.5   122   168   159   210   152   245 0.77 -
66842at50557_64793_0:0006b1|STRG.6321.9:344-1873|+    -            510 29657at50557         -            219     0.018   14.2  13.8   1   2   0.00021     0.034   13.3  10.9   108   197   119   212   107   216 0.84 -
66842at50557_64793_0:0006b1|STRG.6321.9:344-1873|+    -            510 29657at50557         -            219     0.018   14.2  13.8   2   2     0.008       1.3    8.1   7.9   122   168   161   212   151   247 0.77 -
66842at50557_64793_0:0006b1|STRG.6321.1:80-1612|+     -            511 29657at50557         -            219     0.018   14.2  13.8   1   2   0.00021     0.034   13.3  10.9   108   197   120   213   108   217 0.84 -
66842at50557_64793_0:0006b1|STRG.6321.1:80-1612|+     -            511 29657at50557         -            219     0.018   14.2  13.8   2   2     0.008       1.3    8.1   7.9   122   168   162   213   152   248 0.77 -
45419at50557_51655_0:002e4f|STRG.15405.1:101-358|+    -             86 29657at50557         -            219      0.02   14.1   4.3   1   1    0.0098       1.6    7.8   0.4   121   141    66    86    56    86 0.80 -
92708at50557_103372_0:0024fa|STRG.1442.2:75-1190|+    -            372 29657at50557         -            219      0.02   14.1   6.7   1   2      0.07        12    5.0   1.2   114   142   263   292   233   299 0.74 -
92708at50557_103372_0:0024fa|STRG.1442.2:75-1190|+    -            372 29657at50557         -            219      0.02   14.1   6.7   2   2    0.0005     0.083   12.0   4.0    94   143   277   321   274   336 0.78 -
66842at50557_64793_0:0006b1|STRG.6321.7:26-1594|+     -            523 29657at50557         -            219      0.02   14.0  13.9   1   2   0.00023     0.037   13.2  10.9   108   197   132   225   120   229 0.84 -
66842at50557_64793_0:0006b1|STRG.6321.7:26-1594|+     -            523 29657at50557         -            219      0.02   14.0  13.9   2   2    0.0084       1.4    8.0   8.0   122   168   174   225   164   260 0.77 -
92708at50557_103372_0:0024fa|STRG.1442.1:216-1385|+   -            390 29657at50557         -            219     0.021   14.0   6.5   1   2     0.072        12    5.0   1.1   114   142   281   310   251   317 0.74 -
92708at50557_103372_0:0024fa|STRG.1442.1:216-1385|+   -            390 29657at50557         -            219     0.021   14.0   6.5   2   2   0.00054      0.09   11.9   3.8    94   143   295   339   293   353 0.77 -
66842at50557_2015173_0:002ab7|STRG.6321.2:412-2074|+  -            540 29657at50557         -            219     0.021   14.0  13.8   1   2   0.00024      0.04   13.1  11.0   108   197   149   242   137   246 0.84 -
66842at50557_2015173_0:002ab7|STRG.6321.2:412-2074|+  -            540 29657at50557         -            219     0.021   14.0  13.8   2   2    0.0038      0.62    9.2   6.3   122   168   191   242   185   276 0.78 -
66842at50557_64793_0:0006b1|STRG.6321.6:70-1650|+     -            527 29657at50557         -            219     0.021   14.0  13.9   1   2   0.00023     0.038   13.1  11.0   108   197   136   229   124   233 0.84 -
66842at50557_64793_0:0006b1|STRG.6321.6:70-1650|+     -            527 29657at50557         -            219     0.021   14.0  13.9   2   2    0.0087       1.4    8.0   8.0   122   168   178   229   168   264 0.77 -
66842at50557_83485_0:002722|STRG.6321.3:99-1661|+     -            521 29657at50557         -            219     0.021   14.0  14.0   1   2   0.00023     0.037   13.2  10.9   108   197   130   223   118   227 0.84 -
66842at50557_83485_0:002722|STRG.6321.3:99-1661|+     -            521 29657at50557         -            219     0.021   14.0  14.0   2   2    0.0062         1    8.5   7.2   122   168   172   223   165   258 0.77 -
66842at50557_307658_0:001af4|STRG.6321.4:349-1911|+   -            521 29657at50557         -            219     0.021   14.0  14.0   1   2   0.00023     0.037   13.2  10.9   108   197   130   223   118   227 0.84 -
66842at50557_307658_0:001af4|STRG.6321.4:349-1911|+   -            521 29657at50557         -            219     0.021   14.0  14.0   2   2    0.0062         1    8.5   7.2   122   168   172   223   165   258 0.77 -
66842at50557_307658_0:001af4|STRG.6321.5:291-1907|+   -            539 29657at50557         -            219     0.022   13.9  13.9   1   2   0.00025     0.041   13.0  11.0   108   197   148   241   136   245 0.84 -
66842at50557_307658_0:001af4|STRG.6321.5:291-1907|+   -            539 29657at50557         -            219     0.022   13.9  13.9   2   2    0.0039      0.65    9.1   6.4   122   168   190   241   184   275 0.78 -
45419at50557_51655_0:002e4f|STRG.16962.1:1125-1436|+  -            104 29657at50557         -            219     0.027   13.6   4.3   1   1   0.00074      0.12   11.5   4.4   123   191     2    75     1    82 0.73 -
45419at50557_51655_0:002e4f|STRG.16962.2:2025-2336|+  -            104 29657at50557         -            219     0.027   13.6   4.3   1   1   0.00074      0.12   11.5   4.4   123   191     2    75     1    82 0.73 -
45419at50557_51655_0:002e4f|STRG.16962.3:2208-2519|+  -            104 29657at50557         -            219     0.027   13.6   4.3   1   1   0.00074      0.12   11.5   4.4   123   191     2    75     1    82 0.73 -
45419at50557_51655_0:002e4f|STRG.16962.4:1089-1400|+  -            104 29657at50557         -            219     0.027   13.6   4.3   1   1   0.00074      0.12   11.5   4.4   123   191     2    75     1    82 0.73 -
14133at50557_286706_0:001942|STRG.6282.1:2026-3282|+  -            419 29657at50557         -            219     0.032   13.4  48.2   1   5     0.021       3.4    6.8   3.2   121   174    27    85     8   118 0.69 -
14133at50557_286706_0:001942|STRG.6282.1:2026-3282|+  -            419 29657at50557         -            219     0.032   13.4  48.2   2   5     0.077        13    4.9   4.9   115   153   121   163    90   180 0.69 -
14133at50557_286706_0:001942|STRG.6282.1:2026-3282|+  -            419 29657at50557         -            219     0.032   13.4  48.2   3   5      0.33        54    2.8   5.7    58   152   163   257   149   280 0.58 -
14133at50557_286706_0:001942|STRG.6282.1:2026-3282|+  -            419 29657at50557         -            219     0.032   13.4  48.2   4   5   0.00081      0.13   11.4   4.2    60   144   231   329   227   332 0.57 -
14133at50557_286706_0:001942|STRG.6282.1:2026-3282|+  -            419 29657at50557         -            219     0.032   13.4  48.2   5   5     0.037       6.1    5.9  10.5   118   198   331   416   327   418 0.74 -
14133at50557_286706_0:001942|STRG.6282.2:997-2253|+   -            419 29657at50557         -            219     0.032   13.4  48.2   1   5     0.021       3.4    6.8   3.2   121   174    27    85     8   118 0.69 -
14133at50557_286706_0:001942|STRG.6282.2:997-2253|+   -            419 29657at50557         -            219     0.032   13.4  48.2   2   5     0.077        13    4.9   4.9   115   153   121   163    90   180 0.69 -
14133at50557_286706_0:001942|STRG.6282.2:997-2253|+   -            419 29657at50557         -            219     0.032   13.4  48.2   3   5      0.33        54    2.8   5.7    58   152   163   257   149   280 0.58 -
14133at50557_286706_0:001942|STRG.6282.2:997-2253|+   -            419 29657at50557         -            219     0.032   13.4  48.2   4   5   0.00081      0.13   11.4   4.2    60   144   231   329   227   332 0.57 -
14133at50557_286706_0:001942|STRG.6282.2:997-2253|+   -            419 29657at50557         -            219     0.032   13.4  48.2   5   5     0.037       6.1    5.9  10.5   118   198   331   416   327   418 0.74 -
45419at50557_51655_0:002e4f|STRG.16965.1:2920-3195|+  -             92 29657at50557         -            219     0.034   13.3   4.7   1   1    0.0012       0.2   10.8   4.7   123   186     2    70     1    82 0.69 -
45419at50557_51655_0:002e4f|STRG.16965.2:3304-3579|+  -             92 29657at50557         -            219     0.034   13.3   4.7   1   1    0.0012       0.2   10.8   4.7   123   186     2    70     1    82 0.69 -
45419at50557_51655_0:002e4f|STRG.16965.3:3325-3600|+  -             92 29657at50557         -            219     0.034   13.3   4.7   1   1    0.0012       0.2   10.8   4.7   123   186     2    70     1    82 0.69 -
45419at50557_51655_0:002e4f|STRG.16965.4:2754-3029|+  -             92 29657at50557         -            219     0.034   13.3   4.7   1   1    0.0012       0.2   10.8   4.7   123   186     2    70     1    82 0.69 -
45419at50557_51655_0:002e4f|STRG.16965.5:2818-3093|+  -             92 29657at50557         -            219     0.034   13.3   4.7   1   1    0.0012       0.2   10.8   4.7   123   186     2    70     1    82 0.69 -
45419at50557_51655_0:002e4f|STRG.8028.1:1268-1525|+   -             86 29657at50557         -            219     0.034   13.3   8.6   1   2     0.063        10    5.2   3.3   122   153    11    46     1    56 0.54 -
45419at50557_51655_0:002e4f|STRG.8028.1:1268-1525|+   -             86 29657at50557         -            219     0.034   13.3   8.6   2   2     0.013       2.2    7.4   0.2   121   141    66    86    58    86 0.85 -
45419at50557_51655_0:002e4f|STRG.8028.2:1231-1488|+   -             86 29657at50557         -            219     0.034   13.3   8.6   1   2     0.063        10    5.2   3.3   122   153    11    46     1    56 0.54 -
45419at50557_51655_0:002e4f|STRG.8028.2:1231-1488|+   -             86 29657at50557         -            219     0.034   13.3   8.6   2   2     0.013       2.2    7.4   0.2   121   141    66    86    58    86 0.85 -
45419at50557_51655_0:002e4f|STRG.8028.3:1232-1489|+   -             86 29657at50557         -            219     0.034   13.3   8.6   1   2     0.063        10    5.2   3.3   122   153    11    46     1    56 0.54 -
45419at50557_51655_0:002e4f|STRG.8028.3:1232-1489|+   -             86 29657at50557         -            219     0.034   13.3   8.6   2   2     0.013       2.2    7.4   0.2   121   141    66    86    58    86 0.85 -
45419at50557_51655_0:002e4f|STRG.8028.4:1268-1525|+   -             86 29657at50557         -            219     0.034   13.3   8.6   1   2     0.063        10    5.2   3.3   122   153    11    46     1    56 0.54 -
45419at50557_51655_0:002e4f|STRG.8028.4:1268-1525|+   -             86 29657at50557         -            219     0.034   13.3   8.6   2   2     0.013       2.2    7.4   0.2   121   141    66    86    58    86 0.85 -
102433at50557_43151_0:0014de|STRG.1184.1:270-800|+    -            177 29657at50557         -            219      0.14   11.3   1.7   1   1    0.0011      0.19   10.9   1.7     3    52    25    75    23    86 0.86 -
91691at50557_224129_0:0018bf|STRG.16018.1:200-964|+   -            255 29657at50557         -            219       2.8    7.0   6.5   1   1     0.025       4.2    6.5   6.5     3    47    14    56    12    72 0.86 -
#
# Program:         hmmsearch
# Version:         3.4 (Aug 2023)
# Pipeline mode:   SEARCH
# Query file:      /data/projet1/projet_tutore/busco_downloads/lineages/insecta_odb10/hmms/29657at50557.hmm
# Target file:     annotation_analysis/annotation_gcf/T_septentrionalis/busco_output/run_insecta_odb10/metaeuk_output/initial_results/assembled_transcripts.fasta.modified.fas
# Option settings: hmmsearch --domtblout annotation_analysis/annotation_gcf/T_septentrionalis/busco_output/run_insecta_odb10/hmmer_output/initial_run_results/29657at50557.out --cpu 1 /data/projet1/projet_tutore/busco_downloads/lineages/insecta_odb10/hmms/29657at50557.hmm annotation_analysis/annotation_gcf/T_septentrionalis/busco_output/run_insecta_odb10/metaeuk_output/initial_results/assembled_transcripts.fasta.modified.fas 
# Current dir:     /data/projet1/projet_tutore
# Date:            Sun Oct 13 10:08:40 2024
# [ok]
