#                                                                                                            --- full sequence --- -------------- this domain -------------   hmm coord   ali coord   env coord
# target name                                        accession   tlen query name           accession   qlen   E-value  score  bias   #  of  c-Evalue  i-Evalue  score  bias  from    to  from    to  from    to  acc description of target
#                                ------------------- ---------- ----- -------------------- ---------- ----- --------- ------ ----- --- --- --------- --------- ------ ----- ----- ----- ----- ----- ----- ----- ---- ---------------------
30050at50557_411798_0:001ff0|STRG.14846.2:590-2881|+ -            764 30050at50557         -            577  1.4e-263  874.8 108.5   1   5  9.5e-133  4.7e-129  430.7  44.2     1   257     8   270     8   278 0.97 -
30050at50557_411798_0:001ff0|STRG.14846.2:590-2881|+ -            764 30050at50557         -            577  1.4e-263  874.8 108.5   2   5   9.3e-28   4.6e-24   84.0   9.3   255   340   306   392   299   395 0.86 -
30050at50557_411798_0:001ff0|STRG.14846.2:590-2881|+ -            764 30050at50557         -            577  1.4e-263  874.8 108.5   3   5   1.2e-26   5.8e-23   80.4   6.3   311   411   390   511   375   515 0.77 -
30050at50557_411798_0:001ff0|STRG.14846.2:590-2881|+ -            764 30050at50557         -            577  1.4e-263  874.8 108.5   4   5   1.2e-08     6e-05   20.9   0.4   406   443   543   581   535   585 0.83 -
30050at50557_411798_0:001ff0|STRG.14846.2:590-2881|+ -            764 30050at50557         -            577  1.4e-263  874.8 108.5   5   5   2.9e-87   1.5e-83  280.5  21.3   431   577   591   737   574   737 0.96 -
30050at50557_411798_0:001ff0|STRG.14846.1:592-2610|+ -            673 30050at50557         -            577  1.9e-223  742.3  97.8   1   5  6.6e-133  3.3e-129  431.2  44.1     1   257     8   270     8   279 0.97 -
30050at50557_411798_0:001ff0|STRG.14846.1:592-2610|+ -            673 30050at50557         -            577  1.9e-223  742.3  97.8   2   5   9.2e-28   4.6e-24   84.0   9.8   255   340   306   392   299   397 0.87 -
30050at50557_411798_0:001ff0|STRG.14846.1:592-2610|+ -            673 30050at50557         -            577  1.9e-223  742.3  97.8   3   5   9.7e-27   4.8e-23   80.7   6.3   311   411   390   511   375   515 0.76 -
30050at50557_411798_0:001ff0|STRG.14846.1:592-2610|+ -            673 30050at50557         -            577  1.9e-223  742.3  97.8   4   5   1.1e-08   5.2e-05   21.1   0.4   406   443   543   581   535   585 0.83 -
30050at50557_411798_0:001ff0|STRG.14846.1:592-2610|+ -            673 30050at50557         -            577  1.9e-223  742.3  97.8   5   5   8.5e-47   4.2e-43  146.9  10.6   431   512   591   672   574   673 0.92 -
#
# Program:         hmmsearch
# Version:         3.4 (Aug 2023)
# Pipeline mode:   SEARCH
# Query file:      /data/projet1/projet_tutore/busco_downloads/lineages/insecta_odb10/hmms/30050at50557.hmm
# Target file:     annotation_analysis/annotation_gcf/T_septentrionalis/busco_output/run_insecta_odb10/metaeuk_output/initial_results/assembled_transcripts.fasta.modified.fas
# Option settings: hmmsearch --domtblout annotation_analysis/annotation_gcf/T_septentrionalis/busco_output/run_insecta_odb10/hmmer_output/initial_run_results/30050at50557.out --cpu 1 /data/projet1/projet_tutore/busco_downloads/lineages/insecta_odb10/hmms/30050at50557.hmm annotation_analysis/annotation_gcf/T_septentrionalis/busco_output/run_insecta_odb10/metaeuk_output/initial_results/assembled_transcripts.fasta.modified.fas 
# Current dir:     /data/projet1/projet_tutore
# Date:            Sun Oct 13 10:08:41 2024
# [ok]
