#                                                                                                              --- full sequence --- -------------- this domain -------------   hmm coord   ali coord   env coord
# target name                                          accession   tlen query name           accession   qlen   E-value  score  bias   #  of  c-Evalue  i-Evalue  score  bias  from    to  from    to  from    to  acc description of target
#                                  ------------------- ---------- ----- -------------------- ---------- ----- --------- ------ ----- --- --- --------- --------- ------ ----- ----- ----- ----- ----- ----- ----- ---- ---------------------
31793at50557_456900_0:001971|STRG.5554.1:174-1961|+    -            596 31793at50557         -            153   2.7e-91  302.5   6.9   1   1   1.4e-92     6e-90  298.1   6.9     1   153   104   285   104   285 0.93 -
31793at50557_456900_0:001971|STRG.5554.2:90-1877|+     -            596 31793at50557         -            153   2.7e-91  302.5   6.9   1   1   1.4e-92     6e-90  298.1   6.9     1   153   104   285   104   285 0.93 -
31793at50557_307491_0:003733|STRG.5552.1:449-1372|+    -            308 31793at50557         -            153   9.1e-47  157.9   7.5   1   1   5.6e-48   2.4e-45  153.3   7.5     2   153   110   290   109   290 0.91 -
31793at50557_7004_0:0042c4|STRG.1636.1:365-1195|+      -            277 31793at50557         -            153   5.9e-44  148.8   8.0   1   1   4.4e-45   1.9e-42  143.9   8.0     2   151    94   272    93   275 0.89 -
31793at50557_7004_0:0042c4|STRG.1636.2:461-1291|+      -            277 31793at50557         -            153   5.9e-44  148.8   8.0   1   1   4.4e-45   1.9e-42  143.9   8.0     2   151    94   272    93   275 0.89 -
31793at50557_7004_0:0042c4|STRG.1636.3:213-1043|+      -            277 31793at50557         -            153   5.9e-44  148.8   8.0   1   1   4.4e-45   1.9e-42  143.9   8.0     2   151    94   272    93   275 0.89 -
31793at50557_7004_0:0042c4|STRG.1636.4:233-1063|+      -            277 31793at50557         -            153   5.9e-44  148.8   8.0   1   1   4.4e-45   1.9e-42  143.9   8.0     2   151    94   272    93   275 0.89 -
31793at50557_7004_0:0042c4|STRG.1636.5:251-1081|+      -            277 31793at50557         -            153   5.9e-44  148.8   8.0   1   1   4.4e-45   1.9e-42  143.9   8.0     2   151    94   272    93   275 0.89 -
31793at50557_7004_0:0042c4|STRG.1636.6:256-1086|+      -            277 31793at50557         -            153   5.9e-44  148.8   8.0   1   1   4.4e-45   1.9e-42  143.9   8.0     2   151    94   272    93   275 0.89 -
31793at50557_7004_0:0042c4|STRG.1636.7:256-1086|+      -            277 31793at50557         -            153   5.9e-44  148.8   8.0   1   1   4.4e-45   1.9e-42  143.9   8.0     2   151    94   272    93   275 0.89 -
31793at50557_7004_0:0042c4|STRG.1636.8:445-1275|+      -            277 31793at50557         -            153   5.9e-44  148.8   8.0   1   1   4.4e-45   1.9e-42  143.9   8.0     2   151    94   272    93   275 0.89 -
31793at50557_7004_0:0042c4|STRG.10775.1:1012-1833|+    -            274 31793at50557         -            153     7e-25   86.9   1.1   1   1   1.6e-25   6.8e-23   80.4   1.1     4   149    77   251    73   254 0.80 -
31793at50557_51655_0:0011f1|STRG.10770.4:963-1640|+    -            226 31793at50557         -            153   5.1e-24   84.1   2.0   1   1   1.9e-24     8e-22   76.9   2.0     2   149    46   223    45   226 0.79 -
31793at50557_7004_0:0042c4|STRG.10770.1:1030-1890|+    -            287 31793at50557         -            153   6.1e-24   83.8   0.9   1   1   1.9e-24     8e-22   76.9   0.9     4   149    77   251    73   254 0.79 -
31793at50557_7004_0:0042c4|STRG.10770.2:1065-1925|+    -            287 31793at50557         -            153   6.1e-24   83.8   0.9   1   1   1.9e-24     8e-22   76.9   0.9     4   149    77   251    73   254 0.79 -
31793at50557_7004_0:0042c4|STRG.16610.1:1169-2005|+    -            279 31793at50557         -            153   1.4e-13   50.2   0.2   1   1   9.7e-14   4.2e-11   42.1   0.2     6   149    80   252    75   256 0.80 -
31793at50557_7004_0:0042c4|STRG.16610.2:544-1380|+     -            279 31793at50557         -            153   1.4e-13   50.2   0.2   1   1   9.7e-14   4.2e-11   42.1   0.2     6   149    80   252    75   256 0.80 -
58189at50557_103372_0:000235|STRG.13574.1:1-756|+      -            252 31793at50557         -            153   0.00016   20.8   0.3   1   1   5.5e-05     0.024   13.7   0.3    62   147     9   116     6   124 0.66 -
22348at50557_168631_0:001c73|STRG.10743.1:754-1092|+   -            113 31793at50557         -            153    0.0024   16.9   0.9   1   1   7.2e-06    0.0031   16.6   0.9   122   149    86   113    23   113 0.80 -
22348at50557_168631_0:001c73|STRG.10743.2:754-1092|+   -            113 31793at50557         -            153    0.0024   16.9   0.9   1   1   7.2e-06    0.0031   16.6   0.9   122   149    86   113    23   113 0.80 -
58189at50557_121225_0:000d00|STRG.2729.1:12816-13856|+ -            347 31793at50557         -            153     0.049   12.7   0.0   1   1   0.00027      0.12   11.5   0.0   120   149   203   232   175   236 0.87 -
58189at50557_121225_0:000d00|STRG.2729.2:15174-16214|+ -            347 31793at50557         -            153     0.049   12.7   0.0   1   1   0.00027      0.12   11.5   0.0   120   149   203   232   175   236 0.87 -
58189at50557_121225_0:000d00|STRG.2729.3:15056-16096|+ -            347 31793at50557         -            153     0.049   12.7   0.0   1   1   0.00027      0.12   11.5   0.0   120   149   203   232   175   236 0.87 -
#
# Program:         hmmsearch
# Version:         3.4 (Aug 2023)
# Pipeline mode:   SEARCH
# Query file:      /data/projet1/projet_tutore/busco_downloads/lineages/insecta_odb10/hmms/31793at50557.hmm
# Target file:     annotation_analysis/annotation_gcf/T_septentrionalis/busco_output/run_insecta_odb10/metaeuk_output/initial_results/assembled_transcripts.fasta.modified.fas
# Option settings: hmmsearch --domtblout annotation_analysis/annotation_gcf/T_septentrionalis/busco_output/run_insecta_odb10/hmmer_output/initial_run_results/31793at50557.out --cpu 1 /data/projet1/projet_tutore/busco_downloads/lineages/insecta_odb10/hmms/31793at50557.hmm annotation_analysis/annotation_gcf/T_septentrionalis/busco_output/run_insecta_odb10/metaeuk_output/initial_results/assembled_transcripts.fasta.modified.fas 
# Current dir:     /data/projet1/projet_tutore
# Date:            Sun Oct 13 10:08:49 2024
# [ok]
