#                                                                                                             --- full sequence --- -------------- this domain -------------   hmm coord   ali coord   env coord
# target name                                         accession   tlen query name           accession   qlen   E-value  score  bias   #  of  c-Evalue  i-Evalue  score  bias  from    to  from    to  from    to  acc description of target
#                                 ------------------- ---------- ----- -------------------- ---------- ----- --------- ------ ----- --- --- --------- --------- ------ ----- ----- ----- ----- ----- ----- ----- ---- ---------------------
36323at50557_103372_0:000193|STRG.11660.1:523-2130|+  -            536 36323at50557         -            413  1.3e-136  454.8  10.5   1   1  5.7e-137  3.1e-134  446.9  10.5     1   408     1   523     1   533 0.84 -
36323at50557_103372_0:000193|STRG.11660.3:768-2168|+  -            467 36323at50557         -            413  2.8e-100  335.1   6.8   1   1  6.1e-101   3.4e-98  328.3   6.8    90   408    54   458     1   461 0.84 -
36323at50557_103372_0:000193|STRG.11660.2:765-2165|+  -            467 36323at50557         -            413  4.4e-100  334.5   6.0   1   1  4.2e-101   2.3e-98  328.8   6.0    90   408    54   458     1   463 0.86 -
36323at50557_103372_0:000193|STRG.11660.4:1051-2451|+ -            467 36323at50557         -            413  4.4e-100  334.5   6.0   1   1  4.2e-101   2.3e-98  328.8   6.0    90   408    54   458     1   463 0.86 -
11224at50557_246812_0:00359c|STRG.7002.1:88-819|+     -            244 36323at50557         -            413   5.4e-08   31.1   0.0   1   1   1.4e-10   7.7e-08   30.6   0.0   113   200    66   154    59   176 0.77 -
11224at50557_246812_0:00359c|STRG.12224.2:461-1246|+  -            262 36323at50557         -            413   6.8e-08   30.8   0.0   1   1   1.7e-10   9.6e-08   30.3   0.0   115   217    34   139    13   149 0.82 -
11224at50557_246812_0:00359c|STRG.826.3:125-595|+     -            157 36323at50557         -            413   8.1e-08   30.5   0.0   1   2      0.39   2.1e+02   -0.5   0.0    52    74    41    63    32    90 0.82 -
11224at50557_246812_0:00359c|STRG.826.3:125-595|+     -            157 36323at50557         -            413   8.1e-08   30.5   0.0   2   2     4e-10   2.2e-07   29.1   0.0   113   197    67   152    62   156 0.82 -
11224at50557_246812_0:00359c|STRG.826.7:708-1442|+    -            245 36323at50557         -            413   9.4e-08   30.3   0.0   1   2       1.4   7.6e+02   -2.3   0.0    53    73    42    62    37    67 0.80 -
11224at50557_246812_0:00359c|STRG.826.7:708-1442|+    -            245 36323at50557         -            413   9.4e-08   30.3   0.0   2   2   3.7e-10     2e-07   29.2   0.0   113   199    67   154    60   173 0.79 -
11224at50557_246812_0:00359c|STRG.5881.1:57-1322|+    -            422 36323at50557         -            413     2e-07   29.2   0.0   1   3      0.24   1.3e+02    0.2   0.0    42    65    31    53    24    64 0.71 -
11224at50557_246812_0:00359c|STRG.5881.1:57-1322|+    -            422 36323at50557         -            413     2e-07   29.2   0.0   2   3   4.1e-09   2.3e-06   25.8   0.0   137   201    89   155    75   178 0.77 -
11224at50557_246812_0:00359c|STRG.5881.1:57-1322|+    -            422 36323at50557         -            413     2e-07   29.2   0.0   3   3         2   1.1e+03   -2.8   0.0   366   406   351   393   344   397 0.72 -
11224at50557_246812_0:00359c|STRG.2531.1:216-1472|+   -            419 36323at50557         -            413   6.4e-07   27.6   0.0   1   3      0.21   1.1e+02    0.4   0.0    41    64    30    52    24    64 0.72 -
11224at50557_246812_0:00359c|STRG.2531.1:216-1472|+   -            419 36323at50557         -            413   6.4e-07   27.6   0.0   2   3   1.6e-08   8.6e-06   23.9   0.0   137   200    89   154    75   182 0.76 -
11224at50557_246812_0:00359c|STRG.2531.1:216-1472|+   -            419 36323at50557         -            413   6.4e-07   27.6   0.0   3   3       1.5   8.4e+02   -2.5   0.0   365   406   350   393   344   397 0.74 -
11224at50557_246812_0:00359c|STRG.12224.1:631-1263|+  -            211 36323at50557         -            413     7e-07   27.5   0.0   1   1   1.8e-09     1e-06   26.9   0.0   133   217     1    88     1    98 0.82 -
11224at50557_246812_0:00359c|STRG.826.4:125-932|+     -            200 36323at50557         -            413   1.4e-06   26.5   0.0   1   1   3.4e-09   1.9e-06   26.1   0.0   143   199    51   109    38   129 0.83 -
11224at50557_246812_0:00359c|STRG.826.5:1658-2465|+   -            200 36323at50557         -            413   1.4e-06   26.5   0.0   1   1   3.4e-09   1.9e-06   26.1   0.0   143   199    51   109    38   129 0.83 -
11224at50557_246812_0:00359c|STRG.8349.1:209-943|+    -            245 36323at50557         -            413   2.1e-06   25.9   0.0   1   1   4.8e-09   2.6e-06   25.6   0.0   113   200    67   155    48   179 0.79 -
11224at50557_246812_0:00359c|STRG.2535.1:257-1531|+   -            425 36323at50557         -            413     3e-06   25.4   0.0   1   3      0.36     2e+02   -0.4   0.0    42    64    31    52    25    63 0.71 -
11224at50557_246812_0:00359c|STRG.2535.1:257-1531|+   -            425 36323at50557         -            413     3e-06   25.4   0.0   2   3   7.4e-08   4.1e-05   21.7   0.0   137   199    89   153    75   177 0.75 -
11224at50557_246812_0:00359c|STRG.2535.1:257-1531|+   -            425 36323at50557         -            413     3e-06   25.4   0.0   3   3      0.72   3.9e+02   -1.4   0.0   365   406   350   393   342   398 0.76 -
11224at50557_246812_0:00359c|STRG.6561.1:280-1014|+   -            245 36323at50557         -            413   4.1e-06   24.9   0.0   1   1     1e-08   5.5e-06   24.5   0.0   113   200    67   155    41   179 0.80 -
11224at50557_246812_0:00359c|STRG.2532.1:351-1625|+   -            425 36323at50557         -            413   8.7e-06   23.9   0.0   1   3       1.5     8e+02   -2.4   0.0    49    67    43    61    30    70 0.73 -
11224at50557_246812_0:00359c|STRG.2532.1:351-1625|+   -            425 36323at50557         -            413   8.7e-06   23.9   0.0   2   3     8e-08   4.4e-05   21.5   0.0   138   200    96   160    81   182 0.75 -
11224at50557_246812_0:00359c|STRG.2532.1:351-1625|+   -            425 36323at50557         -            413   8.7e-06   23.9   0.0   3   3       1.1   6.1e+02   -2.0   0.0   366   406   357   399   346   403 0.74 -
11224at50557_246812_0:00359c|STRG.12661.1:174-902|+   -            243 36323at50557         -            413   1.7e-05   22.9   0.0   1   1   5.4e-08   2.9e-05   22.1   0.0   126   201    77   154    55   173 0.77 -
#
# Program:         hmmsearch
# Version:         3.4 (Aug 2023)
# Pipeline mode:   SEARCH
# Query file:      /data/projet1/projet_tutore/busco_downloads/lineages/insecta_odb10/hmms/36323at50557.hmm
# Target file:     annotation_analysis/annotation_gcf/T_septentrionalis/busco_output/run_insecta_odb10/metaeuk_output/initial_results/assembled_transcripts.fasta.modified.fas
# Option settings: hmmsearch --domtblout annotation_analysis/annotation_gcf/T_septentrionalis/busco_output/run_insecta_odb10/hmmer_output/initial_run_results/36323at50557.out --cpu 1 /data/projet1/projet_tutore/busco_downloads/lineages/insecta_odb10/hmms/36323at50557.hmm annotation_analysis/annotation_gcf/T_septentrionalis/busco_output/run_insecta_odb10/metaeuk_output/initial_results/assembled_transcripts.fasta.modified.fas 
# Current dir:     /data/projet1/projet_tutore
# Date:            Sun Oct 13 10:09:04 2024
# [ok]
