#                                                                                                             --- full sequence --- -------------- this domain -------------   hmm coord   ali coord   env coord
# target name                                         accession   tlen query name           accession   qlen   E-value  score  bias   #  of  c-Evalue  i-Evalue  score  bias  from    to  from    to  from    to  acc description of target
#                                 ------------------- ---------- ----- -------------------- ---------- ----- --------- ------ ----- --- --- --------- --------- ------ ----- ----- ----- ----- ----- ----- ----- ---- ---------------------
40260at50557_520822_0:0015ec|STRG.6044.1:173-1657|+   -            495 40260at50557         -            408  1.9e-250  829.9  73.9   1   5   7.9e-57   8.3e-55  185.6  10.6     1    96     1    96     1   105 0.97 -
40260at50557_520822_0:0015ec|STRG.6044.1:173-1657|+   -            495 40260at50557         -            408  1.9e-250  829.9  73.9   2   5   1.4e-15   1.5e-13   49.8   0.6    84   116   105   137    97   138 0.89 -
40260at50557_520822_0:0015ec|STRG.6044.1:173-1657|+   -            495 40260at50557         -            408  1.9e-250  829.9  73.9   3   5   4.2e-41   4.4e-39  133.8  10.8   176   282   133   237   133   237 0.95 -
40260at50557_520822_0:0015ec|STRG.6044.1:173-1657|+   -            495 40260at50557         -            408  1.9e-250  829.9  73.9   4   5  1.5e-122  1.5e-120  402.1  17.5   149   340   200   398   197   416 0.95 -
40260at50557_520822_0:0015ec|STRG.6044.1:173-1657|+   -            495 40260at50557         -            408  1.9e-250  829.9  73.9   5   5     7e-35   7.3e-33  113.3   3.8   337   408   418   495   411   495 0.96 -
40260at50557_520822_0:0015ec|STRG.6044.3:173-1657|+   -            495 40260at50557         -            408  1.6e-246  817.0  72.1   1   4   7.8e-57   8.2e-55  185.6  10.6     1    96     1    96     1   105 0.97 -
40260at50557_520822_0:0015ec|STRG.6044.3:173-1657|+   -            495 40260at50557         -            408  1.6e-246  817.0  72.1   2   4   1.5e-15   1.5e-13   49.7   0.7    84   116   105   137    97   139 0.89 -
40260at50557_520822_0:0015ec|STRG.6044.3:173-1657|+   -            495 40260at50557         -            408  1.6e-246  817.0  72.1   3   4   1.1e-37   1.1e-35  122.6   8.9   177   280   134   235   134   235 0.94 -
40260at50557_520822_0:0015ec|STRG.6044.3:173-1657|+   -            495 40260at50557         -            408  1.6e-246  817.0  72.1   4   4    3e-152  3.1e-150  499.9  29.1   148   408   199   495   196   495 0.92 -
40260at50557_103372_0:000b0e|STRG.6044.2:173-1660|+   -            496 40260at50557         -            408  4.9e-245  812.1  68.4   1   5   7.6e-57   7.9e-55  185.7  10.6     1    96     1    96     1   105 0.97 -
40260at50557_103372_0:000b0e|STRG.6044.2:173-1660|+   -            496 40260at50557         -            408  4.9e-245  812.1  68.4   2   5   1.4e-15   1.5e-13   49.8   0.6    84   116   105   137    97   139 0.89 -
40260at50557_103372_0:000b0e|STRG.6044.2:173-1660|+   -            496 40260at50557         -            408  4.9e-245  812.1  68.4   3   5     2e-35   2.1e-33  115.1   5.7   178   282   135   238   135   238 0.92 -
40260at50557_103372_0:000b0e|STRG.6044.2:173-1660|+   -            496 40260at50557         -            408  4.9e-245  812.1  68.4   4   5    8e-123  8.4e-121  403.0  17.2   147   340   199   399   194   417 0.95 -
40260at50557_103372_0:000b0e|STRG.6044.2:173-1660|+   -            496 40260at50557         -            408  4.9e-245  812.1  68.4   5   5   7.3e-35   7.6e-33  113.3   3.9   337   408   419   496   412   496 0.96 -
40260at50557_88501_0:001eb3|STRG.6044.4:170-685|+     -            172 40260at50557         -            408   2.4e-79  266.4  28.4   1   3   1.2e-57   1.2e-55  188.4  10.9     1    96     2    97     2   104 0.97 -
40260at50557_88501_0:001eb3|STRG.6044.4:170-685|+     -            172 40260at50557         -            408   2.4e-79  266.4  28.4   2   3   3.1e-16   3.2e-14   51.9   0.6    83   116   105   138    98   140 0.89 -
40260at50557_88501_0:001eb3|STRG.6044.4:170-685|+     -            172 40260at50557         -            408   2.4e-79  266.4  28.4   3   3     7e-13   7.2e-11   40.9   3.9   177   213   135   171   135   172 0.91 -
40260at50557_13249_0:002616|STRG.6044.5:173-439|+     -             89 40260at50557         -            408   1.5e-55  188.1  10.0   1   1   1.6e-57   1.6e-55  188.0  10.0     1    87     1    87     1    89 0.98 -
40260at50557_13249_0:002616|STRG.14204.4:1847-2059|+  -             71 40260at50557         -            408   8.5e-20   70.3   7.0   1   1   8.9e-22   9.2e-20   70.2   7.0    11    81     1    71     1    71 0.99 -
40260at50557_13249_0:002616|STRG.14204.5:1669-1881|+  -             71 40260at50557         -            408   8.5e-20   70.3   7.0   1   1   8.9e-22   9.2e-20   70.2   7.0    11    81     1    71     1    71 0.99 -
40260at50557_13249_0:002616|STRG.14204.6:1653-1865|+  -             71 40260at50557         -            408   8.5e-20   70.3   7.0   1   1   8.9e-22   9.2e-20   70.2   7.0    11    81     1    71     1    71 0.99 -
40260at50557_13249_0:002616|STRG.14204.7:1434-1646|+  -             71 40260at50557         -            408   8.5e-20   70.3   7.0   1   1   8.9e-22   9.2e-20   70.2   7.0    11    81     1    71     1    71 0.99 -
40260at50557_13249_0:002616|STRG.14204.8:1648-1860|+  -             71 40260at50557         -            408   8.5e-20   70.3   7.0   1   1   8.9e-22   9.2e-20   70.2   7.0    11    81     1    71     1    71 0.99 -
40260at50557_13249_0:002616|STRG.14204.9:1806-2018|+  -             71 40260at50557         -            408   8.5e-20   70.3   7.0   1   1   8.9e-22   9.2e-20   70.2   7.0    11    81     1    71     1    71 0.99 -
40260at50557_133901_0:000d2e|STRG.7559.1:101-313|+    -             71 40260at50557         -            408   8.4e-16   57.2   5.7   1   1   8.7e-18     9e-16   57.1   5.7     7    76     1    71     1    71 0.96 -
40260at50557_121225_0:001e02|STRG.12907.11:654-1733|+ -            360 40260at50557         -            408   1.7e-15   56.2  60.7   1   5   0.00016     0.017   13.4   2.8    27    70    21    64     1    66 0.73 -
40260at50557_121225_0:001e02|STRG.12907.11:654-1733|+ -            360 40260at50557         -            408   1.7e-15   56.2  60.7   2   5   0.00039     0.041   12.1   3.2   162   216    65   118    60   123 0.70 -
40260at50557_121225_0:001e02|STRG.12907.11:654-1733|+ -            360 40260at50557         -            408   1.7e-15   56.2  60.7   3   5   2.2e-05    0.0023   16.2   7.6   159   223   122   186   119   194 0.67 -
40260at50557_121225_0:001e02|STRG.12907.11:654-1733|+ -            360 40260at50557         -            408   1.7e-15   56.2  60.7   4   5   4.4e-06   0.00046   18.5   5.0   162   220   247   303   244   312 0.78 -
40260at50557_121225_0:001e02|STRG.12907.11:654-1733|+ -            360 40260at50557         -            408   1.7e-15   56.2  60.7   5   5     0.079       8.3    4.5   2.6   178   198   325   345   304   360 0.68 -
40260at50557_121225_0:001e02|STRG.12907.7:1154-2233|+ -            360 40260at50557         -            408   1.7e-15   56.2  60.7   1   5   0.00016     0.017   13.4   2.8    27    70    21    64     1    66 0.73 -
40260at50557_121225_0:001e02|STRG.12907.7:1154-2233|+ -            360 40260at50557         -            408   1.7e-15   56.2  60.7   2   5   0.00039     0.041   12.1   3.2   162   216    65   118    60   123 0.70 -
40260at50557_121225_0:001e02|STRG.12907.7:1154-2233|+ -            360 40260at50557         -            408   1.7e-15   56.2  60.7   3   5   2.2e-05    0.0023   16.2   7.6   159   223   122   186   119   194 0.67 -
40260at50557_121225_0:001e02|STRG.12907.7:1154-2233|+ -            360 40260at50557         -            408   1.7e-15   56.2  60.7   4   5   4.4e-06   0.00046   18.5   5.0   162   220   247   303   244   312 0.78 -
40260at50557_121225_0:001e02|STRG.12907.7:1154-2233|+ -            360 40260at50557         -            408   1.7e-15   56.2  60.7   5   5     0.079       8.3    4.5   2.6   178   198   325   345   304   360 0.68 -
40260at50557_121225_0:001e02|STRG.12907.8:3180-4259|+ -            360 40260at50557         -            408   1.7e-15   56.2  60.7   1   5   0.00016     0.017   13.4   2.8    27    70    21    64     1    66 0.73 -
40260at50557_121225_0:001e02|STRG.12907.8:3180-4259|+ -            360 40260at50557         -            408   1.7e-15   56.2  60.7   2   5   0.00039     0.041   12.1   3.2   162   216    65   118    60   123 0.70 -
40260at50557_121225_0:001e02|STRG.12907.8:3180-4259|+ -            360 40260at50557         -            408   1.7e-15   56.2  60.7   3   5   2.2e-05    0.0023   16.2   7.6   159   223   122   186   119   194 0.67 -
40260at50557_121225_0:001e02|STRG.12907.8:3180-4259|+ -            360 40260at50557         -            408   1.7e-15   56.2  60.7   4   5   4.4e-06   0.00046   18.5   5.0   162   220   247   303   244   312 0.78 -
40260at50557_121225_0:001e02|STRG.12907.8:3180-4259|+ -            360 40260at50557         -            408   1.7e-15   56.2  60.7   5   5     0.079       8.3    4.5   2.6   178   198   325   345   304   360 0.68 -
40260at50557_121225_0:001e02|STRG.12907.9:778-1857|+  -            360 40260at50557         -            408   1.7e-15   56.2  60.7   1   5   0.00016     0.017   13.4   2.8    27    70    21    64     1    66 0.73 -
40260at50557_121225_0:001e02|STRG.12907.9:778-1857|+  -            360 40260at50557         -            408   1.7e-15   56.2  60.7   2   5   0.00039     0.041   12.1   3.2   162   216    65   118    60   123 0.70 -
40260at50557_121225_0:001e02|STRG.12907.9:778-1857|+  -            360 40260at50557         -            408   1.7e-15   56.2  60.7   3   5   2.2e-05    0.0023   16.2   7.6   159   223   122   186   119   194 0.67 -
40260at50557_121225_0:001e02|STRG.12907.9:778-1857|+  -            360 40260at50557         -            408   1.7e-15   56.2  60.7   4   5   4.4e-06   0.00046   18.5   5.0   162   220   247   303   244   312 0.78 -
40260at50557_121225_0:001e02|STRG.12907.9:778-1857|+  -            360 40260at50557         -            408   1.7e-15   56.2  60.7   5   5     0.079       8.3    4.5   2.6   178   198   325   345   304   360 0.68 -
40260at50557_13249_0:002616|STRG.12929.1:235-435|+    -             67 40260at50557         -            408   3.9e-13   48.4   5.5   1   1   4.2e-15   4.3e-13   48.2   5.5    10    75     1    67     1    67 0.97 -
40260at50557_13249_0:002616|STRG.12929.2:235-435|+    -             67 40260at50557         -            408   3.9e-13   48.4   5.5   1   1   4.2e-15   4.3e-13   48.2   5.5    10    75     1    67     1    67 0.97 -
40260at50557_13249_0:002616|STRG.7179.10:1249-1407|+  -             53 40260at50557         -            408   3.7e-12   45.2   4.5   1   1   3.7e-14   3.9e-12   45.1   4.5     9    60     2    53     1    53 0.97 -
40260at50557_13249_0:002616|STRG.7179.11:852-1010|+   -             53 40260at50557         -            408   3.7e-12   45.2   4.5   1   1   3.7e-14   3.9e-12   45.1   4.5     9    60     2    53     1    53 0.97 -
40260at50557_13249_0:002616|STRG.7179.12:280-438|+    -             53 40260at50557         -            408   3.7e-12   45.2   4.5   1   1   3.7e-14   3.9e-12   45.1   4.5     9    60     2    53     1    53 0.97 -
40260at50557_13249_0:002616|STRG.7179.13:797-955|+    -             53 40260at50557         -            408   3.7e-12   45.2   4.5   1   1   3.7e-14   3.9e-12   45.1   4.5     9    60     2    53     1    53 0.97 -
40260at50557_13249_0:002616|STRG.7179.14:867-1025|+   -             53 40260at50557         -            408   3.7e-12   45.2   4.5   1   1   3.7e-14   3.9e-12   45.1   4.5     9    60     2    53     1    53 0.97 -
40260at50557_13249_0:002616|STRG.7179.15:996-1154|+   -             53 40260at50557         -            408   3.7e-12   45.2   4.5   1   1   3.7e-14   3.9e-12   45.1   4.5     9    60     2    53     1    53 0.97 -
40260at50557_13249_0:002616|STRG.7179.16:2683-2841|+  -             53 40260at50557         -            408   3.7e-12   45.2   4.5   1   1   3.7e-14   3.9e-12   45.1   4.5     9    60     2    53     1    53 0.97 -
40260at50557_13249_0:002616|STRG.7179.1:2906-3064|+   -             53 40260at50557         -            408   3.7e-12   45.2   4.5   1   1   3.7e-14   3.9e-12   45.1   4.5     9    60     2    53     1    53 0.97 -
40260at50557_13249_0:002616|STRG.7179.2:2683-2841|+   -             53 40260at50557         -            408   3.7e-12   45.2   4.5   1   1   3.7e-14   3.9e-12   45.1   4.5     9    60     2    53     1    53 0.97 -
40260at50557_13249_0:002616|STRG.7179.3:2683-2841|+   -             53 40260at50557         -            408   3.7e-12   45.2   4.5   1   1   3.7e-14   3.9e-12   45.1   4.5     9    60     2    53     1    53 0.97 -
40260at50557_13249_0:002616|STRG.7179.4:2172-2330|+   -             53 40260at50557         -            408   3.7e-12   45.2   4.5   1   1   3.7e-14   3.9e-12   45.1   4.5     9    60     2    53     1    53 0.97 -
40260at50557_13249_0:002616|STRG.7179.6:2683-2841|+   -             53 40260at50557         -            408   3.7e-12   45.2   4.5   1   1   3.7e-14   3.9e-12   45.1   4.5     9    60     2    53     1    53 0.97 -
40260at50557_13249_0:002616|STRG.7179.7:544-702|+     -             53 40260at50557         -            408   3.7e-12   45.2   4.5   1   1   3.7e-14   3.9e-12   45.1   4.5     9    60     2    53     1    53 0.97 -
40260at50557_13249_0:002616|STRG.7179.8:527-685|+     -             53 40260at50557         -            408   3.7e-12   45.2   4.5   1   1   3.7e-14   3.9e-12   45.1   4.5     9    60     2    53     1    53 0.97 -
40260at50557_13249_0:002616|STRG.7179.9:373-531|+     -             53 40260at50557         -            408   3.7e-12   45.2   4.5   1   1   3.7e-14   3.9e-12   45.1   4.5     9    60     2    53     1    53 0.97 -
40260at50557_7004_0:002f5a|STRG.11524.1:28-444|+      -            139 40260at50557         -            408   5.1e-10   38.1  11.3   1   2   1.5e-08   1.6e-06   26.6   3.4   265   325     2    62     1    62 0.87 -
40260at50557_7004_0:002f5a|STRG.11524.1:28-444|+      -            139 40260at50557         -            408   5.1e-10   38.1  11.3   2   2   6.6e-06   0.00069   17.9   1.2    10    61    62   115    61   119 0.82 -
26432at50557_6973_0:00651c|STRG.12907.10:2171-2644|+  -            158 40260at50557         -            408     7e-09   34.4  24.6   1   3   1.6e-05    0.0017   16.7   6.3   356   396     2    44     1    58 0.66 -
26432at50557_6973_0:00651c|STRG.12907.10:2171-2644|+  -            158 40260at50557         -            408     7e-09   34.4  24.6   2   3   1.8e-06   0.00019   19.7   5.8   162   220    43    99    40   107 0.78 -
26432at50557_6973_0:00651c|STRG.12907.10:2171-2644|+  -            158 40260at50557         -            408     7e-09   34.4  24.6   3   3     0.016       1.7    6.8   2.7   178   200   121   143    98   158 0.62 -
26432at50557_6973_0:00651c|STRG.12907.1:1822-2295|+   -            158 40260at50557         -            408     7e-09   34.4  24.6   1   3   1.6e-05    0.0017   16.7   6.3   356   396     2    44     1    58 0.66 -
26432at50557_6973_0:00651c|STRG.12907.1:1822-2295|+   -            158 40260at50557         -            408     7e-09   34.4  24.6   2   3   1.8e-06   0.00019   19.7   5.8   162   220    43    99    40   107 0.78 -
26432at50557_6973_0:00651c|STRG.12907.1:1822-2295|+   -            158 40260at50557         -            408     7e-09   34.4  24.6   3   3     0.016       1.7    6.8   2.7   178   200   121   143    98   158 0.62 -
26432at50557_6973_0:00651c|STRG.12907.2:965-1438|+    -            158 40260at50557         -            408     7e-09   34.4  24.6   1   3   1.6e-05    0.0017   16.7   6.3   356   396     2    44     1    58 0.66 -
26432at50557_6973_0:00651c|STRG.12907.2:965-1438|+    -            158 40260at50557         -            408     7e-09   34.4  24.6   2   3   1.8e-06   0.00019   19.7   5.8   162   220    43    99    40   107 0.78 -
26432at50557_6973_0:00651c|STRG.12907.2:965-1438|+    -            158 40260at50557         -            408     7e-09   34.4  24.6   3   3     0.016       1.7    6.8   2.7   178   200   121   143    98   158 0.62 -
26432at50557_6973_0:00651c|STRG.12907.3:430-903|+     -            158 40260at50557         -            408     7e-09   34.4  24.6   1   3   1.6e-05    0.0017   16.7   6.3   356   396     2    44     1    58 0.66 -
26432at50557_6973_0:00651c|STRG.12907.3:430-903|+     -            158 40260at50557         -            408     7e-09   34.4  24.6   2   3   1.8e-06   0.00019   19.7   5.8   162   220    43    99    40   107 0.78 -
26432at50557_6973_0:00651c|STRG.12907.3:430-903|+     -            158 40260at50557         -            408     7e-09   34.4  24.6   3   3     0.016       1.7    6.8   2.7   178   200   121   143    98   158 0.62 -
26432at50557_6973_0:00651c|STRG.12907.4:633-1106|+    -            158 40260at50557         -            408     7e-09   34.4  24.6   1   3   1.6e-05    0.0017   16.7   6.3   356   396     2    44     1    58 0.66 -
26432at50557_6973_0:00651c|STRG.12907.4:633-1106|+    -            158 40260at50557         -            408     7e-09   34.4  24.6   2   3   1.8e-06   0.00019   19.7   5.8   162   220    43    99    40   107 0.78 -
26432at50557_6973_0:00651c|STRG.12907.4:633-1106|+    -            158 40260at50557         -            408     7e-09   34.4  24.6   3   3     0.016       1.7    6.8   2.7   178   200   121   143    98   158 0.62 -
26432at50557_6973_0:00651c|STRG.12907.5:621-1094|+    -            158 40260at50557         -            408     7e-09   34.4  24.6   1   3   1.6e-05    0.0017   16.7   6.3   356   396     2    44     1    58 0.66 -
26432at50557_6973_0:00651c|STRG.12907.5:621-1094|+    -            158 40260at50557         -            408     7e-09   34.4  24.6   2   3   1.8e-06   0.00019   19.7   5.8   162   220    43    99    40   107 0.78 -
26432at50557_6973_0:00651c|STRG.12907.5:621-1094|+    -            158 40260at50557         -            408     7e-09   34.4  24.6   3   3     0.016       1.7    6.8   2.7   178   200   121   143    98   158 0.62 -
26432at50557_6973_0:00651c|STRG.12907.6:2104-2577|+   -            158 40260at50557         -            408     7e-09   34.4  24.6   1   3   1.6e-05    0.0017   16.7   6.3   356   396     2    44     1    58 0.66 -
26432at50557_6973_0:00651c|STRG.12907.6:2104-2577|+   -            158 40260at50557         -            408     7e-09   34.4  24.6   2   3   1.8e-06   0.00019   19.7   5.8   162   220    43    99    40   107 0.78 -
26432at50557_6973_0:00651c|STRG.12907.6:2104-2577|+   -            158 40260at50557         -            408     7e-09   34.4  24.6   3   3     0.016       1.7    6.8   2.7   178   200   121   143    98   158 0.62 -
26432at50557_1507135_0:0025ae|STRG.4958.10:875-1222|+ -            116 40260at50557         -            408   9.3e-08   30.7   7.6   1   2   1.6e-07   1.7e-05   23.2   2.4   162   230     1    70     1    73 0.91 -
26432at50557_1507135_0:0025ae|STRG.4958.10:875-1222|+ -            116 40260at50557         -            408   9.3e-08   30.7   7.6   2   2   6.2e-05    0.0065   14.7   0.6   162   196    65   100    62   105 0.73 -
26432at50557_1507135_0:0025ae|STRG.4958.11:960-1307|+ -            116 40260at50557         -            408   9.3e-08   30.7   7.6   1   2   1.6e-07   1.7e-05   23.2   2.4   162   230     1    70     1    73 0.91 -
26432at50557_1507135_0:0025ae|STRG.4958.11:960-1307|+ -            116 40260at50557         -            408   9.3e-08   30.7   7.6   2   2   6.2e-05    0.0065   14.7   0.6   162   196    65   100    62   105 0.73 -
26432at50557_1507135_0:0025ae|STRG.4958.12:901-1248|+ -            116 40260at50557         -            408   9.3e-08   30.7   7.6   1   2   1.6e-07   1.7e-05   23.2   2.4   162   230     1    70     1    73 0.91 -
26432at50557_1507135_0:0025ae|STRG.4958.12:901-1248|+ -            116 40260at50557         -            408   9.3e-08   30.7   7.6   2   2   6.2e-05    0.0065   14.7   0.6   162   196    65   100    62   105 0.73 -
26432at50557_1507135_0:0025ae|STRG.4958.13:618-965|+  -            116 40260at50557         -            408   9.3e-08   30.7   7.6   1   2   1.6e-07   1.7e-05   23.2   2.4   162   230     1    70     1    73 0.91 -
26432at50557_1507135_0:0025ae|STRG.4958.13:618-965|+  -            116 40260at50557         -            408   9.3e-08   30.7   7.6   2   2   6.2e-05    0.0065   14.7   0.6   162   196    65   100    62   105 0.73 -
26432at50557_1507135_0:0025ae|STRG.4958.8:605-952|+   -            116 40260at50557         -            408   9.3e-08   30.7   7.6   1   2   1.6e-07   1.7e-05   23.2   2.4   162   230     1    70     1    73 0.91 -
26432at50557_1507135_0:0025ae|STRG.4958.8:605-952|+   -            116 40260at50557         -            408   9.3e-08   30.7   7.6   2   2   6.2e-05    0.0065   14.7   0.6   162   196    65   100    62   105 0.73 -
26432at50557_1507135_0:0025ae|STRG.4958.9:1606-1953|+ -            116 40260at50557         -            408   9.3e-08   30.7   7.6   1   2   1.6e-07   1.7e-05   23.2   2.4   162   230     1    70     1    73 0.91 -
26432at50557_1507135_0:0025ae|STRG.4958.9:1606-1953|+ -            116 40260at50557         -            408   9.3e-08   30.7   7.6   2   2   6.2e-05    0.0065   14.7   0.6   162   196    65   100    62   105 0.73 -
26432at50557_6973_0:00651c|STRG.7783.8:335-895|+      -            187 40260at50557         -            408   2.7e-07   29.1  18.2   1   3   3.5e-05    0.0037   15.5   3.2     7    70    18    80     9    87 0.76 -
26432at50557_6973_0:00651c|STRG.7783.8:335-895|+      -            187 40260at50557         -            408   2.7e-07   29.1  18.2   2   3    0.0065      0.68    8.1   4.7     9    72    79   141    72   146 0.58 -
26432at50557_6973_0:00651c|STRG.7783.8:335-895|+      -            187 40260at50557         -            408   2.7e-07   29.1  18.2   3   3   1.5e-05    0.0016   16.7   0.7   162   197   137   174   133   185 0.72 -
26432at50557_6973_0:00651c|STRG.10516.2:484-1038|+    -            185 40260at50557         -            408   3.5e-07   28.8  25.8   1   2   3.5e-07   3.7e-05   22.1  17.9   265   401     1   132     1   137 0.75 -
26432at50557_6973_0:00651c|STRG.10516.2:484-1038|+    -            185 40260at50557         -            408   3.5e-07   28.8  25.8   2   2      0.02       2.1    6.4   1.9   174   196   144   166   129   184 0.78 -
26432at50557_6973_0:00651c|STRG.10516.3:146-700|+     -            185 40260at50557         -            408   3.5e-07   28.8  25.8   1   2   3.5e-07   3.7e-05   22.1  17.9   265   401     1   132     1   137 0.75 -
26432at50557_6973_0:00651c|STRG.10516.3:146-700|+     -            185 40260at50557         -            408   3.5e-07   28.8  25.8   2   2      0.02       2.1    6.4   1.9   174   196   144   166   129   184 0.78 -
40260at50557_56086_0:002a93|STRG.16519.4:1434-1775|+  -            114 40260at50557         -            408   4.4e-07   28.4  15.5   1   2   3.4e-08   3.6e-06   25.4   4.1    24   221    15    61     1    64 0.42 -
40260at50557_56086_0:002a93|STRG.16519.4:1434-1775|+  -            114 40260at50557         -            408   4.4e-07   28.4  15.5   2   2    0.0028      0.29    9.3   5.0   161   198    62   100    59   114 0.38 -
40260at50557_121845_0:00039e|STRG.16519.3:1338-1775|+ -            146 40260at50557         -            408   5.2e-07   28.2  15.8   1   2   4.2e-08   4.4e-06   25.2   5.0   162   221    33    93    19    97 0.53 -
40260at50557_121845_0:00039e|STRG.16519.3:1338-1775|+ -            146 40260at50557         -            408   5.2e-07   28.2  15.8   2   2    0.0034      0.35    9.0   4.5   161   198    94   132    91   146 0.39 -
40260at50557_13249_0:002616|STRG.16599.1:716-865|+    -             50 40260at50557         -            408   1.1e-06   27.1   3.5   1   1   1.1e-08   1.2e-06   27.0   3.5   162   211     1    49     1    50 0.52 -
40260at50557_13249_0:002616|STRG.16599.2:716-865|+    -             50 40260at50557         -            408   1.1e-06   27.1   3.5   1   1   1.1e-08   1.2e-06   27.0   3.5   162   211     1    49     1    50 0.52 -
26432at50557_6973_0:00651c|STRG.13750.2:1168-1776|+   -            203 40260at50557         -            408   1.5e-06   26.6  22.1   1   3      0.47        49    1.9   4.0    11    60    23    73    20    77 0.56 -
26432at50557_6973_0:00651c|STRG.13750.2:1168-1776|+   -            203 40260at50557         -            408   1.5e-06   26.6  22.1   2   3   4.4e-07   4.6e-05   21.8   3.4   175   222    95   142    73   147 0.65 -
26432at50557_6973_0:00651c|STRG.13750.2:1168-1776|+   -            203 40260at50557         -            408   1.5e-06   26.6  22.1   3   3   0.00016     0.017   13.4   0.6   174   212   161   202   158   203 0.74 -
26432at50557_6973_0:00651c|STRG.13750.3:1235-1843|+   -            203 40260at50557         -            408   1.5e-06   26.6  22.1   1   3      0.47        49    1.9   4.0    11    60    23    73    20    77 0.56 -
26432at50557_6973_0:00651c|STRG.13750.3:1235-1843|+   -            203 40260at50557         -            408   1.5e-06   26.6  22.1   2   3   4.4e-07   4.6e-05   21.8   3.4   175   222    95   142    73   147 0.65 -
26432at50557_6973_0:00651c|STRG.13750.3:1235-1843|+   -            203 40260at50557         -            408   1.5e-06   26.6  22.1   3   3   0.00016     0.017   13.4   0.6   174   212   161   202   158   203 0.74 -
26432at50557_6973_0:00651c|STRG.4923.4:4376-4717|+    -            114 40260at50557         -            408   1.7e-06   26.5   5.6   1   2   0.00014     0.015   13.5   0.5    18    59    14    53     1    62 0.61 -
26432at50557_6973_0:00651c|STRG.4923.4:4376-4717|+    -            114 40260at50557         -            408   1.7e-06   26.5   5.6   2   2   2.1e-05    0.0022   16.3   0.4   162   197    66   101    55   113 0.74 -
26432at50557_6973_0:00651c|STRG.6588.1:3220-3750|+    -            177 40260at50557         -            408   2.1e-06   26.2  18.5   1   3   1.1e-05    0.0011   17.2   0.4    11    69     1    64     1    65 0.84 -
26432at50557_6973_0:00651c|STRG.6588.1:3220-3750|+    -            177 40260at50557         -            408   2.1e-06   26.2  18.5   2   3     1e-05    0.0011   17.3   2.4     8    66    63   121    59   125 0.79 -
26432at50557_6973_0:00651c|STRG.6588.1:3220-3750|+    -            177 40260at50557         -            408   2.1e-06   26.2  18.5   3   3      0.11        11    4.1   1.9   263   298   124   162   118   166 0.54 -
26432at50557_6973_0:00651c|STRG.6588.2:1667-2197|+    -            177 40260at50557         -            408   2.1e-06   26.2  18.5   1   3   1.1e-05    0.0011   17.2   0.4    11    69     1    64     1    65 0.84 -
26432at50557_6973_0:00651c|STRG.6588.2:1667-2197|+    -            177 40260at50557         -            408   2.1e-06   26.2  18.5   2   3     1e-05    0.0011   17.3   2.4     8    66    63   121    59   125 0.79 -
26432at50557_6973_0:00651c|STRG.6588.2:1667-2197|+    -            177 40260at50557         -            408   2.1e-06   26.2  18.5   3   3      0.11        11    4.1   1.9   263   298   124   162   118   166 0.54 -
26432at50557_6973_0:00651c|STRG.7783.1:3056-3625|+    -            190 40260at50557         -            408   2.2e-06   26.1  19.4   1   3   3.6e-05    0.0037   15.5   3.3     7    70    18    80     9    88 0.76 -
26432at50557_6973_0:00651c|STRG.7783.1:3056-3625|+    -            190 40260at50557         -            408   2.2e-06   26.1  19.4   2   3    0.0088      0.91    7.6   5.0     9    72    79   141    73   147 0.57 -
26432at50557_6973_0:00651c|STRG.7783.1:3056-3625|+    -            190 40260at50557         -            408   2.2e-06   26.1  19.4   3   3   8.5e-05    0.0089   14.3   1.2   163   197   138   174   136   189 0.71 -
26432at50557_6973_0:00651c|STRG.7783.2:335-904|+      -            190 40260at50557         -            408   2.2e-06   26.1  19.4   1   3   3.6e-05    0.0037   15.5   3.3     7    70    18    80     9    88 0.76 -
26432at50557_6973_0:00651c|STRG.7783.2:335-904|+      -            190 40260at50557         -            408   2.2e-06   26.1  19.4   2   3    0.0088      0.91    7.6   5.0     9    72    79   141    73   147 0.57 -
26432at50557_6973_0:00651c|STRG.7783.2:335-904|+      -            190 40260at50557         -            408   2.2e-06   26.1  19.4   3   3   8.5e-05    0.0089   14.3   1.2   163   197   138   174   136   189 0.71 -
26432at50557_178035_0:0024cb|STRG.10516.1:1990-3045|+ -            352 40260at50557         -            408   5.9e-06   24.7  26.5   1   2   4.3e-06   0.00045   18.5  19.7   265   401   169   300   161   302 0.75 -
26432at50557_178035_0:0024cb|STRG.10516.1:1990-3045|+ -            352 40260at50557         -            408   5.9e-06   24.7  26.5   2   2     0.067         7    4.7   2.6   173   196   311   334   294   346 0.73 -
26432at50557_1507135_0:0025ae|STRG.12591.1:439-783|+  -            115 40260at50557         -            408   1.3e-05   23.6   7.1   1   2     4e-05    0.0041   15.4   2.4   161   220     4    63     1    71 0.68 -
26432at50557_1507135_0:0025ae|STRG.12591.1:439-783|+  -            115 40260at50557         -            408   1.3e-05   23.6   7.1   2   2   0.00057     0.059   11.5   1.0    10    46    65   100    57   115 0.61 -
26432at50557_1507135_0:0025ae|STRG.12591.5:314-658|+  -            115 40260at50557         -            408   1.3e-05   23.6   7.1   1   2     4e-05    0.0041   15.4   2.4   161   220     4    63     1    71 0.68 -
26432at50557_1507135_0:0025ae|STRG.12591.5:314-658|+  -            115 40260at50557         -            408   1.3e-05   23.6   7.1   2   2   0.00057     0.059   11.5   1.0    10    46    65   100    57   115 0.61 -
26432at50557_1507135_0:0025ae|STRG.12591.2:90-467|+   -            126 40260at50557         -            408   1.4e-05   23.5   7.1   1   2   3.4e-05    0.0035   15.6   2.3   160   220    14    74     4    82 0.71 -
26432at50557_1507135_0:0025ae|STRG.12591.2:90-467|+   -            126 40260at50557         -            408   1.4e-05   23.5   7.1   2   2   0.00081     0.085   11.0   1.1    11    46    77   111    69   126 0.61 -
26432at50557_1507135_0:0025ae|STRG.12591.3:47-424|+   -            126 40260at50557         -            408   1.4e-05   23.5   7.1   1   2   3.4e-05    0.0035   15.6   2.3   160   220    14    74     4    82 0.71 -
26432at50557_1507135_0:0025ae|STRG.12591.3:47-424|+   -            126 40260at50557         -            408   1.4e-05   23.5   7.1   2   2   0.00081     0.085   11.0   1.1    11    46    77   111    69   126 0.61 -
26432at50557_1507135_0:0025ae|STRG.12591.6:47-424|+   -            126 40260at50557         -            408   1.4e-05   23.5   7.1   1   2   3.4e-05    0.0035   15.6   2.3   160   220    14    74     4    82 0.71 -
26432at50557_1507135_0:0025ae|STRG.12591.6:47-424|+   -            126 40260at50557         -            408   1.4e-05   23.5   7.1   2   2   0.00081     0.085   11.0   1.1    11    46    77   111    69   126 0.61 -
26432at50557_1507135_0:0025ae|STRG.12591.4:122-490|+  -            123 40260at50557         -            408   1.4e-05   23.5   7.2   1   2   3.9e-05    0.0041   15.4   2.5   160   220    11    71     5    79 0.70 -
26432at50557_1507135_0:0025ae|STRG.12591.4:122-490|+  -            123 40260at50557         -            408   1.4e-05   23.5   7.2   2   2   0.00073     0.075   11.2   1.0    11    46    74   108    66   123 0.61 -
40260at50557_133901_0:000d2e|STRG.7179.5:1084-1230|+  -             49 40260at50557         -            408   2.5e-05   22.6   4.1   1   1   2.6e-07   2.7e-05   22.5   4.1    11    59     1    49     1    49 0.94 -
26432at50557_1507135_0:0025ae|STRG.12591.7:415-738|+  -            108 40260at50557         -            408   2.7e-05   22.5   6.5   1   2   6.3e-05    0.0066   14.7   0.6   174   219    12    55     1    58 0.52 -
26432at50557_1507135_0:0025ae|STRG.12591.7:415-738|+  -            108 40260at50557         -            408   2.7e-05   22.5   6.5   2   2   0.00047     0.049   11.8   0.9    10    46    58    93    49   108 0.62 -
26432at50557_2015173_0:000a04|STRG.12709.3:391-2340|+ -            650 40260at50557         -            408   4.3e-05   21.9  25.1   1   4    0.0011      0.11   10.6   0.1    10    61   268   318   252   333 0.72 -
26432at50557_2015173_0:000a04|STRG.12709.3:391-2340|+ -            650 40260at50557         -            408   4.3e-05   21.9  25.1   2   4     0.076         8    4.5   1.2   280   324   490   535   467   537 0.66 -
26432at50557_2015173_0:000a04|STRG.12709.3:391-2340|+ -            650 40260at50557         -            408   4.3e-05   21.9  25.1   3   4      0.04       4.2    5.5   6.0     9    72   535   597   532   600 0.79 -
26432at50557_2015173_0:000a04|STRG.12709.3:391-2340|+ -            650 40260at50557         -            408   4.3e-05   21.9  25.1   4   4    0.0001     0.011   14.0   2.4     8    63   593   648   586   650 0.83 -
26432at50557_178035_0:0024cb|STRG.12709.2:391-2406|+  -            653 40260at50557         -            408   4.5e-05   21.8  25.1   1   4    0.0011      0.11   10.6   0.1    10    61   268   318   252   333 0.72 -
26432at50557_178035_0:0024cb|STRG.12709.2:391-2406|+  -            653 40260at50557         -            408   4.5e-05   21.8  25.1   2   4     0.077         8    4.5   1.2   280   324   493   538   470   540 0.66 -
26432at50557_178035_0:0024cb|STRG.12709.2:391-2406|+  -            653 40260at50557         -            408   4.5e-05   21.8  25.1   3   4      0.04       4.2    5.5   6.0     9    72   538   600   535   603 0.79 -
26432at50557_178035_0:0024cb|STRG.12709.2:391-2406|+  -            653 40260at50557         -            408   4.5e-05   21.8  25.1   4   4   0.00011     0.011   14.0   2.4     8    63   596   651   589   653 0.83 -
26432at50557_2015173_0:000a04|STRG.12709.4:394-2643|+ -            750 40260at50557         -            408   9.3e-05   20.8  26.1   1   4   0.00075     0.078   11.2   0.3    11   211   302   349   269   365 0.56 -
26432at50557_2015173_0:000a04|STRG.12709.4:394-2643|+ -            750 40260at50557         -            408   9.3e-05   20.8  26.1   2   4       0.1        11    4.1   1.2   280   324   590   635   574   637 0.66 -
26432at50557_2015173_0:000a04|STRG.12709.4:394-2643|+ -            750 40260at50557         -            408   9.3e-05   20.8  26.1   3   4     0.085       8.8    4.4   7.8     7    72   633   697   628   700 0.78 -
26432at50557_2015173_0:000a04|STRG.12709.4:394-2643|+ -            750 40260at50557         -            408   9.3e-05   20.8  26.1   4   4   0.00013     0.013   13.7   2.4     8    63   693   748   686   750 0.83 -
42193at50557_88501_0:0015e5|STRG.7783.3:262-1530|+    -            423 40260at50557         -            408   9.8e-05   20.7  19.5   1   3   0.00016     0.016   13.4   3.3     7    70   254   316   245   323 0.76 -
42193at50557_88501_0:0015e5|STRG.7783.3:262-1530|+    -            423 40260at50557         -            408   9.8e-05   20.7  19.5   2   3     0.042       4.4    5.4   5.2     9    72   315   377   309   382 0.56 -
42193at50557_88501_0:0015e5|STRG.7783.3:262-1530|+    -            423 40260at50557         -            408   9.8e-05   20.7  19.5   3   3   0.00036     0.038   12.2   1.2   163   196   374   409   372   419 0.76 -
42193at50557_88501_0:0015e5|STRG.7783.4:434-1702|+    -            423 40260at50557         -            408   9.8e-05   20.7  19.5   1   3   0.00016     0.016   13.4   3.3     7    70   254   316   245   323 0.76 -
42193at50557_88501_0:0015e5|STRG.7783.4:434-1702|+    -            423 40260at50557         -            408   9.8e-05   20.7  19.5   2   3     0.042       4.4    5.4   5.2     9    72   315   377   309   382 0.56 -
42193at50557_88501_0:0015e5|STRG.7783.4:434-1702|+    -            423 40260at50557         -            408   9.8e-05   20.7  19.5   3   3   0.00036     0.038   12.2   1.2   163   196   374   409   372   419 0.76 -
42193at50557_88501_0:0015e5|STRG.7783.5:413-1681|+    -            423 40260at50557         -            408   9.8e-05   20.7  19.5   1   3   0.00016     0.016   13.4   3.3     7    70   254   316   245   323 0.76 -
42193at50557_88501_0:0015e5|STRG.7783.5:413-1681|+    -            423 40260at50557         -            408   9.8e-05   20.7  19.5   2   3     0.042       4.4    5.4   5.2     9    72   315   377   309   382 0.56 -
42193at50557_88501_0:0015e5|STRG.7783.5:413-1681|+    -            423 40260at50557         -            408   9.8e-05   20.7  19.5   3   3   0.00036     0.038   12.2   1.2   163   196   374   409   372   419 0.76 -
42193at50557_88501_0:0015e5|STRG.7783.6:325-1593|+    -            423 40260at50557         -            408   9.8e-05   20.7  19.5   1   3   0.00016     0.016   13.4   3.3     7    70   254   316   245   323 0.76 -
42193at50557_88501_0:0015e5|STRG.7783.6:325-1593|+    -            423 40260at50557         -            408   9.8e-05   20.7  19.5   2   3     0.042       4.4    5.4   5.2     9    72   315   377   309   382 0.56 -
42193at50557_88501_0:0015e5|STRG.7783.6:325-1593|+    -            423 40260at50557         -            408   9.8e-05   20.7  19.5   3   3   0.00036     0.038   12.2   1.2   163   196   374   409   372   419 0.76 -
42193at50557_88501_0:0015e5|STRG.7783.7:490-1758|+    -            423 40260at50557         -            408   9.8e-05   20.7  19.5   1   3   0.00016     0.016   13.4   3.3     7    70   254   316   245   323 0.76 -
42193at50557_88501_0:0015e5|STRG.7783.7:490-1758|+    -            423 40260at50557         -            408   9.8e-05   20.7  19.5   2   3     0.042       4.4    5.4   5.2     9    72   315   377   309   382 0.56 -
42193at50557_88501_0:0015e5|STRG.7783.7:490-1758|+    -            423 40260at50557         -            408   9.8e-05   20.7  19.5   3   3   0.00036     0.038   12.2   1.2   163   196   374   409   372   419 0.76 -
65449at50557_88501_0:00074b|STRG.4923.4:1040-4798|+   -           1041 40260at50557         -            408   0.00012   20.5  11.9   1   2    0.0013      0.14   10.3   2.0     7    60   897   954   891   962 0.74 -
65449at50557_88501_0:00074b|STRG.4923.4:1040-4798|+   -           1041 40260at50557         -            408   0.00012   20.5  11.9   2   2   4.2e-05    0.0044   15.3   2.3   162   220   966  1023   955  1033 0.72 -
40260at50557_315563_0:002def|STRG.15511.14:247-1005|+ -            253 40260at50557         -            408   0.00021   19.6  34.2   1   2   2.8e-06   0.00029   19.2  27.8    11   221     1   199     1   203 0.77 -
40260at50557_315563_0:002def|STRG.15511.14:247-1005|+ -            253 40260at50557         -            408   0.00021   19.6  34.2   2   2      0.78        81    1.2   1.1    10    42   200   232   199   253 0.70 -
40260at50557_77166_0:00128c|STRG.15511.11:210-968|+   -            253 40260at50557         -            408   0.00021   19.6  34.2   1   2   2.8e-06   0.00029   19.2  27.8    11   221     1   199     1   203 0.77 -
40260at50557_77166_0:00128c|STRG.15511.11:210-968|+   -            253 40260at50557         -            408   0.00021   19.6  34.2   2   2      0.78        81    1.2   1.1    10    42   200   232   199   253 0.70 -
40260at50557_77166_0:00128c|STRG.15511.12:210-968|+   -            253 40260at50557         -            408   0.00021   19.6  34.2   1   2   2.8e-06   0.00029   19.2  27.8    11   221     1   199     1   203 0.77 -
40260at50557_77166_0:00128c|STRG.15511.12:210-968|+   -            253 40260at50557         -            408   0.00021   19.6  34.2   2   2      0.78        81    1.2   1.1    10    42   200   232   199   253 0.70 -
40260at50557_77166_0:00128c|STRG.15511.7:210-968|+    -            253 40260at50557         -            408   0.00021   19.6  34.2   1   2   2.8e-06   0.00029   19.2  27.8    11   221     1   199     1   203 0.77 -
40260at50557_77166_0:00128c|STRG.15511.7:210-968|+    -            253 40260at50557         -            408   0.00021   19.6  34.2   2   2      0.78        81    1.2   1.1    10    42   200   232   199   253 0.70 -
40260at50557_77166_0:00128c|STRG.15511.8:210-968|+    -            253 40260at50557         -            408   0.00021   19.6  34.2   1   2   2.8e-06   0.00029   19.2  27.8    11   221     1   199     1   203 0.77 -
40260at50557_77166_0:00128c|STRG.15511.8:210-968|+    -            253 40260at50557         -            408   0.00021   19.6  34.2   2   2      0.78        81    1.2   1.1    10    42   200   232   199   253 0.70 -
40260at50557_77166_0:00128c|STRG.15511.1:726-1511|+   -            262 40260at50557         -            408   0.00032   19.0  36.2   1   2   5.6e-06   0.00058   18.2  31.0    10   222     9   209     1   223 0.78 -
40260at50557_77166_0:00128c|STRG.15511.1:726-1511|+   -            262 40260at50557         -            408   0.00032   19.0  36.2   2   2      0.71        74    1.3   1.2    10    42   209   241   207   262 0.70 -
40260at50557_77166_0:00128c|STRG.15511.2:726-1511|+   -            262 40260at50557         -            408   0.00032   19.0  36.2   1   2   5.6e-06   0.00058   18.2  31.0    10   222     9   209     1   223 0.78 -
40260at50557_77166_0:00128c|STRG.15511.2:726-1511|+   -            262 40260at50557         -            408   0.00032   19.0  36.2   2   2      0.71        74    1.3   1.2    10    42   209   241   207   262 0.70 -
40260at50557_77166_0:00128c|STRG.15511.3:726-1511|+   -            262 40260at50557         -            408   0.00032   19.0  36.2   1   2   5.6e-06   0.00058   18.2  31.0    10   222     9   209     1   223 0.78 -
40260at50557_77166_0:00128c|STRG.15511.3:726-1511|+   -            262 40260at50557         -            408   0.00032   19.0  36.2   2   2      0.71        74    1.3   1.2    10    42   209   241   207   262 0.70 -
40260at50557_77166_0:00128c|STRG.15511.4:726-1511|+   -            262 40260at50557         -            408   0.00032   19.0  36.2   1   2   5.6e-06   0.00058   18.2  31.0    10   222     9   209     1   223 0.78 -
40260at50557_77166_0:00128c|STRG.15511.4:726-1511|+   -            262 40260at50557         -            408   0.00032   19.0  36.2   2   2      0.71        74    1.3   1.2    10    42   209   241   207   262 0.70 -
40260at50557_77166_0:00128c|STRG.15511.5:726-1511|+   -            262 40260at50557         -            408   0.00032   19.0  36.2   1   2   5.6e-06   0.00058   18.2  31.0    10   222     9   209     1   223 0.78 -
40260at50557_77166_0:00128c|STRG.15511.5:726-1511|+   -            262 40260at50557         -            408   0.00032   19.0  36.2   2   2      0.71        74    1.3   1.2    10    42   209   241   207   262 0.70 -
40260at50557_77166_0:00128c|STRG.15511.6:726-1511|+   -            262 40260at50557         -            408   0.00032   19.0  36.2   1   2   5.6e-06   0.00058   18.2  31.0    10   222     9   209     1   223 0.78 -
40260at50557_77166_0:00128c|STRG.15511.6:726-1511|+   -            262 40260at50557         -            408   0.00032   19.0  36.2   2   2      0.71        74    1.3   1.2    10    42   209   241   207   262 0.70 -
42193at50557_88501_0:0015e5|STRG.7783.1:191-3616|+    -            755 40260at50557         -            408   0.00072   17.9  19.3   1   3   0.00031     0.032   12.4   3.2     7    70   586   648   577   657 0.76 -
42193at50557_88501_0:0015e5|STRG.7783.1:191-3616|+    -            755 40260at50557         -            408   0.00072   17.9  19.3   2   3     0.074       7.7    4.6   5.0     9    72   647   709   640   714 0.58 -
42193at50557_88501_0:0015e5|STRG.7783.1:191-3616|+    -            755 40260at50557         -            408   0.00072   17.9  19.3   3   3   0.00069     0.071   11.3   1.1   163   196   706   741   704   751 0.76 -
65449at50557_88501_0:00074b|STRG.4923.5:567-3044|+    -            826 40260at50557         -            408   0.00081   17.7  24.3   1   3     0.001      0.11   10.7   2.1     7    60   638   695   632   704 0.75 -
65449at50557_88501_0:00074b|STRG.4923.5:567-3044|+    -            826 40260at50557         -            408   0.00081   17.7  24.3   2   3   2.4e-05    0.0025   16.1   1.4   162   219   707   763   698   766 0.69 -
65449at50557_88501_0:00074b|STRG.4923.5:567-3044|+    -            826 40260at50557         -            408   0.00081   17.7  24.3   3   3      0.37        39    2.3   6.0    11    62   767   822   763   826 0.43 -
65449at50557_88501_0:00074b|STRG.4923.6:268-2745|+    -            826 40260at50557         -            408   0.00081   17.7  24.3   1   3     0.001      0.11   10.7   2.1     7    60   638   695   632   704 0.75 -
65449at50557_88501_0:00074b|STRG.4923.6:268-2745|+    -            826 40260at50557         -            408   0.00081   17.7  24.3   2   3   2.4e-05    0.0025   16.1   1.4   162   219   707   763   698   766 0.69 -
65449at50557_88501_0:00074b|STRG.4923.6:268-2745|+    -            826 40260at50557         -            408   0.00081   17.7  24.3   3   3      0.37        39    2.3   6.0    11    62   767   822   763   826 0.43 -
26432at50557_178035_0:0024cb|STRG.12709.9:9-1121|+    -            371 40260at50557         -            408     0.017   13.4   0.3   1   1   0.00027     0.029   12.6   0.3    11   211   268   315   235   331 0.56 -
26432at50557_132113_0:002b60|STRG.12709.8:391-1695|+  -            435 40260at50557         -            408     0.037   12.2   0.2   1   1   0.00063     0.066   11.4   0.2    10    61   268   318   251   333 0.71 -
#
# Program:         hmmsearch
# Version:         3.4 (Aug 2023)
# Pipeline mode:   SEARCH
# Query file:      /data/projet1/projet_tutore/busco_downloads/lineages/insecta_odb10/hmms/40260at50557.hmm
# Target file:     annotation_analysis/annotation_gcf/T_septentrionalis/busco_output/run_insecta_odb10/metaeuk_output/initial_results/assembled_transcripts.fasta.modified.fas
# Option settings: hmmsearch --domtblout annotation_analysis/annotation_gcf/T_septentrionalis/busco_output/run_insecta_odb10/hmmer_output/initial_run_results/40260at50557.out --cpu 1 /data/projet1/projet_tutore/busco_downloads/lineages/insecta_odb10/hmms/40260at50557.hmm annotation_analysis/annotation_gcf/T_septentrionalis/busco_output/run_insecta_odb10/metaeuk_output/initial_results/assembled_transcripts.fasta.modified.fas 
# Current dir:     /data/projet1/projet_tutore
# Date:            Sun Oct 13 10:09:20 2024
# [ok]
