#                                                                                                           --- full sequence --- -------------- this domain -------------   hmm coord   ali coord   env coord
# target name                                       accession   tlen query name           accession   qlen   E-value  score  bias   #  of  c-Evalue  i-Evalue  score  bias  from    to  from    to  from    to  acc description of target
#                               ------------------- ---------- ----- -------------------- ---------- ----- --------- ------ ----- --- --- --------- --------- ------ ----- ----- ----- ----- ----- ----- ----- ---- ---------------------
51335at50557_34720_0:000eb1|STRG.6170.1:58-1266|+   -            403 51335at50557         -            238  6.1e-127  421.8   9.3   1   2   9.3e-27   1.8e-23   83.0   0.5     1    55    97   157    97   165 0.91 -
51335at50557_34720_0:000eb1|STRG.6170.1:58-1266|+   -            403 51335at50557         -            238  6.1e-127  421.8   9.3   2   2  6.2e-106  1.2e-102  342.2   2.8    49   237   177   401   167   402 0.90 -
51335at50557_34720_0:000eb1|STRG.6170.4:1378-2715|+ -            446 51335at50557         -            238  3.3e-121  403.0  16.7   1   3   1.2e-21   2.4e-18   66.2   1.5     1    46    89   134    89   151 0.91 -
51335at50557_34720_0:000eb1|STRG.6170.4:1378-2715|+ -            446 51335at50557         -            238  3.3e-121  403.0  16.7   2   3     0.027        54    2.9   0.2    42    55   183   200   178   213 0.83 -
51335at50557_34720_0:000eb1|STRG.6170.4:1378-2715|+ -            446 51335at50557         -            238  3.3e-121  403.0  16.7   3   3  7.3e-106  1.4e-102  342.0   2.6    49   237   220   444   210   445 0.90 -
51335at50557_34720_0:000eb1|STRG.6170.2:1437-2795|+ -            453 51335at50557         -            238  3.6e-121  402.8  16.7   1   3   1.3e-21   2.5e-18   66.2   1.5     1    46    96   141    96   158 0.91 -
51335at50557_34720_0:000eb1|STRG.6170.2:1437-2795|+ -            453 51335at50557         -            238  3.6e-121  402.8  16.7   2   3     0.028        55    2.9   0.2    42    55   190   207   185   220 0.83 -
51335at50557_34720_0:000eb1|STRG.6170.2:1437-2795|+ -            453 51335at50557         -            238  3.6e-121  402.8  16.7   3   3  7.6e-106  1.5e-102  341.9   2.6    49   237   227   451   217   452 0.90 -
51335at50557_34720_0:000eb1|STRG.6170.3:142-1500|+  -            453 51335at50557         -            238  3.6e-121  402.8  16.7   1   3   1.3e-21   2.5e-18   66.2   1.5     1    46    96   141    96   158 0.91 -
51335at50557_34720_0:000eb1|STRG.6170.3:142-1500|+  -            453 51335at50557         -            238  3.6e-121  402.8  16.7   2   3     0.028        55    2.9   0.2    42    55   190   207   185   220 0.83 -
51335at50557_34720_0:000eb1|STRG.6170.3:142-1500|+  -            453 51335at50557         -            238  3.6e-121  402.8  16.7   3   3  7.6e-106  1.5e-102  341.9   2.6    49   237   227   451   217   452 0.90 -
51335at50557_34720_0:000eb1|STRG.6170.5:0-1487|+    -            469 51335at50557         -            238  4.1e-121  402.7  16.7   1   3   1.3e-21   2.6e-18   66.1   1.5     1    46   112   157   112   174 0.91 -
51335at50557_34720_0:000eb1|STRG.6170.5:0-1487|+    -            469 51335at50557         -            238  4.1e-121  402.7  16.7   2   3     0.029        57    2.8   0.2    42    55   206   223   201   236 0.83 -
51335at50557_34720_0:000eb1|STRG.6170.5:0-1487|+    -            469 51335at50557         -            238  4.1e-121  402.7  16.7   3   3  8.4e-106  1.7e-102  341.8   2.7    49   237   243   467   233   468 0.90 -
#
# Program:         hmmsearch
# Version:         3.4 (Aug 2023)
# Pipeline mode:   SEARCH
# Query file:      /data/projet1/projet_tutore/busco_downloads/lineages/insecta_odb10/hmms/51335at50557.hmm
# Target file:     annotation_analysis/annotation_gcf/T_septentrionalis/busco_output/run_insecta_odb10/metaeuk_output/initial_results/assembled_transcripts.fasta.modified.fas
# Option settings: hmmsearch --domtblout annotation_analysis/annotation_gcf/T_septentrionalis/busco_output/run_insecta_odb10/hmmer_output/initial_run_results/51335at50557.out --cpu 1 /data/projet1/projet_tutore/busco_downloads/lineages/insecta_odb10/hmms/51335at50557.hmm annotation_analysis/annotation_gcf/T_septentrionalis/busco_output/run_insecta_odb10/metaeuk_output/initial_results/assembled_transcripts.fasta.modified.fas 
# Current dir:     /data/projet1/projet_tutore
# Date:            Sun Oct 13 10:10:43 2024
# [ok]
