#                                                                                                             --- full sequence --- -------------- this domain -------------   hmm coord   ali coord   env coord
# target name                                         accession   tlen query name           accession   qlen   E-value  score  bias   #  of  c-Evalue  i-Evalue  score  bias  from    to  from    to  from    to  acc description of target
#                                 ------------------- ---------- ----- -------------------- ---------- ----- --------- ------ ----- --- --- --------- --------- ------ ----- ----- ----- ----- ----- ----- ----- ---- ---------------------
52845at50557_34720_0:0019bf|STRG.10582.1:3298-5049|+  -            584 52845at50557         -            341  5.5e-129  429.1  23.5   1   4    5e-131  7.3e-129  428.7  11.9     1   292    20   337    20   344 0.92 -
52845at50557_34720_0:0019bf|STRG.10582.1:3298-5049|+  -            584 52845at50557         -            341  5.5e-129  429.1  23.5   2   4     0.082        12    3.8   4.9   189   240   301   353   296   401 0.60 -
52845at50557_34720_0:0019bf|STRG.10582.1:3298-5049|+  -            584 52845at50557         -            341  5.5e-129  429.1  23.5   3   4     0.017       2.5    6.0   2.0    27   140   323   439   320   456 0.73 -
52845at50557_34720_0:0019bf|STRG.10582.1:3298-5049|+  -            584 52845at50557         -            341  5.5e-129  429.1  23.5   4   4     0.013       1.9    6.4   0.1   303   327   492   516   449   535 0.74 -
52845at50557_34720_0:0019bf|STRG.10582.4:3359-5110|+  -            584 52845at50557         -            341  5.5e-129  429.1  23.5   1   4    5e-131  7.3e-129  428.7  11.9     1   292    20   337    20   344 0.92 -
52845at50557_34720_0:0019bf|STRG.10582.4:3359-5110|+  -            584 52845at50557         -            341  5.5e-129  429.1  23.5   2   4     0.082        12    3.8   4.9   189   240   301   353   296   401 0.60 -
52845at50557_34720_0:0019bf|STRG.10582.4:3359-5110|+  -            584 52845at50557         -            341  5.5e-129  429.1  23.5   3   4     0.017       2.5    6.0   2.0    27   140   323   439   320   456 0.73 -
52845at50557_34720_0:0019bf|STRG.10582.4:3359-5110|+  -            584 52845at50557         -            341  5.5e-129  429.1  23.5   4   4     0.013       1.9    6.4   0.1   303   327   492   516   449   535 0.74 -
52845at50557_34720_0:0019bf|STRG.10582.5:115-1761|+   -            549 52845at50557         -            341  3.2e-121  403.5  24.8   1   3  1.5e-121  2.2e-119  397.5  18.9    18   292     2   302     1   350 0.91 -
52845at50557_34720_0:0019bf|STRG.10582.5:115-1761|+   -            549 52845at50557         -            341  3.2e-121  403.5  24.8   2   3     0.023       3.4    5.6   3.3    26   140   287   404   279   422 0.72 -
52845at50557_34720_0:0019bf|STRG.10582.5:115-1761|+   -            549 52845at50557         -            341  3.2e-121  403.5  24.8   3   3     0.013       1.8    6.5   0.1   303   327   457   481   415   500 0.74 -
8280at50557_113334_0:00096f|STRG.4617.1:269-1855|+    -            529 52845at50557         -            341   4.3e-08   31.6  23.0   1   8       3.5     5e+02   -1.5   0.2   210   223     8    21     5    25 0.83 -
8280at50557_113334_0:00096f|STRG.4617.1:269-1855|+    -            529 52845at50557         -            341   4.3e-08   31.6  23.0   2   8      0.27        39    2.1   0.2   211   244   150   183    98   188 0.57 -
8280at50557_113334_0:00096f|STRG.4617.1:269-1855|+    -            529 52845at50557         -            341   4.3e-08   31.6  23.0   3   8      0.25        36    2.3   0.1   193   223   158   186   144   204 0.56 -
8280at50557_113334_0:00096f|STRG.4617.1:269-1855|+    -            529 52845at50557         -            341   4.3e-08   31.6  23.0   4   8   0.00056     0.082   10.9   0.3   187   248   198   262   190   264 0.87 -
8280at50557_113334_0:00096f|STRG.4617.1:269-1855|+    -            529 52845at50557         -            341   4.3e-08   31.6  23.0   5   8    0.0025      0.37    8.8   0.0   204   247   267   311   262   312 0.84 -
8280at50557_113334_0:00096f|STRG.4617.1:269-1855|+    -            529 52845at50557         -            341   4.3e-08   31.6  23.0   6   8    0.0012      0.18    9.9   0.1   202   272   313   384   309   405 0.88 -
8280at50557_113334_0:00096f|STRG.4617.1:269-1855|+    -            529 52845at50557         -            341   4.3e-08   31.6  23.0   7   8       4.8   6.9e+02   -2.0   0.0   120   132   394   406   390   410 0.80 -
8280at50557_113334_0:00096f|STRG.4617.1:269-1855|+    -            529 52845at50557         -            341   4.3e-08   31.6  23.0   8   8   0.00026     0.037   12.1   0.9   196   248   455   509   442   527 0.72 -
8280at50557_113334_0:00096f|STRG.4617.2:554-2140|+    -            529 52845at50557         -            341   4.3e-08   31.6  23.0   1   8       3.5     5e+02   -1.5   0.2   210   223     8    21     5    25 0.83 -
8280at50557_113334_0:00096f|STRG.4617.2:554-2140|+    -            529 52845at50557         -            341   4.3e-08   31.6  23.0   2   8      0.27        39    2.1   0.2   211   244   150   183    98   188 0.57 -
8280at50557_113334_0:00096f|STRG.4617.2:554-2140|+    -            529 52845at50557         -            341   4.3e-08   31.6  23.0   3   8      0.25        36    2.3   0.1   193   223   158   186   144   204 0.56 -
8280at50557_113334_0:00096f|STRG.4617.2:554-2140|+    -            529 52845at50557         -            341   4.3e-08   31.6  23.0   4   8   0.00056     0.082   10.9   0.3   187   248   198   262   190   264 0.87 -
8280at50557_113334_0:00096f|STRG.4617.2:554-2140|+    -            529 52845at50557         -            341   4.3e-08   31.6  23.0   5   8    0.0025      0.37    8.8   0.0   204   247   267   311   262   312 0.84 -
8280at50557_113334_0:00096f|STRG.4617.2:554-2140|+    -            529 52845at50557         -            341   4.3e-08   31.6  23.0   6   8    0.0012      0.18    9.9   0.1   202   272   313   384   309   405 0.88 -
8280at50557_113334_0:00096f|STRG.4617.2:554-2140|+    -            529 52845at50557         -            341   4.3e-08   31.6  23.0   7   8       4.8   6.9e+02   -2.0   0.0   120   132   394   406   390   410 0.80 -
8280at50557_113334_0:00096f|STRG.4617.2:554-2140|+    -            529 52845at50557         -            341   4.3e-08   31.6  23.0   8   8   0.00026     0.037   12.1   0.9   196   248   455   509   442   527 0.72 -
8280at50557_113334_0:00096f|STRG.4617.3:567-2153|+    -            529 52845at50557         -            341   4.3e-08   31.6  23.0   1   8       3.5     5e+02   -1.5   0.2   210   223     8    21     5    25 0.83 -
8280at50557_113334_0:00096f|STRG.4617.3:567-2153|+    -            529 52845at50557         -            341   4.3e-08   31.6  23.0   2   8      0.27        39    2.1   0.2   211   244   150   183    98   188 0.57 -
8280at50557_113334_0:00096f|STRG.4617.3:567-2153|+    -            529 52845at50557         -            341   4.3e-08   31.6  23.0   3   8      0.25        36    2.3   0.1   193   223   158   186   144   204 0.56 -
8280at50557_113334_0:00096f|STRG.4617.3:567-2153|+    -            529 52845at50557         -            341   4.3e-08   31.6  23.0   4   8   0.00056     0.082   10.9   0.3   187   248   198   262   190   264 0.87 -
8280at50557_113334_0:00096f|STRG.4617.3:567-2153|+    -            529 52845at50557         -            341   4.3e-08   31.6  23.0   5   8    0.0025      0.37    8.8   0.0   204   247   267   311   262   312 0.84 -
8280at50557_113334_0:00096f|STRG.4617.3:567-2153|+    -            529 52845at50557         -            341   4.3e-08   31.6  23.0   6   8    0.0012      0.18    9.9   0.1   202   272   313   384   309   405 0.88 -
8280at50557_113334_0:00096f|STRG.4617.3:567-2153|+    -            529 52845at50557         -            341   4.3e-08   31.6  23.0   7   8       4.8   6.9e+02   -2.0   0.0   120   132   394   406   390   410 0.80 -
8280at50557_113334_0:00096f|STRG.4617.3:567-2153|+    -            529 52845at50557         -            341   4.3e-08   31.6  23.0   8   8   0.00026     0.037   12.1   0.9   196   248   455   509   442   527 0.72 -
8280at50557_113334_0:00096f|STRG.4617.4:791-2377|+    -            529 52845at50557         -            341   4.3e-08   31.6  23.0   1   8       3.5     5e+02   -1.5   0.2   210   223     8    21     5    25 0.83 -
8280at50557_113334_0:00096f|STRG.4617.4:791-2377|+    -            529 52845at50557         -            341   4.3e-08   31.6  23.0   2   8      0.27        39    2.1   0.2   211   244   150   183    98   188 0.57 -
8280at50557_113334_0:00096f|STRG.4617.4:791-2377|+    -            529 52845at50557         -            341   4.3e-08   31.6  23.0   3   8      0.25        36    2.3   0.1   193   223   158   186   144   204 0.56 -
8280at50557_113334_0:00096f|STRG.4617.4:791-2377|+    -            529 52845at50557         -            341   4.3e-08   31.6  23.0   4   8   0.00056     0.082   10.9   0.3   187   248   198   262   190   264 0.87 -
8280at50557_113334_0:00096f|STRG.4617.4:791-2377|+    -            529 52845at50557         -            341   4.3e-08   31.6  23.0   5   8    0.0025      0.37    8.8   0.0   204   247   267   311   262   312 0.84 -
8280at50557_113334_0:00096f|STRG.4617.4:791-2377|+    -            529 52845at50557         -            341   4.3e-08   31.6  23.0   6   8    0.0012      0.18    9.9   0.1   202   272   313   384   309   405 0.88 -
8280at50557_113334_0:00096f|STRG.4617.4:791-2377|+    -            529 52845at50557         -            341   4.3e-08   31.6  23.0   7   8       4.8   6.9e+02   -2.0   0.0   120   132   394   406   390   410 0.80 -
8280at50557_113334_0:00096f|STRG.4617.4:791-2377|+    -            529 52845at50557         -            341   4.3e-08   31.6  23.0   8   8   0.00026     0.037   12.1   0.9   196   248   455   509   442   527 0.72 -
8280at50557_113334_0:00096f|STRG.4617.5:477-2063|+    -            529 52845at50557         -            341   4.3e-08   31.6  23.0   1   8       3.5     5e+02   -1.5   0.2   210   223     8    21     5    25 0.83 -
8280at50557_113334_0:00096f|STRG.4617.5:477-2063|+    -            529 52845at50557         -            341   4.3e-08   31.6  23.0   2   8      0.27        39    2.1   0.2   211   244   150   183    98   188 0.57 -
8280at50557_113334_0:00096f|STRG.4617.5:477-2063|+    -            529 52845at50557         -            341   4.3e-08   31.6  23.0   3   8      0.25        36    2.3   0.1   193   223   158   186   144   204 0.56 -
8280at50557_113334_0:00096f|STRG.4617.5:477-2063|+    -            529 52845at50557         -            341   4.3e-08   31.6  23.0   4   8   0.00056     0.082   10.9   0.3   187   248   198   262   190   264 0.87 -
8280at50557_113334_0:00096f|STRG.4617.5:477-2063|+    -            529 52845at50557         -            341   4.3e-08   31.6  23.0   5   8    0.0025      0.37    8.8   0.0   204   247   267   311   262   312 0.84 -
8280at50557_113334_0:00096f|STRG.4617.5:477-2063|+    -            529 52845at50557         -            341   4.3e-08   31.6  23.0   6   8    0.0012      0.18    9.9   0.1   202   272   313   384   309   405 0.88 -
8280at50557_113334_0:00096f|STRG.4617.5:477-2063|+    -            529 52845at50557         -            341   4.3e-08   31.6  23.0   7   8       4.8   6.9e+02   -2.0   0.0   120   132   394   406   390   410 0.80 -
8280at50557_113334_0:00096f|STRG.4617.5:477-2063|+    -            529 52845at50557         -            341   4.3e-08   31.6  23.0   8   8   0.00026     0.037   12.1   0.9   196   248   455   509   442   527 0.72 -
25718at50557_54969_0:001d6b|STRG.15869.1:938-3388|+   -            817 52845at50557         -            341   7.8e-08   30.7  15.3   1   5   0.00011     0.015   13.3   2.5    77   278    64   243    32   265 0.72 -
25718at50557_54969_0:001d6b|STRG.15869.1:938-3388|+   -            817 52845at50557         -            341   7.8e-08   30.7  15.3   2   5      0.86   1.3e+02    0.5   0.1    84   242   265   301   218   307 0.67 -
25718at50557_54969_0:001d6b|STRG.15869.1:938-3388|+   -            817 52845at50557         -            341   7.8e-08   30.7  15.3   3   5    0.0004     0.058   11.4   0.0   164   243   327   397   318   413 0.80 -
25718at50557_54969_0:001d6b|STRG.15869.1:938-3388|+   -            817 52845at50557         -            341   7.8e-08   30.7  15.3   4   5      0.37        53    1.7   0.0   167   212   465   513   458   527 0.71 -
25718at50557_54969_0:001d6b|STRG.15869.1:938-3388|+   -            817 52845at50557         -            341   7.8e-08   30.7  15.3   5   5     0.052       7.6    4.5   0.1   212   270   685   744   662   775 0.61 -
8280at50557_74869_0:001375|STRG.10733.1:2769-3848|+   -            360 52845at50557         -            341   1.6e-06   26.4   7.8   1   4      0.23        33    2.4   0.1    82   111   100   129    85   136 0.76 -
8280at50557_74869_0:001375|STRG.10733.1:2769-3848|+   -            360 52845at50557         -            341   1.6e-06   26.4   7.8   2   4       0.2        29    2.6   0.3   186   223   111   144   103   150 0.67 -
8280at50557_74869_0:001375|STRG.10733.1:2769-3848|+   -            360 52845at50557         -            341   1.6e-06   26.4   7.8   3   4    0.0004     0.058   11.4   1.0   173   241   146   212   135   217 0.81 -
8280at50557_74869_0:001375|STRG.10733.1:2769-3848|+   -            360 52845at50557         -            341   1.6e-06   26.4   7.8   4   4   7.1e-05      0.01   13.9   0.1   171   241   242   309   235   314 0.86 -
8280at50557_74869_0:001375|STRG.10733.2:2325-3404|+   -            360 52845at50557         -            341   1.6e-06   26.4   7.8   1   4      0.23        33    2.4   0.1    82   111   100   129    85   136 0.76 -
8280at50557_74869_0:001375|STRG.10733.2:2325-3404|+   -            360 52845at50557         -            341   1.6e-06   26.4   7.8   2   4       0.2        29    2.6   0.3   186   223   111   144   103   150 0.67 -
8280at50557_74869_0:001375|STRG.10733.2:2325-3404|+   -            360 52845at50557         -            341   1.6e-06   26.4   7.8   3   4    0.0004     0.058   11.4   1.0   173   241   146   212   135   217 0.81 -
8280at50557_74869_0:001375|STRG.10733.2:2325-3404|+   -            360 52845at50557         -            341   1.6e-06   26.4   7.8   4   4   7.1e-05      0.01   13.9   0.1   171   241   242   309   235   314 0.86 -
8280at50557_74869_0:001375|STRG.10733.3:446-1525|+    -            360 52845at50557         -            341   1.6e-06   26.4   7.8   1   4      0.23        33    2.4   0.1    82   111   100   129    85   136 0.76 -
8280at50557_74869_0:001375|STRG.10733.3:446-1525|+    -            360 52845at50557         -            341   1.6e-06   26.4   7.8   2   4       0.2        29    2.6   0.3   186   223   111   144   103   150 0.67 -
8280at50557_74869_0:001375|STRG.10733.3:446-1525|+    -            360 52845at50557         -            341   1.6e-06   26.4   7.8   3   4    0.0004     0.058   11.4   1.0   173   241   146   212   135   217 0.81 -
8280at50557_74869_0:001375|STRG.10733.3:446-1525|+    -            360 52845at50557         -            341   1.6e-06   26.4   7.8   4   4   7.1e-05      0.01   13.9   0.1   171   241   242   309   235   314 0.86 -
8280at50557_74869_0:001375|STRG.10733.4:793-1872|+    -            360 52845at50557         -            341   1.6e-06   26.4   7.8   1   4      0.23        33    2.4   0.1    82   111   100   129    85   136 0.76 -
8280at50557_74869_0:001375|STRG.10733.4:793-1872|+    -            360 52845at50557         -            341   1.6e-06   26.4   7.8   2   4       0.2        29    2.6   0.3   186   223   111   144   103   150 0.67 -
8280at50557_74869_0:001375|STRG.10733.4:793-1872|+    -            360 52845at50557         -            341   1.6e-06   26.4   7.8   3   4    0.0004     0.058   11.4   1.0   173   241   146   212   135   217 0.81 -
8280at50557_74869_0:001375|STRG.10733.4:793-1872|+    -            360 52845at50557         -            341   1.6e-06   26.4   7.8   4   4   7.1e-05      0.01   13.9   0.1   171   241   242   309   235   314 0.86 -
8280at50557_74869_0:001375|STRG.10733.5:446-1525|+    -            360 52845at50557         -            341   1.6e-06   26.4   7.8   1   4      0.23        33    2.4   0.1    82   111   100   129    85   136 0.76 -
8280at50557_74869_0:001375|STRG.10733.5:446-1525|+    -            360 52845at50557         -            341   1.6e-06   26.4   7.8   2   4       0.2        29    2.6   0.3   186   223   111   144   103   150 0.67 -
8280at50557_74869_0:001375|STRG.10733.5:446-1525|+    -            360 52845at50557         -            341   1.6e-06   26.4   7.8   3   4    0.0004     0.058   11.4   1.0   173   241   146   212   135   217 0.81 -
8280at50557_74869_0:001375|STRG.10733.5:446-1525|+    -            360 52845at50557         -            341   1.6e-06   26.4   7.8   4   4   7.1e-05      0.01   13.9   0.1   171   241   242   309   235   314 0.86 -
8280at50557_74869_0:001375|STRG.10733.6:1461-2540|+   -            360 52845at50557         -            341   1.6e-06   26.4   7.8   1   4      0.23        33    2.4   0.1    82   111   100   129    85   136 0.76 -
8280at50557_74869_0:001375|STRG.10733.6:1461-2540|+   -            360 52845at50557         -            341   1.6e-06   26.4   7.8   2   4       0.2        29    2.6   0.3   186   223   111   144   103   150 0.67 -
8280at50557_74869_0:001375|STRG.10733.6:1461-2540|+   -            360 52845at50557         -            341   1.6e-06   26.4   7.8   3   4    0.0004     0.058   11.4   1.0   173   241   146   212   135   217 0.81 -
8280at50557_74869_0:001375|STRG.10733.6:1461-2540|+   -            360 52845at50557         -            341   1.6e-06   26.4   7.8   4   4   7.1e-05      0.01   13.9   0.1   171   241   242   309   235   314 0.86 -
8280at50557_7160_0:00112a|STRG.12302.1:412-1311|+     -            300 52845at50557         -            341   9.2e-06   23.9  13.1   1   4    0.0032      0.47    8.5   3.1   177   221   101   141    58   143 0.59 -
8280at50557_7160_0:00112a|STRG.12302.1:412-1311|+     -            300 52845at50557         -            341   9.2e-06   23.9  13.1   2   4   0.00018     0.026   12.6   3.1   177   241   101   161    94   163 0.91 -
8280at50557_7160_0:00112a|STRG.12302.1:412-1311|+     -            300 52845at50557         -            341   9.2e-06   23.9  13.1   3   4     0.022       3.3    5.7   0.1   176   222   148   190   143   195 0.80 -
8280at50557_7160_0:00112a|STRG.12302.1:412-1311|+     -            300 52845at50557         -            341   9.2e-06   23.9  13.1   4   4   3.5e-05    0.0051   14.9   0.3   178   248   198   264   191   270 0.89 -
8280at50557_7160_0:00112a|STRG.12302.2:380-1279|+     -            300 52845at50557         -            341   9.2e-06   23.9  13.1   1   4    0.0032      0.47    8.5   3.1   177   221   101   141    58   143 0.59 -
8280at50557_7160_0:00112a|STRG.12302.2:380-1279|+     -            300 52845at50557         -            341   9.2e-06   23.9  13.1   2   4   0.00018     0.026   12.6   3.1   177   241   101   161    94   163 0.91 -
8280at50557_7160_0:00112a|STRG.12302.2:380-1279|+     -            300 52845at50557         -            341   9.2e-06   23.9  13.1   3   4     0.022       3.3    5.7   0.1   176   222   148   190   143   195 0.80 -
8280at50557_7160_0:00112a|STRG.12302.2:380-1279|+     -            300 52845at50557         -            341   9.2e-06   23.9  13.1   4   4   3.5e-05    0.0051   14.9   0.3   178   248   198   264   191   270 0.89 -
8280at50557_7160_0:00112a|STRG.4614.1:263-1291|+      -            343 52845at50557         -            341   0.00013   20.1  18.0   1   4     0.084        12    3.8   1.4   207   269    17    79    12    87 0.76 -
8280at50557_7160_0:00112a|STRG.4614.1:263-1291|+      -            343 52845at50557         -            341   0.00013   20.1  18.0   2   4   0.00032     0.047   11.7   5.0   179   244    88   149    73   176 0.78 -
8280at50557_7160_0:00112a|STRG.4614.1:263-1291|+      -            343 52845at50557         -            341   0.00013   20.1  18.0   3   4     0.052       7.6    4.5   0.1   204   271   181   249   163   255 0.73 -
8280at50557_7160_0:00112a|STRG.4614.1:263-1291|+      -            343 52845at50557         -            341   0.00013   20.1  18.0   4   4     0.011       1.5    6.7   0.2   231   263   256   288   230   297 0.81 -
8280at50557_7160_0:00112a|STRG.4614.2:326-1354|+      -            343 52845at50557         -            341   0.00013   20.1  18.0   1   4     0.084        12    3.8   1.4   207   269    17    79    12    87 0.76 -
8280at50557_7160_0:00112a|STRG.4614.2:326-1354|+      -            343 52845at50557         -            341   0.00013   20.1  18.0   2   4   0.00032     0.047   11.7   5.0   179   244    88   149    73   176 0.78 -
8280at50557_7160_0:00112a|STRG.4614.2:326-1354|+      -            343 52845at50557         -            341   0.00013   20.1  18.0   3   4     0.052       7.6    4.5   0.1   204   271   181   249   163   255 0.73 -
8280at50557_7160_0:00112a|STRG.4614.2:326-1354|+      -            343 52845at50557         -            341   0.00013   20.1  18.0   4   4     0.011       1.5    6.7   0.2   231   263   256   288   230   297 0.81 -
7376at50557_38123_0:000ed3|STRG.4574.1:790-1887|+     -            366 52845at50557         -            341    0.0002   19.5   9.2   1   4   6.9e-05      0.01   13.9   0.3   194   243    85   135    71   140 0.85 -
7376at50557_38123_0:000ed3|STRG.4574.1:790-1887|+     -            366 52845at50557         -            341    0.0002   19.5   9.2   2   4    0.0043      0.62    8.0   0.0   177   242   121   182   119   183 0.82 -
7376at50557_38123_0:000ed3|STRG.4574.1:790-1887|+     -            366 52845at50557         -            341    0.0002   19.5   9.2   3   4     0.047       6.8    4.6   0.1   193   243   204   255   192   273 0.83 -
7376at50557_38123_0:000ed3|STRG.4574.1:790-1887|+     -            366 52845at50557         -            341    0.0002   19.5   9.2   4   4      0.33        48    1.8   0.4   203   222   288   307   259   341 0.60 -
109776at50557_83485_0:00245b|STRG.15223.1:20-1033|+   -            338 52845at50557         -            341   0.00036   18.7   7.1   1   4      0.44        64    1.4   0.0   205   240    94   128    82   132 0.74 -
109776at50557_83485_0:00245b|STRG.15223.1:20-1033|+   -            338 52845at50557         -            341   0.00036   18.7   7.1   2   4     0.045       6.5    4.7   0.2   178   241   142   202   125   208 0.76 -
109776at50557_83485_0:00245b|STRG.15223.1:20-1033|+   -            338 52845at50557         -            341   0.00036   18.7   7.1   3   4     0.015       2.2    6.2   0.2   207   239   216   248   191   253 0.85 -
109776at50557_83485_0:00245b|STRG.15223.1:20-1033|+   -            338 52845at50557         -            341   0.00036   18.7   7.1   4   4    0.0044      0.63    8.0   0.2   176   238   261   319   249   325 0.69 -
83902at50557_13686_0:0017a1|STRG.12660.1:0-851|+      -            284 52845at50557         -            341   0.00041   18.5   0.5   1   1   3.9e-06   0.00057   18.0   0.5   178   290    43   160    22   200 0.89 -
54603at50557_1155016_0:00503d|STRG.14419.1:568-993|+  -            142 52845at50557         -            341   0.00047   18.3   4.8   1   2     0.004      0.58    8.1   0.8   184   241    14    67     6    69 0.84 -
54603at50557_1155016_0:00503d|STRG.14419.1:568-993|+  -            142 52845at50557         -            341   0.00047   18.3   4.8   2   2   2.3e-05    0.0034   15.5   0.5   177   242    55   116    52   142 0.87 -
41050at50557_88501_0:002003|STRG.4106.3:170-784|+     -            205 52845at50557         -            341    0.0018   16.4   7.0   1   2     0.024       3.5    5.6   0.7   224   252    57    85    43    92 0.87 -
41050at50557_88501_0:002003|STRG.4106.3:170-784|+     -            205 52845at50557         -            341    0.0018   16.4   7.0   2   2   6.5e-05    0.0094   14.0   0.5   184   251    95   166    92   179 0.81 -
8280at50557_30069_0:0032d2|STRG.15901.1:777-3263|+    -            829 52845at50557         -            341    0.0023   16.1  18.8   1   5   0.00057     0.083   10.9   0.5   155   244    90   175    85   188 0.92 -
8280at50557_30069_0:0032d2|STRG.15901.1:777-3263|+    -            829 52845at50557         -            341    0.0023   16.1  18.8   2   5     0.082        12    3.8   0.7   177   271   209   302   196   328 0.69 -
8280at50557_30069_0:0032d2|STRG.15901.1:777-3263|+    -            829 52845at50557         -            341    0.0023   16.1  18.8   3   5       0.4        58    1.6   0.1   205   253   331   378   323   399 0.70 -
8280at50557_30069_0:0032d2|STRG.15901.1:777-3263|+    -            829 52845at50557         -            341    0.0023   16.1  18.8   4   5    0.0044      0.64    8.0   0.3   173   270   398   489   385   520 0.77 -
8280at50557_30069_0:0032d2|STRG.15901.1:777-3263|+    -            829 52845at50557         -            341    0.0023   16.1  18.8   5   5       2.8   4.1e+02   -1.2   0.0   178   222   769   809   755   815 0.70 -
109776at50557_199890_0:001686|STRG.11237.3:241-741|+  -            167 52845at50557         -            341    0.0029   15.7   1.6   1   2    0.0085       1.2    7.1   0.3   191   270    23   100     6   106 0.83 -
109776at50557_199890_0:001686|STRG.11237.3:241-741|+  -            167 52845at50557         -            341    0.0029   15.7   1.6   2   2    0.0029      0.41    8.6   0.1   182   237   111   160    94   166 0.68 -
109776at50557_199890_0:001686|STRG.11237.7:241-741|+  -            167 52845at50557         -            341    0.0029   15.7   1.6   1   2    0.0085       1.2    7.1   0.3   191   270    23   100     6   106 0.83 -
109776at50557_199890_0:001686|STRG.11237.7:241-741|+  -            167 52845at50557         -            341    0.0029   15.7   1.6   2   2    0.0029      0.41    8.6   0.1   182   237   111   160    94   166 0.68 -
109776at50557_199890_0:001686|STRG.11237.8:410-910|+  -            167 52845at50557         -            341    0.0029   15.7   1.6   1   2    0.0085       1.2    7.1   0.3   191   270    23   100     6   106 0.83 -
109776at50557_199890_0:001686|STRG.11237.8:410-910|+  -            167 52845at50557         -            341    0.0029   15.7   1.6   2   2    0.0029      0.41    8.6   0.1   182   237   111   160    94   166 0.68 -
41050at50557_6973_0:005e20|STRG.4106.4:170-592|+      -            141 52845at50557         -            341    0.0035   15.4   2.9   1   2       1.2   1.7e+02    0.0   0.1   236   252     5    21     2    28 0.79 -
41050at50557_6973_0:005e20|STRG.4106.4:170-592|+      -            141 52845at50557         -            341    0.0035   15.4   2.9   2   2   2.7e-05    0.0039   15.3   0.5   184   251    31   102    28   115 0.81 -
7376at50557_1507135_0:001a56|STRG.949.1:523-2919|+    -            799 52845at50557         -            341     0.005   14.9   0.0   1   4       4.6   6.7e+02   -1.9   0.0   206   222    89   105    62   123 0.63 -
7376at50557_1507135_0:001a56|STRG.949.1:523-2919|+    -            799 52845at50557         -            341     0.005   14.9   0.0   2   4      0.35        51    1.8   0.0   174   201   274   301   231   334 0.84 -
7376at50557_1507135_0:001a56|STRG.949.1:523-2919|+    -            799 52845at50557         -            341     0.005   14.9   0.0   3   4    0.0041      0.59    8.1   0.0   178   257   502   577   491   588 0.86 -
7376at50557_1507135_0:001a56|STRG.949.1:523-2919|+    -            799 52845at50557         -            341     0.005   14.9   0.0   4   4       2.7     4e+02   -1.2   0.0    27    37   786   796   733   798 0.69 -
7376at50557_1507135_0:001a56|STRG.949.2:1221-3617|+   -            799 52845at50557         -            341     0.005   14.9   0.0   1   4       4.6   6.7e+02   -1.9   0.0   206   222    89   105    62   123 0.63 -
7376at50557_1507135_0:001a56|STRG.949.2:1221-3617|+   -            799 52845at50557         -            341     0.005   14.9   0.0   2   4      0.35        51    1.8   0.0   174   201   274   301   231   334 0.84 -
7376at50557_1507135_0:001a56|STRG.949.2:1221-3617|+   -            799 52845at50557         -            341     0.005   14.9   0.0   3   4    0.0041      0.59    8.1   0.0   178   257   502   577   491   588 0.86 -
7376at50557_1507135_0:001a56|STRG.949.2:1221-3617|+   -            799 52845at50557         -            341     0.005   14.9   0.0   4   4       2.7     4e+02   -1.2   0.0    27    37   786   796   733   798 0.69 -
7376at50557_1507135_0:001a56|STRG.949.3:740-3136|+    -            799 52845at50557         -            341     0.005   14.9   0.0   1   4       4.6   6.7e+02   -1.9   0.0   206   222    89   105    62   123 0.63 -
7376at50557_1507135_0:001a56|STRG.949.3:740-3136|+    -            799 52845at50557         -            341     0.005   14.9   0.0   2   4      0.35        51    1.8   0.0   174   201   274   301   231   334 0.84 -
7376at50557_1507135_0:001a56|STRG.949.3:740-3136|+    -            799 52845at50557         -            341     0.005   14.9   0.0   3   4    0.0041      0.59    8.1   0.0   178   257   502   577   491   588 0.86 -
7376at50557_1507135_0:001a56|STRG.949.3:740-3136|+    -            799 52845at50557         -            341     0.005   14.9   0.0   4   4       2.7     4e+02   -1.2   0.0    27    37   786   796   733   798 0.69 -
8280at50557_197043_0:004abf|STRG.5943.1:1336-2130|+   -            265 52845at50557         -            341    0.0053   14.9   4.9   1   3     0.034       4.9    5.1   0.1   197   240    72   116    47   123 0.75 -
8280at50557_197043_0:004abf|STRG.5943.1:1336-2130|+   -            265 52845at50557         -            341    0.0053   14.9   4.9   2   3      0.52        76    1.2   0.1    90   109   135   155   119   181 0.77 -
8280at50557_197043_0:004abf|STRG.5943.1:1336-2130|+   -            265 52845at50557         -            341    0.0053   14.9   4.9   3   3     0.002      0.29    9.1   1.3   176   243   201   264   133   265 0.72 -
102553at50557_143948_0:00217c|STRG.1671.1:656-1003|+  -            116 52845at50557         -            341    0.0068   14.5   1.6   1   2    0.0013      0.19    9.8   0.2   206   243    28    66    16    71 0.77 -
102553at50557_143948_0:00217c|STRG.1671.1:656-1003|+  -            116 52845at50557         -            341    0.0068   14.5   1.6   2   2      0.07        10    4.1   0.1   208   241    79   111    68   114 0.82 -
102553at50557_143948_0:00217c|STRG.1671.2:606-953|+   -            116 52845at50557         -            341    0.0068   14.5   1.6   1   2    0.0013      0.19    9.8   0.2   206   243    28    66    16    71 0.77 -
102553at50557_143948_0:00217c|STRG.1671.2:606-953|+   -            116 52845at50557         -            341    0.0068   14.5   1.6   2   2      0.07        10    4.1   0.1   208   241    79   111    68   114 0.82 -
8280at50557_113334_0:00096f|STRG.1672.1:930-2243|+    -            438 52845at50557         -            341    0.0096   14.0  14.5   1   4    0.0027      0.39    8.7   0.1   196   246    97   148    89   152 0.89 -
8280at50557_113334_0:00096f|STRG.1672.1:930-2243|+    -            438 52845at50557         -            341    0.0096   14.0  14.5   2   4       2.3   3.4e+02   -1.0   0.0    71   108   162   199   149   218 0.76 -
8280at50557_113334_0:00096f|STRG.1672.1:930-2243|+    -            438 52845at50557         -            341    0.0096   14.0  14.5   3   4      0.07        10    4.1   0.4   198   220   239   262   221   266 0.68 -
8280at50557_113334_0:00096f|STRG.1672.1:930-2243|+    -            438 52845at50557         -            341    0.0096   14.0  14.5   4   4     0.003      0.44    8.6   0.1    56   240   296   359   272   385 0.60 -
8280at50557_113334_0:00096f|STRG.1672.2:784-2097|+    -            438 52845at50557         -            341    0.0096   14.0  14.5   1   4    0.0027      0.39    8.7   0.1   196   246    97   148    89   152 0.89 -
8280at50557_113334_0:00096f|STRG.1672.2:784-2097|+    -            438 52845at50557         -            341    0.0096   14.0  14.5   2   4       2.3   3.4e+02   -1.0   0.0    71   108   162   199   149   218 0.76 -
8280at50557_113334_0:00096f|STRG.1672.2:784-2097|+    -            438 52845at50557         -            341    0.0096   14.0  14.5   3   4      0.07        10    4.1   0.4   198   220   239   262   221   266 0.68 -
8280at50557_113334_0:00096f|STRG.1672.2:784-2097|+    -            438 52845at50557         -            341    0.0096   14.0  14.5   4   4     0.003      0.44    8.6   0.1    56   240   296   359   272   385 0.60 -
8280at50557_113334_0:00096f|STRG.1672.3:898-2211|+    -            438 52845at50557         -            341    0.0096   14.0  14.5   1   4    0.0027      0.39    8.7   0.1   196   246    97   148    89   152 0.89 -
8280at50557_113334_0:00096f|STRG.1672.3:898-2211|+    -            438 52845at50557         -            341    0.0096   14.0  14.5   2   4       2.3   3.4e+02   -1.0   0.0    71   108   162   199   149   218 0.76 -
8280at50557_113334_0:00096f|STRG.1672.3:898-2211|+    -            438 52845at50557         -            341    0.0096   14.0  14.5   3   4      0.07        10    4.1   0.4   198   220   239   262   221   266 0.68 -
8280at50557_113334_0:00096f|STRG.1672.3:898-2211|+    -            438 52845at50557         -            341    0.0096   14.0  14.5   4   4     0.003      0.44    8.6   0.1    56   240   296   359   272   385 0.60 -
8280at50557_113334_0:00096f|STRG.1672.4:774-2087|+    -            438 52845at50557         -            341    0.0096   14.0  14.5   1   4    0.0027      0.39    8.7   0.1   196   246    97   148    89   152 0.89 -
8280at50557_113334_0:00096f|STRG.1672.4:774-2087|+    -            438 52845at50557         -            341    0.0096   14.0  14.5   2   4       2.3   3.4e+02   -1.0   0.0    71   108   162   199   149   218 0.76 -
8280at50557_113334_0:00096f|STRG.1672.4:774-2087|+    -            438 52845at50557         -            341    0.0096   14.0  14.5   3   4      0.07        10    4.1   0.4   198   220   239   262   221   266 0.68 -
8280at50557_113334_0:00096f|STRG.1672.4:774-2087|+    -            438 52845at50557         -            341    0.0096   14.0  14.5   4   4     0.003      0.44    8.6   0.1    56   240   296   359   272   385 0.60 -
74381at50557_67767_0:0004fb|STRG.14776.9:454-1578|+   -            375 52845at50557         -            341      0.01   13.9   0.6   1   1   0.00011     0.016   13.3   0.6   169   223   227   284   220   322 0.80 -
74381at50557_219809_0:001934|STRG.14776.13:173-1315|+ -            381 52845at50557         -            341      0.01   13.9   0.6   1   1   0.00011     0.016   13.3   0.6   169   223   225   282   218   320 0.80 -
74381at50557_219809_0:001934|STRG.14776.11:457-1602|+ -            382 52845at50557         -            341     0.011   13.9   0.6   1   1   0.00011     0.016   13.3   0.6   169   223   226   283   219   321 0.80 -
74381at50557_219809_0:001934|STRG.14776.12:226-1371|+ -            382 52845at50557         -            341     0.011   13.9   0.6   1   1   0.00011     0.016   13.3   0.6   169   223   226   283   219   321 0.80 -
74381at50557_34720_0:0024e3|STRG.14776.8:219-1469|+   -            417 52845at50557         -            341     0.011   13.8   0.6   1   1   0.00013     0.018   13.1   0.6   169   223   286   343   279   380 0.80 -
74381at50557_34720_0:0024e3|STRG.14776.5:219-1472|+   -            418 52845at50557         -            341     0.011   13.8   0.6   1   1   0.00013     0.018   13.1   0.6   169   223   286   343   279   380 0.80 -
74381at50557_34720_0:0024e3|STRG.14776.4:219-1472|+   -            418 52845at50557         -            341     0.011   13.8   0.6   1   1   0.00013     0.018   13.1   0.6   169   223   286   343   279   380 0.80 -
74381at50557_34720_0:0024e3|STRG.14776.6:219-1472|+   -            418 52845at50557         -            341     0.011   13.8   0.6   1   1   0.00013     0.018   13.1   0.6   169   223   286   343   279   380 0.80 -
74381at50557_34720_0:0024e3|STRG.14776.7:219-1472|+   -            418 52845at50557         -            341     0.011   13.8   0.6   1   1   0.00013     0.018   13.1   0.6   169   223   286   343   279   380 0.80 -
74381at50557_34720_0:0024e3|STRG.14776.14:250-1419|+  -            390 52845at50557         -            341     0.011   13.8   0.6   1   1   0.00011     0.017   13.2   0.6   169   223   225   282   218   320 0.80 -
74381at50557_34720_0:0024e3|STRG.14776.16:95-1264|+   -            390 52845at50557         -            341     0.011   13.8   0.6   1   1   0.00011     0.017   13.2   0.6   169   223   225   282   218   320 0.80 -
74381at50557_34720_0:0024e3|STRG.14776.10:457-1797|+  -            391 52845at50557         -            341     0.011   13.8   0.6   1   1   0.00011     0.017   13.2   0.6   169   223   226   283   219   321 0.80 -
74381at50557_34720_0:0024e3|STRG.14776.15:80-1258|+   -            393 52845at50557         -            341     0.011   13.8   0.6   1   1   0.00012     0.017   13.2   0.6   169   223   228   285   221   323 0.80 -
42648at50557_326594_0:0008b2|STRG.13985.1:576-1589|+  -            338 52845at50557         -            341     0.011   13.8   0.6   1   3     0.075        11    4.0   0.0   165   244    74   152    69   167 0.82 -
42648at50557_326594_0:0008b2|STRG.13985.1:576-1589|+  -            338 52845at50557         -            341     0.011   13.8   0.6   2   3      0.42        60    1.5   0.0   226   256   186   217   153   224 0.70 -
42648at50557_326594_0:0008b2|STRG.13985.1:576-1589|+  -            338 52845at50557         -            341     0.011   13.8   0.6   3   3     0.033       4.8    5.1   0.0   191   244   282   334   243   336 0.69 -
42648at50557_326594_0:0008b2|STRG.13985.2:479-1492|+  -            338 52845at50557         -            341     0.011   13.8   0.6   1   3     0.075        11    4.0   0.0   165   244    74   152    69   167 0.82 -
42648at50557_326594_0:0008b2|STRG.13985.2:479-1492|+  -            338 52845at50557         -            341     0.011   13.8   0.6   2   3      0.42        60    1.5   0.0   226   256   186   217   153   224 0.70 -
42648at50557_326594_0:0008b2|STRG.13985.2:479-1492|+  -            338 52845at50557         -            341     0.011   13.8   0.6   3   3     0.033       4.8    5.1   0.0   191   244   282   334   243   336 0.69 -
54603at50557_7070_0:002ddb|STRG.4930.1:168-1349|+     -            394 52845at50557         -            341     0.012   13.7   2.3   1   4    0.0028      0.41    8.6   0.0   177   241    25    83    23    90 0.85 -
54603at50557_7070_0:002ddb|STRG.4930.1:168-1349|+     -            394 52845at50557         -            341     0.012   13.7   2.3   2   4      0.27        39    2.1   0.1   194   243   129   177   117   204 0.80 -
54603at50557_7070_0:002ddb|STRG.4930.1:168-1349|+     -            394 52845at50557         -            341     0.012   13.7   2.3   3   4       3.8   5.5e+02   -1.6   0.3   214   214   333   333   264   365 0.58 -
54603at50557_7070_0:002ddb|STRG.4930.1:168-1349|+     -            394 52845at50557         -            341     0.012   13.7   2.3   4   4       2.9   4.3e+02   -1.3   0.3   210   222   352   364   309   385 0.68 -
54603at50557_7070_0:002ddb|STRG.4930.3:168-1349|+     -            394 52845at50557         -            341     0.012   13.7   2.3   1   4    0.0028      0.41    8.6   0.0   177   241    25    83    23    90 0.85 -
54603at50557_7070_0:002ddb|STRG.4930.3:168-1349|+     -            394 52845at50557         -            341     0.012   13.7   2.3   2   4      0.27        39    2.1   0.1   194   243   129   177   117   204 0.80 -
54603at50557_7070_0:002ddb|STRG.4930.3:168-1349|+     -            394 52845at50557         -            341     0.012   13.7   2.3   3   4       3.8   5.5e+02   -1.6   0.3   214   214   333   333   264   365 0.58 -
54603at50557_7070_0:002ddb|STRG.4930.3:168-1349|+     -            394 52845at50557         -            341     0.012   13.7   2.3   4   4       2.9   4.3e+02   -1.3   0.3   210   222   352   364   309   385 0.68 -
74381at50557_34720_0:0024e3|STRG.14776.1:426-1778|+   -            451 52845at50557         -            341     0.012   13.6   0.6   1   1   0.00014     0.021   12.9   0.6   169   223   286   343   279   380 0.80 -
74381at50557_34720_0:0024e3|STRG.14776.2:220-1572|+   -            451 52845at50557         -            341     0.012   13.6   0.6   1   1   0.00014     0.021   12.9   0.6   169   223   286   343   279   380 0.80 -
74381at50557_34720_0:0024e3|STRG.14776.3:220-1572|+   -            451 52845at50557         -            341     0.012   13.6   0.6   1   1   0.00014     0.021   12.9   0.6   169   223   286   343   279   380 0.80 -
25718at50557_2015173_0:002260|STRG.12532.1:533-3088|+ -            852 52845at50557         -            341     0.012   13.6  15.4   1   5      0.21        31    2.5   0.0   181   241   148   204   127   210 0.76 -
25718at50557_2015173_0:002260|STRG.12532.1:533-3088|+ -            852 52845at50557         -            341     0.012   13.6  15.4   2   5      0.47        68    1.3   0.0   177   223   192   234   172   249 0.64 -
25718at50557_2015173_0:002260|STRG.12532.1:533-3088|+ -            852 52845at50557         -            341     0.012   13.6  15.4   3   5   0.00079      0.11   10.5   1.4   208   292   269   358   256   366 0.76 -
25718at50557_2015173_0:002260|STRG.12532.1:533-3088|+ -            852 52845at50557         -            341     0.012   13.6  15.4   4   5      0.93   1.4e+02    0.4   0.2   209   246   413   450   375   503 0.67 -
25718at50557_2015173_0:002260|STRG.12532.1:533-3088|+ -            852 52845at50557         -            341     0.012   13.6  15.4   5   5     0.059       8.5    4.3   0.1   195   253   738   797   727   846 0.77 -
8280at50557_7160_0:00112a|STRG.12157.1:1334-2518|+    -            395 52845at50557         -            341     0.013   13.6   6.9   1   3     0.096        14    3.6   0.2   210   247    49    86    20   113 0.69 -
8280at50557_7160_0:00112a|STRG.12157.1:1334-2518|+    -            395 52845at50557         -            341     0.013   13.6   6.9   2   3    0.0037      0.54    8.2   0.4   210   242   145   177   117   179 0.92 -
8280at50557_7160_0:00112a|STRG.12157.1:1334-2518|+    -            395 52845at50557         -            341     0.013   13.6   6.9   3   3       0.2        29    2.6   0.1   156   239   219   293   213   304 0.53 -
54603at50557_7070_0:002ddb|STRG.4930.2:168-1412|+     -            415 52845at50557         -            341     0.018   13.1   2.5   1   5     0.003      0.44    8.5   0.0   177   241    25    83    23    90 0.85 -
54603at50557_7070_0:002ddb|STRG.4930.2:168-1412|+     -            415 52845at50557         -            341     0.018   13.1   2.5   2   5      0.16        24    2.8   0.1   194   241   129   175    73   181 0.50 -
54603at50557_7070_0:002ddb|STRG.4930.2:168-1412|+     -            415 52845at50557         -            341     0.018   13.1   2.5   3   5      0.28        41    2.1   0.1   194   243   129   177   116   204 0.80 -
54603at50557_7070_0:002ddb|STRG.4930.2:168-1412|+     -            415 52845at50557         -            341     0.018   13.1   2.5   4   5       5.8   8.5e+02   -2.3   0.4   208   208   327   327   266   364 0.57 -
54603at50557_7070_0:002ddb|STRG.4930.2:168-1412|+     -            415 52845at50557         -            341     0.018   13.1   2.5   5   5         4   5.8e+02   -1.7   0.2   210   223   352   365   330   386 0.66 -
41050at50557_103372_0:00103f|STRG.4106.1:140-1702|+   -            521 52845at50557         -            341     0.028   12.5  18.1   1   4     0.034         5    5.1   1.0   183   258   202   278   179   292 0.71 -
41050at50557_103372_0:00103f|STRG.4106.1:140-1702|+   -            521 52845at50557         -            341     0.028   12.5  18.1   2   4      0.33        49    1.8   0.2   208   265   303   363   288   370 0.72 -
41050at50557_103372_0:00103f|STRG.4106.1:140-1702|+   -            521 52845at50557         -            341     0.028   12.5  18.1   3   4      0.07        10    4.1   0.3   224   252   373   401   368   409 0.86 -
41050at50557_103372_0:00103f|STRG.4106.1:140-1702|+   -            521 52845at50557         -            341     0.028   12.5  18.1   4   4   0.00032     0.047   11.7   0.5   184   250   411   481   406   494 0.81 -
41050at50557_219809_0:00068b|STRG.4106.2:3-1444|+     -            479 52845at50557         -            341     0.029   12.4  18.8   1   4     0.031       4.5    5.2   1.0   183   258   160   236   140   251 0.72 -
41050at50557_219809_0:00068b|STRG.4106.2:3-1444|+     -            479 52845at50557         -            341     0.029   12.4  18.8   2   4      0.37        53    1.7   0.3   208   265   261   321   253   328 0.75 -
41050at50557_219809_0:00068b|STRG.4106.2:3-1444|+     -            479 52845at50557         -            341     0.029   12.4  18.8   3   4     0.055         8    4.4   0.6   224   252   331   359   326   379 0.83 -
41050at50557_219809_0:00068b|STRG.4106.2:3-1444|+     -            479 52845at50557         -            341     0.029   12.4  18.8   4   4    0.0003     0.044   11.8   0.5   185   250   370   439   366   452 0.81 -
8280at50557_38123_0:003113|STRG.1118.1:228-1118|+     -            297 52845at50557         -            341     0.038   12.0   1.8   1   3     0.058       8.5    4.3   0.2    87   129    59   103    46   110 0.57 -
8280at50557_38123_0:003113|STRG.1118.1:228-1118|+     -            297 52845at50557         -            341     0.038   12.0   1.8   2   3      0.15        22    3.0   0.0    77   107   108   138   105   161 0.59 -
8280at50557_38123_0:003113|STRG.1118.1:228-1118|+     -            297 52845at50557         -            341     0.038   12.0   1.8   3   3      0.54        78    1.1   0.1   199   222   183   206   165   227 0.59 -
25718at50557_34720_0:000a06|STRG.4050.3:282-3287|+    -           1002 52845at50557         -            341     0.039   12.0  12.9   1   7      0.68        98    0.8   0.0   178   223   290   331   269   352 0.74 -
25718at50557_34720_0:000a06|STRG.4050.3:282-3287|+    -           1002 52845at50557         -            341     0.039   12.0  12.9   2   7       4.4   6.4e+02   -1.9   0.0   183   223   345   383   336   400 0.83 -
25718at50557_34720_0:000a06|STRG.4050.3:282-3287|+    -           1002 52845at50557         -            341     0.039   12.0  12.9   3   7     0.095        14    3.6   0.0   176   241   412   473   397   478 0.86 -
25718at50557_34720_0:000a06|STRG.4050.3:282-3287|+    -           1002 52845at50557         -            341     0.039   12.0  12.9   4   7      0.04       5.8    4.9   0.1   184   242   537   593   527   614 0.81 -
25718at50557_34720_0:000a06|STRG.4050.3:282-3287|+    -           1002 52845at50557         -            341     0.039   12.0  12.9   5   7       2.3   3.3e+02   -0.9   0.0   204   223   651   670   622   715 0.71 -
25718at50557_34720_0:000a06|STRG.4050.3:282-3287|+    -           1002 52845at50557         -            341     0.039   12.0  12.9   6   7      0.13        18    3.2   0.2   179   247   725   789   703   815 0.81 -
25718at50557_34720_0:000a06|STRG.4050.3:282-3287|+    -           1002 52845at50557         -            341     0.039   12.0  12.9   7   7       4.2   6.1e+02   -1.8   0.0   156   223   850   909   845   923 0.61 -
7376at50557_64793_0:000e0b|STRG.13936.2:1051-5574|+   -           1508 52845at50557         -            341     0.073   11.1  28.3   1   7     0.064       9.3    4.2   6.9   167   271   102   202    78   225 0.81 -
7376at50557_64793_0:000e0b|STRG.13936.2:1051-5574|+   -           1508 52845at50557         -            341     0.073   11.1  28.3   2   7       1.3   1.8e+02   -0.1   0.4   210   240   213   243   206   251 0.60 -
7376at50557_64793_0:000e0b|STRG.13936.2:1051-5574|+   -           1508 52845at50557         -            341     0.073   11.1  28.3   3   7     0.006      0.88    7.6   0.2   188   261   345   414   330   426 0.67 -
7376at50557_64793_0:000e0b|STRG.13936.2:1051-5574|+   -           1508 52845at50557         -            341     0.073   11.1  28.3   4   7     0.021       3.1    5.8   3.1   167   248   372   449   364   465 0.77 -
7376at50557_64793_0:000e0b|STRG.13936.2:1051-5574|+   -           1508 52845at50557         -            341     0.073   11.1  28.3   5   7      0.26        37    2.2   1.2   174   241   403   466   394   490 0.76 -
7376at50557_64793_0:000e0b|STRG.13936.2:1051-5574|+   -           1508 52845at50557         -            341     0.073   11.1  28.3   6   7    0.0045      0.66    8.0   0.2   176   241   583   644   544   650 0.83 -
7376at50557_64793_0:000e0b|STRG.13936.2:1051-5574|+   -           1508 52845at50557         -            341     0.073   11.1  28.3   7   7       1.2   1.8e+02   -0.0   0.2   162   242   786   863   773   873 0.71 -
54603at50557_1155016_0:00503d|STRG.770.1:303-644|+    -            114 52845at50557         -            341     0.075   11.1   0.1   1   1    0.0022      0.32    9.0   0.1   206   242     4    40     1    72 0.87 -
#
# Program:         hmmsearch
# Version:         3.4 (Aug 2023)
# Pipeline mode:   SEARCH
# Query file:      /data/projet1/projet_tutore/busco_downloads/lineages/insecta_odb10/hmms/52845at50557.hmm
# Target file:     annotation_analysis/annotation_gcf/T_septentrionalis/busco_output/run_insecta_odb10/metaeuk_output/initial_results/assembled_transcripts.fasta.modified.fas
# Option settings: hmmsearch --domtblout annotation_analysis/annotation_gcf/T_septentrionalis/busco_output/run_insecta_odb10/hmmer_output/initial_run_results/52845at50557.out --cpu 1 /data/projet1/projet_tutore/busco_downloads/lineages/insecta_odb10/hmms/52845at50557.hmm annotation_analysis/annotation_gcf/T_septentrionalis/busco_output/run_insecta_odb10/metaeuk_output/initial_results/assembled_transcripts.fasta.modified.fas 
# Current dir:     /data/projet1/projet_tutore
# Date:            Sun Oct 13 10:10:46 2024
# [ok]
