#                                                                                                              --- full sequence --- -------------- this domain -------------   hmm coord   ali coord   env coord
# target name                                          accession   tlen query name           accession   qlen   E-value  score  bias   #  of  c-Evalue  i-Evalue  score  bias  from    to  from    to  from    to  acc description of target
#                                  ------------------- ---------- ----- -------------------- ---------- ----- --------- ------ ----- --- --- --------- --------- ------ ----- ----- ----- ----- ----- ----- ----- ---- ---------------------
57153at50557_34720_0:000896|STRG.3635.1:183-1661|+     -            493 57153at50557         -            185   1.7e-82  275.0  13.8   1   1   3.8e-82   1.7e-79  265.2  13.8     1   185   247   474   247   474 0.89 -
57153at50557_34720_0:000896|STRG.3635.2:182-1660|+     -            493 57153at50557         -            185   1.7e-82  275.0  13.8   1   1   3.8e-82   1.7e-79  265.2  13.8     1   185   247   474   247   474 0.89 -
57153at50557_34720_0:000896|STRG.3635.3:127-1605|+     -            493 57153at50557         -            185   1.7e-82  275.0  13.8   1   1   3.8e-82   1.7e-79  265.2  13.8     1   185   247   474   247   474 0.89 -
57153at50557_7244_0:001c0f|STRG.14378.2:317-1279|+     -            321 57153at50557         -            185   4.1e-24   84.7   6.5   1   2      0.46   2.1e+02    0.9   0.0     1    24    84   107    84   118 0.76 -
57153at50557_7244_0:001c0f|STRG.14378.2:317-1279|+     -            321 57153at50557         -            185   4.1e-24   84.7   6.5   2   2   5.4e-26   2.4e-23   82.2   4.5    24   174   146   321   141   321 0.83 -
57153at50557_7244_0:001c0f|STRG.14378.1:317-1441|+     -            375 57153at50557         -            185   2.5e-23   82.1   7.6   1   2       1.1   4.8e+02   -0.3   0.1     1    22    84   105    83   114 0.72 -
57153at50557_7244_0:001c0f|STRG.14378.1:317-1441|+     -            375 57153at50557         -            185   2.5e-23   82.1   7.6   2   2     8e-26   3.6e-23   81.6   4.4    24   174   200   375   195   375 0.83 -
119324at50557_93721_0:00259c|STRG.6615.2:111-527|+     -            139 57153at50557         -            185   4.6e-06   25.9   6.5   1   4     0.019       8.4    5.4   0.0   149   173    12    36     6    45 0.65 -
119324at50557_93721_0:00259c|STRG.6615.2:111-527|+     -            139 57153at50557         -            185   4.6e-06   25.9   6.5   2   4     0.025        11    5.0   0.1   145   173    44    72    39    78 0.80 -
119324at50557_93721_0:00259c|STRG.6615.2:111-527|+     -            139 57153at50557         -            185   4.6e-06   25.9   6.5   3   4   4.6e-05     0.021   13.9   0.1   144   177    80   113    75   120 0.81 -
119324at50557_93721_0:00259c|STRG.6615.2:111-527|+     -            139 57153at50557         -            185   4.6e-06   25.9   6.5   4   4     0.082        37    3.3   0.1     3    16   123   136   121   139 0.88 -
119324at50557_93721_0:00259c|STRG.6615.1:366-809|+     -            148 57153at50557         -            185   6.7e-06   25.3   6.6   1   4     0.019       8.7    5.4   0.0   149   174    21    46    12    54 0.68 -
119324at50557_93721_0:00259c|STRG.6615.1:366-809|+     -            148 57153at50557         -            185   6.7e-06   25.3   6.6   2   4     0.025        11    5.0   0.1   145   173    53    81    47    88 0.80 -
119324at50557_93721_0:00259c|STRG.6615.1:366-809|+     -            148 57153at50557         -            185   6.7e-06   25.3   6.6   3   4   5.2e-05     0.023   13.8   0.1   144   177    89   122    84   129 0.81 -
119324at50557_93721_0:00259c|STRG.6615.1:366-809|+     -            148 57153at50557         -            185   6.7e-06   25.3   6.6   4   4     0.089        40    3.2   0.1     3    16   132   145   130   148 0.88 -
119324at50557_609295_0:001eaf|STRG.11700.1:275-784|+   -            170 57153at50557         -            185   2.2e-05   23.6   1.8   1   3    0.0019      0.85    8.7   0.1   143   176    55    88    48    96 0.76 -
119324at50557_609295_0:001eaf|STRG.11700.1:275-784|+   -            170 57153at50557         -            185   2.2e-05   23.6   1.8   2   3    0.0033       1.5    7.9   0.1   148   181    97   127    92   134 0.82 -
119324at50557_609295_0:001eaf|STRG.11700.1:275-784|+   -            170 57153at50557         -            185   2.2e-05   23.6   1.8   3   3     0.018       8.2    5.5   0.0   140   169   130   159   126   167 0.79 -
119324at50557_28612_0:006210|STRG.12115.1:469-921|+    -            151 57153at50557         -            185   0.00025   20.2   4.4   1   3    0.0012      0.56    9.3   0.0     1    25    11    35    11    45 0.86 -
119324at50557_28612_0:006210|STRG.12115.1:469-921|+    -            151 57153at50557         -            185   0.00025   20.2   4.4   2   3    0.0017      0.76    8.8   0.2     3    22    49    68    47    78 0.87 -
119324at50557_28612_0:006210|STRG.12115.1:469-921|+    -            151 57153at50557         -            185   0.00025   20.2   4.4   3   3      0.37   1.7e+02    1.2   0.1     3    16   130   143   128   148 0.85 -
119324at50557_28612_0:006210|STRG.12115.2:440-892|+    -            151 57153at50557         -            185   0.00025   20.2   4.4   1   3    0.0012      0.56    9.3   0.0     1    25    11    35    11    45 0.86 -
119324at50557_28612_0:006210|STRG.12115.2:440-892|+    -            151 57153at50557         -            185   0.00025   20.2   4.4   2   3    0.0017      0.76    8.8   0.2     3    22    49    68    47    78 0.87 -
119324at50557_28612_0:006210|STRG.12115.2:440-892|+    -            151 57153at50557         -            185   0.00025   20.2   4.4   3   3      0.37   1.7e+02    1.2   0.1     3    16   130   143   128   148 0.85 -
119324at50557_28612_0:006210|STRG.12115.3:545-997|+    -            151 57153at50557         -            185   0.00025   20.2   4.4   1   3    0.0012      0.56    9.3   0.0     1    25    11    35    11    45 0.86 -
119324at50557_28612_0:006210|STRG.12115.3:545-997|+    -            151 57153at50557         -            185   0.00025   20.2   4.4   2   3    0.0017      0.76    8.8   0.2     3    22    49    68    47    78 0.87 -
119324at50557_28612_0:006210|STRG.12115.3:545-997|+    -            151 57153at50557         -            185   0.00025   20.2   4.4   3   3      0.37   1.7e+02    1.2   0.1     3    16   130   143   128   148 0.85 -
119324at50557_28612_0:006210|STRG.12115.4:668-1120|+   -            151 57153at50557         -            185   0.00025   20.2   4.4   1   3    0.0012      0.56    9.3   0.0     1    25    11    35    11    45 0.86 -
119324at50557_28612_0:006210|STRG.12115.4:668-1120|+   -            151 57153at50557         -            185   0.00025   20.2   4.4   2   3    0.0017      0.76    8.8   0.2     3    22    49    68    47    78 0.87 -
119324at50557_28612_0:006210|STRG.12115.4:668-1120|+   -            151 57153at50557         -            185   0.00025   20.2   4.4   3   3      0.37   1.7e+02    1.2   0.1     3    16   130   143   128   148 0.85 -
119324at50557_1049336_0:003cac|STRG.6328.1:385-789|+   -            135 57153at50557         -            185   0.00031   19.9   5.5   1   4     0.002      0.89    8.6   0.0     1    25    12    36    12    43 0.86 -
119324at50557_1049336_0:003cac|STRG.6328.1:385-789|+   -            135 57153at50557         -            185   0.00031   19.9   5.5   2   4      0.12        53    2.8   0.1   147   172    46    71    38    84 0.64 -
119324at50557_1049336_0:003cac|STRG.6328.1:385-789|+   -            135 57153at50557         -            185   0.00031   19.9   5.5   3   4     0.011       5.2    6.1   0.0   146   171    82   107    76   119 0.76 -
119324at50557_1049336_0:003cac|STRG.6328.1:385-789|+   -            135 57153at50557         -            185   0.00031   19.9   5.5   4   4       0.1        46    3.0   0.2     3    15   123   135   122   135 0.94 -
112578at50557_315563_0:0020eb|STRG.3081.1:42-293|+     -             84 57153at50557         -            185   0.00054   19.1   0.4   1   2   0.00054      0.24   10.4   0.1     1    24    10    33    10    42 0.88 -
112578at50557_315563_0:0020eb|STRG.3081.1:42-293|+     -             84 57153at50557         -            185   0.00054   19.1   0.4   2   2    0.0047       2.1    7.4   0.0   145   165    53    73    45    82 0.85 -
119324at50557_319348_0:001162|STRG.11252.6:1313-1729|+ -            139 57153at50557         -            185   0.00056   19.0   0.3   1   3      0.12        55    2.8   0.0     1    22     7    28     7    41 0.85 -
119324at50557_319348_0:001162|STRG.11252.6:1313-1729|+ -            139 57153at50557         -            185   0.00056   19.0   0.3   2   3       1.1   4.9e+02   -0.3   0.0   155   175    49    69    31    79 0.71 -
119324at50557_319348_0:001162|STRG.11252.6:1313-1729|+ -            139 57153at50557         -            185   0.00056   19.0   0.3   3   3    0.0001     0.047   12.8   0.1   122   169    89   137    78   139 0.86 -
119324at50557_319348_0:001162|STRG.11252.8:560-976|+   -            139 57153at50557         -            185   0.00056   19.0   0.3   1   3      0.12        55    2.8   0.0     1    22     7    28     7    41 0.85 -
119324at50557_319348_0:001162|STRG.11252.8:560-976|+   -            139 57153at50557         -            185   0.00056   19.0   0.3   2   3       1.1   4.9e+02   -0.3   0.0   155   175    49    69    31    79 0.71 -
119324at50557_319348_0:001162|STRG.11252.8:560-976|+   -            139 57153at50557         -            185   0.00056   19.0   0.3   3   3    0.0001     0.047   12.8   0.1   122   169    89   137    78   139 0.86 -
119324at50557_28612_0:006210|STRG.3080.1:272-754|+     -            161 57153at50557         -            185    0.0025   16.9   0.6   1   3    0.0085       3.8    6.5   0.0     2    17    62    77    61    95 0.80 -
119324at50557_28612_0:006210|STRG.3080.1:272-754|+     -            161 57153at50557         -            185    0.0025   16.9   0.6   2   3     0.026        12    4.9   0.0     1    25    97   121    97   128 0.84 -
119324at50557_28612_0:006210|STRG.3080.1:272-754|+     -            161 57153at50557         -            185    0.0025   16.9   0.6   3   3      0.24   1.1e+02    1.8   0.1   149   164   145   160   138   161 0.77 -
112578at50557_88501_0:001fa9|STRG.15499.1:208-702|+    -            165 57153at50557         -            185    0.0077   15.3   1.7   1   3      0.13        58    2.7   0.1     3    24    72    93    67   104 0.81 -
112578at50557_88501_0:001fa9|STRG.15499.1:208-702|+    -            165 57153at50557         -            185    0.0077   15.3   1.7   2   3    0.0021      0.93    8.6   0.2     2    28   107   133   106   153 0.59 -
112578at50557_88501_0:001fa9|STRG.15499.1:208-702|+    -            165 57153at50557         -            185    0.0077   15.3   1.7   3   3     0.024        11    5.1   0.1   132   163   134   165   129   165 0.92 -
119324at50557_197043_0:001c16|STRG.6615.3:1501-1752|+  -             84 57153at50557         -            185     0.015   14.4   0.4   1   2    0.0072       3.2    6.8   0.0   149   174    12    37     6    45 0.66 -
119324at50557_197043_0:001c16|STRG.6615.3:1501-1752|+  -             84 57153at50557         -            185     0.015   14.4   0.4   2   2     0.008       3.6    6.6   0.1   145   173    44    72    38    80 0.81 -
119324at50557_29053_0:0019d1|STRG.8652.3:799-1077|+    -             93 57153at50557         -            185      0.16   11.1   1.7   1   2     0.011         5    6.2   0.1     1    22    24    45    24    54 0.85 -
119324at50557_29053_0:0019d1|STRG.8652.3:799-1077|+    -             93 57153at50557         -            185      0.16   11.1   1.7   2   2     0.035        16    4.5   0.1   140   165    65    90    52    92 0.84 -
119324at50557_29053_0:0019d1|STRG.8652.8:366-644|+     -             93 57153at50557         -            185      0.16   11.1   1.7   1   2     0.011         5    6.2   0.1     1    22    24    45    24    54 0.85 -
119324at50557_29053_0:0019d1|STRG.8652.8:366-644|+     -             93 57153at50557         -            185      0.16   11.1   1.7   2   2     0.035        16    4.5   0.1   140   165    65    90    52    92 0.84 -
119324at50557_454923_0:001f56|STRG.8652.7:188-487|+    -            100 57153at50557         -            185      0.22   10.6   3.1   1   3       1.3     6e+02   -0.6   0.0    39    55     2    18     1    29 0.60 -
119324at50557_454923_0:001f56|STRG.8652.7:188-487|+    -            100 57153at50557         -            185      0.22   10.6   3.1   2   3     0.013       5.7    6.0   0.1     1    22    31    52    31    61 0.85 -
119324at50557_454923_0:001f56|STRG.8652.7:188-487|+    -            100 57153at50557         -            185      0.22   10.6   3.1   3   3     0.044        20    4.2   0.1   140   165    72    97    63    99 0.84 -
#
# Program:         hmmsearch
# Version:         3.4 (Aug 2023)
# Pipeline mode:   SEARCH
# Query file:      /data/projet1/projet_tutore/busco_downloads/lineages/insecta_odb10/hmms/57153at50557.hmm
# Target file:     annotation_analysis/annotation_gcf/T_septentrionalis/busco_output/run_insecta_odb10/metaeuk_output/initial_results/assembled_transcripts.fasta.modified.fas
# Option settings: hmmsearch --domtblout annotation_analysis/annotation_gcf/T_septentrionalis/busco_output/run_insecta_odb10/hmmer_output/initial_run_results/57153at50557.out --cpu 1 /data/projet1/projet_tutore/busco_downloads/lineages/insecta_odb10/hmms/57153at50557.hmm annotation_analysis/annotation_gcf/T_septentrionalis/busco_output/run_insecta_odb10/metaeuk_output/initial_results/assembled_transcripts.fasta.modified.fas 
# Current dir:     /data/projet1/projet_tutore
# Date:            Sun Oct 13 10:11:02 2024
# [ok]
