#                                                                                                           --- full sequence --- -------------- this domain -------------   hmm coord   ali coord   env coord
# target name                                       accession   tlen query name           accession   qlen   E-value  score  bias   #  of  c-Evalue  i-Evalue  score  bias  from    to  from    to  from    to  acc description of target
#                               ------------------- ---------- ----- -------------------- ---------- ----- --------- ------ ----- --- --- --------- --------- ------ ----- ----- ----- ----- ----- ----- ----- ---- ---------------------
58640at50557_34720_0:00294d|STRG.16728.4:966-2177|+ -            404 58640at50557         -            312  2.2e-143  476.3  22.6   1   1  3.8e-145  5.3e-142  471.8  22.6     2   311     6   389     5   390 0.90 -
58640at50557_34720_0:00294d|STRG.16728.5:208-1419|+ -            404 58640at50557         -            312  2.2e-143  476.3  22.6   1   1  3.8e-145  5.3e-142  471.8  22.6     2   311     6   389     5   390 0.90 -
58640at50557_34720_0:00294d|STRG.16728.6:600-1811|+ -            404 58640at50557         -            312  2.2e-143  476.3  22.6   1   1  3.8e-145  5.3e-142  471.8  22.6     2   311     6   389     5   390 0.90 -
58640at50557_34720_0:00294d|STRG.16728.7:586-1797|+ -            404 58640at50557         -            312  2.2e-143  476.3  22.6   1   1  3.8e-145  5.3e-142  471.8  22.6     2   311     6   389     5   390 0.90 -
58640at50557_34720_0:00294d|STRG.16728.1:73-1299|+  -            409 58640at50557         -            312  2.2e-143  476.3  22.6   1   1  3.8e-145  5.4e-142  471.7  22.6     2   311    11   394    10   395 0.90 -
58640at50557_34720_0:00294d|STRG.16728.3:112-1347|+ -            412 58640at50557         -            312  2.4e-143  476.2  22.6   1   1    4e-145  5.6e-142  471.7  22.6     2   311    14   397    13   398 0.90 -
58640at50557_34720_0:00294d|STRG.16728.2:28-1437|+  -            470 58640at50557         -            312  3.1e-143  475.8  22.1   1   1  4.5e-145  6.4e-142  471.5  22.1     2   311    72   455    71   456 0.90 -
#
# Program:         hmmsearch
# Version:         3.4 (Aug 2023)
# Pipeline mode:   SEARCH
# Query file:      /data/projet1/projet_tutore/busco_downloads/lineages/insecta_odb10/hmms/58640at50557.hmm
# Target file:     annotation_analysis/annotation_gcf/T_septentrionalis/busco_output/run_insecta_odb10/metaeuk_output/initial_results/assembled_transcripts.fasta.modified.fas
# Option settings: hmmsearch --domtblout annotation_analysis/annotation_gcf/T_septentrionalis/busco_output/run_insecta_odb10/hmmer_output/initial_run_results/58640at50557.out --cpu 1 /data/projet1/projet_tutore/busco_downloads/lineages/insecta_odb10/hmms/58640at50557.hmm annotation_analysis/annotation_gcf/T_septentrionalis/busco_output/run_insecta_odb10/metaeuk_output/initial_results/assembled_transcripts.fasta.modified.fas 
# Current dir:     /data/projet1/projet_tutore
# Date:            Sun Oct 13 10:11:13 2024
# [ok]
