#                                                                                                           --- full sequence --- -------------- this domain -------------   hmm coord   ali coord   env coord
# target name                                       accession   tlen query name           accession   qlen   E-value  score  bias   #  of  c-Evalue  i-Evalue  score  bias  from    to  from    to  from    to  acc description of target
#                               ------------------- ---------- ----- -------------------- ---------- ----- --------- ------ ----- --- --- --------- --------- ------ ----- ----- ----- ----- ----- ----- ----- ---- ---------------------
60470at50557_34720_0:0028da|STRG.16702.1:160-5079|+ -           1640 60470at50557         -            550  9.6e-173  574.8  28.0   1   4  1.3e-174  3.2e-171  569.8  13.0     6   371   303   720   298   754 0.88 -
60470at50557_34720_0:0028da|STRG.16702.1:160-5079|+ -           1640 60470at50557         -            550  9.6e-173  574.8  28.0   2   4      0.13   3.3e+02   -1.3   1.1   456   523   988  1054   940  1078 0.70 -
60470at50557_34720_0:0028da|STRG.16702.1:160-5079|+ -           1640 60470at50557         -            550  9.6e-173  574.8  28.0   3   4     0.084   2.1e+02   -0.6   3.2   372   396  1068  1092   972  1127 0.69 -
60470at50557_34720_0:0028da|STRG.16702.1:160-5079|+ -           1640 60470at50557         -            550  9.6e-173  574.8  28.0   4   4   1.3e-05     0.033   11.9   0.1   468   513  1345  1409  1302  1422 0.64 -
60470at50557_34720_0:0028da|STRG.16702.2:323-5242|+ -           1640 60470at50557         -            550  9.6e-173  574.8  28.0   1   4  1.3e-174  3.2e-171  569.8  13.0     6   371   303   720   298   754 0.88 -
60470at50557_34720_0:0028da|STRG.16702.2:323-5242|+ -           1640 60470at50557         -            550  9.6e-173  574.8  28.0   2   4      0.13   3.3e+02   -1.3   1.1   456   523   988  1054   940  1078 0.70 -
60470at50557_34720_0:0028da|STRG.16702.2:323-5242|+ -           1640 60470at50557         -            550  9.6e-173  574.8  28.0   3   4     0.084   2.1e+02   -0.6   3.2   372   396  1068  1092   972  1127 0.69 -
60470at50557_34720_0:0028da|STRG.16702.2:323-5242|+ -           1640 60470at50557         -            550  9.6e-173  574.8  28.0   4   4   1.3e-05     0.033   11.9   0.1   468   513  1345  1409  1302  1422 0.64 -
60470at50557_123851_0:004309|STRG.436.1:105-1022|+  -            306 60470at50557         -            550   5.4e-44  149.8   8.8   1   1   7.4e-47   1.8e-43  148.1   8.8    52   313     1   293     1   306 0.83 -
60470at50557_123851_0:004309|STRG.436.2:105-965|+   -            287 60470at50557         -            550   7.7e-32  109.7  15.4   1   1   2.3e-32   5.8e-29  100.2  15.4    52   313     1   274     1   287 0.83 -
#
# Program:         hmmsearch
# Version:         3.4 (Aug 2023)
# Pipeline mode:   SEARCH
# Query file:      /data/projet1/projet_tutore/busco_downloads/lineages/insecta_odb10/hmms/60470at50557.hmm
# Target file:     annotation_analysis/annotation_gcf/T_septentrionalis/busco_output/run_insecta_odb10/metaeuk_output/initial_results/assembled_transcripts.fasta.modified.fas
# Option settings: hmmsearch --domtblout annotation_analysis/annotation_gcf/T_septentrionalis/busco_output/run_insecta_odb10/hmmer_output/initial_run_results/60470at50557.out --cpu 1 /data/projet1/projet_tutore/busco_downloads/lineages/insecta_odb10/hmms/60470at50557.hmm annotation_analysis/annotation_gcf/T_septentrionalis/busco_output/run_insecta_odb10/metaeuk_output/initial_results/assembled_transcripts.fasta.modified.fas 
# Current dir:     /data/projet1/projet_tutore
# Date:            Sun Oct 13 10:11:21 2024
# [ok]
