#                                                                                                              --- full sequence --- -------------- this domain -------------   hmm coord   ali coord   env coord
# target name                                          accession   tlen query name           accession   qlen   E-value  score  bias   #  of  c-Evalue  i-Evalue  score  bias  from    to  from    to  from    to  acc description of target
#                                  ------------------- ---------- ----- -------------------- ---------- ----- --------- ------ ----- --- --- --------- --------- ------ ----- ----- ----- ----- ----- ----- ----- ---- ---------------------
60993at50557_103372_0:00057c|STRG.9051.2:81-1757|+     -            559 60993at50557         -            453  1.7e-212  705.2   7.9   1   2  1.1e-190  1.7e-188  626.1   5.1     1   402    11   469    11   472 0.92 -
60993at50557_103372_0:00057c|STRG.9051.2:81-1757|+     -            559 60993at50557         -            453  1.7e-212  705.2   7.9   2   2   2.9e-24   4.5e-22   77.5   0.0   399   449   484   535   479   538 0.92 -
60993at50557_103372_0:00057c|STRG.9051.1:81-1763|+     -            561 60993at50557         -            453  2.8e-211  701.2  10.0   1   2    2e-189  3.2e-187  621.9   7.2     1   402    11   471    11   474 0.92 -
60993at50557_103372_0:00057c|STRG.9051.1:81-1763|+     -            561 60993at50557         -            453  2.8e-211  701.2  10.0   2   2   2.9e-24   4.5e-22   77.5   0.0   399   449   486   537   481   540 0.92 -
74932at50557_64838_0:002280|STRG.3125.1:192-1193|+     -            334 60993at50557         -            453   2.3e-18   65.3   0.2   1   1   1.9e-20     3e-18   64.9   0.2     3    74     4    74     2    78 0.95 -
74932at50557_103372_0:0007c3|STRG.13118.1:0-1115|+     -            372 60993at50557         -            453   3.1e-18   64.8   0.1   1   1   2.8e-20   4.5e-18   64.3   0.1     3    78    38   113    36   118 0.97 -
109756at50557_103372_0:00251e|STRG.2664.3:171-794|+    -            208 60993at50557         -            453   3.9e-17   61.2   0.2   1   1   3.2e-19   5.1e-17   60.8   0.2     3    74    11    82     9    87 0.96 -
109756at50557_103372_0:00251e|STRG.2664.4:171-848|+    -            226 60993at50557         -            453   4.5e-17   61.0   0.2   1   1   3.8e-19     6e-17   60.6   0.2     3    74    11    82     9    87 0.96 -
109756at50557_103372_0:00251e|STRG.2664.2:176-865|+    -            230 60993at50557         -            453   4.7e-17   60.9   0.2   1   1     4e-19   6.2e-17   60.6   0.2     3    74    11    82     9    87 0.96 -
109756at50557_103372_0:00251e|STRG.2664.1:176-919|+    -            248 60993at50557         -            453   5.4e-17   60.7   0.2   1   1   4.6e-19   7.2e-17   60.3   0.2     3    74    11    82     9    87 0.96 -
109756at50557_1629725_0:000447|STRG.5639.1:290-502|+   -             71 60993at50557         -            453   9.7e-17   59.9   0.6   1   1   6.6e-19     1e-16   59.8   0.6     6    74     1    70     1    71 0.96 -
73951at50557_34720_0:00262d|STRG.15596.1:5-1549|+      -            478 60993at50557         -            453   6.1e-16   57.3   0.6   1   2   1.3e-17   2.1e-15   55.5   0.7     3    71    83   151    81   161 0.95 -
73951at50557_34720_0:00262d|STRG.15596.1:5-1549|+      -            478 60993at50557         -            453   6.1e-16   57.3   0.6   2   2         3   4.7e+02   -1.7   0.0   289   315   442   468   433   471 0.88 -
73951at50557_34720_0:00262d|STRG.15596.2:5-1588|+      -            528 60993at50557         -            453   7.5e-16   57.0   0.6   1   2   1.5e-17   2.4e-15   55.3   0.7     3    71    83   151    81   161 0.95 -
73951at50557_34720_0:00262d|STRG.15596.2:5-1588|+      -            528 60993at50557         -            453   7.5e-16   57.0   0.6   2   2       3.4   5.3e+02   -1.8   0.0   289   315   442   468   433   471 0.88 -
109756at50557_52612_0:003ea0|STRG.6839.1:397-618|+     -             74 60993at50557         -            453   8.3e-16   56.8   0.5   1   1   5.7e-18     9e-16   56.7   0.5     3    73     4    74     2    74 0.98 -
127306at50557_64793_0:0016b5|STRG.3509.2:237-800|+     -            188 60993at50557         -            453   2.9e-15   55.1   0.8   1   1   2.2e-17   3.4e-15   54.8   0.8     2    75    27   100    26   116 0.93 -
127306at50557_64793_0:0016b5|STRG.3509.3:474-1037|+    -            188 60993at50557         -            453   2.9e-15   55.1   0.8   1   1   2.2e-17   3.4e-15   54.8   0.8     2    75    27   100    26   116 0.93 -
127306at50557_34720_0:0007b0|STRG.3509.1:285-866|+     -            194 60993at50557         -            453   2.9e-15   55.1   0.9   1   1   2.5e-17     4e-15   54.6   0.9     2    75    14    87    13   102 0.93 -
127306at50557_34720_0:0007b0|STRG.3509.4:190-771|+     -            194 60993at50557         -            453   2.9e-15   55.1   0.9   1   1   2.5e-17     4e-15   54.6   0.9     2    75    14    87    13   102 0.93 -
127306at50557_34720_0:0007b0|STRG.3509.5:245-826|+     -            194 60993at50557         -            453   2.9e-15   55.1   0.9   1   1   2.5e-17     4e-15   54.6   0.9     2    75    14    87    13   102 0.93 -
74932at50557_64838_0:002280|STRG.5490.2:75-617|+       -            181 60993at50557         -            453   2.1e-14   52.2   0.0   1   1   1.8e-16   2.8e-14   51.8   0.0     4    75    18    88    16    99 0.95 -
74932at50557_7370_0:002c32|STRG.5490.1:138-1079|+      -            314 60993at50557         -            453   6.4e-14   50.6   0.1   1   1   5.9e-16   9.3e-14   50.1   0.1     4    75     3    73     2    83 0.95 -
108140at50557_29031_0:00184e|STRG.5639.2:287-703|+     -            139 60993at50557         -            453   1.5e-13   49.4   3.4   1   2   2.5e-15   3.9e-13   48.1   1.0     5    67     1    64     1    75 0.95 -
108140at50557_29031_0:00184e|STRG.5639.2:287-703|+     -            139 60993at50557         -            453   1.5e-13   49.4   3.4   2   2      0.27        43    1.7   0.0    60    77    94   111    91   113 0.88 -
74932at50557_286706_0:00199c|STRG.10967.1:350-1363|+   -            338 60993at50557         -            453   4.1e-13   48.0   0.0   1   1   3.7e-15   5.8e-13   47.5   0.0     2    77     7    79     6    81 0.92 -
74932at50557_286706_0:00199c|STRG.10967.2:348-1361|+   -            338 60993at50557         -            453   4.1e-13   48.0   0.0   1   1   3.7e-15   5.8e-13   47.5   0.0     2    77     7    79     6    81 0.92 -
88846at50557_34720_0:00286f|STRG.16339.1:243-1559|+    -            439 60993at50557         -            453   4.4e-13   47.9   0.0   1   1   2.8e-15   4.4e-13   47.9   0.0     2    73    43   113    42   120 0.95 -
108140at50557_34720_0:001e92|STRG.12555.10:131-2056|+  -            642 60993at50557         -            453   4.7e-13   47.8   0.0   1   1     3e-15   4.7e-13   47.8   0.0     5    67     4    67     2    75 0.93 -
108140at50557_34720_0:001e92|STRG.12555.11:740-2665|+  -            642 60993at50557         -            453   4.7e-13   47.8   0.0   1   1     3e-15   4.7e-13   47.8   0.0     5    67     4    67     2    75 0.93 -
108140at50557_34720_0:001e92|STRG.12555.5:172-2097|+   -            642 60993at50557         -            453   4.7e-13   47.8   0.0   1   1     3e-15   4.7e-13   47.8   0.0     5    67     4    67     2    75 0.93 -
108140at50557_34720_0:001e92|STRG.12555.6:176-2101|+   -            642 60993at50557         -            453   4.7e-13   47.8   0.0   1   1     3e-15   4.7e-13   47.8   0.0     5    67     4    67     2    75 0.93 -
108140at50557_34720_0:001e92|STRG.12555.7:551-2476|+   -            642 60993at50557         -            453   4.7e-13   47.8   0.0   1   1     3e-15   4.7e-13   47.8   0.0     5    67     4    67     2    75 0.93 -
108140at50557_34720_0:001e92|STRG.12555.8:654-2579|+   -            642 60993at50557         -            453   4.7e-13   47.8   0.0   1   1     3e-15   4.7e-13   47.8   0.0     5    67     4    67     2    75 0.93 -
108140at50557_34720_0:001e92|STRG.12555.9:465-2390|+   -            642 60993at50557         -            453   4.7e-13   47.8   0.0   1   1     3e-15   4.7e-13   47.8   0.0     5    67     4    67     2    75 0.93 -
41065at50557_133901_0:001440|STRG.9215.1:368-1702|+    -            445 60993at50557         -            453   5.7e-13   47.5   1.5   1   2       4.6   7.2e+02   -2.3   0.8    17    54   230   267   212   322 0.82 -
41065at50557_133901_0:001440|STRG.9215.1:368-1702|+    -            445 60993at50557         -            453   5.7e-13   47.5   1.5   2   2   3.7e-15   5.7e-13   47.5   1.5     3    66   342   410   340   416 0.90 -
41065at50557_7536_0:00279b|STRG.8749.1:170-466|+       -             99 60993at50557         -            453   1.6e-12   46.0   0.1   1   1   1.1e-14   1.8e-12   45.9   0.1     5    70     2    66     1    76 0.94 -
41065at50557_7536_0:00279b|STRG.8749.2:170-466|+       -             99 60993at50557         -            453   1.6e-12   46.0   0.1   1   1   1.1e-14   1.8e-12   45.9   0.1     5    70     2    66     1    76 0.94 -
126448at50557_568069_0:001ed1|STRG.7522.1:129-866|+    -            246 60993at50557         -            453   6.2e-12   44.1   0.8   1   2   3.9e-14   6.2e-12   44.1   0.8     4    83    16    95    14   111 0.88 -
126448at50557_568069_0:001ed1|STRG.7522.1:129-866|+    -            246 60993at50557         -            453   6.2e-12   44.1   0.8   2   2       2.2   3.5e+02   -1.2   2.5   350   387   180   215   161   229 0.70 -
100045at50557_7395_0:004563|STRG.10205.1:105-386|+     -             94 60993at50557         -            453   4.2e-11   41.3   0.2   1   1     3e-13   4.8e-11   41.2   0.2     4    92     3    89     1    92 0.84 -
100045at50557_34720_0:001e41|STRG.12561.2:34-999|+     -            322 60993at50557         -            453   5.3e-11   41.0   0.1   1   1   5.2e-13   8.2e-11   40.4   0.1     3    67     7    71     5   126 0.90 -
100045at50557_34720_0:001e41|STRG.12561.1:34-996|+     -            321 60993at50557         -            453   5.3e-11   41.0   0.2   1   1   5.2e-13   8.2e-11   40.4   0.1     3    67     7    71     5   126 0.90 -
41065at50557_103372_0:000e4c|STRG.1633.1:120-1562|+    -            481 60993at50557         -            453   1.1e-10   40.0   0.5   1   1   9.8e-13   1.5e-10   39.5   0.5     3    67   377   444   375   452 0.92 -
25981at50557_456900_0:000c28|STRG.15579.1:564-2843|+   -            760 60993at50557         -            453   2.1e-08   32.4   0.0   1   1   2.2e-10   3.4e-08   31.7   0.0     4    69   105   167   102   170 0.92 -
25981at50557_456900_0:000c28|STRG.15579.2:568-2847|+   -            760 60993at50557         -            453   2.1e-08   32.4   0.0   1   1   2.2e-10   3.4e-08   31.7   0.0     4    69   105   167   102   170 0.92 -
25981at50557_456900_0:000c28|STRG.15579.3:1037-3316|+  -            760 60993at50557         -            453   2.1e-08   32.4   0.0   1   1   2.2e-10   3.4e-08   31.7   0.0     4    69   105   167   102   170 0.92 -
25981at50557_456900_0:000c28|STRG.15579.4:1037-3316|+  -            760 60993at50557         -            453   2.1e-08   32.4   0.0   1   1   2.2e-10   3.4e-08   31.7   0.0     4    69   105   167   102   170 0.92 -
74932at50557_104421_0:00028f|STRG.5490.3:223-936|+     -            238 60993at50557         -            453     4e-08   31.5   0.0   1   1   3.3e-10   5.2e-08   31.1   0.0    24    75     1    51     1    62 0.91 -
96874at50557_34720_0:002015|STRG.13045.1:345-1460|+    -            372 60993at50557         -            453   4.5e-07   28.1   0.3   1   1   3.9e-09   6.2e-07   27.6   0.3     4    62   300   362   297   365 0.89 -
96874at50557_34720_0:002015|STRG.13045.2:228-1343|+    -            372 60993at50557         -            453   4.5e-07   28.1   0.3   1   1   3.9e-09   6.2e-07   27.6   0.3     4    62   300   362   297   365 0.89 -
125026at50557_411798_0:00322d|STRG.8635.1:1-777|+      -            259 60993at50557         -            453   5.3e-07   27.8   0.5   1   2   3.3e-09   5.3e-07   27.8   0.5     6    63    59   117    55   160 0.83 -
125026at50557_411798_0:00322d|STRG.8635.1:1-777|+      -            259 60993at50557         -            453   5.3e-07   27.8   0.5   2   2       4.3   6.7e+02   -2.2   3.9   330   376   167   211   164   225 0.58 -
125026at50557_454923_0:000298|STRG.12055.1:2085-2474|+ -            130 60993at50557         -            453     4e-06   24.9   0.0   1   1   3.1e-08   4.8e-06   24.7   0.0     4    67    44   106    41   112 0.94 -
125026at50557_454923_0:000298|STRG.12055.2:2085-2474|+ -            130 60993at50557         -            453     4e-06   24.9   0.0   1   1   3.1e-08   4.8e-06   24.7   0.0     4    67    44   106    41   112 0.94 -
125026at50557_454923_0:000298|STRG.12055.3:1929-2318|+ -            130 60993at50557         -            453     4e-06   24.9   0.0   1   1   3.1e-08   4.8e-06   24.7   0.0     4    67    44   106    41   112 0.94 -
125026at50557_454923_0:000298|STRG.12055.4:2017-2406|+ -            130 60993at50557         -            453     4e-06   24.9   0.0   1   1   3.1e-08   4.8e-06   24.7   0.0     4    67    44   106    41   112 0.94 -
60993at50557_1155016_0:000fc6|STRG.15489.10:730-897|+  -             56 60993at50557         -            453   0.00012   20.1   0.1   1   1   7.8e-07   0.00012   20.0   0.1     4    44     1    43     1    53 0.84 -
60993at50557_1155016_0:000fc6|STRG.15489.11:467-634|+  -             56 60993at50557         -            453   0.00012   20.1   0.1   1   1   7.8e-07   0.00012   20.0   0.1     4    44     1    43     1    53 0.84 -
60993at50557_1155016_0:000fc6|STRG.15489.1:868-1035|+  -             56 60993at50557         -            453   0.00012   20.1   0.1   1   1   7.8e-07   0.00012   20.0   0.1     4    44     1    43     1    53 0.84 -
60993at50557_1155016_0:000fc6|STRG.15489.2:819-986|+   -             56 60993at50557         -            453   0.00012   20.1   0.1   1   1   7.8e-07   0.00012   20.0   0.1     4    44     1    43     1    53 0.84 -
60993at50557_1155016_0:000fc6|STRG.15489.3:686-853|+   -             56 60993at50557         -            453   0.00012   20.1   0.1   1   1   7.8e-07   0.00012   20.0   0.1     4    44     1    43     1    53 0.84 -
60993at50557_1155016_0:000fc6|STRG.15489.4:1014-1181|+ -             56 60993at50557         -            453   0.00012   20.1   0.1   1   1   7.8e-07   0.00012   20.0   0.1     4    44     1    43     1    53 0.84 -
60993at50557_1155016_0:000fc6|STRG.15489.7:1012-1179|+ -             56 60993at50557         -            453   0.00012   20.1   0.1   1   1   7.8e-07   0.00012   20.0   0.1     4    44     1    43     1    53 0.84 -
60993at50557_1155016_0:000fc6|STRG.15489.9:724-891|+   -             56 60993at50557         -            453   0.00012   20.1   0.1   1   1   7.8e-07   0.00012   20.0   0.1     4    44     1    43     1    53 0.84 -
60993at50557_1155016_0:000fc6|STRG.15489.5:1014-1151|+ -             46 60993at50557         -            453   0.00032   18.7   0.1   1   1   2.2e-06   0.00034   18.6   0.1     4    41     1    40     1    43 0.86 -
60993at50557_1155016_0:000fc6|STRG.15489.6:692-829|+   -             46 60993at50557         -            453   0.00032   18.7   0.1   1   1   2.2e-06   0.00034   18.6   0.1     4    41     1    40     1    43 0.86 -
60993at50557_1155016_0:000fc6|STRG.15489.8:813-950|+   -             46 60993at50557         -            453   0.00032   18.7   0.1   1   1   2.2e-06   0.00034   18.6   0.1     4    41     1    40     1    43 0.86 -
109756at50557_378494_0:003794|STRG.5818.1:3485-3676|+  -             64 60993at50557         -            453    0.0045   14.9   0.1   1   1   2.9e-05    0.0045   14.9   0.1    15    59    10    57     2    64 0.80 -
109756at50557_378494_0:003794|STRG.5818.2:3499-3690|+  -             64 60993at50557         -            453    0.0045   14.9   0.1   1   1   2.9e-05    0.0045   14.9   0.1    15    59    10    57     2    64 0.80 -
#
# Program:         hmmsearch
# Version:         3.4 (Aug 2023)
# Pipeline mode:   SEARCH
# Query file:      /data/projet1/projet_tutore/busco_downloads/lineages/insecta_odb10/hmms/60993at50557.hmm
# Target file:     annotation_analysis/annotation_gcf/T_septentrionalis/busco_output/run_insecta_odb10/metaeuk_output/initial_results/assembled_transcripts.fasta.modified.fas
# Option settings: hmmsearch --domtblout annotation_analysis/annotation_gcf/T_septentrionalis/busco_output/run_insecta_odb10/hmmer_output/initial_run_results/60993at50557.out --cpu 1 /data/projet1/projet_tutore/busco_downloads/lineages/insecta_odb10/hmms/60993at50557.hmm annotation_analysis/annotation_gcf/T_septentrionalis/busco_output/run_insecta_odb10/metaeuk_output/initial_results/assembled_transcripts.fasta.modified.fas 
# Current dir:     /data/projet1/projet_tutore
# Date:            Sun Oct 13 10:11:25 2024
# [ok]
