#                                                                                                             --- full sequence --- -------------- this domain -------------   hmm coord   ali coord   env coord
# target name                                         accession   tlen query name           accession   qlen   E-value  score  bias   #  of  c-Evalue  i-Evalue  score  bias  from    to  from    to  from    to  acc description of target
#                                 ------------------- ---------- ----- -------------------- ---------- ----- --------- ------ ----- --- --- --------- --------- ------ ----- ----- ----- ----- ----- ----- ----- ---- ---------------------
63645at50557_34720_0:0006b0|STRG.2867.1:397-1443|+    -            349 63645at50557         -            280    5e-181  598.9   1.8   1   1  2.1e-182    2e-180  596.9   1.8     1   280    10   326    10   326 0.95 -
63645at50557_34720_0:0006b0|STRG.2867.2:288-1334|+    -            349 63645at50557         -            280    5e-181  598.9   1.8   1   1  2.1e-182    2e-180  596.9   1.8     1   280    10   326    10   326 0.95 -
69548at50557_116153_0:002191|STRG.12656.1:471-1169|+  -            233 63645at50557         -            280     5e-13   47.7   0.5   1   4      0.12        11    3.9   0.0   224   260    10    46     4    52 0.90 -
69548at50557_116153_0:002191|STRG.12656.1:471-1169|+  -            233 63645at50557         -            280     5e-13   47.7   0.5   2   4   7.2e-06    0.0007   17.7   0.0   215   262    54   101    48   113 0.90 -
69548at50557_116153_0:002191|STRG.12656.1:471-1169|+  -            233 63645at50557         -            280     5e-13   47.7   0.5   3   4   1.1e-05     0.001   17.2   0.2   186   260   120   195   112   200 0.83 -
69548at50557_116153_0:002191|STRG.12656.1:471-1169|+  -            233 63645at50557         -            280     5e-13   47.7   0.5   4   4      0.45        43    2.0   0.0   222   254   201   233   195   233 0.90 -
69548at50557_116153_0:002191|STRG.12656.2:727-1425|+  -            233 63645at50557         -            280     5e-13   47.7   0.5   1   4      0.12        11    3.9   0.0   224   260    10    46     4    52 0.90 -
69548at50557_116153_0:002191|STRG.12656.2:727-1425|+  -            233 63645at50557         -            280     5e-13   47.7   0.5   2   4   7.2e-06    0.0007   17.7   0.0   215   262    54   101    48   113 0.90 -
69548at50557_116153_0:002191|STRG.12656.2:727-1425|+  -            233 63645at50557         -            280     5e-13   47.7   0.5   3   4   1.1e-05     0.001   17.2   0.2   186   260   120   195   112   200 0.83 -
69548at50557_116153_0:002191|STRG.12656.2:727-1425|+  -            233 63645at50557         -            280     5e-13   47.7   0.5   4   4      0.45        43    2.0   0.0   222   254   201   233   195   233 0.90 -
69548at50557_116153_0:002191|STRG.12656.3:498-1196|+  -            233 63645at50557         -            280     5e-13   47.7   0.5   1   4      0.12        11    3.9   0.0   224   260    10    46     4    52 0.90 -
69548at50557_116153_0:002191|STRG.12656.3:498-1196|+  -            233 63645at50557         -            280     5e-13   47.7   0.5   2   4   7.2e-06    0.0007   17.7   0.0   215   262    54   101    48   113 0.90 -
69548at50557_116153_0:002191|STRG.12656.3:498-1196|+  -            233 63645at50557         -            280     5e-13   47.7   0.5   3   4   1.1e-05     0.001   17.2   0.2   186   260   120   195   112   200 0.83 -
69548at50557_116153_0:002191|STRG.12656.3:498-1196|+  -            233 63645at50557         -            280     5e-13   47.7   0.5   4   4      0.45        43    2.0   0.0   222   254   201   233   195   233 0.90 -
69548at50557_116153_0:002191|STRG.12656.4:645-1343|+  -            233 63645at50557         -            280     5e-13   47.7   0.5   1   4      0.12        11    3.9   0.0   224   260    10    46     4    52 0.90 -
69548at50557_116153_0:002191|STRG.12656.4:645-1343|+  -            233 63645at50557         -            280     5e-13   47.7   0.5   2   4   7.2e-06    0.0007   17.7   0.0   215   262    54   101    48   113 0.90 -
69548at50557_116153_0:002191|STRG.12656.4:645-1343|+  -            233 63645at50557         -            280     5e-13   47.7   0.5   3   4   1.1e-05     0.001   17.2   0.2   186   260   120   195   112   200 0.83 -
69548at50557_116153_0:002191|STRG.12656.4:645-1343|+  -            233 63645at50557         -            280     5e-13   47.7   0.5   4   4      0.45        43    2.0   0.0   222   254   201   233   195   233 0.90 -
69548at50557_116153_0:002191|STRG.12656.5:700-1398|+  -            233 63645at50557         -            280     5e-13   47.7   0.5   1   4      0.12        11    3.9   0.0   224   260    10    46     4    52 0.90 -
69548at50557_116153_0:002191|STRG.12656.5:700-1398|+  -            233 63645at50557         -            280     5e-13   47.7   0.5   2   4   7.2e-06    0.0007   17.7   0.0   215   262    54   101    48   113 0.90 -
69548at50557_116153_0:002191|STRG.12656.5:700-1398|+  -            233 63645at50557         -            280     5e-13   47.7   0.5   3   4   1.1e-05     0.001   17.2   0.2   186   260   120   195   112   200 0.83 -
69548at50557_116153_0:002191|STRG.12656.5:700-1398|+  -            233 63645at50557         -            280     5e-13   47.7   0.5   4   4      0.45        43    2.0   0.0   222   254   201   233   195   233 0.90 -
40115at50557_108931_0:001d6b|STRG.14427.1:951-1988|+  -            346 63645at50557         -            280     2e-11   42.4   6.9   1   3     0.011         1    7.3   0.0   216   270     2    55     1    64 0.79 -
40115at50557_108931_0:001d6b|STRG.14427.1:951-1988|+  -            346 63645at50557         -            280     2e-11   42.4   6.9   2   3   2.8e-05    0.0027   15.8   4.6    89   258    66   222    50   226 0.82 -
40115at50557_108931_0:001d6b|STRG.14427.1:951-1988|+  -            346 63645at50557         -            280     2e-11   42.4   6.9   3   3   3.2e-08   3.1e-06   25.4   0.3    59   206   155   308   146   314 0.70 -
80377at50557_456900_0:000374|STRG.1093.1:114-1160|+   -            349 63645at50557         -            280   8.4e-09   33.9   0.0   1   4     0.018       1.7    6.6   0.0   194   258    69   131    48   135 0.88 -
80377at50557_456900_0:000374|STRG.1093.1:114-1160|+   -            349 63645at50557         -            280   8.4e-09   33.9   0.0   2   4   0.00086     0.083   10.9   0.0   214   257   130   173   111   180 0.85 -
80377at50557_456900_0:000374|STRG.1093.1:114-1160|+   -            349 63645at50557         -            280   8.4e-09   33.9   0.0   3   4   0.00014     0.013   13.5   0.0   154   257   198   306   182   324 0.77 -
80377at50557_456900_0:000374|STRG.1093.1:114-1160|+   -            349 63645at50557         -            280   8.4e-09   33.9   0.0   4   4       2.4   2.3e+02   -0.4   0.0   221   256   313   347   309   349 0.83 -
40115at50557_411798_0:002bfa|STRG.649.1:1078-1863|+   -            262 63645at50557         -            280   1.6e-08   33.0   0.6   1   4      0.11        11    3.9   0.0   185   236    25    73    16    83 0.81 -
40115at50557_411798_0:002bfa|STRG.649.1:1078-1863|+   -            262 63645at50557         -            280   1.6e-08   33.0   0.6   2   4   0.00016     0.015   13.3   0.0   209   259    87   137    74   144 0.83 -
40115at50557_411798_0:002bfa|STRG.649.1:1078-1863|+   -            262 63645at50557         -            280   1.6e-08   33.0   0.6   3   4      0.05       4.8    5.1   0.1   217   246   138   167   135   184 0.80 -
40115at50557_411798_0:002bfa|STRG.649.1:1078-1863|+   -            262 63645at50557         -            280   1.6e-08   33.0   0.6   4   4     0.015       1.4    6.8   0.0   184   248   194   257   189   262 0.73 -
57752at50557_38123_0:002253|STRG.8750.1:560-1105|+    -            182 63645at50557         -            280   1.6e-08   32.9   0.1   1   2   0.00021      0.02   12.9   0.0   158   258     5   104     2   112 0.86 -
57752at50557_38123_0:002253|STRG.8750.1:560-1105|+    -            182 63645at50557         -            280   1.6e-08   32.9   0.1   2   2   4.5e-06   0.00044   18.4   0.0   182   245   116   180   107   182 0.85 -
57752at50557_38123_0:002253|STRG.8750.2:560-1105|+    -            182 63645at50557         -            280   1.6e-08   32.9   0.1   1   2   0.00021      0.02   12.9   0.0   158   258     5   104     2   112 0.86 -
57752at50557_38123_0:002253|STRG.8750.2:560-1105|+    -            182 63645at50557         -            280   1.6e-08   32.9   0.1   2   2   4.5e-06   0.00044   18.4   0.0   182   245   116   180   107   182 0.85 -
57752at50557_38123_0:002253|STRG.8750.3:823-1368|+    -            182 63645at50557         -            280   1.6e-08   32.9   0.1   1   2   0.00021      0.02   12.9   0.0   158   258     5   104     2   112 0.86 -
57752at50557_38123_0:002253|STRG.8750.3:823-1368|+    -            182 63645at50557         -            280   1.6e-08   32.9   0.1   2   2   4.5e-06   0.00044   18.4   0.0   182   245   116   180   107   182 0.85 -
57752at50557_38123_0:002253|STRG.8750.4:664-1209|+    -            182 63645at50557         -            280   1.6e-08   32.9   0.1   1   2   0.00021      0.02   12.9   0.0   158   258     5   104     2   112 0.86 -
57752at50557_38123_0:002253|STRG.8750.4:664-1209|+    -            182 63645at50557         -            280   1.6e-08   32.9   0.1   2   2   4.5e-06   0.00044   18.4   0.0   182   245   116   180   107   182 0.85 -
78072at50557_39758_0:003b38|STRG.16960.1:296-1126|+   -            277 63645at50557         -            280   1.7e-08   32.9   2.4   1   2   2.6e-08   2.5e-06   25.7   2.2    88   256    44   214    22   234 0.77 -
78072at50557_39758_0:003b38|STRG.16960.1:296-1126|+   -            277 63645at50557         -            280   1.7e-08   32.9   2.4   2   2       4.7   4.5e+02   -1.3   0.0    97   124   238   265   226   270 0.83 -
78072at50557_39758_0:003b38|STRG.16960.2:296-1126|+   -            277 63645at50557         -            280   1.7e-08   32.9   2.4   1   2   2.6e-08   2.5e-06   25.7   2.2    88   256    44   214    22   234 0.77 -
78072at50557_39758_0:003b38|STRG.16960.2:296-1126|+   -            277 63645at50557         -            280   1.7e-08   32.9   2.4   2   2       4.7   4.5e+02   -1.3   0.0    97   124   238   265   226   270 0.83 -
78072at50557_39758_0:003b38|STRG.16035.1:802-1341|+   -            180 63645at50557         -            280   2.1e-08   32.6   2.6   1   1   1.7e-08   1.6e-06   26.4   2.6    96   250    17   179    11   180 0.72 -
71739at50557_66420_0:0008cd|STRG.9011.1:820-1407|+    -            196 63645at50557         -            280   4.2e-08   31.6   0.2   1   1     1e-08   9.7e-07   27.1   0.2    97   260    10   165     6   180 0.83 -
80377at50557_7070_0:0023da|STRG.13987.1:1378-2109|+   -            244 63645at50557         -            280   2.9e-07   28.8   5.5   1   4     0.043       4.2    5.3   0.1    93   126    50    83    41    93 0.88 -
80377at50557_7070_0:0023da|STRG.13987.1:1378-2109|+   -            244 63645at50557         -            280   2.9e-07   28.8   5.5   2   4    0.0011       0.1   10.6   0.1    95   124    95   124    87   130 0.91 -
80377at50557_7070_0:0023da|STRG.13987.1:1378-2109|+   -            244 63645at50557         -            280   2.9e-07   28.8   5.5   3   4   0.00013     0.012   13.6   0.1   222   263   129   169   123   174 0.88 -
80377at50557_7070_0:0023da|STRG.13987.1:1378-2109|+   -            244 63645at50557         -            280   2.9e-07   28.8   5.5   4   4       4.3   4.1e+02   -1.2   0.0   224   257   174   205   168   213 0.75 -
78072at50557_123851_0:000487|STRG.3138.1:547-1410|+   -            288 63645at50557         -            280   5.3e-07   28.0   1.8   1   2     0.016       1.5    6.8   0.1   220   256     4    38     1    42 0.86 -
78072at50557_123851_0:000487|STRG.3138.1:547-1410|+   -            288 63645at50557         -            280   5.3e-07   28.0   1.8   2   2   9.7e-06   0.00094   17.3   0.2   181   257    66   139    59   151 0.80 -
78072at50557_123851_0:000487|STRG.3138.2:362-1225|+   -            288 63645at50557         -            280   5.3e-07   28.0   1.8   1   2     0.016       1.5    6.8   0.1   220   256     4    38     1    42 0.86 -
78072at50557_123851_0:000487|STRG.3138.2:362-1225|+   -            288 63645at50557         -            280   5.3e-07   28.0   1.8   2   2   9.7e-06   0.00094   17.3   0.2   181   257    66   139    59   151 0.80 -
78072at50557_7070_0:002a52|STRG.1939.1:1066-1908|+    -            281 63645at50557         -            280   1.5e-06   26.5   1.2   1   4     0.044       4.3    5.3   0.0   219   257    74   111    66   120 0.85 -
78072at50557_7070_0:002a52|STRG.1939.1:1066-1908|+    -            281 63645at50557         -            280   1.5e-06   26.5   1.2   2   4     0.068       6.6    4.7   0.1   221   255   118   153   111   160 0.84 -
78072at50557_7070_0:002a52|STRG.1939.1:1066-1908|+    -            281 63645at50557         -            280   1.5e-06   26.5   1.2   3   4   0.00024     0.023   12.7   0.0   181   257   167   241   161   253 0.86 -
78072at50557_7070_0:002a52|STRG.1939.1:1066-1908|+    -            281 63645at50557         -            280   1.5e-06   26.5   1.2   4   4       3.3   3.2e+02   -0.8   0.1   223   254   251   281   245   281 0.80 -
78072at50557_7070_0:002a52|STRG.1939.2:1025-1867|+    -            281 63645at50557         -            280   1.5e-06   26.5   1.2   1   4     0.044       4.3    5.3   0.0   219   257    74   111    66   120 0.85 -
78072at50557_7070_0:002a52|STRG.1939.2:1025-1867|+    -            281 63645at50557         -            280   1.5e-06   26.5   1.2   2   4     0.068       6.6    4.7   0.1   221   255   118   153   111   160 0.84 -
78072at50557_7070_0:002a52|STRG.1939.2:1025-1867|+    -            281 63645at50557         -            280   1.5e-06   26.5   1.2   3   4   0.00024     0.023   12.7   0.0   181   257   167   241   161   253 0.86 -
78072at50557_7070_0:002a52|STRG.1939.2:1025-1867|+    -            281 63645at50557         -            280   1.5e-06   26.5   1.2   4   4       3.3   3.2e+02   -0.8   0.1   223   254   251   281   245   281 0.80 -
76755at50557_315563_0:0012ae|STRG.15668.3:448-3182|+  -            236 63645at50557         -            280   1.6e-06   26.4   1.5   1   3      0.47        46    1.9   0.1   216   257    29    69    26    77 0.77 -
76755at50557_315563_0:0012ae|STRG.15668.3:448-3182|+  -            236 63645at50557         -            280   1.6e-06   26.4   1.5   2   3       0.1        10    4.1   0.1   223   268    78   122    72   128 0.86 -
76755at50557_315563_0:0012ae|STRG.15668.3:448-3182|+  -            236 63645at50557         -            280   1.6e-06   26.4   1.5   3   3   5.4e-06   0.00052   18.1   0.0   101   172   158   226   149   234 0.89 -
49370at50557_456900_0:00265d|STRG.16305.2:214-1782|+  -            523 63645at50557         -            280   1.7e-06   26.3   0.9   1   3       4.2   4.1e+02   -1.2   0.1   215   247   255   287   229   306 0.78 -
49370at50557_456900_0:00265d|STRG.16305.2:214-1782|+  -            523 63645at50557         -            280   1.7e-06   26.3   0.9   2   3   0.00018     0.018   13.1   0.1   142   258   329   439   287   441 0.79 -
49370at50557_456900_0:00265d|STRG.16305.2:214-1782|+  -            523 63645at50557         -            280   1.7e-06   26.3   0.9   3   3   1.3e-06   0.00013   20.1   0.1   103   250   378   516   373   523 0.76 -
49370at50557_79782_0:001886|STRG.10460.1:1564-2550|+  -            329 63645at50557         -            280   2.6e-06   25.7   0.2   1   3     0.075       7.3    4.5   0.0   104   170     2    73     1    80 0.62 -
49370at50557_79782_0:001886|STRG.10460.1:1564-2550|+  -            329 63645at50557         -            280   2.6e-06   25.7   0.2   2   3   0.00042      0.04   11.9   0.0   224   261    84   120    77   137 0.84 -
49370at50557_79782_0:001886|STRG.10460.1:1564-2550|+  -            329 63645at50557         -            280   2.6e-06   25.7   0.2   3   3     0.043       4.2    5.3   0.0   130   205   246   319   234   327 0.77 -
49370at50557_456900_0:00265d|STRG.16305.1:416-1981|+  -            522 63645at50557         -            280   3.4e-06   25.3   1.6   1   3       4.8   4.6e+02   -1.4   0.1   215   247   255   287   229   295 0.79 -
49370at50557_456900_0:00265d|STRG.16305.1:416-1981|+  -            522 63645at50557         -            280   3.4e-06   25.3   1.6   2   3   0.00023     0.022   12.8   0.1   143   257   330   438   288   440 0.80 -
49370at50557_456900_0:00265d|STRG.16305.1:416-1981|+  -            522 63645at50557         -            280   3.4e-06   25.3   1.6   3   3   1.4e-06   0.00014   20.0   0.2   102   249   377   515   368   521 0.76 -
78072at50557_7038_0:0021a3|STRG.9020.1:609-1457|+     -            283 63645at50557         -            280   6.9e-06   24.3   3.7   1   1   1.7e-06   0.00017   19.8   3.7    97   262     5   169     3   177 0.76 -
78072at50557_7038_0:0021a3|STRG.9020.2:625-1473|+     -            283 63645at50557         -            280   6.9e-06   24.3   3.7   1   1   1.7e-06   0.00017   19.8   3.7    97   262     5   169     3   177 0.76 -
78072at50557_7038_0:0021a3|STRG.9020.3:510-1358|+     -            283 63645at50557         -            280   6.9e-06   24.3   3.7   1   1   1.7e-06   0.00017   19.8   3.7    97   262     5   169     3   177 0.76 -
78072at50557_7038_0:0021a3|STRG.9020.4:510-1358|+     -            283 63645at50557         -            280   6.9e-06   24.3   3.7   1   1   1.7e-06   0.00017   19.8   3.7    97   262     5   169     3   177 0.76 -
78072at50557_7038_0:0021a3|STRG.9020.5:494-1342|+     -            283 63645at50557         -            280   6.9e-06   24.3   3.7   1   1   1.7e-06   0.00017   19.8   3.7    97   262     5   169     3   177 0.76 -
78072at50557_7038_0:0021a3|STRG.9020.6:510-1358|+     -            283 63645at50557         -            280   6.9e-06   24.3   3.7   1   1   1.7e-06   0.00017   19.8   3.7    97   262     5   169     3   177 0.76 -
40115at50557_144034_0:000898|STRG.16274.1:736-1605|+  -            290 63645at50557         -            280     1e-05   23.7   1.4   1   3      0.97        94    0.9   0.0   222   261     2    40     1    55 0.79 -
40115at50557_144034_0:000898|STRG.16274.1:736-1605|+  -            290 63645at50557         -            280     1e-05   23.7   1.4   2   3       3.9   3.8e+02   -1.1   0.0   107   131    64    88    59    95 0.76 -
40115at50557_144034_0:000898|STRG.16274.1:736-1605|+  -            290 63645at50557         -            280     1e-05   23.7   1.4   3   3   1.1e-06   0.00011   20.4   0.2   102   262   104   256   100   261 0.77 -
40115at50557_144034_0:000898|STRG.16274.2:769-1638|+  -            290 63645at50557         -            280     1e-05   23.7   1.4   1   3      0.97        94    0.9   0.0   222   261     2    40     1    55 0.79 -
40115at50557_144034_0:000898|STRG.16274.2:769-1638|+  -            290 63645at50557         -            280     1e-05   23.7   1.4   2   3       3.9   3.8e+02   -1.1   0.0   107   131    64    88    59    95 0.76 -
40115at50557_144034_0:000898|STRG.16274.2:769-1638|+  -            290 63645at50557         -            280     1e-05   23.7   1.4   3   3   1.1e-06   0.00011   20.4   0.2   102   262   104   256   100   261 0.77 -
40115at50557_110193_0:00292f|STRG.12771.1:689-1549|+  -            287 63645at50557         -            280   1.9e-05   22.8  18.8   1   5     0.046       4.4    5.2   0.2    98   146    14    58     3    62 0.80 -
40115at50557_110193_0:00292f|STRG.12771.1:689-1549|+  -            287 63645at50557         -            280   1.9e-05   22.8  18.8   2   5   6.8e-05    0.0065   14.5   0.3   100   152   142   189   136   205 0.75 -
40115at50557_110193_0:00292f|STRG.12771.1:689-1549|+  -            287 63645at50557         -            280   1.9e-05   22.8  18.8   3   5      0.69        67    1.4   0.0   107   123   191   207   188   232 0.54 -
40115at50557_110193_0:00292f|STRG.12771.1:689-1549|+  -            287 63645at50557         -            280   1.9e-05   22.8  18.8   4   5      0.16        16    3.5   0.1   107   149   234   272   227   275 0.85 -
40115at50557_110193_0:00292f|STRG.12771.1:689-1549|+  -            287 63645at50557         -            280   1.9e-05   22.8  18.8   5   5      0.85        82    1.1   0.7   106   118   275   287   271   287 0.88 -
40115at50557_110193_0:00292f|STRG.12771.2:682-1542|+  -            287 63645at50557         -            280   1.9e-05   22.8  18.8   1   5     0.046       4.4    5.2   0.2    98   146    14    58     3    62 0.80 -
40115at50557_110193_0:00292f|STRG.12771.2:682-1542|+  -            287 63645at50557         -            280   1.9e-05   22.8  18.8   2   5   6.8e-05    0.0065   14.5   0.3   100   152   142   189   136   205 0.75 -
40115at50557_110193_0:00292f|STRG.12771.2:682-1542|+  -            287 63645at50557         -            280   1.9e-05   22.8  18.8   3   5      0.69        67    1.4   0.0   107   123   191   207   188   232 0.54 -
40115at50557_110193_0:00292f|STRG.12771.2:682-1542|+  -            287 63645at50557         -            280   1.9e-05   22.8  18.8   4   5      0.16        16    3.5   0.1   107   149   234   272   227   275 0.85 -
40115at50557_110193_0:00292f|STRG.12771.2:682-1542|+  -            287 63645at50557         -            280   1.9e-05   22.8  18.8   5   5      0.85        82    1.1   0.7   106   118   275   287   271   287 0.88 -
80377at50557_166361_0:002fc1|STRG.830.1:195-746|+     -            184 63645at50557         -            280   3.5e-05   22.0   2.7   1   3     0.053       5.1    5.0   0.1   118   253    13    60     1    70 0.50 -
80377at50557_166361_0:002fc1|STRG.830.1:195-746|+     -            184 63645at50557         -            280   3.5e-05   22.0   2.7   2   3    0.0024      0.23    9.5   0.0   222   258    89   124    82   129 0.81 -
80377at50557_166361_0:002fc1|STRG.830.1:195-746|+     -            184 63645at50557         -            280   3.5e-05   22.0   2.7   3   3     0.013       1.2    7.1   0.1   219   256   128   164   124   176 0.81 -
80377at50557_166361_0:002fc1|STRG.830.2:224-775|+     -            184 63645at50557         -            280   3.5e-05   22.0   2.7   1   3     0.053       5.1    5.0   0.1   118   253    13    60     1    70 0.50 -
80377at50557_166361_0:002fc1|STRG.830.2:224-775|+     -            184 63645at50557         -            280   3.5e-05   22.0   2.7   2   3    0.0024      0.23    9.5   0.0   222   258    89   124    82   129 0.81 -
80377at50557_166361_0:002fc1|STRG.830.2:224-775|+     -            184 63645at50557         -            280   3.5e-05   22.0   2.7   3   3     0.013       1.2    7.1   0.1   219   256   128   164   124   176 0.81 -
80377at50557_166361_0:002fc1|STRG.830.3:195-746|+     -            184 63645at50557         -            280   3.5e-05   22.0   2.7   1   3     0.053       5.1    5.0   0.1   118   253    13    60     1    70 0.50 -
80377at50557_166361_0:002fc1|STRG.830.3:195-746|+     -            184 63645at50557         -            280   3.5e-05   22.0   2.7   2   3    0.0024      0.23    9.5   0.0   222   258    89   124    82   129 0.81 -
80377at50557_166361_0:002fc1|STRG.830.3:195-746|+     -            184 63645at50557         -            280   3.5e-05   22.0   2.7   3   3     0.013       1.2    7.1   0.1   219   256   128   164   124   176 0.81 -
80377at50557_166361_0:002fc1|STRG.830.4:224-775|+     -            184 63645at50557         -            280   3.5e-05   22.0   2.7   1   3     0.053       5.1    5.0   0.1   118   253    13    60     1    70 0.50 -
80377at50557_166361_0:002fc1|STRG.830.4:224-775|+     -            184 63645at50557         -            280   3.5e-05   22.0   2.7   2   3    0.0024      0.23    9.5   0.0   222   258    89   124    82   129 0.81 -
80377at50557_166361_0:002fc1|STRG.830.4:224-775|+     -            184 63645at50557         -            280   3.5e-05   22.0   2.7   3   3     0.013       1.2    7.1   0.1   219   256   128   164   124   176 0.81 -
80377at50557_108931_0:002353|STRG.15668.1:2785-3402|+ -            206 63645at50557         -            280   3.8e-05   21.9   0.0   1   1     5e-07   4.9e-05   21.5   0.0   101   203    48   149    38   181 0.82 -
80377at50557_108931_0:002353|STRG.15668.2:2367-2984|+ -            206 63645at50557         -            280   3.8e-05   21.9   0.0   1   1     5e-07   4.9e-05   21.5   0.0   101   203    48   149    38   181 0.82 -
80377at50557_108931_0:002353|STRG.15668.3:2805-3422|+ -            206 63645at50557         -            280   3.8e-05   21.9   0.0   1   1     5e-07   4.9e-05   21.5   0.0   101   203    48   149    38   181 0.82 -
40115at50557_116153_0:000cbb|STRG.6265.1:341-1240|+   -            300 63645at50557         -            280   4.1e-05   21.8   0.3   1   5      0.11        10    4.1   0.0   225   265     1    40     1    53 0.81 -
40115at50557_116153_0:000cbb|STRG.6265.1:341-1240|+   -            300 63645at50557         -            280   4.1e-05   21.8   0.3   2   5       1.6   1.5e+02    0.2   0.0   229   257    52    79    40    86 0.73 -
40115at50557_116153_0:000cbb|STRG.6265.1:341-1240|+   -            300 63645at50557         -            280   4.1e-05   21.8   0.3   3   5     0.007      0.68    7.9   0.0   207   258    73   122    66   132 0.78 -
40115at50557_116153_0:000cbb|STRG.6265.1:341-1240|+   -            300 63645at50557         -            280   4.1e-05   21.8   0.3   4   5   0.00058     0.056   11.5   0.0   135   222    88   173    84   188 0.66 -
40115at50557_116153_0:000cbb|STRG.6265.1:341-1240|+   -            300 63645at50557         -            280   4.1e-05   21.8   0.3   5   5       2.1     2e+02   -0.2   0.1   222   254   269   300   264   300 0.83 -
40115at50557_108931_0:001d6b|STRG.6260.1:424-1572|+   -            383 63645at50557         -            280   4.9e-05   21.5   3.0   1   4       3.5   3.4e+02   -1.0   0.0   162   196   132   169   109   179 0.64 -
40115at50557_108931_0:001d6b|STRG.6260.1:424-1572|+   -            383 63645at50557         -            280   4.9e-05   21.5   3.0   2   4       0.4        39    2.1   0.1   189   212   255   277   202   287 0.79 -
40115at50557_108931_0:001d6b|STRG.6260.1:424-1572|+   -            383 63645at50557         -            280   4.9e-05   21.5   3.0   3   4   2.4e-05    0.0024   16.0   0.7   218   258   304   344   244   359 0.86 -
40115at50557_108931_0:001d6b|STRG.6260.1:424-1572|+   -            383 63645at50557         -            280   4.9e-05   21.5   3.0   4   4       1.3   1.3e+02    0.4   0.0    92   118   357   383   352   383 0.89 -
56099at50557_34720_0:001a91|STRG.10950.2:86-1417|+    -            444 63645at50557         -            280   9.6e-05   20.6   0.2   1   3     0.023       2.3    6.2   0.0   222   257   105   139    73   156 0.80 -
56099at50557_34720_0:001a91|STRG.10950.2:86-1417|+    -            444 63645at50557         -            280   9.6e-05   20.6   0.2   2   3    0.0013      0.12   10.4   0.0   152   241   208   296   201   317 0.85 -
56099at50557_34720_0:001a91|STRG.10950.2:86-1417|+    -            444 63645at50557         -            280   9.6e-05   20.6   0.2   3   3      0.91        88    1.0   0.0   136   190   280   333   276   341 0.76 -
31374at50557_103372_0:0017b9|STRG.16521.1:92-2047|+   -            652 63645at50557         -            280   0.00013   20.1   0.4   1   2     0.086       8.3    4.4   0.1   102   125   408   431   390   468 0.83 -
31374at50557_103372_0:0017b9|STRG.16521.1:92-2047|+   -            652 63645at50557         -            280   0.00013   20.1   0.4   2   2    0.0002     0.019   13.0   0.0   103   203   493   586   476   597 0.82 -
25500at50557_13686_0:0020f5|STRG.10457.1:163-1968|+   -            602 63645at50557         -            280   0.00015   19.9   5.0   1   4       8.8   8.5e+02   -2.2   0.0   205   258    38    89    26   111 0.65 -
25500at50557_13686_0:0020f5|STRG.10457.1:163-1968|+   -            602 63645at50557         -            280   0.00015   19.9   5.0   2   4     0.011       1.1    7.2   0.0   224   259   231   265   225   277 0.83 -
25500at50557_13686_0:0020f5|STRG.10457.1:163-1968|+   -            602 63645at50557         -            280   0.00015   19.9   5.0   3   4      0.37        36    2.3   0.2   102   203   330   439   318   458 0.74 -
25500at50557_13686_0:0020f5|STRG.10457.1:163-1968|+   -            602 63645at50557         -            280   0.00015   19.9   5.0   4   4    0.0035      0.34    8.9   0.4   160   258   460   558   445   569 0.60 -
31374at50557_116153_0:0023e9|STRG.3682.1:1752-2237|+  -            162 63645at50557         -            280   0.00021   19.4   1.3   1   2     0.062         6    4.8   0.0   117   167    39    86    29    90 0.83 -
31374at50557_116153_0:0023e9|STRG.3682.1:1752-2237|+  -            162 63645at50557         -            280   0.00021   19.4   1.3   2   2   0.00031      0.03   12.4   1.5   218   259    93   133    87   144 0.85 -
31374at50557_116153_0:0023e9|STRG.3682.2:1642-2127|+  -            162 63645at50557         -            280   0.00021   19.4   1.3   1   2     0.062         6    4.8   0.0   117   167    39    86    29    90 0.83 -
31374at50557_116153_0:0023e9|STRG.3682.2:1642-2127|+  -            162 63645at50557         -            280   0.00021   19.4   1.3   2   2   0.00031      0.03   12.4   1.5   218   259    93   133    87   144 0.85 -
31374at50557_116153_0:0023e9|STRG.3682.3:1707-2192|+  -            162 63645at50557         -            280   0.00021   19.4   1.3   1   2     0.062         6    4.8   0.0   117   167    39    86    29    90 0.83 -
31374at50557_116153_0:0023e9|STRG.3682.3:1707-2192|+  -            162 63645at50557         -            280   0.00021   19.4   1.3   2   2   0.00031      0.03   12.4   1.5   218   259    93   133    87   144 0.85 -
31374at50557_116153_0:0023e9|STRG.3682.4:1707-2192|+  -            162 63645at50557         -            280   0.00021   19.4   1.3   1   2     0.062         6    4.8   0.0   117   167    39    86    29    90 0.83 -
31374at50557_116153_0:0023e9|STRG.3682.4:1707-2192|+  -            162 63645at50557         -            280   0.00021   19.4   1.3   2   2   0.00031      0.03   12.4   1.5   218   259    93   133    87   144 0.85 -
43553at50557_79782_0:002ee3|STRG.1065.1:238-1140|+    -            301 63645at50557         -            280   0.00031   18.9   3.4   1   4      0.76        73    1.2   0.0   221   257    10    45     2    57 0.79 -
43553at50557_79782_0:002ee3|STRG.1065.1:238-1140|+    -            301 63645at50557         -            280   0.00031   18.9   3.4   2   4       1.4   1.3e+02    0.4   0.0   104   130    70    96    67   104 0.88 -
43553at50557_79782_0:002ee3|STRG.1065.1:238-1140|+    -            301 63645at50557         -            280   0.00031   18.9   3.4   3   4   0.00086     0.083   10.9   0.4    67   167   118   215   112   218 0.70 -
43553at50557_79782_0:002ee3|STRG.1065.1:238-1140|+    -            301 63645at50557         -            280   0.00031   18.9   3.4   4   4     0.028       2.7    6.0   0.0   224   258   186   219   180   228 0.84 -
69548at50557_609295_0:0005e7|STRG.5753.1:321-1145|+   -            275 63645at50557         -            280   0.00033   18.8   0.9   1   3     0.021         2    6.4   0.1   225   257     3    34     1    42 0.84 -
69548at50557_609295_0:0005e7|STRG.5753.1:321-1145|+   -            275 63645at50557         -            280   0.00033   18.8   0.9   2   3      0.78        75    1.2   0.0   222   258    44    80    35   101 0.82 -
69548at50557_609295_0:0005e7|STRG.5753.1:321-1145|+   -            275 63645at50557         -            280   0.00033   18.8   0.9   3   3    0.0063      0.61    8.1   0.0   192   242   225   274   204   275 0.80 -
49370at50557_2015173_0:001990|STRG.6458.1:624-1610|+  -            329 63645at50557         -            280    0.0004   18.5   4.6   1   5     0.011       1.1    7.3   0.1   215   258    30    72     3    90 0.80 -
49370at50557_2015173_0:001990|STRG.6458.1:624-1610|+  -            329 63645at50557         -            280    0.0004   18.5   4.6   2   5       7.4   7.2e+02   -2.0   0.0   105   131    97   124    92   140 0.70 -
49370at50557_2015173_0:001990|STRG.6458.1:624-1610|+  -            329 63645at50557         -            280    0.0004   18.5   4.6   3   5    0.0032      0.31    9.0   0.2   106   171   144   204   132   216 0.76 -
49370at50557_2015173_0:001990|STRG.6458.1:624-1610|+  -            329 63645at50557         -            280    0.0004   18.5   4.6   4   5      0.28        28    2.6   0.0   207   257   197   245   192   265 0.73 -
49370at50557_2015173_0:001990|STRG.6458.1:624-1610|+  -            329 63645at50557         -            280    0.0004   18.5   4.6   5   5         1     1e+02    0.8   0.0   105   156   229   276   217   314 0.62 -
49370at50557_2015173_0:001990|STRG.6458.2:451-1437|+  -            329 63645at50557         -            280    0.0004   18.5   4.6   1   5     0.011       1.1    7.3   0.1   215   258    30    72     3    90 0.80 -
49370at50557_2015173_0:001990|STRG.6458.2:451-1437|+  -            329 63645at50557         -            280    0.0004   18.5   4.6   2   5       7.4   7.2e+02   -2.0   0.0   105   131    97   124    92   140 0.70 -
49370at50557_2015173_0:001990|STRG.6458.2:451-1437|+  -            329 63645at50557         -            280    0.0004   18.5   4.6   3   5    0.0032      0.31    9.0   0.2   106   171   144   204   132   216 0.76 -
49370at50557_2015173_0:001990|STRG.6458.2:451-1437|+  -            329 63645at50557         -            280    0.0004   18.5   4.6   4   5      0.28        28    2.6   0.0   207   257   197   245   192   265 0.73 -
49370at50557_2015173_0:001990|STRG.6458.2:451-1437|+  -            329 63645at50557         -            280    0.0004   18.5   4.6   5   5         1     1e+02    0.8   0.0   105   156   229   276   217   314 0.62 -
116554at50557_520822_0:0020e0|STRG.15322.3:376-1500|+ -            372 63645at50557         -            280   0.00059   18.0   0.1   1   3     0.031       3.1    5.8   0.0    35    66    43    73    25   101 0.73 -
116554at50557_520822_0:0020e0|STRG.15322.3:376-1500|+ -            372 63645at50557         -            280   0.00059   18.0   0.1   2   3      0.41        40    2.1   0.0   229   263   135   168   124   178 0.83 -
116554at50557_520822_0:0020e0|STRG.15322.3:376-1500|+ -            372 63645at50557         -            280   0.00059   18.0   0.1   3   3     0.027       2.6    6.0   0.0   181   248   222   289   180   303 0.54 -
57752at50557_45779_0:003ace|STRG.5749.1:1314-2222|+   -            303 63645at50557         -            280   0.00062   17.9   0.2   1   3      0.49        47    1.9   0.1   225   256     1    31     1    37 0.85 -
57752at50557_45779_0:003ace|STRG.5749.1:1314-2222|+   -            303 63645at50557         -            280   0.00062   17.9   0.2   2   3   0.00029     0.029   12.4   0.0   157   260    64   169    57   176 0.82 -
57752at50557_45779_0:003ace|STRG.5749.1:1314-2222|+   -            303 63645at50557         -            280   0.00062   17.9   0.2   3   3         3   2.9e+02   -0.7   0.0   224   256   228   262   183   269 0.80 -
57752at50557_45779_0:003ace|STRG.5749.2:1314-2222|+   -            303 63645at50557         -            280   0.00062   17.9   0.2   1   3      0.49        47    1.9   0.1   225   256     1    31     1    37 0.85 -
57752at50557_45779_0:003ace|STRG.5749.2:1314-2222|+   -            303 63645at50557         -            280   0.00062   17.9   0.2   2   3   0.00029     0.029   12.4   0.0   157   260    64   169    57   176 0.82 -
57752at50557_45779_0:003ace|STRG.5749.2:1314-2222|+   -            303 63645at50557         -            280   0.00062   17.9   0.2   3   3         3   2.9e+02   -0.7   0.0   224   256   228   262   183   269 0.80 -
116554at50557_520822_0:0020e0|STRG.15322.1:165-1295|+ -            377 63645at50557         -            280   0.00063   17.9   0.1   1   3     0.032       3.1    5.8   0.0    35    66    43    73    25   101 0.73 -
116554at50557_520822_0:0020e0|STRG.15322.1:165-1295|+ -            377 63645at50557         -            280   0.00063   17.9   0.1   2   3      0.42        40    2.1   0.0   229   263   135   168   124   178 0.83 -
116554at50557_520822_0:0020e0|STRG.15322.1:165-1295|+ -            377 63645at50557         -            280   0.00063   17.9   0.1   3   3     0.028       2.7    6.0   0.0   181   248   222   289   180   303 0.54 -
116554at50557_520822_0:0020e0|STRG.15322.2:333-1463|+ -            377 63645at50557         -            280   0.00063   17.9   0.1   1   3     0.032       3.1    5.8   0.0    35    66    43    73    25   101 0.73 -
116554at50557_520822_0:0020e0|STRG.15322.2:333-1463|+ -            377 63645at50557         -            280   0.00063   17.9   0.1   2   3      0.42        40    2.1   0.0   229   263   135   168   124   178 0.83 -
116554at50557_520822_0:0020e0|STRG.15322.2:333-1463|+ -            377 63645at50557         -            280   0.00063   17.9   0.1   3   3     0.028       2.7    6.0   0.0   181   248   222   289   180   303 0.54 -
116554at50557_520822_0:0020e0|STRG.15322.4:168-1298|+ -            377 63645at50557         -            280   0.00063   17.9   0.1   1   3     0.032       3.1    5.8   0.0    35    66    43    73    25   101 0.73 -
116554at50557_520822_0:0020e0|STRG.15322.4:168-1298|+ -            377 63645at50557         -            280   0.00063   17.9   0.1   2   3      0.42        40    2.1   0.0   229   263   135   168   124   178 0.83 -
116554at50557_520822_0:0020e0|STRG.15322.4:168-1298|+ -            377 63645at50557         -            280   0.00063   17.9   0.1   3   3     0.028       2.7    6.0   0.0   181   248   222   289   180   303 0.54 -
48053at50557_104421_0:0017a2|STRG.1224.1:20-1552|+    -            511 63645at50557         -            280   0.00077   17.6   1.7   1   4      0.81        79    1.1   0.1    95   131   233   269   224   283 0.75 -
48053at50557_104421_0:0017a2|STRG.1224.1:20-1552|+    -            511 63645at50557         -            280   0.00077   17.6   1.7   2   4     0.068       6.6    4.7   0.1   104   136   284   312   279   327 0.81 -
48053at50557_104421_0:0017a2|STRG.1224.1:20-1552|+    -            511 63645at50557         -            280   0.00077   17.6   1.7   3   4       4.3   4.2e+02   -1.2   0.0    60    83   312   335   308   341 0.82 -
48053at50557_104421_0:0017a2|STRG.1224.1:20-1552|+    -            511 63645at50557         -            280   0.00077   17.6   1.7   4   4    0.0051      0.49    8.4   0.0   155   251   371   465   365   491 0.68 -
78072at50557_29058_0:001c12|STRG.8098.1:265-1008|+    -            248 63645at50557         -            280    0.0011   17.1   0.7   1   2   0.00059     0.057   11.4   0.1   183   247    11    75     4   107 0.75 -
78072at50557_29058_0:001c12|STRG.8098.1:265-1008|+    -            248 63645at50557         -            280    0.0011   17.1   0.7   2   2     0.088       8.5    4.3   0.1   221   255   154   191   130   214 0.82 -
69548at50557_104452_0:000ad1|STRG.6260.2:1033-1440|+  -            136 63645at50557         -            280    0.0016   16.5   1.4   1   2     0.085       8.2    4.4   0.2   189   212    52    74     2    82 0.79 -
69548at50557_104452_0:000ad1|STRG.6260.2:1033-1440|+  -            136 63645at50557         -            280    0.0016   16.5   1.4   2   2   0.00069     0.067   11.2   0.5   218   251   101   134    45   136 0.81 -
80377at50557_7370_0:002b5e|STRG.6304.1:136-549|+      -            138 63645at50557         -            280    0.0035   15.4   0.1   1   2   9.7e-05    0.0094   14.0   0.1   221   270    14    66     1    76 0.75 -
80377at50557_7370_0:002b5e|STRG.6304.1:136-549|+      -            138 63645at50557         -            280    0.0035   15.4   0.1   2   2       2.8   2.7e+02   -0.6   0.0   104   149    76   121    69   130 0.82 -
33043at50557_1507135_0:0016cf|STRG.2371.1:1758-2336|+ -            193 63645at50557         -            280     0.005   14.9   0.3   1   2   0.00016     0.016   13.3   0.1   101   174    87   154    78   166 0.82 -
33043at50557_1507135_0:0016cf|STRG.2371.1:1758-2336|+ -            193 63645at50557         -            280     0.005   14.9   0.3   2   2         3   2.9e+02   -0.7   0.0   154   168   175   189   150   192 0.75 -
42371at50557_34720_0:000328|STRG.1318.4:313-1506|+    -            398 63645at50557         -            280    0.0062   14.6   2.4   1   3     0.082       7.9    4.4   0.1   214   257    67   109    62   116 0.90 -
42371at50557_34720_0:000328|STRG.1318.4:313-1506|+    -            398 63645at50557         -            280    0.0062   14.6   2.4   2   3     0.026       2.5    6.1   0.1   204   257   100   157    82   172 0.70 -
42371at50557_34720_0:000328|STRG.1318.4:313-1506|+    -            398 63645at50557         -            280    0.0062   14.6   2.4   3   3     0.028       2.7    5.9   0.1   217   258   330   371   256   388 0.82 -
80377at50557_166361_0:002fc1|STRG.10995.1:357-1118|+  -            254 63645at50557         -            280    0.0069   14.5   0.1   1   2     0.013       1.3    7.0   0.1   219   253    16    48     7    68 0.77 -
80377at50557_166361_0:002fc1|STRG.10995.1:357-1118|+  -            254 63645at50557         -            280    0.0069   14.5   0.1   2   2     0.056       5.4    5.0   0.0   130   170   105   143    91   187 0.85 -
69548at50557_7375_0:00230f|STRG.9776.1:427-1071|+     -            215 63645at50557         -            280    0.0087   14.1   0.8   1   1   0.00068     0.066   11.2   0.7   181   257     3    84     1   106 0.75 -
69548at50557_7375_0:00230f|STRG.9776.2:423-1067|+     -            215 63645at50557         -            280    0.0087   14.1   0.8   1   1   0.00068     0.066   11.2   0.7   181   257     3    84     1   106 0.75 -
69548at50557_7375_0:00230f|STRG.9776.3:362-1006|+     -            215 63645at50557         -            280    0.0087   14.1   0.8   1   1   0.00068     0.066   11.2   0.7   181   257     3    84     1   106 0.75 -
69548at50557_7375_0:00230f|STRG.9776.4:352-996|+      -            215 63645at50557         -            280    0.0087   14.1   0.8   1   1   0.00068     0.066   11.2   0.7   181   257     3    84     1   106 0.75 -
56099at50557_34720_0:001a91|STRG.10950.1:560-1426|+   -            289 63645at50557         -            280    0.0096   14.0   0.1   1   2    0.0035      0.34    8.9   0.0   183   263    42   119    36   124 0.81 -
56099at50557_34720_0:001a91|STRG.10950.1:560-1426|+   -            289 63645at50557         -            280    0.0096   14.0   0.1   2   2       0.4        39    2.2   0.0   136   190   125   178   117   187 0.77 -
56099at50557_56086_0:002294|STRG.10950.1:102-1414|+   -            411 63645at50557         -            280     0.012   13.7   0.1   1   3       6.4   6.2e+02   -1.8   0.0   220   256    59    95    45   123 0.74 -
56099at50557_56086_0:002294|STRG.10950.1:102-1414|+   -            411 63645at50557         -            280     0.012   13.7   0.1   2   3   0.00083      0.08   11.0   0.0   152   239   179   265   167   290 0.78 -
56099at50557_56086_0:002294|STRG.10950.1:102-1414|+   -            411 63645at50557         -            280     0.012   13.7   0.1   3   3      0.75        73    1.3   0.0   136   190   251   304   246   313 0.77 -
80377at50557_7091_0:0009ff|STRG.14602.1:338-922|+     -            195 63645at50557         -            280     0.013   13.6   0.2   1   2    0.0037      0.36    8.8   0.1   221   256    13    47    10    56 0.85 -
80377at50557_7091_0:0009ff|STRG.14602.1:338-922|+     -            195 63645at50557         -            280     0.013   13.6   0.2   2   2      0.22        21    3.0   0.0   154   232    77   153    53   178 0.61 -
80377at50557_121845_0:0030d4|STRG.15190.1:159-734|+   -            192 63645at50557         -            280     0.014   13.5   0.1   1   1   0.00021     0.021   12.9   0.1   197   258    77   138    65   144 0.83 -
43553at50557_13686_0:000241|STRG.15103.1:425-1957|+   -            511 63645at50557         -            280     0.018   13.1   3.0   1   4     0.077       7.5    4.5   0.0   215   259   167   211   157   227 0.77 -
43553at50557_13686_0:000241|STRG.15103.1:425-1957|+   -            511 63645at50557         -            280     0.018   13.1   3.0   2   4       4.3   4.2e+02   -1.2   0.0   224   264   219   264   213   278 0.65 -
43553at50557_13686_0:000241|STRG.15103.1:425-1957|+   -            511 63645at50557         -            280     0.018   13.1   3.0   3   4       0.4        39    2.2   0.1   160   259   323   419   302   434 0.65 -
43553at50557_13686_0:000241|STRG.15103.1:425-1957|+   -            511 63645at50557         -            280     0.018   13.1   3.0   4   4     0.046       4.4    5.2   0.1   213   256   461   505   357   511 0.68 -
43553at50557_13686_0:000241|STRG.15103.2:241-1773|+   -            511 63645at50557         -            280     0.018   13.1   3.0   1   4     0.077       7.5    4.5   0.0   215   259   167   211   157   227 0.77 -
43553at50557_13686_0:000241|STRG.15103.2:241-1773|+   -            511 63645at50557         -            280     0.018   13.1   3.0   2   4       4.3   4.2e+02   -1.2   0.0   224   264   219   264   213   278 0.65 -
43553at50557_13686_0:000241|STRG.15103.2:241-1773|+   -            511 63645at50557         -            280     0.018   13.1   3.0   3   4       0.4        39    2.2   0.1   160   259   323   419   302   434 0.65 -
43553at50557_13686_0:000241|STRG.15103.2:241-1773|+   -            511 63645at50557         -            280     0.018   13.1   3.0   4   4     0.046       4.4    5.2   0.1   213   256   461   505   357   511 0.68 -
43553at50557_13686_0:000241|STRG.15103.3:390-1922|+   -            511 63645at50557         -            280     0.018   13.1   3.0   1   4     0.077       7.5    4.5   0.0   215   259   167   211   157   227 0.77 -
43553at50557_13686_0:000241|STRG.15103.3:390-1922|+   -            511 63645at50557         -            280     0.018   13.1   3.0   2   4       4.3   4.2e+02   -1.2   0.0   224   264   219   264   213   278 0.65 -
43553at50557_13686_0:000241|STRG.15103.3:390-1922|+   -            511 63645at50557         -            280     0.018   13.1   3.0   3   4       0.4        39    2.2   0.1   160   259   323   419   302   434 0.65 -
43553at50557_13686_0:000241|STRG.15103.3:390-1922|+   -            511 63645at50557         -            280     0.018   13.1   3.0   4   4     0.046       4.4    5.2   0.1   213   256   461   505   357   511 0.68 -
43553at50557_13686_0:000241|STRG.15103.4:315-1847|+   -            511 63645at50557         -            280     0.018   13.1   3.0   1   4     0.077       7.5    4.5   0.0   215   259   167   211   157   227 0.77 -
43553at50557_13686_0:000241|STRG.15103.4:315-1847|+   -            511 63645at50557         -            280     0.018   13.1   3.0   2   4       4.3   4.2e+02   -1.2   0.0   224   264   219   264   213   278 0.65 -
43553at50557_13686_0:000241|STRG.15103.4:315-1847|+   -            511 63645at50557         -            280     0.018   13.1   3.0   3   4       0.4        39    2.2   0.1   160   259   323   419   302   434 0.65 -
43553at50557_13686_0:000241|STRG.15103.4:315-1847|+   -            511 63645at50557         -            280     0.018   13.1   3.0   4   4     0.046       4.4    5.2   0.1   213   256   461   505   357   511 0.68 -
43553at50557_13686_0:000241|STRG.15103.5:405-1937|+   -            511 63645at50557         -            280     0.018   13.1   3.0   1   4     0.077       7.5    4.5   0.0   215   259   167   211   157   227 0.77 -
43553at50557_13686_0:000241|STRG.15103.5:405-1937|+   -            511 63645at50557         -            280     0.018   13.1   3.0   2   4       4.3   4.2e+02   -1.2   0.0   224   264   219   264   213   278 0.65 -
43553at50557_13686_0:000241|STRG.15103.5:405-1937|+   -            511 63645at50557         -            280     0.018   13.1   3.0   3   4       0.4        39    2.2   0.1   160   259   323   419   302   434 0.65 -
43553at50557_13686_0:000241|STRG.15103.5:405-1937|+   -            511 63645at50557         -            280     0.018   13.1   3.0   4   4     0.046       4.4    5.2   0.1   213   256   461   505   357   511 0.68 -
43553at50557_13686_0:000241|STRG.15103.6:241-1773|+   -            511 63645at50557         -            280     0.018   13.1   3.0   1   4     0.077       7.5    4.5   0.0   215   259   167   211   157   227 0.77 -
43553at50557_13686_0:000241|STRG.15103.6:241-1773|+   -            511 63645at50557         -            280     0.018   13.1   3.0   2   4       4.3   4.2e+02   -1.2   0.0   224   264   219   264   213   278 0.65 -
43553at50557_13686_0:000241|STRG.15103.6:241-1773|+   -            511 63645at50557         -            280     0.018   13.1   3.0   3   4       0.4        39    2.2   0.1   160   259   323   419   302   434 0.65 -
43553at50557_13686_0:000241|STRG.15103.6:241-1773|+   -            511 63645at50557         -            280     0.018   13.1   3.0   4   4     0.046       4.4    5.2   0.1   213   256   461   505   357   511 0.68 -
42371at50557_34720_0:000328|STRG.1318.2:528-2348|+    -            607 63645at50557         -            280     0.019   13.0   1.8   1   3      0.13        13    3.7   0.1   214   257   276   318   271   327 0.89 -
42371at50557_34720_0:000328|STRG.1318.2:528-2348|+    -            607 63645at50557         -            280     0.019   13.0   1.8   2   3     0.049       4.8    5.1   0.1   204   257   309   366   292   383 0.71 -
42371at50557_34720_0:000328|STRG.1318.2:528-2348|+    -            607 63645at50557         -            280     0.019   13.0   1.8   3   3     0.055       5.3    5.0   0.1   217   258   539   580   466   597 0.84 -
42371at50557_34720_0:000328|STRG.1318.1:528-2345|+    -            606 63645at50557         -            280     0.019   13.0   1.8   1   3      0.13        12    3.8   0.1   213   257   274   317   267   326 0.90 -
42371at50557_34720_0:000328|STRG.1318.1:528-2345|+    -            606 63645at50557         -            280     0.019   13.0   1.8   2   3      0.08       7.8    4.4   0.0   205   256   309   364   298   369 0.68 -
42371at50557_34720_0:000328|STRG.1318.1:528-2345|+    -            606 63645at50557         -            280     0.019   13.0   1.8   3   3     0.055       5.3    5.0   0.1   217   258   538   579   465   596 0.84 -
42371at50557_34720_0:000328|STRG.1318.3:528-2489|+    -            654 63645at50557         -            280     0.019   13.0   1.5   1   3      0.14        13    3.7   0.1   213   257   322   365   314   374 0.90 -
42371at50557_34720_0:000328|STRG.1318.3:528-2489|+    -            654 63645at50557         -            280     0.019   13.0   1.5   2   3     0.058       5.7    4.9   0.0   204   257   356   413   339   422 0.69 -
42371at50557_34720_0:000328|STRG.1318.3:528-2489|+    -            654 63645at50557         -            280     0.019   13.0   1.5   3   3     0.059       5.7    4.9   0.1   217   258   586   627   512   644 0.83 -
58729at50557_34740_0:001cbd|STRG.4221.1:881-1693|+    -            271 63645at50557         -            280     0.026   12.6   0.0   1   1    0.0004     0.039   12.0   0.0   133   219    45   128     9   149 0.79 -
58729at50557_34740_0:001cbd|STRG.4221.2:791-1603|+    -            271 63645at50557         -            280     0.026   12.6   0.0   1   1    0.0004     0.039   12.0   0.0   133   219    45   128     9   149 0.79 -
58729at50557_34740_0:001cbd|STRG.4221.3:915-1727|+    -            271 63645at50557         -            280     0.026   12.6   0.0   1   1    0.0004     0.039   12.0   0.0   133   219    45   128     9   149 0.79 -
58729at50557_34740_0:001cbd|STRG.4221.4:1149-1961|+   -            271 63645at50557         -            280     0.026   12.6   0.0   1   1    0.0004     0.039   12.0   0.0   133   219    45   128     9   149 0.79 -
40115at50557_103372_0:0021d6|STRG.3129.1:4049-5035|+  -            329 63645at50557         -            280     0.027   12.5   0.7   1   3      0.32        31    2.5   0.0   103   146    35    82    30   106 0.74 -
40115at50557_103372_0:0021d6|STRG.3129.1:4049-5035|+  -            329 63645at50557         -            280     0.027   12.5   0.7   2   3       9.3   9.1e+02   -2.3   0.0   207   260   152   161   129   192 0.54 -
40115at50557_103372_0:0021d6|STRG.3129.1:4049-5035|+  -            329 63645at50557         -            280     0.027   12.5   0.7   3   3    0.0076      0.73    7.8   0.0   215   255   290   327   280   329 0.88 -
40115at50557_103372_0:0021d6|STRG.3129.2:4797-5783|+  -            329 63645at50557         -            280     0.027   12.5   0.7   1   3      0.32        31    2.5   0.0   103   146    35    82    30   106 0.74 -
40115at50557_103372_0:0021d6|STRG.3129.2:4797-5783|+  -            329 63645at50557         -            280     0.027   12.5   0.7   2   3       9.3   9.1e+02   -2.3   0.0   207   260   152   161   129   192 0.54 -
40115at50557_103372_0:0021d6|STRG.3129.2:4797-5783|+  -            329 63645at50557         -            280     0.027   12.5   0.7   3   3    0.0076      0.73    7.8   0.0   215   255   290   327   280   329 0.88 -
80377at50557_568069_0:004eea|STRG.1214.1:96-950|+     -            285 63645at50557         -            280     0.033   12.2   0.3   1   1   0.00067     0.065   11.3   0.3    96   197    58   151    40   210 0.80 -
80377at50557_77166_0:002f29|STRG.7816.1:552-1430|+    -            293 63645at50557         -            280     0.041   11.9   0.0   1   3     0.015       1.5    6.8   0.0   221   261    80   120    64   139 0.85 -
80377at50557_77166_0:002f29|STRG.7816.1:552-1430|+    -            293 63645at50557         -            280     0.041   11.9   0.0   2   3       4.9   4.8e+02   -1.4   0.0   217   258   124   164   117   170 0.75 -
80377at50557_77166_0:002f29|STRG.7816.1:552-1430|+    -            293 63645at50557         -            280     0.041   11.9   0.0   3   3      0.33        32    2.4   0.0   207   246   243   281   200   290 0.72 -
14512at50557_1218281_0:002752|STRG.2785.1:1106-1486|+ -            127 63645at50557         -            280     0.042   11.9   0.0   1   1   0.00052     0.051   11.6   0.0   217   263    20    65     6    81 0.86 -
14512at50557_1218281_0:002752|STRG.2785.2:1195-1575|+ -            127 63645at50557         -            280     0.042   11.9   0.0   1   1   0.00052     0.051   11.6   0.0   217   263    20    65     6    81 0.86 -
40115at50557_110193_0:00292f|STRG.16711.1:1332-2066|+ -            245 63645at50557         -            280     0.051   11.6   3.1   1   4       4.3   4.2e+02   -1.2   0.1   222   246    36    60    25    78 0.73 -
40115at50557_110193_0:00292f|STRG.16711.1:1332-2066|+ -            245 63645at50557         -            280     0.051   11.6   3.1   2   4      0.16        16    3.4   0.1   204   255    59   109    37   116 0.82 -
40115at50557_110193_0:00292f|STRG.16711.1:1332-2066|+ -            245 63645at50557         -            280     0.051   11.6   3.1   3   4      0.03       2.9    5.8   0.1   216   246   119   149   111   165 0.78 -
40115at50557_110193_0:00292f|STRG.16711.1:1332-2066|+ -            245 63645at50557         -            280     0.051   11.6   3.1   4   4      0.81        78    1.2   0.1   179   244   171   235   142   245 0.48 -
40115at50557_110193_0:00292f|STRG.16711.3:1004-1738|+ -            245 63645at50557         -            280     0.051   11.6   3.1   1   4       4.3   4.2e+02   -1.2   0.1   222   246    36    60    25    78 0.73 -
40115at50557_110193_0:00292f|STRG.16711.3:1004-1738|+ -            245 63645at50557         -            280     0.051   11.6   3.1   2   4      0.16        16    3.4   0.1   204   255    59   109    37   116 0.82 -
40115at50557_110193_0:00292f|STRG.16711.3:1004-1738|+ -            245 63645at50557         -            280     0.051   11.6   3.1   3   4      0.03       2.9    5.8   0.1   216   246   119   149   111   165 0.78 -
40115at50557_110193_0:00292f|STRG.16711.3:1004-1738|+ -            245 63645at50557         -            280     0.051   11.6   3.1   4   4      0.81        78    1.2   0.1   179   244   171   235   142   245 0.48 -
40115at50557_103372_0:0021d6|STRG.3129.4:4049-5059|+  -            337 63645at50557         -            280     0.057   11.5   0.5   1   3      0.34        32    2.4   0.0   103   146    35    82    30   106 0.74 -
40115at50557_103372_0:0021d6|STRG.3129.4:4049-5059|+  -            337 63645at50557         -            280     0.057   11.5   0.5   2   3       9.7   9.4e+02   -2.4   0.0   207   260   152   161   129   192 0.55 -
40115at50557_103372_0:0021d6|STRG.3129.4:4049-5059|+  -            337 63645at50557         -            280     0.057   11.5   0.5   3   3     0.019       1.8    6.5   0.0   215   256   290   328   280   336 0.86 -
42371at50557_69820_0:000b2f|STRG.7906.1:563-1507|+    -            315 63645at50557         -            280      0.15   10.1   1.2   1   1     0.014       1.4    6.9   0.2    93   120    54    80    50    92 0.88 -
66691at50557_456900_0:002b0f|STRG.6704.1:456-1556|+   -            367 63645at50557         -            280      0.17    9.9   5.6   1   3    0.0012      0.12   10.4   0.3   220   256    47    82    11    91 0.82 -
66691at50557_456900_0:002b0f|STRG.6704.1:456-1556|+   -            367 63645at50557         -            280      0.17    9.9   5.6   2   3         5   4.9e+02   -1.4   0.0    61    78   152   169   140   182 0.74 -
66691at50557_456900_0:002b0f|STRG.6704.1:456-1556|+   -            367 63645at50557         -            280      0.17    9.9   5.6   3   3         1        98    0.8   0.0   225   263   326   362   264   365 0.82 -
#
# Program:         hmmsearch
# Version:         3.4 (Aug 2023)
# Pipeline mode:   SEARCH
# Query file:      /data/projet1/projet_tutore/busco_downloads/lineages/insecta_odb10/hmms/63645at50557.hmm
# Target file:     annotation_analysis/annotation_gcf/T_septentrionalis/busco_output/run_insecta_odb10/metaeuk_output/initial_results/assembled_transcripts.fasta.modified.fas
# Option settings: hmmsearch --domtblout annotation_analysis/annotation_gcf/T_septentrionalis/busco_output/run_insecta_odb10/hmmer_output/initial_run_results/63645at50557.out --cpu 1 /data/projet1/projet_tutore/busco_downloads/lineages/insecta_odb10/hmms/63645at50557.hmm annotation_analysis/annotation_gcf/T_septentrionalis/busco_output/run_insecta_odb10/metaeuk_output/initial_results/assembled_transcripts.fasta.modified.fas 
# Current dir:     /data/projet1/projet_tutore
# Date:            Sun Oct 13 10:11:30 2024
# [ok]
