#                                                                                                           --- full sequence --- -------------- this domain -------------   hmm coord   ali coord   env coord
# target name                                       accession   tlen query name           accession   qlen   E-value  score  bias   #  of  c-Evalue  i-Evalue  score  bias  from    to  from    to  from    to  acc description of target
#                               ------------------- ---------- ----- -------------------- ---------- ----- --------- ------ ----- --- --- --------- --------- ------ ----- ----- ----- ----- ----- ----- ----- ---- ---------------------
6416at50557_456900_0:0025e4|STRG.15656.1:110-3823|+ -           1238 6416at50557          -           1043         0 1634.8  81.5   1   3         0         0 1302.2  61.1    11   792    42   889    18   902 0.93 -
6416at50557_456900_0:0025e4|STRG.15656.1:110-3823|+ -           1238 6416at50557          -           1043         0 1634.8  81.5   2   3  3.7e-103  2.6e-100  335.7   8.9   787  1020   909  1165   892  1173 0.93 -
6416at50557_456900_0:0025e4|STRG.15656.1:110-3823|+ -           1238 6416at50557          -           1043         0 1634.8  81.5   3   3     0.011       7.6    3.1   0.1  1019  1043  1188  1219  1184  1219 0.76 -
6416at50557_456900_0:0025e4|STRG.15656.2:205-3918|+ -           1238 6416at50557          -           1043         0 1634.8  81.5   1   3         0         0 1302.2  61.1    11   792    42   889    18   902 0.93 -
6416at50557_456900_0:0025e4|STRG.15656.2:205-3918|+ -           1238 6416at50557          -           1043         0 1634.8  81.5   2   3  3.7e-103  2.6e-100  335.7   8.9   787  1020   909  1165   892  1173 0.93 -
6416at50557_456900_0:0025e4|STRG.15656.2:205-3918|+ -           1238 6416at50557          -           1043         0 1634.8  81.5   3   3     0.011       7.6    3.1   0.1  1019  1043  1188  1219  1184  1219 0.76 -
6416at50557_456900_0:0025e4|STRG.15656.3:179-3892|+ -           1238 6416at50557          -           1043         0 1634.8  81.5   1   3         0         0 1302.2  61.1    11   792    42   889    18   902 0.93 -
6416at50557_456900_0:0025e4|STRG.15656.3:179-3892|+ -           1238 6416at50557          -           1043         0 1634.8  81.5   2   3  3.7e-103  2.6e-100  335.7   8.9   787  1020   909  1165   892  1173 0.93 -
6416at50557_456900_0:0025e4|STRG.15656.3:179-3892|+ -           1238 6416at50557          -           1043         0 1634.8  81.5   3   3     0.011       7.6    3.1   0.1  1019  1043  1188  1219  1184  1219 0.76 -
6416at50557_456900_0:0025e4|STRG.15656.4:118-3831|+ -           1238 6416at50557          -           1043         0 1634.8  81.5   1   3         0         0 1302.2  61.1    11   792    42   889    18   902 0.93 -
6416at50557_456900_0:0025e4|STRG.15656.4:118-3831|+ -           1238 6416at50557          -           1043         0 1634.8  81.5   2   3  3.7e-103  2.6e-100  335.7   8.9   787  1020   909  1165   892  1173 0.93 -
6416at50557_456900_0:0025e4|STRG.15656.4:118-3831|+ -           1238 6416at50557          -           1043         0 1634.8  81.5   3   3     0.011       7.6    3.1   0.1  1019  1043  1188  1219  1184  1219 0.76 -
6416at50557_113334_0:00380e|STRG.4248.2:467-1297|+  -            277 6416at50557          -           1043   2.5e-23   80.8   5.2   1   1   4.1e-25   2.9e-22   77.3   5.2   571   809    18   276    11   277 0.79 -
6416at50557_7536_0:0038e0|STRG.4248.1:846-1481|+    -            212 6416at50557          -           1043   1.6e-18   64.9   3.6   1   1   3.4e-21   2.4e-18   64.3   3.6   579   777     4   212     1   212 0.80 -
6416at50557_113334_0:00380e|STRG.7261.1:586-1671|+  -            362 6416at50557          -           1043   1.8e-18   64.7   9.8   1   4   3.7e-07   0.00026   17.8   0.0   892   946     1    56     1    63 0.54 -
6416at50557_113334_0:00380e|STRG.7261.1:586-1671|+  -            362 6416at50557          -           1043   1.8e-18   64.7   9.8   2   4   1.8e-06    0.0013   15.5   0.1   623   677    93   150    83   157 0.71 -
6416at50557_113334_0:00380e|STRG.7261.1:586-1671|+  -            362 6416at50557          -           1043   1.8e-18   64.7   9.8   3   4   2.6e-07   0.00019   18.3   0.1   473   529   192   252   181   259 0.52 -
6416at50557_113334_0:00380e|STRG.7261.1:586-1671|+  -            362 6416at50557          -           1043   1.8e-18   64.7   9.8   4   4   7.3e-07   0.00051   16.9   0.5   478   523   314   362   300   362 0.54 -
6416at50557_113334_0:00380e|STRG.7261.2:342-1427|+  -            362 6416at50557          -           1043   1.8e-18   64.7   9.8   1   4   3.7e-07   0.00026   17.8   0.0   892   946     1    56     1    63 0.54 -
6416at50557_113334_0:00380e|STRG.7261.2:342-1427|+  -            362 6416at50557          -           1043   1.8e-18   64.7   9.8   2   4   1.8e-06    0.0013   15.5   0.1   623   677    93   150    83   157 0.71 -
6416at50557_113334_0:00380e|STRG.7261.2:342-1427|+  -            362 6416at50557          -           1043   1.8e-18   64.7   9.8   3   4   2.6e-07   0.00019   18.3   0.1   473   529   192   252   181   259 0.52 -
6416at50557_113334_0:00380e|STRG.7261.2:342-1427|+  -            362 6416at50557          -           1043   1.8e-18   64.7   9.8   4   4   7.3e-07   0.00051   16.9   0.5   478   523   314   362   300   362 0.54 -
6416at50557_113334_0:00380e|STRG.7261.3:342-1427|+  -            362 6416at50557          -           1043   1.8e-18   64.7   9.8   1   4   3.7e-07   0.00026   17.8   0.0   892   946     1    56     1    63 0.54 -
6416at50557_113334_0:00380e|STRG.7261.3:342-1427|+  -            362 6416at50557          -           1043   1.8e-18   64.7   9.8   2   4   1.8e-06    0.0013   15.5   0.1   623   677    93   150    83   157 0.71 -
6416at50557_113334_0:00380e|STRG.7261.3:342-1427|+  -            362 6416at50557          -           1043   1.8e-18   64.7   9.8   3   4   2.6e-07   0.00019   18.3   0.1   473   529   192   252   181   259 0.52 -
6416at50557_113334_0:00380e|STRG.7261.3:342-1427|+  -            362 6416at50557          -           1043   1.8e-18   64.7   9.8   4   4   7.3e-07   0.00051   16.9   0.5   478   523   314   362   300   362 0.54 -
6416at50557_113334_0:00380e|STRG.7261.4:342-1427|+  -            362 6416at50557          -           1043   1.8e-18   64.7   9.8   1   4   3.7e-07   0.00026   17.8   0.0   892   946     1    56     1    63 0.54 -
6416at50557_113334_0:00380e|STRG.7261.4:342-1427|+  -            362 6416at50557          -           1043   1.8e-18   64.7   9.8   2   4   1.8e-06    0.0013   15.5   0.1   623   677    93   150    83   157 0.71 -
6416at50557_113334_0:00380e|STRG.7261.4:342-1427|+  -            362 6416at50557          -           1043   1.8e-18   64.7   9.8   3   4   2.6e-07   0.00019   18.3   0.1   473   529   192   252   181   259 0.52 -
6416at50557_113334_0:00380e|STRG.7261.4:342-1427|+  -            362 6416at50557          -           1043   1.8e-18   64.7   9.8   4   4   7.3e-07   0.00051   16.9   0.5   478   523   314   362   300   362 0.54 -
6416at50557_7536_0:0038e0|STRG.14690.1:330-758|+    -            143 6416at50557          -           1043   5.8e-09   33.2   0.2   1   1   1.9e-10   1.3e-07   28.7   0.2   410   515     9   127     3   143 0.64 -
6416at50557_7536_0:0038e0|STRG.14690.2:328-756|+    -            143 6416at50557          -           1043   5.8e-09   33.2   0.2   1   1   1.9e-10   1.3e-07   28.7   0.2   410   515     9   127     3   143 0.64 -
6416at50557_7536_0:0038e0|STRG.14690.3:396-824|+    -            143 6416at50557          -           1043   5.8e-09   33.2   0.2   1   1   1.9e-10   1.3e-07   28.7   0.2   410   515     9   127     3   143 0.64 -
6416at50557_7536_0:0038e0|STRG.14690.4:752-1180|+   -            143 6416at50557          -           1043   5.8e-09   33.2   0.2   1   1   1.9e-10   1.3e-07   28.7   0.2   410   515     9   127     3   143 0.64 -
#
# Program:         hmmsearch
# Version:         3.4 (Aug 2023)
# Pipeline mode:   SEARCH
# Query file:      /data/projet1/projet_tutore/busco_downloads/lineages/insecta_odb10/hmms/6416at50557.hmm
# Target file:     annotation_analysis/annotation_gcf/T_septentrionalis/busco_output/run_insecta_odb10/metaeuk_output/initial_results/assembled_transcripts.fasta.modified.fas
# Option settings: hmmsearch --domtblout annotation_analysis/annotation_gcf/T_septentrionalis/busco_output/run_insecta_odb10/hmmer_output/initial_run_results/6416at50557.out --cpu 1 /data/projet1/projet_tutore/busco_downloads/lineages/insecta_odb10/hmms/6416at50557.hmm annotation_analysis/annotation_gcf/T_septentrionalis/busco_output/run_insecta_odb10/metaeuk_output/initial_results/assembled_transcripts.fasta.modified.fas 
# Current dir:     /data/projet1/projet_tutore
# Date:            Sun Oct 13 10:11:34 2024
# [ok]
