#                                                                                                               --- full sequence --- -------------- this domain -------------   hmm coord   ali coord   env coord
# target name                                           accession   tlen query name           accession   qlen   E-value  score  bias   #  of  c-Evalue  i-Evalue  score  bias  from    to  from    to  from    to  acc description of target
#                                   ------------------- ---------- ----- -------------------- ---------- ----- --------- ------ ----- --- --- --------- --------- ------ ----- ----- ----- ----- ----- ----- ----- ---- ---------------------
65263at50557_34720_0:000624|STRG.2791.1:204-1532|+      -            443 65263at50557         -            246  1.5e-100  334.5   3.0   1   4   3.3e-73   6.8e-71  237.4   0.2     1   155    11   183    11   187 0.90 -
65263at50557_34720_0:000624|STRG.2791.1:204-1532|+      -            443 65263at50557         -            246  1.5e-100  334.5   3.0   2   4   7.3e-06    0.0015   16.8   0.1   152   169   197   214   194   216 0.92 -
65263at50557_34720_0:000624|STRG.2791.1:204-1532|+      -            443 65263at50557         -            246  1.5e-100  334.5   3.0   3   4       1.8   3.6e+02   -0.8   0.0   172   186   310   324   289   343 0.69 -
65263at50557_34720_0:000624|STRG.2791.1:204-1532|+      -            443 65263at50557         -            246  1.5e-100  334.5   3.0   4   4   1.2e-24   2.5e-22   78.3   0.0   183   244   342   414   333   416 0.89 -
65263at50557_34720_0:000624|STRG.2791.2:204-1710|+      -            443 65263at50557         -            246   3.7e-99  329.9   3.1   1   4   3.3e-73   6.8e-71  237.4   0.2     1   155    11   183    11   187 0.90 -
65263at50557_34720_0:000624|STRG.2791.2:204-1710|+      -            443 65263at50557         -            246   3.7e-99  329.9   3.1   2   4   7.3e-06    0.0015   16.8   0.1   152   169   197   214   194   216 0.92 -
65263at50557_34720_0:000624|STRG.2791.2:204-1710|+      -            443 65263at50557         -            246   3.7e-99  329.9   3.1   3   4       1.7   3.6e+02   -0.8   0.0   172   186   310   324   289   343 0.69 -
65263at50557_34720_0:000624|STRG.2791.2:204-1710|+      -            443 65263at50557         -            246   3.7e-99  329.9   3.1   4   4   2.5e-23   5.2e-21   74.0   0.0   183   244   342   414   324   416 0.89 -
15817at50557_610380_0:002a13|STRG.8346.1:181-2718|+     -            846 65263at50557         -            246     3e-08   32.2   0.0   1   2   6.6e-06    0.0014   17.0   0.0   172   220    65   118    41   149 0.76 -
15817at50557_610380_0:002a13|STRG.8346.1:181-2718|+     -            846 65263at50557         -            246     3e-08   32.2   0.0   2   2   0.00012     0.025   12.8   0.0   174   212   236   276   230   286 0.83 -
15817at50557_610380_0:002a13|STRG.8346.2:181-3015|+     -            945 65263at50557         -            246     4e-08   31.8   0.0   1   2   7.6e-06    0.0016   16.8   0.0   172   220    65   118    41   149 0.76 -
15817at50557_610380_0:002a13|STRG.8346.2:181-3015|+     -            945 65263at50557         -            246     4e-08   31.8   0.0   2   2   0.00014     0.028   12.6   0.0   174   212   236   276   230   286 0.83 -
116525at50557_7213_0:00044c|STRG.13676.1:282-716|+      -            145 65263at50557         -            246   8.6e-08   30.7   0.3   1   1     9e-10   1.8e-07   29.6   0.3    16   157     2   135     1   143 0.66 -
116525at50557_7213_0:00044c|STRG.13676.2:338-772|+      -            145 65263at50557         -            246   8.6e-08   30.7   0.3   1   1     9e-10   1.8e-07   29.6   0.3    16   157     2   135     1   143 0.66 -
54067at50557_168631_0:001e78|STRG.9633.1:629-865|+      -             79 65263at50557         -            246     1e-07   30.5   0.0   1   1   5.4e-10   1.1e-07   30.3   0.0   184   218    33    71    19    76 0.82 -
54067at50557_168631_0:001e78|STRG.9633.2:634-870|+      -             79 65263at50557         -            246     1e-07   30.5   0.0   1   1   5.4e-10   1.1e-07   30.3   0.0   184   218    33    71    19    76 0.82 -
54067at50557_168631_0:001e78|STRG.9633.3:634-870|+      -             79 65263at50557         -            246     1e-07   30.5   0.0   1   1   5.4e-10   1.1e-07   30.3   0.0   184   218    33    71    19    76 0.82 -
91571at50557_7038_0:00203c|STRG.2039.1:2027-2941|+      -            305 65263at50557         -            246   1.7e-07   29.7   0.0   1   2   3.8e-05    0.0079   14.4   0.0   183   224     4    54     1    76 0.77 -
91571at50557_7038_0:00203c|STRG.2039.1:2027-2941|+      -            305 65263at50557         -            246   1.7e-07   29.7   0.0   2   2   9.2e-05     0.019   13.2   0.0   183   212   116   148   109   167 0.85 -
91571at50557_7038_0:00203c|STRG.2039.2:2136-3050|+      -            305 65263at50557         -            246   1.7e-07   29.7   0.0   1   2   3.8e-05    0.0079   14.4   0.0   183   224     4    54     1    76 0.77 -
91571at50557_7038_0:00203c|STRG.2039.2:2136-3050|+      -            305 65263at50557         -            246   1.7e-07   29.7   0.0   2   2   9.2e-05     0.019   13.2   0.0   183   212   116   148   109   167 0.85 -
91571at50557_7038_0:00203c|STRG.2039.3:1753-2667|+      -            305 65263at50557         -            246   1.7e-07   29.7   0.0   1   2   3.8e-05    0.0079   14.4   0.0   183   224     4    54     1    76 0.77 -
91571at50557_7038_0:00203c|STRG.2039.3:1753-2667|+      -            305 65263at50557         -            246   1.7e-07   29.7   0.0   2   2   9.2e-05     0.019   13.2   0.0   183   212   116   148   109   167 0.85 -
54067at50557_168631_0:001e78|STRG.6644.1:912-1130|+     -             73 65263at50557         -            246   6.5e-06   24.6   0.0   1   1   3.5e-08   7.1e-06   24.4   0.0   174   219    19    65     4    69 0.75 -
98332at50557_1629725_0:002182|STRG.15289.1:3114-3365|+  -             84 65263at50557         -            246   1.2e-05   23.7   0.0   1   1   6.3e-08   1.3e-05   23.6   0.0   184   218     7    45     3    67 0.76 -
54067at50557_103372_0:001461|STRG.2017.3:124-2256|+     -            711 65263at50557         -            246   1.8e-05   23.1   0.0   1   1   1.4e-07   2.9e-05   22.4   0.0   183   222    65   109    54   133 0.81 -
54067at50557_103372_0:001461|STRG.2017.1:208-2559|+     -            784 65263at50557         -            246     2e-05   22.9   0.0   1   1   1.6e-07   3.2e-05   22.3   0.0   183   222   138   182   127   206 0.81 -
54067at50557_64793_0:000888|STRG.2017.2:500-2920|+      -            807 65263at50557         -            246   2.1e-05   22.9   0.0   1   1   1.6e-07   3.4e-05   22.2   0.0   183   222   161   205   150   229 0.81 -
54067at50557_456900_0:002501|STRG.2017.4:1431-3944|+    -            838 65263at50557         -            246   2.1e-05   22.9   0.0   1   1   1.7e-07   3.5e-05   22.1   0.0   183   222   192   236   181   260 0.81 -
98332at50557_1629725_0:002182|STRG.4547.1:2748-3035|+   -             96 65263at50557         -            246   0.00029   19.2   0.0   1   1   1.6e-06   0.00033   19.0   0.0   184   220     5    45     1    64 0.79 -
98332at50557_1629725_0:002182|STRG.4547.2:6482-6769|+   -             96 65263at50557         -            246   0.00029   19.2   0.0   1   1   1.6e-06   0.00033   19.0   0.0   184   220     5    45     1    64 0.79 -
98332at50557_1629725_0:002182|STRG.4547.3:4985-5272|+   -             96 65263at50557         -            246   0.00029   19.2   0.0   1   1   1.6e-06   0.00033   19.0   0.0   184   220     5    45     1    64 0.79 -
91571at50557_2015173_0:000792|STRG.9346.1:703-1563|+    -            287 65263at50557         -            246   0.00035   18.9   0.1   1   1   3.4e-06   0.00069   17.9   0.1   176   221     4    54     1    89 0.83 -
98332at50557_132113_0:00196c|STRG.5148.2:77-808|+       -            233 65263at50557         -            246   0.00036   18.8   0.1   1   1   3.9e-06    0.0008   17.7   0.0   178   218    30    73    20    93 0.81 -
68581at50557_166423_0:000f4f|STRG.16683.2:559-1713|+    -            385 65263at50557         -            246   0.00038   18.8   0.0   1   1   2.9e-06   0.00059   18.1   0.0   183   215   279   316   275   341 0.78 -
68581at50557_166423_0:000f4f|STRG.16683.1:664-2005|+    -            401 65263at50557         -            246   0.00039   18.7   0.0   1   1     3e-06   0.00062   18.1   0.0   183   215   295   332   291   357 0.78 -
98332at50557_132113_0:00196c|STRG.5148.1:962-1765|+     -            257 65263at50557         -            246    0.0004   18.7   0.1   1   1     4e-06   0.00082   17.7   0.0   178   218    54    97    23   115 0.84 -
116525at50557_7159_0:00152f|STRG.10898.1:361-711|+      -            117 65263at50557         -            246   0.00046   18.5   0.3   1   1   2.5e-06   0.00052   18.3   0.3    85   147    51   117     9   117 0.72 -
116525at50557_7159_0:00152f|STRG.10898.2:327-677|+      -            117 65263at50557         -            246   0.00046   18.5   0.3   1   1   2.5e-06   0.00052   18.3   0.3    85   147    51   117     9   117 0.72 -
116525at50557_7159_0:00152f|STRG.10898.3:477-827|+      -            117 65263at50557         -            246   0.00046   18.5   0.3   1   1   2.5e-06   0.00052   18.3   0.3    85   147    51   117     9   117 0.72 -
98332at50557_7004_0:00518d|STRG.885.3:1951-2205|+       -             85 65263at50557         -            246   0.00059   18.1   0.0   1   1     3e-06   0.00063   18.1   0.0   185   219     1    41     1    67 0.84 -
98332at50557_7004_0:00518d|STRG.885.4:2011-2265|+       -             85 65263at50557         -            246   0.00059   18.1   0.0   1   1     3e-06   0.00063   18.1   0.0   185   219     1    41     1    67 0.84 -
98332at50557_7004_0:00518d|STRG.885.5:1454-1708|+       -             85 65263at50557         -            246   0.00059   18.1   0.0   1   1     3e-06   0.00063   18.1   0.0   185   219     1    41     1    67 0.84 -
98332at50557_7004_0:00518d|STRG.885.6:2135-2389|+       -             85 65263at50557         -            246   0.00059   18.1   0.0   1   1     3e-06   0.00063   18.1   0.0   185   219     1    41     1    67 0.84 -
98332at50557_7004_0:00518d|STRG.885.7:1351-1605|+       -             85 65263at50557         -            246   0.00059   18.1   0.0   1   1     3e-06   0.00063   18.1   0.0   185   219     1    41     1    67 0.84 -
98332at50557_7004_0:00518d|STRG.885.8:682-936|+         -             85 65263at50557         -            246   0.00059   18.1   0.0   1   1     3e-06   0.00063   18.1   0.0   185   219     1    41     1    67 0.84 -
78158at50557_34720_0:001320|STRG.7724.3:339-2225|+      -            629 65263at50557         -            246    0.0032   15.7   0.0   1   1   2.9e-05    0.0059   14.9   0.0   184   227   485   539   469   552 0.75 -
78158at50557_34720_0:001320|STRG.7724.1:315-2396|+      -            666 65263at50557         -            246    0.0035   15.6   0.0   1   1   3.1e-05    0.0064   14.7   0.0   184   227   485   539   469   552 0.75 -
78158at50557_34720_0:001320|STRG.7724.2:315-2312|+      -            666 65263at50557         -            246    0.0035   15.6   0.0   1   1   3.1e-05    0.0064   14.7   0.0   184   227   485   539   469   552 0.75 -
98332at50557_133901_0:000b7a|STRG.7865.2:6343-6759|+    -            139 65263at50557         -            246     0.011   14.0   0.0   1   1   6.7e-05     0.014   13.7   0.0   181   218    58   101    40   115 0.72 -
98332at50557_133901_0:000b7a|STRG.7865.4:1502-1918|+    -            139 65263at50557         -            246     0.011   14.0   0.0   1   1   6.7e-05     0.014   13.7   0.0   181   218    58   101    40   115 0.72 -
98332at50557_133901_0:000b7a|STRG.7865.5:1501-1917|+    -            139 65263at50557         -            246     0.011   14.0   0.0   1   1   6.7e-05     0.014   13.7   0.0   181   218    58   101    40   115 0.72 -
98332at50557_133901_0:000b7a|STRG.7865.6:724-1140|+     -            139 65263at50557         -            246     0.011   14.0   0.0   1   1   6.7e-05     0.014   13.7   0.0   181   218    58   101    40   115 0.72 -
109797at50557_1049336_0:0031df|STRG.13841.1:1369-1776|+ -            136 65263at50557         -            246     0.023   13.0   0.0   1   1   0.00014     0.029   12.6   0.0   186   219     1    36     1    57 0.88 -
109797at50557_1049336_0:0031df|STRG.13841.2:1362-1769|+ -            136 65263at50557         -            246     0.023   13.0   0.0   1   1   0.00014     0.029   12.6   0.0   186   219     1    36     1    57 0.88 -
109797at50557_1049336_0:0031df|STRG.13841.3:1363-1770|+ -            136 65263at50557         -            246     0.023   13.0   0.0   1   1   0.00014     0.029   12.6   0.0   186   219     1    36     1    57 0.88 -
109797at50557_1049336_0:0031df|STRG.13841.4:1384-1791|+ -            136 65263at50557         -            246     0.023   13.0   0.0   1   1   0.00014     0.029   12.6   0.0   186   219     1    36     1    57 0.88 -
98332at50557_13164_0:002b29|STRG.16064.1:800-1219|+     -            140 65263at50557         -            246     0.035   12.3   0.0   1   1   0.00022     0.045   12.0   0.0   182   212    58    92    49   103 0.82 -
98332at50557_13164_0:002b29|STRG.16064.2:859-1278|+     -            140 65263at50557         -            246     0.035   12.3   0.0   1   1   0.00022     0.045   12.0   0.0   182   212    58    92    49   103 0.82 -
#
# Program:         hmmsearch
# Version:         3.4 (Aug 2023)
# Pipeline mode:   SEARCH
# Query file:      /data/projet1/projet_tutore/busco_downloads/lineages/insecta_odb10/hmms/65263at50557.hmm
# Target file:     annotation_analysis/annotation_gcf/T_septentrionalis/busco_output/run_insecta_odb10/metaeuk_output/initial_results/assembled_transcripts.fasta.modified.fas
# Option settings: hmmsearch --domtblout annotation_analysis/annotation_gcf/T_septentrionalis/busco_output/run_insecta_odb10/hmmer_output/initial_run_results/65263at50557.out --cpu 1 /data/projet1/projet_tutore/busco_downloads/lineages/insecta_odb10/hmms/65263at50557.hmm annotation_analysis/annotation_gcf/T_septentrionalis/busco_output/run_insecta_odb10/metaeuk_output/initial_results/assembled_transcripts.fasta.modified.fas 
# Current dir:     /data/projet1/projet_tutore
# Date:            Sun Oct 13 10:11:36 2024
# [ok]
