#                                                                                                             --- full sequence --- -------------- this domain -------------   hmm coord   ali coord   env coord
# target name                                         accession   tlen query name           accession   qlen   E-value  score  bias   #  of  c-Evalue  i-Evalue  score  bias  from    to  from    to  from    to  acc description of target
#                                 ------------------- ---------- ----- -------------------- ---------- ----- --------- ------ ----- --- --- --------- --------- ------ ----- ----- ----- ----- ----- ----- ----- ---- ---------------------
65980at50557_103372_0:0003b3|STRG.14564.3:203-1690|+  -            496 65980at50557         -            380  6.7e-171  567.6   2.5   1   2  1.5e-173  8.8e-171  567.2   1.3     1   374     4   425     4   439 0.93 -
65980at50557_103372_0:0003b3|STRG.14564.3:203-1690|+  -            496 65980at50557         -            380  6.7e-171  567.6   2.5   2   2       0.8   4.7e+02   -1.3   0.0   334   357   447   470   433   478 0.74 -
65980at50557_103372_0:0003b3|STRG.14564.1:181-1805|+  -            515 65980at50557         -            380  3.1e-164  545.7   8.5   1   3  2.8e-165  1.6e-162  540.0   2.1     1   349     4   394     4   401 0.93 -
65980at50557_103372_0:0003b3|STRG.14564.1:181-1805|+  -            515 65980at50557         -            380  3.1e-164  545.7   8.5   2   3    0.0008      0.47    8.6   0.1   350   374   418   444   409   451 0.81 -
65980at50557_103372_0:0003b3|STRG.14564.1:181-1805|+  -            515 65980at50557         -            380  3.1e-164  545.7   8.5   3   3     0.037        21    3.1   0.1   303   357   434   489   434   497 0.86 -
65980at50557_103372_0:0003b3|STRG.14564.2:346-1890|+  -            515 65980at50557         -            380  3.1e-164  545.7   8.5   1   3  2.8e-165  1.6e-162  540.0   2.1     1   349     4   394     4   401 0.93 -
65980at50557_103372_0:0003b3|STRG.14564.2:346-1890|+  -            515 65980at50557         -            380  3.1e-164  545.7   8.5   2   3    0.0008      0.47    8.6   0.1   350   374   418   444   409   451 0.81 -
65980at50557_103372_0:0003b3|STRG.14564.2:346-1890|+  -            515 65980at50557         -            380  3.1e-164  545.7   8.5   3   3     0.037        21    3.1   0.1   303   357   434   489   434   497 0.86 -
65980at50557_103372_0:0003b3|STRG.14564.4:23-1619|+   -            483 65980at50557         -            380  5.7e-151  502.0   7.2   1   3  7.6e-152  4.4e-149  495.8   1.2    30   349     1   362     1   369 0.93 -
65980at50557_103372_0:0003b3|STRG.14564.4:23-1619|+   -            483 65980at50557         -            380  5.7e-151  502.0   7.2   2   3   0.00074      0.43    8.7   0.1   350   374   386   412   377   419 0.81 -
65980at50557_103372_0:0003b3|STRG.14564.4:23-1619|+   -            483 65980at50557         -            380  5.7e-151  502.0   7.2   3   3     0.034        20    3.2   0.1   303   357   402   457   402   465 0.86 -
65980at50557_104421_0:001886|STRG.14564.5:322-873|+   -            184 65980at50557         -            380   2.3e-28   98.5   9.4   1   3   7.5e-29   4.4e-26   91.0   1.7   292   349     1    63     1    70 0.91 -
65980at50557_104421_0:001886|STRG.14564.5:322-873|+   -            184 65980at50557         -            380   2.3e-28   98.5   9.4   2   3    0.0002      0.12   10.6   0.2   350   374    87   113    79   127 0.82 -
65980at50557_104421_0:001886|STRG.14564.5:322-873|+   -            184 65980at50557         -            380   2.3e-28   98.5   9.4   3   3      0.18   1.1e+02    0.8   0.1   333   357   134   158   118   167 0.73 -
89121at50557_34720_0:000746|STRG.3120.2:129-1637|+    -            452 65980at50557         -            380   2.4e-06   26.0   1.4   1   2       1.1   6.2e+02   -1.7   0.0     6    38    44    76    41   112 0.73 -
89121at50557_34720_0:000746|STRG.3120.2:129-1637|+    -            452 65980at50557         -            380   2.4e-06   26.0   1.4   2   2   6.6e-09   3.8e-06   25.3   0.6   158   349   112   322    84   344 0.74 -
89121at50557_454923_0:000612|STRG.15296.1:1980-3005|+ -            342 65980at50557         -            380   3.9e-05   22.0   0.0   1   3     0.057        33    2.5   0.0   181   207    31    57    12    60 0.77 -
89121at50557_454923_0:000612|STRG.15296.1:1980-3005|+ -            342 65980at50557         -            380   3.9e-05   22.0   0.0   2   3    0.0076       4.4    5.4   0.0   319   349   130   161    94   193 0.67 -
89121at50557_454923_0:000612|STRG.15296.1:1980-3005|+ -            342 65980at50557         -            380   3.9e-05   22.0   0.0   3   3   0.00024      0.14   10.3   0.0   198   275   246   326   235   330 0.84 -
89121at50557_34720_0:000746|STRG.3120.1:441-1370|+    -            310 65980at50557         -            380   5.1e-05   21.6   1.0   1   1   1.1e-07   6.6e-05   21.3   1.0   188   350     5   181     1   244 0.79 -
15852at50557_103372_0:0023aa|STRG.3870.1:2-2845|+     -            948 65980at50557         -            380    0.0016   16.7   0.5   1   3     0.017        10    4.2   0.0   214   262   356   404   350   410 0.92 -
15852at50557_103372_0:0023aa|STRG.3870.1:2-2845|+     -            948 65980at50557         -            380    0.0016   16.7   0.5   2   3    0.0063       3.6    5.6   0.0   206   253   409   455   399   472 0.84 -
15852at50557_103372_0:0023aa|STRG.3870.1:2-2845|+     -            948 65980at50557         -            380    0.0016   16.7   0.5   3   3     0.025        15    3.6   0.0   190   262   700   773   683   787 0.73 -
15852at50557_103372_0:0023aa|STRG.3870.2:2-2845|+     -            948 65980at50557         -            380    0.0016   16.7   0.5   1   3     0.017        10    4.2   0.0   214   262   356   404   350   410 0.92 -
15852at50557_103372_0:0023aa|STRG.3870.2:2-2845|+     -            948 65980at50557         -            380    0.0016   16.7   0.5   2   3    0.0063       3.6    5.6   0.0   206   253   409   455   399   472 0.84 -
15852at50557_103372_0:0023aa|STRG.3870.2:2-2845|+     -            948 65980at50557         -            380    0.0016   16.7   0.5   3   3     0.025        15    3.6   0.0   190   262   700   773   683   787 0.73 -
57156at50557_28612_0:002d5e|STRG.14671.3:1343-1966|+  -            208 65980at50557         -            380    0.0025   16.0   1.6   1   1   1.2e-05    0.0069   14.6   1.6   192   342    10   175     1   183 0.72 -
57156at50557_28612_0:002d5e|STRG.14671.4:1460-2083|+  -            208 65980at50557         -            380    0.0025   16.0   1.6   1   1   1.2e-05    0.0069   14.6   1.6   192   342    10   175     1   183 0.72 -
26870at50557_13249_0:003446|STRG.10023.1:1571-2431|+  -            287 65980at50557         -            380    0.0027   16.0   0.1   1   1     7e-06    0.0041   15.4   0.1   221   328   117   229    99   281 0.88 -
108301at50557_103372_0:000620|STRG.12178.1:263-1063|+ -            267 65980at50557         -            380     0.005   15.1   0.2   1   1   1.3e-05    0.0076   14.5   0.2   221   270   151   203   144   208 0.89 -
27499at50557_103372_0:00117b|STRG.9713.1:144-2702|+   -            853 65980at50557         -            380    0.0056   14.9   2.3   1   5     0.009       5.2    5.1   0.0     3    43    18    58    16    75 0.90 -
27499at50557_103372_0:00117b|STRG.9713.1:144-2702|+   -            853 65980at50557         -            380    0.0056   14.9   2.3   2   5      0.69     4e+02   -1.1   0.0   315   346    96   128    88   135 0.61 -
27499at50557_103372_0:00117b|STRG.9713.1:144-2702|+   -            853 65980at50557         -            380    0.0056   14.9   2.3   3   5      0.14        81    1.2   0.0   208   245   227   264   198   334 0.73 -
27499at50557_103372_0:00117b|STRG.9713.1:144-2702|+   -            853 65980at50557         -            380    0.0056   14.9   2.3   4   5      0.02        11    4.0   0.0   209   260   379   430   369   438 0.91 -
27499at50557_103372_0:00117b|STRG.9713.1:144-2702|+   -            853 65980at50557         -            380    0.0056   14.9   2.3   5   5       1.1   6.6e+02   -1.8   0.0     4    48   491   540   489   548 0.69 -
57156at50557_103372_0:001116|STRG.4354.1:186-1814|+   -            543 65980at50557         -            380    0.0089   14.2   0.5   1   3      0.91   5.3e+02   -1.5   0.0   310   338    16    44     8    53 0.85 -
57156at50557_103372_0:001116|STRG.4354.1:186-1814|+   -            543 65980at50557         -            380    0.0089   14.2   0.5   2   3    0.0055       3.2    5.8   0.2     5    41   271   307   238   335 0.86 -
57156at50557_103372_0:001116|STRG.4354.1:186-1814|+   -            543 65980at50557         -            380    0.0089   14.2   0.5   3   3      0.01       5.8    5.0   0.0   213   271   407   468   403   473 0.84 -
57980at50557_286306_0:0025c3|STRG.4841.3:3-2507|+     -            835 65980at50557         -            380      0.13   10.4   4.2   1   1   0.00045      0.26    9.4   3.2    48   131   369   454   328   475 0.72 -
#
# Program:         hmmsearch
# Version:         3.4 (Aug 2023)
# Pipeline mode:   SEARCH
# Query file:      /data/projet1/projet_tutore/busco_downloads/lineages/insecta_odb10/hmms/65980at50557.hmm
# Target file:     annotation_analysis/annotation_gcf/T_septentrionalis/busco_output/run_insecta_odb10/metaeuk_output/initial_results/assembled_transcripts.fasta.modified.fas
# Option settings: hmmsearch --domtblout annotation_analysis/annotation_gcf/T_septentrionalis/busco_output/run_insecta_odb10/hmmer_output/initial_run_results/65980at50557.out --cpu 1 /data/projet1/projet_tutore/busco_downloads/lineages/insecta_odb10/hmms/65980at50557.hmm annotation_analysis/annotation_gcf/T_septentrionalis/busco_output/run_insecta_odb10/metaeuk_output/initial_results/assembled_transcripts.fasta.modified.fas 
# Current dir:     /data/projet1/projet_tutore
# Date:            Sun Oct 13 10:11:38 2024
# [ok]
