#                                                                                                             --- full sequence --- -------------- this domain -------------   hmm coord   ali coord   env coord
# target name                                         accession   tlen query name           accession   qlen   E-value  score  bias   #  of  c-Evalue  i-Evalue  score  bias  from    to  from    to  from    to  acc description of target
#                                 ------------------- ---------- ----- -------------------- ---------- ----- --------- ------ ----- --- --- --------- --------- ------ ----- ----- ----- ----- ----- ----- ----- ---- ---------------------
75671at50557_520822_0:001b19|STRG.15836.1:309-2240|+  -            618 75671at50557         -            300   4.2e-94  314.4  19.3   1   3   5.4e-52   4.8e-49  166.4   0.2     1   139     9   162     9   165 0.91 -
75671at50557_520822_0:001b19|STRG.15836.1:309-2240|+  -            618 75671at50557         -            300   4.2e-94  314.4  19.3   2   3   2.5e-41   2.2e-38  131.4   7.6   132   260   208   375   195   382 0.76 -
75671at50557_520822_0:001b19|STRG.15836.1:309-2240|+  -            618 75671at50557         -            300   4.2e-94  314.4  19.3   3   3   3.3e-06    0.0029   16.1   0.4   253   284   387   426   384   462 0.86 -
75671at50557_520822_0:001b19|STRG.15836.3:312-2165|+  -            618 75671at50557         -            300   4.2e-94  314.4  19.3   1   3   5.4e-52   4.8e-49  166.4   0.2     1   139     9   162     9   165 0.91 -
75671at50557_520822_0:001b19|STRG.15836.3:312-2165|+  -            618 75671at50557         -            300   4.2e-94  314.4  19.3   2   3   2.5e-41   2.2e-38  131.4   7.6   132   260   208   375   195   382 0.76 -
75671at50557_520822_0:001b19|STRG.15836.3:312-2165|+  -            618 75671at50557         -            300   4.2e-94  314.4  19.3   3   3   3.3e-06    0.0029   16.1   0.4   253   284   387   426   384   462 0.86 -
75671at50557_520822_0:001b19|STRG.15836.4:309-2162|+  -            618 75671at50557         -            300   4.2e-94  314.4  19.3   1   3   5.4e-52   4.8e-49  166.4   0.2     1   139     9   162     9   165 0.91 -
75671at50557_520822_0:001b19|STRG.15836.4:309-2162|+  -            618 75671at50557         -            300   4.2e-94  314.4  19.3   2   3   2.5e-41   2.2e-38  131.4   7.6   132   260   208   375   195   382 0.76 -
75671at50557_520822_0:001b19|STRG.15836.4:309-2162|+  -            618 75671at50557         -            300   4.2e-94  314.4  19.3   3   3   3.3e-06    0.0029   16.1   0.4   253   284   387   426   384   462 0.86 -
75671at50557_520822_0:001b19|STRG.15836.2:309-2252|+  -            622 75671at50557         -            300   4.9e-94  314.2  19.4   1   3   5.4e-52   4.9e-49  166.4   0.2     1   139     9   162     9   165 0.91 -
75671at50557_520822_0:001b19|STRG.15836.2:309-2252|+  -            622 75671at50557         -            300   4.9e-94  314.2  19.4   2   3   2.5e-41   2.3e-38  131.4   7.6   132   260   208   375   195   382 0.76 -
75671at50557_520822_0:001b19|STRG.15836.2:309-2252|+  -            622 75671at50557         -            300   4.9e-94  314.2  19.4   3   3   3.2e-06    0.0029   16.1   0.4   253   284   387   426   383   462 0.86 -
31141at50557_34720_0:0021d7|STRG.13539.3:457-2217|+   -            587 75671at50557         -            300     1e-06   27.5   0.0   1   2   0.00023      0.21   10.0   0.0   175   235   153   216   140   221 0.80 -
31141at50557_34720_0:0021d7|STRG.13539.3:457-2217|+   -            587 75671at50557         -            300     1e-06   27.5   0.0   2   2   6.8e-06    0.0061   15.1   0.2   186   240   233   291   228   299 0.86 -
31141at50557_34720_0:0021d7|STRG.13539.4:1390-3435|+  -            682 75671at50557         -            300   1.5e-06   27.0   0.0   1   2   0.00029      0.26    9.7   0.0   175   235   153   216   141   221 0.80 -
31141at50557_34720_0:0021d7|STRG.13539.4:1390-3435|+  -            682 75671at50557         -            300   1.5e-06   27.0   0.0   2   2   8.3e-06    0.0074   14.8   0.2   186   240   233   291   228   299 0.86 -
31141at50557_34720_0:0021d7|STRG.13539.1:457-2502|+   -            682 75671at50557         -            300   1.5e-06   27.0   0.0   1   2   0.00029      0.26    9.7   0.0   175   235   153   216   141   221 0.80 -
31141at50557_34720_0:0021d7|STRG.13539.1:457-2502|+   -            682 75671at50557         -            300   1.5e-06   27.0   0.0   2   2   8.3e-06    0.0074   14.8   0.2   186   240   233   291   228   299 0.86 -
31141at50557_34720_0:0021d7|STRG.13539.2:140-2518|+   -            793 75671at50557         -            300   2.1e-06   26.4   0.0   1   2   0.00035      0.32    9.4   0.0   175   235   264   327   252   332 0.80 -
31141at50557_34720_0:0021d7|STRG.13539.2:140-2518|+   -            793 75671at50557         -            300   2.1e-06   26.4   0.0   2   2     1e-05     0.009   14.5   0.2   186   240   344   402   339   410 0.86 -
102968at50557_113334_0:00227f|STRG.4547.1:1455-1646|+ -             64 75671at50557         -            300    0.0062   15.0   0.2   1   1   7.7e-06    0.0069   14.9   0.2   185   238     8    64     4    64 0.85 -
102968at50557_113334_0:00227f|STRG.4547.2:5189-5380|+ -             64 75671at50557         -            300    0.0062   15.0   0.2   1   1   7.7e-06    0.0069   14.9   0.2   185   238     8    64     4    64 0.85 -
102968at50557_113334_0:00227f|STRG.4547.3:3692-3883|+ -             64 75671at50557         -            300    0.0062   15.0   0.2   1   1   7.7e-06    0.0069   14.9   0.2   185   238     8    64     4    64 0.85 -
#
# Program:         hmmsearch
# Version:         3.4 (Aug 2023)
# Pipeline mode:   SEARCH
# Query file:      /data/projet1/projet_tutore/busco_downloads/lineages/insecta_odb10/hmms/75671at50557.hmm
# Target file:     annotation_analysis/annotation_gcf/T_septentrionalis/busco_output/run_insecta_odb10/metaeuk_output/initial_results/assembled_transcripts.fasta.modified.fas
# Option settings: hmmsearch --domtblout annotation_analysis/annotation_gcf/T_septentrionalis/busco_output/run_insecta_odb10/hmmer_output/initial_run_results/75671at50557.out --cpu 1 /data/projet1/projet_tutore/busco_downloads/lineages/insecta_odb10/hmms/75671at50557.hmm annotation_analysis/annotation_gcf/T_septentrionalis/busco_output/run_insecta_odb10/metaeuk_output/initial_results/assembled_transcripts.fasta.modified.fas 
# Current dir:     /data/projet1/projet_tutore
# Date:            Sun Oct 13 10:12:17 2024
# [ok]
