#                                                                                                             --- full sequence --- -------------- this domain -------------   hmm coord   ali coord   env coord
# target name                                         accession   tlen query name           accession   qlen   E-value  score  bias   #  of  c-Evalue  i-Evalue  score  bias  from    to  from    to  from    to  acc description of target
#                                 ------------------- ---------- ----- -------------------- ---------- ----- --------- ------ ----- --- --- --------- --------- ------ ----- ----- ----- ----- ----- ----- ----- ---- ---------------------
767at50557_520822_0:000947|STRG.9653.4:388-10491|+    -           3368 767at50557           -           2260         0 3811.3  79.0   1  13   3.3e-58   3.3e-56  189.2   0.2     1   105    28   138    28   158 0.94 -
767at50557_520822_0:000947|STRG.9653.4:388-10491|+    -           3368 767at50557           -           2260         0 3811.3  79.0   2  13   1.7e-99   1.7e-97  326.1   7.6   109   314   210   481   204   494 0.85 -
767at50557_520822_0:000947|STRG.9653.4:388-10491|+    -           3368 767at50557           -           2260         0 3811.3  79.0   3  13   1.3e-45   1.3e-43  147.5   0.1   298   386   558   645   539   665 0.88 -
767at50557_520822_0:000947|STRG.9653.4:388-10491|+    -           3368 767at50557           -           2260         0 3811.3  79.0   4  13   1.4e-43   1.4e-41  140.7   0.6   386   457   730   801   721   807 0.95 -
767at50557_520822_0:000947|STRG.9653.4:388-10491|+    -           3368 767at50557           -           2260         0 3811.3  79.0   5  13  8.2e-114  8.2e-112  373.7   2.8   456   664   829  1082   823  1085 0.89 -
767at50557_520822_0:000947|STRG.9653.4:388-10491|+    -           3368 767at50557           -           2260         0 3811.3  79.0   6  13         0         0 1468.7  12.2   661  1472  1124  2117  1115  2122 0.89 -
767at50557_520822_0:000947|STRG.9653.4:388-10491|+    -           3368 767at50557           -           2260         0 3811.3  79.0   7  13   3.6e-22   3.6e-20   69.7   0.0  1466  1513  2144  2191  2129  2198 0.91 -
767at50557_520822_0:000947|STRG.9653.4:388-10491|+    -           3368 767at50557           -           2260         0 3811.3  79.0   8  13     9e-36     9e-34  114.8   0.1  1521  1588  2295  2362  2275  2375 0.90 -
767at50557_520822_0:000947|STRG.9653.4:388-10491|+    -           3368 767at50557           -           2260         0 3811.3  79.0   9  13   1.2e-83   1.2e-81  273.6   3.7  1586  1744  2388  2563  2378  2568 0.90 -
767at50557_520822_0:000947|STRG.9653.4:388-10491|+    -           3368 767at50557           -           2260         0 3811.3  79.0  10  13     5e-38     5e-36  122.3   0.0  1722  1817  2572  2678  2567  2690 0.89 -
767at50557_520822_0:000947|STRG.9653.4:388-10491|+    -           3368 767at50557           -           2260         0 3811.3  79.0  11  13   1.6e-56   1.6e-54  183.6   0.0  1812  1990  2709  2958  2701  2966 0.82 -
767at50557_520822_0:000947|STRG.9653.4:388-10491|+    -           3368 767at50557           -           2260         0 3811.3  79.0  12  13     5e-82     5e-80  268.2   0.1  1978  2160  2981  3210  2976  3217 0.86 -
767at50557_520822_0:000947|STRG.9653.4:388-10491|+    -           3368 767at50557           -           2260         0 3811.3  79.0  13  13   1.1e-45   1.1e-43  147.7   0.0  2142  2260  3218  3348  3207  3348 0.87 -
767at50557_520822_0:000947|STRG.9653.1:511-10506|+    -           3332 767at50557           -           2260         0 3811.3  79.3   1  13   3.6e-58   3.6e-56  189.1   0.2     1   105    28   138    28   151 0.94 -
767at50557_520822_0:000947|STRG.9653.1:511-10506|+    -           3332 767at50557           -           2260         0 3811.3  79.3   2  13   1.6e-99   1.6e-97  326.3   7.6   109   314   174   445   167   458 0.85 -
767at50557_520822_0:000947|STRG.9653.1:511-10506|+    -           3332 767at50557           -           2260         0 3811.3  79.3   3  13   1.3e-45   1.3e-43  147.5   0.1   298   386   522   609   503   629 0.88 -
767at50557_520822_0:000947|STRG.9653.1:511-10506|+    -           3332 767at50557           -           2260         0 3811.3  79.3   4  13   1.4e-43   1.4e-41  140.7   0.6   386   457   694   765   685   771 0.95 -
767at50557_520822_0:000947|STRG.9653.1:511-10506|+    -           3332 767at50557           -           2260         0 3811.3  79.3   5  13  8.2e-114  8.2e-112  373.7   2.8   456   664   793  1046   787  1049 0.89 -
767at50557_520822_0:000947|STRG.9653.1:511-10506|+    -           3332 767at50557           -           2260         0 3811.3  79.3   6  13         0         0 1468.6  12.3   661  1472  1088  2081  1079  2086 0.89 -
767at50557_520822_0:000947|STRG.9653.1:511-10506|+    -           3332 767at50557           -           2260         0 3811.3  79.3   7  13   3.5e-22   3.5e-20   69.7   0.0  1466  1513  2108  2155  2093  2162 0.91 -
767at50557_520822_0:000947|STRG.9653.1:511-10506|+    -           3332 767at50557           -           2260         0 3811.3  79.3   8  13   8.9e-36   8.9e-34  114.8   0.1  1521  1588  2259  2326  2239  2339 0.90 -
767at50557_520822_0:000947|STRG.9653.1:511-10506|+    -           3332 767at50557           -           2260         0 3811.3  79.3   9  13   1.2e-83   1.2e-81  273.6   3.7  1586  1744  2352  2527  2342  2532 0.90 -
767at50557_520822_0:000947|STRG.9653.1:511-10506|+    -           3332 767at50557           -           2260         0 3811.3  79.3  10  13     5e-38     5e-36  122.3   0.0  1722  1817  2536  2642  2531  2654 0.89 -
767at50557_520822_0:000947|STRG.9653.1:511-10506|+    -           3332 767at50557           -           2260         0 3811.3  79.3  11  13   1.6e-56   1.6e-54  183.6   0.0  1812  1990  2673  2922  2665  2930 0.82 -
767at50557_520822_0:000947|STRG.9653.1:511-10506|+    -           3332 767at50557           -           2260         0 3811.3  79.3  12  13   4.9e-82   4.9e-80  268.3   0.1  1978  2160  2945  3174  2940  3181 0.86 -
767at50557_520822_0:000947|STRG.9653.1:511-10506|+    -           3332 767at50557           -           2260         0 3811.3  79.3  13  13   1.1e-45   1.1e-43  147.7   0.0  2142  2260  3182  3312  3171  3312 0.87 -
767at50557_520822_0:000947|STRG.9653.2:511-10577|+    -           3332 767at50557           -           2260         0 3811.3  79.3   1  13   3.6e-58   3.6e-56  189.1   0.2     1   105    28   138    28   151 0.94 -
767at50557_520822_0:000947|STRG.9653.2:511-10577|+    -           3332 767at50557           -           2260         0 3811.3  79.3   2  13   1.6e-99   1.6e-97  326.3   7.6   109   314   174   445   167   458 0.85 -
767at50557_520822_0:000947|STRG.9653.2:511-10577|+    -           3332 767at50557           -           2260         0 3811.3  79.3   3  13   1.3e-45   1.3e-43  147.5   0.1   298   386   522   609   503   629 0.88 -
767at50557_520822_0:000947|STRG.9653.2:511-10577|+    -           3332 767at50557           -           2260         0 3811.3  79.3   4  13   1.4e-43   1.4e-41  140.7   0.6   386   457   694   765   685   771 0.95 -
767at50557_520822_0:000947|STRG.9653.2:511-10577|+    -           3332 767at50557           -           2260         0 3811.3  79.3   5  13  8.2e-114  8.2e-112  373.7   2.8   456   664   793  1046   787  1049 0.89 -
767at50557_520822_0:000947|STRG.9653.2:511-10577|+    -           3332 767at50557           -           2260         0 3811.3  79.3   6  13         0         0 1468.6  12.3   661  1472  1088  2081  1079  2086 0.89 -
767at50557_520822_0:000947|STRG.9653.2:511-10577|+    -           3332 767at50557           -           2260         0 3811.3  79.3   7  13   3.5e-22   3.5e-20   69.7   0.0  1466  1513  2108  2155  2093  2162 0.91 -
767at50557_520822_0:000947|STRG.9653.2:511-10577|+    -           3332 767at50557           -           2260         0 3811.3  79.3   8  13   8.9e-36   8.9e-34  114.8   0.1  1521  1588  2259  2326  2239  2339 0.90 -
767at50557_520822_0:000947|STRG.9653.2:511-10577|+    -           3332 767at50557           -           2260         0 3811.3  79.3   9  13   1.2e-83   1.2e-81  273.6   3.7  1586  1744  2352  2527  2342  2532 0.90 -
767at50557_520822_0:000947|STRG.9653.2:511-10577|+    -           3332 767at50557           -           2260         0 3811.3  79.3  10  13     5e-38     5e-36  122.3   0.0  1722  1817  2536  2642  2531  2654 0.89 -
767at50557_520822_0:000947|STRG.9653.2:511-10577|+    -           3332 767at50557           -           2260         0 3811.3  79.3  11  13   1.6e-56   1.6e-54  183.6   0.0  1812  1990  2673  2922  2665  2930 0.82 -
767at50557_520822_0:000947|STRG.9653.2:511-10577|+    -           3332 767at50557           -           2260         0 3811.3  79.3  12  13   4.9e-82   4.9e-80  268.3   0.1  1978  2160  2945  3174  2940  3181 0.86 -
767at50557_520822_0:000947|STRG.9653.2:511-10577|+    -           3332 767at50557           -           2260         0 3811.3  79.3  13  13   1.1e-45   1.1e-43  147.7   0.0  2142  2260  3182  3312  3171  3312 0.87 -
767at50557_520822_0:000947|STRG.9653.8:0-9992|+       -           3331 767at50557           -           2260         0 3811.2  79.4   1  13   3.7e-58   3.7e-56  189.1   0.2     1   105    28   138    28   151 0.94 -
767at50557_520822_0:000947|STRG.9653.8:0-9992|+       -           3331 767at50557           -           2260         0 3811.2  79.4   2  13   1.6e-99   1.6e-97  326.3   7.6   109   314   173   444   166   457 0.85 -
767at50557_520822_0:000947|STRG.9653.8:0-9992|+       -           3331 767at50557           -           2260         0 3811.2  79.4   3  13   1.3e-45   1.3e-43  147.5   0.1   298   386   521   608   502   628 0.88 -
767at50557_520822_0:000947|STRG.9653.8:0-9992|+       -           3331 767at50557           -           2260         0 3811.2  79.4   4  13   1.4e-43   1.4e-41  140.7   0.6   386   457   693   764   684   770 0.95 -
767at50557_520822_0:000947|STRG.9653.8:0-9992|+       -           3331 767at50557           -           2260         0 3811.2  79.4   5  13  8.2e-114  8.2e-112  373.7   2.8   456   664   792  1045   786  1048 0.89 -
767at50557_520822_0:000947|STRG.9653.8:0-9992|+       -           3331 767at50557           -           2260         0 3811.2  79.4   6  13         0         0 1468.6  12.3   661  1472  1087  2080  1078  2085 0.89 -
767at50557_520822_0:000947|STRG.9653.8:0-9992|+       -           3331 767at50557           -           2260         0 3811.2  79.4   7  13   3.5e-22   3.5e-20   69.7   0.0  1466  1513  2107  2154  2092  2161 0.91 -
767at50557_520822_0:000947|STRG.9653.8:0-9992|+       -           3331 767at50557           -           2260         0 3811.2  79.4   8  13   8.9e-36   8.8e-34  114.8   0.1  1521  1588  2258  2325  2238  2338 0.90 -
767at50557_520822_0:000947|STRG.9653.8:0-9992|+       -           3331 767at50557           -           2260         0 3811.2  79.4   9  13   1.2e-83   1.2e-81  273.6   3.7  1586  1744  2351  2526  2341  2531 0.90 -
767at50557_520822_0:000947|STRG.9653.8:0-9992|+       -           3331 767at50557           -           2260         0 3811.2  79.4  10  13     5e-38     5e-36  122.3   0.0  1722  1817  2535  2641  2530  2653 0.89 -
767at50557_520822_0:000947|STRG.9653.8:0-9992|+       -           3331 767at50557           -           2260         0 3811.2  79.4  11  13   1.6e-56   1.6e-54  183.6   0.0  1812  1990  2672  2921  2664  2929 0.82 -
767at50557_520822_0:000947|STRG.9653.8:0-9992|+       -           3331 767at50557           -           2260         0 3811.2  79.4  12  13   4.9e-82   4.9e-80  268.3   0.1  1978  2160  2944  3173  2939  3180 0.86 -
767at50557_520822_0:000947|STRG.9653.8:0-9992|+       -           3331 767at50557           -           2260         0 3811.2  79.4  13  13   1.1e-45   1.1e-43  147.7   0.0  2142  2260  3181  3311  3170  3311 0.87 -
767at50557_520822_0:000947|STRG.9653.5:388-10575|+    -           3396 767at50557           -           2260         0 3790.7  79.0   1  14   3.3e-58   3.3e-56  189.2   0.2     1   105    28   138    28   159 0.94 -
767at50557_520822_0:000947|STRG.9653.5:388-10575|+    -           3396 767at50557           -           2260         0 3790.7  79.0   2  14   1.7e-99   1.7e-97  326.1   7.6   109   314   209   480   203   493 0.85 -
767at50557_520822_0:000947|STRG.9653.5:388-10575|+    -           3396 767at50557           -           2260         0 3790.7  79.0   3  14   1.3e-45   1.3e-43  147.5   0.1   298   386   557   644   538   664 0.88 -
767at50557_520822_0:000947|STRG.9653.5:388-10575|+    -           3396 767at50557           -           2260         0 3790.7  79.0   4  14   1.4e-43   1.4e-41  140.7   0.6   386   457   729   800   720   806 0.95 -
767at50557_520822_0:000947|STRG.9653.5:388-10575|+    -           3396 767at50557           -           2260         0 3790.7  79.0   5  14  8.3e-114  8.3e-112  373.6   2.8   456   664   828  1081   822  1084 0.89 -
767at50557_520822_0:000947|STRG.9653.5:388-10575|+    -           3396 767at50557           -           2260         0 3790.7  79.0   6  14         0         0 1468.6  12.3   661  1472  1123  2116  1114  2121 0.89 -
767at50557_520822_0:000947|STRG.9653.5:388-10575|+    -           3396 767at50557           -           2260         0 3790.7  79.0   7  14   3.6e-22   3.6e-20   69.7   0.0  1466  1513  2143  2190  2128  2197 0.91 -
767at50557_520822_0:000947|STRG.9653.5:388-10575|+    -           3396 767at50557           -           2260         0 3790.7  79.0   8  14   9.1e-36     9e-34  114.8   0.1  1521  1588  2294  2361  2274  2374 0.90 -
767at50557_520822_0:000947|STRG.9653.5:388-10575|+    -           3396 767at50557           -           2260         0 3790.7  79.0   9  14   1.2e-83   1.2e-81  273.6   3.7  1586  1744  2387  2562  2377  2567 0.90 -
767at50557_520822_0:000947|STRG.9653.5:388-10575|+    -           3396 767at50557           -           2260         0 3790.7  79.0  10  14   5.1e-38   5.1e-36  122.3   0.0  1722  1817  2571  2677  2566  2689 0.89 -
767at50557_520822_0:000947|STRG.9653.5:388-10575|+    -           3396 767at50557           -           2260         0 3790.7  79.0  11  14   1.6e-56   1.6e-54  183.6   0.0  1812  1990  2708  2957  2700  2965 0.82 -
767at50557_520822_0:000947|STRG.9653.5:388-10575|+    -           3396 767at50557           -           2260         0 3790.7  79.0  12  14     1e-24     1e-22   78.1   0.0  1978  2043  2980  3057  2975  3062 0.83 -
767at50557_520822_0:000947|STRG.9653.5:388-10575|+    -           3396 767at50557           -           2260         0 3790.7  79.0  13  14   1.5e-52   1.5e-50  170.5   0.1  2054  2161  3120  3239  3105  3247 0.90 -
767at50557_520822_0:000947|STRG.9653.5:388-10575|+    -           3396 767at50557           -           2260         0 3790.7  79.0  14  14   1.2e-45   1.2e-43  147.6   0.0  2143  2260  3247  3376  3237  3376 0.87 -
767at50557_520822_0:000947|STRG.9653.7:0-10190|+      -           3397 767at50557           -           2260         0 3790.7  79.0   1  14   3.4e-58   3.3e-56  189.2   0.2     1   105    28   138    28   158 0.94 -
767at50557_520822_0:000947|STRG.9653.7:0-10190|+      -           3397 767at50557           -           2260         0 3790.7  79.0   2  14   1.7e-99   1.7e-97  326.1   7.6   109   314   210   481   204   494 0.85 -
767at50557_520822_0:000947|STRG.9653.7:0-10190|+      -           3397 767at50557           -           2260         0 3790.7  79.0   3  14   1.3e-45   1.3e-43  147.5   0.1   298   386   558   645   539   665 0.88 -
767at50557_520822_0:000947|STRG.9653.7:0-10190|+      -           3397 767at50557           -           2260         0 3790.7  79.0   4  14   1.4e-43   1.4e-41  140.7   0.6   386   457   730   801   721   807 0.95 -
767at50557_520822_0:000947|STRG.9653.7:0-10190|+      -           3397 767at50557           -           2260         0 3790.7  79.0   5  14  8.3e-114  8.3e-112  373.6   2.8   456   664   829  1082   823  1085 0.89 -
767at50557_520822_0:000947|STRG.9653.7:0-10190|+      -           3397 767at50557           -           2260         0 3790.7  79.0   6  14         0         0 1468.6  12.3   661  1472  1124  2117  1115  2122 0.89 -
767at50557_520822_0:000947|STRG.9653.7:0-10190|+      -           3397 767at50557           -           2260         0 3790.7  79.0   7  14   3.6e-22   3.6e-20   69.7   0.0  1466  1513  2144  2191  2129  2198 0.91 -
767at50557_520822_0:000947|STRG.9653.7:0-10190|+      -           3397 767at50557           -           2260         0 3790.7  79.0   8  14   9.1e-36     9e-34  114.8   0.1  1521  1588  2295  2362  2275  2375 0.90 -
767at50557_520822_0:000947|STRG.9653.7:0-10190|+      -           3397 767at50557           -           2260         0 3790.7  79.0   9  14   1.2e-83   1.2e-81  273.6   3.7  1586  1744  2388  2563  2378  2568 0.90 -
767at50557_520822_0:000947|STRG.9653.7:0-10190|+      -           3397 767at50557           -           2260         0 3790.7  79.0  10  14   5.1e-38   5.1e-36  122.3   0.0  1722  1817  2572  2678  2567  2690 0.89 -
767at50557_520822_0:000947|STRG.9653.7:0-10190|+      -           3397 767at50557           -           2260         0 3790.7  79.0  11  14   1.6e-56   1.6e-54  183.6   0.0  1812  1990  2709  2958  2701  2966 0.82 -
767at50557_520822_0:000947|STRG.9653.7:0-10190|+      -           3397 767at50557           -           2260         0 3790.7  79.0  12  14     1e-24     1e-22   78.1   0.0  1978  2043  2981  3058  2976  3063 0.83 -
767at50557_520822_0:000947|STRG.9653.7:0-10190|+      -           3397 767at50557           -           2260         0 3790.7  79.0  13  14   1.5e-52   1.5e-50  170.5   0.1  2054  2161  3121  3240  3106  3248 0.90 -
767at50557_520822_0:000947|STRG.9653.7:0-10190|+      -           3397 767at50557           -           2260         0 3790.7  79.0  14  14   1.2e-45   1.2e-43  147.6   0.0  2143  2260  3248  3377  3238  3377 0.87 -
767at50557_520822_0:000947|STRG.9653.6:388-10467|+    -           3360 767at50557           -           2260         0 3790.6  79.3   1  14   3.7e-58   3.7e-56  189.1   0.2     1   105    28   138    28   151 0.94 -
767at50557_520822_0:000947|STRG.9653.6:388-10467|+    -           3360 767at50557           -           2260         0 3790.6  79.3   2  14   1.6e-99   1.6e-97  326.2   7.6   109   314   173   444   166   457 0.85 -
767at50557_520822_0:000947|STRG.9653.6:388-10467|+    -           3360 767at50557           -           2260         0 3790.6  79.3   3  14   1.3e-45   1.3e-43  147.5   0.1   298   386   521   608   502   628 0.88 -
767at50557_520822_0:000947|STRG.9653.6:388-10467|+    -           3360 767at50557           -           2260         0 3790.6  79.3   4  14   1.4e-43   1.4e-41  140.7   0.6   386   457   693   764   684   770 0.95 -
767at50557_520822_0:000947|STRG.9653.6:388-10467|+    -           3360 767at50557           -           2260         0 3790.6  79.3   5  14  8.3e-114  8.3e-112  373.6   2.8   456   664   792  1045   786  1048 0.89 -
767at50557_520822_0:000947|STRG.9653.6:388-10467|+    -           3360 767at50557           -           2260         0 3790.6  79.3   6  14         0         0 1468.7  12.2   661  1472  1087  2080  1078  2085 0.89 -
767at50557_520822_0:000947|STRG.9653.6:388-10467|+    -           3360 767at50557           -           2260         0 3790.6  79.3   7  14   3.6e-22   3.6e-20   69.7   0.0  1466  1513  2107  2154  2092  2161 0.91 -
767at50557_520822_0:000947|STRG.9653.6:388-10467|+    -           3360 767at50557           -           2260         0 3790.6  79.3   8  14   8.9e-36   8.9e-34  114.8   0.1  1521  1588  2258  2325  2238  2338 0.90 -
767at50557_520822_0:000947|STRG.9653.6:388-10467|+    -           3360 767at50557           -           2260         0 3790.6  79.3   9  14   1.2e-83   1.2e-81  273.6   3.7  1586  1744  2351  2526  2341  2531 0.90 -
767at50557_520822_0:000947|STRG.9653.6:388-10467|+    -           3360 767at50557           -           2260         0 3790.6  79.3  10  14     5e-38     5e-36  122.3   0.0  1722  1817  2535  2641  2530  2653 0.89 -
767at50557_520822_0:000947|STRG.9653.6:388-10467|+    -           3360 767at50557           -           2260         0 3790.6  79.3  11  14   1.6e-56   1.6e-54  183.6   0.0  1812  1990  2672  2921  2664  2929 0.82 -
767at50557_520822_0:000947|STRG.9653.6:388-10467|+    -           3360 767at50557           -           2260         0 3790.6  79.3  12  14     1e-24     1e-22   78.1   0.0  1978  2043  2944  3021  2939  3026 0.83 -
767at50557_520822_0:000947|STRG.9653.6:388-10467|+    -           3360 767at50557           -           2260         0 3790.6  79.3  13  14   1.4e-52   1.4e-50  170.5   0.1  2054  2161  3084  3203  3069  3211 0.90 -
767at50557_520822_0:000947|STRG.9653.6:388-10467|+    -           3360 767at50557           -           2260         0 3790.6  79.3  14  14   1.1e-45   1.1e-43  147.6   0.0  2143  2260  3211  3340  3201  3340 0.87 -
767at50557_520822_0:000947|STRG.9653.3:388-10470|+    -           3361 767at50557           -           2260         0 3790.6  79.3   1  14   3.7e-58   3.7e-56  189.1   0.2     1   105    28   138    28   151 0.94 -
767at50557_520822_0:000947|STRG.9653.3:388-10470|+    -           3361 767at50557           -           2260         0 3790.6  79.3   2  14   1.6e-99   1.6e-97  326.2   7.6   109   314   174   445   167   458 0.85 -
767at50557_520822_0:000947|STRG.9653.3:388-10470|+    -           3361 767at50557           -           2260         0 3790.6  79.3   3  14   1.3e-45   1.3e-43  147.5   0.1   298   386   522   609   503   629 0.88 -
767at50557_520822_0:000947|STRG.9653.3:388-10470|+    -           3361 767at50557           -           2260         0 3790.6  79.3   4  14   1.4e-43   1.4e-41  140.7   0.6   386   457   694   765   685   771 0.95 -
767at50557_520822_0:000947|STRG.9653.3:388-10470|+    -           3361 767at50557           -           2260         0 3790.6  79.3   5  14  8.3e-114  8.3e-112  373.6   2.8   456   664   793  1046   787  1049 0.89 -
767at50557_520822_0:000947|STRG.9653.3:388-10470|+    -           3361 767at50557           -           2260         0 3790.6  79.3   6  14         0         0 1468.7  12.2   661  1472  1088  2081  1079  2086 0.89 -
767at50557_520822_0:000947|STRG.9653.3:388-10470|+    -           3361 767at50557           -           2260         0 3790.6  79.3   7  14   3.6e-22   3.6e-20   69.7   0.0  1466  1513  2108  2155  2093  2162 0.91 -
767at50557_520822_0:000947|STRG.9653.3:388-10470|+    -           3361 767at50557           -           2260         0 3790.6  79.3   8  14   8.9e-36   8.9e-34  114.8   0.1  1521  1588  2259  2326  2239  2339 0.90 -
767at50557_520822_0:000947|STRG.9653.3:388-10470|+    -           3361 767at50557           -           2260         0 3790.6  79.3   9  14   1.2e-83   1.2e-81  273.6   3.7  1586  1744  2352  2527  2342  2532 0.90 -
767at50557_520822_0:000947|STRG.9653.3:388-10470|+    -           3361 767at50557           -           2260         0 3790.6  79.3  10  14     5e-38     5e-36  122.3   0.0  1722  1817  2536  2642  2531  2654 0.89 -
767at50557_520822_0:000947|STRG.9653.3:388-10470|+    -           3361 767at50557           -           2260         0 3790.6  79.3  11  14   1.6e-56   1.6e-54  183.6   0.0  1812  1990  2673  2922  2665  2930 0.82 -
767at50557_520822_0:000947|STRG.9653.3:388-10470|+    -           3361 767at50557           -           2260         0 3790.6  79.3  12  14     1e-24     1e-22   78.1   0.0  1978  2043  2945  3022  2940  3027 0.83 -
767at50557_520822_0:000947|STRG.9653.3:388-10470|+    -           3361 767at50557           -           2260         0 3790.6  79.3  13  14   1.4e-52   1.4e-50  170.5   0.1  2054  2161  3085  3204  3070  3212 0.90 -
767at50557_520822_0:000947|STRG.9653.3:388-10470|+    -           3361 767at50557           -           2260         0 3790.6  79.3  14  14   1.1e-45   1.1e-43  147.6   0.0  2143  2260  3212  3341  3202  3341 0.87 -
57752at50557_69319_0:000ee5|STRG.8887.1:190-993|+     -            268 767at50557           -           2260   8.2e-10   35.4   0.5   1   3     6e-07     6e-05   19.2   0.1  2059  2141    72   162    65   172 0.79 -
57752at50557_69319_0:000ee5|STRG.8887.1:190-993|+     -            268 767at50557           -           2260   8.2e-10   35.4   0.5   2   3      0.87        87   -1.2   0.0   136   153   175   193   167   199 0.84 -
57752at50557_69319_0:000ee5|STRG.8887.1:190-993|+     -            268 767at50557           -           2260   8.2e-10   35.4   0.5   3   3   3.9e-05    0.0039   13.2   0.0  2058  2092   201   235   190   268 0.77 -
57752at50557_103372_0:000c5a|STRG.9911.1:169-1530|+   -            454 767at50557           -           2260   2.4e-08   30.5   0.0   1   3   1.7e-05    0.0017   14.4   0.0  2193  2259   141   205   109   206 0.88 -
57752at50557_103372_0:000c5a|STRG.9911.1:169-1530|+   -            454 767at50557           -           2260   2.4e-08   30.5   0.0   2   3   3.8e-05    0.0038   13.2   0.0  2163  2234   233   308   215   331 0.80 -
57752at50557_103372_0:000c5a|STRG.9911.1:169-1530|+   -            454 767at50557           -           2260   2.4e-08   30.5   0.0   3   3         2     2e+02   -2.4   0.0  2192  2225   349   381   344   392 0.74 -
40115at50557_156304_0:001c45|STRG.7719.1:147-1073|+   -            309 767at50557           -           2260     4e-08   29.7   0.9   1   4   7.1e-06   0.00071   15.7   0.0    74   200    17   131     7   134 0.77 -
40115at50557_156304_0:001c45|STRG.7719.1:147-1073|+   -            309 767at50557           -           2260     4e-08   29.7   0.9   2   4    0.0022      0.22    7.4   0.0    76   148   103   173    91   195 0.56 -
40115at50557_156304_0:001c45|STRG.7719.1:147-1073|+   -            309 767at50557           -           2260     4e-08   29.7   0.9   3   4     0.015       1.5    4.7   0.1    97   183   168   249   137   262 0.60 -
40115at50557_156304_0:001c45|STRG.7719.1:147-1073|+   -            309 767at50557           -           2260     4e-08   29.7   0.9   4   4    0.0093      0.93    5.3   0.0   120   149   272   300   241   306 0.76 -
40115at50557_156304_0:001c45|STRG.7719.4:189-1115|+   -            309 767at50557           -           2260     4e-08   29.7   0.9   1   4   7.1e-06   0.00071   15.7   0.0    74   200    17   131     7   134 0.77 -
40115at50557_156304_0:001c45|STRG.7719.4:189-1115|+   -            309 767at50557           -           2260     4e-08   29.7   0.9   2   4    0.0022      0.22    7.4   0.0    76   148   103   173    91   195 0.56 -
40115at50557_156304_0:001c45|STRG.7719.4:189-1115|+   -            309 767at50557           -           2260     4e-08   29.7   0.9   3   4     0.015       1.5    4.7   0.1    97   183   168   249   137   262 0.60 -
40115at50557_156304_0:001c45|STRG.7719.4:189-1115|+   -            309 767at50557           -           2260     4e-08   29.7   0.9   4   4    0.0093      0.93    5.3   0.0   120   149   272   300   241   306 0.76 -
40115at50557_156304_0:001c45|STRG.7719.5:297-1223|+   -            309 767at50557           -           2260     4e-08   29.7   0.9   1   4   7.1e-06   0.00071   15.7   0.0    74   200    17   131     7   134 0.77 -
40115at50557_156304_0:001c45|STRG.7719.5:297-1223|+   -            309 767at50557           -           2260     4e-08   29.7   0.9   2   4    0.0022      0.22    7.4   0.0    76   148   103   173    91   195 0.56 -
40115at50557_156304_0:001c45|STRG.7719.5:297-1223|+   -            309 767at50557           -           2260     4e-08   29.7   0.9   3   4     0.015       1.5    4.7   0.1    97   183   168   249   137   262 0.60 -
40115at50557_156304_0:001c45|STRG.7719.5:297-1223|+   -            309 767at50557           -           2260     4e-08   29.7   0.9   4   4    0.0093      0.93    5.3   0.0   120   149   272   300   241   306 0.76 -
40115at50557_156304_0:001c45|STRG.7719.2:286-1236|+   -            317 767at50557           -           2260   4.2e-08   29.7   0.8   1   4   6.5e-06   0.00065   15.8   0.0    74   200    25   139    11   144 0.78 -
40115at50557_156304_0:001c45|STRG.7719.2:286-1236|+   -            317 767at50557           -           2260   4.2e-08   29.7   0.8   2   4    0.0091      0.91    5.4   0.1    79   148   114   181   111   203 0.66 -
40115at50557_156304_0:001c45|STRG.7719.2:286-1236|+   -            317 767at50557           -           2260   4.2e-08   29.7   0.8   3   4     0.015       1.5    4.6   0.1    97   183   176   257   143   268 0.58 -
40115at50557_156304_0:001c45|STRG.7719.2:286-1236|+   -            317 767at50557           -           2260   4.2e-08   29.7   0.8   4   4     0.014       1.4    4.7   0.0   120   149   280   308   266   314 0.81 -
40115at50557_156304_0:001c45|STRG.7719.6:286-1236|+   -            317 767at50557           -           2260   4.2e-08   29.7   0.8   1   4   6.5e-06   0.00065   15.8   0.0    74   200    25   139    11   144 0.78 -
40115at50557_156304_0:001c45|STRG.7719.6:286-1236|+   -            317 767at50557           -           2260   4.2e-08   29.7   0.8   2   4    0.0091      0.91    5.4   0.1    79   148   114   181   111   203 0.66 -
40115at50557_156304_0:001c45|STRG.7719.6:286-1236|+   -            317 767at50557           -           2260   4.2e-08   29.7   0.8   3   4     0.015       1.5    4.6   0.1    97   183   176   257   143   268 0.58 -
40115at50557_156304_0:001c45|STRG.7719.6:286-1236|+   -            317 767at50557           -           2260   4.2e-08   29.7   0.8   4   4     0.014       1.4    4.7   0.0   120   149   280   308   266   314 0.81 -
14512at50557_103372_0:0005b9|STRG.9027.1:361-2940|+   -            860 767at50557           -           2260   2.4e-07   27.1   0.0   1   3    0.0016      0.16    7.8   0.0  2157  2228    16    93    10    98 0.75 -
14512at50557_103372_0:0005b9|STRG.9027.1:361-2940|+   -            860 767at50557           -           2260   2.4e-07   27.1   0.0   2   3   0.00014     0.014   11.3   0.0  2153  2226    55   133    48   139 0.79 -
14512at50557_103372_0:0005b9|STRG.9027.1:361-2940|+   -            860 767at50557           -           2260   2.4e-07   27.1   0.0   3   3    0.0002      0.02   10.8   0.0  2152  2226   138   217   134   235 0.83 -
14512at50557_103372_0:0005b9|STRG.9027.2:361-2997|+   -            879 767at50557           -           2260   2.6e-07   27.0   0.0   1   3    0.0017      0.17    7.8   0.0  2157  2228    16    93    10    98 0.75 -
14512at50557_103372_0:0005b9|STRG.9027.2:361-2997|+   -            879 767at50557           -           2260   2.6e-07   27.0   0.0   2   3   0.00015     0.015   11.3   0.0  2153  2226    55   133    48   139 0.79 -
14512at50557_103372_0:0005b9|STRG.9027.2:361-2997|+   -            879 767at50557           -           2260   2.6e-07   27.0   0.0   3   3   0.00021     0.021   10.8   0.0  2152  2226   138   217   134   235 0.83 -
57752at50557_121225_0:0018b6|STRG.7485.1:539-1453|+   -            305 767at50557           -           2260   2.8e-07   27.0   3.7   1   2   4.6e-06   0.00045   16.3   1.1  2062  2232     8   168     2   198 0.78 -
57752at50557_121225_0:0018b6|STRG.7485.1:539-1453|+   -            305 767at50557           -           2260   2.8e-07   27.0   3.7   2   2   0.00043     0.043    9.8   0.1  2146  2224   222   305   203   305 0.72 -
57752at50557_121225_0:0018b6|STRG.7485.2:537-1451|+   -            305 767at50557           -           2260   2.8e-07   27.0   3.7   1   2   4.6e-06   0.00045   16.3   1.1  2062  2232     8   168     2   198 0.78 -
57752at50557_121225_0:0018b6|STRG.7485.2:537-1451|+   -            305 767at50557           -           2260   2.8e-07   27.0   3.7   2   2   0.00043     0.043    9.8   0.1  2146  2224   222   305   203   305 0.72 -
40115at50557_108931_0:001d6b|STRG.14427.1:951-1988|+  -            346 767at50557           -           2260   1.4e-06   24.6   0.9   1   3     0.011       1.1    5.1   0.0  2188  2244     4    61     2    76 0.85 -
40115at50557_108931_0:001d6b|STRG.14427.1:951-1988|+  -            346 767at50557           -           2260   1.4e-06   24.6   0.9   2   3    0.0073      0.73    5.7   0.2  2183  2228   178   223    76   237 0.63 -
40115at50557_108931_0:001d6b|STRG.14427.1:951-1988|+  -            346 767at50557           -           2260   1.4e-06   24.6   0.9   3   3   0.00031     0.031   10.2   0.0    98   150   265   313   256   323 0.75 -
78072at50557_7070_0:002a52|STRG.1939.1:1066-1908|+    -            281 767at50557           -           2260   2.9e-06   23.6   3.9   1   3    0.0011      0.11    8.4   0.5    81   176     2    93     1   100 0.77 -
78072at50557_7070_0:002a52|STRG.1939.1:1066-1908|+    -            281 767at50557           -           2260   2.9e-06   23.6   3.9   2   3     0.001       0.1    8.5   0.0  2190  2226    75   111    70   118 0.88 -
78072at50557_7070_0:002a52|STRG.1939.1:1066-1908|+    -            281 767at50557           -           2260   2.9e-06   23.6   3.9   3   3   0.00026     0.026   10.5   0.2  2055  2170   119   222   114   281 0.61 -
78072at50557_7070_0:002a52|STRG.1939.2:1025-1867|+    -            281 767at50557           -           2260   2.9e-06   23.6   3.9   1   3    0.0011      0.11    8.4   0.5    81   176     2    93     1   100 0.77 -
78072at50557_7070_0:002a52|STRG.1939.2:1025-1867|+    -            281 767at50557           -           2260   2.9e-06   23.6   3.9   2   3     0.001       0.1    8.5   0.0  2190  2226    75   111    70   118 0.88 -
78072at50557_7070_0:002a52|STRG.1939.2:1025-1867|+    -            281 767at50557           -           2260   2.9e-06   23.6   3.9   3   3   0.00026     0.026   10.5   0.2  2055  2170   119   222   114   281 0.61 -
43553at50557_79782_0:002ee3|STRG.1065.1:238-1140|+    -            301 767at50557           -           2260   5.5e-06   22.6   0.9   1   2   6.7e-08   6.7e-06   22.4   0.2  2054  2241    10   189     4   227 0.77 -
43553at50557_79782_0:002ee3|STRG.1065.1:238-1140|+    -            301 767at50557           -           2260   5.5e-06   22.6   0.9   2   2       2.6   2.6e+02   -2.8   0.0  2075  2124   248   300   234   301 0.64 -
25500at50557_13686_0:0020f5|STRG.10457.1:163-1968|+   -            602 767at50557           -           2260     7e-06   22.3   0.0   1   3      0.34        34    0.1   0.0  2190  2247    52   108    27   122 0.73 -
25500at50557_13686_0:0020f5|STRG.10457.1:163-1968|+   -            602 767at50557           -           2260     7e-06   22.3   0.0   2   3    0.0015      0.15    7.9   0.0  2155  2227   275   350   146   371 0.84 -
25500at50557_13686_0:0020f5|STRG.10457.1:163-1968|+   -            602 767at50557           -           2260     7e-06   22.3   0.0   3   3    0.0029      0.29    7.0   0.0  2165  2233   490   564   419   594 0.64 -
33043at50557_7038_0:0032a9|STRG.13656.1:347-2239|+    -            631 767at50557           -           2260   7.1e-06   22.3   3.2   1   5       2.8   2.8e+02   -2.9   0.0  2173  2217     6    51     3    96 0.75 -
33043at50557_7038_0:0032a9|STRG.13656.1:347-2239|+    -            631 767at50557           -           2260   7.1e-06   22.3   3.2   2   5       1.2   1.2e+02   -1.7   0.0  2173  2229   140   204   112   209 0.67 -
33043at50557_7038_0:0032a9|STRG.13656.1:347-2239|+    -            631 767at50557           -           2260   7.1e-06   22.3   3.2   3   5      0.15        15    1.3   0.1    92  2236   313   381   238   397 0.50 -
33043at50557_7038_0:0032a9|STRG.13656.1:347-2239|+    -            631 767at50557           -           2260   7.1e-06   22.3   3.2   4   5    0.0008      0.08    8.9   0.1  2162  2252   387   481   376   490 0.73 -
33043at50557_7038_0:0032a9|STRG.13656.1:347-2239|+    -            631 767at50557           -           2260   7.1e-06   22.3   3.2   5   5   0.00041     0.041    9.8   0.0  2074  2126   569   624   558   629 0.83 -
40115at50557_217634_0:0026fe|STRG.3918.10:1770-2951|+ -            394 767at50557           -           2260   2.3e-05   20.6   0.1   1   3      0.15        15    1.3   0.0  2041  2126    45   139    21   170 0.80 -
40115at50557_217634_0:0026fe|STRG.3918.10:1770-2951|+ -            394 767at50557           -           2260   2.3e-05   20.6   0.1   2   3     0.012       1.2    5.0   0.0  2059  2121   238   302   213   318 0.76 -
40115at50557_217634_0:0026fe|STRG.3918.10:1770-2951|+ -            394 767at50557           -           2260   2.3e-05   20.6   0.1   3   3   0.00018     0.018   11.0   0.0   118   181   319   384   308   392 0.83 -
40115at50557_217634_0:0026fe|STRG.3918.1:506-1687|+   -            394 767at50557           -           2260   2.3e-05   20.6   0.1   1   3      0.15        15    1.3   0.0  2041  2126    45   139    21   170 0.80 -
40115at50557_217634_0:0026fe|STRG.3918.1:506-1687|+   -            394 767at50557           -           2260   2.3e-05   20.6   0.1   2   3     0.012       1.2    5.0   0.0  2059  2121   238   302   213   318 0.76 -
40115at50557_217634_0:0026fe|STRG.3918.1:506-1687|+   -            394 767at50557           -           2260   2.3e-05   20.6   0.1   3   3   0.00018     0.018   11.0   0.0   118   181   319   384   308   392 0.83 -
40115at50557_217634_0:0026fe|STRG.3918.2:715-1896|+   -            394 767at50557           -           2260   2.3e-05   20.6   0.1   1   3      0.15        15    1.3   0.0  2041  2126    45   139    21   170 0.80 -
40115at50557_217634_0:0026fe|STRG.3918.2:715-1896|+   -            394 767at50557           -           2260   2.3e-05   20.6   0.1   2   3     0.012       1.2    5.0   0.0  2059  2121   238   302   213   318 0.76 -
40115at50557_217634_0:0026fe|STRG.3918.2:715-1896|+   -            394 767at50557           -           2260   2.3e-05   20.6   0.1   3   3   0.00018     0.018   11.0   0.0   118   181   319   384   308   392 0.83 -
40115at50557_217634_0:0026fe|STRG.3918.3:1676-2857|+  -            394 767at50557           -           2260   2.3e-05   20.6   0.1   1   3      0.15        15    1.3   0.0  2041  2126    45   139    21   170 0.80 -
40115at50557_217634_0:0026fe|STRG.3918.3:1676-2857|+  -            394 767at50557           -           2260   2.3e-05   20.6   0.1   2   3     0.012       1.2    5.0   0.0  2059  2121   238   302   213   318 0.76 -
40115at50557_217634_0:0026fe|STRG.3918.3:1676-2857|+  -            394 767at50557           -           2260   2.3e-05   20.6   0.1   3   3   0.00018     0.018   11.0   0.0   118   181   319   384   308   392 0.83 -
40115at50557_217634_0:0026fe|STRG.3918.4:1610-2791|+  -            394 767at50557           -           2260   2.3e-05   20.6   0.1   1   3      0.15        15    1.3   0.0  2041  2126    45   139    21   170 0.80 -
40115at50557_217634_0:0026fe|STRG.3918.4:1610-2791|+  -            394 767at50557           -           2260   2.3e-05   20.6   0.1   2   3     0.012       1.2    5.0   0.0  2059  2121   238   302   213   318 0.76 -
40115at50557_217634_0:0026fe|STRG.3918.4:1610-2791|+  -            394 767at50557           -           2260   2.3e-05   20.6   0.1   3   3   0.00018     0.018   11.0   0.0   118   181   319   384   308   392 0.83 -
40115at50557_217634_0:0026fe|STRG.3918.6:2073-3254|+  -            394 767at50557           -           2260   2.3e-05   20.6   0.1   1   3      0.15        15    1.3   0.0  2041  2126    45   139    21   170 0.80 -
40115at50557_217634_0:0026fe|STRG.3918.6:2073-3254|+  -            394 767at50557           -           2260   2.3e-05   20.6   0.1   2   3     0.012       1.2    5.0   0.0  2059  2121   238   302   213   318 0.76 -
40115at50557_217634_0:0026fe|STRG.3918.6:2073-3254|+  -            394 767at50557           -           2260   2.3e-05   20.6   0.1   3   3   0.00018     0.018   11.0   0.0   118   181   319   384   308   392 0.83 -
40115at50557_217634_0:0026fe|STRG.3918.8:1730-2911|+  -            394 767at50557           -           2260   2.3e-05   20.6   0.1   1   3      0.15        15    1.3   0.0  2041  2126    45   139    21   170 0.80 -
40115at50557_217634_0:0026fe|STRG.3918.8:1730-2911|+  -            394 767at50557           -           2260   2.3e-05   20.6   0.1   2   3     0.012       1.2    5.0   0.0  2059  2121   238   302   213   318 0.76 -
40115at50557_217634_0:0026fe|STRG.3918.8:1730-2911|+  -            394 767at50557           -           2260   2.3e-05   20.6   0.1   3   3   0.00018     0.018   11.0   0.0   118   181   319   384   308   392 0.83 -
40115at50557_217634_0:0026fe|STRG.3918.9:1251-2432|+  -            394 767at50557           -           2260   2.3e-05   20.6   0.1   1   3      0.15        15    1.3   0.0  2041  2126    45   139    21   170 0.80 -
40115at50557_217634_0:0026fe|STRG.3918.9:1251-2432|+  -            394 767at50557           -           2260   2.3e-05   20.6   0.1   2   3     0.012       1.2    5.0   0.0  2059  2121   238   302   213   318 0.76 -
40115at50557_217634_0:0026fe|STRG.3918.9:1251-2432|+  -            394 767at50557           -           2260   2.3e-05   20.6   0.1   3   3   0.00018     0.018   11.0   0.0   118   181   319   384   308   392 0.83 -
71739at50557_30019_0:000544|STRG.9601.1:294-1151|+    -            286 767at50557           -           2260   3.5e-05   20.0   0.1   1   3    0.0061      0.61    5.9   0.0  2190  2244    47   100    17   105 0.78 -
71739at50557_30019_0:000544|STRG.9601.1:294-1151|+    -            286 767at50557           -           2260   3.5e-05   20.0   0.1   2   3    0.0035      0.35    6.7   0.1    79   167    55   140    44   168 0.51 -
71739at50557_30019_0:000544|STRG.9601.1:294-1151|+    -            286 767at50557           -           2260   3.5e-05   20.0   0.1   3   3    0.0005      0.05    9.5   0.0    78   141   219   281   179   286 0.59 -
37700at50557_34720_0:0020a5|STRG.13286.1:537-2756|+   -            740 767at50557           -           2260   5.5e-05   19.3   0.0   1   3    0.0042      0.42    6.5   0.0  2027  2091   407   465   391   476 0.78 -
37700at50557_34720_0:0020a5|STRG.13286.1:537-2756|+   -            740 767at50557           -           2260   5.5e-05   19.3   0.0   2   3      0.68        67   -0.9   0.0  2190  2229   480   519   466   532 0.82 -
37700at50557_34720_0:0020a5|STRG.13286.1:537-2756|+   -            740 767at50557           -           2260   5.5e-05   19.3   0.0   3   3   0.00076     0.076    8.9   0.0  2161  2228   626   698   604   719 0.70 -
37700at50557_34720_0:0020a5|STRG.13286.2:537-2759|+   -            741 767at50557           -           2260   5.5e-05   19.3   0.0   1   3    0.0042      0.42    6.5   0.0  2027  2091   408   466   392   477 0.78 -
37700at50557_34720_0:0020a5|STRG.13286.2:537-2759|+   -            741 767at50557           -           2260   5.5e-05   19.3   0.0   2   3      0.68        68   -0.9   0.0  2190  2229   481   520   467   533 0.82 -
37700at50557_34720_0:0020a5|STRG.13286.2:537-2759|+   -            741 767at50557           -           2260   5.5e-05   19.3   0.0   3   3   0.00076     0.076    8.9   0.0  2161  2228   627   699   605   720 0.70 -
37700at50557_34720_0:0020a5|STRG.13286.3:665-2887|+   -            741 767at50557           -           2260   5.5e-05   19.3   0.0   1   3    0.0042      0.42    6.5   0.0  2027  2091   408   466   392   477 0.78 -
37700at50557_34720_0:0020a5|STRG.13286.3:665-2887|+   -            741 767at50557           -           2260   5.5e-05   19.3   0.0   2   3      0.68        68   -0.9   0.0  2190  2229   481   520   467   533 0.82 -
37700at50557_34720_0:0020a5|STRG.13286.3:665-2887|+   -            741 767at50557           -           2260   5.5e-05   19.3   0.0   3   3   0.00076     0.076    8.9   0.0  2161  2228   627   699   605   720 0.70 -
78072at50557_38123_0:00214a|STRG.14962.1:171-920|+    -            250 767at50557           -           2260   6.3e-05   19.1   0.4   1   2    0.0007     0.069    9.1   0.1  2155  2223     5    78     2   108 0.74 -
78072at50557_38123_0:00214a|STRG.14962.1:171-920|+    -            250 767at50557           -           2260   6.3e-05   19.1   0.4   2   2    0.0012      0.12    8.3   0.1  2057  2223    93   249    85   250 0.70 -
74508at50557_7394_0:0023c7|STRG.9382.1:243-1118|+     -            292 767at50557           -           2260   6.8e-05   19.0   0.1   1   1   9.5e-07   9.5e-05   18.5   0.1  2059  2256    91   286    76   290 0.76 -
48053at50557_104421_0:0017a2|STRG.1224.1:20-1552|+    -            511 767at50557           -           2260   7.1e-05   19.0   0.2   1   3     0.074       7.4    2.3   0.0  2054  2226   266   301   234   344 0.59 -
48053at50557_104421_0:0017a2|STRG.1224.1:20-1552|+    -            511 767at50557           -           2260   7.1e-05   19.0   0.2   2   3    0.0066      0.66    5.8   0.0    87   152   323   387   304   394 0.71 -
48053at50557_104421_0:0017a2|STRG.1224.1:20-1552|+    -            511 767at50557           -           2260   7.1e-05   19.0   0.2   3   3    0.0036      0.36    6.7   0.0   121   210   399   481   393   495 0.84 -
40115at50557_121225_0:000dac|STRG.3918.5:777-1847|+   -            357 767at50557           -           2260   9.3e-05   18.6   0.0   1   2     0.009       0.9    5.4   0.0  2059  2121   174   238   148   255 0.76 -
40115at50557_121225_0:000dac|STRG.3918.5:777-1847|+   -            357 767at50557           -           2260   9.3e-05   18.6   0.0   2   2   0.00014     0.014   11.4   0.0   118   183   255   322   247   337 0.83 -
80377at50557_166361_0:002fc1|STRG.1990.1:437-1150|+   -            238 767at50557           -           2260   9.4e-05   18.6   0.0   1   1   5.5e-05    0.0055   12.7   0.0  2054  2225    60   227    32   228 0.60 -
57752at50557_680683_0:00261f|STRG.13560.1:4992-5867|+ -            292 767at50557           -           2260   0.00016   17.8   0.0   1   2   3.4e-06   0.00034   16.7   0.0  2178  2235    39    97    27   119 0.83 -
57752at50557_680683_0:00261f|STRG.13560.1:4992-5867|+ -            292 767at50557           -           2260   0.00016   17.8   0.0   2   2       2.1   2.1e+02   -2.5   0.0  2197  2224   195   222   160   229 0.81 -
57752at50557_680683_0:00261f|STRG.13560.2:4908-5783|+ -            292 767at50557           -           2260   0.00016   17.8   0.0   1   2   3.4e-06   0.00034   16.7   0.0  2178  2235    39    97    27   119 0.83 -
57752at50557_680683_0:00261f|STRG.13560.2:4908-5783|+ -            292 767at50557           -           2260   0.00016   17.8   0.0   2   2       2.1   2.1e+02   -2.5   0.0  2197  2224   195   222   160   229 0.81 -
57752at50557_680683_0:00261f|STRG.13560.3:5067-5942|+ -            292 767at50557           -           2260   0.00016   17.8   0.0   1   2   3.4e-06   0.00034   16.7   0.0  2178  2235    39    97    27   119 0.83 -
57752at50557_680683_0:00261f|STRG.13560.3:5067-5942|+ -            292 767at50557           -           2260   0.00016   17.8   0.0   2   2       2.1   2.1e+02   -2.5   0.0  2197  2224   195   222   160   229 0.81 -
49370at50557_1155016_0:000d9f|STRG.1065.3:85-363|+    -             93 767at50557           -           2260   0.00018   17.6   0.0   1   1   1.9e-06   0.00019   17.5   0.0  2180  2240    24    84     4    92 0.77 -
40115at50557_110193_0:00292f|STRG.12771.1:689-1549|+  -            287 767at50557           -           2260   0.00019   17.6   1.5   1   2     8e-06    0.0008   15.5   0.2  2068  2185    58   181    28   198 0.72 -
40115at50557_110193_0:00292f|STRG.12771.1:689-1549|+  -            287 767at50557           -           2260   0.00019   17.6   1.5   2   2     0.076       7.5    2.3   0.1    81   158   179   255   173   287 0.59 -
40115at50557_110193_0:00292f|STRG.12771.2:682-1542|+  -            287 767at50557           -           2260   0.00019   17.6   1.5   1   2     8e-06    0.0008   15.5   0.2  2068  2185    58   181    28   198 0.72 -
40115at50557_110193_0:00292f|STRG.12771.2:682-1542|+  -            287 767at50557           -           2260   0.00019   17.6   1.5   2   2     0.076       7.5    2.3   0.1    81   158   179   255   173   287 0.59 -
33043at50557_454923_0:001231|STRG.4979.1:3017-4387|+  -            457 767at50557           -           2260    0.0002   17.5   0.0   1   4       3.2   3.2e+02   -3.1   0.0  2196  2226     2    32     1    37 0.79 -
33043at50557_454923_0:001231|STRG.4979.1:3017-4387|+  -            457 767at50557           -           2260    0.0002   17.5   0.0   2   4     0.003       0.3    6.9   0.0  2190  2227   214   251   172   270 0.80 -
33043at50557_454923_0:001231|STRG.4979.1:3017-4387|+  -            457 767at50557           -           2260    0.0002   17.5   0.0   3   4     0.011       1.1    5.1   0.0  2190  2226   336   372   305   379 0.86 -
33043at50557_454923_0:001231|STRG.4979.1:3017-4387|+  -            457 767at50557           -           2260    0.0002   17.5   0.0   4   4    0.0066      0.66    5.8   0.0  2193  2226   339   372   324   446 0.72 -
33043at50557_454923_0:001231|STRG.4979.2:2369-3739|+  -            457 767at50557           -           2260    0.0002   17.5   0.0   1   4       3.2   3.2e+02   -3.1   0.0  2196  2226     2    32     1    37 0.79 -
33043at50557_454923_0:001231|STRG.4979.2:2369-3739|+  -            457 767at50557           -           2260    0.0002   17.5   0.0   2   4     0.003       0.3    6.9   0.0  2190  2227   214   251   172   270 0.80 -
33043at50557_454923_0:001231|STRG.4979.2:2369-3739|+  -            457 767at50557           -           2260    0.0002   17.5   0.0   3   4     0.011       1.1    5.1   0.0  2190  2226   336   372   305   379 0.86 -
33043at50557_454923_0:001231|STRG.4979.2:2369-3739|+  -            457 767at50557           -           2260    0.0002   17.5   0.0   4   4    0.0066      0.66    5.8   0.0  2193  2226   339   372   324   446 0.72 -
80377at50557_30019_0:0008bb|STRG.7719.3:370-972|+     -            201 767at50557           -           2260   0.00021   17.4   0.8   1   3    0.0035      0.35    6.7   0.1    78   148     7    75     2    81 0.63 -
80377at50557_30019_0:0008bb|STRG.7719.3:370-972|+     -            201 767at50557           -           2260   0.00021   17.4   0.8   2   3     0.019       1.9    4.3   0.1   110   184    79   152    68   162 0.69 -
80377at50557_30019_0:0008bb|STRG.7719.3:370-972|+     -            201 767at50557           -           2260   0.00021   17.4   0.8   3   3     0.019       1.9    4.3   0.0   120   148   174   201   158   201 0.79 -
40115at50557_144034_0:000898|STRG.16274.1:736-1605|+  -            290 767at50557           -           2260   0.00028   17.0   0.2   1   3       5.2   5.2e+02   -3.8   0.1   171   200    49    75    38    81 0.83 -
40115at50557_144034_0:000898|STRG.16274.1:736-1605|+  -            290 767at50557           -           2260   0.00028   17.0   0.2   2   3    0.0033      0.33    6.8   0.0  2163  2225    99   164    93   170 0.83 -
40115at50557_144034_0:000898|STRG.16274.1:736-1605|+  -            290 767at50557           -           2260   0.00028   17.0   0.2   3   3   8.3e-06   0.00083   15.4   0.0  2155  2258   131   238   122   240 0.82 -
40115at50557_144034_0:000898|STRG.16274.2:769-1638|+  -            290 767at50557           -           2260   0.00028   17.0   0.2   1   3       5.2   5.2e+02   -3.8   0.1   171   200    49    75    38    81 0.83 -
40115at50557_144034_0:000898|STRG.16274.2:769-1638|+  -            290 767at50557           -           2260   0.00028   17.0   0.2   2   3    0.0033      0.33    6.8   0.0  2163  2225    99   164    93   170 0.83 -
40115at50557_144034_0:000898|STRG.16274.2:769-1638|+  -            290 767at50557           -           2260   0.00028   17.0   0.2   3   3   8.3e-06   0.00083   15.4   0.0  2155  2258   131   238   122   240 0.82 -
80377at50557_456900_0:000374|STRG.1093.1:114-1160|+   -            349 767at50557           -           2260   0.00041   16.4   0.0   1   2   4.9e-05    0.0049   12.9   0.0  2159  2226   185   256    35   269 0.76 -
80377at50557_456900_0:000374|STRG.1093.1:114-1160|+   -            349 767at50557           -           2260   0.00041   16.4   0.0   2   2     0.087       8.7    2.1   0.0  2105  2220   233   342   224   347 0.46 -
40115at50557_7370_0:002473|STRG.5214.2:613-1482|+     -            290 767at50557           -           2260   0.00042   16.4   0.5   1   3    0.0067      0.67    5.8   0.0   122   181     7    64     2    75 0.79 -
40115at50557_7370_0:002473|STRG.5214.2:613-1482|+     -            290 767at50557           -           2260   0.00042   16.4   0.5   2   3     0.003       0.3    7.0   0.0  2148  2225    78   160    64   168 0.76 -
40115at50557_7370_0:002473|STRG.5214.2:613-1482|+     -            290 767at50557           -           2260   0.00042   16.4   0.5   3   3       0.4        40   -0.1   0.0  2153  2219   210   284   203   290 0.57 -
40115at50557_7370_0:002473|STRG.5214.3:431-1300|+     -            290 767at50557           -           2260   0.00042   16.4   0.5   1   3    0.0067      0.67    5.8   0.0   122   181     7    64     2    75 0.79 -
40115at50557_7370_0:002473|STRG.5214.3:431-1300|+     -            290 767at50557           -           2260   0.00042   16.4   0.5   2   3     0.003       0.3    7.0   0.0  2148  2225    78   160    64   168 0.76 -
40115at50557_7370_0:002473|STRG.5214.3:431-1300|+     -            290 767at50557           -           2260   0.00042   16.4   0.5   3   3       0.4        40   -0.1   0.0  2153  2219   210   284   203   290 0.57 -
40115at50557_7370_0:002473|STRG.5214.4:227-1096|+     -            290 767at50557           -           2260   0.00042   16.4   0.5   1   3    0.0067      0.67    5.8   0.0   122   181     7    64     2    75 0.79 -
40115at50557_7370_0:002473|STRG.5214.4:227-1096|+     -            290 767at50557           -           2260   0.00042   16.4   0.5   2   3     0.003       0.3    7.0   0.0  2148  2225    78   160    64   168 0.76 -
40115at50557_7370_0:002473|STRG.5214.4:227-1096|+     -            290 767at50557           -           2260   0.00042   16.4   0.5   3   3       0.4        40   -0.1   0.0  2153  2219   210   284   203   290 0.57 -
49370at50557_2015173_0:001990|STRG.6458.1:624-1610|+  -            329 767at50557           -           2260   0.00045   16.3   0.1   1   3     0.054       5.3    2.8   0.0  2186  2233    32    79    16   100 0.82 -
49370at50557_2015173_0:001990|STRG.6458.1:624-1610|+  -            329 767at50557           -           2260   0.00045   16.3   0.1   2   3    0.0011      0.11    8.4   0.1  2147  2225   159   244    57   278 0.54 -
49370at50557_2015173_0:001990|STRG.6458.1:624-1610|+  -            329 767at50557           -           2260   0.00045   16.3   0.1   3   3      0.11        11    1.7   0.0  2187  2224   292   329   259   329 0.80 -
49370at50557_2015173_0:001990|STRG.6458.2:451-1437|+  -            329 767at50557           -           2260   0.00045   16.3   0.1   1   3     0.054       5.3    2.8   0.0  2186  2233    32    79    16   100 0.82 -
49370at50557_2015173_0:001990|STRG.6458.2:451-1437|+  -            329 767at50557           -           2260   0.00045   16.3   0.1   2   3    0.0011      0.11    8.4   0.1  2147  2225   159   244    57   278 0.54 -
49370at50557_2015173_0:001990|STRG.6458.2:451-1437|+  -            329 767at50557           -           2260   0.00045   16.3   0.1   3   3      0.11        11    1.7   0.0  2187  2224   292   329   259   329 0.80 -
40115at50557_103372_0:0021d6|STRG.7491.1:218-1660|+   -            481 767at50557           -           2260   0.00047   16.3   3.1   1   2    0.0074      0.74    5.6   0.8    55   200    97   237    75   259 0.67 -
40115at50557_103372_0:0021d6|STRG.7491.1:218-1660|+   -            481 767at50557           -           2260   0.00047   16.3   3.1   2   2    0.0003      0.03   10.2   0.0   123   187   371   433   350   442 0.85 -
14512at50557_56086_0:000590|STRG.5472.1:620-1087|+    -            156 767at50557           -           2260   0.00047   16.2   0.0   1   2       1.4   1.4e+02   -1.9   0.0  2202  2227     7    32     4    38 0.85 -
14512at50557_56086_0:000590|STRG.5472.1:620-1087|+    -            156 767at50557           -           2260   0.00047   16.2   0.0   2   2   1.2e-05    0.0012   14.9   0.0  2062  2128    46   115    35   145 0.65 -
22706at50557_39758_0:0039b4|STRG.8375.1:261-3076|+    -            919 767at50557           -           2260   0.00081   15.5   0.0   1   1   1.2e-05    0.0012   14.9   0.0  2166  2227   102   167    90   183 0.73 -
22706at50557_39758_0:0039b4|STRG.8375.2:155-2911|+    -            919 767at50557           -           2260   0.00081   15.5   0.0   1   1   1.2e-05    0.0012   14.9   0.0  2166  2227   102   167    90   183 0.73 -
14512at50557_29053_0:0002b6|STRG.2091.1:214-924|+     -            237 767at50557           -           2260    0.0012   14.9   0.2   1   2     0.082       8.2    2.2   0.0  2062  2089    11    38     4    42 0.77 -
14512at50557_29053_0:0002b6|STRG.2091.1:214-924|+     -            237 767at50557           -           2260    0.0012   14.9   0.2   2   2   0.00048     0.048    9.6   0.1  2056  2225    47   237    38   237 0.69 -
101659at50557_34720_0:0004dc|STRG.2055.1:929-2479|+   -            517 767at50557           -           2260    0.0015   14.6   0.0   1   1   1.9e-05    0.0019   14.2   0.0  2149  2252   345   456   291   464 0.74 -
101659at50557_34720_0:0004dc|STRG.2055.2:372-1922|+   -            517 767at50557           -           2260    0.0015   14.6   0.0   1   1   1.9e-05    0.0019   14.2   0.0  2149  2252   345   456   291   464 0.74 -
80377at50557_38123_0:002ff9|STRG.2371.2:329-1870|+    -            514 767at50557           -           2260    0.0015   14.5   0.1   1   4       0.1        10    1.8   0.0  2178  2229    11    64     4    92 0.73 -
80377at50557_38123_0:002ff9|STRG.2371.2:329-1870|+    -            514 767at50557           -           2260    0.0015   14.5   0.1   2   4      0.12        12    1.7   0.0  2191  2228    68   105    56   117 0.86 -
80377at50557_38123_0:002ff9|STRG.2371.2:329-1870|+    -            514 767at50557           -           2260    0.0015   14.5   0.1   3   4    0.0022      0.22    7.4   0.0  2164  2230   121   191    95   197 0.82 -
80377at50557_38123_0:002ff9|STRG.2371.2:329-1870|+    -            514 767at50557           -           2260    0.0015   14.5   0.1   4   4         2     2e+02   -2.4   0.0  2165  2229   413   481   397   490 0.77 -
80377at50557_38123_0:002ff9|STRG.2371.3:180-1721|+    -            514 767at50557           -           2260    0.0015   14.5   0.1   1   4       0.1        10    1.8   0.0  2178  2229    11    64     4    92 0.73 -
80377at50557_38123_0:002ff9|STRG.2371.3:180-1721|+    -            514 767at50557           -           2260    0.0015   14.5   0.1   2   4      0.12        12    1.7   0.0  2191  2228    68   105    56   117 0.86 -
80377at50557_38123_0:002ff9|STRG.2371.3:180-1721|+    -            514 767at50557           -           2260    0.0015   14.5   0.1   3   4    0.0022      0.22    7.4   0.0  2164  2230   121   191    95   197 0.82 -
80377at50557_38123_0:002ff9|STRG.2371.3:180-1721|+    -            514 767at50557           -           2260    0.0015   14.5   0.1   4   4         2     2e+02   -2.4   0.0  2165  2229   413   481   397   490 0.77 -
80377at50557_38123_0:002ff9|STRG.2371.4:183-1724|+    -            514 767at50557           -           2260    0.0015   14.5   0.1   1   4       0.1        10    1.8   0.0  2178  2229    11    64     4    92 0.73 -
80377at50557_38123_0:002ff9|STRG.2371.4:183-1724|+    -            514 767at50557           -           2260    0.0015   14.5   0.1   2   4      0.12        12    1.7   0.0  2191  2228    68   105    56   117 0.86 -
80377at50557_38123_0:002ff9|STRG.2371.4:183-1724|+    -            514 767at50557           -           2260    0.0015   14.5   0.1   3   4    0.0022      0.22    7.4   0.0  2164  2230   121   191    95   197 0.82 -
80377at50557_38123_0:002ff9|STRG.2371.4:183-1724|+    -            514 767at50557           -           2260    0.0015   14.5   0.1   4   4         2     2e+02   -2.4   0.0  2165  2229   413   481   397   490 0.77 -
101659at50557_34720_0:0004dc|STRG.2055.3:296-1876|+   -            527 767at50557           -           2260    0.0015   14.5   0.0   1   1     2e-05     0.002   14.1   0.0  2149  2252   345   456   293   464 0.74 -
33043at50557_1507135_0:0016cf|STRG.2371.1:1758-2336|+ -            193 767at50557           -           2260    0.0016   14.5   0.0   1   2   0.00075     0.075    8.9   0.0  2192  2229    73   110    31   123 0.82 -
33043at50557_1507135_0:0016cf|STRG.2371.1:1758-2336|+ -            193 767at50557           -           2260    0.0016   14.5   0.0   2   2     0.012       1.2    5.0   0.0  2188  2230   111   153   106   181 0.75 -
31374at50557_103372_0:0017b9|STRG.16521.1:92-2047|+   -            652 767at50557           -           2260    0.0017   14.4   0.8   1   1   0.00014     0.014   11.4   0.8  2064  2224   402   593   385   618 0.52 -
80377at50557_38123_0:002ff9|STRG.2371.1:358-1752|+    -            465 767at50557           -           2260    0.0019   14.3   0.1   1   3     0.096       9.6    2.0   0.0  2177  2228    10    63     3    91 0.76 -
80377at50557_38123_0:002ff9|STRG.2371.1:358-1752|+    -            465 767at50557           -           2260    0.0019   14.3   0.1   2   3      0.11        11    1.8   0.0  2191  2228    68   105    56   116 0.86 -
80377at50557_38123_0:002ff9|STRG.2371.1:358-1752|+    -            465 767at50557           -           2260    0.0019   14.3   0.1   3   3    0.0017      0.17    7.7   0.0  2164  2230   121   191    95   203 0.82 -
40115at50557_166361_0:00373d|STRG.3918.11:2004-3209|+ -            402 767at50557           -           2260    0.0023   13.9   0.1   1   3      0.16        16    1.2   0.0  2041  2126    45   139    21   170 0.80 -
40115at50557_166361_0:00373d|STRG.3918.11:2004-3209|+ -            402 767at50557           -           2260    0.0023   13.9   0.1   2   3     0.011       1.1    5.1   0.0  2059  2121   238   302   212   319 0.76 -
40115at50557_166361_0:00373d|STRG.3918.11:2004-3209|+ -            402 767at50557           -           2260    0.0023   13.9   0.1   3   3     0.021       2.1    4.1   0.0   118   164   319   365   313   394 0.77 -
40115at50557_166361_0:00373d|STRG.3918.12:2070-3275|+ -            402 767at50557           -           2260    0.0023   13.9   0.1   1   3      0.16        16    1.2   0.0  2041  2126    45   139    21   170 0.80 -
40115at50557_166361_0:00373d|STRG.3918.12:2070-3275|+ -            402 767at50557           -           2260    0.0023   13.9   0.1   2   3     0.011       1.1    5.1   0.0  2059  2121   238   302   212   319 0.76 -
40115at50557_166361_0:00373d|STRG.3918.12:2070-3275|+ -            402 767at50557           -           2260    0.0023   13.9   0.1   3   3     0.021       2.1    4.1   0.0   118   164   319   365   313   394 0.77 -
40115at50557_166361_0:00373d|STRG.3918.13:2073-3278|+ -            402 767at50557           -           2260    0.0023   13.9   0.1   1   3      0.16        16    1.2   0.0  2041  2126    45   139    21   170 0.80 -
40115at50557_166361_0:00373d|STRG.3918.13:2073-3278|+ -            402 767at50557           -           2260    0.0023   13.9   0.1   2   3     0.011       1.1    5.1   0.0  2059  2121   238   302   212   319 0.76 -
40115at50557_166361_0:00373d|STRG.3918.13:2073-3278|+ -            402 767at50557           -           2260    0.0023   13.9   0.1   3   3     0.021       2.1    4.1   0.0   118   164   319   365   313   394 0.77 -
40115at50557_166361_0:00373d|STRG.3918.7:1650-2855|+  -            402 767at50557           -           2260    0.0023   13.9   0.1   1   3      0.16        16    1.2   0.0  2041  2126    45   139    21   170 0.80 -
40115at50557_166361_0:00373d|STRG.3918.7:1650-2855|+  -            402 767at50557           -           2260    0.0023   13.9   0.1   2   3     0.011       1.1    5.1   0.0  2059  2121   238   302   212   319 0.76 -
40115at50557_166361_0:00373d|STRG.3918.7:1650-2855|+  -            402 767at50557           -           2260    0.0023   13.9   0.1   3   3     0.021       2.1    4.1   0.0   118   164   319   365   313   394 0.77 -
80377at50557_568069_0:004eea|STRG.1214.1:96-950|+     -            285 767at50557           -           2260    0.0035   13.4   0.1   1   2    0.0066      0.66    5.8   0.1    32   145    10   119     4   163 0.74 -
80377at50557_568069_0:004eea|STRG.1214.1:96-950|+     -            285 767at50557           -           2260    0.0035   13.4   0.1   2   2      0.01         1    5.2   0.0  2190  2224   171   205   167   210 0.91 -
40115at50557_103372_0:0021d6|STRG.7491.2:2-1190|+     -            374 767at50557           -           2260    0.0067   12.4   1.1   1   2       0.4        40   -0.1   0.2  2108  2223    41   171     4   191 0.49 -
40115at50557_103372_0:0021d6|STRG.7491.2:2-1190|+     -            374 767at50557           -           2260    0.0067   12.4   1.1   2   2    0.0002      0.02   10.8   0.0   123   187   264   326   241   336 0.85 -
13625at50557_34720_0:001854|STRG.9689.1:116-2605|+    -            830 767at50557           -           2260    0.0085   12.1   0.1   1   3       6.7   6.7e+02   -4.2   0.0  2192  2226   178   212   175   225 0.58 -
13625at50557_34720_0:001854|STRG.9689.1:116-2605|+    -            830 767at50557           -           2260    0.0085   12.1   0.1   2   3    0.0021      0.21    7.5   0.0  2172  2225   406   463   372   469 0.69 -
13625at50557_34720_0:001854|STRG.9689.1:116-2605|+    -            830 767at50557           -           2260    0.0085   12.1   0.1   3   3      0.14        14    1.5   0.0  2154  2227   469   551   464   556 0.65 -
49370at50557_79782_0:001886|STRG.10460.1:1564-2550|+  -            329 767at50557           -           2260     0.011   11.7   0.0   1   3      0.15        15    1.3   0.0  2180  2243    26    88    17    93 0.80 -
49370at50557_79782_0:001886|STRG.10460.1:1564-2550|+  -            329 767at50557           -           2260     0.011   11.7   0.0   2   3    0.0047      0.47    6.3   0.0   123   180    89   144    83   155 0.83 -
49370at50557_79782_0:001886|STRG.10460.1:1564-2550|+  -            329 767at50557           -           2260     0.011   11.7   0.0   3   3       0.3        30    0.3   0.0  2178  2225   276   325   246   328 0.66 -
69548at50557_609295_0:0005e7|STRG.5753.1:321-1145|+   -            275 767at50557           -           2260      0.02   10.9   0.2   1   3    0.0032      0.32    6.8   0.1  2172  2228    20    81     5    94 0.73 -
69548at50557_609295_0:0005e7|STRG.5753.1:321-1145|+   -            275 767at50557           -           2260      0.02   10.9   0.2   2   3       0.2        20    0.9   0.0  2176  2240    95   160    85   180 0.74 -
69548at50557_609295_0:0005e7|STRG.5753.1:321-1145|+   -            275 767at50557           -           2260      0.02   10.9   0.2   3   3      0.93        93   -1.3   0.0   125   175   220   269   195   272 0.82 -
43121at50557_103372_0:001d6c|STRG.14418.1:108-1705|+  -            510 767at50557           -           2260      0.02   10.8   0.2   1   4     0.042       4.2    3.1   0.0  2194  2226   212   244   196   254 0.85 -
43121at50557_103372_0:001d6c|STRG.14418.1:108-1705|+  -            510 767at50557           -           2260      0.02   10.8   0.2   2   4     0.051       5.1    2.8   0.0  2188  2250   256   316   248   328 0.72 -
43121at50557_103372_0:001d6c|STRG.14418.1:108-1705|+  -            510 767at50557           -           2260      0.02   10.8   0.2   3   4     0.078       7.8    2.2   0.1  2157  2225   305   378   267   400 0.50 -
43121at50557_103372_0:001d6c|STRG.14418.1:108-1705|+  -            510 767at50557           -           2260      0.02   10.8   0.2   4   4       4.3   4.3e+02   -3.5   0.0  2191  2223   476   508   471   509 0.83 -
43121at50557_103372_0:001d6c|STRG.14418.2:0-1529|+    -            510 767at50557           -           2260     0.022   10.7   0.2   1   3     0.042       4.2    3.1   0.0  2194  2226   212   244   196   254 0.85 -
43121at50557_103372_0:001d6c|STRG.14418.2:0-1529|+    -            510 767at50557           -           2260     0.022   10.7   0.2   2   3     0.051       5.1    2.8   0.0  2188  2250   256   316   248   328 0.72 -
43121at50557_103372_0:001d6c|STRG.14418.2:0-1529|+    -            510 767at50557           -           2260     0.022   10.7   0.2   3   3     0.078       7.8    2.2   0.1  2157  2225   305   378   267   400 0.50 -
80377at50557_37344_0:0017d3|STRG.15493.1:881-1840|+   -            320 767at50557           -           2260     0.025   10.5   0.1   1   3      0.47        47   -0.3   0.0  2188  2225    61    98    32   133 0.81 -
80377at50557_37344_0:0017d3|STRG.15493.1:881-1840|+   -            320 767at50557           -           2260     0.025   10.5   0.1   2   3       2.5   2.5e+02   -2.7   0.0  2191  2227   109   145    99   155 0.73 -
80377at50557_37344_0:0017d3|STRG.15493.1:881-1840|+   -            320 767at50557           -           2260     0.025   10.5   0.1   3   3    0.0016      0.16    7.9   0.0  2038  2125   194   289   171   295 0.73 -
80377at50557_37344_0:0017d3|STRG.15493.2:881-1840|+   -            320 767at50557           -           2260     0.025   10.5   0.1   1   3      0.47        47   -0.3   0.0  2188  2225    61    98    32   133 0.81 -
80377at50557_37344_0:0017d3|STRG.15493.2:881-1840|+   -            320 767at50557           -           2260     0.025   10.5   0.1   2   3       2.5   2.5e+02   -2.7   0.0  2191  2227   109   145    99   155 0.73 -
80377at50557_37344_0:0017d3|STRG.15493.2:881-1840|+   -            320 767at50557           -           2260     0.025   10.5   0.1   3   3    0.0016      0.16    7.9   0.0  2038  2125   194   289   171   295 0.73 -
80377at50557_37344_0:0017d3|STRG.15493.3:881-1840|+   -            320 767at50557           -           2260     0.025   10.5   0.1   1   3      0.47        47   -0.3   0.0  2188  2225    61    98    32   133 0.81 -
80377at50557_37344_0:0017d3|STRG.15493.3:881-1840|+   -            320 767at50557           -           2260     0.025   10.5   0.1   2   3       2.5   2.5e+02   -2.7   0.0  2191  2227   109   145    99   155 0.73 -
80377at50557_37344_0:0017d3|STRG.15493.3:881-1840|+   -            320 767at50557           -           2260     0.025   10.5   0.1   3   3    0.0016      0.16    7.9   0.0  2038  2125   194   289   171   295 0.73 -
80377at50557_37344_0:0017d3|STRG.15493.4:881-1840|+   -            320 767at50557           -           2260     0.025   10.5   0.1   1   3      0.47        47   -0.3   0.0  2188  2225    61    98    32   133 0.81 -
80377at50557_37344_0:0017d3|STRG.15493.4:881-1840|+   -            320 767at50557           -           2260     0.025   10.5   0.1   2   3       2.5   2.5e+02   -2.7   0.0  2191  2227   109   145    99   155 0.73 -
80377at50557_37344_0:0017d3|STRG.15493.4:881-1840|+   -            320 767at50557           -           2260     0.025   10.5   0.1   3   3    0.0016      0.16    7.9   0.0  2038  2125   194   289   171   295 0.73 -
80377at50557_37344_0:0017d3|STRG.15493.5:881-1840|+   -            320 767at50557           -           2260     0.025   10.5   0.1   1   3      0.47        47   -0.3   0.0  2188  2225    61    98    32   133 0.81 -
80377at50557_37344_0:0017d3|STRG.15493.5:881-1840|+   -            320 767at50557           -           2260     0.025   10.5   0.1   2   3       2.5   2.5e+02   -2.7   0.0  2191  2227   109   145    99   155 0.73 -
80377at50557_37344_0:0017d3|STRG.15493.5:881-1840|+   -            320 767at50557           -           2260     0.025   10.5   0.1   3   3    0.0016      0.16    7.9   0.0  2038  2125   194   289   171   295 0.73 -
80377at50557_37344_0:0017d3|STRG.15493.6:881-1840|+   -            320 767at50557           -           2260     0.025   10.5   0.1   1   3      0.47        47   -0.3   0.0  2188  2225    61    98    32   133 0.81 -
80377at50557_37344_0:0017d3|STRG.15493.6:881-1840|+   -            320 767at50557           -           2260     0.025   10.5   0.1   2   3       2.5   2.5e+02   -2.7   0.0  2191  2227   109   145    99   155 0.73 -
80377at50557_37344_0:0017d3|STRG.15493.6:881-1840|+   -            320 767at50557           -           2260     0.025   10.5   0.1   3   3    0.0016      0.16    7.9   0.0  2038  2125   194   289   171   295 0.73 -
80377at50557_77166_0:002f29|STRG.13804.1:1091-2005|+  -            305 767at50557           -           2260     0.027   10.4   0.0   1   2    0.0068      0.68    5.8   0.0  2191  2255    17    80    12    85 0.80 -
80377at50557_77166_0:002f29|STRG.13804.1:1091-2005|+  -            305 767at50557           -           2260     0.027   10.4   0.0   2   2     0.092       9.2    2.0   0.0   127  2249   244   287   190   299 0.58 -
71739at50557_103372_0:00145d|STRG.15110.1:94-1071|+   -            326 767at50557           -           2260     0.032   10.2   0.0   1   3      0.12        12    1.7   0.0  2188  2230    44    86     9   114 0.78 -
71739at50557_103372_0:00145d|STRG.15110.1:94-1071|+   -            326 767at50557           -           2260     0.032   10.2   0.0   2   3     0.016       1.6    4.5   0.0  2163  2224   152   217    68   231 0.65 -
71739at50557_103372_0:00145d|STRG.15110.1:94-1071|+   -            326 767at50557           -           2260     0.032   10.2   0.0   3   3    0.0069      0.69    5.7   0.0  2074  2223   162   313   148   324 0.62 -
78072at50557_166361_0:00328d|STRG.10688.1:1108-1800|+ -            231 767at50557           -           2260     0.063    9.2   0.2   1   1   0.00065     0.065    9.2   0.2    76   154    49   133     7   183 0.84 -
78072at50557_166361_0:00328d|STRG.10688.2:747-1439|+  -            231 767at50557           -           2260     0.063    9.2   0.2   1   1   0.00065     0.065    9.2   0.2    76   154    49   133     7   183 0.84 -
78072at50557_166361_0:00328d|STRG.10688.3:734-1426|+  -            231 767at50557           -           2260     0.063    9.2   0.2   1   1   0.00065     0.065    9.2   0.2    76   154    49   133     7   183 0.84 -
55830at50557_166361_0:002df3|STRG.4381.1:8316-9020|+  -            235 767at50557           -           2260     0.065    9.1   0.0   1   1   0.00065     0.065    9.1   0.0  2168  2224   144   202    20   214 0.85 -
55830at50557_166361_0:002df3|STRG.4381.2:8690-9394|+  -            235 767at50557           -           2260     0.065    9.1   0.0   1   1   0.00065     0.065    9.1   0.0  2168  2224   144   202    20   214 0.85 -
80377at50557_77166_0:002f29|STRG.7816.1:552-1430|+    -            293 767at50557           -           2260     0.073    9.0   0.0   1   2    0.0061       0.6    5.9   0.0  2186  2229    75   119    56   171 0.85 -
80377at50557_77166_0:002f29|STRG.7816.1:552-1430|+    -            293 767at50557           -           2260     0.073    9.0   0.0   2   2      0.25        25    0.6   0.0  2040  2089   243   291   232   292 0.79 -
77772at50557_103372_0:001ea3|STRG.10089.1:0-944|+     -            315 767at50557           -           2260     0.089    8.7   0.0   1   2    0.0086      0.86    5.4   0.0  2190  2231   101   142    23   165 0.85 -
77772at50557_103372_0:001ea3|STRG.10089.1:0-944|+     -            315 767at50557           -           2260     0.089    8.7   0.0   2   2      0.14        14    1.4   0.0   125   183   244   299   200   307 0.80 -
#
# Program:         hmmsearch
# Version:         3.4 (Aug 2023)
# Pipeline mode:   SEARCH
# Query file:      /data/projet1/projet_tutore/busco_downloads/lineages/insecta_odb10/hmms/767at50557.hmm
# Target file:     annotation_analysis/annotation_gcf/T_septentrionalis/busco_output/run_insecta_odb10/metaeuk_output/initial_results/assembled_transcripts.fasta.modified.fas
# Option settings: hmmsearch --domtblout annotation_analysis/annotation_gcf/T_septentrionalis/busco_output/run_insecta_odb10/hmmer_output/initial_run_results/767at50557.out --cpu 1 /data/projet1/projet_tutore/busco_downloads/lineages/insecta_odb10/hmms/767at50557.hmm annotation_analysis/annotation_gcf/T_septentrionalis/busco_output/run_insecta_odb10/metaeuk_output/initial_results/assembled_transcripts.fasta.modified.fas 
# Current dir:     /data/projet1/projet_tutore
# Date:            Sun Oct 13 10:12:25 2024
# [ok]
