#                                                                                                              --- full sequence --- -------------- this domain -------------   hmm coord   ali coord   env coord
# target name                                          accession   tlen query name           accession   qlen   E-value  score  bias   #  of  c-Evalue  i-Evalue  score  bias  from    to  from    to  from    to  acc description of target
#                                  ------------------- ---------- ----- -------------------- ---------- ----- --------- ------ ----- --- --- --------- --------- ------ ----- ----- ----- ----- ----- ----- ----- ---- ---------------------
76830at50557_103372_0:000e32|STRG.3779.2:123-1601|+    -            493 76830at50557         -            330  4.1e-160  532.0   3.0   1   1  1.4e-157  1.4e-155  517.2   3.0     1   330     1   493     1   493 0.88 -
76830at50557_103372_0:000e32|STRG.3779.1:123-1622|+    -            500 76830at50557         -            330  6.6e-160  531.3   3.3   1   2   1.5e-22   1.4e-20   73.4   1.7     1   123     1   259     1   265 0.86 -
76830at50557_103372_0:000e32|STRG.3779.1:123-1622|+    -            500 76830at50557         -            330  6.6e-160  531.3   3.3   2   2  6.5e-139  6.3e-137  455.8   0.0   107   330   265   500   260   500 0.94 -
84585at50557_199890_0:0017fa|STRG.8367.1:1317-3935|+   -            873 76830at50557         -            330     3e-21   75.6   7.3   1   4     0.085       8.3    5.1   0.0   119   181    98   159    83   163 0.78 -
84585at50557_199890_0:0017fa|STRG.8367.1:1317-3935|+   -            873 76830at50557         -            330     3e-21   75.6   7.3   2   4      0.13        12    4.6   0.0   131   180   173   223   162   227 0.87 -
84585at50557_199890_0:0017fa|STRG.8367.1:1317-3935|+   -            873 76830at50557         -            330     3e-21   75.6   7.3   3   4   1.3e-08   1.3e-06   27.5   0.0    99   181   397   483   369   487 0.77 -
84585at50557_199890_0:0017fa|STRG.8367.1:1317-3935|+   -            873 76830at50557         -            330     3e-21   75.6   7.3   4   4   5.2e-12   5.1e-10   38.7   0.0    79   180   773   871   749   872 0.76 -
84585at50557_199890_0:0017fa|STRG.8367.3:984-3599|+    -            872 76830at50557         -            330   3.1e-21   75.5   7.3   1   4     0.085       8.3    5.1   0.0   119   181    98   159    83   163 0.78 -
84585at50557_199890_0:0017fa|STRG.8367.3:984-3599|+    -            872 76830at50557         -            330   3.1e-21   75.5   7.3   2   4      0.13        12    4.6   0.0   131   180   173   223   162   227 0.87 -
84585at50557_199890_0:0017fa|STRG.8367.3:984-3599|+    -            872 76830at50557         -            330   3.1e-21   75.5   7.3   3   4   1.4e-08   1.3e-06   27.4   0.0    99   181   397   483   369   487 0.77 -
84585at50557_199890_0:0017fa|STRG.8367.3:984-3599|+    -            872 76830at50557         -            330   3.1e-21   75.5   7.3   4   4   5.2e-12   5.1e-10   38.7   0.0    79   180   772   870   748   871 0.76 -
84585at50557_199890_0:0017fa|STRG.8367.2:1123-3573|+   -            817 76830at50557         -            330   5.2e-21   74.8  10.4   1   4     0.079       7.6    5.2   0.0   119   181    98   159    83   163 0.78 -
84585at50557_199890_0:0017fa|STRG.8367.2:1123-3573|+   -            817 76830at50557         -            330   5.2e-21   74.8  10.4   2   4      0.12        11    4.7   0.0   131   180   173   223   162   227 0.87 -
84585at50557_199890_0:0017fa|STRG.8367.2:1123-3573|+   -            817 76830at50557         -            330   5.2e-21   74.8  10.4   3   4   1.2e-08   1.2e-06   27.6   0.0    99   181   397   483   369   487 0.77 -
84585at50557_199890_0:0017fa|STRG.8367.2:1123-3573|+   -            817 76830at50557         -            330   5.2e-21   74.8  10.4   4   4   1.3e-12   1.2e-10   40.7   0.2    44   180   680   815   638   816 0.68 -
84585at50557_199890_0:0017fa|STRG.8367.4:984-3434|+    -            817 76830at50557         -            330   5.2e-21   74.8  10.4   1   4     0.079       7.6    5.2   0.0   119   181    98   159    83   163 0.78 -
84585at50557_199890_0:0017fa|STRG.8367.4:984-3434|+    -            817 76830at50557         -            330   5.2e-21   74.8  10.4   2   4      0.12        11    4.7   0.0   131   180   173   223   162   227 0.87 -
84585at50557_199890_0:0017fa|STRG.8367.4:984-3434|+    -            817 76830at50557         -            330   5.2e-21   74.8  10.4   3   4   1.2e-08   1.2e-06   27.6   0.0    99   181   397   483   369   487 0.77 -
84585at50557_199890_0:0017fa|STRG.8367.4:984-3434|+    -            817 76830at50557         -            330   5.2e-21   74.8  10.4   4   4   1.3e-12   1.2e-10   40.7   0.2    44   180   680   815   638   816 0.68 -
116525at50557_7213_0:00044c|STRG.13676.1:282-716|+     -            145 76830at50557         -            330   1.7e-16   60.0   0.1   1   1   2.1e-18     2e-16   59.7   0.1   199   325     3   136     2   141 0.90 -
116525at50557_7213_0:00044c|STRG.13676.2:338-772|+     -            145 76830at50557         -            330   1.7e-16   60.0   0.1   1   1   2.1e-18     2e-16   59.7   0.1   199   325     3   136     2   141 0.90 -
93282at50557_34720_0:000eb2|STRG.6129.1:435-2387|+     -            651 76830at50557         -            330   5.7e-12   45.1   0.5   1   1   1.1e-13   1.1e-11   44.2   0.5   199   317    77   192    37   201 0.91 -
93282at50557_34720_0:000eb2|STRG.6129.2:435-2408|+     -            658 76830at50557         -            330   5.9e-12   45.0   0.5   1   1   1.1e-13   1.1e-11   44.2   0.5   199   317    77   192    37   201 0.91 -
68581at50557_13037_0:002f45|STRG.9792.1:2848-3552|+    -            235 76830at50557         -            330   1.6e-10   40.3   0.0   1   3   0.00013     0.013   14.4   0.0   132   192     1    63     1    68 0.86 -
68581at50557_13037_0:002f45|STRG.9792.1:2848-3552|+    -            235 76830at50557         -            330   1.6e-10   40.3   0.0   2   3   4.2e-05     0.004   16.0   0.0   131   181   118   166    68   178 0.87 -
68581at50557_13037_0:002f45|STRG.9792.1:2848-3552|+    -            235 76830at50557         -            330   1.6e-10   40.3   0.0   3   3     0.024       2.3    6.9   0.0   124   181   179   233   169   234 0.84 -
68581at50557_13037_0:002f45|STRG.9792.2:2862-3566|+    -            235 76830at50557         -            330   1.6e-10   40.3   0.0   1   3   0.00013     0.013   14.4   0.0   132   192     1    63     1    68 0.86 -
68581at50557_13037_0:002f45|STRG.9792.2:2862-3566|+    -            235 76830at50557         -            330   1.6e-10   40.3   0.0   2   3   4.2e-05     0.004   16.0   0.0   131   181   118   166    68   178 0.87 -
68581at50557_13037_0:002f45|STRG.9792.2:2862-3566|+    -            235 76830at50557         -            330   1.6e-10   40.3   0.0   3   3     0.024       2.3    6.9   0.0   124   181   179   233   169   234 0.84 -
68581at50557_13037_0:002f45|STRG.9792.3:3246-3950|+    -            235 76830at50557         -            330   1.6e-10   40.3   0.0   1   3   0.00013     0.013   14.4   0.0   132   192     1    63     1    68 0.86 -
68581at50557_13037_0:002f45|STRG.9792.3:3246-3950|+    -            235 76830at50557         -            330   1.6e-10   40.3   0.0   2   3   4.2e-05     0.004   16.0   0.0   131   181   118   166    68   178 0.87 -
68581at50557_13037_0:002f45|STRG.9792.3:3246-3950|+    -            235 76830at50557         -            330   1.6e-10   40.3   0.0   3   3     0.024       2.3    6.9   0.0   124   181   179   233   169   234 0.84 -
68581at50557_13037_0:002f45|STRG.9792.4:3176-3880|+    -            235 76830at50557         -            330   1.6e-10   40.3   0.0   1   3   0.00013     0.013   14.4   0.0   132   192     1    63     1    68 0.86 -
68581at50557_13037_0:002f45|STRG.9792.4:3176-3880|+    -            235 76830at50557         -            330   1.6e-10   40.3   0.0   2   3   4.2e-05     0.004   16.0   0.0   131   181   118   166    68   178 0.87 -
68581at50557_13037_0:002f45|STRG.9792.4:3176-3880|+    -            235 76830at50557         -            330   1.6e-10   40.3   0.0   3   3     0.024       2.3    6.9   0.0   124   181   179   233   169   234 0.84 -
68581at50557_13037_0:002f45|STRG.9792.5:3176-3880|+    -            235 76830at50557         -            330   1.6e-10   40.3   0.0   1   3   0.00013     0.013   14.4   0.0   132   192     1    63     1    68 0.86 -
68581at50557_13037_0:002f45|STRG.9792.5:3176-3880|+    -            235 76830at50557         -            330   1.6e-10   40.3   0.0   2   3   4.2e-05     0.004   16.0   0.0   131   181   118   166    68   178 0.87 -
68581at50557_13037_0:002f45|STRG.9792.5:3176-3880|+    -            235 76830at50557         -            330   1.6e-10   40.3   0.0   3   3     0.024       2.3    6.9   0.0   124   181   179   233   169   234 0.84 -
68581at50557_13037_0:002f45|STRG.9792.6:2810-3514|+    -            235 76830at50557         -            330   1.6e-10   40.3   0.0   1   3   0.00013     0.013   14.4   0.0   132   192     1    63     1    68 0.86 -
68581at50557_13037_0:002f45|STRG.9792.6:2810-3514|+    -            235 76830at50557         -            330   1.6e-10   40.3   0.0   2   3   4.2e-05     0.004   16.0   0.0   131   181   118   166    68   178 0.87 -
68581at50557_13037_0:002f45|STRG.9792.6:2810-3514|+    -            235 76830at50557         -            330   1.6e-10   40.3   0.0   3   3     0.024       2.3    6.9   0.0   124   181   179   233   169   234 0.84 -
68581at50557_13037_0:002f45|STRG.9792.7:2879-3583|+    -            235 76830at50557         -            330   1.6e-10   40.3   0.0   1   3   0.00013     0.013   14.4   0.0   132   192     1    63     1    68 0.86 -
68581at50557_13037_0:002f45|STRG.9792.7:2879-3583|+    -            235 76830at50557         -            330   1.6e-10   40.3   0.0   2   3   4.2e-05     0.004   16.0   0.0   131   181   118   166    68   178 0.87 -
68581at50557_13037_0:002f45|STRG.9792.7:2879-3583|+    -            235 76830at50557         -            330   1.6e-10   40.3   0.0   3   3     0.024       2.3    6.9   0.0   124   181   179   233   169   234 0.84 -
68581at50557_13037_0:002f45|STRG.9792.9:2810-3514|+    -            235 76830at50557         -            330   1.6e-10   40.3   0.0   1   3   0.00013     0.013   14.4   0.0   132   192     1    63     1    68 0.86 -
68581at50557_13037_0:002f45|STRG.9792.9:2810-3514|+    -            235 76830at50557         -            330   1.6e-10   40.3   0.0   2   3   4.2e-05     0.004   16.0   0.0   131   181   118   166    68   178 0.87 -
68581at50557_13037_0:002f45|STRG.9792.9:2810-3514|+    -            235 76830at50557         -            330   1.6e-10   40.3   0.0   3   3     0.024       2.3    6.9   0.0   124   181   179   233   169   234 0.84 -
68581at50557_1049336_0:000609|STRG.9792.8:3302-4078|+  -            259 76830at50557         -            330   8.6e-07   28.1   0.0   1   3     0.013       1.2    7.8   0.0   124   181    15    69     3    90 0.82 -
68581at50557_1049336_0:000609|STRG.9792.8:3302-4078|+  -            259 76830at50557         -            330   8.6e-07   28.1   0.0   2   3      0.22        21    3.8   0.0   136   181   126   174    77   185 0.83 -
68581at50557_1049336_0:000609|STRG.9792.8:3302-4078|+  -            259 76830at50557         -            330   8.6e-07   28.1   0.0   3   3   0.00024     0.023   13.5   0.0   131   182   204   253   176   258 0.83 -
68581at50557_104452_0:00171a|STRG.8869.1:3397-3807|+   -            137 76830at50557         -            330   3.1e-06   26.2   0.0   1   1   4.1e-08     4e-06   25.9   0.0   132   185    14    66     9    76 0.91 -
98332at50557_1218281_0:000683|STRG.8367.5:468-617|+    -             50 76830at50557         -            330     7e-06   25.1   0.0   1   1   7.6e-08   7.3e-06   25.0   0.0   133   180     2    49     1    50 0.96 -
98332at50557_319348_0:002488|STRG.15522.1:1527-1928|+  -            134 76830at50557         -            330   2.3e-05   23.4   0.0   1   2   2.1e-05     0.002   17.0   0.0   132   179    24    69    15    75 0.91 -
98332at50557_319348_0:002488|STRG.15522.1:1527-1928|+  -            134 76830at50557         -            330   2.3e-05   23.4   0.0   2   2       0.1        10    4.8   0.0   130   180    85   133    72   134 0.90 -
98332at50557_319348_0:002488|STRG.15522.2:1554-1955|+  -            134 76830at50557         -            330   2.3e-05   23.4   0.0   1   2   2.1e-05     0.002   17.0   0.0   132   179    24    69    15    75 0.91 -
98332at50557_319348_0:002488|STRG.15522.2:1554-1955|+  -            134 76830at50557         -            330   2.3e-05   23.4   0.0   2   2       0.1        10    4.8   0.0   130   180    85   133    72   134 0.90 -
98332at50557_319348_0:002488|STRG.15522.3:1356-1757|+  -            134 76830at50557         -            330   2.3e-05   23.4   0.0   1   2   2.1e-05     0.002   17.0   0.0   132   179    24    69    15    75 0.91 -
98332at50557_319348_0:002488|STRG.15522.3:1356-1757|+  -            134 76830at50557         -            330   2.3e-05   23.4   0.0   2   2       0.1        10    4.8   0.0   130   180    85   133    72   134 0.90 -
98332at50557_319348_0:002488|STRG.15522.4:1157-1558|+  -            134 76830at50557         -            330   2.3e-05   23.4   0.0   1   2   2.1e-05     0.002   17.0   0.0   132   179    24    69    15    75 0.91 -
98332at50557_319348_0:002488|STRG.15522.4:1157-1558|+  -            134 76830at50557         -            330   2.3e-05   23.4   0.0   2   2       0.1        10    4.8   0.0   130   180    85   133    72   134 0.90 -
98332at50557_319348_0:002488|STRG.15522.5:998-1399|+   -            134 76830at50557         -            330   2.3e-05   23.4   0.0   1   2   2.1e-05     0.002   17.0   0.0   132   179    24    69    15    75 0.91 -
98332at50557_319348_0:002488|STRG.15522.5:998-1399|+   -            134 76830at50557         -            330   2.3e-05   23.4   0.0   2   2       0.1        10    4.8   0.0   130   180    85   133    72   134 0.90 -
98332at50557_319348_0:002488|STRG.15522.6:1154-1555|+  -            134 76830at50557         -            330   2.3e-05   23.4   0.0   1   2   2.1e-05     0.002   17.0   0.0   132   179    24    69    15    75 0.91 -
98332at50557_319348_0:002488|STRG.15522.6:1154-1555|+  -            134 76830at50557         -            330   2.3e-05   23.4   0.0   2   2       0.1        10    4.8   0.0   130   180    85   133    72   134 0.90 -
68581at50557_166361_0:00349c|STRG.14267.3:533-1183|+   -            217 76830at50557         -            330   2.4e-05   23.3   0.0   1   3      0.14        13    4.4   0.0   134   185     4    53     3    66 0.86 -
68581at50557_166361_0:00349c|STRG.14267.3:533-1183|+   -            217 76830at50557         -            330   2.4e-05   23.3   0.0   2   3    0.0012      0.12   11.2   0.0   131   181    95   143    54   158 0.87 -
68581at50557_166361_0:00349c|STRG.14267.3:533-1183|+   -            217 76830at50557         -            330   2.4e-05   23.3   0.0   3   3      0.11        11    4.7   0.0   127   180   160   213   144   215 0.79 -
68581at50557_166361_0:00349c|STRG.14267.1:345-971|+    -            209 76830at50557         -            330   3.4e-05   22.8   0.0   1   3       0.2        20    3.9   0.0   134   181     4    49     3    61 0.90 -
68581at50557_166361_0:00349c|STRG.14267.1:345-971|+    -            209 76830at50557         -            330   3.4e-05   22.8   0.0   2   3    0.0013      0.13   11.1   0.0   131   181    87   135    57   153 0.90 -
68581at50557_166361_0:00349c|STRG.14267.1:345-971|+    -            209 76830at50557         -            330   3.4e-05   22.8   0.0   3   3      0.11        10    4.8   0.0   127   180   152   205   136   207 0.79 -
68581at50557_166361_0:00349c|STRG.14267.2:533-1159|+   -            209 76830at50557         -            330   3.4e-05   22.8   0.0   1   3       0.2        20    3.9   0.0   134   181     4    49     3    61 0.90 -
68581at50557_166361_0:00349c|STRG.14267.2:533-1159|+   -            209 76830at50557         -            330   3.4e-05   22.8   0.0   2   3    0.0013      0.13   11.1   0.0   131   181    87   135    57   153 0.90 -
68581at50557_166361_0:00349c|STRG.14267.2:533-1159|+   -            209 76830at50557         -            330   3.4e-05   22.8   0.0   3   3      0.11        10    4.8   0.0   127   180   152   205   136   207 0.79 -
98332at50557_1155016_0:002d21|STRG.15610.1:4010-4162|+ -             51 76830at50557         -            330   0.00011   21.1   0.0   1   1   1.2e-06   0.00011   21.1   0.0   131   181     2    50     1    51 0.93 -
116525at50557_7159_0:00152f|STRG.10898.1:361-711|+     -            117 76830at50557         -            330   0.00016   20.6   0.1   1   1   1.8e-06   0.00017   20.5   0.1   199   310     1   113     1   117 0.67 -
116525at50557_7159_0:00152f|STRG.10898.2:327-677|+     -            117 76830at50557         -            330   0.00016   20.6   0.1   1   1   1.8e-06   0.00017   20.5   0.1   199   310     1   113     1   117 0.67 -
116525at50557_7159_0:00152f|STRG.10898.3:477-827|+     -            117 76830at50557         -            330   0.00016   20.6   0.1   1   1   1.8e-06   0.00017   20.5   0.1   199   310     1   113     1   117 0.67 -
68581at50557_104452_0:00171a|STRG.9792.6:3692-4147|+   -            152 76830at50557         -            330   0.00018   20.5   0.0   1   2       0.1        10    4.8   0.0   136   181    25    73    16    87 0.80 -
68581at50557_104452_0:00171a|STRG.9792.6:3692-4147|+   -            152 76830at50557         -            330   0.00018   20.5   0.0   2   2   0.00014     0.014   14.3   0.0   131   181   103   151    74   152 0.83 -
68581at50557_168631_0:0016a9|STRG.9792.5:4058-4513|+   -            152 76830at50557         -            330   0.00018   20.5   0.0   1   2       0.1        10    4.8   0.0   136   181    25    73    16    87 0.80 -
68581at50557_168631_0:0016a9|STRG.9792.5:4058-4513|+   -            152 76830at50557         -            330   0.00018   20.5   0.0   2   2   0.00014     0.014   14.3   0.0   131   181   103   151    74   152 0.83 -
68581at50557_168631_0:0016a9|STRG.9792.9:3689-4144|+   -            152 76830at50557         -            330   0.00018   20.5   0.0   1   2       0.1        10    4.8   0.0   136   181    25    73    16    87 0.80 -
68581at50557_168631_0:0016a9|STRG.9792.9:3689-4144|+   -            152 76830at50557         -            330   0.00018   20.5   0.0   2   2   0.00014     0.014   14.3   0.0   131   181   103   151    74   152 0.83 -
68581at50557_104452_0:00171a|STRG.9792.1:3727-4191|+   -            155 76830at50557         -            330    0.0002   20.3   0.0   1   2      0.11        11    4.7   0.0   136   181    28    76    20    90 0.79 -
68581at50557_104452_0:00171a|STRG.9792.1:3727-4191|+   -            155 76830at50557         -            330    0.0002   20.3   0.0   2   2   0.00015     0.014   14.2   0.0   131   181   106   154    77   155 0.83 -
68581at50557_168631_0:0016a9|STRG.9792.2:3744-4208|+   -            155 76830at50557         -            330    0.0002   20.3   0.0   1   2      0.11        11    4.7   0.0   136   181    28    76    20    90 0.79 -
68581at50557_168631_0:0016a9|STRG.9792.2:3744-4208|+   -            155 76830at50557         -            330    0.0002   20.3   0.0   2   2   0.00015     0.014   14.2   0.0   131   181   106   154    77   155 0.83 -
68581at50557_168631_0:0016a9|STRG.9792.3:4128-4592|+   -            155 76830at50557         -            330    0.0002   20.3   0.0   1   2      0.11        11    4.7   0.0   136   181    28    76    20    90 0.79 -
68581at50557_168631_0:0016a9|STRG.9792.3:4128-4592|+   -            155 76830at50557         -            330    0.0002   20.3   0.0   2   2   0.00015     0.014   14.2   0.0   131   181   106   154    77   155 0.83 -
68581at50557_168631_0:0016a9|STRG.9792.4:4058-4522|+   -            155 76830at50557         -            330    0.0002   20.3   0.0   1   2      0.11        11    4.7   0.0   136   181    28    76    20    90 0.79 -
68581at50557_168631_0:0016a9|STRG.9792.4:4058-4522|+   -            155 76830at50557         -            330    0.0002   20.3   0.0   2   2   0.00015     0.014   14.2   0.0   131   181   106   154    77   155 0.83 -
68581at50557_168631_0:0016a9|STRG.9792.7:3761-4225|+   -            155 76830at50557         -            330    0.0002   20.3   0.0   1   2      0.11        11    4.7   0.0   136   181    28    76    20    90 0.79 -
68581at50557_168631_0:0016a9|STRG.9792.7:3761-4225|+   -            155 76830at50557         -            330    0.0002   20.3   0.0   2   2   0.00015     0.014   14.2   0.0   131   181   106   154    77   155 0.83 -
98332at50557_1155016_0:002d21|STRG.12047.1:3285-3443|+ -             53 76830at50557         -            330   0.00033   19.6   0.0   1   1   3.6e-06   0.00035   19.5   0.0   131   181     1    49     1    52 0.92 -
98332at50557_1155016_0:002d21|STRG.12047.2:4330-4488|+ -             53 76830at50557         -            330   0.00033   19.6   0.0   1   1   3.6e-06   0.00035   19.5   0.0   131   181     1    49     1    52 0.92 -
98332at50557_1155016_0:002d21|STRG.12047.3:4727-4885|+ -             53 76830at50557         -            330   0.00033   19.6   0.0   1   1   3.6e-06   0.00035   19.5   0.0   131   181     1    49     1    52 0.92 -
35377at50557_103372_0:001618|STRG.15653.1:614-2218|+   -            535 76830at50557         -            330   0.00035   19.5   0.0   1   2   2.6e-05    0.0025   16.7   0.0   129   189     5    66     1    77 0.77 -
35377at50557_103372_0:001618|STRG.15653.1:614-2218|+   -            535 76830at50557         -            330   0.00035   19.5   0.0   2   2       6.4   6.2e+02   -1.1   0.0     8    55   229   276   226   285 0.90 -
35377at50557_103372_0:001618|STRG.15653.2:601-2205|+   -            535 76830at50557         -            330   0.00035   19.5   0.0   1   2   2.6e-05    0.0025   16.7   0.0   129   189     5    66     1    77 0.77 -
35377at50557_103372_0:001618|STRG.15653.2:601-2205|+   -            535 76830at50557         -            330   0.00035   19.5   0.0   2   2       6.4   6.2e+02   -1.1   0.0     8    55   229   276   226   285 0.90 -
68581at50557_168631_0:0016a9|STRG.14267.4:781-1155|+   -            125 76830at50557         -            330   0.00035   19.5   0.0   1   2   0.00077     0.074   11.8   0.0   132   181     3    50     1    68 0.90 -
68581at50557_168631_0:0016a9|STRG.14267.4:781-1155|+   -            125 76830at50557         -            330   0.00035   19.5   0.0   2   2     0.032       3.1    6.5   0.0   127   180    67   120    51   123 0.79 -
98332at50557_132113_0:00196c|STRG.5148.1:962-1765|+    -            257 76830at50557         -            330   0.00075   18.4   0.0   1   1   1.4e-05    0.0014   17.5   0.0   126   181   153   206   125   214 0.84 -
98332at50557_132113_0:00196c|STRG.5148.2:77-808|+      -            233 76830at50557         -            330    0.0008   18.3   0.0   1   1   1.2e-05    0.0011   17.8   0.0   126   181   129   182   100   190 0.83 -
68581at50557_45779_0:003c15|STRG.2986.1:1361-1501|+    -             47 76830at50557         -            330   0.00081   18.3   0.0   1   1   8.4e-06   0.00081   18.3   0.0   136   181     3    46     1    47 0.91 -
68581at50557_45779_0:003c15|STRG.2986.2:1364-1504|+    -             47 76830at50557         -            330   0.00081   18.3   0.0   1   1   8.4e-06   0.00081   18.3   0.0   136   181     3    46     1    47 0.91 -
68581at50557_45779_0:003c15|STRG.2986.3:1465-1605|+    -             47 76830at50557         -            330   0.00081   18.3   0.0   1   1   8.4e-06   0.00081   18.3   0.0   136   181     3    46     1    47 0.91 -
68581at50557_45779_0:003c15|STRG.2986.4:1552-1692|+    -             47 76830at50557         -            330   0.00081   18.3   0.0   1   1   8.4e-06   0.00081   18.3   0.0   136   181     3    46     1    47 0.91 -
98332at50557_77166_0:00193f|STRG.6024.1:668-1207|+     -            180 76830at50557         -            330     0.001   17.9   0.0   1   2     0.002      0.19   10.5   0.1   141   180     4    42     1    54 0.88 -
98332at50557_77166_0:00193f|STRG.6024.1:668-1207|+     -            180 76830at50557         -            330     0.001   17.9   0.0   2   2     0.058       5.6    5.7   0.0   126   180   127   179   106   180 0.82 -
98332at50557_37001_0:001c0d|STRG.9103.10:2277-2549|+   -             91 76830at50557         -            330    0.0024   16.7   0.0   1   2       4.8   4.7e+02   -0.6   0.0   173   187    13    27     3    38 0.76 -
98332at50557_37001_0:001c0d|STRG.9103.10:2277-2549|+   -             91 76830at50557         -            330    0.0024   16.7   0.0   2   2   4.9e-05    0.0047   15.8   0.0   117   180    29    90    18    91 0.89 -
98332at50557_37001_0:001c0d|STRG.9103.11:8318-8590|+   -             91 76830at50557         -            330    0.0024   16.7   0.0   1   2       4.8   4.7e+02   -0.6   0.0   173   187    13    27     3    38 0.76 -
98332at50557_37001_0:001c0d|STRG.9103.11:8318-8590|+   -             91 76830at50557         -            330    0.0024   16.7   0.0   2   2   4.9e-05    0.0047   15.8   0.0   117   180    29    90    18    91 0.89 -
98332at50557_37001_0:001c0d|STRG.9103.12:8322-8594|+   -             91 76830at50557         -            330    0.0024   16.7   0.0   1   2       4.8   4.7e+02   -0.6   0.0   173   187    13    27     3    38 0.76 -
98332at50557_37001_0:001c0d|STRG.9103.12:8322-8594|+   -             91 76830at50557         -            330    0.0024   16.7   0.0   2   2   4.9e-05    0.0047   15.8   0.0   117   180    29    90    18    91 0.89 -
98332at50557_37001_0:001c0d|STRG.9103.13:8270-8542|+   -             91 76830at50557         -            330    0.0024   16.7   0.0   1   2       4.8   4.7e+02   -0.6   0.0   173   187    13    27     3    38 0.76 -
98332at50557_37001_0:001c0d|STRG.9103.13:8270-8542|+   -             91 76830at50557         -            330    0.0024   16.7   0.0   2   2   4.9e-05    0.0047   15.8   0.0   117   180    29    90    18    91 0.89 -
98332at50557_37001_0:001c0d|STRG.9103.14:2066-2338|+   -             91 76830at50557         -            330    0.0024   16.7   0.0   1   2       4.8   4.7e+02   -0.6   0.0   173   187    13    27     3    38 0.76 -
98332at50557_37001_0:001c0d|STRG.9103.14:2066-2338|+   -             91 76830at50557         -            330    0.0024   16.7   0.0   2   2   4.9e-05    0.0047   15.8   0.0   117   180    29    90    18    91 0.89 -
98332at50557_37001_0:001c0d|STRG.9103.15:1770-2042|+   -             91 76830at50557         -            330    0.0024   16.7   0.0   1   2       4.8   4.7e+02   -0.6   0.0   173   187    13    27     3    38 0.76 -
98332at50557_37001_0:001c0d|STRG.9103.15:1770-2042|+   -             91 76830at50557         -            330    0.0024   16.7   0.0   2   2   4.9e-05    0.0047   15.8   0.0   117   180    29    90    18    91 0.89 -
98332at50557_37001_0:001c0d|STRG.9103.16:1571-1843|+   -             91 76830at50557         -            330    0.0024   16.7   0.0   1   2       4.8   4.7e+02   -0.6   0.0   173   187    13    27     3    38 0.76 -
98332at50557_37001_0:001c0d|STRG.9103.16:1571-1843|+   -             91 76830at50557         -            330    0.0024   16.7   0.0   2   2   4.9e-05    0.0047   15.8   0.0   117   180    29    90    18    91 0.89 -
98332at50557_37001_0:001c0d|STRG.9103.17:1800-2072|+   -             91 76830at50557         -            330    0.0024   16.7   0.0   1   2       4.8   4.7e+02   -0.6   0.0   173   187    13    27     3    38 0.76 -
98332at50557_37001_0:001c0d|STRG.9103.17:1800-2072|+   -             91 76830at50557         -            330    0.0024   16.7   0.0   2   2   4.9e-05    0.0047   15.8   0.0   117   180    29    90    18    91 0.89 -
98332at50557_37001_0:001c0d|STRG.9103.18:7239-7511|+   -             91 76830at50557         -            330    0.0024   16.7   0.0   1   2       4.8   4.7e+02   -0.6   0.0   173   187    13    27     3    38 0.76 -
98332at50557_37001_0:001c0d|STRG.9103.18:7239-7511|+   -             91 76830at50557         -            330    0.0024   16.7   0.0   2   2   4.9e-05    0.0047   15.8   0.0   117   180    29    90    18    91 0.89 -
98332at50557_37001_0:001c0d|STRG.9103.19:2968-3240|+   -             91 76830at50557         -            330    0.0024   16.7   0.0   1   2       4.8   4.7e+02   -0.6   0.0   173   187    13    27     3    38 0.76 -
98332at50557_37001_0:001c0d|STRG.9103.19:2968-3240|+   -             91 76830at50557         -            330    0.0024   16.7   0.0   2   2   4.9e-05    0.0047   15.8   0.0   117   180    29    90    18    91 0.89 -
98332at50557_37001_0:001c0d|STRG.9103.1:7671-7943|+    -             91 76830at50557         -            330    0.0024   16.7   0.0   1   2       4.8   4.7e+02   -0.6   0.0   173   187    13    27     3    38 0.76 -
98332at50557_37001_0:001c0d|STRG.9103.1:7671-7943|+    -             91 76830at50557         -            330    0.0024   16.7   0.0   2   2   4.9e-05    0.0047   15.8   0.0   117   180    29    90    18    91 0.89 -
98332at50557_37001_0:001c0d|STRG.9103.20:925-1197|+    -             91 76830at50557         -            330    0.0024   16.7   0.0   1   2       4.8   4.7e+02   -0.6   0.0   173   187    13    27     3    38 0.76 -
98332at50557_37001_0:001c0d|STRG.9103.20:925-1197|+    -             91 76830at50557         -            330    0.0024   16.7   0.0   2   2   4.9e-05    0.0047   15.8   0.0   117   180    29    90    18    91 0.89 -
98332at50557_37001_0:001c0d|STRG.9103.21:3883-4155|+   -             91 76830at50557         -            330    0.0024   16.7   0.0   1   2       4.8   4.7e+02   -0.6   0.0   173   187    13    27     3    38 0.76 -
98332at50557_37001_0:001c0d|STRG.9103.21:3883-4155|+   -             91 76830at50557         -            330    0.0024   16.7   0.0   2   2   4.9e-05    0.0047   15.8   0.0   117   180    29    90    18    91 0.89 -
98332at50557_37001_0:001c0d|STRG.9103.2:1923-2195|+    -             91 76830at50557         -            330    0.0024   16.7   0.0   1   2       4.8   4.7e+02   -0.6   0.0   173   187    13    27     3    38 0.76 -
98332at50557_37001_0:001c0d|STRG.9103.2:1923-2195|+    -             91 76830at50557         -            330    0.0024   16.7   0.0   2   2   4.9e-05    0.0047   15.8   0.0   117   180    29    90    18    91 0.89 -
98332at50557_37001_0:001c0d|STRG.9103.3:2330-2602|+    -             91 76830at50557         -            330    0.0024   16.7   0.0   1   2       4.8   4.7e+02   -0.6   0.0   173   187    13    27     3    38 0.76 -
98332at50557_37001_0:001c0d|STRG.9103.3:2330-2602|+    -             91 76830at50557         -            330    0.0024   16.7   0.0   2   2   4.9e-05    0.0047   15.8   0.0   117   180    29    90    18    91 0.89 -
98332at50557_37001_0:001c0d|STRG.9103.4:2716-2988|+    -             91 76830at50557         -            330    0.0024   16.7   0.0   1   2       4.8   4.7e+02   -0.6   0.0   173   187    13    27     3    38 0.76 -
98332at50557_37001_0:001c0d|STRG.9103.4:2716-2988|+    -             91 76830at50557         -            330    0.0024   16.7   0.0   2   2   4.9e-05    0.0047   15.8   0.0   117   180    29    90    18    91 0.89 -
98332at50557_37001_0:001c0d|STRG.9103.5:8345-8617|+    -             91 76830at50557         -            330    0.0024   16.7   0.0   1   2       4.8   4.7e+02   -0.6   0.0   173   187    13    27     3    38 0.76 -
98332at50557_37001_0:001c0d|STRG.9103.5:8345-8617|+    -             91 76830at50557         -            330    0.0024   16.7   0.0   2   2   4.9e-05    0.0047   15.8   0.0   117   180    29    90    18    91 0.89 -
98332at50557_37001_0:001c0d|STRG.9103.6:8378-8650|+    -             91 76830at50557         -            330    0.0024   16.7   0.0   1   2       4.8   4.7e+02   -0.6   0.0   173   187    13    27     3    38 0.76 -
98332at50557_37001_0:001c0d|STRG.9103.6:8378-8650|+    -             91 76830at50557         -            330    0.0024   16.7   0.0   2   2   4.9e-05    0.0047   15.8   0.0   117   180    29    90    18    91 0.89 -
98332at50557_37001_0:001c0d|STRG.9103.7:8330-8602|+    -             91 76830at50557         -            330    0.0024   16.7   0.0   1   2       4.8   4.7e+02   -0.6   0.0   173   187    13    27     3    38 0.76 -
98332at50557_37001_0:001c0d|STRG.9103.7:8330-8602|+    -             91 76830at50557         -            330    0.0024   16.7   0.0   2   2   4.9e-05    0.0047   15.8   0.0   117   180    29    90    18    91 0.89 -
98332at50557_37001_0:001c0d|STRG.9103.8:8129-8401|+    -             91 76830at50557         -            330    0.0024   16.7   0.0   1   2       4.8   4.7e+02   -0.6   0.0   173   187    13    27     3    38 0.76 -
98332at50557_37001_0:001c0d|STRG.9103.8:8129-8401|+    -             91 76830at50557         -            330    0.0024   16.7   0.0   2   2   4.9e-05    0.0047   15.8   0.0   117   180    29    90    18    91 0.89 -
98332at50557_37001_0:001c0d|STRG.9103.9:7812-8084|+    -             91 76830at50557         -            330    0.0024   16.7   0.0   1   2       4.8   4.7e+02   -0.6   0.0   173   187    13    27     3    38 0.76 -
98332at50557_37001_0:001c0d|STRG.9103.9:7812-8084|+    -             91 76830at50557         -            330    0.0024   16.7   0.0   2   2   4.9e-05    0.0047   15.8   0.0   117   180    29    90    18    91 0.89 -
98332at50557_1218281_0:000683|STRG.16448.2:341-505|+   -             55 76830at50557         -            330     0.007   15.2   0.0   1   1   7.6e-05    0.0074   15.1   0.0   132   181     3    50     1    54 0.90 -
98332at50557_1218281_0:000683|STRG.16448.3:275-439|+   -             55 76830at50557         -            330     0.007   15.2   0.0   1   1   7.6e-05    0.0074   15.1   0.0   132   181     3    50     1    54 0.90 -
93282at50557_34740_0:002f5c|STRG.8706.1:1655-2389|+    -            245 76830at50557         -            330     0.018   13.9   0.3   1   2      0.22        21    3.7   0.2   279   316    95   131    86   142 0.81 -
93282at50557_34740_0:002f5c|STRG.8706.1:1655-2389|+    -            245 76830at50557         -            330     0.018   13.9   0.3   2   2      0.01      0.98    8.2   0.0   202   232   194   224   183   232 0.89 -
93282at50557_34740_0:002f5c|STRG.8706.2:1655-2389|+    -            245 76830at50557         -            330     0.018   13.9   0.3   1   2      0.22        21    3.7   0.2   279   316    95   131    86   142 0.81 -
93282at50557_34740_0:002f5c|STRG.8706.2:1655-2389|+    -            245 76830at50557         -            330     0.018   13.9   0.3   2   2      0.01      0.98    8.2   0.0   202   232   194   224   183   232 0.89 -
93282at50557_34740_0:002f5c|STRG.8706.3:1449-2183|+    -            245 76830at50557         -            330     0.018   13.9   0.3   1   2      0.22        21    3.7   0.2   279   316    95   131    86   142 0.81 -
93282at50557_34740_0:002f5c|STRG.8706.3:1449-2183|+    -            245 76830at50557         -            330     0.018   13.9   0.3   2   2      0.01      0.98    8.2   0.0   202   232   194   224   183   232 0.89 -
93282at50557_34740_0:002f5c|STRG.8706.4:1372-2106|+    -            245 76830at50557         -            330     0.018   13.9   0.3   1   2      0.22        21    3.7   0.2   279   316    95   131    86   142 0.81 -
93282at50557_34740_0:002f5c|STRG.8706.4:1372-2106|+    -            245 76830at50557         -            330     0.018   13.9   0.3   2   2      0.01      0.98    8.2   0.0   202   232   194   224   183   232 0.89 -
93282at50557_34740_0:002f5c|STRG.8706.5:1334-2068|+    -            245 76830at50557         -            330     0.018   13.9   0.3   1   2      0.22        21    3.7   0.2   279   316    95   131    86   142 0.81 -
93282at50557_34740_0:002f5c|STRG.8706.5:1334-2068|+    -            245 76830at50557         -            330     0.018   13.9   0.3   2   2      0.01      0.98    8.2   0.0   202   232   194   224   183   232 0.89 -
93282at50557_34740_0:002f5c|STRG.8706.6:1493-2227|+    -            245 76830at50557         -            330     0.018   13.9   0.3   1   2      0.22        21    3.7   0.2   279   316    95   131    86   142 0.81 -
93282at50557_34740_0:002f5c|STRG.8706.6:1493-2227|+    -            245 76830at50557         -            330     0.018   13.9   0.3   2   2      0.01      0.98    8.2   0.0   202   232   194   224   183   232 0.89 -
93282at50557_34740_0:002f5c|STRG.8706.7:1145-1879|+    -            245 76830at50557         -            330     0.018   13.9   0.3   1   2      0.22        21    3.7   0.2   279   316    95   131    86   142 0.81 -
93282at50557_34740_0:002f5c|STRG.8706.7:1145-1879|+    -            245 76830at50557         -            330     0.018   13.9   0.3   2   2      0.01      0.98    8.2   0.0   202   232   194   224   183   232 0.89 -
93282at50557_34740_0:002f5c|STRG.8706.8:856-1590|+     -            245 76830at50557         -            330     0.018   13.9   0.3   1   2      0.22        21    3.7   0.2   279   316    95   131    86   142 0.81 -
93282at50557_34740_0:002f5c|STRG.8706.8:856-1590|+     -            245 76830at50557         -            330     0.018   13.9   0.3   2   2      0.01      0.98    8.2   0.0   202   232   194   224   183   232 0.89 -
93282at50557_34740_0:002f5c|STRG.8706.9:1305-2039|+    -            245 76830at50557         -            330     0.018   13.9   0.3   1   2      0.22        21    3.7   0.2   279   316    95   131    86   142 0.81 -
93282at50557_34740_0:002f5c|STRG.8706.9:1305-2039|+    -            245 76830at50557         -            330     0.018   13.9   0.3   2   2      0.01      0.98    8.2   0.0   202   232   194   224   183   232 0.89 -
98332at50557_1218281_0:000683|STRG.5119.1:1135-1278|+  -             48 76830at50557         -            330     0.035   12.9   0.0   1   1   0.00038     0.037   12.8   0.0   133   180     2    47     1    48 0.92 -
98332at50557_1218281_0:000683|STRG.5119.2:1289-1432|+  -             48 76830at50557         -            330     0.035   12.9   0.0   1   1   0.00038     0.037   12.8   0.0   133   180     2    47     1    48 0.92 -
98332at50557_1218281_0:000683|STRG.5119.3:1192-1335|+  -             48 76830at50557         -            330     0.035   12.9   0.0   1   1   0.00038     0.037   12.8   0.0   133   180     2    47     1    48 0.92 -
98332at50557_1218281_0:000683|STRG.5119.4:1207-1350|+  -             48 76830at50557         -            330     0.035   12.9   0.0   1   1   0.00038     0.037   12.8   0.0   133   180     2    47     1    48 0.92 -
98332at50557_1218281_0:000683|STRG.5119.5:1264-1407|+  -             48 76830at50557         -            330     0.035   12.9   0.0   1   1   0.00038     0.037   12.8   0.0   133   180     2    47     1    48 0.92 -
98332at50557_1218281_0:000683|STRG.5119.6:1279-1422|+  -             48 76830at50557         -            330     0.035   12.9   0.0   1   1   0.00038     0.037   12.8   0.0   133   180     2    47     1    48 0.92 -
98332at50557_1218281_0:000683|STRG.5119.7:1186-1329|+  -             48 76830at50557         -            330     0.035   12.9   0.0   1   1   0.00038     0.037   12.8   0.0   133   180     2    47     1    48 0.92 -
98332at50557_1218281_0:000683|STRG.5119.8:1120-1263|+  -             48 76830at50557         -            330     0.035   12.9   0.0   1   1   0.00038     0.037   12.8   0.0   133   180     2    47     1    48 0.92 -
96740at50557_34720_0:001539|STRG.8740.1:515-1720|+     -            402 76830at50557         -            330     0.044   12.6   0.0   1   3       7.6   7.3e+02   -1.3   0.0   133   178    77   121    70   128 0.74 -
96740at50557_34720_0:001539|STRG.8740.1:515-1720|+     -            402 76830at50557         -            330     0.044   12.6   0.0   2   3     0.012       1.2    7.9   0.0    91   180   191   283   128   288 0.60 -
96740at50557_34720_0:001539|STRG.8740.1:515-1720|+     -            402 76830at50557         -            330     0.044   12.6   0.0   3   3       1.5   1.5e+02    1.0   0.0    97   181   303   394   287   395 0.64 -
98332at50557_1155016_0:002d21|STRG.11312.1:851-1000|+  -             50 76830at50557         -            330     0.048   12.5   0.0   1   1   0.00051      0.05   12.4   0.0   131   180     2    49     1    50 0.95 -
98332at50557_1155016_0:002d21|STRG.11312.2:851-1000|+  -             50 76830at50557         -            330     0.048   12.5   0.0   1   1   0.00051      0.05   12.4   0.0   131   180     2    49     1    50 0.95 -
96740at50557_34720_0:001539|STRG.8740.2:514-1692|+     -            393 76830at50557         -            330     0.062   12.1   0.0   1   3         8   7.7e+02   -1.4   0.0   133   176    77   119    71   126 0.72 -
96740at50557_34720_0:001539|STRG.8740.2:514-1692|+     -            393 76830at50557         -            330     0.062   12.1   0.0   2   3     0.019       1.8    7.3   0.0    49   180   143   274   127   279 0.63 -
96740at50557_34720_0:001539|STRG.8740.2:514-1692|+     -            393 76830at50557         -            330     0.062   12.1   0.0   3   3       1.4   1.4e+02    1.1   0.0    97   181   294   385   278   386 0.64 -
68581at50557_168631_0:0016a9|STRG.1747.1:1614-2105|+   -            164 76830at50557         -            330     0.094   11.5   0.0   1   1    0.0018      0.18   10.6   0.0    90   178    76   164    62   164 0.75 -
68581at50557_45779_0:003c15|STRG.12047.4:1717-1842|+   -             42 76830at50557         -            330     0.098   11.4   0.0   1   1     0.001       0.1   11.4   0.0   135   177     2    42     1    42 0.89 -
68581at50557_45779_0:003c15|STRG.12047.5:4680-4805|+   -             42 76830at50557         -            330     0.098   11.4   0.0   1   1     0.001       0.1   11.4   0.0   135   177     2    42     1    42 0.89 -
#
# Program:         hmmsearch
# Version:         3.4 (Aug 2023)
# Pipeline mode:   SEARCH
# Query file:      /data/projet1/projet_tutore/busco_downloads/lineages/insecta_odb10/hmms/76830at50557.hmm
# Target file:     annotation_analysis/annotation_gcf/T_septentrionalis/busco_output/run_insecta_odb10/metaeuk_output/initial_results/assembled_transcripts.fasta.modified.fas
# Option settings: hmmsearch --domtblout annotation_analysis/annotation_gcf/T_septentrionalis/busco_output/run_insecta_odb10/hmmer_output/initial_run_results/76830at50557.out --cpu 1 /data/projet1/projet_tutore/busco_downloads/lineages/insecta_odb10/hmms/76830at50557.hmm annotation_analysis/annotation_gcf/T_septentrionalis/busco_output/run_insecta_odb10/metaeuk_output/initial_results/assembled_transcripts.fasta.modified.fas 
# Current dir:     /data/projet1/projet_tutore
# Date:            Sun Oct 13 10:12:26 2024
# [ok]
