#                                                                                                           --- full sequence --- -------------- this domain -------------   hmm coord   ali coord   env coord
# target name                                       accession   tlen query name           accession   qlen   E-value  score  bias   #  of  c-Evalue  i-Evalue  score  bias  from    to  from    to  from    to  acc description of target
#                               ------------------- ---------- ----- -------------------- ---------- ----- --------- ------ ----- --- --- --------- --------- ------ ----- ----- ----- ----- ----- ----- ----- ---- ---------------------
77225at50557_103372_0:001ee1|STRG.9982.1:590-2311|+ -            574 77225at50557         -            346  1.3e-150  500.6  14.1   1   3   1.2e-16   3.9e-13   48.5   0.3     1    47     1    47     1    69 0.77 -
77225at50557_103372_0:001ee1|STRG.9982.1:590-2311|+ -            574 77225at50557         -            346  1.3e-150  500.6  14.1   2   3   3.7e-33   1.2e-29  102.7   0.4    37   157   198   337   162   353 0.74 -
77225at50557_103372_0:001ee1|STRG.9982.1:590-2311|+ -            574 77225at50557         -            346  1.3e-150  500.6  14.1   3   3  3.4e-110  1.1e-106  356.1   2.0   159   346   381   574   344   574 0.91 -
77225at50557_103372_0:001ee1|STRG.9982.3:683-2404|+ -            574 77225at50557         -            346  1.3e-150  500.6  14.1   1   3   1.2e-16   3.9e-13   48.5   0.3     1    47     1    47     1    69 0.77 -
77225at50557_103372_0:001ee1|STRG.9982.3:683-2404|+ -            574 77225at50557         -            346  1.3e-150  500.6  14.1   2   3   3.7e-33   1.2e-29  102.7   0.4    37   157   198   337   162   353 0.74 -
77225at50557_103372_0:001ee1|STRG.9982.3:683-2404|+ -            574 77225at50557         -            346  1.3e-150  500.6  14.1   3   3  3.4e-110  1.1e-106  356.1   2.0   159   346   381   574   344   574 0.91 -
77225at50557_103372_0:001ee1|STRG.9982.2:686-2446|+ -            587 77225at50557         -            346  1.8e-150  500.1  16.6   1   3   1.2e-16     4e-13   48.4   0.3     1    47     1    47     1    69 0.77 -
77225at50557_103372_0:001ee1|STRG.9982.2:686-2446|+ -            587 77225at50557         -            346  1.8e-150  500.1  16.6   2   3   4.6e-33   1.5e-29  102.4   0.6    36   157   197   337   161   349 0.74 -
77225at50557_103372_0:001ee1|STRG.9982.2:686-2446|+ -            587 77225at50557         -            346  1.8e-150  500.1  16.6   3   3  1.6e-109  5.2e-106  353.9   4.2   159   346   394   587   339   587 0.91 -
#
# Program:         hmmsearch
# Version:         3.4 (Aug 2023)
# Pipeline mode:   SEARCH
# Query file:      /data/projet1/projet_tutore/busco_downloads/lineages/insecta_odb10/hmms/77225at50557.hmm
# Target file:     annotation_analysis/annotation_gcf/T_septentrionalis/busco_output/run_insecta_odb10/metaeuk_output/initial_results/assembled_transcripts.fasta.modified.fas
# Option settings: hmmsearch --domtblout annotation_analysis/annotation_gcf/T_septentrionalis/busco_output/run_insecta_odb10/hmmer_output/initial_run_results/77225at50557.out --cpu 1 /data/projet1/projet_tutore/busco_downloads/lineages/insecta_odb10/hmms/77225at50557.hmm annotation_analysis/annotation_gcf/T_septentrionalis/busco_output/run_insecta_odb10/metaeuk_output/initial_results/assembled_transcripts.fasta.modified.fas 
# Current dir:     /data/projet1/projet_tutore
# Date:            Sun Oct 13 10:12:28 2024
# [ok]
