#                                                                                                           --- full sequence --- -------------- this domain -------------   hmm coord   ali coord   env coord
# target name                                       accession   tlen query name           accession   qlen   E-value  score  bias   #  of  c-Evalue  i-Evalue  score  bias  from    to  from    to  from    to  acc description of target
#                               ------------------- ---------- ----- -------------------- ---------- ----- --------- ------ ----- --- --- --------- --------- ------ ----- ----- ----- ----- ----- ----- ----- ---- ---------------------
78175at50557_34720_0:0023ae|STRG.14474.4:280-1923|+ -            548 78175at50557         -            251   1.4e-94  315.3  11.5   1   2    0.0071        17    3.8   0.2     1    18   225   242   225   256 0.82 -
78175at50557_34720_0:0023ae|STRG.14474.4:280-1923|+ -            548 78175at50557         -            251   1.4e-94  315.3  11.5   2   2   5.9e-97   1.4e-93  312.0   6.7    23   250   277   544   255   545 0.86 -
78175at50557_34720_0:0023ae|STRG.14474.1:241-1899|+ -            553 78175at50557         -            251   1.5e-94  315.2  11.6   1   2    0.0072        18    3.8   0.2     1    18   230   247   230   261 0.82 -
78175at50557_34720_0:0023ae|STRG.14474.1:241-1899|+ -            553 78175at50557         -            251   1.5e-94  315.2  11.6   2   2   6.1e-97   1.5e-93  312.0   6.7    23   250   282   549   259   550 0.86 -
78175at50557_34720_0:0023ae|STRG.14474.2:55-1713|+  -            553 78175at50557         -            251   1.5e-94  315.2  11.6   1   2    0.0072        18    3.8   0.2     1    18   230   247   230   261 0.82 -
78175at50557_34720_0:0023ae|STRG.14474.2:55-1713|+  -            553 78175at50557         -            251   1.5e-94  315.2  11.6   2   2   6.1e-97   1.5e-93  312.0   6.7    23   250   282   549   259   550 0.86 -
78175at50557_34720_0:0023ae|STRG.14474.3:441-2099|+ -            553 78175at50557         -            251   1.5e-94  315.2  11.6   1   2    0.0072        18    3.8   0.2     1    18   230   247   230   261 0.82 -
78175at50557_34720_0:0023ae|STRG.14474.3:441-2099|+ -            553 78175at50557         -            251   1.5e-94  315.2  11.6   2   2   6.1e-97   1.5e-93  312.0   6.7    23   250   282   549   259   550 0.86 -
#
# Program:         hmmsearch
# Version:         3.4 (Aug 2023)
# Pipeline mode:   SEARCH
# Query file:      /data/projet1/projet_tutore/busco_downloads/lineages/insecta_odb10/hmms/78175at50557.hmm
# Target file:     annotation_analysis/annotation_gcf/T_septentrionalis/busco_output/run_insecta_odb10/metaeuk_output/initial_results/assembled_transcripts.fasta.modified.fas
# Option settings: hmmsearch --domtblout annotation_analysis/annotation_gcf/T_septentrionalis/busco_output/run_insecta_odb10/hmmer_output/initial_run_results/78175at50557.out --cpu 1 /data/projet1/projet_tutore/busco_downloads/lineages/insecta_odb10/hmms/78175at50557.hmm annotation_analysis/annotation_gcf/T_septentrionalis/busco_output/run_insecta_odb10/metaeuk_output/initial_results/assembled_transcripts.fasta.modified.fas 
# Current dir:     /data/projet1/projet_tutore
# Date:            Sun Oct 13 10:12:33 2024
# [ok]
