#                                                                                                            --- full sequence --- -------------- this domain -------------   hmm coord   ali coord   env coord
# target name                                        accession   tlen query name           accession   qlen   E-value  score  bias   #  of  c-Evalue  i-Evalue  score  bias  from    to  from    to  from    to  acc description of target
#                                ------------------- ---------- ----- -------------------- ---------- ----- --------- ------ ----- --- --- --------- --------- ------ ----- ----- ----- ----- ----- ----- ----- ---- ---------------------
91616at50557_103372_0:00137e|STRG.800.1:216-1289|+   -            358 91616at50557         -            218   9.9e-99  328.4  17.0   1   3   6.5e-97   1.6e-93  311.3   6.7     1   175     1   186     1   194 0.96 -
91616at50557_103372_0:00137e|STRG.800.1:216-1289|+   -            358 91616at50557         -            218   9.9e-99  328.4  17.0   2   3     0.083     2e+02    0.4   0.0   173   184   212   223   191   242 0.79 -
91616at50557_103372_0:00137e|STRG.800.1:216-1289|+   -            358 91616at50557         -            218   9.9e-99  328.4  17.0   3   3   1.8e-08   4.6e-05   22.2   0.8   172   218   311   358   295   358 0.84 -
91616at50557_103372_0:00137e|STRG.800.2:217-1290|+   -            358 91616at50557         -            218   9.9e-99  328.4  17.0   1   3   6.5e-97   1.6e-93  311.3   6.7     1   175     1   186     1   194 0.96 -
91616at50557_103372_0:00137e|STRG.800.2:217-1290|+   -            358 91616at50557         -            218   9.9e-99  328.4  17.0   2   3     0.083     2e+02    0.4   0.0   173   184   212   223   191   242 0.79 -
91616at50557_103372_0:00137e|STRG.800.2:217-1290|+   -            358 91616at50557         -            218   9.9e-99  328.4  17.0   3   3   1.8e-08   4.6e-05   22.2   0.8   172   218   311   358   295   358 0.84 -
91616at50557_103372_0:00137e|STRG.800.3:294-1367|+   -            358 91616at50557         -            218   9.9e-99  328.4  17.0   1   3   6.5e-97   1.6e-93  311.3   6.7     1   175     1   186     1   194 0.96 -
91616at50557_103372_0:00137e|STRG.800.3:294-1367|+   -            358 91616at50557         -            218   9.9e-99  328.4  17.0   2   3     0.083     2e+02    0.4   0.0   173   184   212   223   191   242 0.79 -
91616at50557_103372_0:00137e|STRG.800.3:294-1367|+   -            358 91616at50557         -            218   9.9e-99  328.4  17.0   3   3   1.8e-08   4.6e-05   22.2   0.8   172   218   311   358   295   358 0.84 -
121522at50557_2015173_0:00167d|STRG.1836.1:263-862|+ -            200 91616at50557         -            218    0.0003   19.5   3.1   1   1   1.5e-07   0.00036   19.2   3.1    10   133     8   127     1   161 0.78 -
#
# Program:         hmmsearch
# Version:         3.4 (Aug 2023)
# Pipeline mode:   SEARCH
# Query file:      /data/projet1/projet_tutore/busco_downloads/lineages/insecta_odb10/hmms/91616at50557.hmm
# Target file:     annotation_analysis/annotation_gcf/T_septentrionalis/busco_output/run_insecta_odb10/metaeuk_output/initial_results/assembled_transcripts.fasta.modified.fas
# Option settings: hmmsearch --domtblout annotation_analysis/annotation_gcf/T_septentrionalis/busco_output/run_insecta_odb10/hmmer_output/initial_run_results/91616at50557.out --cpu 1 /data/projet1/projet_tutore/busco_downloads/lineages/insecta_odb10/hmms/91616at50557.hmm annotation_analysis/annotation_gcf/T_septentrionalis/busco_output/run_insecta_odb10/metaeuk_output/initial_results/assembled_transcripts.fasta.modified.fas 
# Current dir:     /data/projet1/projet_tutore
# Date:            Sun Oct 13 10:13:16 2024
# [ok]
