#                                                                                                            --- full sequence --- -------------- this domain -------------   hmm coord   ali coord   env coord
# target name                                        accession   tlen query name           accession   qlen   E-value  score  bias   #  of  c-Evalue  i-Evalue  score  bias  from    to  from    to  from    to  acc description of target
#                                ------------------- ---------- ----- -------------------- ---------- ----- --------- ------ ----- --- --- --------- --------- ------ ----- ----- ----- ----- ----- ----- ----- ---- ---------------------
99762at50557_103372_0:0001d2|STRG.2469.1:178-1143|+  -            322 99762at50557         -            239   2.5e-96  321.0  23.1   1   3   1.3e-13   1.2e-10   40.4   0.2     1    32     1    32     1    37 0.92 -
99762at50557_103372_0:0001d2|STRG.2469.1:178-1143|+  -            322 99762at50557         -            239   2.5e-96  321.0  23.1   2   3   2.1e-43   2.1e-40  137.9   5.6    27   146    60   189    57   203 0.94 -
99762at50557_103372_0:0001d2|STRG.2469.1:178-1143|+  -            322 99762at50557         -            239   2.5e-96  321.0  23.1   3   3     1e-47   9.9e-45  152.0   4.3   138   239   213   317   199   317 0.91 -
99762at50557_168631_0:000097|STRG.5674.1:922-1284|+  -            121 99762at50557         -            239   1.1e-22   79.9   5.5   1   1   1.3e-25   1.3e-22   79.7   5.5   133   237    14   117     3   119 0.83 -
99762at50557_7493_0:000229|STRG.15442.7:472-1191|+   -            240 99762at50557         -            239   7.9e-19   67.2  23.3   1   2     3e-05      0.03   13.0  10.9    30   137     1   106     1   132 0.65 -
99762at50557_7493_0:000229|STRG.15442.7:472-1191|+   -            240 99762at50557         -            239   7.9e-19   67.2  23.3   2   2   4.1e-19     4e-16   58.4   6.3   125   230   128   236   115   240 0.75 -
99762at50557_7493_0:000229|STRG.15442.8:514-1233|+   -            240 99762at50557         -            239   7.9e-19   67.2  23.3   1   2     3e-05      0.03   13.0  10.9    30   137     1   106     1   132 0.65 -
99762at50557_7493_0:000229|STRG.15442.8:514-1233|+   -            240 99762at50557         -            239   7.9e-19   67.2  23.3   2   2   4.1e-19     4e-16   58.4   6.3   125   230   128   236   115   240 0.75 -
99762at50557_29053_0:001bdb|STRG.15442.4:472-1191|+  -            240 99762at50557         -            239   2.3e-18   65.7  22.2   1   2   2.5e-05     0.025   13.2  10.5    30   134     1   110     1   131 0.65 -
99762at50557_29053_0:001bdb|STRG.15442.4:472-1191|+  -            240 99762at50557         -            239   2.3e-18   65.7  22.2   2   2   1.3e-18   1.3e-15   56.7   5.4   125   232   128   238   115   240 0.79 -
99762at50557_64459_0:0019bb|STRG.15442.5:370-1182|+  -            271 99762at50557         -            239   7.8e-18   64.0  18.6   1   2   1.7e-05     0.017   13.8  11.8    29   145    34   148    27   169 0.68 -
99762at50557_64459_0:0019bb|STRG.15442.5:370-1182|+  -            271 99762at50557         -            239   7.8e-18   64.0  18.6   2   2   1.3e-17   1.2e-14   53.5   1.7   125   229   162   269   149   271 0.79 -
99762at50557_7493_0:000229|STRG.15442.2:472-1173|+   -            234 99762at50557         -            239   1.6e-17   63.0  23.8   1   2     3e-05      0.03   13.0  11.0    30   137     1   106     1   132 0.65 -
99762at50557_7493_0:000229|STRG.15442.2:472-1173|+   -            234 99762at50557         -            239   1.6e-17   63.0  23.8   2   2   8.7e-18   8.6e-15   54.0   6.7   125   226   128   233   115   234 0.77 -
85889at50557_520822_0:00209d|STRG.15318.1:0-1115|+   -            372 99762at50557         -            239   2.9e-12   45.7   4.1   1   3      0.66   6.5e+02   -1.2   2.4   100   167    83   151    31   167 0.46 -
85889at50557_520822_0:00209d|STRG.15318.1:0-1115|+   -            372 99762at50557         -            239   2.9e-12   45.7   4.1   2   3       1.8   1.8e+03   -2.6  10.0    96   140   187   229    79   237 0.78 -
85889at50557_520822_0:00209d|STRG.15318.1:0-1115|+   -            372 99762at50557         -            239   2.9e-12   45.7   4.1   3   3     3e-15   2.9e-12   45.7   4.1   138   237   268   366   255   371 0.78 -
114649at50557_132113_0:002a5b|STRG.2402.2:153-527|+  -            125 99762at50557         -            239    0.0091   14.7   1.4   1   1     1e-05    0.0099   14.5   1.4   145   212    37   104    15   116 0.87 -
114649at50557_144034_0:001902|STRG.2402.3:409-1188|+ -            260 99762at50557         -            239       0.8    8.3   7.8   1   1    0.0034       3.4    6.3   7.8   145   211   171   237    55   249 0.88 -
#
# Program:         hmmsearch
# Version:         3.4 (Aug 2023)
# Pipeline mode:   SEARCH
# Query file:      /data/projet1/projet_tutore/busco_downloads/lineages/insecta_odb10/hmms/99762at50557.hmm
# Target file:     annotation_analysis/annotation_gcf/T_septentrionalis/busco_output/run_insecta_odb10/metaeuk_output/initial_results/assembled_transcripts.fasta.modified.fas
# Option settings: hmmsearch --domtblout annotation_analysis/annotation_gcf/T_septentrionalis/busco_output/run_insecta_odb10/hmmer_output/initial_run_results/99762at50557.out --cpu 1 /data/projet1/projet_tutore/busco_downloads/lineages/insecta_odb10/hmms/99762at50557.hmm annotation_analysis/annotation_gcf/T_septentrionalis/busco_output/run_insecta_odb10/metaeuk_output/initial_results/assembled_transcripts.fasta.modified.fas 
# Current dir:     /data/projet1/projet_tutore
# Date:            Sun Oct 13 10:13:54 2024
# [ok]
