#                                                                                                            --- full sequence --- -------------- this domain -------------   hmm coord   ali coord   env coord
# target name                                        accession   tlen query name           accession   qlen   E-value  score  bias   #  of  c-Evalue  i-Evalue  score  bias  from    to  from    to  from    to  acc description of target
#                                ------------------- ---------- ----- -------------------- ---------- ----- --------- ------ ----- --- --- --------- --------- ------ ----- ----- ----- ----- ----- ----- ----- ---- ---------------------
101190at50557_103372_0:002295|STRG.14794.1:0-707|+   -            236 101190at50557        -            193  1.9e-104  346.3   0.4   1   1  9.1e-107  4.6e-104  345.0   0.4     1   189    25   226    25   236 0.94 -
112608at50557_103372_0:002785|STRG.17573.1:141-755|+ -            205 101190at50557        -            193     4e-27   94.0   0.0   1   1   8.8e-30   4.4e-27   93.9   0.0     5   192     5   198     1   199 0.92 -
112608at50557_103372_0:002785|STRG.17573.2:0-575|+   -            192 101190at50557        -            193   2.2e-22   78.5   0.0   1   1     5e-25   2.5e-22   78.4   0.0    15   192     2   185     1   186 0.92 -
101190at50557_166361_0:00062e|STRG.2320.1:90-647|+   -            186 101190at50557        -            193   4.2e-12   45.0   0.3   1   1   9.3e-15   4.7e-12   44.9   0.3     8   189     1   185     1   186 0.89 -
94422at50557_286706_0:000f80|STRG.8352.1:253-864|+   -            204 101190at50557        -            193   4.2e-10   38.5   0.1   1   1   9.9e-13     5e-10   38.2   0.1     8   189     3   186     1   190 0.86 -
94422at50557_286706_0:000f80|STRG.8352.2:66-677|+    -            204 101190at50557        -            193   4.2e-10   38.5   0.1   1   1   9.9e-13     5e-10   38.2   0.1     8   189     3   186     1   190 0.86 -
105548at50557_42026_0:002cfd|STRG.4603.1:3-701|+     -            233 101190at50557        -            193   1.5e-08   33.5   0.0   1   1   3.8e-11   1.9e-08   33.1   0.0     6   155    28   182    23   209 0.84 -
94422at50557_144034_0:002b62|STRG.16003.3:83-808|+   -            242 101190at50557        -            193   2.2e-08   32.9   0.3   1   1   1.1e-10   5.4e-08   31.6   0.3     8   165    34   205    29   220 0.81 -
94422at50557_34720_0:001449|STRG.16003.1:83-889|+    -            269 101190at50557        -            193     3e-08   32.4   0.2   1   1   1.4e-10   7.2e-08   31.2   0.2     8   165    34   205    29   221 0.81 -
94422at50557_34720_0:001449|STRG.16003.2:0-806|+     -            269 101190at50557        -            193     3e-08   32.4   0.2   1   1   1.4e-10   7.2e-08   31.2   0.2     8   165    34   205    29   221 0.81 -
94422at50557_79782_0:000e81|STRG.16374.2:18-632|+    -            205 101190at50557        -            193   2.6e-06   26.1   0.4   1   1   6.3e-09   3.2e-06   25.8   0.4     5   133    25   155    21   195 0.81 -
94422at50557_28612_0:003e80|STRG.3618.1:24-725|+     -            234 101190at50557        -            193   5.2e-06   25.1   0.4   1   1   1.3e-08   6.5e-06   24.8   0.4     5   154    25   179    21   213 0.83 -
105548at50557_42026_0:002cfd|STRG.3766.1:84-731|+    -            216 101190at50557        -            193   5.6e-06   25.0   0.1   1   1   1.4e-08     7e-06   24.7   0.1     6   180    26   208    22   216 0.77 -
94422at50557_13249_0:000d91|STRG.9930.1:0-578|+      -            193 101190at50557        -            193   7.9e-06   24.5   0.1   1   1   1.9e-08   9.6e-06   24.3   0.1     8   129     7   128     3   173 0.75 -
94422at50557_13249_0:000d91|STRG.9930.2:141-788|+    -            216 101190at50557        -            193     1e-05   24.2   0.1   1   1   2.4e-08   1.2e-05   23.9   0.1     8   129    30   151    24   195 0.75 -
105548at50557_286706_0:0001cb|STRG.16374.1:327-749|+ -            141 101190at50557        -            193    0.0044   15.6   0.1   1   1   9.3e-06    0.0047   15.5   0.1    38   132    26   123     1   137 0.80 -
#
# Program:         hmmsearch
# Version:         3.4 (Aug 2023)
# Pipeline mode:   SEARCH
# Query file:      /home/justine/projet_tutore/busco_downloads/lineages/insecta_odb10/hmms/101190at50557.hmm
# Target file:     annotation_analysis/annotation_gca/T_cornetzi/busco_output/run_insecta_odb10/metaeuk_output/initial_results/assembled_transcripts.fasta.modified.fas
# Option settings: hmmsearch --domtblout annotation_analysis/annotation_gca/T_cornetzi/busco_output/run_insecta_odb10/hmmer_output/initial_run_results/101190at50557.out --cpu 1 /home/justine/projet_tutore/busco_downloads/lineages/insecta_odb10/hmms/101190at50557.hmm annotation_analysis/annotation_gca/T_cornetzi/busco_output/run_insecta_odb10/metaeuk_output/initial_results/assembled_transcripts.fasta.modified.fas 
# Current dir:     /home/justine/projet_tutore
# Date:            Sun Dec  1 22:14:00 2024
# [ok]
