#                                                                                                             --- full sequence --- -------------- this domain -------------   hmm coord   ali coord   env coord
# target name                                         accession   tlen query name           accession   qlen   E-value  score  bias   #  of  c-Evalue  i-Evalue  score  bias  from    to  from    to  from    to  acc description of target
#                                 ------------------- ---------- ----- -------------------- ---------- ----- --------- ------ ----- --- --- --------- --------- ------ ----- ----- ----- ----- ----- ----- ----- ---- ---------------------
10268at50557_64793_0:002742|STRG.5121.2:3-3134|+      -           1044 10268at50557         -            792         0 1184.2  15.4   1   2    9e-117  6.6e-114  380.4   1.2   101   307     1   237     1   244 0.92 -
10268at50557_64793_0:002742|STRG.5121.2:3-3134|+      -           1044 10268at50557         -            792         0 1184.2  15.4   2   2    2e-245  1.5e-242  805.9   7.1   305   774   266   825   255   840 0.90 -
10268at50557_64793_0:002742|STRG.5121.1:0-2243|+      -            748 10268at50557         -            792  1.6e-228  759.4   4.6   1   1  3.9e-230  2.9e-227  755.3   4.6   330   773     5   528     2   540 0.91 -
10268at50557_13037_0:0016bb|STRG.6022.1:746-1789|+    -            348 10268at50557         -            792   7.5e-66  221.5   0.0   1   1   1.3e-68   9.2e-66  221.2   0.0   429   725    11   322     2   345 0.84 -
10268at50557_1629725_0:0014a3|STRG.10007.1:749-1816|+ -            356 10268at50557         -            792   3.2e-50  169.8   1.2   1   2   7.2e-36   5.3e-33  112.8   0.1   130   307    11   207     4   222 0.80 -
10268at50557_1629725_0:0014a3|STRG.10007.1:749-1816|+ -            356 10268at50557         -            792   3.2e-50  169.8   1.2   2   2   1.2e-18   8.9e-16   55.9   0.1   305   397   236   353   224   356 0.80 -
15532at50557_315563_0:002095|STRG.8883.1:3-1520|+     -            506 10268at50557         -            792   1.2e-46  158.0   0.8   1   2   3.4e-32   2.5e-29  100.7   0.2    70   303    70   347    46   356 0.78 -
15532at50557_315563_0:002095|STRG.8883.1:3-1520|+     -            506 10268at50557         -            792   1.2e-46  158.0   0.8   2   2   4.1e-18     3e-15   54.1   0.0   304   375   380   460   369   502 0.72 -
15532at50557_568069_0:0001a0|STRG.8883.2:373-1668|+   -            432 10268at50557         -            792   1.9e-46  157.3   0.8   1   2   3.1e-32   2.3e-29  100.8   0.2    70   303    12   289     3   298 0.78 -
15532at50557_568069_0:0001a0|STRG.8883.2:373-1668|+   -            432 10268at50557         -            792   1.9e-46  157.3   0.8   2   2   7.6e-18   5.6e-15   53.2   0.0   304   371   322   398   310   416 0.83 -
10268at50557_52612_0:001ff6|STRG.8767.1:30-974|+      -            315 10268at50557         -            792     4e-40  136.4   0.2   1   1   7.3e-43   5.4e-40  136.0   0.2   467   710    36   304    27   313 0.77 -
10268at50557_52612_0:001ff6|STRG.20938.1:2360-3130|+  -            257 10268at50557         -            792     1e-37  128.5   0.0   1   1   1.6e-40   1.2e-37  128.2   0.0   495   692     1   221     1   243 0.83 -
10268at50557_52612_0:001ff6|STRG.20938.2:3308-4078|+  -            257 10268at50557         -            792     1e-37  128.5   0.0   1   1   1.6e-40   1.2e-37  128.2   0.0   495   692     1   221     1   243 0.83 -
15532at50557_34720_0:00053e|STRG.20728.2:280-3369|+   -           1030 10268at50557         -            792   2.6e-26   90.7   3.4   1   3     0.054        39    0.8   0.0    47   107   147   204   138   241 0.72 -
15532at50557_34720_0:00053e|STRG.20728.2:280-3369|+   -           1030 10268at50557         -            792   2.6e-26   90.7   3.4   2   3     2e-20   1.5e-17   61.8   0.0   126   284   297   469   286   502 0.74 -
15532at50557_34720_0:00053e|STRG.20728.2:280-3369|+   -           1030 10268at50557         -            792   2.6e-26   90.7   3.4   3   3   7.8e-10   5.8e-07   26.7   0.5   301   329   608   636   583   652 0.85 -
15532at50557_34720_0:00053e|STRG.20728.1:280-3204|+   -            975 10268at50557         -            792   4.1e-26   90.0   5.5   1   3     0.021        16    2.1   0.1    49   107    94   149    86   186 0.75 -
15532at50557_34720_0:00053e|STRG.20728.1:280-3204|+   -            975 10268at50557         -            792   4.1e-26   90.0   5.5   2   3   1.8e-20   1.3e-17   61.9   0.0   126   284   242   414   231   447 0.74 -
15532at50557_34720_0:00053e|STRG.20728.1:280-3204|+   -            975 10268at50557         -            792   4.1e-26   90.0   5.5   3   3   7.4e-10   5.4e-07   26.8   0.5   301   329   553   581   528   597 0.85 -
#
# Program:         hmmsearch
# Version:         3.4 (Aug 2023)
# Pipeline mode:   SEARCH
# Query file:      /home/justine/projet_tutore/busco_downloads/lineages/insecta_odb10/hmms/10268at50557.hmm
# Target file:     annotation_analysis/annotation_gca/T_cornetzi/busco_output/run_insecta_odb10/metaeuk_output/initial_results/assembled_transcripts.fasta.modified.fas
# Option settings: hmmsearch --domtblout annotation_analysis/annotation_gca/T_cornetzi/busco_output/run_insecta_odb10/hmmer_output/initial_run_results/10268at50557.out --cpu 1 /home/justine/projet_tutore/busco_downloads/lineages/insecta_odb10/hmms/10268at50557.hmm annotation_analysis/annotation_gca/T_cornetzi/busco_output/run_insecta_odb10/metaeuk_output/initial_results/assembled_transcripts.fasta.modified.fas 
# Current dir:     /home/justine/projet_tutore
# Date:            Sun Dec  1 22:14:06 2024
# [ok]
