#                                                                                                             --- full sequence --- -------------- this domain -------------   hmm coord   ali coord   env coord
# target name                                         accession   tlen query name           accession   qlen   E-value  score  bias   #  of  c-Evalue  i-Evalue  score  bias  from    to  from    to  from    to  acc description of target
#                                 ------------------- ---------- ----- -------------------- ---------- ----- --------- ------ ----- --- --- --------- --------- ------ ----- ----- ----- ----- ----- ----- ----- ---- ---------------------
104526at50557_103372_0:001e58|STRG.3972.2:12-1194|+   -            357 104526at50557        -            245  1.5e-100  334.7   1.7   1   3     0.051        51    2.2   0.0    12    25     9    22     3    25 0.87 -
104526at50557_103372_0:001e58|STRG.3972.2:12-1194|+   -            357 104526at50557        -            245  1.5e-100  334.7   1.7   2   3   4.6e-66   4.6e-63  211.9   1.1    21   162    43   203    31   221 0.86 -
104526at50557_103372_0:001e58|STRG.3972.2:12-1194|+   -            357 104526at50557        -            245  1.5e-100  334.7   1.7   3   3   2.5e-37   2.6e-34  117.8   0.0   142   245   234   350   213   350 0.83 -
104526at50557_103372_0:001e58|STRG.3972.1:595-1856|+  -            387 104526at50557        -            245  9.1e-100  332.1   4.6   1   4       2.9     3e+03   -3.6   0.1     1    12     1    12     1    13 0.89 -
104526at50557_103372_0:001e58|STRG.3972.1:595-1856|+  -            387 104526at50557        -            245  9.1e-100  332.1   4.6   2   4     0.036        36    2.7   0.0    11    25    33    47    21    50 0.80 -
104526at50557_103372_0:001e58|STRG.3972.1:595-1856|+  -            387 104526at50557        -            245  9.1e-100  332.1   4.6   3   4   5.9e-66   5.9e-63  211.5   1.1    21   162    68   228    56   244 0.86 -
104526at50557_103372_0:001e58|STRG.3972.1:595-1856|+  -            387 104526at50557        -            245  9.1e-100  332.1   4.6   4   4     3e-37     3e-34  117.5   0.0   142   245   259   375   238   375 0.83 -
104526at50557_56086_0:0041a1|STRG.24262.1:186-524|+   -            113 104526at50557        -            245   6.5e-08   31.3   0.1   1   1   6.5e-11   6.6e-08   31.3   0.1    27   109     2   101     1   113 0.63 -
104526at50557_56086_0:0041a1|STRG.8551.1:477-779|+    -            101 104526at50557        -            245   3.7e-06   25.6   0.0   1   1   4.5e-09   4.5e-06   25.2   0.0    25    96    11    94     5    98 0.78 -
104526at50557_56086_0:0041a1|STRG.8551.2:477-779|+    -            101 104526at50557        -            245   3.7e-06   25.6   0.0   1   1   4.5e-09   4.5e-06   25.2   0.0    25    96    11    94     5    98 0.78 -
104526at50557_56086_0:0041a1|STRG.8551.3:153-455|+    -            101 104526at50557        -            245   3.7e-06   25.6   0.0   1   1   4.5e-09   4.5e-06   25.2   0.0    25    96    11    94     5    98 0.78 -
104526at50557_197043_0:0031fe|STRG.16096.1:846-1196|+ -            117 104526at50557        -            245     4e-05   22.1   0.0   1   1   4.4e-08   4.4e-05   22.0   0.0    22    92    37   117    18   117 0.81 -
104526at50557_197043_0:0031fe|STRG.16096.2:141-491|+  -            117 104526at50557        -            245     4e-05   22.1   0.0   1   1   4.4e-08   4.4e-05   22.0   0.0    22    92    37   117    18   117 0.81 -
#
# Program:         hmmsearch
# Version:         3.4 (Aug 2023)
# Pipeline mode:   SEARCH
# Query file:      /home/justine/projet_tutore/busco_downloads/lineages/insecta_odb10/hmms/104526at50557.hmm
# Target file:     annotation_analysis/annotation_gca/T_cornetzi/busco_output/run_insecta_odb10/metaeuk_output/initial_results/assembled_transcripts.fasta.modified.fas
# Option settings: hmmsearch --domtblout annotation_analysis/annotation_gca/T_cornetzi/busco_output/run_insecta_odb10/hmmer_output/initial_run_results/104526at50557.out --cpu 1 /home/justine/projet_tutore/busco_downloads/lineages/insecta_odb10/hmms/104526at50557.hmm annotation_analysis/annotation_gca/T_cornetzi/busco_output/run_insecta_odb10/metaeuk_output/initial_results/assembled_transcripts.fasta.modified.fas 
# Current dir:     /home/justine/projet_tutore
# Date:            Sun Dec  1 22:14:08 2024
# [ok]
