#                                                                                                            --- full sequence --- -------------- this domain -------------   hmm coord   ali coord   env coord
# target name                                        accession   tlen query name           accession   qlen   E-value  score  bias   #  of  c-Evalue  i-Evalue  score  bias  from    to  from    to  from    to  acc description of target
#                                ------------------- ---------- ----- -------------------- ---------- ----- --------- ------ ----- --- --- --------- --------- ------ ----- ----- ----- ----- ----- ----- ----- ---- ---------------------
107099at50557_103372_0:00205a|STRG.10437.2:0-785|+   -            262 107099at50557        -            223  2.8e-115  382.2  16.3   1   1  9.4e-118  1.1e-114  380.3  16.3     1   223     6   260     6   260 0.92 -
107099at50557_103372_0:00205a|STRG.10437.1:88-891|+  -            268 107099at50557        -            223  2.8e-115  382.2  16.1   1   1  9.4e-118  1.1e-114  380.3  16.1     1   223    12   266    12   266 0.92 -
132773at50557_34720_0:00111e|STRG.5548.1:0-449|+     -            150 107099at50557        -            223   8.8e-15   53.5   0.5   1   1   8.7e-18     1e-14   53.3   0.5    93   192    44   139    11   145 0.85 -
139760at50557_103372_0:0003be|STRG.22758.1:325-678|+ -            118 107099at50557        -            223   1.8e-12   46.0   0.0   1   1   1.8e-15   2.1e-12   45.7   0.0   105   164    32    91    24   109 0.89 -
139760at50557_103372_0:0003be|STRG.22758.2:620-973|+ -            118 107099at50557        -            223   1.8e-12   46.0   0.0   1   1   1.8e-15   2.1e-12   45.7   0.0   105   164    32    91    24   109 0.89 -
129363at50557_34720_0:0018fe|STRG.7083.1:240-683|+   -            148 107099at50557        -            223     0.017   13.4   0.2   1   1   1.7e-05      0.02   13.1   0.2   107   162    46   101    32   123 0.88 -
129363at50557_34720_0:0018fe|STRG.7083.2:83-547|+    -            155 107099at50557        -            223     0.018   13.2   0.2   1   1   1.9e-05     0.022   13.0   0.2   107   162    53   108    39   130 0.88 -
#
# Program:         hmmsearch
# Version:         3.4 (Aug 2023)
# Pipeline mode:   SEARCH
# Query file:      /home/justine/projet_tutore/busco_downloads/lineages/insecta_odb10/hmms/107099at50557.hmm
# Target file:     annotation_analysis/annotation_gca/T_cornetzi/busco_output/run_insecta_odb10/metaeuk_output/initial_results/assembled_transcripts.fasta.modified.fas
# Option settings: hmmsearch --domtblout annotation_analysis/annotation_gca/T_cornetzi/busco_output/run_insecta_odb10/hmmer_output/initial_run_results/107099at50557.out --cpu 1 /home/justine/projet_tutore/busco_downloads/lineages/insecta_odb10/hmms/107099at50557.hmm annotation_analysis/annotation_gca/T_cornetzi/busco_output/run_insecta_odb10/metaeuk_output/initial_results/assembled_transcripts.fasta.modified.fas 
# Current dir:     /home/justine/projet_tutore
# Date:            Sun Dec  1 22:14:12 2024
# [ok]
