#                                                                                                            --- full sequence --- -------------- this domain -------------   hmm coord   ali coord   env coord
# target name                                        accession   tlen query name           accession   qlen   E-value  score  bias   #  of  c-Evalue  i-Evalue  score  bias  from    to  from    to  from    to  acc description of target
#                                ------------------- ---------- ----- -------------------- ---------- ----- --------- ------ ----- --- --- --------- --------- ------ ----- ----- ----- ----- ----- ----- ----- ---- ---------------------
109102at50557_103372_0:00272e|STRG.5194.1:0-815|+    -            272 109102at50557        -            200   1.4e-82  275.1   3.9   1   2   1.7e-78     2e-75  251.7   0.7     4   178     9   212     6   216 0.89 -
109102at50557_103372_0:00272e|STRG.5194.1:0-815|+    -            272 109102at50557        -            200   1.4e-82  275.1   3.9   2   2   8.4e-08   9.7e-05   20.9   0.1   163   200   216   258   206   258 0.76 -
109102at50557_121845_0:001d7b|STRG.16474.1:111-800|+ -            230 109102at50557        -            200   8.4e-30  102.7   0.0   1   1   1.1e-32   1.2e-29  102.2   0.0     8   157     1   164     1   173 0.85 -
110270at50557_103372_0:0020da|STRG.7664.1:0-659|+    -            220 109102at50557        -            200   3.8e-14   51.6   0.1   1   1   5.6e-17   6.4e-14   50.9   0.1    17   142    12   139     8   147 0.82 -
109102at50557_535359_0:0003d2|STRG.9015.2:828-1370|+ -            181 109102at50557        -            200   8.1e-14   50.6   0.0   1   1   1.6e-14   1.8e-11   42.9   0.0     7   141     1   153     1   170 0.76 -
109102at50557_64793_0:002a22|STRG.9015.1:1011-1544|+ -            178 109102at50557        -            200   1.7e-13   49.5   0.0   1   1   3.3e-14   3.9e-11   41.8   0.0     8   141     1   152     1   168 0.76 -
70279at50557_67767_0:000760|STRG.6119.1:39-833|+     -            265 109102at50557        -            200    0.0015   17.0   0.0   1   1   3.5e-06    0.0041   15.6   0.0     4    45     2    43     1    51 0.91 -
120896at50557_520822_0:001823|STRG.10376.2:0-875|+   -            292 109102at50557        -            200     0.034   12.6   0.0   1   1   7.2e-05     0.083   11.3   0.0     6    47    21    63    17    68 0.90 -
#
# Program:         hmmsearch
# Version:         3.4 (Aug 2023)
# Pipeline mode:   SEARCH
# Query file:      /home/justine/projet_tutore/busco_downloads/lineages/insecta_odb10/hmms/109102at50557.hmm
# Target file:     annotation_analysis/annotation_gca/T_cornetzi/busco_output/run_insecta_odb10/metaeuk_output/initial_results/assembled_transcripts.fasta.modified.fas
# Option settings: hmmsearch --domtblout annotation_analysis/annotation_gca/T_cornetzi/busco_output/run_insecta_odb10/hmmer_output/initial_run_results/109102at50557.out --cpu 1 /home/justine/projet_tutore/busco_downloads/lineages/insecta_odb10/hmms/109102at50557.hmm annotation_analysis/annotation_gca/T_cornetzi/busco_output/run_insecta_odb10/metaeuk_output/initial_results/assembled_transcripts.fasta.modified.fas 
# Current dir:     /home/justine/projet_tutore
# Date:            Sun Dec  1 22:14:16 2024
# [ok]
