#                                                                                                              --- full sequence --- -------------- this domain -------------   hmm coord   ali coord   env coord
# target name                                          accession   tlen query name           accession   qlen   E-value  score  bias   #  of  c-Evalue  i-Evalue  score  bias  from    to  from    to  from    to  acc description of target
#                                  ------------------- ---------- ----- -------------------- ---------- ----- --------- ------ ----- --- --- --------- --------- ------ ----- ----- ----- ----- ----- ----- ----- ---- ---------------------
109756at50557_103372_0:00251e|STRG.19885.3:182-805|+   -            208 109756at50557        -             87   3.7e-51  170.6   0.5   1   1   2.8e-53   5.1e-51  170.1   0.5     1    87     7    99     7    99 0.95 -
109756at50557_103372_0:00251e|STRG.19885.4:99-761|+    -            221 109756at50557        -             87   3.9e-51  170.5   0.5   1   1   3.3e-53   5.9e-51  169.9   0.5     1    87     2    94     2    94 0.95 -
109756at50557_103372_0:00251e|STRG.19885.2:182-859|+   -            226 109756at50557        -             87   4.1e-51  170.4   0.5   1   1   3.4e-53   6.2e-51  169.8   0.5     1    87     7    99     7    99 0.95 -
109756at50557_103372_0:00251e|STRG.19885.1:182-925|+   -            248 109756at50557        -             87     5e-51  170.2   0.5   1   1   4.2e-53   7.6e-51  169.6   0.5     1    87     7    99     7    99 0.95 -
109756at50557_378494_0:003794|STRG.14408.1:303-515|+   -             71 109756at50557        -             87   1.4e-22   79.0   0.4   1   1     8e-25   1.4e-22   78.9   0.4    12    69    11    69     2    71 0.86 -
74932at50557_222816_0:000a9b|STRG.21202.1:3-1046|+     -            348 109756at50557        -             87   2.4e-19   68.6   0.1   1   1   2.6e-21   4.7e-19   67.6   0.1    15    69    18    71     5    76 0.92 -
74932at50557_103372_0:0007c3|STRG.4120.1:0-1115|+      -            372 109756at50557        -             87     1e-16   60.2   0.1   1   1   1.1e-18   1.9e-16   59.3   0.1    11    66    50   105    36   121 0.92 -
73951at50557_34720_0:00262d|STRG.9436.5:4-1467|+       -            455 109756at50557        -             87   7.1e-16   57.5   1.6   1   1   8.6e-18   1.5e-15   56.4   0.5    14    68   100   154    90   170 0.88 -
73951at50557_34720_0:00262d|STRG.9436.4:4-1353|+       -            450 109756at50557        -             87   7.9e-16   57.3   1.8   1   1   9.4e-18   1.7e-15   56.3   0.7    14    68    95   149    82   165 0.88 -
109756at50557_52612_0:003ea0|STRG.4504.1:302-523|+     -             74 109756at50557        -             87   8.2e-16   57.3   0.6   1   1   4.9e-18   8.9e-16   57.2   0.6     2    69     1    74     1    74 0.86 -
73951at50557_34720_0:00262d|STRG.9436.3:4-1696|+       -            525 109756at50557        -             87   9.6e-16   57.1   1.6   1   1   1.1e-17     2e-15   56.0   0.7    14    68    95   149    82   165 0.88 -
73951at50557_34720_0:00262d|STRG.9436.1:4-1697|+       -            530 109756at50557        -             87   9.6e-16   57.0   1.5   1   1   1.1e-17   2.1e-15   56.0   0.7    14    68   100   154    87   170 0.88 -
73951at50557_34720_0:00262d|STRG.9436.2:4-1593|+       -            530 109756at50557        -             87   9.6e-16   57.0   1.5   1   1   1.1e-17   2.1e-15   56.0   0.7    14    68   100   154    87   170 0.88 -
108140at50557_34720_0:001e92|STRG.15071.2:160-2094|+   -            645 109756at50557        -             87   1.4e-15   56.5   0.0   1   1   3.3e-17     6e-15   54.5   0.0    15    82    18    88    13    93 0.84 -
108140at50557_520822_0:000b46|STRG.15071.5:0-1934|+    -            645 109756at50557        -             87   1.4e-15   56.5   0.0   1   1   3.3e-17     6e-15   54.5   0.0    15    82    18    88    13    93 0.84 -
74932at50557_286706_0:00199c|STRG.7534.1:304-1317|+    -            338 109756at50557        -             87   2.3e-15   55.9   0.6   1   1   2.4e-17   4.3e-15   54.9   0.1    15    66    24    72    19    77 0.91 -
126448at50557_568069_0:001ed1|STRG.12750.2:122-859|+   -            246 109756at50557        -             87   2.8e-15   55.6   0.1   1   1   8.3e-17   1.5e-14   53.2   0.2     9    66    22    84    16    94 0.89 -
100045at50557_103372_0:000fa2|STRG.15056.1:0-971|+     -            324 109756at50557        -             87   3.3e-15   55.3   0.1   1   1   4.8e-17   8.6e-15   54.0   0.1    14    63    22    71    10    85 0.93 -
127306at50557_64793_0:0016b5|STRG.18057.1:0-521|+      -            174 109756at50557        -             87   4.3e-13   48.6   0.1   1   1   3.8e-15   6.9e-13   47.9   0.1    15    73    31    89    19   102 0.89 -
108140at50557_121225_0:00229f|STRG.15071.3:160-1213|+  -            344 109756at50557        -             87   3.8e-11   42.3   0.0   1   1     6e-13   1.1e-10   40.9   0.0    15    54    18    58    13    81 0.80 -
88846at50557_34720_0:00286f|STRG.24198.1:0-1301|+      -            434 109756at50557        -             87   5.1e-11   41.9   0.0   1   1   7.5e-13   1.4e-10   40.5   0.0    11    64    51   103    43   109 0.89 -
41065at50557_7536_0:00279b|STRG.2668.2:423-719|+       -             99 109756at50557        -             87   1.5e-10   40.4   0.1   1   1     1e-12   1.8e-10   40.1   0.1    14    66    15    66     4    81 0.87 -
41065at50557_7536_0:00279b|STRG.2668.3:81-377|+        -             99 109756at50557        -             87   1.5e-10   40.4   0.1   1   1     1e-12   1.8e-10   40.1   0.1    14    66    15    66     4    81 0.87 -
41065at50557_133901_0:001440|STRG.20620.1:475-1827|+   -            451 109756at50557        -             87   2.5e-10   39.7   0.2   1   1   1.4e-12   2.5e-10   39.7   0.2    12    63   361   417   353   422 0.84 -
41065at50557_133901_0:001440|STRG.20620.2:102-1454|+   -            451 109756at50557        -             87   2.5e-10   39.7   0.2   1   1   1.4e-12   2.5e-10   39.7   0.2    12    63   361   417   353   422 0.84 -
125026at50557_411798_0:00322d|STRG.12858.2:1-540|+     -            180 109756at50557        -             87   3.3e-08   32.9   0.6   1   2       7.8   1.4e+03   -1.2   0.0    34    54    18    38     9    45 0.67 -
125026at50557_411798_0:00322d|STRG.12858.2:1-540|+     -            180 109756at50557        -             87   3.3e-08   32.9   0.6   2   2   5.2e-10   9.4e-08   31.4   0.1    14    58    70   115    60   122 0.84 -
60993at50557_103372_0:00057c|STRG.3777.1:0-1682|+      -            561 109756at50557        -             87   5.2e-08   32.3   0.3   1   1   1.1e-09     2e-07   30.4   0.0    15    69    29    86    17    96 0.87 -
25981at50557_456900_0:000c28|STRG.9359.1:0-2279|+      -            760 109756at50557        -             87   7.1e-08   31.8   0.0   1   1   1.4e-09   2.6e-07   30.0   0.0    14    66   119   168   114   179 0.88 -
125026at50557_411798_0:00322d|STRG.12858.1:1-774|+     -            258 109756at50557        -             87   7.1e-08   31.8   0.8   1   1     1e-09   1.9e-07   30.5   0.1    14    58    70   115    60   121 0.84 -
41065at50557_103372_0:000e4c|STRG.10293.1:144-1481|+   -            446 109756at50557        -             87   3.6e-07   29.6   1.0   1   1   8.5e-09   1.5e-06   27.6   0.7    11    63   386   444   378   446 0.80 -
74932at50557_104421_0:00028f|STRG.10600.2:115-702|+    -            196 109756at50557        -             87   1.2e-06   27.9   0.0   1   1     1e-08   1.8e-06   27.3   0.0    14    69    17    71     9    87 0.84 -
109756at50557_378494_0:003794|STRG.14902.1:3336-3527|+ -             64 109756at50557        -             87   1.7e-06   27.4   0.0   1   1   1.1e-08   1.9e-06   27.2   0.0     7    59     6    62     4    64 0.73 -
109756at50557_378494_0:003794|STRG.14902.2:3365-3556|+ -             64 109756at50557        -             87   1.7e-06   27.4   0.0   1   1   1.1e-08   1.9e-06   27.2   0.0     7    59     6    62     4    64 0.73 -
125026at50557_454923_0:000298|STRG.22018.1:2149-2538|+ -            130 109756at50557        -             87   2.8e-06   26.7   0.0   1   1   2.3e-08   4.1e-06   26.2   0.0    15    63    59   106    47   115 0.92 -
125026at50557_454923_0:000298|STRG.22018.2:1695-2084|+ -            130 109756at50557        -             87   2.8e-06   26.7   0.0   1   1   2.3e-08   4.1e-06   26.2   0.0    15    63    59   106    47   115 0.92 -
2744at50557_103372_0:002a6a|STRG.23569.1:323-7012|+    -           2230 109756at50557        -             87     6e-05   22.4   0.0   1   1   1.1e-06   0.00021   20.7   0.0    13    53  1307  1344  1302  1349 0.86 -
2744at50557_103372_0:002a6a|STRG.23569.3:323-7012|+    -           2230 109756at50557        -             87     6e-05   22.4   0.0   1   1   1.1e-06   0.00021   20.7   0.0    13    53  1307  1344  1302  1349 0.86 -
100045at50557_7395_0:004563|STRG.7096.1:6-284|+        -             93 109756at50557        -             87   6.1e-05   22.4   0.1   1   1   4.3e-07   7.7e-05   22.1   0.1    15    63    17    63     9    76 0.87 -
2744at50557_103372_0:002a6a|STRG.23569.2:323-7087|+    -           2255 109756at50557        -             87   6.1e-05   22.4   0.0   1   1   1.2e-06   0.00021   20.7   0.0    13    53  1332  1369  1327  1374 0.86 -
74932at50557_104421_0:00028f|STRG.10600.1:221-1090|+   -            290 109756at50557        -             87   0.00016   21.1   0.0   1   1   1.6e-06   0.00029   20.3   0.0    20    69     1    49     1    65 0.82 -
96874at50557_34720_0:002015|STRG.4358.1:0-1109|+       -            370 109756at50557        -             87    0.0002   20.8   0.1   1   1   3.4e-06   0.00062   19.2   0.1    12    59   310   361   301   368 0.79 -
61442at50557_103372_0:000b9a|STRG.12529.2:205-2067|+   -            621 109756at50557        -             87    0.0013   18.2   0.2   1   1   2.9e-05    0.0052   16.2   0.2    15    63   104   156    94   169 0.84 -
61442at50557_103372_0:000b9a|STRG.12529.3:205-2217|+   -            621 109756at50557        -             87    0.0013   18.2   0.2   1   1   2.9e-05    0.0052   16.2   0.2    15    63   104   156    94   169 0.84 -
60993at50557_1155016_0:000fc6|STRG.9257.2:0-164|+      -             55 109756at50557        -             87     0.029   13.8   0.3   1   1   0.00017      0.03   13.8   0.3    15    42    16    43     6    55 0.73 -
60993at50557_1155016_0:000fc6|STRG.9257.1:237-407|+    -             57 109756at50557        -             87     0.032   13.7   0.3   1   1   0.00019     0.033   13.6   0.3    15    42    18    45     8    57 0.73 -
#
# Program:         hmmsearch
# Version:         3.4 (Aug 2023)
# Pipeline mode:   SEARCH
# Query file:      /home/justine/projet_tutore/busco_downloads/lineages/insecta_odb10/hmms/109756at50557.hmm
# Target file:     annotation_analysis/annotation_gca/T_cornetzi/busco_output/run_insecta_odb10/metaeuk_output/initial_results/assembled_transcripts.fasta.modified.fas
# Option settings: hmmsearch --domtblout annotation_analysis/annotation_gca/T_cornetzi/busco_output/run_insecta_odb10/hmmer_output/initial_run_results/109756at50557.out --cpu 1 /home/justine/projet_tutore/busco_downloads/lineages/insecta_odb10/hmms/109756at50557.hmm annotation_analysis/annotation_gca/T_cornetzi/busco_output/run_insecta_odb10/metaeuk_output/initial_results/assembled_transcripts.fasta.modified.fas 
# Current dir:     /home/justine/projet_tutore
# Date:            Sun Dec  1 22:14:22 2024
# [ok]
