#                                                                                                             --- full sequence --- -------------- this domain -------------   hmm coord   ali coord   env coord
# target name                                         accession   tlen query name           accession   qlen   E-value  score  bias   #  of  c-Evalue  i-Evalue  score  bias  from    to  from    to  from    to  acc description of target
#                                 ------------------- ---------- ----- -------------------- ---------- ----- --------- ------ ----- --- --- --------- --------- ------ ----- ----- ----- ----- ----- ----- ----- ---- ---------------------
110125at50557_103372_0:000b46|STRG.12532.1:264-992|+  -            243 110125at50557        -            121   4.3e-56  187.4   3.7   1   2   1.2e-42   1.4e-40  137.3   0.2     1    84    12    98    12   116 0.93 -
110125at50557_103372_0:000b46|STRG.12532.1:264-992|+  -            243 110125at50557        -            121   4.3e-56  187.4   3.7   2   2   5.7e-16   6.9e-14   51.1   0.3    81   121   203   243   199   243 0.96 -
110125at50557_103372_0:000b46|STRG.12532.2:264-857|+  -            198 110125at50557        -            121   1.1e-21   76.3   7.0   1   3   0.00032     0.038   13.2   0.1     1    16    12    29    12    31 0.90 -
110125at50557_103372_0:000b46|STRG.12532.2:264-857|+  -            198 110125at50557        -            121   1.1e-21   76.3   7.0   2   3   7.8e-05    0.0094   15.2   0.1    62    84    30    53    29    71 0.85 -
110125at50557_103372_0:000b46|STRG.12532.2:264-857|+  -            198 110125at50557        -            121   1.1e-21   76.3   7.0   3   3     4e-16   4.8e-14   51.6   0.4    81   121   158   198   153   198 0.95 -
110125at50557_7539_0:00092e|STRG.5096.1:2470-2733|+   -             88 110125at50557        -            121   6.7e-13   48.0   0.0   1   1   5.8e-15     7e-13   47.9   0.0    11    79     1    70     1    86 0.89 -
110125at50557_7539_0:00092e|STRG.5096.2:2585-2848|+   -             88 110125at50557        -            121   6.7e-13   48.0   0.0   1   1   5.8e-15     7e-13   47.9   0.0    11    79     1    70     1    86 0.89 -
110125at50557_7539_0:00092e|STRG.5096.3:2665-2928|+   -             88 110125at50557        -            121   6.7e-13   48.0   0.0   1   1   5.8e-15     7e-13   47.9   0.0    11    79     1    70     1    86 0.89 -
110125at50557_7539_0:00092e|STRG.5096.4:2582-2845|+   -             88 110125at50557        -            121   6.7e-13   48.0   0.0   1   1   5.8e-15     7e-13   47.9   0.0    11    79     1    70     1    86 0.89 -
110125at50557_7539_0:00092e|STRG.5096.5:2662-2925|+   -             88 110125at50557        -            121   6.7e-13   48.0   0.0   1   1   5.8e-15     7e-13   47.9   0.0    11    79     1    70     1    86 0.89 -
37657at50557_307658_0:001de5|STRG.5444.1:107-1756|+   -            550 110125at50557        -            121   3.9e-12   45.5   0.9   1   1     3e-13   3.7e-11   42.3   0.9     5    79    71   158    67   170 0.70 -
10394at50557_38123_0:002dad|STRG.19126.1:4013-4528|+  -            172 110125at50557        -            121   4.9e-12   45.2   0.2   1   2   1.4e-05    0.0017   17.6   0.0    42    80     1    39     1    64 0.80 -
10394at50557_38123_0:002dad|STRG.19126.1:4013-4528|+  -            172 110125at50557        -            121   4.9e-12   45.2   0.2   2   2   3.6e-08   4.3e-06   26.0   0.0    22    81    79   139    74   168 0.89 -
10394at50557_38123_0:002dad|STRG.19126.2:3856-4371|+  -            172 110125at50557        -            121   4.9e-12   45.2   0.2   1   2   1.4e-05    0.0017   17.6   0.0    42    80     1    39     1    64 0.80 -
10394at50557_38123_0:002dad|STRG.19126.2:3856-4371|+  -            172 110125at50557        -            121   4.9e-12   45.2   0.2   2   2   3.6e-08   4.3e-06   26.0   0.0    22    81    79   139    74   168 0.89 -
132744at50557_103372_0:0003f0|STRG.19418.1:266-637|+  -            124 110125at50557        -            121   2.3e-11   43.0   0.0   1   1   2.8e-13   3.4e-11   42.4   0.0    23    81    61   119    54   123 0.94 -
37657at50557_76194_0:0021a4|STRG.23608.1:2656-2958|+  -            101 110125at50557        -            121   1.2e-10   40.7   0.1   1   1   3.2e-12   3.9e-10   39.0   0.1    23    74    43    94     8   101 0.83 -
37657at50557_76194_0:0021a4|STRG.23608.2:2674-2976|+  -            101 110125at50557        -            121   1.2e-10   40.7   0.1   1   1   3.2e-12   3.9e-10   39.0   0.1    23    74    43    94     8   101 0.83 -
37657at50557_76194_0:0021a4|STRG.23608.3:1658-1960|+  -            101 110125at50557        -            121   1.2e-10   40.7   0.1   1   1   3.2e-12   3.9e-10   39.0   0.1    23    74    43    94     8   101 0.83 -
10394at50557_52612_0:0049a4|STRG.1271.1:952-1914|+    -            321 110125at50557        -            121   1.2e-10   40.7   0.0   1   2   4.5e-06   0.00054   19.2   0.0    22    83    32    94    10   113 0.79 -
10394at50557_52612_0:0049a4|STRG.1271.1:952-1914|+    -            321 110125at50557        -            121   1.2e-10   40.7   0.0   2   2   5.3e-06   0.00064   19.0   0.0    20    75   233   289   210   301 0.85 -
102616at50557_197043_0:0010e9|STRG.14424.1:270-515|+  -             82 110125at50557        -            121   1.3e-10   40.5   0.1   1   1   1.2e-12   1.4e-10   40.4   0.1     2    79     2    81     1    82 0.87 -
110125at50557_74873_0:001c94|STRG.19126.1:2759-3298|+ -            180 110125at50557        -            121   1.7e-10   40.2   0.0   1   1   4.1e-12     5e-10   38.7   0.0    25    84     1    60     1    70 0.93 -
110125at50557_74873_0:001c94|STRG.19126.2:2329-2868|+ -            180 110125at50557        -            121   1.7e-10   40.2   0.0   1   1   4.1e-12     5e-10   38.7   0.0    25    84     1    60     1    70 0.93 -
110125at50557_7539_0:00092e|STRG.10317.1:537-893|+    -            119 110125at50557        -            121   1.9e-10   40.0   0.0   1   1   1.8e-12   2.2e-10   39.8   0.0    28   105    14    91     1   101 0.86 -
48837at50557_166423_0:0025f8|STRG.16707.1:1517-2209|+ -            231 110125at50557        -            121   2.3e-10   39.8   0.0   1   1   3.2e-12   3.8e-10   39.0   0.0    11    99    72   166    54   174 0.74 -
48837at50557_166423_0:0025f8|STRG.16707.2:1544-2236|+ -            231 110125at50557        -            121   2.3e-10   39.8   0.0   1   1   3.2e-12   3.8e-10   39.0   0.0    11    99    72   166    54   174 0.74 -
37657at50557_76194_0:0021a4|STRG.12225.2:1107-1376|+  -             90 110125at50557        -            121   5.7e-10   38.5   0.0   1   1   5.2e-12   6.3e-10   38.3   0.0     5    81     4    81     1    86 0.92 -
37657at50557_76194_0:0021a4|STRG.12225.3:1107-1376|+  -             90 110125at50557        -            121   5.7e-10   38.5   0.0   1   1   5.2e-12   6.3e-10   38.3   0.0     5    81     4    81     1    86 0.92 -
37657at50557_76194_0:0021a4|STRG.12225.4:1107-1376|+  -             90 110125at50557        -            121   5.7e-10   38.5   0.0   1   1   5.2e-12   6.3e-10   38.3   0.0     5    81     4    81     1    86 0.92 -
37657at50557_76194_0:0021a4|STRG.12225.5:1107-1376|+  -             90 110125at50557        -            121   5.7e-10   38.5   0.0   1   1   5.2e-12   6.3e-10   38.3   0.0     5    81     4    81     1    86 0.92 -
37657at50557_76194_0:0021a4|STRG.12225.6:1435-1704|+  -             90 110125at50557        -            121   5.7e-10   38.5   0.0   1   1   5.2e-12   6.3e-10   38.3   0.0     5    81     4    81     1    86 0.92 -
37657at50557_76194_0:0021a4|STRG.12225.7:798-1067|+   -             90 110125at50557        -            121   5.7e-10   38.5   0.0   1   1   5.2e-12   6.3e-10   38.3   0.0     5    81     4    81     1    86 0.92 -
110125at50557_224129_0:002918|STRG.19300.1:524-898|+  -            125 110125at50557        -            121   6.3e-09   35.1   0.0   1   1   7.1e-11   8.6e-09   34.7   0.0    11    75    22    86    15    92 0.93 -
110125at50557_224129_0:002918|STRG.19300.2:81-455|+   -            125 110125at50557        -            121   6.3e-09   35.1   0.0   1   1   7.1e-11   8.6e-09   34.7   0.0    11    75    22    86    15    92 0.93 -
26432at50557_132113_0:002b60|STRG.8721.1:379-1683|+   -            435 110125at50557        -            121     1e-08   34.5   0.0   1   1   1.7e-10     2e-08   33.5   0.0     9    68    11    73     5    86 0.81 -
8717at50557_34720_0:00064e|STRG.19848.4:1010-4798|+   -           1263 110125at50557        -            121   1.5e-08   33.9   0.0   1   1   3.4e-10   4.1e-08   32.5   0.0    25    78   382   435   375   450 0.87 -
8717at50557_103372_0:0008b5|STRG.19848.2:748-4620|+   -           1291 110125at50557        -            121   1.5e-08   33.9   0.0   1   1   3.5e-10   4.2e-08   32.5   0.0    25    78   441   494   434   509 0.87 -
8717at50557_34720_0:00064e|STRG.19848.3:1-3981|+      -           1327 110125at50557        -            121   1.6e-08   33.8   0.0   1   1   3.6e-10   4.3e-08   32.4   0.0    25    78   534   587   527   602 0.87 -
26432at50557_2015173_0:000a04|STRG.8721.2:379-2283|+  -            635 110125at50557        -            121   1.7e-08   33.8   0.0   1   1   2.9e-10   3.5e-08   32.7   0.0     9    68    11    73     5    86 0.81 -
8717at50557_103372_0:0008b5|STRG.19848.1:0-4169|+     -           1390 110125at50557        -            121   1.7e-08   33.7   0.0   1   1   3.8e-10   4.6e-08   32.3   0.0    25    78   509   562   502   577 0.87 -
37657at50557_76194_0:0021a4|STRG.5096.1:2770-3006|+   -             79 110125at50557        -            121   2.1e-07   30.2   0.0   1   1   1.8e-09   2.1e-07   30.2   0.0     8    78     5    79     1    79 0.82 -
37657at50557_76194_0:0021a4|STRG.5096.2:2885-3121|+   -             79 110125at50557        -            121   2.1e-07   30.2   0.0   1   1   1.8e-09   2.1e-07   30.2   0.0     8    78     5    79     1    79 0.82 -
37657at50557_76194_0:0021a4|STRG.5096.3:2965-3201|+   -             79 110125at50557        -            121   2.1e-07   30.2   0.0   1   1   1.8e-09   2.1e-07   30.2   0.0     8    78     5    79     1    79 0.82 -
37657at50557_76194_0:0021a4|STRG.5096.4:2882-3118|+   -             79 110125at50557        -            121   2.1e-07   30.2   0.0   1   1   1.8e-09   2.1e-07   30.2   0.0     8    78     5    79     1    79 0.82 -
37657at50557_76194_0:0021a4|STRG.5096.5:2962-3198|+   -             79 110125at50557        -            121   2.1e-07   30.2   0.0   1   1   1.8e-09   2.1e-07   30.2   0.0     8    78     5    79     1    79 0.82 -
132744at50557_108931_0:001550|STRG.5280.1:2163-2441|+ -             93 110125at50557        -            121   7.3e-07   28.5   0.0   1   1   6.6e-09     8e-07   28.3   0.0     7    74    18    86    13    93 0.82 -
10394at50557_7536_0:0020dc|STRG.12225.1:339-851|+     -            171 110125at50557        -            121   1.6e-06   27.3   2.3   1   2   5.4e-06   0.00065   18.9   0.1    25    88    29    93     9   102 0.82 -
10394at50557_7536_0:0020dc|STRG.12225.1:339-851|+     -            171 110125at50557        -            121   1.6e-06   27.3   2.3   2   2    0.0064      0.78    9.0   0.5    22    69   119   171    91   171 0.74 -
10394at50557_52612_0:0049a4|STRG.14395.5:252-1241|+   -            330 110125at50557        -            121   1.6e-06   27.3   0.0   1   3    0.0016      0.19   11.0   0.0    20    60     9    50     4    94 0.83 -
10394at50557_52612_0:0049a4|STRG.14395.5:252-1241|+   -            330 110125at50557        -            121   1.6e-06   27.3   0.0   2   3    0.0022      0.26   10.5   0.0     7    78   106   178    99   185 0.85 -
10394at50557_52612_0:0049a4|STRG.14395.5:252-1241|+   -            330 110125at50557        -            121   1.6e-06   27.3   0.0   3   3       0.9   1.1e+02    2.1   0.0    28    64   217   254   211   279 0.81 -
132744at50557_319348_0:00228b|STRG.7902.1:472-648|+   -             59 110125at50557        -            121     2e-06   27.1   0.1   1   1   1.7e-08   2.1e-06   27.0   0.1    25    72     1    48     1    57 0.87 -
26432at50557_2015173_0:000a04|STRG.8721.4:14-1816|+   -            601 110125at50557        -            121   2.8e-06   26.6   0.1   1   1   4.6e-08   5.5e-06   25.6   0.1    31    68     2    39     1    52 0.86 -
110125at50557_1155016_0:002a24|STRG.15303.1:381-674|+ -             98 110125at50557        -            121   3.2e-06   26.4   0.0   1   1   2.8e-08   3.4e-06   26.3   0.0    29    81     2    54     1    79 0.87 -
132744at50557_286306_0:0034c8|STRG.5280.2:2288-2458|+ -             57 110125at50557        -            121   4.1e-06   26.0   0.0   1   1   3.4e-08   4.1e-06   26.0   0.0    25    75     2    51     1    57 0.86 -
26432at50557_34720_0:001f8e|STRG.8721.3:14-5767|+     -           1899 110125at50557        -            121   8.6e-06   25.0   0.1   1   1   1.8e-07   2.1e-05   23.7   0.1    31    68     2    39     1    52 0.86 -
110125at50557_52612_0:003d2a|STRG.6740.1:4855-5223|+  -            123 110125at50557        -            121   1.1e-05   24.6   0.0   1   1   1.1e-07   1.4e-05   24.3   0.0    24    80    31    87    15    99 0.82 -
110125at50557_52612_0:003d2a|STRG.6740.2:4803-5171|+  -            123 110125at50557        -            121   1.1e-05   24.6   0.0   1   1   1.1e-07   1.4e-05   24.3   0.0    24    80    31    87    15    99 0.82 -
10394at50557_378494_0:004c1b|STRG.1271.2:36-851|+     -            272 110125at50557        -            121   1.4e-05   24.3   0.1   1   2     0.014       1.7    7.9   0.0    39    81    36    78     2    86 0.75 -
10394at50557_378494_0:004c1b|STRG.1271.2:36-851|+     -            272 110125at50557        -            121   1.4e-05   24.3   0.1   2   2   0.00013     0.015   14.5   0.1    22    66   224   269   202   272 0.75 -
110125at50557_69820_0:0005bb|STRG.1271.1:1558-1890|+  -            111 110125at50557        -            121   4.8e-05   22.6   0.0   1   1   5.5e-07   6.7e-05   22.1   0.0    20    75    31    87    12    98 0.85 -
110125at50557_69820_0:0005bb|STRG.1271.2:1218-1550|+  -            111 110125at50557        -            121   4.8e-05   22.6   0.0   1   1   5.5e-07   6.7e-05   22.1   0.0    20    75    31    87    12    98 0.85 -
37657at50557_76194_0:0021a4|STRG.2132.1:177-446|+     -             90 110125at50557        -            121   0.00032   19.9   0.1   1   1   3.8e-06   0.00046   19.4   0.1    38    69    58    89    53    90 0.92 -
110125at50557_69820_0:0005bb|STRG.23620.1:4259-4516|+ -             86 110125at50557        -            121   0.00037   19.7   0.0   1   1   3.6e-06   0.00043   19.5   0.0     6    77     3    81     1    85 0.77 -
110125at50557_7091_0:00083b|STRG.11772.1:546-935|+    -            130 110125at50557        -            121    0.0046   16.2   0.0   1   1   4.9e-05     0.006   15.8   0.0    37    85    38    86    30   108 0.81 -
10394at50557_7536_0:0020dc|STRG.8449.1:3794-4381|+    -            196 110125at50557        -            121    0.0051   16.0   0.0   1   2       1.2   1.5e+02    1.7   0.0    38    79    42    83    29    90 0.85 -
10394at50557_7536_0:0020dc|STRG.8449.1:3794-4381|+    -            196 110125at50557        -            121    0.0051   16.0   0.0   2   2   0.00062     0.075   12.3   0.0    13    69   138   195   130   196 0.81 -
10394at50557_7536_0:0020dc|STRG.8449.2:1879-2466|+    -            196 110125at50557        -            121    0.0051   16.0   0.0   1   2       1.2   1.5e+02    1.7   0.0    38    79    42    83    29    90 0.85 -
10394at50557_7536_0:0020dc|STRG.8449.2:1879-2466|+    -            196 110125at50557        -            121    0.0051   16.0   0.0   2   2   0.00062     0.075   12.3   0.0    13    69   138   195   130   196 0.81 -
10394at50557_7536_0:0020dc|STRG.8449.3:2280-2867|+    -            196 110125at50557        -            121    0.0051   16.0   0.0   1   2       1.2   1.5e+02    1.7   0.0    38    79    42    83    29    90 0.85 -
10394at50557_7536_0:0020dc|STRG.8449.3:2280-2867|+    -            196 110125at50557        -            121    0.0051   16.0   0.0   2   2   0.00062     0.075   12.3   0.0    13    69   138   195   130   196 0.81 -
113217at50557_34720_0:001c7c|STRG.14259.1:0-1361|+    -            454 110125at50557        -            121    0.0082   15.4   0.0   1   2    0.0094       1.1    8.5   0.0    23    60    14    52    10    79 0.79 -
113217at50557_34720_0:001c7c|STRG.14259.1:0-1361|+    -            454 110125at50557        -            121    0.0082   15.4   0.0   2   2      0.18        22    4.3   0.0    27    53   114   141   105   169 0.79 -
10394at50557_7536_0:0020dc|STRG.14395.3:226-753|+     -            176 110125at50557        -            121    0.0083   15.4   0.0   1   2     0.038       4.6    6.5   0.0    28    74    54   101    31   120 0.75 -
10394at50557_7536_0:0020dc|STRG.14395.3:226-753|+     -            176 110125at50557        -            121    0.0083   15.4   0.0   2   2     0.025         3    7.1   0.0    17    52   140   176   126   176 0.84 -
10394at50557_7536_0:0020dc|STRG.14395.4:126-653|+     -            176 110125at50557        -            121    0.0083   15.4   0.0   1   2     0.038       4.6    6.5   0.0    28    74    54   101    31   120 0.75 -
10394at50557_7536_0:0020dc|STRG.14395.4:126-653|+     -            176 110125at50557        -            121    0.0083   15.4   0.0   2   2     0.025         3    7.1   0.0    17    52   140   176   126   176 0.84 -
50585at50557_103372_0:0015a6|STRG.5905.2:36-1247|+    -            404 110125at50557        -            121     0.041   13.1   0.0   1   1    0.0008     0.096   11.9   0.0    27    72    35    81    30   109 0.86 -
50585at50557_103372_0:0015a6|STRG.5905.3:15-1280|+    -            422 110125at50557        -            121     0.044   13.0   0.0   1   1   0.00085       0.1   11.8   0.0    27    72    53    99    48   127 0.86 -
50585at50557_103372_0:0015a6|STRG.5905.5:27-1304|+    -            426 110125at50557        -            121     0.044   13.0   0.0   1   1   0.00086       0.1   11.8   0.0    27    72    57   103    52   131 0.86 -
50585at50557_411798_0:003618|STRG.5905.4:131-1517|+   -            451 110125at50557        -            121     0.048   12.9   0.0   1   1   0.00094      0.11   11.7   0.0    27    72    82   128    77   156 0.86 -
50585at50557_411798_0:003618|STRG.5905.1:131-1600|+   -            450 110125at50557        -            121     0.048   12.9   0.0   1   1   0.00093      0.11   11.7   0.0    27    72    81   127    76   155 0.86 -
#
# Program:         hmmsearch
# Version:         3.4 (Aug 2023)
# Pipeline mode:   SEARCH
# Query file:      /home/justine/projet_tutore/busco_downloads/lineages/insecta_odb10/hmms/110125at50557.hmm
# Target file:     annotation_analysis/annotation_gca/T_cornetzi/busco_output/run_insecta_odb10/metaeuk_output/initial_results/assembled_transcripts.fasta.modified.fas
# Option settings: hmmsearch --domtblout annotation_analysis/annotation_gca/T_cornetzi/busco_output/run_insecta_odb10/hmmer_output/initial_run_results/110125at50557.out --cpu 1 /home/justine/projet_tutore/busco_downloads/lineages/insecta_odb10/hmms/110125at50557.hmm annotation_analysis/annotation_gca/T_cornetzi/busco_output/run_insecta_odb10/metaeuk_output/initial_results/assembled_transcripts.fasta.modified.fas 
# Current dir:     /home/justine/projet_tutore
# Date:            Sun Dec  1 22:14:23 2024
# [ok]
