#                                                                                                             --- full sequence --- -------------- this domain -------------   hmm coord   ali coord   env coord
# target name                                         accession   tlen query name           accession   qlen   E-value  score  bias   #  of  c-Evalue  i-Evalue  score  bias  from    to  from    to  from    to  acc description of target
#                                 ------------------- ---------- ----- -------------------- ---------- ----- --------- ------ ----- --- --- --------- --------- ------ ----- ----- ----- ----- ----- ----- ----- ---- ---------------------
111706at50557_103372_0:00006d|STRG.14166.1:37-1050|+  -            233 111706at50557        -            163   4.1e-60  201.1   7.3   1   3   1.6e-12   1.1e-09   37.0   0.0     2    36     2    38     1    44 0.88 -
111706at50557_103372_0:00006d|STRG.14166.1:37-1050|+  -            233 111706at50557        -            163   4.1e-60  201.1   7.3   2   3   1.9e-47   1.4e-44  150.6   1.1    28   138    49   174    41   179 0.88 -
111706at50557_103372_0:00006d|STRG.14166.1:37-1050|+  -            233 111706at50557        -            163   4.1e-60  201.1   7.3   3   3   5.7e-06    0.0042   15.7   0.4   133   163   200   230   192   230 0.89 -
111706at50557_103372_0:00006d|STRG.14166.2:0-1001|+   -            334 111706at50557        -            163   7.5e-60  200.2  10.6   1   4       2.2   1.6e+03   -2.5   0.1     7    34     4    31     2    41 0.66 -
111706at50557_103372_0:00006d|STRG.14166.2:0-1001|+   -            334 111706at50557        -            163   7.5e-60  200.2  10.6   2   4   1.2e-13   9.1e-11   40.6   0.0     1    36   102   139   102   147 0.90 -
111706at50557_103372_0:00006d|STRG.14166.2:0-1001|+   -            334 111706at50557        -            163   7.5e-60  200.2  10.6   3   4   3.8e-47   2.8e-44  149.6   1.1    28   138   150   275   140   281 0.88 -
111706at50557_103372_0:00006d|STRG.14166.2:0-1001|+   -            334 111706at50557        -            163   7.5e-60  200.2  10.6   4   4     1e-05    0.0076   14.9   0.5   133   163   301   331   294   331 0.89 -
111706at50557_103372_0:00006d|STRG.14166.3:454-1455|+ -            334 111706at50557        -            163   7.5e-60  200.2  10.6   1   4       2.2   1.6e+03   -2.5   0.1     7    34     4    31     2    41 0.66 -
111706at50557_103372_0:00006d|STRG.14166.3:454-1455|+ -            334 111706at50557        -            163   7.5e-60  200.2  10.6   2   4   1.2e-13   9.1e-11   40.6   0.0     1    36   102   139   102   147 0.90 -
111706at50557_103372_0:00006d|STRG.14166.3:454-1455|+ -            334 111706at50557        -            163   7.5e-60  200.2  10.6   3   4   3.8e-47   2.8e-44  149.6   1.1    28   138   150   275   140   281 0.88 -
111706at50557_103372_0:00006d|STRG.14166.3:454-1455|+ -            334 111706at50557        -            163   7.5e-60  200.2  10.6   4   4     1e-05    0.0076   14.9   0.5   133   163   301   331   294   331 0.89 -
111706at50557_224129_0:001547|STRG.2816.1:527-1270|+  -            248 111706at50557        -            163   5.3e-30  103.2   4.0   1   2   1.3e-29   9.3e-27   92.6   0.2     2   137    20   187    19   199 0.73 -
111706at50557_224129_0:001547|STRG.2816.1:527-1270|+  -            248 111706at50557        -            163   5.3e-30  103.2   4.0   2   2     0.001      0.76    8.3   0.4   134   162   217   245   202   246 0.77 -
111706at50557_197043_0:0025a2|STRG.12184.1:732-1427|+ -            232 111706at50557        -            163   2.8e-29  100.8   7.7   1   2      0.12        91    1.6   0.0     3    24    36    57    34    63 0.89 -
111706at50557_197043_0:0025a2|STRG.12184.1:732-1427|+ -            232 111706at50557        -            163   2.8e-29  100.8   7.7   2   2   9.3e-32   6.9e-29   99.5   4.9    10   135    66   197    61   212 0.85 -
111706at50557_197043_0:0025a2|STRG.12184.2:414-1109|+ -            232 111706at50557        -            163   2.8e-29  100.8   7.7   1   2      0.12        91    1.6   0.0     3    24    36    57    34    63 0.89 -
111706at50557_197043_0:0025a2|STRG.12184.2:414-1109|+ -            232 111706at50557        -            163   2.8e-29  100.8   7.7   2   2   9.3e-32   6.9e-29   99.5   4.9    10   135    66   197    61   212 0.85 -
111706at50557_224129_0:001547|STRG.2816.2:527-1264|+  -            246 111706at50557        -            163   3.6e-29  100.4   4.5   1   2   2.8e-29   2.1e-26   91.5   0.3     2   137    20   185    19   194 0.70 -
111706at50557_224129_0:001547|STRG.2816.2:527-1264|+  -            246 111706at50557        -            163   3.6e-29  100.4   4.5   2   2     0.001      0.75    8.4   0.4   134   162   215   243   200   244 0.77 -
111706at50557_224129_0:001547|STRG.11010.1:490-1221|+ -            244 111706at50557        -            163   1.3e-23   82.4   6.6   1   3         2   1.5e+03   -2.3   0.0     3    26     9    32     8    46 0.76 -
111706at50557_224129_0:001547|STRG.11010.1:490-1221|+ -            244 111706at50557        -            163   1.3e-23   82.4   6.6   2   3     4e-26     3e-23   81.2   1.1    28   136    52   190    33   205 0.76 -
111706at50557_224129_0:001547|STRG.11010.1:490-1221|+ -            244 111706at50557        -            163   1.3e-23   82.4   6.6   3   3      0.13        93    1.5   0.2   140   156   224   240   204   243 0.72 -
111706at50557_224129_0:001547|STRG.11010.2:270-1034|+ -            255 111706at50557        -            163   2.1e-23   81.7   7.0   1   2     9e-26   6.6e-23   80.1   2.2    26   135    61   200    19   209 0.78 -
111706at50557_224129_0:001547|STRG.11010.2:270-1034|+ -            255 111706at50557        -            163   2.1e-23   81.7   7.0   2   2      0.13        99    1.5   0.2   140   156   235   251   215   254 0.72 -
111706at50557_166361_0:0014a6|STRG.23763.2:156-998|+  -            281 111706at50557        -            163     1e-10   40.4  12.7   1   2   4.2e-11   3.1e-08   32.4   4.7    29   146    87   230    46   247 0.69 -
111706at50557_166361_0:0014a6|STRG.23763.2:156-998|+  -            281 111706at50557        -            163     1e-10   40.4  12.7   2   2    0.0013      0.96    8.0   1.1   139   160   259   280   242   281 0.84 -
111706at50557_79782_0:001a09|STRG.23763.1:216-1004|+  -            263 111706at50557        -            163     2e-09   36.3  11.1   1   2   3.6e-11   2.7e-08   32.6   4.8    29   146    75   218    34   235 0.69 -
111706at50557_79782_0:001a09|STRG.23763.1:216-1004|+  -            263 111706at50557        -            163     2e-09   36.3  11.1   2   2     0.062        46    2.6   0.5   139   155   247   263   229   263 0.81 -
#
# Program:         hmmsearch
# Version:         3.4 (Aug 2023)
# Pipeline mode:   SEARCH
# Query file:      /home/justine/projet_tutore/busco_downloads/lineages/insecta_odb10/hmms/111706at50557.hmm
# Target file:     annotation_analysis/annotation_gca/T_cornetzi/busco_output/run_insecta_odb10/metaeuk_output/initial_results/assembled_transcripts.fasta.modified.fas
# Option settings: hmmsearch --domtblout annotation_analysis/annotation_gca/T_cornetzi/busco_output/run_insecta_odb10/hmmer_output/initial_run_results/111706at50557.out --cpu 1 /home/justine/projet_tutore/busco_downloads/lineages/insecta_odb10/hmms/111706at50557.hmm annotation_analysis/annotation_gca/T_cornetzi/busco_output/run_insecta_odb10/metaeuk_output/initial_results/assembled_transcripts.fasta.modified.fas 
# Current dir:     /home/justine/projet_tutore
# Date:            Sun Dec  1 22:14:26 2024
# [ok]
