#                                                                                                            --- full sequence --- -------------- this domain -------------   hmm coord   ali coord   env coord
# target name                                        accession   tlen query name           accession   qlen   E-value  score  bias   #  of  c-Evalue  i-Evalue  score  bias  from    to  from    to  from    to  acc description of target
#                                ------------------- ---------- ----- -------------------- ---------- ----- --------- ------ ----- --- --- --------- --------- ------ ----- ----- ----- ----- ----- ----- ----- ---- ---------------------
111812at50557_34720_0:001b38|STRG.18447.1:289-888|+  -            200 111812at50557        -            170   1.2e-91  303.7   7.0   1   2   2.8e-54   3.8e-51  171.9   1.4     1    99     1   106     1   119 0.92 -
111812at50557_34720_0:001b38|STRG.18447.1:289-888|+  -            200 111812at50557        -            170   1.2e-91  303.7   7.0   2   2   3.5e-43   4.7e-40  135.9   0.4    90   170   116   197   105   197 0.93 -
111812at50557_34720_0:001b38|STRG.18447.2:0-599|+    -            200 111812at50557        -            170   1.2e-91  303.7   7.0   1   2   2.8e-54   3.8e-51  171.9   1.4     1    99     1   106     1   119 0.92 -
111812at50557_34720_0:001b38|STRG.18447.2:0-599|+    -            200 111812at50557        -            170   1.2e-91  303.7   7.0   2   2   3.5e-43   4.7e-40  135.9   0.4    90   170   116   197   105   197 0.93 -
113908at50557_219809_0:001c43|STRG.16137.4:108-578|+ -            157 111812at50557        -            170   3.7e-13   48.3   0.8   1   2     0.079   1.1e+02    1.2   0.0    55    91    11    46     6    54 0.79 -
113908at50557_219809_0:001c43|STRG.16137.4:108-578|+ -            157 111812at50557        -            170   3.7e-13   48.3   0.8   2   2   1.8e-15   2.5e-12   45.6   0.2    99   164    76   141    58   146 0.90 -
113908at50557_219809_0:001c43|STRG.16137.3:371-838|+ -            156 111812at50557        -            170   1.1e-12   46.8   0.6   1   2     0.078   1.1e+02    1.3   0.0    55    91    11    46     6    54 0.79 -
113908at50557_219809_0:001c43|STRG.16137.3:371-838|+ -            156 111812at50557        -            170   1.1e-12   46.8   0.6   2   2   5.9e-15     8e-12   44.0   0.2   102   164    78   140    58   145 0.90 -
113908at50557_103372_0:0024c5|STRG.15911.1:146-745|+ -            200 111812at50557        -            170   6.4e-10   37.8   3.5   1   1   2.9e-10     4e-07   28.7   3.5    53   167    41   176    32   179 0.70 -
113908at50557_103372_0:0024c5|STRG.15911.2:194-793|+ -            200 111812at50557        -            170   6.4e-10   37.8   3.5   1   1   2.9e-10     4e-07   28.7   3.5    53   167    41   176    32   179 0.70 -
#
# Program:         hmmsearch
# Version:         3.4 (Aug 2023)
# Pipeline mode:   SEARCH
# Query file:      /home/justine/projet_tutore/busco_downloads/lineages/insecta_odb10/hmms/111812at50557.hmm
# Target file:     annotation_analysis/annotation_gca/T_cornetzi/busco_output/run_insecta_odb10/metaeuk_output/initial_results/assembled_transcripts.fasta.modified.fas
# Option settings: hmmsearch --domtblout annotation_analysis/annotation_gca/T_cornetzi/busco_output/run_insecta_odb10/hmmer_output/initial_run_results/111812at50557.out --cpu 1 /home/justine/projet_tutore/busco_downloads/lineages/insecta_odb10/hmms/111812at50557.hmm annotation_analysis/annotation_gca/T_cornetzi/busco_output/run_insecta_odb10/metaeuk_output/initial_results/assembled_transcripts.fasta.modified.fas 
# Current dir:     /home/justine/projet_tutore
# Date:            Sun Dec  1 22:14:26 2024
# [ok]
