#                                                                                                             --- full sequence --- -------------- this domain -------------   hmm coord   ali coord   env coord
# target name                                         accession   tlen query name           accession   qlen   E-value  score  bias   #  of  c-Evalue  i-Evalue  score  bias  from    to  from    to  from    to  acc description of target
#                                 ------------------- ---------- ----- -------------------- ---------- ----- --------- ------ ----- --- --- --------- --------- ------ ----- ----- ----- ----- ----- ----- ----- ---- ---------------------
111975at50557_34720_0:001251|STRG.12707.3:0-632|+     -            211 111975at50557        -            174   3.3e-73  243.9   1.3   1   1   1.2e-74   4.7e-72  240.1   1.3     1   174     4   207     4   207 0.91 -
111975at50557_34720_0:001251|STRG.12707.1:334-1359|+  -            290 111975at50557        -            174   9.6e-61  203.3   0.2   1   1   3.7e-62   1.5e-59  199.4   0.2     1   154   106   289   106   290 0.90 -
28428at50557_7237_0:000277|STRG.2416.1:168-1127|+     -            320 111975at50557        -            174   1.7e-06   26.7   0.1   1   1   7.9e-09   3.2e-06   25.8   0.1    45    88    40    82    18    97 0.79 -
28428at50557_69004_0:000830|STRG.1912.1:928-1833|+    -            302 111975at50557        -            174     3e-06   25.8   0.1   1   1   1.2e-08   4.9e-06   25.2   0.1    40    98    31    88     4   119 0.84 -
28428at50557_69004_0:000830|STRG.1912.2:1395-2300|+   -            302 111975at50557        -            174     3e-06   25.8   0.1   1   1   1.2e-08   4.9e-06   25.2   0.1    40    98    31    88     4   119 0.84 -
28428at50557_69004_0:000830|STRG.1912.3:1499-2404|+   -            302 111975at50557        -            174     3e-06   25.8   0.1   1   1   1.2e-08   4.9e-06   25.2   0.1    40    98    31    88     4   119 0.84 -
28428at50557_69004_0:000830|STRG.1912.4:920-1825|+    -            302 111975at50557        -            174     3e-06   25.8   0.1   1   1   1.2e-08   4.9e-06   25.2   0.1    40    98    31    88     4   119 0.84 -
28428at50557_103372_0:00058c|STRG.3739.1:438-1979|+   -            514 111975at50557        -            174   4.1e-05   22.2   0.1   1   1   2.2e-07   8.8e-05   21.1   0.1    38    81   149   192   131   213 0.80 -
28428at50557_286306_0:004195|STRG.3739.2:432-2222|+   -            597 111975at50557        -            174   5.2e-05   21.8   0.1   1   1   2.7e-07   0.00011   20.8   0.1    38    81   151   194   133   215 0.80 -
30407at50557_103372_0:000c15|STRG.14579.1:0-2060|+    -            687 111975at50557        -            174    0.0023   16.5   0.0   1   1     1e-05    0.0042   15.6   0.0    37    88    55   106    46   141 0.78 -
132051at50557_520822_0:001d22|STRG.16921.1:438-1304|+ -            289 111975at50557        -            174    0.0052   15.3   0.0   1   1   2.3e-05    0.0091   14.5   0.0    44    93   122   170   114   183 0.66 -
99964at50557_38123_0:0026b4|STRG.2129.1:408-818|+     -            137 111975at50557        -            174    0.0069   14.9   0.8   1   2   0.00034      0.14   10.7   0.5    45    91    26    70    13    87 0.68 -
99964at50557_38123_0:0026b4|STRG.2129.1:408-818|+     -            137 111975at50557        -            174    0.0069   14.9   0.8   2   2     0.099        40    2.6   0.0    89   105   107   123    86   132 0.79 -
99964at50557_38123_0:0026b4|STRG.2129.2:661-1071|+    -            137 111975at50557        -            174    0.0069   14.9   0.8   1   2   0.00034      0.14   10.7   0.5    45    91    26    70    13    87 0.68 -
99964at50557_38123_0:0026b4|STRG.2129.2:661-1071|+    -            137 111975at50557        -            174    0.0069   14.9   0.8   2   2     0.099        40    2.6   0.0    89   105   107   123    86   132 0.79 -
99964at50557_38123_0:0026b4|STRG.2129.3:577-987|+     -            137 111975at50557        -            174    0.0069   14.9   0.8   1   2   0.00034      0.14   10.7   0.5    45    91    26    70    13    87 0.68 -
99964at50557_38123_0:0026b4|STRG.2129.3:577-987|+     -            137 111975at50557        -            174    0.0069   14.9   0.8   2   2     0.099        40    2.6   0.0    89   105   107   123    86   132 0.79 -
30407at50557_143948_0:00063f|STRG.16126.1:254-1435|+  -            394 111975at50557        -            174     0.012   14.1   0.0   1   1   6.3e-05     0.026   13.1   0.0    49    89    25    65    17    92 0.80 -
30407at50557_143948_0:00063f|STRG.16126.2:277-1458|+  -            394 111975at50557        -            174     0.012   14.1   0.0   1   1   6.3e-05     0.026   13.1   0.0    49    89    25    65    17    92 0.80 -
30407at50557_143948_0:00063f|STRG.16126.3:277-1458|+  -            394 111975at50557        -            174     0.012   14.1   0.0   1   1   6.3e-05     0.026   13.1   0.0    49    89    25    65    17    92 0.80 -
45533at50557_103372_0:002307|STRG.13523.1:383-1210|+  -            276 111975at50557        -            174      0.04   12.4   0.3   1   3      0.17        69    1.9   0.0    40    78    14    52     7    58 0.76 -
45533at50557_103372_0:002307|STRG.13523.1:383-1210|+  -            276 111975at50557        -            174      0.04   12.4   0.3   2   3      0.42   1.7e+02    0.6   0.0    95   109   108   122    98   130 0.85 -
45533at50557_103372_0:002307|STRG.13523.1:383-1210|+  -            276 111975at50557        -            174      0.04   12.4   0.3   3   3    0.0079       3.2    6.2   0.0    18    45   132   159   119   163 0.87 -
45533at50557_103372_0:002307|STRG.13523.2:8-1093|+    -            342 111975at50557        -            174     0.074   11.5   0.3   1   3      0.21        85    1.6   0.0    39    78    79   118    64   123 0.78 -
45533at50557_103372_0:002307|STRG.13523.2:8-1093|+    -            342 111975at50557        -            174     0.074   11.5   0.3   2   3      0.54   2.2e+02    0.2   0.0    95   109   174   188   168   198 0.83 -
45533at50557_103372_0:002307|STRG.13523.2:8-1093|+    -            342 111975at50557        -            174     0.074   11.5   0.3   3   3     0.011       4.4    5.8   0.0    18    45   198   225   185   228 0.87 -
45533at50557_103372_0:002307|STRG.13523.3:15-1040|+   -            342 111975at50557        -            174     0.077   11.5   0.4   1   3      0.21        86    1.6   0.0    39    78    79   118    65   123 0.78 -
45533at50557_103372_0:002307|STRG.13523.3:15-1040|+   -            342 111975at50557        -            174     0.077   11.5   0.4   2   3      0.54   2.2e+02    0.2   0.0    95   109   174   188   168   198 0.83 -
45533at50557_103372_0:002307|STRG.13523.3:15-1040|+   -            342 111975at50557        -            174     0.077   11.5   0.4   3   3     0.011       4.4    5.8   0.0    18    45   198   225   185   228 0.87 -
#
# Program:         hmmsearch
# Version:         3.4 (Aug 2023)
# Pipeline mode:   SEARCH
# Query file:      /home/justine/projet_tutore/busco_downloads/lineages/insecta_odb10/hmms/111975at50557.hmm
# Target file:     annotation_analysis/annotation_gca/T_cornetzi/busco_output/run_insecta_odb10/metaeuk_output/initial_results/assembled_transcripts.fasta.modified.fas
# Option settings: hmmsearch --domtblout annotation_analysis/annotation_gca/T_cornetzi/busco_output/run_insecta_odb10/hmmer_output/initial_run_results/111975at50557.out --cpu 1 /home/justine/projet_tutore/busco_downloads/lineages/insecta_odb10/hmms/111975at50557.hmm annotation_analysis/annotation_gca/T_cornetzi/busco_output/run_insecta_odb10/metaeuk_output/initial_results/assembled_transcripts.fasta.modified.fas 
# Current dir:     /home/justine/projet_tutore
# Date:            Sun Dec  1 22:14:27 2024
# [ok]
