#                                                                                                            --- full sequence --- -------------- this domain -------------   hmm coord   ali coord   env coord
# target name                                        accession   tlen query name           accession   qlen   E-value  score  bias   #  of  c-Evalue  i-Evalue  score  bias  from    to  from    to  from    to  acc description of target
#                                ------------------- ---------- ----- -------------------- ---------- ----- --------- ------ ----- --- --- --------- --------- ------ ----- ----- ----- ----- ----- ----- ----- ---- ---------------------
120011at50557_103372_0:0026b5|STRG.9951.1:116-1516|+ -            467 120011at50557        -            348  3.8e-109  364.1  16.8   1   2   0.00091       1.8    6.7   3.9    10    64    41   103    24   113 0.53 -
120011at50557_103372_0:0026b5|STRG.9951.1:116-1516|+ -            467 120011at50557        -            348  3.8e-109  364.1  16.8   2   2  9.6e-110    2e-106  355.2   5.1    66   348   124   461   119   461 0.86 -
120011at50557_103372_0:0026b5|STRG.9951.2:54-1454|+  -            467 120011at50557        -            348  3.8e-109  364.1  16.8   1   2   0.00091       1.8    6.7   3.9    10    64    41   103    24   113 0.53 -
120011at50557_103372_0:0026b5|STRG.9951.2:54-1454|+  -            467 120011at50557        -            348  3.8e-109  364.1  16.8   2   2  9.6e-110    2e-106  355.2   5.1    66   348   124   461   119   461 0.86 -
86747at50557_34720_0:00048d|STRG.22092.2:0-1133|+    -            378 120011at50557        -            348   0.00075   17.8   0.0   1   1   7.9e-07    0.0016   16.8   0.0    11   111    91   188    85   197 0.86 -
86747at50557_34720_0:00048d|STRG.22092.1:685-1533|+  -            283 120011at50557        -            348    0.0099   14.2   0.3   1   2   9.4e-06     0.019   13.2   0.0    17   111     2    93     1   103 0.85 -
86747at50557_34720_0:00048d|STRG.22092.1:685-1533|+  -            283 120011at50557        -            348    0.0099   14.2   0.3   2   2      0.46   9.4e+02   -2.2   0.1    50   109   197   252   158   277 0.58 -
#
# Program:         hmmsearch
# Version:         3.4 (Aug 2023)
# Pipeline mode:   SEARCH
# Query file:      /home/justine/projet_tutore/busco_downloads/lineages/insecta_odb10/hmms/120011at50557.hmm
# Target file:     annotation_analysis/annotation_gca/T_cornetzi/busco_output/run_insecta_odb10/metaeuk_output/initial_results/assembled_transcripts.fasta.modified.fas
# Option settings: hmmsearch --domtblout annotation_analysis/annotation_gca/T_cornetzi/busco_output/run_insecta_odb10/hmmer_output/initial_run_results/120011at50557.out --cpu 1 /home/justine/projet_tutore/busco_downloads/lineages/insecta_odb10/hmms/120011at50557.hmm annotation_analysis/annotation_gca/T_cornetzi/busco_output/run_insecta_odb10/metaeuk_output/initial_results/assembled_transcripts.fasta.modified.fas 
# Current dir:     /home/justine/projet_tutore
# Date:            Sun Dec  1 22:14:42 2024
# [ok]
