#                                                                                                           --- full sequence --- -------------- this domain -------------   hmm coord   ali coord   env coord
# target name                                       accession   tlen query name           accession   qlen   E-value  score  bias   #  of  c-Evalue  i-Evalue  score  bias  from    to  from    to  from    to  acc description of target
#                               ------------------- ---------- ----- -------------------- ---------- ----- --------- ------ ----- --- --- --------- --------- ------ ----- ----- ----- ----- ----- ----- ----- ---- ---------------------
128715at50557_34720_0:002049|STRG.7393.2:0-839|+    -            280 128715at50557        -            183   6.1e-86  285.6   5.6   1   2   1.6e-69   3.2e-66  221.3   2.8     1   143    15   171    15   179 0.93 -
128715at50557_34720_0:002049|STRG.7393.2:0-839|+    -            280 128715at50557        -            183   6.1e-86  285.6   5.6   2   2   1.4e-21   2.8e-18   65.0   0.0   133   183   228   278   224   278 0.94 -
128715at50557_34720_0:002049|STRG.7393.1:278-1126|+ -            283 128715at50557        -            183   6.5e-86  285.5   5.6   1   2   1.6e-69   3.3e-66  221.2   2.8     1   143    15   171    15   179 0.93 -
128715at50557_34720_0:002049|STRG.7393.1:278-1126|+ -            283 128715at50557        -            183   6.5e-86  285.5   5.6   2   2   1.4e-21   2.9e-18   65.0   0.0   133   183   231   281   227   281 0.94 -
128715at50557_34720_0:002049|STRG.7393.4:278-988|+  -            237 128715at50557        -            183   1.4e-66  222.5   2.8   1   1   9.8e-70     2e-66  222.0   2.8     1   143    15   171    15   179 0.93 -
128715at50557_34720_0:002049|STRG.7393.3:278-1000|+ -            241 128715at50557        -            183   7.8e-62  207.0   4.9   1   3   1.5e-23     3e-20   71.5   1.4     1    59    15    85    15    86 0.89 -
128715at50557_34720_0:002049|STRG.7393.3:278-1000|+ -            241 128715at50557        -            183   7.8e-62  207.0   4.9   2   3   5.4e-24   1.1e-20   72.9   0.0    94   143    83   132    82   140 0.94 -
128715at50557_34720_0:002049|STRG.7393.3:278-1000|+ -            241 128715at50557        -            183   7.8e-62  207.0   4.9   3   3   1.1e-21   2.2e-18   65.4   0.0   133   183   189   239   185   239 0.94 -
#
# Program:         hmmsearch
# Version:         3.4 (Aug 2023)
# Pipeline mode:   SEARCH
# Query file:      /home/justine/projet_tutore/busco_downloads/lineages/insecta_odb10/hmms/128715at50557.hmm
# Target file:     annotation_analysis/annotation_gca/T_cornetzi/busco_output/run_insecta_odb10/metaeuk_output/initial_results/assembled_transcripts.fasta.modified.fas
# Option settings: hmmsearch --domtblout annotation_analysis/annotation_gca/T_cornetzi/busco_output/run_insecta_odb10/hmmer_output/initial_run_results/128715at50557.out --cpu 1 /home/justine/projet_tutore/busco_downloads/lineages/insecta_odb10/hmms/128715at50557.hmm annotation_analysis/annotation_gca/T_cornetzi/busco_output/run_insecta_odb10/metaeuk_output/initial_results/assembled_transcripts.fasta.modified.fas 
# Current dir:     /home/justine/projet_tutore
# Date:            Sun Dec  1 22:14:53 2024
# [ok]
