#                                                                                                              --- full sequence --- -------------- this domain -------------   hmm coord   ali coord   env coord
# target name                                          accession   tlen query name           accession   qlen   E-value  score  bias   #  of  c-Evalue  i-Evalue  score  bias  from    to  from    to  from    to  acc description of target
#                                  ------------------- ---------- ----- -------------------- ---------- ----- --------- ------ ----- --- --- --------- --------- ------ ----- ----- ----- ----- ----- ----- ----- ---- ---------------------
129498at50557_103372_0:001a9c|STRG.21646.2:0-698|+     -            233 129498at50557        -            154   3.3e-84  279.5   4.6   1   1   1.7e-84     1e-82  274.7   4.6     1   153    11   179    11   180 0.94 -
129498at50557_103372_0:001a9c|STRG.21646.1:1126-1903|+ -            233 129498at50557        -            154   8.3e-84  278.2   4.3   1   1   4.4e-84   2.5e-82  273.4   4.3     1   153    11   179    11   180 0.94 -
106023at50557_456900_0:0019f7|STRG.8622.2:0-641|+      -            214 129498at50557        -            154   2.7e-45  153.2   0.2   1   1   2.8e-46   1.6e-44  150.7   0.2     1   144    20   179    20   187 0.83 -
106023at50557_34720_0:001fd2|STRG.8622.1:919-1578|+    -            220 129498at50557        -            154   2.9e-45  153.1   0.2   1   1     3e-46   1.7e-44  150.5   0.2     1   144    26   185    26   193 0.83 -
104262at50557_411798_0:001745|STRG.10720.1:188-832|+   -            215 129498at50557        -            154   4.3e-38  129.8   0.5   1   1   2.5e-39   1.4e-37  128.1   0.5     2   147     6   167     5   170 0.83 -
104262at50557_411798_0:001745|STRG.10720.2:147-791|+   -            215 129498at50557        -            154   4.3e-38  129.8   0.5   1   1   2.5e-39   1.4e-37  128.1   0.5     2   147     6   167     5   170 0.83 -
104262at50557_28612_0:0030d7|STRG.10720.3:135-857|+    -            219 129498at50557        -            154   4.5e-38  129.7   0.5   1   1   2.7e-39   1.5e-37  128.0   0.5     2   147    10   171     9   174 0.82 -
104262at50557_411798_0:001745|STRG.9502.2:572-1445|+   -            175 129498at50557        -            154   5.2e-37  126.2   1.8   1   1     4e-38   2.3e-36  124.2   1.8     2   144    13   170    12   175 0.85 -
129498at50557_166361_0:0004c6|STRG.16916.2:185-733|+   -            183 129498at50557        -            154   7.7e-37  125.7   0.1   1   1   4.8e-38   2.7e-36  123.9   0.1     3   121     1   120     1   166 0.81 -
104262at50557_411798_0:001745|STRG.9502.1:572-1099|+   -            176 129498at50557        -            154     9e-37  125.5   1.9   1   1   9.2e-38   5.3e-36  123.0   1.9     2   145    13   172    12   176 0.84 -
104262at50557_103372_0:002a03|STRG.2103.1:166-825|+    -            220 129498at50557        -            154   1.1e-36  125.2   1.8   1   1   3.8e-37   2.2e-35  121.0   1.8     2   147    18   179    17   186 0.88 -
104262at50557_39758_0:003743|STRG.4508.1:6-617|+       -            204 129498at50557        -            154   1.1e-35  121.9   1.4   1   1   8.3e-37   4.8e-35  119.9   1.4     2   146     7   167     6   174 0.87 -
107216at50557_110193_0:000c8b|STRG.4702.1:0-578|+      -            193 129498at50557        -            154   1.3e-35  121.7   0.8   1   1     1e-36   5.9e-35  119.6   0.8     2   120    13   133    12   181 0.85 -
104262at50557_132113_0:00109a|STRG.2420.1:233-742|+    -            170 129498at50557        -            154   6.3e-35  119.5   0.3   1   1   1.5e-36   8.6e-35  119.1   0.3     2   124    17   141    16   170 0.91 -
104262at50557_132113_0:00109a|STRG.2420.2:619-1128|+   -            170 129498at50557        -            154   6.3e-35  119.5   0.3   1   1   1.5e-36   8.6e-35  119.1   0.3     2   124    17   141    16   170 0.91 -
106023at50557_7038_0:002188|STRG.16916.3:297-839|+     -            181 129498at50557        -            154   1.1e-34  118.7   0.0   1   1   4.2e-36   2.4e-34  117.6   0.0     4   120    25   141    22   181 0.85 -
129498at50557_7222_0:00242d|STRG.16916.1:367-827|+     -            151 129498at50557        -            154   2.2e-34  117.7   0.0   1   1   4.5e-36   2.6e-34  117.5   0.0     3   120     5   118     3   149 0.91 -
104262at50557_132113_0:00109a|STRG.9789.1:446-922|+    -            159 129498at50557        -            154   1.3e-33  115.2   1.6   1   1   1.7e-34     1e-32  112.4   1.6     2   139     7   159     6   159 0.83 -
129498at50557_166361_0:0004c6|STRG.16916.4:3-524|+     -            174 129498at50557        -            154   1.7e-33  114.9   0.0   1   1   1.1e-34   6.2e-33  113.0   0.0    12   121     1   111     1   157 0.79 -
108755at50557_178035_0:0020de|STRG.915.1:152-1049|+    -            187 129498at50557        -            154   4.8e-33  113.4   0.2   1   1   1.2e-34   6.7e-33  112.9   0.2    11   143     1   134     1   152 0.90 -
107216at50557_7004_0:001b36|STRG.21902.1:4305-4868|+   -            188 129498at50557        -            154   2.4e-32  111.1   0.1   1   1   1.9e-33   1.1e-31  109.0   0.1     2   149     7   169     6   174 0.89 -
107216at50557_7004_0:001b36|STRG.21902.2:6-569|+       -            188 129498at50557        -            154   2.4e-32  111.1   0.1   1   1   1.9e-33   1.1e-31  109.0   0.1     2   149     7   169     6   174 0.89 -
108755at50557_178035_0:0020de|STRG.915.2:1-555|+       -            185 129498at50557        -            154   5.6e-32  109.9   0.2   1   1   1.4e-33   7.9e-32  109.4   0.2    13   143     1   132     1   150 0.90 -
129498at50557_37001_0:002409|STRG.21070.2:15-705|+     -            186 129498at50557        -            154   1.5e-31  108.5   0.1   1   2   3.4e-32     2e-30  104.9   0.0     2   118     2   116     1   124 0.88 -
129498at50557_37001_0:002409|STRG.21070.2:15-705|+     -            186 129498at50557        -            154   1.5e-31  108.5   0.1   2   2         2   1.1e+02    1.7   0.0   123   147   139   164   126   170 0.80 -
129498at50557_37001_0:002409|STRG.21070.1:15-587|+     -            191 129498at50557        -            154   2.9e-31  107.6   0.1   1   2   6.1e-32   3.5e-30  104.1   0.0     2   118     2   121     1   129 0.88 -
129498at50557_37001_0:002409|STRG.21070.1:15-587|+     -            191 129498at50557        -            154   2.9e-31  107.6   0.1   2   2       2.1   1.2e+02    1.7   0.0   123   147   144   169   132   175 0.80 -
106023at50557_37001_0:0016d5|STRG.21730.3:3-512|+      -            170 129498at50557        -            154   1.1e-30  105.7   0.0   1   1   4.6e-32   2.6e-30  104.5   0.0     2   148     8   160     7   170 0.84 -
104262at50557_132113_0:00109a|STRG.9789.2:3-431|+      -            143 129498at50557        -            154   1.2e-30  105.6   1.1   1   1   1.6e-31   9.4e-30  102.7   1.1    12   139     1   143     1   143 0.82 -
106023at50557_7176_0:002083|STRG.21730.2:639-1157|+    -            173 129498at50557        -            154   1.2e-30  105.6   0.0   1   1   4.9e-32   2.8e-30  104.4   0.0     2   148    11   163    10   173 0.84 -
106023at50557_104688_0:002b29|STRG.21730.1:69-605|+    -            179 129498at50557        -            154   1.4e-30  105.4   0.0   1   1   5.6e-32   3.2e-30  104.2   0.0     2   147    17   168    16   179 0.84 -
104262at50557_29053_0:001062|STRG.2854.2:3-623|+       -            207 129498at50557        -            154   2.1e-29  101.6   0.0   1   1   6.2e-31   3.5e-29  100.8   0.0     3   126     7   138     5   179 0.90 -
107216at50557_7038_0:002032|STRG.11722.1:359-892|+     -            178 129498at50557        -            154     2e-28   98.4   0.0   1   1   5.5e-30   3.1e-28   97.7   0.0     2   121    17   139    16   178 0.90 -
107216at50557_7038_0:002032|STRG.11722.3:655-1188|+    -            178 129498at50557        -            154     2e-28   98.4   0.0   1   1   5.5e-30   3.1e-28   97.7   0.0     2   121    17   139    16   178 0.90 -
109573at50557_103372_0:0023c7|STRG.24272.1:0-653|+     -            218 129498at50557        -            154     3e-28   97.8   0.0   1   1   8.4e-29   4.8e-27   93.9   0.0     1   148     9   177     9   183 0.79 -
107216at50557_28612_0:00371f|STRG.11722.4:7-551|+      -            174 129498at50557        -            154   3.7e-28   97.5   0.1   1   1   1.3e-29   7.2e-28   96.6   0.1     2   121     7   126     6   173 0.88 -
107216at50557_13164_0:0032c6|STRG.11722.5:0-506|+      -            169 129498at50557        -            154   6.1e-28   96.8   0.1   1   1   2.1e-29   1.2e-27   95.9   0.1     6   121     2   120     1   167 0.88 -
104262at50557_132113_0:00109a|STRG.4787.1:599-1147|+   -            183 129498at50557        -            154   2.8e-27   94.7   0.0   1   1     8e-29   4.6e-27   94.0   0.0     2   121    14   134    13   181 0.92 -
104262at50557_132113_0:00109a|STRG.4787.3:599-1147|+   -            183 129498at50557        -            154   2.8e-27   94.7   0.0   1   1     8e-29   4.6e-27   94.0   0.0     2   121    14   134    13   181 0.92 -
104262at50557_178035_0:0010ce|STRG.11564.1:158-469|+   -            104 129498at50557        -            154   3.4e-27   94.4   0.1   1   1     7e-29     4e-27   94.1   0.1     2    99     1   100     1   103 0.96 -
107216at50557_51655_0:0016fc|STRG.6522.1:601-1104|+    -            168 129498at50557        -            154   4.6e-27   93.9   0.0   1   1   9.4e-29   5.4e-27   93.7   0.0     2   120     9   133     8   158 0.89 -
108271at50557_224129_0:0005ad|STRG.11743.1:9-551|+     -            181 129498at50557        -            154   9.6e-27   92.9   0.5   1   1     1e-27   5.8e-26   90.4   0.5     2   146     1   161     1   169 0.81 -
108755at50557_7130_0:000dd5|STRG.915.3:6-449|+         -            148 129498at50557        -            154   1.3e-26   92.5   0.1   1   1   3.2e-28   1.8e-26   92.0   0.1    33   143     3   114     1   132 0.86 -
107216at50557_51655_0:0016fc|STRG.4787.2:614-985|+     -            124 129498at50557        -            154   6.2e-26   90.3   0.0   1   1   1.2e-27     7e-26   90.1   0.0     2   116     9   124     8   124 0.97 -
129498at50557_7493_0:00132e|STRG.9199.1:27-503|+       -            159 129498at50557        -            154   1.1e-25   89.5   0.1   1   1   4.1e-27   2.3e-25   88.4   0.1     2   133     1   133     1   159 0.86 -
129498at50557_7493_0:00132e|STRG.9199.2:380-856|+      -            159 129498at50557        -            154   1.1e-25   89.5   0.1   1   1   4.1e-27   2.3e-25   88.4   0.1     2   133     1   133     1   159 0.86 -
129498at50557_7493_0:00132e|STRG.9199.3:1385-1861|+    -            159 129498at50557        -            154   1.1e-25   89.5   0.1   1   1   4.1e-27   2.3e-25   88.4   0.1     2   133     1   133     1   159 0.86 -
129498at50557_7493_0:00132e|STRG.9199.4:993-1469|+     -            159 129498at50557        -            154   1.1e-25   89.5   0.1   1   1   4.1e-27   2.3e-25   88.4   0.1     2   133     1   133     1   159 0.86 -
108271at50557_7460_0:001bde|STRG.9703.1:714-1249|+     -            163 129498at50557        -            154     3e-25   88.1   0.0   1   1   9.5e-27   5.4e-25   87.2   0.0     2   145     2   158     1   162 0.84 -
108271at50557_64793_0:001833|STRG.23319.3:0-602|+      -            201 129498at50557        -            154   3.6e-25   87.8   0.1   1   1     6e-26   3.5e-24   84.6   0.1     2   153    12   179    11   180 0.81 -
108271at50557_64793_0:001833|STRG.23319.2:655-1272|+   -            206 129498at50557        -            154     4e-25   87.7   0.1   1   1   6.6e-26   3.8e-24   84.5   0.1     2   153    17   184    16   185 0.81 -
108271at50557_64793_0:001833|STRG.23319.1:74-697|+     -            208 129498at50557        -            154   4.1e-25   87.6   0.1   1   1   6.8e-26   3.9e-24   84.4   0.1     2   153    19   186    18   187 0.81 -
108271at50557_40932_0:00088c|STRG.9703.2:144-644|+     -            167 129498at50557        -            154   4.4e-25   87.5   0.0   1   1   2.6e-26   1.5e-24   85.8   0.0     2   122     2   124     1   165 0.85 -
107216at50557_103372_0:00094d|STRG.13165.1:3-434|+     -            144 129498at50557        -            154   2.8e-24   84.9   0.4   1   1   2.7e-25   1.6e-23   82.5   0.4    44   150     4   124     1   127 0.82 -
108271at50557_197043_0:002be2|STRG.2933.2:12-521|+     -            170 129498at50557        -            154     5e-24   84.1   0.2   1   1   5.2e-25     3e-23   81.6   0.2     3   146     1   160     1   167 0.83 -
129498at50557_307491_0:002504|STRG.6440.1:5439-6320|+  -            191 129498at50557        -            154   6.6e-23   80.5   0.1   1   1   2.1e-24   1.2e-22   79.6   0.1     2   143     1   147     1   171 0.84 -
104262at50557_64793_0:001dc9|STRG.10063.2:2031-2738|+  -            236 129498at50557        -            154   8.8e-23   80.1   0.2   1   1   9.5e-24   5.5e-22   77.5   0.2     2   148    33   188    32   210 0.84 -
104262at50557_88501_0:0010fe|STRG.10063.3:311-868|+    -            186 129498at50557        -            154   1.2e-22   79.7   0.1   1   1     5e-24   2.9e-22   78.4   0.1     2   148    19   174    18   180 0.85 -
104262at50557_88501_0:0010fe|STRG.10063.1:190-765|+    -            192 129498at50557        -            154   1.3e-22   79.5   0.1   1   1   5.4e-24   3.1e-22   78.3   0.1     2   148    25   180    24   192 0.86 -
108271at50557_43151_0:001e01|STRG.2259.1:39-596|+      -            186 129498at50557        -            154   2.3e-22   78.7   0.0   1   1   7.6e-24   4.4e-22   77.8   0.0     2   130     1   132     1   167 0.84 -
108271at50557_28612_0:005172|STRG.18922.1:247-720|+    -            158 129498at50557        -            154   3.3e-22   78.2   0.1   1   1   6.7e-24   3.8e-22   78.0   0.1     1   120     3   124     3   149 0.92 -
108271at50557_166361_0:003235|STRG.16131.1:301-855|+   -            185 129498at50557        -            154   3.5e-22   78.1   0.1   1   1   1.8e-23   1.1e-21   76.6   0.1     2   135     1   137     1   164 0.81 -
108271at50557_166361_0:003235|STRG.16131.2:9-563|+     -            185 129498at50557        -            154   3.5e-22   78.1   0.1   1   1   1.8e-23   1.1e-21   76.6   0.1     2   135     1   137     1   164 0.81 -
108271at50557_28612_0:005172|STRG.18922.2:234-803|+    -            190 129498at50557        -            154   4.7e-22   77.7   0.2   1   1   1.1e-23   6.4e-22   77.3   0.2     1   120     3   124     3   165 0.92 -
108271at50557_7200_0:001897|STRG.16131.3:313-792|+     -            160 129498at50557        -            154   4.7e-22   77.7   0.1   1   1   1.5e-23   8.8e-22   76.8   0.1     2   135     1   137     1   160 0.85 -
108755at50557_121225_0:0004e7|STRG.11232.1:310-801|+   -            164 129498at50557        -            154   2.2e-21   75.5   0.0   1   1   1.5e-22   8.9e-21   73.5   0.0     3   119     5   123     3   164 0.89 -
115559at50557_103372_0:001d92|STRG.8886.3:0-545|+      -            182 129498at50557        -            154   4.6e-21   74.5   0.8   1   1   4.7e-22   2.7e-20   72.0   0.8     3   146     7   166     5   173 0.84 -
115559at50557_286306_0:000620|STRG.8886.1:150-755|+    -            202 129498at50557        -            154     7e-21   73.9   0.8   1   1   6.8e-22   3.9e-20   71.4   0.8     3   145    28   186    26   194 0.84 -
115559at50557_286306_0:000620|STRG.8886.2:157-762|+    -            202 129498at50557        -            154     7e-21   73.9   0.8   1   1   6.8e-22   3.9e-20   71.4   0.8     3   145    28   186    26   194 0.84 -
108755at50557_326594_0:001f82|STRG.11232.2:249-707|+   -            153 129498at50557        -            154   9.3e-21   73.5   0.0   1   1     2e-22   1.1e-20   73.2   0.0     3   118    24   141    22   150 0.91 -
140221at50557_568069_0:001a32|STRG.5112.1:100-564|+    -            155 129498at50557        -            154   1.3e-19   69.7   0.0   1   1   2.9e-21   1.6e-19   69.4   0.0     3   120     1   119     1   133 0.92 -
140221at50557_568069_0:001a32|STRG.5112.2:696-1160|+   -            155 129498at50557        -            154   1.3e-19   69.7   0.0   1   1   2.9e-21   1.6e-19   69.4   0.0     3   120     1   119     1   133 0.92 -
140221at50557_568069_0:001a32|STRG.5112.3:235-699|+    -            155 129498at50557        -            154   1.3e-19   69.7   0.0   1   1   2.9e-21   1.6e-19   69.4   0.0     3   120     1   119     1   133 0.92 -
140221at50557_568069_0:001a32|STRG.5112.4:1787-2251|+  -            155 129498at50557        -            154   1.3e-19   69.7   0.0   1   1   2.9e-21   1.6e-19   69.4   0.0     3   120     1   119     1   133 0.92 -
140221at50557_568069_0:001a32|STRG.5112.5:18-482|+     -            155 129498at50557        -            154   1.3e-19   69.7   0.0   1   1   2.9e-21   1.6e-19   69.4   0.0     3   120     1   119     1   133 0.92 -
140221at50557_568069_0:001a32|STRG.8133.2:0-488|+      -            163 129498at50557        -            154   5.2e-19   67.8   0.0   1   1     1e-20   5.8e-19   67.6   0.0     2   122     7   128     6   156 0.89 -
140221at50557_568069_0:001a32|STRG.8133.1:375-866|+    -            164 129498at50557        -            154   5.3e-19   67.8   0.0   1   1     1e-20   5.9e-19   67.6   0.0     2   122     8   129     7   157 0.89 -
41766at50557_286306_0:004435|STRG.6952.4:666-4248|+    -            459 129498at50557        -            154   8.1e-19   67.2   0.1   1   1   2.5e-20   1.4e-18   66.4   0.1     2   122   233   359   232   378 0.90 -
41766at50557_286306_0:004435|STRG.6952.3:462-4175|+    -            553 129498at50557        -            154   1.1e-18   66.7   0.1   1   1   3.5e-20     2e-18   65.9   0.1     2   122   327   453   326   472 0.90 -
105221at50557_103372_0:000728|STRG.18561.1:0-587|+     -            196 129498at50557        -            154   1.3e-18   66.5   0.0   1   1   1.3e-19   7.3e-18   64.1   0.0     2   119     8   129     7   177 0.74 -
41766at50557_535359_0:0018b4|STRG.6952.3:185-4175|+    -            637 129498at50557        -            154   1.4e-18   66.4   0.1   1   1   4.5e-20   2.6e-18   65.6   0.1     2   122   411   537   410   556 0.90 -
140221at50557_568069_0:001a32|STRG.13616.1:0-479|+     -            160 129498at50557        -            154   2.3e-18   65.7   0.0   1   1   4.9e-20   2.8e-18   65.4   0.0     2   122     4   125     3   137 0.89 -
140221at50557_568069_0:001a32|STRG.6867.1:226-672|+    -            149 129498at50557        -            154     6e-18   64.3   0.0   1   1   1.2e-19   6.9e-18   64.2   0.0     3   120     2   120     1   141 0.90 -
140221at50557_568069_0:001a32|STRG.6867.2:27-473|+     -            149 129498at50557        -            154     6e-18   64.3   0.0   1   1   1.2e-19   6.9e-18   64.2   0.0     3   120     2   120     1   141 0.90 -
108755at50557_28612_0:002c6d|STRG.19337.1:27-620|+     -            198 129498at50557        -            154   1.3e-17   63.3   0.1   1   1   8.8e-18   5.1e-16   58.1   0.1     3   148     1   167     1   172 0.76 -
140221at50557_568069_0:001a32|STRG.5046.1:110-589|+    -            160 129498at50557        -            154   2.4e-17   62.4   0.0   1   1   4.9e-19   2.8e-17   62.2   0.0     2   132     4   135     3   156 0.83 -
140221at50557_568069_0:001a32|STRG.5046.2:110-589|+    -            160 129498at50557        -            154   2.4e-17   62.4   0.0   1   1   4.9e-19   2.8e-17   62.2   0.0     2   132     4   135     3   156 0.83 -
140221at50557_568069_0:001a32|STRG.5046.3:47-526|+     -            160 129498at50557        -            154   2.4e-17   62.4   0.0   1   1   4.9e-19   2.8e-17   62.2   0.0     2   132     4   135     3   156 0.83 -
140221at50557_568069_0:001a32|STRG.5046.4:0-479|+      -            160 129498at50557        -            154   2.4e-17   62.4   0.0   1   1   4.9e-19   2.8e-17   62.2   0.0     2   132     4   135     3   156 0.83 -
140221at50557_568069_0:001a32|STRG.4520.1:270-749|+    -            160 129498at50557        -            154   6.7e-17   61.0   0.0   1   1   1.4e-18   7.9e-17   60.7   0.0     2   128     4   131     3   155 0.85 -
109573at50557_7004_0:003472|STRG.13165.2:144-521|+     -            126 129498at50557        -            154   1.7e-16   59.6   0.1   1   1   1.9e-17   1.1e-15   57.0   0.1    58   150     1   107     1   110 0.81 -
109797at50557_83485_0:000ec1|STRG.19056.1:0-887|+      -            296 129498at50557        -            154   3.3e-16   58.7   0.0   1   1     9e-18   5.2e-16   58.1   0.0     3   134    22   153    20   163 0.82 -
107216at50557_6973_0:00524c|STRG.20984.1:1-273|-       -             91 129498at50557        -            154   3.8e-14   52.0   0.0   1   1   7.8e-16   4.5e-14   51.8   0.0    68   135     1    69     1    89 0.87 -
104262at50557_13164_0:00360e|STRG.6952.3:3534-4046|+   -            171 129498at50557        -            154   4.4e-14   51.8   0.0   1   1   9.1e-16   5.2e-14   51.6   0.0    15   122     1   114     1   147 0.89 -
129498at50557_1629725_0:0008c6|STRG.22670.1:855-1181|+ -            109 129498at50557        -            154   1.9e-13   49.7   0.0   1   1   3.6e-15   2.1e-13   49.6   0.0     3   101     1   101     1   109 0.88 -
28600at50557_520822_0:000c07|STRG.19050.2:641-2422|+   -            594 129498at50557        -            154   5.2e-13   48.3   0.0   1   2   7.5e-10   4.3e-08   32.3   0.0     1   127    11   139    11   164 0.84 -
28600at50557_520822_0:000c07|STRG.19050.2:641-2422|+   -            594 129498at50557        -            154   5.2e-13   48.3   0.0   2   2   0.00045     0.026   13.6   0.0     7   119   429   542   423   553 0.72 -
28600at50557_13686_0:0008a3|STRG.19050.1:837-2657|+    -            607 129498at50557        -            154   5.5e-13   48.2   0.0   1   2   7.8e-10   4.5e-08   32.3   0.0     1   127    11   139    11   164 0.84 -
28600at50557_13686_0:0008a3|STRG.19050.1:837-2657|+    -            607 129498at50557        -            154   5.5e-13   48.2   0.0   2   2   0.00047     0.027   13.5   0.0     7   119   429   542   423   553 0.72 -
107216at50557_121225_0:0005b8|STRG.20985.1:2-205|-     -             68 129498at50557        -            154   5.6e-13   48.2   0.0   1   1   1.1e-14   6.6e-13   48.0   0.0     2    64     1    65     1    67 0.96 -
28600at50557_13686_0:0008a3|STRG.19050.3:0-1919|+      -            640 129498at50557        -            154   6.6e-13   48.0   0.0   1   2   8.6e-10   4.9e-08   32.2   0.0     1   127    11   139    11   164 0.84 -
28600at50557_13686_0:0008a3|STRG.19050.3:0-1919|+      -            640 129498at50557        -            154   6.6e-13   48.0   0.0   2   2   0.00051     0.029   13.4   0.0     7   119   429   542   423   553 0.72 -
105221at50557_29053_0:00200e|STRG.10226.1:21-521|+     -            167 129498at50557        -            154   9.6e-12   44.2   0.0   1   1   3.1e-13   1.8e-11   43.3   0.0     4   120     2   121     1   133 0.89 -
107216at50557_1155016_0:002124|STRG.15417.1:2-226|+    -             75 129498at50557        -            154     1e-10   40.9   0.0   1   1   1.8e-12   1.1e-10   40.8   0.0    69   121     1    53     1    74 0.86 -
109573at50557_1507135_0:000e82|STRG.8716.1:134-727|+   -            198 129498at50557        -            154   2.3e-10   39.7   0.1   1   2   4.1e-10   2.4e-08   33.2   0.1     3    97     1   102     1   109 0.82 -
109573at50557_1507135_0:000e82|STRG.8716.1:134-727|+   -            198 129498at50557        -            154   2.3e-10   39.7   0.1   2   2      0.39        22    4.0   0.0    99   142   121   170   117   177 0.68 -
108271at50557_13249_0:001644|STRG.12838.1:507-992|+    -            162 129498at50557        -            154   2.4e-10   39.7   0.0   1   1   5.2e-12     3e-10   39.4   0.0     3   120     1   119     1   130 0.85 -
105221at50557_121845_0:0034ac|STRG.4563.1:1009-1542|+  -            178 129498at50557        -            154   8.4e-10   37.9   0.0   1   1   5.7e-10   3.3e-08   32.7   0.0     2   123     7   144     6   178 0.73 -
104262at50557_88501_0:0010fe|STRG.12065.1:273-890|+    -            206 129498at50557        -            154   3.7e-09   35.8   0.1   1   2    0.0014     0.082   11.9   0.0     1    56    27    86    27    93 0.76 -
104262at50557_88501_0:0010fe|STRG.12065.1:273-890|+    -            206 129498at50557        -            154   3.7e-09   35.8   0.1   2   2   1.2e-06   6.8e-05   22.0   0.0    69   126   124   178   120   198 0.87 -
104262at50557_88501_0:0010fe|STRG.12065.2:45-662|+     -            206 129498at50557        -            154   3.7e-09   35.8   0.1   1   2    0.0014     0.082   11.9   0.0     1    56    27    86    27    93 0.76 -
104262at50557_88501_0:0010fe|STRG.12065.2:45-662|+     -            206 129498at50557        -            154   3.7e-09   35.8   0.1   2   2   1.2e-06   6.8e-05   22.0   0.0    69   126   124   178   120   198 0.87 -
108271at50557_34740_0:0010fd|STRG.6123.1:1037-1675|+   -            213 129498at50557        -            154   1.2e-08   34.2   0.0   1   1   1.1e-09   6.6e-08   31.7   0.0     2   122    38   169    37   180 0.76 -
104262at50557_6973_0:00268c|STRG.2854.1:419-924|+      -            163 129498at50557        -            154   1.9e-08   33.5   0.2   1   2   6.7e-07   3.8e-05   22.8   0.0     3    55     7    66     5    72 0.81 -
104262at50557_6973_0:00268c|STRG.2854.1:419-924|+      -            163 129498at50557        -            154   1.9e-08   33.5   0.2   2   2     0.021       1.2    8.2   0.0   107   126    75    94    68   108 0.85 -
111939at50557_103372_0:001457|STRG.22061.1:0-557|+     -            186 129498at50557        -            154   2.2e-08   33.3   0.0   1   1     5e-10   2.9e-08   32.9   0.0     4   118    23   136    20   153 0.89 -
107216at50557_197043_0:004b88|STRG.6952.1:3516-3896|+  -            127 129498at50557        -            154   2.5e-08   33.1   0.0   1   1   8.4e-10   4.8e-08   32.2   0.0     2    57     8    66     7    77 0.94 -
118237at50557_7070_0:00080a|STRG.20631.1:1146-1622|+   -            159 129498at50557        -            154     2e-07   30.2   0.0   1   1   5.5e-09   3.1e-07   29.6   0.0     3   116     2   114     1   122 0.85 -
108271at50557_7536_0:004142|STRG.7757.1:678-1217|+     -            180 129498at50557        -            154   3.2e-07   29.5   0.0   1   1   9.6e-09   5.5e-07   28.8   0.0     3   131     1   132     1   165 0.76 -
108271at50557_7536_0:004142|STRG.7757.2:57-596|+       -            180 129498at50557        -            154   3.2e-07   29.5   0.0   1   1   9.6e-09   5.5e-07   28.8   0.0     3   131     1   132     1   165 0.76 -
118237at50557_411798_0:000ee6|STRG.20502.1:0-620|+     -            207 129498at50557        -            154   3.8e-07   29.3   0.0   1   1   8.9e-09   5.1e-07   28.9   0.0     3   117    25   142    23   158 0.80 -
118237at50557_411798_0:000ee6|STRG.20502.3:317-1010|+  -            207 129498at50557        -            154   3.8e-07   29.3   0.0   1   1   8.9e-09   5.1e-07   28.9   0.0     3   117    25   142    23   158 0.80 -
41766at50557_286306_0:004435|STRG.6952.1:59-3983|+     -            671 129498at50557        -            154   4.6e-07   29.0   0.0   1   1   1.6e-08   9.3e-07   28.0   0.0     2    57   523   581   522   590 0.94 -
118237at50557_7070_0:00080a|STRG.3845.2:3-458|+        -            152 129498at50557        -            154   7.3e-07   28.4   0.2   1   1   1.6e-08     9e-07   28.1   0.2     4   123     1   118     1   135 0.80 -
118237at50557_7539_0:0029ad|STRG.3845.1:250-705|+      -            152 129498at50557        -            154   7.3e-07   28.4   0.2   1   1   1.6e-08     9e-07   28.1   0.2     4   123     1   118     1   135 0.80 -
118237at50557_28612_0:004a80|STRG.7051.1:51-539|+      -            163 129498at50557        -            154   9.1e-07   28.0   0.0   1   1   1.9e-08   1.1e-06   27.8   0.0     4   121     3   118     1   131 0.74 -
118237at50557_113334_0:00122f|STRG.13651.1:108-650|+   -            181 129498at50557        -            154   9.9e-07   27.9   0.0   1   1   2.1e-08   1.2e-06   27.6   0.0     4   119    20   137    17   152 0.82 -
118237at50557_144034_0:0012bb|STRG.20502.2:149-559|+   -            137 129498at50557        -            154   9.2e-06   24.8   0.0   1   1     2e-07   1.2e-05   24.5   0.0    48   117     2    72     1    89 0.86 -
108271at50557_13249_0:001644|STRG.16182.1:102-581|+    -            160 129498at50557        -            154   1.2e-05   24.5   0.0   1   2    0.0031      0.18   10.9   0.0     3    30     1    28     1    50 0.87 -
108271at50557_13249_0:001644|STRG.16182.1:102-581|+    -            160 129498at50557        -            154   1.2e-05   24.5   0.0   2   2    0.0014     0.081   12.0   0.0    70   118    64   115    56   154 0.72 -
108271at50557_166361_0:003235|STRG.12295.1:324-815|+   -            164 129498at50557        -            154   2.5e-05   23.4   0.0   1   1   5.4e-07   3.1e-05   23.1   0.0     2   120     1   123     1   157 0.82 -
118237at50557_7070_0:00080a|STRG.6573.1:165-710|+      -            182 129498at50557        -            154   3.7e-05   22.8   0.0   1   1   8.3e-07   4.8e-05   22.5   0.0     2   116    20   132    19   159 0.80 -
118237at50557_121845_0:0047c3|STRG.8947.1:151-651|+    -            167 129498at50557        -            154     5e-05   22.4   0.1   1   1   1.1e-06   6.1e-05   22.1   0.1     2   117    12   125    11   154 0.80 -
118237at50557_121845_0:0047c3|STRG.8947.2:151-672|+    -            174 129498at50557        -            154   5.1e-05   22.4   0.1   1   1   1.1e-06   6.1e-05   22.1   0.1     2   117    12   125    11   168 0.81 -
118237at50557_121845_0:0047c3|STRG.8947.3:21-545|+     -            175 129498at50557        -            154   5.4e-05   22.3   0.1   1   1   1.1e-06   6.5e-05   22.0   0.1     2   117    12   125    11   162 0.80 -
109573at50557_121225_0:000482|STRG.3549.1:15-533|+     -            173 129498at50557        -            154   8.5e-05   21.6   0.5   1   1   2.1e-06   0.00012   21.2   0.5     3   119     1   127     1   160 0.73 -
115559at50557_42026_0:0013f7|STRG.18675.1:1121-1612|+  -            164 129498at50557        -            154   8.8e-05   21.6   0.0   1   2      0.31        18    4.3   0.0     3    25    10    32     8    74 0.85 -
115559at50557_42026_0:0013f7|STRG.18675.1:1121-1612|+  -            164 129498at50557        -            154   8.8e-05   21.6   0.0   2   2   0.00011    0.0063   15.6   0.0    75   123    81   130    77   153 0.85 -
129498at50557_7004_0:000522|STRG.13052.1:205-561|+     -            119 129498at50557        -            154   9.5e-05   21.5   0.0   1   1   2.4e-06   0.00014   21.0   0.0     2    93     3   102     2   118 0.74 -
117348at50557_29031_0:00277d|STRG.13021.5:69-605|+     -            179 129498at50557        -            154   0.00021   20.4   0.0   1   1   4.1e-06   0.00024   20.2   0.0    18   117    14   112     1   129 0.74 -
117348at50557_7159_0:000a6a|STRG.13021.3:2424-2735|+   -            104 129498at50557        -            154   0.00026   20.1   0.0   1   1   4.7e-06   0.00027   20.0   0.0    17    97    13    91     1    98 0.77 -
105221at50557_121845_0:0034ac|STRG.4563.2:764-1240|+   -            159 129498at50557        -            154   0.00039   19.5   0.0   1   1    0.0003     0.017   14.2   0.0    17   123     3   125     1   159 0.69 -
117348at50557_28612_0:0051eb|STRG.13021.4:271-495|+    -             75 129498at50557        -            154   0.00049   19.2   0.1   1   1   9.1e-06   0.00052   19.1   0.1    44    97    10    63     2    70 0.86 -
117348at50557_28612_0:0051eb|STRG.13021.2:2752-3021|+  -             90 129498at50557        -            154   0.00066   18.8   0.0   1   1   1.3e-05   0.00074   18.6   0.0    43    97    24    78    10    84 0.85 -
108271at50557_13249_0:001644|STRG.12838.2:30-410|+     -            127 129498at50557        -            154   0.00079   18.5   0.0   1   1   1.7e-05   0.00099   18.2   0.0    49   120    13    84     2    96 0.80 -
107216at50557_7394_0:0010f2|STRG.5551.2:1164-1760|+    -            199 129498at50557        -            154   0.00089   18.3   0.0   1   1   0.00021     0.012   14.7   0.0     3   117     9   138     7   152 0.67 -
107216at50557_7394_0:0010f2|STRG.5551.4:1164-1760|+    -            199 129498at50557        -            154   0.00089   18.3   0.0   1   1   0.00021     0.012   14.7   0.0     3   117     9   138     7   152 0.67 -
118237at50557_13164_0:001264|STRG.9953.1:39-512|+      -            158 129498at50557        -            154   0.00098   18.2   0.0   1   1     2e-05    0.0012   18.0   0.0     3   123     6   124     4   145 0.73 -
104262at50557_83485_0:001dc3|STRG.8936.2:241-693|+     -            151 129498at50557        -            154    0.0019   17.3   0.2   1   1   3.9e-05    0.0022   17.0   0.2     2   109     1   116     1   142 0.82 -
108271at50557_1049336_0:00042e|STRG.2933.1:429-665|+   -             79 129498at50557        -            154    0.0034   16.5   0.1   1   1   0.00053     0.031   13.3   0.1    98   146     6    69     1    76 0.66 -
81145at50557_104421_0:001dae|STRG.10307.1:221-1138|+   -            306 129498at50557        -            154     0.036   13.1   0.2   1   1    0.0012     0.071   12.2   0.0     3   116     4   126     2   145 0.63 -
81145at50557_104421_0:001dae|STRG.10307.2:399-1316|+   -            306 129498at50557        -            154     0.036   13.1   0.2   1   1    0.0012     0.071   12.2   0.0     3   116     4   126     2   145 0.63 -
#
# Program:         hmmsearch
# Version:         3.4 (Aug 2023)
# Pipeline mode:   SEARCH
# Query file:      /home/justine/projet_tutore/busco_downloads/lineages/insecta_odb10/hmms/129498at50557.hmm
# Target file:     annotation_analysis/annotation_gca/T_cornetzi/busco_output/run_insecta_odb10/metaeuk_output/initial_results/assembled_transcripts.fasta.modified.fas
# Option settings: hmmsearch --domtblout annotation_analysis/annotation_gca/T_cornetzi/busco_output/run_insecta_odb10/hmmer_output/initial_run_results/129498at50557.out --cpu 1 /home/justine/projet_tutore/busco_downloads/lineages/insecta_odb10/hmms/129498at50557.hmm annotation_analysis/annotation_gca/T_cornetzi/busco_output/run_insecta_odb10/metaeuk_output/initial_results/assembled_transcripts.fasta.modified.fas 
# Current dir:     /home/justine/projet_tutore
# Date:            Sun Dec  1 22:14:55 2024
# [ok]
