#                                                                                                             --- full sequence --- -------------- this domain -------------   hmm coord   ali coord   env coord
# target name                                         accession   tlen query name           accession   qlen   E-value  score  bias   #  of  c-Evalue  i-Evalue  score  bias  from    to  from    to  from    to  acc description of target
#                                 ------------------- ---------- ----- -------------------- ---------- ----- --------- ------ ----- --- --- --------- --------- ------ ----- ----- ----- ----- ----- ----- ----- ---- ---------------------
13612at50557_83485_0:001d89|STRG.14533.2:135-3373|+   -           1071 13612at50557         -            551  2.3e-218  725.1  43.5   1   5   9.1e-70   9.2e-67  224.8   1.4     1   130     1   130     1   169 0.94 -
13612at50557_83485_0:001d89|STRG.14533.2:135-3373|+   -           1071 13612at50557         -            551  2.3e-218  725.1  43.5   2   5   2.1e-47   2.2e-44  150.9   1.2   136   277   185   329   179   351 0.84 -
13612at50557_83485_0:001d89|STRG.14533.2:135-3373|+   -           1071 13612at50557         -            551  2.3e-218  725.1  43.5   3   5     0.075        76    0.6   9.8   252   330   507   584   405   597 0.71 -
13612at50557_83485_0:001d89|STRG.14533.2:135-3373|+   -           1071 13612at50557         -            551  2.3e-218  725.1  43.5   4   5  1.1e-112  1.2e-109  366.4   2.0   249   551   614   946   595   946 0.85 -
13612at50557_83485_0:001d89|STRG.14533.2:135-3373|+   -           1071 13612at50557         -            551  2.3e-218  725.1  43.5   5   5       1.6   1.6e+03   -3.8   0.7   195   222   962   989   954  1055 0.60 -
13612at50557_103372_0:000536|STRG.14533.3:0-3356|+    -           1119 13612at50557         -            551  2.6e-217  721.7  46.4   1   5   9.4e-70   9.5e-67  224.7   1.3     1   130     1   130     1   170 0.94 -
13612at50557_103372_0:000536|STRG.14533.3:0-3356|+    -           1119 13612at50557         -            551  2.6e-217  721.7  46.4   2   5   2.1e-47   2.1e-44  151.0   1.0   136   277   185   329   179   350 0.83 -
13612at50557_103372_0:000536|STRG.14533.3:0-3356|+    -           1119 13612at50557         -            551  2.6e-217  721.7  46.4   3   5      0.23   2.3e+02   -1.0  11.1   252   330   555   632   428   643 0.79 -
13612at50557_103372_0:000536|STRG.14533.3:0-3356|+    -           1119 13612at50557         -            551  2.6e-217  721.7  46.4   4   5  1.1e-112  1.1e-109  366.4   1.7   249   551   662   994   647   994 0.85 -
13612at50557_103372_0:000536|STRG.14533.3:0-3356|+    -           1119 13612at50557         -            551  2.6e-217  721.7  46.4   5   5       1.6   1.7e+03   -3.8   0.7   195   222  1010  1037  1002  1103 0.60 -
13612at50557_103372_0:000536|STRG.14533.1:135-2633|+  -            833 13612at50557         -            551  1.5e-160  534.4  38.3   1   5   6.9e-70     7e-67  225.2   1.5     1   130     1   130     1   170 0.94 -
13612at50557_103372_0:000536|STRG.14533.1:135-2633|+  -            833 13612at50557         -            551  1.5e-160  534.4  38.3   2   5   1.5e-47   1.5e-44  151.5   1.2   136   277   185   329   179   351 0.83 -
13612at50557_103372_0:000536|STRG.14533.1:135-2633|+  -            833 13612at50557         -            551  1.5e-160  534.4  38.3   3   5       0.6     6e+02   -2.4   1.8   184   276   412   505   398   546 0.59 -
13612at50557_103372_0:000536|STRG.14533.1:135-2633|+  -            833 13612at50557         -            551  1.5e-160  534.4  38.3   4   5    0.0075       7.6    3.9   6.5   252   330   555   632   503   643 0.71 -
13612at50557_103372_0:000536|STRG.14533.1:135-2633|+  -            833 13612at50557         -            551  1.5e-160  534.4  38.3   5   5   4.4e-54   4.4e-51  173.0   0.6   249   410   662   825   648   833 0.81 -
87041at50557_103372_0:001d79|STRG.24000.1:0-1142|+    -            381 13612at50557         -            551   2.4e-47  160.7   0.0   1   2   6.3e-16   6.4e-13   47.0   0.0     1   102     1   111     1   117 0.83 -
87041at50557_103372_0:001d79|STRG.24000.1:0-1142|+    -            381 13612at50557         -            551   2.4e-47  160.7   0.0   2   2     2e-36     2e-33  114.7   0.0   297   536   105   348   103   360 0.91 -
87041at50557_7213_0:002ec4|STRG.11367.1:0-734|+       -            245 13612at50557         -            551   8.5e-47  158.9   0.2   1   2   2.3e-17   2.3e-14   51.8   0.0     1   101     1    98     1   103 0.89 -
87041at50557_7213_0:002ec4|STRG.11367.1:0-734|+       -            245 13612at50557         -            551   8.5e-47  158.9   0.2   2   2   3.2e-34   3.3e-31  107.4   0.0   312   450    95   241    92   244 0.89 -
13612at50557_121845_0:002d4c|STRG.14533.1:2597-3073|+ -            159 13612at50557         -            551   7.6e-44  149.1   1.7   1   1   2.8e-45   2.8e-42  143.9   1.7   422   551     1   158     1   158 0.86 -
87041at50557_103372_0:001d79|STRG.20644.1:144-980|+   -            279 13612at50557         -            551   2.5e-27   94.6   0.2   1   2   2.5e-15   2.5e-12   45.1   0.0     1   102     1   103     1   109 0.89 -
87041at50557_103372_0:001d79|STRG.20644.1:144-980|+   -            279 13612at50557         -            551   2.5e-27   94.6   0.2   2   2   2.3e-16   2.3e-13   48.5   0.1   306   441   106   245   101   276 0.75 -
8547at50557_74869_0:0028a5|STRG.16383.1:1051-1818|+   -            256 13612at50557         -            551      0.05   11.1   0.1   1   2      0.24   2.4e+02   -1.1   0.0   291   330    69   108    22   115 0.80 -
8547at50557_74869_0:0028a5|STRG.16383.1:1051-1818|+   -            256 13612at50557         -            551      0.05   11.1   0.1   2   2   0.00015      0.15    9.5   0.0   361   379   166   184   161   209 0.88 -
#
# Program:         hmmsearch
# Version:         3.4 (Aug 2023)
# Pipeline mode:   SEARCH
# Query file:      /home/justine/projet_tutore/busco_downloads/lineages/insecta_odb10/hmms/13612at50557.hmm
# Target file:     annotation_analysis/annotation_gca/T_cornetzi/busco_output/run_insecta_odb10/metaeuk_output/initial_results/assembled_transcripts.fasta.modified.fas
# Option settings: hmmsearch --domtblout annotation_analysis/annotation_gca/T_cornetzi/busco_output/run_insecta_odb10/hmmer_output/initial_run_results/13612at50557.out --cpu 1 /home/justine/projet_tutore/busco_downloads/lineages/insecta_odb10/hmms/13612at50557.hmm annotation_analysis/annotation_gca/T_cornetzi/busco_output/run_insecta_odb10/metaeuk_output/initial_results/assembled_transcripts.fasta.modified.fas 
# Current dir:     /home/justine/projet_tutore
# Date:            Sun Dec  1 22:15:06 2024
# [ok]
