#                                                                                                            --- full sequence --- -------------- this domain -------------   hmm coord   ali coord   env coord
# target name                                        accession   tlen query name           accession   qlen   E-value  score  bias   #  of  c-Evalue  i-Evalue  score  bias  from    to  from    to  from    to  acc description of target
#                                ------------------- ---------- ----- -------------------- ---------- ----- --------- ------ ----- --- --- --------- --------- ------ ----- ----- ----- ----- ----- ----- ----- ---- ---------------------
141970at50557_103372_0:000735|STRG.10787.1:274-765|+ -            164 141970at50557        -            136   1.2e-78  261.1   6.2   1   1     7e-82   1.4e-78  260.8   6.2     1   136    10   148    10   148 0.98 -
141970at50557_103372_0:000735|STRG.10787.2:306-797|+ -            164 141970at50557        -            136   1.2e-78  261.1   6.2   1   1     7e-82   1.4e-78  260.8   6.2     1   136    10   148    10   148 0.98 -
141970at50557_197043_0:00672d|STRG.15615.1:171-428|+ -             86 141970at50557        -            136     6e-16   58.0   0.1   1   1   3.2e-19   6.5e-16   57.9   0.1     2    74    10    86     9    86 0.92 -
56026at50557_103372_0:0024e3|STRG.21861.1:0-1922|+   -            641 141970at50557        -            136       1.9    7.8   8.3   1   4      0.17   3.5e+02    0.5   0.0    11    34   287   310   281   317 0.86 -
56026at50557_103372_0:0024e3|STRG.21861.1:0-1922|+   -            641 141970at50557        -            136       1.9    7.8   8.3   2   4       0.6   1.2e+03   -1.3   0.0    72   115   438   481   380   497 0.71 -
56026at50557_103372_0:0024e3|STRG.21861.1:0-1922|+   -            641 141970at50557        -            136       1.9    7.8   8.3   3   4    0.0026       5.3    6.4   3.9    86   134   524   573   511   575 0.82 -
56026at50557_103372_0:0024e3|STRG.21861.1:0-1922|+   -            641 141970at50557        -            136       1.9    7.8   8.3   4   4       1.6   3.2e+03   -2.6   0.0    81   114   593   626   584   635 0.64 -
#
# Program:         hmmsearch
# Version:         3.4 (Aug 2023)
# Pipeline mode:   SEARCH
# Query file:      /home/justine/projet_tutore/busco_downloads/lineages/insecta_odb10/hmms/141970at50557.hmm
# Target file:     annotation_analysis/annotation_gca/T_cornetzi/busco_output/run_insecta_odb10/metaeuk_output/initial_results/assembled_transcripts.fasta.modified.fas
# Option settings: hmmsearch --domtblout annotation_analysis/annotation_gca/T_cornetzi/busco_output/run_insecta_odb10/hmmer_output/initial_run_results/141970at50557.out --cpu 1 /home/justine/projet_tutore/busco_downloads/lineages/insecta_odb10/hmms/141970at50557.hmm annotation_analysis/annotation_gca/T_cornetzi/busco_output/run_insecta_odb10/metaeuk_output/initial_results/assembled_transcripts.fasta.modified.fas 
# Current dir:     /home/justine/projet_tutore
# Date:            Sun Dec  1 22:15:17 2024
# [ok]
