#                                                                                                            --- full sequence --- -------------- this domain -------------   hmm coord   ali coord   env coord
# target name                                        accession   tlen query name           accession   qlen   E-value  score  bias   #  of  c-Evalue  i-Evalue  score  bias  from    to  from    to  from    to  acc description of target
#                                ------------------- ---------- ----- -------------------- ---------- ----- --------- ------ ----- --- --- --------- --------- ------ ----- ----- ----- ----- ----- ----- ----- ---- ---------------------
18453at50557_144034_0:000e71|STRG.8376.1:0-2000|+    -            667 18453at50557         -            486  9.6e-224  742.6  21.4   1   3   3.7e-40   2.1e-37  128.0   0.0    28   112     2    94     1   139 0.93 -
18453at50557_144034_0:000e71|STRG.8376.1:0-2000|+    -            667 18453at50557         -            486  9.6e-224  742.6  21.4   2   3    2e-141  1.2e-138  462.0  14.4   118   399   166   514   160   518 0.86 -
18453at50557_144034_0:000e71|STRG.8376.1:0-2000|+    -            667 18453at50557         -            486  9.6e-224  742.6  21.4   3   3     8e-48   4.6e-45  153.3   0.1   396   486   550   645   535   645 0.91 -
18453at50557_286706_0:000c3a|STRG.22079.1:603-2006|+ -            468 18453at50557         -            486   1.2e-19   69.6   0.2   1   2   9.6e-09   5.6e-06   24.4   0.0    28    94    33    98    23   118 0.85 -
18453at50557_286706_0:000c3a|STRG.22079.1:603-2006|+ -            468 18453at50557         -            486   1.2e-19   69.6   0.2   2   2   1.1e-11   6.5e-09   34.1   0.2   124   319   226   420   212   464 0.80 -
18453at50557_143948_0:00210e|STRG.8278.1:131-1075|+  -            315 18453at50557         -            486   1.1e-15   56.5   3.7   1   2   6.2e-08   3.6e-05   21.8   1.8   126   241    88   227    79   231 0.77 -
18453at50557_143948_0:00210e|STRG.8278.1:131-1075|+  -            315 18453at50557         -            486   1.1e-15   56.5   3.7   2   2   8.3e-12   4.8e-09   34.5   0.0   271   351   233   315   220   315 0.89 -
18453at50557_79782_0:0020f7|STRG.19574.6:681-1784|+  -            368 18453at50557         -            486   1.2e-15   56.3   8.1   1   3   1.4e-05    0.0083   14.0   0.5    56   149     7   100     1   131 0.79 -
18453at50557_79782_0:0020f7|STRG.19574.6:681-1784|+  -            368 18453at50557         -            486   1.2e-15   56.3   8.1   2   3   6.6e-06    0.0038   15.1   1.8   125   222   143   260    98   283 0.58 -
18453at50557_79782_0:0020f7|STRG.19574.6:681-1784|+  -            368 18453at50557         -            486   1.2e-15   56.3   8.1   3   3   3.5e-10     2e-07   29.2   0.0   271   320   285   334   275   368 0.85 -
18453at50557_79782_0:0020f7|STRG.19574.1:2440-3519|+ -            360 18453at50557         -            486   1.1e-14   53.2   7.9   1   3   0.00018       0.1   10.4   0.5    67   148    10    91     1   114 0.79 -
18453at50557_79782_0:0020f7|STRG.19574.1:2440-3519|+ -            360 18453at50557         -            486   1.1e-14   53.2   7.9   2   3   5.6e-06    0.0032   15.3   1.6   125   222   135   252    89   274 0.58 -
18453at50557_79782_0:0020f7|STRG.19574.1:2440-3519|+ -            360 18453at50557         -            486   1.1e-14   53.2   7.9   3   3   3.4e-10     2e-07   29.2   0.0   271   320   277   326   267   360 0.85 -
18453at50557_79782_0:0020f7|STRG.19574.2:2307-3386|+ -            360 18453at50557         -            486   1.1e-14   53.2   7.9   1   3   0.00018       0.1   10.4   0.5    67   148    10    91     1   114 0.79 -
18453at50557_79782_0:0020f7|STRG.19574.2:2307-3386|+ -            360 18453at50557         -            486   1.1e-14   53.2   7.9   2   3   5.6e-06    0.0032   15.3   1.6   125   222   135   252    89   274 0.58 -
18453at50557_79782_0:0020f7|STRG.19574.2:2307-3386|+ -            360 18453at50557         -            486   1.1e-14   53.2   7.9   3   3   3.4e-10     2e-07   29.2   0.0   271   320   277   326   267   360 0.85 -
18453at50557_79782_0:0020f7|STRG.19574.3:2111-3190|+ -            360 18453at50557         -            486   1.1e-14   53.2   7.9   1   3   0.00018       0.1   10.4   0.5    67   148    10    91     1   114 0.79 -
18453at50557_79782_0:0020f7|STRG.19574.3:2111-3190|+ -            360 18453at50557         -            486   1.1e-14   53.2   7.9   2   3   5.6e-06    0.0032   15.3   1.6   125   222   135   252    89   274 0.58 -
18453at50557_79782_0:0020f7|STRG.19574.3:2111-3190|+ -            360 18453at50557         -            486   1.1e-14   53.2   7.9   3   3   3.4e-10     2e-07   29.2   0.0   271   320   277   326   267   360 0.85 -
18453at50557_79782_0:0020f7|STRG.19574.4:2129-3208|+ -            360 18453at50557         -            486   1.1e-14   53.2   7.9   1   3   0.00018       0.1   10.4   0.5    67   148    10    91     1   114 0.79 -
18453at50557_79782_0:0020f7|STRG.19574.4:2129-3208|+ -            360 18453at50557         -            486   1.1e-14   53.2   7.9   2   3   5.6e-06    0.0032   15.3   1.6   125   222   135   252    89   274 0.58 -
18453at50557_79782_0:0020f7|STRG.19574.4:2129-3208|+ -            360 18453at50557         -            486   1.1e-14   53.2   7.9   3   3   3.4e-10     2e-07   29.2   0.0   271   320   277   326   267   360 0.85 -
18453at50557_79782_0:0020f7|STRG.19574.5:827-1906|+  -            360 18453at50557         -            486   1.1e-14   53.2   7.9   1   3   0.00018       0.1   10.4   0.5    67   148    10    91     1   114 0.79 -
18453at50557_79782_0:0020f7|STRG.19574.5:827-1906|+  -            360 18453at50557         -            486   1.1e-14   53.2   7.9   2   3   5.6e-06    0.0032   15.3   1.6   125   222   135   252    89   274 0.58 -
18453at50557_79782_0:0020f7|STRG.19574.5:827-1906|+  -            360 18453at50557         -            486   1.1e-14   53.2   7.9   3   3   3.4e-10     2e-07   29.2   0.0   271   320   277   326   267   360 0.85 -
8717at50557_34720_0:00064e|STRG.19848.4:1010-4798|+  -           1263 18453at50557         -            486   2.6e-10   38.7   0.5   1   3   3.6e-05     0.021   12.7   0.0    43   163   241   365   232   377 0.76 -
8717at50557_34720_0:00064e|STRG.19848.4:1010-4798|+  -           1263 18453at50557         -            486   2.6e-10   38.7   0.5   2   3   1.6e-07   9.3e-05   20.4   0.1   173   245   772   849   752   851 0.87 -
8717at50557_34720_0:00064e|STRG.19848.4:1010-4798|+  -           1263 18453at50557         -            486   2.6e-10   38.7   0.5   3   3     0.054        31    2.2   0.0   268   304   850   885   844   897 0.79 -
8717at50557_103372_0:0008b5|STRG.19848.2:748-4620|+  -           1291 18453at50557         -            486   2.7e-10   38.6   0.5   1   3   3.7e-05     0.021   12.6   0.0    43   163   300   424   291   436 0.76 -
8717at50557_103372_0:0008b5|STRG.19848.2:748-4620|+  -           1291 18453at50557         -            486   2.7e-10   38.6   0.5   2   3   1.6e-07   9.1e-05   20.4   0.1   173   245   831   908   807   910 0.87 -
8717at50557_103372_0:0008b5|STRG.19848.2:748-4620|+  -           1291 18453at50557         -            486   2.7e-10   38.6   0.5   3   3     0.019        11    3.6   0.1   260   304   901   944   893   957 0.80 -
8717at50557_34720_0:00064e|STRG.19848.3:1-3981|+     -           1327 18453at50557         -            486     3e-10   38.5   0.5   1   3   3.8e-05     0.022   12.6   0.0    43   163   393   517   384   529 0.76 -
8717at50557_34720_0:00064e|STRG.19848.3:1-3981|+     -           1327 18453at50557         -            486     3e-10   38.5   0.5   2   3   1.6e-07   9.4e-05   20.4   0.1   173   245   924  1001   900  1003 0.87 -
8717at50557_34720_0:00064e|STRG.19848.3:1-3981|+     -           1327 18453at50557         -            486     3e-10   38.5   0.5   3   3      0.02        12    3.6   0.1   260   304   994  1037   986  1050 0.80 -
8717at50557_103372_0:0008b5|STRG.19848.1:0-4169|+    -           1390 18453at50557         -            486   3.6e-10   38.3   0.5   1   3   4.1e-05     0.024   12.5   0.0    43   163   368   492   359   504 0.76 -
8717at50557_103372_0:0008b5|STRG.19848.1:0-4169|+    -           1390 18453at50557         -            486   3.6e-10   38.3   0.5   2   3   1.7e-07    0.0001   20.3   0.1   173   245   899   976   875   978 0.87 -
8717at50557_103372_0:0008b5|STRG.19848.1:0-4169|+    -           1390 18453at50557         -            486   3.6e-10   38.3   0.5   3   3     0.021        12    3.5   0.1   260   304   969  1012   961  1025 0.80 -
8717at50557_197043_0:000907|STRG.19857.1:513-1241|+  -            243 18453at50557         -            486   2.1e-05   22.5   0.2   1   1   1.4e-07   8.3e-05   20.6   0.2   174   215   118   159     8   238 0.72 -
#
# Program:         hmmsearch
# Version:         3.4 (Aug 2023)
# Pipeline mode:   SEARCH
# Query file:      /home/justine/projet_tutore/busco_downloads/lineages/insecta_odb10/hmms/18453at50557.hmm
# Target file:     annotation_analysis/annotation_gca/T_cornetzi/busco_output/run_insecta_odb10/metaeuk_output/initial_results/assembled_transcripts.fasta.modified.fas
# Option settings: hmmsearch --domtblout annotation_analysis/annotation_gca/T_cornetzi/busco_output/run_insecta_odb10/hmmer_output/initial_run_results/18453at50557.out --cpu 1 /home/justine/projet_tutore/busco_downloads/lineages/insecta_odb10/hmms/18453at50557.hmm annotation_analysis/annotation_gca/T_cornetzi/busco_output/run_insecta_odb10/metaeuk_output/initial_results/assembled_transcripts.fasta.modified.fas 
# Current dir:     /home/justine/projet_tutore
# Date:            Sun Dec  1 22:15:47 2024
# [ok]
