#                                                                                                              --- full sequence --- -------------- this domain -------------   hmm coord   ali coord   env coord
# target name                                          accession   tlen query name           accession   qlen   E-value  score  bias   #  of  c-Evalue  i-Evalue  score  bias  from    to  from    to  from    to  acc description of target
#                                  ------------------- ---------- ----- -------------------- ---------- ----- --------- ------ ----- --- --- --------- --------- ------ ----- ----- ----- ----- ----- ----- ----- ---- ---------------------
20997at50557_411798_0:002eb2|STRG.10678.1:563-4174|+   -           1204 20997at50557         -            432  3.6e-207  687.4  15.5   1   5      0.63   1.5e+02    0.1   0.0    13    40     3    30     1    32 0.93 -
20997at50557_411798_0:002eb2|STRG.10678.1:563-4174|+   -           1204 20997at50557         -            432  3.6e-207  687.4  15.5   2   5   4.1e-37   9.4e-35  119.3   1.7     1    70    30    99    30   136 0.84 -
20997at50557_411798_0:002eb2|STRG.10678.1:563-4174|+   -           1204 20997at50557         -            432  3.6e-207  687.4  15.5   3   5       6.5   1.5e+03   -3.3   1.2    58    93   524   558   505   575 0.62 -
20997at50557_411798_0:002eb2|STRG.10678.1:563-4174|+   -           1204 20997at50557         -            432  3.6e-207  687.4  15.5   4   5     0.092        21    2.8   0.0    65    81   627   643   620   649 0.88 -
20997at50557_411798_0:002eb2|STRG.10678.1:563-4174|+   -           1204 20997at50557         -            432  3.6e-207  687.4  15.5   5   5  2.7e-174  6.3e-172  571.3   0.0    67   432   768  1200   712  1200 0.89 -
20997at50557_411798_0:002eb2|STRG.10678.2:1578-5189|+  -           1204 20997at50557         -            432  3.6e-207  687.4  15.5   1   5      0.63   1.5e+02    0.1   0.0    13    40     3    30     1    32 0.93 -
20997at50557_411798_0:002eb2|STRG.10678.2:1578-5189|+  -           1204 20997at50557         -            432  3.6e-207  687.4  15.5   2   5   4.1e-37   9.4e-35  119.3   1.7     1    70    30    99    30   136 0.84 -
20997at50557_411798_0:002eb2|STRG.10678.2:1578-5189|+  -           1204 20997at50557         -            432  3.6e-207  687.4  15.5   3   5       6.5   1.5e+03   -3.3   1.2    58    93   524   558   505   575 0.62 -
20997at50557_411798_0:002eb2|STRG.10678.2:1578-5189|+  -           1204 20997at50557         -            432  3.6e-207  687.4  15.5   4   5     0.092        21    2.8   0.0    65    81   627   643   620   649 0.88 -
20997at50557_411798_0:002eb2|STRG.10678.2:1578-5189|+  -           1204 20997at50557         -            432  3.6e-207  687.4  15.5   5   5  2.7e-174  6.3e-172  571.3   0.0    67   432   768  1200   712  1200 0.89 -
20997at50557_319348_0:0039e8|STRG.21645.1:1578-1955|+  -            126 20997at50557         -            432   1.1e-11   43.3   0.1   1   1   4.3e-13   9.9e-11   40.2   0.1   304   400     5   126     2   126 0.79 -
20997at50557_319348_0:0039e8|STRG.21645.2:942-1319|+   -            126 20997at50557         -            432   1.1e-11   43.3   0.1   1   1   4.3e-13   9.9e-11   40.2   0.1   304   400     5   126     2   126 0.79 -
20997at50557_319348_0:0039e8|STRG.21645.3:1006-1383|+  -            126 20997at50557         -            432   1.1e-11   43.3   0.1   1   1   4.3e-13   9.9e-11   40.2   0.1   304   400     5   126     2   126 0.79 -
20997at50557_319348_0:0039e8|STRG.9112.1:1883-2419|+   -            179 20997at50557         -            432   2.6e-08   32.2   0.9   1   1   1.9e-08   4.4e-06   24.9   0.9   304   405     7   146     3   179 0.61 -
20997at50557_319348_0:0039e8|STRG.9112.2:3286-3822|+   -            179 20997at50557         -            432   2.6e-08   32.2   0.9   1   1   1.9e-08   4.4e-06   24.9   0.9   304   405     7   146     3   179 0.61 -
20997at50557_319348_0:0039e8|STRG.9112.3:1743-2279|+   -            179 20997at50557         -            432   2.6e-08   32.2   0.9   1   1   1.9e-08   4.4e-06   24.9   0.9   304   405     7   146     3   179 0.61 -
74045at50557_568069_0:0030d9|STRG.19334.1:782-3814|+   -           1011 20997at50557         -            432   2.3e-07   29.1   5.3   1   4    0.0063       1.5    6.7   0.0    23    56    11    46     2    92 0.71 -
74045at50557_568069_0:0030d9|STRG.19334.1:782-3814|+   -           1011 20997at50557         -            432   2.3e-07   29.1   5.3   2   4   2.5e-06   0.00057   17.9   0.1    21    66   237   282   226   312 0.77 -
74045at50557_568069_0:0030d9|STRG.19334.1:782-3814|+   -           1011 20997at50557         -            432   2.3e-07   29.1   5.3   3   4     0.038       8.7    4.1   0.0    21    42   360   381   352   390 0.85 -
74045at50557_568069_0:0030d9|STRG.19334.1:782-3814|+   -           1011 20997at50557         -            432   2.3e-07   29.1   5.3   4   4       2.2   5.1e+02   -1.7   0.1   116   149   510   543   475   590 0.59 -
74045at50557_568069_0:0030d9|STRG.19334.2:794-3999|+   -           1011 20997at50557         -            432   2.3e-07   29.1   5.3   1   4    0.0063       1.5    6.7   0.0    23    56    11    46     2    92 0.71 -
74045at50557_568069_0:0030d9|STRG.19334.2:794-3999|+   -           1011 20997at50557         -            432   2.3e-07   29.1   5.3   2   4   2.5e-06   0.00057   17.9   0.1    21    66   237   282   226   312 0.77 -
74045at50557_568069_0:0030d9|STRG.19334.2:794-3999|+   -           1011 20997at50557         -            432   2.3e-07   29.1   5.3   3   4     0.038       8.7    4.1   0.0    21    42   360   381   352   390 0.85 -
74045at50557_568069_0:0030d9|STRG.19334.2:794-3999|+   -           1011 20997at50557         -            432   2.3e-07   29.1   5.3   4   4       2.2   5.1e+02   -1.7   0.1   116   149   510   543   475   590 0.59 -
74045at50557_568069_0:0030d9|STRG.19334.3:794-3826|+   -           1011 20997at50557         -            432   2.3e-07   29.1   5.3   1   4    0.0063       1.5    6.7   0.0    23    56    11    46     2    92 0.71 -
74045at50557_568069_0:0030d9|STRG.19334.3:794-3826|+   -           1011 20997at50557         -            432   2.3e-07   29.1   5.3   2   4   2.5e-06   0.00057   17.9   0.1    21    66   237   282   226   312 0.77 -
74045at50557_568069_0:0030d9|STRG.19334.3:794-3826|+   -           1011 20997at50557         -            432   2.3e-07   29.1   5.3   3   4     0.038       8.7    4.1   0.0    21    42   360   381   352   390 0.85 -
74045at50557_568069_0:0030d9|STRG.19334.3:794-3826|+   -           1011 20997at50557         -            432   2.3e-07   29.1   5.3   4   4       2.2   5.1e+02   -1.7   0.1   116   149   510   543   475   590 0.59 -
74045at50557_568069_0:0030d9|STRG.19334.5:794-4140|+   -           1011 20997at50557         -            432   2.3e-07   29.1   5.3   1   4    0.0063       1.5    6.7   0.0    23    56    11    46     2    92 0.71 -
74045at50557_568069_0:0030d9|STRG.19334.5:794-4140|+   -           1011 20997at50557         -            432   2.3e-07   29.1   5.3   2   4   2.5e-06   0.00057   17.9   0.1    21    66   237   282   226   312 0.77 -
74045at50557_568069_0:0030d9|STRG.19334.5:794-4140|+   -           1011 20997at50557         -            432   2.3e-07   29.1   5.3   3   4     0.038       8.7    4.1   0.0    21    42   360   381   352   390 0.85 -
74045at50557_568069_0:0030d9|STRG.19334.5:794-4140|+   -           1011 20997at50557         -            432   2.3e-07   29.1   5.3   4   4       2.2   5.1e+02   -1.7   0.1   116   149   510   543   475   590 0.59 -
15573at50557_1155016_0:00335e|STRG.17396.1:1707-2144|+ -            146 20997at50557         -            432   2.1e-06   25.9   2.5   1   1   1.4e-07   3.3e-05   22.0   2.5   323   399    47   142    19   146 0.76 -
15573at50557_1155016_0:00335e|STRG.17396.2:1707-2144|+ -            146 20997at50557         -            432   2.1e-06   25.9   2.5   1   1   1.4e-07   3.3e-05   22.0   2.5   323   399    47   142    19   146 0.76 -
15573at50557_1155016_0:00335e|STRG.17396.3:1707-2144|+ -            146 20997at50557         -            432   2.1e-06   25.9   2.5   1   1   1.4e-07   3.3e-05   22.0   2.5   323   399    47   142    19   146 0.76 -
15573at50557_1155016_0:00335e|STRG.10707.1:1141-1515|+ -            125 20997at50557         -            432   1.1e-05   23.6   0.1   1   1   6.2e-08   1.4e-05   23.2   0.1   304   360    26    83    17   116 0.87 -
15573at50557_1155016_0:00335e|STRG.10707.2:983-1357|+  -            125 20997at50557         -            432   1.1e-05   23.6   0.1   1   1   6.2e-08   1.4e-05   23.2   0.1   304   360    26    83    17   116 0.87 -
80623at50557_13249_0:0031ec|STRG.2534.1:249-755|+      -            169 20997at50557         -            432   0.00013   20.0   0.4   1   1     9e-07   0.00021   19.3   0.4   330   427    41   155    32   159 0.75 -
15573at50557_121845_0:003574|STRG.10694.2:3502-4125|+  -            208 20997at50557         -            432   0.00013   20.0   0.1   1   1   2.9e-06   0.00067   17.7   0.1   323   405    84   185    52   207 0.73 -
15573at50557_121845_0:003574|STRG.10694.3:3415-4038|+  -            208 20997at50557         -            432   0.00013   20.0   0.1   1   1   2.9e-06   0.00067   17.7   0.1   323   405    84   185    52   207 0.73 -
15573at50557_121845_0:003574|STRG.10694.4:3498-4121|+  -            208 20997at50557         -            432   0.00013   20.0   0.1   1   1   2.9e-06   0.00067   17.7   0.1   323   405    84   185    52   207 0.73 -
15573at50557_121845_0:003574|STRG.10694.5:3318-3941|+  -            208 20997at50557         -            432   0.00013   20.0   0.1   1   1   2.9e-06   0.00067   17.7   0.1   323   405    84   185    52   207 0.73 -
139741at50557_307491_0:004a73|STRG.3008.2:4228-5190|+  -            321 20997at50557         -            432   0.00019   19.4   0.1   1   1   4.1e-05    0.0095   13.9   0.1   289   403    31   172     7   182 0.65 -
139741at50557_307491_0:004a73|STRG.3008.4:2312-3274|+  -            321 20997at50557         -            432   0.00019   19.4   0.1   1   1   4.1e-05    0.0095   13.9   0.1   289   403    31   172     7   182 0.65 -
139741at50557_307491_0:004a73|STRG.3008.1:1709-2668|+  -            320 20997at50557         -            432    0.0002   19.4   0.1   1   1   4.1e-05    0.0095   13.9   0.1   289   403    31   172     7   182 0.65 -
139741at50557_307491_0:004a73|STRG.3008.3:5339-6298|+  -            320 20997at50557         -            432    0.0002   19.4   0.1   1   1   4.1e-05    0.0095   13.9   0.1   289   403    31   172     7   182 0.65 -
80623at50557_168631_0:001146|STRG.11935.1:5843-6097|+  -             85 20997at50557         -            432     0.007   14.3   0.1   1   1   3.2e-05    0.0074   14.2   0.1   355   406     8    61     3    83 0.68 -
80623at50557_168631_0:001146|STRG.11935.2:6165-6419|+  -             85 20997at50557         -            432     0.007   14.3   0.1   1   1   3.2e-05    0.0074   14.2   0.1   355   406     8    61     3    83 0.68 -
15573at50557_7237_0:00236c|STRG.2390.1:2613-2981|+     -            123 20997at50557         -            432     0.019   12.9   0.0   1   1   9.8e-05     0.023   12.6   0.0   304   357    20    84    14   118 0.74 -
15573at50557_7237_0:00236c|STRG.2390.2:2613-2981|+     -            123 20997at50557         -            432     0.019   12.9   0.0   1   1   9.8e-05     0.023   12.6   0.0   304   357    20    84    14   118 0.74 -
15573at50557_7237_0:00236c|STRG.2390.3:2414-2782|+     -            123 20997at50557         -            432     0.019   12.9   0.0   1   1   9.8e-05     0.023   12.6   0.0   304   357    20    84    14   118 0.74 -
15573at50557_7237_0:00236c|STRG.2390.4:2414-2782|+     -            123 20997at50557         -            432     0.019   12.9   0.0   1   1   9.8e-05     0.023   12.6   0.0   304   357    20    84    14   118 0.74 -
15573at50557_7237_0:00236c|STRG.2390.5:2589-2957|+     -            123 20997at50557         -            432     0.019   12.9   0.0   1   1   9.8e-05     0.023   12.6   0.0   304   357    20    84    14   118 0.74 -
15573at50557_7237_0:00236c|STRG.2390.6:1098-1466|+     -            123 20997at50557         -            432     0.019   12.9   0.0   1   1   9.8e-05     0.023   12.6   0.0   304   357    20    84    14   118 0.74 -
124154at50557_7536_0:001d04|STRG.5910.1:1767-1985|+    -             73 20997at50557         -            432      0.51    8.2   4.2   1   2     0.024       5.6    4.7   0.5    15    41    16    42    13    46 0.83 -
124154at50557_7536_0:001d04|STRG.5910.1:1767-1985|+    -             73 20997at50557         -            432      0.51    8.2   4.2   2   2     0.016       3.8    5.3   0.2    15    40    48    73    44    73 0.92 -
#
# Program:         hmmsearch
# Version:         3.4 (Aug 2023)
# Pipeline mode:   SEARCH
# Query file:      /home/justine/projet_tutore/busco_downloads/lineages/insecta_odb10/hmms/20997at50557.hmm
# Target file:     annotation_analysis/annotation_gca/T_cornetzi/busco_output/run_insecta_odb10/metaeuk_output/initial_results/assembled_transcripts.fasta.modified.fas
# Option settings: hmmsearch --domtblout annotation_analysis/annotation_gca/T_cornetzi/busco_output/run_insecta_odb10/hmmer_output/initial_run_results/20997at50557.out --cpu 1 /home/justine/projet_tutore/busco_downloads/lineages/insecta_odb10/hmms/20997at50557.hmm annotation_analysis/annotation_gca/T_cornetzi/busco_output/run_insecta_odb10/metaeuk_output/initial_results/assembled_transcripts.fasta.modified.fas 
# Current dir:     /home/justine/projet_tutore
# Date:            Sun Dec  1 22:16:04 2024
# [ok]
