#                                                                                                            --- full sequence --- -------------- this domain -------------   hmm coord   ali coord   env coord
# target name                                        accession   tlen query name           accession   qlen   E-value  score  bias   #  of  c-Evalue  i-Evalue  score  bias  from    to  from    to  from    to  acc description of target
#                                ------------------- ---------- ----- -------------------- ---------- ----- --------- ------ ----- --- --- --------- --------- ------ ----- ----- ----- ----- ----- ----- ----- ---- ---------------------
22096at50557_34720_0:000cb9|STRG.1421.1:337-3279|+   -            981 22096at50557         -            795         0 1042.2  24.7   1   3  3.2e-124  2.9e-121  405.1   6.8     3   289     6   326     4   339 0.89 -
22096at50557_34720_0:000cb9|STRG.1421.1:337-3279|+   -            981 22096at50557         -            795         0 1042.2  24.7   2   3  8.6e-193  7.7e-190  631.9   5.0   286   757   351   897   348   906 0.90 -
22096at50557_34720_0:000cb9|STRG.1421.1:337-3279|+   -            981 22096at50557         -            795         0 1042.2  24.7   3   3     5e-06    0.0045   14.2   0.2   752   795   922   975   913   975 0.81 -
22096at50557_34720_0:000cb9|STRG.1421.2:403-3345|+   -            981 22096at50557         -            795         0 1042.2  24.7   1   3  3.2e-124  2.9e-121  405.1   6.8     3   289     6   326     4   339 0.89 -
22096at50557_34720_0:000cb9|STRG.1421.2:403-3345|+   -            981 22096at50557         -            795         0 1042.2  24.7   2   3  8.6e-193  7.7e-190  631.9   5.0   286   757   351   897   348   906 0.90 -
22096at50557_34720_0:000cb9|STRG.1421.2:403-3345|+   -            981 22096at50557         -            795         0 1042.2  24.7   3   3     5e-06    0.0045   14.2   0.2   752   795   922   975   913   975 0.81 -
22096at50557_34720_0:000cb9|STRG.1421.3:258-3200|+   -            981 22096at50557         -            795         0 1042.2  24.7   1   3  3.2e-124  2.9e-121  405.1   6.8     3   289     6   326     4   339 0.89 -
22096at50557_34720_0:000cb9|STRG.1421.3:258-3200|+   -            981 22096at50557         -            795         0 1042.2  24.7   2   3  8.6e-193  7.7e-190  631.9   5.0   286   757   351   897   348   906 0.90 -
22096at50557_34720_0:000cb9|STRG.1421.3:258-3200|+   -            981 22096at50557         -            795         0 1042.2  24.7   3   3     5e-06    0.0045   14.2   0.2   752   795   922   975   913   975 0.81 -
22096at50557_34720_0:000cb9|STRG.1421.4:134-3076|+   -            981 22096at50557         -            795         0 1042.2  24.7   1   3  3.2e-124  2.9e-121  405.1   6.8     3   289     6   326     4   339 0.89 -
22096at50557_34720_0:000cb9|STRG.1421.4:134-3076|+   -            981 22096at50557         -            795         0 1042.2  24.7   2   3  8.6e-193  7.7e-190  631.9   5.0   286   757   351   897   348   906 0.90 -
22096at50557_34720_0:000cb9|STRG.1421.4:134-3076|+   -            981 22096at50557         -            795         0 1042.2  24.7   3   3     5e-06    0.0045   14.2   0.2   752   795   922   975   913   975 0.81 -
22096at50557_6973_0:002095|STRG.1421.5:27-1060|+     -            315 22096at50557         -            795     5e-50  169.5   5.6   1   2   1.2e-48   1.1e-45  155.2   1.3   555   758    10   232     6   241 0.86 -
22096at50557_6973_0:002095|STRG.1421.5:27-1060|+     -            315 22096at50557         -            795     5e-50  169.5   5.6   2   2   1.1e-06     0.001   16.3   0.2   752   795   256   309   247   309 0.81 -
22096at50557_62324_0:0016a0|STRG.5796.3:722-2302|+   -            527 22096at50557         -            795   5.5e-21   73.4   5.9   1   3   3.1e-17   2.8e-14   51.2   0.0     8   130    15   141     6   175 0.86 -
22096at50557_62324_0:0016a0|STRG.5796.3:722-2302|+   -            527 22096at50557         -            795   5.5e-21   73.4   5.9   2   3      0.31   2.8e+02   -1.7   0.0   498   530   238   270   215   280 0.76 -
22096at50557_62324_0:0016a0|STRG.5796.3:722-2302|+   -            527 22096at50557         -            795   5.5e-21   73.4   5.9   3   3   1.5e-08   1.3e-05   22.5   2.4   273   374   311   410   306   417 0.83 -
11161at50557_43151_0:0004de|STRG.6868.1:171-1559|+   -            463 22096at50557         -            795   2.6e-20   71.2   4.2   1   1   1.4e-22   1.2e-19   69.0   4.2     8   364    10   394     4   408 0.75 -
11161at50557_456900_0:002408|STRG.15775.1:149-3322|+ -           1058 22096at50557         -            795   4.3e-19   67.2  15.8   1   4   5.4e-20   4.9e-17   60.4   0.3    10   197    15   212     6   236 0.83 -
11161at50557_456900_0:002408|STRG.15775.1:149-3322|+ -           1058 22096at50557         -            795   4.3e-19   67.2  15.8   2   4    0.0003      0.27    8.3   5.2   243   503   289   558   260   591 0.68 -
11161at50557_456900_0:002408|STRG.15775.1:149-3322|+ -           1058 22096at50557         -            795   4.3e-19   67.2  15.8   3   4      0.36   3.2e+02   -1.9   0.1   233   273   609   648   563   671 0.73 -
11161at50557_456900_0:002408|STRG.15775.1:149-3322|+ -           1058 22096at50557         -            795   4.3e-19   67.2  15.8   4   4    0.0072       6.5    3.7   0.0   695   729   812   846   743   853 0.73 -
11161at50557_7394_0:000721|STRG.5796.1:875-1279|+    -            135 22096at50557         -            795   2.8e-10   38.0   0.0   1   1   3.3e-13   2.9e-10   37.9   0.0    47   140     3   103     1   124 0.83 -
#
# Program:         hmmsearch
# Version:         3.4 (Aug 2023)
# Pipeline mode:   SEARCH
# Query file:      /home/justine/projet_tutore/busco_downloads/lineages/insecta_odb10/hmms/22096at50557.hmm
# Target file:     annotation_analysis/annotation_gca/T_cornetzi/busco_output/run_insecta_odb10/metaeuk_output/initial_results/assembled_transcripts.fasta.modified.fas
# Option settings: hmmsearch --domtblout annotation_analysis/annotation_gca/T_cornetzi/busco_output/run_insecta_odb10/hmmer_output/initial_run_results/22096at50557.out --cpu 1 /home/justine/projet_tutore/busco_downloads/lineages/insecta_odb10/hmms/22096at50557.hmm annotation_analysis/annotation_gca/T_cornetzi/busco_output/run_insecta_odb10/metaeuk_output/initial_results/assembled_transcripts.fasta.modified.fas 
# Current dir:     /home/justine/projet_tutore
# Date:            Sun Dec  1 22:16:10 2024
# [ok]
