#                                                                                                             --- full sequence --- -------------- this domain -------------   hmm coord   ali coord   env coord
# target name                                         accession   tlen query name           accession   qlen   E-value  score  bias   #  of  c-Evalue  i-Evalue  score  bias  from    to  from    to  from    to  acc description of target
#                                 ------------------- ---------- ----- -------------------- ---------- ----- --------- ------ ----- --- --- --------- --------- ------ ----- ----- ----- ----- ----- ----- ----- ---- ---------------------
23366at50557_307658_0:000ba1|STRG.22741.3:1711-4206|+ -            832 23366at50557         -            544    1e-278  924.0  23.7   1   2  8.7e-102   1.2e-98  329.7   2.6     1   190    41   246    41   273 0.92 -
23366at50557_307658_0:000ba1|STRG.22741.3:1711-4206|+ -            832 23366at50557         -            544    1e-278  924.0  23.7   2   2  8.9e-182  1.2e-178  593.7  13.3   193   544   297   703   287   703 0.89 -
23366at50557_136037_0:0009ba|STRG.22416.1:336-2846|+  -            837 23366at50557         -            544   1.6e-55  187.3  24.5   1   3   1.2e-31   1.6e-28   98.2   2.2    22   185    70   244    46   248 0.89 -
23366at50557_136037_0:0009ba|STRG.22416.1:336-2846|+  -            837 23366at50557         -            544   1.6e-55  187.3  24.5   2   3   2.2e-10     3e-07   28.0   5.6   197   362   293   492   288   549 0.75 -
23366at50557_136037_0:0009ba|STRG.22416.1:336-2846|+  -            837 23366at50557         -            544   1.6e-55  187.3  24.5   3   3   5.2e-22   7.1e-19   66.4   1.2   375   544   660   837   646   837 0.86 -
23366at50557_136037_0:0009ba|STRG.22416.2:336-2873|+  -            846 23366at50557         -            544   2.1e-55  186.9  23.6   1   4   1.2e-31   1.6e-28   98.2   2.2    22   185    70   244    46   248 0.89 -
23366at50557_136037_0:0009ba|STRG.22416.2:336-2873|+  -            846 23366at50557         -            544   2.1e-55  186.9  23.6   2   4   0.00018      0.24    8.5   0.1   197   242   293   338   288   347 0.86 -
23366at50557_136037_0:0009ba|STRG.22416.2:336-2873|+  -            846 23366at50557         -            544   2.1e-55  186.9  23.6   3   4   7.3e-10   9.9e-07   26.3   1.5   275   362   415   501   357   559 0.82 -
23366at50557_136037_0:0009ba|STRG.22416.2:336-2873|+  -            846 23366at50557         -            544   2.1e-55  186.9  23.6   4   4   5.3e-22   7.2e-19   66.4   1.2   375   544   669   846   655   846 0.86 -
20640at50557_520822_0:0015a1|STRG.6761.2:0-2906|+     -            969 23366at50557         -            544   5.5e-12   43.6   0.7   1   3    0.0011       1.5    5.9   0.4     7   159    44   213    39   252 0.72 -
20640at50557_520822_0:0015a1|STRG.6761.2:0-2906|+     -            969 23366at50557         -            544   5.5e-12   43.6   0.7   2   3   6.2e-06    0.0084   13.3   0.1   306   374   558   627   534   678 0.77 -
20640at50557_520822_0:0015a1|STRG.6761.2:0-2906|+     -            969 23366at50557         -            544   5.5e-12   43.6   0.7   3   3   3.8e-08   5.2e-05   20.6   0.0   402   541   804   946   771   949 0.84 -
20640at50557_520822_0:0015a1|STRG.6761.1:197-3064|+   -            956 23366at50557         -            544   9.8e-12   42.8   1.6   1   3    0.0011       1.5    5.9   0.4     7   159    44   213    39   252 0.72 -
20640at50557_520822_0:0015a1|STRG.6761.1:197-3064|+   -            956 23366at50557         -            544   9.8e-12   42.8   1.6   2   3   6.1e-06    0.0083   13.4   0.1   306   374   558   627   534   678 0.77 -
20640at50557_520822_0:0015a1|STRG.6761.1:197-3064|+   -            956 23366at50557         -            544   9.8e-12   42.8   1.6   3   3   3.9e-08   5.3e-05   20.6   0.0   402   541   791   933   765   936 0.83 -
20640at50557_108931_0:003f1e|STRG.423.1:0-329|+       -            110 23366at50557         -            544   0.00014   19.2   0.0   1   1     1e-07   0.00014   19.2   0.0   406   508     5   108     1   110 0.84 -
#
# Program:         hmmsearch
# Version:         3.4 (Aug 2023)
# Pipeline mode:   SEARCH
# Query file:      /home/justine/projet_tutore/busco_downloads/lineages/insecta_odb10/hmms/23366at50557.hmm
# Target file:     annotation_analysis/annotation_gca/T_cornetzi/busco_output/run_insecta_odb10/metaeuk_output/initial_results/assembled_transcripts.fasta.modified.fas
# Option settings: hmmsearch --domtblout annotation_analysis/annotation_gca/T_cornetzi/busco_output/run_insecta_odb10/hmmer_output/initial_run_results/23366at50557.out --cpu 1 /home/justine/projet_tutore/busco_downloads/lineages/insecta_odb10/hmms/23366at50557.hmm annotation_analysis/annotation_gca/T_cornetzi/busco_output/run_insecta_odb10/metaeuk_output/initial_results/assembled_transcripts.fasta.modified.fas 
# Current dir:     /home/justine/projet_tutore
# Date:            Sun Dec  1 22:16:13 2024
# [ok]
