#                                                                                                             --- full sequence --- -------------- this domain -------------   hmm coord   ali coord   env coord
# target name                                         accession   tlen query name           accession   qlen   E-value  score  bias   #  of  c-Evalue  i-Evalue  score  bias  from    to  from    to  from    to  acc description of target
#                                 ------------------- ---------- ----- -------------------- ---------- ----- --------- ------ ----- --- --- --------- --------- ------ ----- ----- ----- ----- ----- ----- ----- ---- ---------------------
26432at50557_2015173_0:000a04|STRG.8721.5:277-1584|+  -            436 26432at50557         -            161   2.4e-99  329.1  29.4   1   2    0.0001     0.021   13.9   1.8    49    98     5    55     3    63 0.91 -
26432at50557_2015173_0:000a04|STRG.8721.5:277-1584|+  -            436 26432at50557         -            161   2.4e-99  329.1  29.4   2   2   4.6e-99   9.3e-97  320.6  20.1     1   161   270   436   270   436 0.98 -
26432at50557_2015173_0:000a04|STRG.8721.4:14-1816|+   -            601 26432at50557         -            161   5.2e-99  328.0  29.3   1   2   0.00014     0.028   13.5   1.7    49    98   234   284   231   292 0.91 -
26432at50557_2015173_0:000a04|STRG.8721.4:14-1816|+   -            601 26432at50557         -            161   5.2e-99  328.0  29.3   2   2   8.8e-99   1.8e-96  319.7  20.1     1   161   435   601   435   601 0.98 -
26432at50557_2015173_0:000a04|STRG.8721.2:379-2283|+  -            635 26432at50557         -            161   6.2e-99  327.7  29.3   1   2   0.00015      0.03   13.4   1.7    49    98   268   318   265   326 0.91 -
26432at50557_2015173_0:000a04|STRG.8721.2:379-2283|+  -            635 26432at50557         -            161   6.2e-99  327.7  29.3   2   2   9.8e-99     2e-96  319.6  20.1     1   161   469   635   469   635 0.98 -
26432at50557_34720_0:001f8e|STRG.8721.3:14-5767|+     -           1899 26432at50557         -            161   7.6e-98  324.2  28.9   1   2   0.00049     0.098   11.7   1.5    49    98   266   316   264   323 0.91 -
26432at50557_34720_0:001f8e|STRG.8721.3:14-5767|+     -           1899 26432at50557         -            161   7.6e-98  324.2  28.9   2   2   5.1e-98     1e-95  317.2  20.1     1   161  1733  1899  1733  1899 0.98 -
26432at50557_103372_0:00294c|STRG.8721.6:11-4489|+    -           1493 26432at50557         -            161   3.9e-96  318.6  20.1   1   1   3.7e-98   7.5e-96  317.7  20.1     1   161  1327  1493  1327  1493 0.98 -
40260at50557_315563_0:002def|STRG.9289.7:160-918|+    -            253 26432at50557         -            161   6.8e-22   77.3  31.1   1   3   2.3e-14   4.7e-12   45.3  12.1    50   145     1    97     1   112 0.91 -
40260at50557_315563_0:002def|STRG.9289.7:160-918|+    -            253 26432at50557         -            161   6.8e-22   77.3  31.1   2   3   1.3e-10   2.6e-08   33.1   3.8    50   112   142   205   138   217 0.87 -
40260at50557_315563_0:002def|STRG.9289.7:160-918|+    -            253 26432at50557         -            161   6.8e-22   77.3  31.1   3   3    0.0002     0.041   12.9   2.5    49    85   200   238   199   250 0.80 -
40260at50557_315563_0:002def|STRG.9289.9:160-918|+    -            253 26432at50557         -            161   6.8e-22   77.3  31.1   1   3   2.3e-14   4.7e-12   45.3  12.1    50   145     1    97     1   112 0.91 -
40260at50557_315563_0:002def|STRG.9289.9:160-918|+    -            253 26432at50557         -            161   6.8e-22   77.3  31.1   2   3   1.3e-10   2.6e-08   33.1   3.8    50   112   142   205   138   217 0.87 -
40260at50557_315563_0:002def|STRG.9289.9:160-918|+    -            253 26432at50557         -            161   6.8e-22   77.3  31.1   3   3    0.0002     0.041   12.9   2.5    49    85   200   238   199   250 0.80 -
40260at50557_77166_0:00128c|STRG.9289.2:160-918|+     -            253 26432at50557         -            161   6.8e-22   77.3  31.1   1   3   2.3e-14   4.7e-12   45.3  12.1    50   145     1    97     1   112 0.91 -
40260at50557_77166_0:00128c|STRG.9289.2:160-918|+     -            253 26432at50557         -            161   6.8e-22   77.3  31.1   2   3   1.3e-10   2.6e-08   33.1   3.8    50   112   142   205   138   217 0.87 -
40260at50557_77166_0:00128c|STRG.9289.2:160-918|+     -            253 26432at50557         -            161   6.8e-22   77.3  31.1   3   3    0.0002     0.041   12.9   2.5    49    85   200   238   199   250 0.80 -
40260at50557_77166_0:00128c|STRG.9289.5:160-918|+     -            253 26432at50557         -            161   6.8e-22   77.3  31.1   1   3   2.3e-14   4.7e-12   45.3  12.1    50   145     1    97     1   112 0.91 -
40260at50557_77166_0:00128c|STRG.9289.5:160-918|+     -            253 26432at50557         -            161   6.8e-22   77.3  31.1   2   3   1.3e-10   2.6e-08   33.1   3.8    50   112   142   205   138   217 0.87 -
40260at50557_77166_0:00128c|STRG.9289.5:160-918|+     -            253 26432at50557         -            161   6.8e-22   77.3  31.1   3   3    0.0002     0.041   12.9   2.5    49    85   200   238   199   250 0.80 -
40260at50557_315563_0:002def|STRG.9289.1:713-1453|+   -            247 26432at50557         -            161   2.8e-20   72.0  28.6   1   3   1.1e-12   2.2e-10   39.8   9.8    57   145     2    91     1   108 0.88 -
40260at50557_315563_0:002def|STRG.9289.1:713-1453|+   -            247 26432at50557         -            161   2.8e-20   72.0  28.6   2   3   1.2e-10   2.5e-08   33.1   3.8    50   112   136   199   132   211 0.87 -
40260at50557_315563_0:002def|STRG.9289.1:713-1453|+   -            247 26432at50557         -            161   2.8e-20   72.0  28.6   3   3    0.0002      0.04   13.0   2.5    49    85   194   232   193   244 0.80 -
40260at50557_315563_0:002def|STRG.9289.4:713-1453|+   -            247 26432at50557         -            161   2.8e-20   72.0  28.6   1   3   1.1e-12   2.2e-10   39.8   9.8    57   145     2    91     1   108 0.88 -
40260at50557_315563_0:002def|STRG.9289.4:713-1453|+   -            247 26432at50557         -            161   2.8e-20   72.0  28.6   2   3   1.2e-10   2.5e-08   33.1   3.8    50   112   136   199   132   211 0.87 -
40260at50557_315563_0:002def|STRG.9289.4:713-1453|+   -            247 26432at50557         -            161   2.8e-20   72.0  28.6   3   3    0.0002      0.04   13.0   2.5    49    85   194   232   193   244 0.80 -
40260at50557_315563_0:002def|STRG.9289.6:713-1453|+   -            247 26432at50557         -            161   2.8e-20   72.0  28.6   1   3   1.1e-12   2.2e-10   39.8   9.8    57   145     2    91     1   108 0.88 -
40260at50557_315563_0:002def|STRG.9289.6:713-1453|+   -            247 26432at50557         -            161   2.8e-20   72.0  28.6   2   3   1.2e-10   2.5e-08   33.1   3.8    50   112   136   199   132   211 0.87 -
40260at50557_315563_0:002def|STRG.9289.6:713-1453|+   -            247 26432at50557         -            161   2.8e-20   72.0  28.6   3   3    0.0002      0.04   13.0   2.5    49    85   194   232   193   244 0.80 -
40260at50557_315563_0:002def|STRG.9289.8:713-1453|+   -            247 26432at50557         -            161   2.8e-20   72.0  28.6   1   3   1.1e-12   2.2e-10   39.8   9.8    57   145     2    91     1   108 0.88 -
40260at50557_315563_0:002def|STRG.9289.8:713-1453|+   -            247 26432at50557         -            161   2.8e-20   72.0  28.6   2   3   1.2e-10   2.5e-08   33.1   3.8    50   112   136   199   132   211 0.87 -
40260at50557_315563_0:002def|STRG.9289.8:713-1453|+   -            247 26432at50557         -            161   2.8e-20   72.0  28.6   3   3    0.0002      0.04   13.0   2.5    49    85   194   232   193   244 0.80 -
26432at50557_6973_0:00651c|STRG.23844.1:259-813|+     -            185 26432at50557         -            161   7.9e-19   67.3  22.3   1   2   8.9e-08   1.8e-05   23.9   6.8    50   113     1    71     1    74 0.77 -
26432at50557_6973_0:00651c|STRG.23844.1:259-813|+     -            185 26432at50557         -            161   7.9e-19   67.3  22.3   2   2   5.8e-16   1.2e-13   50.5  10.3    42   138    58   162    53   185 0.82 -
26432at50557_178035_0:0024cb|STRG.23844.2:1506-2570|+ -            355 26432at50557         -            161   1.5e-18   66.4  23.8   1   2   1.5e-07   3.1e-05   23.1   9.5    45   112   167   241   144   242 0.79 -
26432at50557_178035_0:0024cb|STRG.23844.2:1506-2570|+ -            355 26432at50557         -            161   1.5e-18   66.4  23.8   2   2     3e-15   6.1e-13   48.1   9.9    43   137   230   331   225   354 0.85 -
26432at50557_6973_0:00651c|STRG.8498.1:549-1022|+     -            158 26432at50557         -            161   6.4e-17   61.1  22.3   1   1     5e-19     1e-16   60.4  22.3    11   159     2   156     1   158 0.92 -
26432at50557_6973_0:00651c|STRG.17409.1:1153-1761|+   -            203 26432at50557         -            161   1.2e-16   60.1  21.5   1   2   7.1e-10   1.4e-07   30.7   8.2    48   115    21    90    14    92 0.83 -
26432at50557_6973_0:00651c|STRG.17409.1:1153-1761|+   -            203 26432at50557         -            161   1.2e-16   60.1  21.5   2   2   1.8e-11   3.7e-09   35.8   9.3    47   137    80   177    77   202 0.84 -
26432at50557_6973_0:00651c|STRG.17409.2:963-1571|+    -            203 26432at50557         -            161   1.2e-16   60.1  21.5   1   2   7.1e-10   1.4e-07   30.7   8.2    48   115    21    90    14    92 0.83 -
26432at50557_6973_0:00651c|STRG.17409.2:963-1571|+    -            203 26432at50557         -            161   1.2e-16   60.1  21.5   2   2   1.8e-11   3.7e-09   35.8   9.3    47   137    80   177    77   202 0.84 -
26432at50557_1507135_0:0025ae|STRG.20819.2:126-677|+  -            184 26432at50557         -            161   1.1e-15   57.1  31.3   1   2     1e-13     2e-11   43.2  16.3    50   157    22   131     3   132 0.85 -
26432at50557_1507135_0:0025ae|STRG.20819.2:126-677|+  -            184 26432at50557         -            161   1.1e-15   57.1  31.3   2   2   1.3e-08   2.7e-06   26.6   7.0     2    79    92   177    91   183 0.86 -
26432at50557_52612_0:001d5b|STRG.20819.1:736-1290|+   -            185 26432at50557         -            161   9.5e-15   54.0  19.6   1   2     9e-11   1.8e-08   33.6   9.4     2   114    12   133    11   134 0.87 -
26432at50557_52612_0:001d5b|STRG.20819.1:736-1290|+   -            185 26432at50557         -            161   9.5e-15   54.0  19.6   2   2   1.6e-10   3.1e-08   32.8   2.5    32    98   116   184   105   185 0.93 -
26432at50557_29031_0:002738|STRG.11410.1:6-428|+      -            141 26432at50557         -            161   5.2e-12   45.1   9.8   1   1   4.2e-14   8.6e-12   44.4   9.8    24   156     3   141     1   141 0.83 -
26432at50557_1507135_0:0025ae|STRG.18997.3:115-438|+  -            108 26432at50557         -            161   4.9e-10   38.7  11.7   1   2   2.2e-08   4.5e-06   25.8   4.5    50   113     1    64     1    67 0.93 -
26432at50557_1507135_0:0025ae|STRG.18997.3:115-438|+  -            108 26432at50557         -            161   4.9e-10   38.7  11.7   2   2   2.7e-07   5.5e-05   22.3   2.7    46    96    55   108    51   108 0.81 -
26432at50557_1507135_0:0025ae|STRG.18997.2:139-483|+  -            115 26432at50557         -            161   7.8e-10   38.1  13.2   1   2   2.1e-08   4.3e-06   25.9   5.5    50   113     8    71     3    75 0.93 -
26432at50557_1507135_0:0025ae|STRG.18997.2:139-483|+  -            115 26432at50557         -            161   7.8e-10   38.1  13.2   2   2   4.2e-07   8.6e-05   21.7   2.9    46    96    62   115    59   115 0.81 -
26432at50557_1507135_0:0025ae|STRG.18997.4:139-483|+  -            115 26432at50557         -            161   7.8e-10   38.1  13.2   1   2   2.1e-08   4.3e-06   25.9   5.5    50   113     8    71     3    75 0.93 -
26432at50557_1507135_0:0025ae|STRG.18997.4:139-483|+  -            115 26432at50557         -            161   7.8e-10   38.1  13.2   2   2   4.2e-07   8.6e-05   21.7   2.9    46    96    62   115    59   115 0.81 -
26432at50557_1507135_0:0025ae|STRG.18997.1:193-570|+  -            126 26432at50557         -            161   9.4e-10   37.8  13.0   1   2   2.3e-08   4.6e-06   25.8   5.3    49   113    18    82    13    86 0.93 -
26432at50557_1507135_0:0025ae|STRG.18997.1:193-570|+  -            126 26432at50557         -            161   9.4e-10   37.8  13.0   2   2   4.9e-07    0.0001   21.5   3.0    46    96    73   126    69   126 0.81 -
40260at50557_7004_0:002f5a|STRG.5063.1:1758-2099|+    -            114 26432at50557         -            161   1.2e-09   37.5  12.8   1   1     6e-12   1.2e-09   37.4  12.8    68   149    21   105     1   114 0.81 -
40260at50557_7004_0:002f5a|STRG.5063.2:1758-2099|+    -            114 26432at50557         -            161   1.2e-09   37.5  12.8   1   1     6e-12   1.2e-09   37.4  12.8    68   149    21   105     1   114 0.81 -
40260at50557_121845_0:00039e|STRG.5063.3:1662-2099|+  -            146 26432at50557         -            161   1.2e-09   37.4  12.5   1   1   7.5e-12   1.5e-09   37.1  12.5    66   149    51   137    25   146 0.78 -
26432at50557_1507135_0:0025ae|STRG.16717.1:432-782|+  -            117 26432at50557         -            161     7e-09   35.0   4.6   1   1     4e-11     8e-09   34.8   4.6    61   157    13   116     1   117 0.85 -
26432at50557_1507135_0:0025ae|STRG.16717.2:420-770|+  -            117 26432at50557         -            161     7e-09   35.0   4.6   1   1     4e-11     8e-09   34.8   4.6    61   157    13   116     1   117 0.85 -
40260at50557_13249_0:002616|STRG.8467.1:327-527|+     -             67 26432at50557         -            161   0.00037   19.6   4.3   1   1   3.7e-06   0.00074   18.6   4.3    50   109     2    64     1    67 0.76 -
40260at50557_13249_0:002616|STRG.8467.2:242-442|+     -             67 26432at50557         -            161   0.00037   19.6   4.3   1   1   3.7e-06   0.00074   18.6   4.3    50   109     2    64     1    67 0.76 -
40260at50557_13249_0:002616|STRG.8467.3:327-527|+     -             67 26432at50557         -            161   0.00037   19.6   4.3   1   1   3.7e-06   0.00074   18.6   4.3    50   109     2    64     1    67 0.76 -
40260at50557_13249_0:002616|STRG.16840.1:1341-1553|+  -             71 26432at50557         -            161   0.00079   18.5   3.4   1   1   1.3e-05    0.0027   16.8   3.4    50   109     1    62     1    69 0.73 -
40260at50557_13249_0:002616|STRG.16840.2:1602-1814|+  -             71 26432at50557         -            161   0.00079   18.5   3.4   1   1   1.3e-05    0.0027   16.8   3.4    50   109     1    62     1    69 0.73 -
40260at50557_13249_0:002616|STRG.16840.4:1525-1737|+  -             71 26432at50557         -            161   0.00079   18.5   3.4   1   1   1.3e-05    0.0027   16.8   3.4    50   109     1    62     1    69 0.73 -
40260at50557_133901_0:000d2e|STRG.12795.1:77-289|+    -             71 26432at50557         -            161    0.0016   17.5   2.5   1   1   8.8e-06    0.0018   17.4   2.5    50   104     5    62     2    70 0.78 -
40260at50557_13249_0:002616|STRG.7555.1:24-245|-      -             74 26432at50557         -            161    0.0025   16.9   2.2   1   2   9.6e-05     0.019   14.0   0.4   108   145     1    38     1    44 0.85 -
40260at50557_13249_0:002616|STRG.7555.1:24-245|-      -             74 26432at50557         -            161    0.0025   16.9   2.2   2   2   0.00079      0.16   11.0   1.4    68   115    20    67    18    72 0.71 -
26432at50557_132113_0:002b60|STRG.8721.1:379-1683|+   -            435 26432at50557         -            161    0.0097   15.0   1.7   1   1   8.9e-05     0.018   14.1   1.7    49    98   268   318   265   326 0.91 -
40260at50557_13249_0:002616|STRG.7560.1:153-419|+     -             89 26432at50557         -            161     0.013   14.6   4.3   1   1   8.1e-05     0.016   14.2   4.3    50   111    11    74     3    84 0.80 -
#
# Program:         hmmsearch
# Version:         3.4 (Aug 2023)
# Pipeline mode:   SEARCH
# Query file:      /home/justine/projet_tutore/busco_downloads/lineages/insecta_odb10/hmms/26432at50557.hmm
# Target file:     annotation_analysis/annotation_gca/T_cornetzi/busco_output/run_insecta_odb10/metaeuk_output/initial_results/assembled_transcripts.fasta.modified.fas
# Option settings: hmmsearch --domtblout annotation_analysis/annotation_gca/T_cornetzi/busco_output/run_insecta_odb10/hmmer_output/initial_run_results/26432at50557.out --cpu 1 /home/justine/projet_tutore/busco_downloads/lineages/insecta_odb10/hmms/26432at50557.hmm annotation_analysis/annotation_gca/T_cornetzi/busco_output/run_insecta_odb10/metaeuk_output/initial_results/assembled_transcripts.fasta.modified.fas 
# Current dir:     /home/justine/projet_tutore
# Date:            Sun Dec  1 22:16:27 2024
# [ok]
