#                                                                                                             --- full sequence --- -------------- this domain -------------   hmm coord   ali coord   env coord
# target name                                         accession   tlen query name           accession   qlen   E-value  score  bias   #  of  c-Evalue  i-Evalue  score  bias  from    to  from    to  from    to  acc description of target
#                                 ------------------- ---------- ----- -------------------- ---------- ----- --------- ------ ----- --- --- --------- --------- ------ ----- ----- ----- ----- ----- ----- ----- ---- ---------------------
29657at50557_103372_0:0020ab|STRG.7050.1:84-2864|+    -            927 29657at50557         -            219  1.2e-105  351.2  36.5   1   2   9.6e-31   2.3e-28   98.6  11.2     1    60    11    69    11   109 0.75 -
29657at50557_103372_0:0020ab|STRG.7050.1:84-2864|+    -            927 29657at50557         -            219  1.2e-105  351.2  36.5   2   2   6.3e-79   1.5e-76  256.1  19.4    55   219   104   277    89   277 0.93 -
45419at50557_51655_0:002e4f|STRG.1828.1:3216-3467|+   -             84 29657at50557         -            219    0.0012   17.8   2.8   1   2   7.2e-05     0.018   14.0   1.2   118   170     6    67     1    68 0.68 -
45419at50557_51655_0:002e4f|STRG.1828.1:3216-3467|+   -             84 29657at50557         -            219    0.0012   17.8   2.8   2   2     0.014       3.5    6.4   0.4   118   140    62    84    53    84 0.75 -
28875at50557_520822_0:001662|STRG.21800.1:0-2045|+    -            682 29657at50557         -            219    0.0012   17.7   2.7   1   1   7.9e-06    0.0019   17.1   2.7     2    59   586   641   585   670 0.87 -
70122at50557_103372_0:0029b5|STRG.19348.3:270-1967|+  -            566 29657at50557         -            219    0.0031   16.4   2.1   1   1   3.3e-05     0.008   15.1   2.1   143   202   495   556   466   564 0.66 -
43508at50557_64793_0:0009c8|STRG.19942.2:206-1387|+   -            394 29657at50557         -            219    0.0033   16.3   4.3   1   1   3.1e-05    0.0075   15.2   4.3     2    55   129   181   128   190 0.83 -
39871at50557_7536_0:000d98|STRG.4693.2:210-557|+      -            116 29657at50557         -            219    0.0043   15.9   4.8   1   2   1.8e-05    0.0043   15.9   4.8   145   198    12    66     2    71 0.89 -
39871at50557_7536_0:000d98|STRG.4693.2:210-557|+      -            116 29657at50557         -            219    0.0043   15.9   4.8   2   2      0.62   1.5e+02    1.1   1.6   122   147    71    96    66   116 0.57 -
39871at50557_74873_0:00210c|STRG.20928.1:0-251|+      -             84 29657at50557         -            219    0.0044   15.9   9.8   1   2    0.0055       1.3    7.8   0.1   122   143     7    28     3    30 0.90 -
39871at50557_74873_0:00210c|STRG.20928.1:0-251|+      -             84 29657at50557         -            219    0.0044   15.9   9.8   2   2    0.0013      0.33    9.8   5.6   122   164    35    82    27    84 0.76 -
43508at50557_456900_0:00177a|STRG.19942.1:298-1953|+  -            552 29657at50557         -            219    0.0046   15.9   4.3   1   1   4.9e-05     0.012   14.5   4.3     2    55   287   339   286   348 0.83 -
102433at50557_197043_0:007171|STRG.5289.1:439-711|+   -             91 29657at50557         -            219    0.0046   15.9   2.4   1   1   2.6e-05    0.0063   15.4   2.4     2    47    39    84    38    90 0.92 -
45419at50557_51655_0:002e4f|STRG.6647.1:1077-1352|+   -             92 29657at50557         -            219    0.0094   14.8   5.5   1   2     0.074        18    4.1   0.1   115   142     9    36     2    39 0.79 -
45419at50557_51655_0:002e4f|STRG.6647.1:1077-1352|+   -             92 29657at50557         -            219    0.0094   14.8   5.5   2   2   0.00043      0.11   11.4   3.7   122   164    44    91    33    92 0.74 -
45419at50557_51655_0:002e4f|STRG.6647.2:828-1103|+    -             92 29657at50557         -            219    0.0094   14.8   5.5   1   2     0.074        18    4.1   0.1   115   142     9    36     2    39 0.79 -
45419at50557_51655_0:002e4f|STRG.6647.2:828-1103|+    -             92 29657at50557         -            219    0.0094   14.8   5.5   2   2   0.00043      0.11   11.4   3.7   122   164    44    91    33    92 0.74 -
45419at50557_51655_0:002e4f|STRG.6647.3:813-1088|+    -             92 29657at50557         -            219    0.0094   14.8   5.5   1   2     0.074        18    4.1   0.1   115   142     9    36     2    39 0.79 -
45419at50557_51655_0:002e4f|STRG.6647.3:813-1088|+    -             92 29657at50557         -            219    0.0094   14.8   5.5   2   2   0.00043      0.11   11.4   3.7   122   164    44    91    33    92 0.74 -
39871at50557_1155016_0:0008ce|STRG.6071.1:781-1068|+  -             96 29657at50557         -            219     0.011   14.6   9.5   1   1   0.00018     0.045   12.6   9.4   122   193     9    84     1    90 0.75 -
66842at50557_64793_0:0006b1|STRG.17679.2:459-1979|+   -            507 29657at50557         -            219     0.011   14.6  13.5   1   2   0.00011     0.028   13.3  10.9   108   197   116   209   104   213 0.84 -
66842at50557_64793_0:0006b1|STRG.17679.2:459-1979|+   -            507 29657at50557         -            219     0.011   14.6  13.5   2   2    0.0023      0.55    9.1   6.7   122   168   158   209   151   244 0.77 -
66842at50557_64793_0:0006b1|STRG.17679.3:370-1896|+   -            509 29657at50557         -            219     0.013   14.3  13.7   1   2   0.00011     0.027   13.3  10.8   108   197   118   211   106   215 0.84 -
66842at50557_64793_0:0006b1|STRG.17679.3:370-1896|+   -            509 29657at50557         -            219     0.013   14.3  13.7   2   2     0.004      0.97    8.3   7.8   122   168   160   211   150   246 0.77 -
66842at50557_64793_0:0006b1|STRG.17679.4:458-1984|+   -            509 29657at50557         -            219     0.013   14.3  13.7   1   2   0.00011     0.027   13.3  10.8   108   197   118   211   106   215 0.84 -
66842at50557_64793_0:0006b1|STRG.17679.4:458-1984|+   -            509 29657at50557         -            219     0.013   14.3  13.7   2   2     0.004      0.97    8.3   7.8   122   168   160   211   150   246 0.77 -
35806at50557_217634_0:001dec|STRG.4693.1:327-1268|+   -            314 29657at50557         -            219     0.014   14.3  41.7   1   6     0.043        11    4.9   1.4   120   142    62    84    40    87 0.83 -
35806at50557_217634_0:001dec|STRG.4693.1:327-1268|+   -            314 29657at50557         -            219     0.014   14.3  41.7   2   6      0.43     1e+02    1.6   0.9   118   142    91   115    85   142 0.73 -
35806at50557_217634_0:001dec|STRG.4693.1:327-1268|+   -            314 29657at50557         -            219     0.014   14.3  41.7   3   6     0.024       5.9    5.7   0.6   122   142   151   171   136   174 0.80 -
35806at50557_217634_0:001dec|STRG.4693.1:327-1268|+   -            314 29657at50557         -            219     0.014   14.3  41.7   4   6    0.0003     0.073   11.9   1.5   121   157   178   218   171   233 0.71 -
35806at50557_217634_0:001dec|STRG.4693.1:327-1268|+   -            314 29657at50557         -            219     0.014   14.3  41.7   5   6     0.036       8.9    5.1   0.9   122   143   236   257   228   285 0.66 -
35806at50557_217634_0:001dec|STRG.4693.1:327-1268|+   -            314 29657at50557         -            219     0.014   14.3  41.7   6   6    0.0039      0.96    8.3   1.5   111   144   279   314   259   314 0.76 -
35806at50557_217634_0:001dec|STRG.4693.3:132-1073|+   -            314 29657at50557         -            219     0.014   14.3  41.7   1   6     0.043        11    4.9   1.4   120   142    62    84    40    87 0.83 -
35806at50557_217634_0:001dec|STRG.4693.3:132-1073|+   -            314 29657at50557         -            219     0.014   14.3  41.7   2   6      0.43     1e+02    1.6   0.9   118   142    91   115    85   142 0.73 -
35806at50557_217634_0:001dec|STRG.4693.3:132-1073|+   -            314 29657at50557         -            219     0.014   14.3  41.7   3   6     0.024       5.9    5.7   0.6   122   142   151   171   136   174 0.80 -
35806at50557_217634_0:001dec|STRG.4693.3:132-1073|+   -            314 29657at50557         -            219     0.014   14.3  41.7   4   6    0.0003     0.073   11.9   1.5   121   157   178   218   171   233 0.71 -
35806at50557_217634_0:001dec|STRG.4693.3:132-1073|+   -            314 29657at50557         -            219     0.014   14.3  41.7   5   6     0.036       8.9    5.1   0.9   122   143   236   257   228   285 0.66 -
35806at50557_217634_0:001dec|STRG.4693.3:132-1073|+   -            314 29657at50557         -            219     0.014   14.3  41.7   6   6    0.0039      0.96    8.3   1.5   111   144   279   314   259   314 0.76 -
92708at50557_103372_0:0024fa|STRG.15498.2:0-1118|+    -            373 29657at50557         -            219     0.014   14.3   6.3   1   2     0.037         9    5.1   0.9   114   142   264   293   247   300 0.71 -
92708at50557_103372_0:0024fa|STRG.15498.2:0-1118|+    -            373 29657at50557         -            219     0.014   14.3   6.3   2   2   0.00027     0.067   12.0   3.8    94   143   278   322   276   337 0.77 -
66842at50557_64793_0:0006b1|STRG.17679.1:5-1576|+     -            524 29657at50557         -            219     0.016   14.1  13.8   1   2   0.00013     0.031   13.2  10.9   108   197   133   226   121   230 0.84 -
66842at50557_64793_0:0006b1|STRG.17679.1:5-1576|+     -            524 29657at50557         -            219     0.016   14.1  13.8   2   2    0.0045       1.1    8.1   7.9   122   168   175   226   165   261 0.77 -
45419at50557_51655_0:002e4f|STRG.9148.1:553-810|+     -             86 29657at50557         -            219     0.016   14.1   4.3   1   1    0.0054       1.3    7.8   0.4   121   141    66    86    56    86 0.80 -
45419at50557_51655_0:002e4f|STRG.9148.2:610-867|+     -             86 29657at50557         -            219     0.016   14.1   4.3   1   1    0.0054       1.3    7.8   0.4   121   141    66    86    56    86 0.80 -
92708at50557_103372_0:0024fa|STRG.15498.1:193-1365|+  -            391 29657at50557         -            219     0.019   13.9   6.6   1   2     0.041        10    5.0   1.2   114   142   282   311   252   318 0.74 -
92708at50557_103372_0:0024fa|STRG.15498.1:193-1365|+  -            391 29657at50557         -            219     0.019   13.9   6.6   2   2   0.00028     0.068   12.0   3.8    94   143   296   340   293   354 0.78 -
45419at50557_51655_0:002e4f|STRG.7445.1:1872-2183|+   -            104 29657at50557         -            219     0.022   13.6   4.3   1   1   0.00041       0.1   11.5   4.4   123   191     2    75     1    82 0.73 -
45419at50557_51655_0:002e4f|STRG.7445.2:801-1112|+    -            104 29657at50557         -            219     0.022   13.6   4.3   1   1   0.00041       0.1   11.5   4.4   123   191     2    75     1    82 0.73 -
92708at50557_378494_0:006da2|STRG.12427.1:1035-1301|+ -             89 29657at50557         -            219     0.031   13.2   6.0   1   3       1.3   3.2e+02    0.0   0.1   166   191     3    25     1    33 0.52 -
92708at50557_378494_0:006da2|STRG.12427.1:1035-1301|+ -             89 29657at50557         -            219     0.031   13.2   6.0   2   3    0.0071       1.7    7.4   0.3   123   142    37    58    13    65 0.82 -
92708at50557_378494_0:006da2|STRG.12427.1:1035-1301|+ -             89 29657at50557         -            219     0.031   13.2   6.0   3   3     0.003      0.74    8.6   0.5   120   141    64    85    56    88 0.79 -
45419at50557_51655_0:002e4f|STRG.19968.1:1148-1405|+  -             86 29657at50557         -            219     0.033   13.0   8.3   1   3     0.059        15    4.4   0.5   118   142     8    31     1    34 0.78 -
45419at50557_51655_0:002e4f|STRG.19968.1:1148-1405|+  -             86 29657at50557         -            219     0.033   13.0   8.3   2   3     0.016         4    6.2   0.2   122   140    39    57    29    61 0.80 -
45419at50557_51655_0:002e4f|STRG.19968.1:1148-1405|+  -             86 29657at50557         -            219     0.033   13.0   8.3   3   3    0.0072       1.8    7.4   0.2   121   141    66    86    58    86 0.85 -
45419at50557_51655_0:002e4f|STRG.19968.2:180-437|+    -             86 29657at50557         -            219     0.033   13.0   8.3   1   3     0.059        15    4.4   0.5   118   142     8    31     1    34 0.78 -
45419at50557_51655_0:002e4f|STRG.19968.2:180-437|+    -             86 29657at50557         -            219     0.033   13.0   8.3   2   3     0.016         4    6.2   0.2   122   140    39    57    29    61 0.80 -
45419at50557_51655_0:002e4f|STRG.19968.2:180-437|+    -             86 29657at50557         -            219     0.033   13.0   8.3   3   3    0.0072       1.8    7.4   0.2   121   141    66    86    58    86 0.85 -
14133at50557_79782_0:000bbe|STRG.17634.1:1004-2287|+  -            428 29657at50557         -            219      0.04   12.8  50.2   1   5    0.0087       2.1    7.1   4.3   121   197    39   124    19   129 0.73 -
14133at50557_79782_0:000bbe|STRG.17634.1:1004-2287|+  -            428 29657at50557         -            219      0.04   12.8  50.2   2   5    0.0076       1.9    7.3   3.0   113   153   131   175   120   192 0.67 -
14133at50557_79782_0:000bbe|STRG.17634.1:1004-2287|+  -            428 29657at50557         -            219      0.04   12.8  50.2   3   5      0.58   1.4e+02    1.2   7.0    56   163   173   281   161   295 0.60 -
14133at50557_79782_0:000bbe|STRG.17634.1:1004-2287|+  -            428 29657at50557         -            219      0.04   12.8  50.2   4   5    0.0013      0.33    9.8   4.3    61   144   244   341   242   344 0.52 -
14133at50557_79782_0:000bbe|STRG.17634.1:1004-2287|+  -            428 29657at50557         -            219      0.04   12.8  50.2   5   5    0.0064       1.6    7.6   8.9   122   197   348   427   342   428 0.78 -
14133at50557_79782_0:000bbe|STRG.17634.2:867-2150|+   -            428 29657at50557         -            219      0.04   12.8  50.2   1   5    0.0087       2.1    7.1   4.3   121   197    39   124    19   129 0.73 -
14133at50557_79782_0:000bbe|STRG.17634.2:867-2150|+   -            428 29657at50557         -            219      0.04   12.8  50.2   2   5    0.0076       1.9    7.3   3.0   113   153   131   175   120   192 0.67 -
14133at50557_79782_0:000bbe|STRG.17634.2:867-2150|+   -            428 29657at50557         -            219      0.04   12.8  50.2   3   5      0.58   1.4e+02    1.2   7.0    56   163   173   281   161   295 0.60 -
14133at50557_79782_0:000bbe|STRG.17634.2:867-2150|+   -            428 29657at50557         -            219      0.04   12.8  50.2   4   5    0.0013      0.33    9.8   4.3    61   144   244   341   242   344 0.52 -
14133at50557_79782_0:000bbe|STRG.17634.2:867-2150|+   -            428 29657at50557         -            219      0.04   12.8  50.2   5   5    0.0064       1.6    7.6   8.9   122   197   348   427   342   428 0.78 -
102433at50557_43151_0:0014de|STRG.6041.1:275-805|+    -            177 29657at50557         -            219      0.11   11.3   1.7   1   1   0.00063      0.15   10.9   1.7     3    52    25    75    23    86 0.86 -
102433at50557_43151_0:0014de|STRG.6041.2:21-551|+     -            177 29657at50557         -            219      0.11   11.3   1.7   1   1   0.00063      0.15   10.9   1.7     3    52    25    75    23    86 0.86 -
91691at50557_224129_0:0018bf|STRG.9566.1:192-956|+    -            255 29657at50557         -            219       1.1    8.1   5.4   1   1    0.0063       1.5    7.6   5.4     3    47    14    56    12    83 0.87 -
#
# Program:         hmmsearch
# Version:         3.4 (Aug 2023)
# Pipeline mode:   SEARCH
# Query file:      /home/justine/projet_tutore/busco_downloads/lineages/insecta_odb10/hmms/29657at50557.hmm
# Target file:     annotation_analysis/annotation_gca/T_cornetzi/busco_output/run_insecta_odb10/metaeuk_output/initial_results/assembled_transcripts.fasta.modified.fas
# Option settings: hmmsearch --domtblout annotation_analysis/annotation_gca/T_cornetzi/busco_output/run_insecta_odb10/hmmer_output/initial_run_results/29657at50557.out --cpu 1 /home/justine/projet_tutore/busco_downloads/lineages/insecta_odb10/hmms/29657at50557.hmm annotation_analysis/annotation_gca/T_cornetzi/busco_output/run_insecta_odb10/metaeuk_output/initial_results/assembled_transcripts.fasta.modified.fas 
# Current dir:     /home/justine/projet_tutore
# Date:            Sun Dec  1 22:16:39 2024
# [ok]
