#                                                                                                          --- full sequence --- -------------- this domain -------------   hmm coord   ali coord   env coord
# target name                                      accession   tlen query name           accession   qlen   E-value  score  bias   #  of  c-Evalue  i-Evalue  score  bias  from    to  from    to  from    to  acc description of target
#                              ------------------- ---------- ----- -------------------- ---------- ----- --------- ------ ----- --- --- --------- --------- ------ ----- ----- ----- ----- ----- ----- ----- ---- ---------------------
29957at50557_34720_0:000f52|STRG.9881.3:95-2116|+  -            674 29957at50557         -            521  2.3e-263  873.2  18.2   1   3    0.0012       1.6    5.9   0.3     2    22    49    69    48    78 0.90 -
29957at50557_34720_0:000f52|STRG.9881.3:95-2116|+  -            674 29957at50557         -            521  2.3e-263  873.2  18.2   2   3   1.5e-17   2.1e-14   51.7   0.0    17    89    90   183    84   190 0.82 -
29957at50557_34720_0:000f52|STRG.9881.3:95-2116|+  -            674 29957at50557         -            521  2.3e-263  873.2  18.2   3   3  7.6e-250    1e-246  818.3  10.6    85   521   202   674   195   674 0.95 -
29957at50557_34720_0:000f52|STRG.9881.1:121-1959|+ -            613 29957at50557         -            521  4.6e-235  779.8  14.1   1   3    0.0011       1.4    6.0   0.3     2    22    49    69    48    78 0.90 -
29957at50557_34720_0:000f52|STRG.9881.1:121-1959|+ -            613 29957at50557         -            521  4.6e-235  779.8  14.1   2   3   1.4e-17   1.8e-14   51.9   0.0    17    89    90   183    84   189 0.81 -
29957at50557_34720_0:000f52|STRG.9881.1:121-1959|+ -            613 29957at50557         -            521  4.6e-235  779.8  14.1   3   3  2.7e-221  3.6e-218  724.1   6.9    85   465   202   613   195   613 0.96 -
29957at50557_34720_0:000f52|STRG.9881.2:121-1959|+ -            613 29957at50557         -            521  4.6e-235  779.8  14.1   1   3    0.0011       1.4    6.0   0.3     2    22    49    69    48    78 0.90 -
29957at50557_34720_0:000f52|STRG.9881.2:121-1959|+ -            613 29957at50557         -            521  4.6e-235  779.8  14.1   2   3   1.4e-17   1.8e-14   51.9   0.0    17    89    90   183    84   189 0.81 -
29957at50557_34720_0:000f52|STRG.9881.2:121-1959|+ -            613 29957at50557         -            521  4.6e-235  779.8  14.1   3   3  2.7e-221  3.6e-218  724.1   6.9    85   465   202   613   195   613 0.96 -
107632at50557_34720_0:00262f|STRG.9363.2:2-1291|+  -            430 29957at50557         -            521   1.2e-48  164.7   6.0   1   1   1.1e-51   1.5e-48  164.4   6.0    50   404    59   426    31   429 0.80 -
107632at50557_34720_0:00262f|STRG.9363.1:0-1148|+  -            383 29957at50557         -            521   1.2e-34  118.5   6.1   1   1   1.1e-37   1.4e-34  118.2   6.1   158   521     4   383     2   383 0.84 -
74150at50557_34720_0:00008a|STRG.20251.1:0-1316|+  -            439 29957at50557         -            521    0.0086   13.4   0.4   1   2      0.36   4.8e+02   -2.3   0.0   216   216   243   243   193   317 0.56 -
74150at50557_34720_0:00008a|STRG.20251.1:0-1316|+  -            439 29957at50557         -            521    0.0086   13.4   0.4   2   2   6.4e-06    0.0086   13.4   0.4   433   521   341   439   332   439 0.75 -
#
# Program:         hmmsearch
# Version:         3.4 (Aug 2023)
# Pipeline mode:   SEARCH
# Query file:      /home/justine/projet_tutore/busco_downloads/lineages/insecta_odb10/hmms/29957at50557.hmm
# Target file:     annotation_analysis/annotation_gca/T_cornetzi/busco_output/run_insecta_odb10/metaeuk_output/initial_results/assembled_transcripts.fasta.modified.fas
# Option settings: hmmsearch --domtblout annotation_analysis/annotation_gca/T_cornetzi/busco_output/run_insecta_odb10/hmmer_output/initial_run_results/29957at50557.out --cpu 1 /home/justine/projet_tutore/busco_downloads/lineages/insecta_odb10/hmms/29957at50557.hmm annotation_analysis/annotation_gca/T_cornetzi/busco_output/run_insecta_odb10/metaeuk_output/initial_results/assembled_transcripts.fasta.modified.fas 
# Current dir:     /home/justine/projet_tutore
# Date:            Sun Dec  1 22:16:39 2024
# [ok]
