#                                                                                                           --- full sequence --- -------------- this domain -------------   hmm coord   ali coord   env coord
# target name                                       accession   tlen query name           accession   qlen   E-value  score  bias   #  of  c-Evalue  i-Evalue  score  bias  from    to  from    to  from    to  acc description of target
#                               ------------------- ---------- ----- -------------------- ---------- ----- --------- ------ ----- --- --- --------- --------- ------ ----- ----- ----- ----- ----- ----- ----- ---- ---------------------
31645at50557_103372_0:000c6b|STRG.2013.4:18-1787|+  -            590 31645at50557         -            492  3.6e-258  855.7   3.9   1   3   4.3e-69     7e-66  221.4   0.2     1   147     3   161     3   169 0.93 -
31645at50557_103372_0:000c6b|STRG.2013.4:18-1787|+  -            590 31645at50557         -            492  3.6e-258  855.7   3.9   2   3  1.2e-172    2e-169  562.9   0.1   135   437   170   505   164   513 0.93 -
31645at50557_103372_0:000c6b|STRG.2013.4:18-1787|+  -            590 31645at50557         -            492  3.6e-258  855.7   3.9   3   3   1.1e-23   1.8e-20   71.7   0.0   433   492   526   590   516   590 0.91 -
31645at50557_103372_0:000c6b|STRG.2013.1:182-1994|+ -            593 31645at50557         -            492  3.7e-258  855.6   3.9   1   3   4.3e-69     7e-66  221.4   0.2     1   147     6   164     6   172 0.93 -
31645at50557_103372_0:000c6b|STRG.2013.1:182-1994|+ -            593 31645at50557         -            492  3.7e-258  855.6   3.9   2   3  1.3e-172    2e-169  562.9   0.1   135   437   173   508   167   516 0.93 -
31645at50557_103372_0:000c6b|STRG.2013.1:182-1994|+ -            593 31645at50557         -            492  3.7e-258  855.6   3.9   3   3   1.1e-23   1.8e-20   71.7   0.0   433   492   529   593   519   593 0.91 -
31645at50557_103372_0:000c6b|STRG.2013.2:182-1960|+ -            593 31645at50557         -            492  3.7e-258  855.6   3.9   1   3   4.3e-69     7e-66  221.4   0.2     1   147     6   164     6   172 0.93 -
31645at50557_103372_0:000c6b|STRG.2013.2:182-1960|+ -            593 31645at50557         -            492  3.7e-258  855.6   3.9   2   3  1.3e-172    2e-169  562.9   0.1   135   437   173   508   167   516 0.93 -
31645at50557_103372_0:000c6b|STRG.2013.2:182-1960|+ -            593 31645at50557         -            492  3.7e-258  855.6   3.9   3   3   1.1e-23   1.8e-20   71.7   0.0   433   492   529   593   519   593 0.91 -
31645at50557_103372_0:000c6b|STRG.2013.5:742-2512|+ -            579 31645at50557         -            492    2e-251  833.4   3.8   1   3     3e-62   4.9e-59  198.8   0.2    14   147     5   150     3   158 0.91 -
31645at50557_103372_0:000c6b|STRG.2013.5:742-2512|+ -            579 31645at50557         -            492    2e-251  833.4   3.8   2   3  1.2e-172  1.9e-169  563.0   0.1   135   437   159   494   153   502 0.93 -
31645at50557_103372_0:000c6b|STRG.2013.5:742-2512|+ -            579 31645at50557         -            492    2e-251  833.4   3.8   3   3   1.1e-23   1.7e-20   71.7   0.0   433   492   515   579   505   579 0.91 -
31645at50557_103372_0:000c6b|STRG.2013.3:761-2585|+ -            554 31645at50557         -            492  2.5e-243  806.7   4.6   1   3   2.6e-54   4.1e-51  172.7   0.3    33   148     1   126     1   133 0.92 -
31645at50557_103372_0:000c6b|STRG.2013.3:761-2585|+ -            554 31645at50557         -            492  2.5e-243  806.7   4.6   2   3  1.1e-172  1.7e-169  563.1   0.1   135   437   134   469   129   477 0.93 -
31645at50557_103372_0:000c6b|STRG.2013.3:761-2585|+ -            554 31645at50557         -            492  2.5e-243  806.7   4.6   3   3     1e-23   1.6e-20   71.8   0.0   433   492   490   554   480   554 0.91 -
#
# Program:         hmmsearch
# Version:         3.4 (Aug 2023)
# Pipeline mode:   SEARCH
# Query file:      /home/justine/projet_tutore/busco_downloads/lineages/insecta_odb10/hmms/31645at50557.hmm
# Target file:     annotation_analysis/annotation_gca/T_cornetzi/busco_output/run_insecta_odb10/metaeuk_output/initial_results/assembled_transcripts.fasta.modified.fas
# Option settings: hmmsearch --domtblout annotation_analysis/annotation_gca/T_cornetzi/busco_output/run_insecta_odb10/hmmer_output/initial_run_results/31645at50557.out --cpu 1 /home/justine/projet_tutore/busco_downloads/lineages/insecta_odb10/hmms/31645at50557.hmm annotation_analysis/annotation_gca/T_cornetzi/busco_output/run_insecta_odb10/metaeuk_output/initial_results/assembled_transcripts.fasta.modified.fas 
# Current dir:     /home/justine/projet_tutore
# Date:            Sun Dec  1 22:16:46 2024
# [ok]
