#                                                                                                             --- full sequence --- -------------- this domain -------------   hmm coord   ali coord   env coord
# target name                                         accession   tlen query name           accession   qlen   E-value  score  bias   #  of  c-Evalue  i-Evalue  score  bias  from    to  from    to  from    to  acc description of target
#                                 ------------------- ---------- ----- -------------------- ---------- ----- --------- ------ ----- --- --- --------- --------- ------ ----- ----- ----- ----- ----- ----- ----- ---- ---------------------
32224at50557_103372_0:000046|STRG.18261.1:0-1574|+    -            525 32224at50557         -            413    1e-211  701.9  22.0   1   2   2.5e-73   4.6e-71  238.7   4.7    54   167    45   158    41   169 0.96 -
32224at50557_103372_0:000046|STRG.18261.1:0-1574|+    -            525 32224at50557         -            413    1e-211  701.9  22.0   2   2  1.1e-142    2e-140  467.1   9.4   160   413   240   522   236   522 0.93 -
30308at50557_456900_0:0004aa|STRG.19615.1:162-3143|+  -            994 32224at50557         -            413   1.7e-44  151.2  10.8   1   2   2.4e-30   4.4e-28   97.1   3.1    64   146   533   615   521   624 0.93 -
30308at50557_456900_0:0004aa|STRG.19615.1:162-3143|+  -            994 32224at50557         -            413   1.7e-44  151.2  10.8   2   2   7.2e-18   1.3e-15   56.0   0.9   230   394   799   962   791   968 0.82 -
30308at50557_1629725_0:00102c|STRG.3683.2:5489-6931|+ -            481 32224at50557         -            413   6.1e-44  149.3  15.5   1   2   2.7e-39   4.9e-37  126.6   3.5    63   151    32   121    19   141 0.91 -
30308at50557_1629725_0:00102c|STRG.3683.2:5489-6931|+ -            481 32224at50557         -            413   6.1e-44  149.3  15.5   2   2   9.3e-09   1.7e-06   26.0   4.1   228   404   286   463   274   467 0.75 -
41390at50557_224129_0:001af6|STRG.22603.1:324-1256|+  -            311 32224at50557         -            413   5.8e-35  119.7  13.4   1   2   1.8e-26   3.2e-24   84.4   8.9    65   142     2    79     1    89 0.95 -
41390at50557_224129_0:001af6|STRG.22603.1:324-1256|+  -            311 32224at50557         -            413   5.8e-35  119.7  13.4   2   2   2.7e-11   4.9e-09   34.3   0.1   232   406   121   295   112   300 0.65 -
30308at50557_7536_0:001a28|STRG.4621.1:351-1361|+     -            337 32224at50557         -            413   1.1e-29  102.4   9.4   1   2   3.8e-29     7e-27   93.1   3.9    57   146     9    99     2   104 0.92 -
30308at50557_7536_0:001a28|STRG.4621.1:351-1361|+     -            337 32224at50557         -            413   1.1e-29  102.4   9.4   2   2   0.00044     0.082   10.6   0.3   243   285   159   200   141   273 0.68 -
30308at50557_7038_0:0029d0|STRG.4621.2:403-1590|+     -            396 32224at50557         -            413   1.3e-29  102.1   9.1   1   2   3.1e-29   5.6e-27   93.4   3.5    56   146    58   149    42   153 0.91 -
30308at50557_7038_0:0029d0|STRG.4621.2:403-1590|+     -            396 32224at50557         -            413   1.3e-29  102.1   9.1   2   2   0.00057       0.1   10.2   0.3   243   285   218   259   197   333 0.69 -
30308at50557_7038_0:0029d0|STRG.4621.3:201-1388|+     -            396 32224at50557         -            413   1.3e-29  102.1   9.1   1   2   3.1e-29   5.6e-27   93.4   3.5    56   146    58   149    42   153 0.91 -
30308at50557_7038_0:0029d0|STRG.4621.3:201-1388|+     -            396 32224at50557         -            413   1.3e-29  102.1   9.1   2   2   0.00057       0.1   10.2   0.3   243   285   218   259   197   333 0.69 -
84269at50557_156304_0:001360|STRG.20303.2:282-1734|+  -            480 32224at50557         -            413   6.4e-29   99.9   2.8   1   2   4.5e-27   8.3e-25   86.3   1.2    63   143   105   185    77   195 0.89 -
84269at50557_156304_0:001360|STRG.20303.2:282-1734|+  -            480 32224at50557         -            413   6.4e-29   99.9   2.8   2   2     8e-05     0.015   13.0   0.0   243   394   285   438   275   453 0.67 -
84269at50557_156304_0:001360|STRG.20303.3:160-1612|+  -            480 32224at50557         -            413   6.4e-29   99.9   2.8   1   2   4.5e-27   8.3e-25   86.3   1.2    63   143   105   185    77   195 0.89 -
84269at50557_156304_0:001360|STRG.20303.3:160-1612|+  -            480 32224at50557         -            413   6.4e-29   99.9   2.8   2   2     8e-05     0.015   13.0   0.0   243   394   285   438   275   453 0.67 -
84269at50557_156304_0:001360|STRG.20303.5:319-1771|+  -            480 32224at50557         -            413   6.4e-29   99.9   2.8   1   2   4.5e-27   8.3e-25   86.3   1.2    63   143   105   185    77   195 0.89 -
84269at50557_156304_0:001360|STRG.20303.5:319-1771|+  -            480 32224at50557         -            413   6.4e-29   99.9   2.8   2   2     8e-05     0.015   13.0   0.0   243   394   285   438   275   453 0.67 -
84269at50557_156304_0:001360|STRG.20303.4:291-1869|+  -            522 32224at50557         -            413   8.6e-29   99.4   2.8   1   2   5.2e-27   9.5e-25   86.1   1.3    63   143   147   227   119   237 0.89 -
84269at50557_156304_0:001360|STRG.20303.4:291-1869|+  -            522 32224at50557         -            413   8.6e-29   99.4   2.8   2   2   9.4e-05     0.017   12.8   0.0   243   394   327   480   317   495 0.67 -
84269at50557_156304_0:001360|STRG.20303.6:327-1905|+  -            522 32224at50557         -            413   8.6e-29   99.4   2.8   1   2   5.2e-27   9.5e-25   86.1   1.3    63   143   147   227   119   237 0.89 -
84269at50557_156304_0:001360|STRG.20303.6:327-1905|+  -            522 32224at50557         -            413   8.6e-29   99.4   2.8   2   2   9.4e-05     0.017   12.8   0.0   243   394   327   480   317   495 0.67 -
41390at50557_34720_0:001bf7|STRG.20303.7:0-1637|+     -            546 32224at50557         -            413   9.4e-29   99.3   2.8   1   2   5.5e-27     1e-24   86.0   1.3    63   143   147   227   119   237 0.89 -
41390at50557_34720_0:001bf7|STRG.20303.7:0-1637|+     -            546 32224at50557         -            413   9.4e-29   99.3   2.8   2   2    0.0001     0.019   12.7   0.0   243   394   351   504   341   519 0.67 -
41390at50557_34720_0:001bf7|STRG.20303.1:97-1806|+    -            570 32224at50557         -            413   1.1e-28   99.1   2.9   1   2   5.9e-27   1.1e-24   85.9   1.3    63   143   171   251   143   261 0.89 -
41390at50557_34720_0:001bf7|STRG.20303.1:97-1806|+    -            570 32224at50557         -            413   1.1e-28   99.1   2.9   2   2   0.00011      0.02   12.6   0.0   243   394   375   528   365   543 0.67 -
41272at50557_520822_0:0018b8|STRG.23897.1:16-2427|+   -            804 32224at50557         -            413   6.2e-27   93.3   8.6   1   2   4.9e-28     9e-26   89.5   5.0    63   144   468   549   460   553 0.96 -
41272at50557_520822_0:0018b8|STRG.23897.1:16-2427|+   -            804 32224at50557         -            413   6.2e-27   93.3   8.6   2   2     0.022       4.1    5.0   0.1   356   407   729   783   666   786 0.78 -
41272at50557_123851_0:00161e|STRG.5235.1:64-1359|+    -            432 32224at50557         -            413   1.1e-25   89.2   2.8   1   1   1.2e-27   2.3e-25   88.2   2.8    63   142    15    94     2   102 0.92 -
41272at50557_123851_0:00161e|STRG.5235.2:64-1359|+    -            432 32224at50557         -            413   1.1e-25   89.2   2.8   1   1   1.2e-27   2.3e-25   88.2   2.8    63   142    15    94     2   102 0.92 -
61616at50557_45779_0:001426|STRG.1452.1:1-930|+       -            310 32224at50557         -            413   6.2e-24   83.4   4.8   1   3   1.2e-15   2.1e-13   48.7   1.4    84   143     1    60     1    65 0.96 -
61616at50557_45779_0:001426|STRG.1452.1:1-930|+       -            310 32224at50557         -            413   6.2e-24   83.4   4.8   2   3   1.6e-05     0.003   15.3   0.0   233   281   121   169   114   175 0.93 -
61616at50557_45779_0:001426|STRG.1452.1:1-930|+       -            310 32224at50557         -            413   6.2e-24   83.4   4.8   3   3   1.2e-06   0.00023   19.0   0.1   340   409   217   298   196   301 0.79 -
41390at50557_224129_0:001af6|STRG.14327.1:504-1514|+  -            337 32224at50557         -            413   1.3e-23   82.4   9.6   1   2   3.9e-25   7.2e-23   79.9   5.9    63   145     3    86     1   129 0.91 -
41390at50557_224129_0:001af6|STRG.14327.1:504-1514|+  -            337 32224at50557         -            413   1.3e-23   82.4   9.6   2   2      0.04       7.4    4.1   0.1   358   394   298   335   292   337 0.79 -
41390at50557_224129_0:001af6|STRG.14327.2:820-1830|+  -            337 32224at50557         -            413   1.3e-23   82.4   9.6   1   2   3.9e-25   7.2e-23   79.9   5.9    63   145     3    86     1   129 0.91 -
41390at50557_224129_0:001af6|STRG.14327.2:820-1830|+  -            337 32224at50557         -            413   1.3e-23   82.4   9.6   2   2      0.04       7.4    4.1   0.1   358   394   298   335   292   337 0.79 -
41390at50557_224129_0:001af6|STRG.14327.3:1857-2867|+ -            337 32224at50557         -            413   1.3e-23   82.4   9.6   1   2   3.9e-25   7.2e-23   79.9   5.9    63   145     3    86     1   129 0.91 -
41390at50557_224129_0:001af6|STRG.14327.3:1857-2867|+ -            337 32224at50557         -            413   1.3e-23   82.4   9.6   2   2      0.04       7.4    4.1   0.1   358   394   298   335   292   337 0.79 -
41390at50557_224129_0:001af6|STRG.14327.4:1903-2913|+ -            337 32224at50557         -            413   1.3e-23   82.4   9.6   1   2   3.9e-25   7.2e-23   79.9   5.9    63   145     3    86     1   129 0.91 -
41390at50557_224129_0:001af6|STRG.14327.4:1903-2913|+ -            337 32224at50557         -            413   1.3e-23   82.4   9.6   2   2      0.04       7.4    4.1   0.1   358   394   298   335   292   337 0.79 -
41390at50557_224129_0:001af6|STRG.7048.2:534-1553|+   -            340 32224at50557         -            413     1e-21   76.1  11.2   1   2   1.3e-22   2.4e-20   71.6  10.2    64   139     2    77     1    87 0.95 -
41390at50557_224129_0:001af6|STRG.7048.2:534-1553|+   -            340 32224at50557         -            413     1e-21   76.1  11.2   2   2     0.069        13    3.3   0.0   329   407   232   322   215   327 0.64 -
41390at50557_224129_0:001af6|STRG.7048.3:1412-2431|+  -            340 32224at50557         -            413     1e-21   76.1  11.2   1   2   1.3e-22   2.4e-20   71.6  10.2    64   139     2    77     1    87 0.95 -
41390at50557_224129_0:001af6|STRG.7048.3:1412-2431|+  -            340 32224at50557         -            413     1e-21   76.1  11.2   2   2     0.069        13    3.3   0.0   329   407   232   322   215   327 0.64 -
41390at50557_224129_0:001af6|STRG.7048.4:359-1378|+   -            340 32224at50557         -            413     1e-21   76.1  11.2   1   2   1.3e-22   2.4e-20   71.6  10.2    64   139     2    77     1    87 0.95 -
41390at50557_224129_0:001af6|STRG.7048.4:359-1378|+   -            340 32224at50557         -            413     1e-21   76.1  11.2   2   2     0.069        13    3.3   0.0   329   407   232   322   215   327 0.64 -
41390at50557_224129_0:001af6|STRG.7048.5:750-1769|+   -            340 32224at50557         -            413     1e-21   76.1  11.2   1   2   1.3e-22   2.4e-20   71.6  10.2    64   139     2    77     1    87 0.95 -
41390at50557_224129_0:001af6|STRG.7048.5:750-1769|+   -            340 32224at50557         -            413     1e-21   76.1  11.2   2   2     0.069        13    3.3   0.0   329   407   232   322   215   327 0.64 -
61616at50557_7070_0:00224e|STRG.1452.2:1-939|+        -            313 32224at50557         -            413   1.2e-21   75.9   5.2   1   3     2e-13   3.6e-11   41.4   1.8    84   134     1    51     1    66 0.87 -
61616at50557_7070_0:00224e|STRG.1452.2:1-939|+        -            313 32224at50557         -            413   1.2e-21   75.9   5.2   2   3   1.6e-05     0.003   15.3   0.0   233   281   124   172   117   178 0.93 -
61616at50557_7070_0:00224e|STRG.1452.2:1-939|+        -            313 32224at50557         -            413   1.2e-21   75.9   5.2   3   3   1.3e-06   0.00023   19.0   0.1   340   409   220   301   199   304 0.79 -
41390at50557_224129_0:001af6|STRG.9065.1:144-1403|+   -            420 32224at50557         -            413   2.7e-20   71.4  10.6   1   2     2e-22   3.6e-20   71.0   8.1    65   143     1    79     1    87 0.96 -
41390at50557_224129_0:001af6|STRG.9065.1:144-1403|+   -            420 32224at50557         -            413   2.7e-20   71.4  10.6   2   2      0.57   1.1e+02    0.3   0.0   241   288   262   309   249   313 0.88 -
41272at50557_79782_0:001a9e|STRG.2771.1:915-2036|+    -            374 32224at50557         -            413   5.9e-20   70.3  12.9   1   2   8.2e-20   1.5e-17   62.4   7.4    60   135     5    80     1    97 0.92 -
41272at50557_79782_0:001a9e|STRG.2771.1:915-2036|+    -            374 32224at50557         -            413   5.9e-20   70.3  12.9   2   2   0.00088      0.16    9.6   0.2   354   394   316   358   189   372 0.58 -
41272at50557_79782_0:001a9e|STRG.2771.2:690-1811|+    -            374 32224at50557         -            413   5.9e-20   70.3  12.9   1   2   8.2e-20   1.5e-17   62.4   7.4    60   135     5    80     1    97 0.92 -
41272at50557_79782_0:001a9e|STRG.2771.2:690-1811|+    -            374 32224at50557         -            413   5.9e-20   70.3  12.9   2   2   0.00088      0.16    9.6   0.2   354   394   316   358   189   372 0.58 -
41272at50557_79782_0:001a9e|STRG.2771.3:422-1543|+    -            374 32224at50557         -            413   5.9e-20   70.3  12.9   1   2   8.2e-20   1.5e-17   62.4   7.4    60   135     5    80     1    97 0.92 -
41272at50557_79782_0:001a9e|STRG.2771.3:422-1543|+    -            374 32224at50557         -            413   5.9e-20   70.3  12.9   2   2   0.00088      0.16    9.6   0.2   354   394   316   358   189   372 0.58 -
41272at50557_79782_0:001a9e|STRG.2771.4:1528-2649|+   -            374 32224at50557         -            413   5.9e-20   70.3  12.9   1   2   8.2e-20   1.5e-17   62.4   7.4    60   135     5    80     1    97 0.92 -
41272at50557_79782_0:001a9e|STRG.2771.4:1528-2649|+   -            374 32224at50557         -            413   5.9e-20   70.3  12.9   2   2   0.00088      0.16    9.6   0.2   354   394   316   358   189   372 0.58 -
41272at50557_79782_0:001a9e|STRG.2771.5:820-1941|+    -            374 32224at50557         -            413   5.9e-20   70.3  12.9   1   2   8.2e-20   1.5e-17   62.4   7.4    60   135     5    80     1    97 0.92 -
41272at50557_79782_0:001a9e|STRG.2771.5:820-1941|+    -            374 32224at50557         -            413   5.9e-20   70.3  12.9   2   2   0.00088      0.16    9.6   0.2   354   394   316   358   189   372 0.58 -
41272at50557_7213_0:0017c4|STRG.14327.5:670-1638|+    -            323 32224at50557         -            413   6.6e-14   50.4   6.7   1   2   1.7e-14   3.1e-12   44.9   2.6    87   145     1    60     1   104 0.90 -
41272at50557_7213_0:0017c4|STRG.14327.5:670-1638|+    -            323 32224at50557         -            413   6.6e-14   50.4   6.7   2   2    0.0037      0.68    7.5   0.1   358   404   272   319   266   323 0.79 -
41272at50557_7213_0:0017c4|STRG.14327.6:395-1363|+    -            323 32224at50557         -            413   6.6e-14   50.4   6.7   1   2   1.7e-14   3.1e-12   44.9   2.6    87   145     1    60     1   104 0.90 -
41272at50557_7213_0:0017c4|STRG.14327.6:395-1363|+    -            323 32224at50557         -            413   6.6e-14   50.4   6.7   2   2    0.0037      0.68    7.5   0.1   358   404   272   319   266   323 0.79 -
41390at50557_1218281_0:00140d|STRG.19091.1:81-281|+   -             67 32224at50557         -            413   7.1e-14   50.3   4.6   1   1   4.3e-16   7.9e-14   50.1   4.6    63   122     5    67     2    67 0.89 -
41390at50557_1218281_0:00140d|STRG.14126.2:165-347|+  -             61 32224at50557         -            413   3.9e-11   41.3   3.6   1   1   2.2e-13   4.1e-11   41.2   3.6    64   121     2    60     1    61 0.94 -
41390at50557_1218281_0:00140d|STRG.9478.1:208-384|+   -             59 32224at50557         -            413   5.7e-11   40.7   4.3   1   1   3.3e-13   6.1e-11   40.6   4.3    65   121     1    58     1    59 0.94 -
61616at50557_6973_0:000565|STRG.1452.3:312-881|+      -            190 32224at50557         -            413   3.2e-10   38.3   0.2   1   2     1e-05    0.0019   16.0   0.0   234   281     2    49     1    56 0.92 -
61616at50557_6973_0:000565|STRG.1452.3:312-881|+      -            190 32224at50557         -            413   3.2e-10   38.3   0.2   2   2   4.4e-07     8e-05   20.5   0.1   340   409    97   178    76   181 0.79 -
61616at50557_7004_0:004ddb|STRG.1451.1:1597-1815|-    -             73 32224at50557         -            413   6.8e-05   20.7   0.0   1   1   4.4e-07     8e-05   20.5   0.0   356   409     7    61     3    64 0.90 -
41390at50557_37344_0:00178e|STRG.20303.4:1138-1869|+  -            244 32224at50557         -            413    0.0022   15.8   0.0   1   1   1.6e-05    0.0029   15.4   0.0   243   395    49   203    39   217 0.69 -
41390at50557_37344_0:00178e|STRG.20303.6:1174-1905|+  -            244 32224at50557         -            413    0.0022   15.8   0.0   1   1   1.6e-05    0.0029   15.4   0.0   243   395    49   203    39   217 0.69 -
61616at50557_67767_0:0009cf|STRG.9178.1:130-966|+     -            279 32224at50557         -            413     0.011   13.4   0.1   1   2   0.00089      0.16    9.6   0.1   243   280    83   120    72   126 0.89 -
61616at50557_67767_0:0009cf|STRG.9178.1:130-966|+     -            279 32224at50557         -            413     0.011   13.4   0.1   2   2       0.2        36    1.9   0.0   356   394   210   249   159   266 0.69 -
61616at50557_67767_0:0009cf|STRG.9178.2:77-1207|+     -            246 32224at50557         -            413     0.022   12.5   0.1   1   2    0.0022       0.4    8.3   0.0   243   280    50    87    39    93 0.89 -
61616at50557_67767_0:0009cf|STRG.9178.2:77-1207|+     -            246 32224at50557         -            413     0.022   12.5   0.1   2   2      0.15        28    2.2   0.0   356   395   177   217   125   233 0.69 -
#
# Program:         hmmsearch
# Version:         3.4 (Aug 2023)
# Pipeline mode:   SEARCH
# Query file:      /home/justine/projet_tutore/busco_downloads/lineages/insecta_odb10/hmms/32224at50557.hmm
# Target file:     annotation_analysis/annotation_gca/T_cornetzi/busco_output/run_insecta_odb10/metaeuk_output/initial_results/assembled_transcripts.fasta.modified.fas
# Option settings: hmmsearch --domtblout annotation_analysis/annotation_gca/T_cornetzi/busco_output/run_insecta_odb10/hmmer_output/initial_run_results/32224at50557.out --cpu 1 /home/justine/projet_tutore/busco_downloads/lineages/insecta_odb10/hmms/32224at50557.hmm annotation_analysis/annotation_gca/T_cornetzi/busco_output/run_insecta_odb10/metaeuk_output/initial_results/assembled_transcripts.fasta.modified.fas 
# Current dir:     /home/justine/projet_tutore
# Date:            Sun Dec  1 22:16:47 2024
# [ok]
