#                                                                                                            --- full sequence --- -------------- this domain -------------   hmm coord   ali coord   env coord
# target name                                        accession   tlen query name           accession   qlen   E-value  score  bias   #  of  c-Evalue  i-Evalue  score  bias  from    to  from    to  from    to  acc description of target
#                                ------------------- ---------- ----- -------------------- ---------- ----- --------- ------ ----- --- --- --------- --------- ------ ----- ----- ----- ----- ----- ----- ----- ---- ---------------------
36357at50557_34720_0:000a07|STRG.3678.3:0-1835|+     -            612 36357at50557         -            401  3.9e-183  607.8   3.5   1   2     2e-06    0.0014   16.5   0.1    15    44    59    89    50   129 0.73 -
36357at50557_34720_0:000a07|STRG.3678.3:0-1835|+     -            612 36357at50557         -            401  3.9e-183  607.8   3.5   2   2  5.2e-181  3.5e-178  591.5   0.8    30   400   185   590   169   591 0.90 -
36357at50557_103372_0:001087|STRG.3678.1:2-1147|+    -            382 36357at50557         -            401  7.3e-173  573.9   4.8   1   1  1.9e-175  1.3e-172  573.1   4.8    75   400     4   360     2   361 0.93 -
36357at50557_103372_0:001087|STRG.3678.2:2-1160|+    -            382 36357at50557         -            401  7.3e-173  573.9   4.8   1   1  1.9e-175  1.3e-172  573.1   4.8    75   400     4   360     2   361 0.93 -
107632at50557_38123_0:001c0e|STRG.13879.1:809-2347|+ -            513 36357at50557         -            401   0.00064   17.6   0.0   1   1   1.5e-06     0.001   17.0   0.0   168   200    19    52     4    91 0.82 -
18575at50557_40932_0:001bb8|STRG.12379.3:201-1955|+  -            585 36357at50557         -            401    0.0021   16.0   0.7   1   3   2.6e-05     0.018   12.9   0.0   183   208    19    44     6    61 0.85 -
18575at50557_40932_0:001bb8|STRG.12379.3:201-1955|+  -            585 36357at50557         -            401    0.0021   16.0   0.7   2   3      0.39   2.6e+02   -0.9   0.5   268   290   104   126    98   129 0.87 -
18575at50557_40932_0:001bb8|STRG.12379.3:201-1955|+  -            585 36357at50557         -            401    0.0021   16.0   0.7   3   3      0.83   5.6e+02   -1.9   0.0    93   142   272   320   249   329 0.78 -
18575at50557_52612_0:001404|STRG.12379.2:608-2455|+  -            577 36357at50557         -            401    0.0031   15.4   1.2   1   3     3e-05      0.02   12.7   0.0   183   207    18    42     5    48 0.83 -
18575at50557_52612_0:001404|STRG.12379.2:608-2455|+  -            577 36357at50557         -            401    0.0031   15.4   1.2   2   3      0.41   2.8e+02   -0.9   0.6   268   290    94   116    90   119 0.86 -
18575at50557_52612_0:001404|STRG.12379.2:608-2455|+  -            577 36357at50557         -            401    0.0031   15.4   1.2   3   3      0.82   5.5e+02   -1.9   0.0    93   142   262   310   239   319 0.78 -
18575at50557_6973_0:003c5b|STRG.19788.1:45-1931|+    -            629 36357at50557         -            401    0.0074   14.1   0.0   1   1     2e-05     0.014   13.3   0.0   168   205    27    64     6    74 0.82 -
18575at50557_1155016_0:00006f|STRG.4630.1:9-702|-    -            196 36357at50557         -            401    0.0087   13.9   0.2   1   2   4.1e-05     0.028   12.2   0.0   181   209    19    47     5    58 0.83 -
18575at50557_1155016_0:00006f|STRG.4630.1:9-702|-    -            196 36357at50557         -            401    0.0087   13.9   0.2   2   2      0.53   3.6e+02   -1.3   0.1   270   290    99   119    95   121 0.81 -
107632at50557_38123_0:001c0e|STRG.21102.1:319-1746|+ -            476 36357at50557         -            401     0.011   13.6   0.0   1   1     4e-05     0.027   12.3   0.0   168   199    17    48     3    59 0.88 -
18575at50557_52612_0:001404|STRG.9847.1:1703-3493|+  -            597 36357at50557         -            401     0.067   11.0   0.0   1   1   0.00017      0.12   10.2   0.0   175   205    15    45     7    69 0.80 -
18575at50557_52612_0:001404|STRG.9847.2:1630-3420|+  -            597 36357at50557         -            401     0.067   11.0   0.0   1   1   0.00017      0.12   10.2   0.0   175   205    15    45     7    69 0.80 -
18575at50557_52612_0:001404|STRG.9847.3:1152-2942|+  -            597 36357at50557         -            401     0.067   11.0   0.0   1   1   0.00017      0.12   10.2   0.0   175   205    15    45     7    69 0.80 -
#
# Program:         hmmsearch
# Version:         3.4 (Aug 2023)
# Pipeline mode:   SEARCH
# Query file:      /home/justine/projet_tutore/busco_downloads/lineages/insecta_odb10/hmms/36357at50557.hmm
# Target file:     annotation_analysis/annotation_gca/T_cornetzi/busco_output/run_insecta_odb10/metaeuk_output/initial_results/assembled_transcripts.fasta.modified.fas
# Option settings: hmmsearch --domtblout annotation_analysis/annotation_gca/T_cornetzi/busco_output/run_insecta_odb10/hmmer_output/initial_run_results/36357at50557.out --cpu 1 /home/justine/projet_tutore/busco_downloads/lineages/insecta_odb10/hmms/36357at50557.hmm annotation_analysis/annotation_gca/T_cornetzi/busco_output/run_insecta_odb10/metaeuk_output/initial_results/assembled_transcripts.fasta.modified.fas 
# Current dir:     /home/justine/projet_tutore
# Date:            Sun Dec  1 22:17:00 2024
# [ok]
