#                                                                                                            --- full sequence --- -------------- this domain -------------   hmm coord   ali coord   env coord
# target name                                        accession   tlen query name           accession   qlen   E-value  score  bias   #  of  c-Evalue  i-Evalue  score  bias  from    to  from    to  from    to  acc description of target
#                                ------------------- ---------- ----- -------------------- ---------- ----- --------- ------ ----- --- --- --------- --------- ------ ----- ----- ----- ----- ----- ----- ----- ---- ---------------------
40757at50557_103372_0:0025bf|STRG.20542.1:158-1840|+ -            561 40757at50557         -            439  9.3e-206  682.6   0.2   1   2  1.7e-160  6.4e-158  524.9   0.2     1   325    17   399    17   408 0.91 -
40757at50557_103372_0:0025bf|STRG.20542.1:158-1840|+ -            561 40757at50557         -            439  9.3e-206  682.6   0.2   2   2   3.9e-48   1.4e-45  154.6   0.0   313   426   434   550   421   556 0.87 -
75144at50557_28612_0:003734|STRG.22087.1:9-986|+     -            326 40757at50557         -            439     8e-18   63.2   0.0   1   2   1.2e-12   4.3e-10   37.7   0.0   103   307    15   220    12   224 0.84 -
75144at50557_28612_0:003734|STRG.22087.1:9-986|+     -            326 40757at50557         -            439     8e-18   63.2   0.0   2   2   1.5e-08   5.7e-06   24.2   0.0   334   426   222   309   217   320 0.87 -
75144at50557_28612_0:003734|STRG.4222.1:111-1238|+   -            376 40757at50557         -            439     1e-17   62.9   0.0   1   2   1.1e-11   4.2e-09   34.5   0.0   103   307    62   270    59   272 0.83 -
75144at50557_28612_0:003734|STRG.4222.1:111-1238|+   -            376 40757at50557         -            439     1e-17   62.9   0.0   2   2   2.9e-09   1.1e-06   26.6   0.1   335   426   273   359   270   363 0.90 -
75144at50557_28612_0:003734|STRG.4222.2:0-1127|+     -            376 40757at50557         -            439     1e-17   62.9   0.0   1   2   1.1e-11   4.2e-09   34.5   0.0   103   307    62   270    59   272 0.83 -
75144at50557_28612_0:003734|STRG.4222.2:0-1127|+     -            376 40757at50557         -            439     1e-17   62.9   0.0   2   2   2.9e-09   1.1e-06   26.6   0.1   335   426   273   359   270   363 0.90 -
75144at50557_28612_0:003734|STRG.4217.1:73-1200|+    -            376 40757at50557         -            439   2.1e-17   61.8   0.0   1   2   9.3e-12   3.4e-09   34.8   0.0   103   307    62   270    59   273 0.83 -
75144at50557_28612_0:003734|STRG.4217.1:73-1200|+    -            376 40757at50557         -            439   2.1e-17   61.8   0.0   2   2   7.1e-09   2.6e-06   25.3   0.0   335   426   273   359   270   363 0.90 -
75144at50557_28612_0:003734|STRG.4217.2:0-1127|+     -            376 40757at50557         -            439   2.1e-17   61.8   0.0   1   2   9.3e-12   3.4e-09   34.8   0.0   103   307    62   270    59   273 0.83 -
75144at50557_28612_0:003734|STRG.4217.2:0-1127|+     -            376 40757at50557         -            439   2.1e-17   61.8   0.0   2   2   7.1e-09   2.6e-06   25.3   0.0   335   426   273   359   270   363 0.90 -
75144at50557_28612_0:003734|STRG.4219.1:247-1374|+   -            376 40757at50557         -            439   2.1e-17   61.8   0.0   1   2   9.3e-12   3.4e-09   34.8   0.0   103   307    62   270    59   273 0.83 -
75144at50557_28612_0:003734|STRG.4219.1:247-1374|+   -            376 40757at50557         -            439   2.1e-17   61.8   0.0   2   2   7.1e-09   2.6e-06   25.3   0.0   335   426   273   359   270   363 0.90 -
75144at50557_28612_0:003734|STRG.4219.2:0-1127|+     -            376 40757at50557         -            439   2.1e-17   61.8   0.0   1   2   9.3e-12   3.4e-09   34.8   0.0   103   307    62   270    59   273 0.83 -
75144at50557_28612_0:003734|STRG.4219.2:0-1127|+     -            376 40757at50557         -            439   2.1e-17   61.8   0.0   2   2   7.1e-09   2.6e-06   25.3   0.0   335   426   273   359   270   363 0.90 -
75144at50557_28612_0:003734|STRG.3394.1:171-1298|+   -            376 40757at50557         -            439   2.6e-17   61.5   0.0   1   2   7.9e-12   2.9e-09   35.0   0.0   103   307    62   270    59   274 0.83 -
75144at50557_28612_0:003734|STRG.3394.1:171-1298|+   -            376 40757at50557         -            439   2.6e-17   61.5   0.0   2   2     1e-08   3.8e-06   24.8   0.0   335   426   273   359   270   363 0.89 -
75144at50557_28612_0:003734|STRG.3394.2:198-1325|+   -            376 40757at50557         -            439   2.6e-17   61.5   0.0   1   2   7.9e-12   2.9e-09   35.0   0.0   103   307    62   270    59   274 0.83 -
75144at50557_28612_0:003734|STRG.3394.2:198-1325|+   -            376 40757at50557         -            439   2.6e-17   61.5   0.0   2   2     1e-08   3.8e-06   24.8   0.0   335   426   273   359   270   363 0.89 -
75144at50557_28612_0:003734|STRG.3394.3:0-1127|+     -            376 40757at50557         -            439   2.6e-17   61.5   0.0   1   2   7.9e-12   2.9e-09   35.0   0.0   103   307    62   270    59   274 0.83 -
75144at50557_28612_0:003734|STRG.3394.3:0-1127|+     -            376 40757at50557         -            439   2.6e-17   61.5   0.0   2   2     1e-08   3.8e-06   24.8   0.0   335   426   273   359   270   363 0.89 -
75144at50557_28612_0:003734|STRG.3208.2:18-1031|+    -            338 40757at50557         -            439   6.1e-16   57.0   0.0   1   2   2.9e-11   1.1e-08   33.1   0.0   117   304    41   223    25   230 0.83 -
75144at50557_28612_0:003734|STRG.3208.2:18-1031|+    -            338 40757at50557         -            439   6.1e-16   57.0   0.0   2   2   5.8e-08   2.1e-05   22.3   0.0   328   426   228   321   222   327 0.85 -
75144at50557_28612_0:003734|STRG.3208.1:147-1327|+   -            367 40757at50557         -            439   7.1e-16   56.8   0.0   1   2   3.6e-11   1.3e-08   32.8   0.0   117   304    70   252    54   259 0.83 -
75144at50557_28612_0:003734|STRG.3208.1:147-1327|+   -            367 40757at50557         -            439   7.1e-16   56.8   0.0   2   2   6.1e-08   2.3e-05   22.2   0.0   328   426   257   350   249   356 0.85 -
75144at50557_7539_0:003503|STRG.22762.1:213-1502|+   -            430 40757at50557         -            439   3.8e-15   54.4   0.0   1   2   3.2e-08   1.2e-05   23.1   0.0   144   238   114   209    56   218 0.81 -
75144at50557_7539_0:003503|STRG.22762.1:213-1502|+   -            430 40757at50557         -            439   3.8e-15   54.4   0.0   2   2   4.4e-10   1.6e-07   29.2   0.0   329   427   319   415   305   420 0.92 -
75144at50557_7539_0:003503|STRG.19019.1:24-1256|+    -            411 40757at50557         -            439   9.4e-15   53.1   0.0   1   2   6.1e-08   2.3e-05   22.2   0.0   130   234    88   193    48   202 0.82 -
75144at50557_7539_0:003503|STRG.19019.1:24-1256|+    -            411 40757at50557         -            439   9.4e-15   53.1   0.0   2   2   6.3e-10   2.3e-07   28.7   0.0   333   426   306   397   299   402 0.92 -
57613at50557_610380_0:00141b|STRG.13319.1:57-1398|+  -            341 40757at50557         -            439   9.6e-14   49.8   0.0   1   2   3.1e-14   1.1e-11   42.9   0.0   121   308    29   221    11   226 0.81 -
57613at50557_610380_0:00141b|STRG.13319.1:57-1398|+  -            341 40757at50557         -            439   9.6e-14   49.8   0.0   2   2    0.0075       2.7    5.4   0.0   336   418   224   312   220   326 0.63 -
75144at50557_28612_0:003734|STRG.22087.2:386-1375|+  -            330 40757at50557         -            439     1e-12   46.4   0.0   1   2   9.2e-13   3.4e-10   38.1   0.0   103   307    62   267    58   277 0.84 -
75144at50557_28612_0:003734|STRG.22087.2:386-1375|+  -            330 40757at50557         -            439     1e-12   46.4   0.0   2   2    0.0017      0.64    7.5   0.0   334   386   269   320   263   329 0.85 -
52703at50557_1155016_0:00193c|STRG.23201.1:51-1058|+ -            336 40757at50557         -            439   1.2e-08   32.9   0.0   1   2   3.3e-05     0.012   13.2   0.0   163   265    87   185    65   192 0.83 -
52703at50557_1155016_0:00193c|STRG.23201.1:51-1058|+ -            336 40757at50557         -            439   1.2e-08   32.9   0.0   2   2   1.7e-06   0.00061   17.5   0.0   334   415   235   320   226   324 0.78 -
150643at50557_315563_0:0000a6|STRG.4217.1:904-1200|+ -             99 40757at50557         -            439   1.4e-06   26.2   0.1   1   1   4.3e-09   1.6e-06   26.0   0.1   341   426     2    82     1    86 0.89 -
75144at50557_34720_0:000d74|STRG.14406.1:0-1172|+    -            391 40757at50557         -            439   4.8e-06   24.4   0.1   1   2         1   3.7e+02   -1.6   0.0     5    46     7    51     3    53 0.80 -
75144at50557_34720_0:000d74|STRG.14406.1:0-1172|+    -            391 40757at50557         -            439   4.8e-06   24.4   0.1   2   2   8.1e-08     3e-05   21.8   0.1   148   388    94   339    70   363 0.68 -
52703at50557_103372_0:001b91|STRG.15608.1:0-1250|+   -            417 40757at50557         -            439   4.5e-05   21.2   0.0   1   3      0.86   3.2e+02   -1.4   0.0    82   105    58    81    45    90 0.85 -
52703at50557_103372_0:001b91|STRG.15608.1:0-1250|+   -            417 40757at50557         -            439   4.5e-05   21.2   0.0   2   3     0.028        10    3.5   0.0   195   272   165   241   159   290 0.68 -
52703at50557_103372_0:001b91|STRG.15608.1:0-1250|+   -            417 40757at50557         -            439   4.5e-05   21.2   0.0   3   3   2.3e-05    0.0084   13.7   0.0   335   395   293   352   287   385 0.77 -
75144at50557_132113_0:003254|STRG.24270.1:792-1577|+ -            262 40757at50557         -            439     0.063   10.8   0.0   1   2    0.0072       2.7    5.5   0.0   160   232    38   110     4   165 0.78 -
75144at50557_132113_0:003254|STRG.24270.1:792-1577|+ -            262 40757at50557         -            439     0.063   10.8   0.0   2   2     0.027       9.8    3.6   0.0   343   398   201   256   189   260 0.85 -
#
# Program:         hmmsearch
# Version:         3.4 (Aug 2023)
# Pipeline mode:   SEARCH
# Query file:      /home/justine/projet_tutore/busco_downloads/lineages/insecta_odb10/hmms/40757at50557.hmm
# Target file:     annotation_analysis/annotation_gca/T_cornetzi/busco_output/run_insecta_odb10/metaeuk_output/initial_results/assembled_transcripts.fasta.modified.fas
# Option settings: hmmsearch --domtblout annotation_analysis/annotation_gca/T_cornetzi/busco_output/run_insecta_odb10/hmmer_output/initial_run_results/40757at50557.out --cpu 1 /home/justine/projet_tutore/busco_downloads/lineages/insecta_odb10/hmms/40757at50557.hmm annotation_analysis/annotation_gca/T_cornetzi/busco_output/run_insecta_odb10/metaeuk_output/initial_results/assembled_transcripts.fasta.modified.fas 
# Current dir:     /home/justine/projet_tutore
# Date:            Sun Dec  1 22:17:15 2024
# [ok]
