#                                                                                                             --- full sequence --- -------------- this domain -------------   hmm coord   ali coord   env coord
# target name                                         accession   tlen query name           accession   qlen   E-value  score  bias   #  of  c-Evalue  i-Evalue  score  bias  from    to  from    to  from    to  acc description of target
#                                 ------------------- ---------- ----- -------------------- ---------- ----- --------- ------ ----- --- --- --------- --------- ------ ----- ----- ----- ----- ----- ----- ----- ---- ---------------------
47233at50557_520822_0:001e73|STRG.7085.2:0-1664|+     -            555 47233at50557         -            389  9.2e-155  514.1  14.6   1   3   3.4e-27   2.5e-24   84.7   0.0    11    61    49    99    44   109 0.91 -
47233at50557_520822_0:001e73|STRG.7085.2:0-1664|+     -            555 47233at50557         -            389  9.2e-155  514.1  14.6   2   3   2.8e-45   2.1e-42  144.3   0.4    71   179   147   273   125   280 0.88 -
47233at50557_520822_0:001e73|STRG.7085.2:0-1664|+     -            555 47233at50557         -            389  9.2e-155  514.1  14.6   3   3   1.6e-89   1.2e-86  289.9   5.3   176   389   290   553   283   553 0.86 -
47233at50557_520822_0:001e73|STRG.7085.1:574-2400|+   -            557 47233at50557         -            389  9.4e-155  514.1  14.6   1   3   3.4e-27   2.5e-24   84.7   0.0    11    61    51   101    46   111 0.91 -
47233at50557_520822_0:001e73|STRG.7085.1:574-2400|+   -            557 47233at50557         -            389  9.4e-155  514.1  14.6   2   3   2.8e-45   2.1e-42  144.2   0.4    71   179   149   275   127   282 0.88 -
47233at50557_520822_0:001e73|STRG.7085.1:574-2400|+   -            557 47233at50557         -            389  9.4e-155  514.1  14.6   3   3   1.6e-89   1.2e-86  289.9   5.3   176   389   292   555   285   555 0.86 -
80377at50557_121845_0:0030d4|STRG.11971.1:117-983|+   -            289 47233at50557         -            389   0.00032   18.5   0.0   1   3      0.52   3.8e+02   -1.5   0.0    36    53    12    28     8    35 0.76 -
80377at50557_121845_0:0030d4|STRG.11971.1:117-983|+   -            289 47233at50557         -            389   0.00032   18.5   0.0   2   3      0.91   6.7e+02   -2.3   0.0    31    46    91   106    55   132 0.57 -
80377at50557_121845_0:0030d4|STRG.11971.1:117-983|+   -            289 47233at50557         -            389   0.00032   18.5   0.0   3   3   4.4e-06    0.0032   15.2   0.0    23    83   168   225   164   278 0.76 -
40115at50557_28612_0:000941|STRG.21446.1:0-911|+      -            304 47233at50557         -            389   0.00049   17.9   0.1   1   4      0.32   2.4e+02   -0.8   0.0    89   131    21    63    10    74 0.80 -
40115at50557_28612_0:000941|STRG.21446.1:0-911|+      -            304 47233at50557         -            389   0.00049   17.9   0.1   2   4     0.088        65    1.1   0.0    36    54   117   135   107   145 0.87 -
40115at50557_28612_0:000941|STRG.21446.1:0-911|+      -            304 47233at50557         -            389   0.00049   17.9   0.1   3   4   0.00021      0.15    9.7   0.0    34    58   157   180   140   193 0.76 -
40115at50557_28612_0:000941|STRG.21446.1:0-911|+      -            304 47233at50557         -            389   0.00049   17.9   0.1   4   4     0.066        48    1.5   0.0    27    54   234   260   226   292 0.81 -
40115at50557_28612_0:000941|STRG.21446.3:39-890|+     -            284 47233at50557         -            389   0.00064   17.5   0.1   1   4      0.75   5.5e+02   -2.0   0.0    90   131     2    43     1    53 0.81 -
40115at50557_28612_0:000941|STRG.21446.3:39-890|+     -            284 47233at50557         -            389   0.00064   17.5   0.1   2   4     0.086        64    1.1   0.0    36    54    97   115    90   125 0.87 -
40115at50557_28612_0:000941|STRG.21446.3:39-890|+     -            284 47233at50557         -            389   0.00064   17.5   0.1   3   4   0.00019      0.14    9.8   0.0    34    58   137   160   116   171 0.77 -
40115at50557_28612_0:000941|STRG.21446.3:39-890|+     -            284 47233at50557         -            389   0.00064   17.5   0.1   4   4     0.065        48    1.5   0.0    27    54   214   240   209   271 0.81 -
80377at50557_166361_0:002fc1|STRG.21442.2:1270-2037|+ -            256 47233at50557         -            389   0.00073   17.3   0.1   1   4         1   7.4e+02   -2.4   0.0    37    59    71    92    69    99 0.80 -
80377at50557_166361_0:002fc1|STRG.21442.2:1270-2037|+ -            256 47233at50557         -            389   0.00073   17.3   0.1   2   4     0.019        14    3.3   0.1    32    55   106   131    95   140 0.82 -
80377at50557_166361_0:002fc1|STRG.21442.2:1270-2037|+ -            256 47233at50557         -            389   0.00073   17.3   0.1   3   4    0.0001     0.074   10.7   0.0    35    66   153   183   138   220 0.85 -
80377at50557_166361_0:002fc1|STRG.21442.2:1270-2037|+ -            256 47233at50557         -            389   0.00073   17.3   0.1   4   4         1   7.6e+02   -2.5   0.0   345   374   216   245   205   250 0.66 -
80377at50557_7220_0:002af5|STRG.21442.3:143-1000|+    -            286 47233at50557         -            389   0.00087   17.1   0.2   1   3     0.022        16    3.0   0.1    32    55    90   115    79   123 0.82 -
80377at50557_7220_0:002af5|STRG.21442.3:143-1000|+    -            286 47233at50557         -            389   0.00087   17.1   0.2   2   3   0.00014       0.1   10.3   0.0    35    66   137   167   122   185 0.83 -
80377at50557_7220_0:002af5|STRG.21442.3:143-1000|+    -            286 47233at50557         -            389   0.00087   17.1   0.2   3   3      0.78   5.7e+02   -2.1   0.0   352   375   207   230   190   242 0.64 -
40115at50557_28612_0:000941|STRG.21442.2:33-890|+     -            286 47233at50557         -            389    0.0011   16.7   0.0   1   3      0.69   5.1e+02   -1.9   0.0    36    52    98   114    94   124 0.83 -
40115at50557_28612_0:000941|STRG.21442.2:33-890|+     -            286 47233at50557         -            389    0.0011   16.7   0.0   2   3   0.00024      0.18    9.5   0.0    36    66   140   169   132   178 0.83 -
40115at50557_28612_0:000941|STRG.21442.2:33-890|+     -            286 47233at50557         -            389    0.0011   16.7   0.0   3   3     0.012       9.1    3.9   0.0    27    52   215   240   208   255 0.87 -
31374at50557_116153_0:0023e9|STRG.21446.2:60-665|+    -            202 47233at50557         -            389    0.0021   15.8   0.0   1   3      0.42   3.1e+02   -1.2   0.0    90   132     2    44     1    54 0.82 -
31374at50557_116153_0:0023e9|STRG.21446.2:60-665|+    -            202 47233at50557         -            389    0.0021   15.8   0.0   2   3     0.047        35    2.0   0.0    36    54    97   115    83   125 0.86 -
31374at50557_116153_0:0023e9|STRG.21446.2:60-665|+    -            202 47233at50557         -            389    0.0021   15.8   0.0   3   3   0.00012     0.088   10.5   0.0    34    58   137   160   119   171 0.76 -
31374at50557_217634_0:002f47|STRG.21444.1:33-227|+    -             65 47233at50557         -            389    0.0095   13.7   0.0   1   1   1.3e-05    0.0095   13.7   0.0    35    66    33    63    19    65 0.81 -
40115at50557_77166_0:00051d|STRG.21442.1:283-705|+    -            141 47233at50557         -            389     0.082   10.6   0.0   1   2      0.23   1.7e+02   -0.3   0.0    36    52    79    95    72   105 0.83 -
40115at50557_77166_0:00051d|STRG.21442.1:283-705|+    -            141 47233at50557         -            389     0.082   10.6   0.0   2   2   0.00062      0.45    8.2   0.0    36    52   121   137   113   141 0.86 -
#
# Program:         hmmsearch
# Version:         3.4 (Aug 2023)
# Pipeline mode:   SEARCH
# Query file:      /home/justine/projet_tutore/busco_downloads/lineages/insecta_odb10/hmms/47233at50557.hmm
# Target file:     annotation_analysis/annotation_gca/T_cornetzi/busco_output/run_insecta_odb10/metaeuk_output/initial_results/assembled_transcripts.fasta.modified.fas
# Option settings: hmmsearch --domtblout annotation_analysis/annotation_gca/T_cornetzi/busco_output/run_insecta_odb10/hmmer_output/initial_run_results/47233at50557.out --cpu 1 /home/justine/projet_tutore/busco_downloads/lineages/insecta_odb10/hmms/47233at50557.hmm annotation_analysis/annotation_gca/T_cornetzi/busco_output/run_insecta_odb10/metaeuk_output/initial_results/assembled_transcripts.fasta.modified.fas 
# Current dir:     /home/justine/projet_tutore
# Date:            Sun Dec  1 22:17:41 2024
# [ok]
