#                                                                                                             --- full sequence --- -------------- this domain -------------   hmm coord   ali coord   env coord
# target name                                         accession   tlen query name           accession   qlen   E-value  score  bias   #  of  c-Evalue  i-Evalue  score  bias  from    to  from    to  from    to  acc description of target
#                                 ------------------- ---------- ----- -------------------- ---------- ----- --------- ------ ----- --- --- --------- --------- ------ ----- ----- ----- ----- ----- ----- ----- ---- ---------------------
47258at50557_144034_0:000ab7|STRG.8507.1:120-2423|+   -            768 47258at50557         -            526  1.7e-272  903.3  46.7   1   3  9.1e-153  4.6e-150  499.4  27.9     1   279    26   353    26   368 0.85 -
47258at50557_144034_0:000ab7|STRG.8507.1:120-2423|+   -            768 47258at50557         -            526  1.7e-272  903.3  46.7   2   3   1.2e-90   5.9e-88  294.4   3.4   266   433   364   545   360   557 0.93 -
47258at50557_144034_0:000ab7|STRG.8507.1:120-2423|+   -            768 47258at50557         -            526  1.7e-272  903.3  46.7   3   3   2.4e-35   1.2e-32  111.9   1.1   426   526   648   767   643   767 0.85 -
42720at50557_64793_0:001e6a|STRG.16844.2:122-3094|+   -            787 47258at50557         -            526   2.1e-14   51.7   0.6   1   1     1e-16   5.2e-14   50.4   0.6    10    63     3    55     1    88 0.84 -
42720at50557_88501_0:001731|STRG.16844.1:473-2765|+   -            758 47258at50557         -            526   2.8e-14   51.3   0.4   1   1   1.4e-16   6.9e-14   50.0   0.4    11    64     2    54     1    67 0.87 -
104302at50557_43151_0:00269f|STRG.6159.1:1876-2106|+  -             77 47258at50557         -            526   6.9e-08   30.2   0.0   1   1   1.5e-10   7.5e-08   30.1   0.0   458   524     7    76     4    77 0.85 -
104302at50557_43151_0:00269f|STRG.6159.2:1596-1826|+  -             77 47258at50557         -            526   6.9e-08   30.2   0.0   1   1   1.5e-10   7.5e-08   30.1   0.0   458   524     7    76     4    77 0.85 -
104302at50557_43151_0:00269f|STRG.20729.1:0-227|+     -             76 47258at50557         -            526   8.7e-08   29.9   0.0   1   1   1.9e-10   9.5e-08   29.8   0.0   458   523     7    75     4    76 0.85 -
104302at50557_43151_0:00269f|STRG.20729.2:84-311|+    -             76 47258at50557         -            526   8.7e-08   29.9   0.0   1   1   1.9e-10   9.5e-08   29.8   0.0   458   523     7    75     4    76 0.85 -
104302at50557_43151_0:00269f|STRG.20729.4:286-513|+   -             76 47258at50557         -            526   8.7e-08   29.9   0.0   1   1   1.9e-10   9.5e-08   29.8   0.0   458   523     7    75     4    76 0.85 -
104302at50557_43151_0:00269f|STRG.22599.1:139-366|+   -             76 47258at50557         -            526   8.7e-08   29.9   0.0   1   1   1.9e-10   9.5e-08   29.8   0.0   458   523     7    75     4    76 0.85 -
104302at50557_43151_0:00269f|STRG.22599.2:1356-1583|+ -             76 47258at50557         -            526   8.7e-08   29.9   0.0   1   1   1.9e-10   9.5e-08   29.8   0.0   458   523     7    75     4    76 0.85 -
104302at50557_43151_0:00269f|STRG.6512.1:47-274|+     -             76 47258at50557         -            526   1.5e-07   29.1   0.0   1   1   3.2e-10   1.6e-07   29.0   0.0   458   523     7    75     4    76 0.85 -
104302at50557_43151_0:00269f|STRG.6512.2:204-431|+    -             76 47258at50557         -            526   1.5e-07   29.1   0.0   1   1   3.2e-10   1.6e-07   29.0   0.0   458   523     7    75     4    76 0.85 -
104302at50557_43151_0:00269f|STRG.6512.3:0-227|+      -             76 47258at50557         -            526   1.5e-07   29.1   0.0   1   1   3.2e-10   1.6e-07   29.0   0.0   458   523     7    75     4    76 0.85 -
104302at50557_43151_0:00269f|STRG.20729.3:110-298|+   -             63 47258at50557         -            526   5.4e-07   27.3   0.0   1   1   1.2e-09     6e-07   27.1   0.0   458   512     7    62     4    63 0.93 -
104302at50557_43151_0:00269f|STRG.4533.1:183-410|+    -             76 47258at50557         -            526   2.6e-06   25.0   0.0   1   1   5.7e-09   2.9e-06   24.9   0.0   458   519     7    70     4    76 0.86 -
104302at50557_43151_0:00269f|STRG.19047.1:457-672|+   -             72 47258at50557         -            526   0.00015   19.2   0.2   1   1   3.1e-07   0.00016   19.2   0.2   458   514     7    64     3    72 0.88 -
#
# Program:         hmmsearch
# Version:         3.4 (Aug 2023)
# Pipeline mode:   SEARCH
# Query file:      /home/justine/projet_tutore/busco_downloads/lineages/insecta_odb10/hmms/47258at50557.hmm
# Target file:     annotation_analysis/annotation_gca/T_cornetzi/busco_output/run_insecta_odb10/metaeuk_output/initial_results/assembled_transcripts.fasta.modified.fas
# Option settings: hmmsearch --domtblout annotation_analysis/annotation_gca/T_cornetzi/busco_output/run_insecta_odb10/hmmer_output/initial_run_results/47258at50557.out --cpu 1 /home/justine/projet_tutore/busco_downloads/lineages/insecta_odb10/hmms/47258at50557.hmm annotation_analysis/annotation_gca/T_cornetzi/busco_output/run_insecta_odb10/metaeuk_output/initial_results/assembled_transcripts.fasta.modified.fas 
# Current dir:     /home/justine/projet_tutore
# Date:            Sun Dec  1 22:17:41 2024
# [ok]
