#                                                                                                             --- full sequence --- -------------- this domain -------------   hmm coord   ali coord   env coord
# target name                                         accession   tlen query name           accession   qlen   E-value  score  bias   #  of  c-Evalue  i-Evalue  score  bias  from    to  from    to  from    to  acc description of target
#                                 ------------------- ---------- ----- -------------------- ---------- ----- --------- ------ ----- --- --- --------- --------- ------ ----- ----- ----- ----- ----- ----- ----- ---- ---------------------
50587at50557_456900_0:0005c7|STRG.19036.1:1258-2902|+ -            544 50587at50557         -            390  4.5e-213  706.1  17.3   1   2   5.6e-06    0.0018   16.1   0.1     1    21    16    36    16    43 0.89 -
50587at50557_456900_0:0005c7|STRG.19036.1:1258-2902|+ -            544 50587at50557         -            390  4.5e-213  706.1  17.3   2   2    2e-210  6.5e-208  689.1  12.9    21   390    66   537    55   537 0.98 -
50587at50557_456900_0:0005c7|STRG.19036.2:0-1631|+    -            544 50587at50557         -            390  4.5e-213  706.1  17.3   1   2   5.6e-06    0.0018   16.1   0.1     1    21    16    36    16    43 0.89 -
50587at50557_456900_0:0005c7|STRG.19036.2:0-1631|+    -            544 50587at50557         -            390  4.5e-213  706.1  17.3   2   2    2e-210  6.5e-208  689.1  12.9    21   390    66   537    55   537 0.98 -
50587at50557_64793_0:000780|STRG.19036.3:49-1013|+    -            291 50587at50557         -            390  5.6e-167  554.4   7.5   1   1    2e-169  6.3e-167  554.2   7.5   115   390     1   284     1   284 0.98 -
50587at50557_7260_0:002be3|STRG.23155.1:208-1594|+    -            360 50587at50557         -            390   1.4e-37  128.4   2.9   1   2   1.1e-08   3.6e-06   25.0   0.0    68   140    37   113    20   136 0.82 -
50587at50557_7260_0:002be3|STRG.23155.1:208-1594|+    -            360 50587at50557         -            390   1.4e-37  128.4   2.9   2   2   1.5e-30   4.7e-28   97.0   4.8   150   362   152   350   143   360 0.89 -
50587at50557_30025_0:00311b|STRG.23155.2:21-1160|+    -            380 50587at50557         -            390   1.1e-32  112.3   5.0   1   3   9.3e-08     3e-05   21.9   0.0    76   140     2    70     1    93 0.83 -
50587at50557_30025_0:00311b|STRG.23155.2:21-1160|+    -            380 50587at50557         -            390   1.1e-32  112.3   5.0   2   3     0.018       5.9    4.5   0.0   150   175   109   134   101   141 0.87 -
50587at50557_30025_0:00311b|STRG.23155.2:21-1160|+    -            380 50587at50557         -            390   1.1e-32  112.3   5.0   3   3   1.1e-25   3.5e-23   81.0   3.7   178   362   196   370   192   380 0.90 -
50587at50557_133901_0:003c0d|STRG.15879.1:843-1703|+  -            287 50587at50557         -            390   2.1e-15   55.4   6.4   1   2     2e-06   0.00064   17.6   0.3    91   208    32   160    14   166 0.70 -
50587at50557_133901_0:003c0d|STRG.15879.1:843-1703|+  -            287 50587at50557         -            390   2.1e-15   55.4   6.4   2   2   1.5e-13     5e-11   41.0   1.2   236   350   166   278   163   286 0.90 -
50587at50557_133901_0:003c0d|STRG.15879.3:843-1703|+  -            287 50587at50557         -            390   2.1e-15   55.4   6.4   1   2     2e-06   0.00064   17.6   0.3    91   208    32   160    14   166 0.70 -
50587at50557_133901_0:003c0d|STRG.15879.3:843-1703|+  -            287 50587at50557         -            390   2.1e-15   55.4   6.4   2   2   1.5e-13     5e-11   41.0   1.2   236   350   166   278   163   286 0.90 -
50587at50557_38123_0:00124c|STRG.15080.2:303-1268|+   -            322 50587at50557         -            390   3.2e-14   51.5   0.4   1   2   9.7e-08   3.1e-05   21.9   0.0    65   210    77   232    53   236 0.74 -
50587at50557_38123_0:00124c|STRG.15080.2:303-1268|+   -            322 50587at50557         -            390   3.2e-14   51.5   0.4   2   2   1.6e-09     5e-07   27.8   0.2   236   316   236   316   232   321 0.95 -
50587at50557_38123_0:00124c|STRG.15080.1:746-1420|+   -            225 50587at50557         -            390   8.8e-14   50.0   0.7   1   2   3.3e-07   0.00011   20.1   0.0    92   210     6   135     1   140 0.71 -
50587at50557_38123_0:00124c|STRG.15080.1:746-1420|+   -            225 50587at50557         -            390   8.8e-14   50.0   0.7   2   2   7.7e-10   2.5e-07   28.8   0.2   236   316   139   219   135   224 0.95 -
50587at50557_1049336_0:00265f|STRG.8292.1:1376-2116|+ -            247 50587at50557         -            390   2.9e-13   48.3   0.3   1   3      0.73   2.4e+02   -0.8   0.0    78   118     5    45     2    56 0.80 -
50587at50557_1049336_0:00265f|STRG.8292.1:1376-2116|+ -            247 50587at50557         -            390   2.9e-13   48.3   0.3   2   3   4.9e-09   1.6e-06   26.2   0.0   139   211    48   121    42   125 0.91 -
50587at50557_1049336_0:00265f|STRG.8292.1:1376-2116|+ -            247 50587at50557         -            390   2.9e-13   48.3   0.3   3   3   2.8e-07   9.2e-05   20.4   0.2   236   347   124   234   119   245 0.86 -
30640at50557_7536_0:0024c3|STRG.942.1:347-1018|+      -            224 50587at50557         -            390   9.9e-09   33.4   0.1   1   2    0.0002     0.065   11.0   0.0   149   204    58   114    11   124 0.86 -
30640at50557_7536_0:0024c3|STRG.942.1:347-1018|+      -            224 50587at50557         -            390   9.9e-09   33.4   0.1   2   2   2.2e-07     7e-05   20.7   0.0   236   321   124   210   120   220 0.89 -
30640at50557_7536_0:0024c3|STRG.942.2:102-773|+       -            224 50587at50557         -            390   9.9e-09   33.4   0.1   1   2    0.0002     0.065   11.0   0.0   149   204    58   114    11   124 0.86 -
30640at50557_7536_0:0024c3|STRG.942.2:102-773|+       -            224 50587at50557         -            390   9.9e-09   33.4   0.1   2   2   2.2e-07     7e-05   20.7   0.0   236   321   124   210   120   220 0.89 -
50587at50557_133901_0:003c0d|STRG.3396.1:52-861|+     -            270 50587at50557         -            390   4.5e-07   28.0   4.8   1   2   0.00042      0.14    9.9   0.1    97   207    34   152    16   155 0.68 -
50587at50557_133901_0:003c0d|STRG.3396.1:52-861|+     -            270 50587at50557         -            390   4.5e-07   28.0   4.8   2   2   5.4e-07   0.00017   19.4   1.7   236   345   159   268   152   270 0.86 -
30640at50557_123851_0:0040fd|STRG.640.1:249-971|+     -            241 50587at50557         -            390   1.1e-05   23.4   2.7   1   2   0.00095      0.31    8.7   0.8    91   154     8    66     2   117 0.66 -
30640at50557_123851_0:0040fd|STRG.640.1:249-971|+     -            241 50587at50557         -            390   1.1e-05   23.4   2.7   2   2   1.7e-05    0.0056   14.5   0.0   236   333   119   220   115   235 0.76 -
30640at50557_123851_0:0040fd|STRG.640.2:249-971|+     -            241 50587at50557         -            390   1.1e-05   23.4   2.7   1   2   0.00095      0.31    8.7   0.8    91   154     8    66     2   117 0.66 -
30640at50557_123851_0:0040fd|STRG.640.2:249-971|+     -            241 50587at50557         -            390   1.1e-05   23.4   2.7   2   2   1.7e-05    0.0056   14.5   0.0   236   333   119   220   115   235 0.76 -
30640at50557_246812_0:002bdf|STRG.12164.1:322-1089|+  -            256 50587at50557         -            390   1.3e-05   23.2   0.9   1   2      0.92     3e+02   -1.1   0.1   126   126    85    85    26   147 0.57 -
30640at50557_246812_0:002bdf|STRG.12164.1:322-1089|+  -            256 50587at50557         -            390   1.3e-05   23.2   0.9   2   2   7.4e-08   2.4e-05   22.3   0.1   239   322   159   243   153   250 0.88 -
30640at50557_246812_0:002bdf|STRG.12164.2:252-1019|+  -            256 50587at50557         -            390   1.3e-05   23.2   0.9   1   2      0.92     3e+02   -1.1   0.1   126   126    85    85    26   147 0.57 -
30640at50557_246812_0:002bdf|STRG.12164.2:252-1019|+  -            256 50587at50557         -            390   1.3e-05   23.2   0.9   2   2   7.4e-08   2.4e-05   22.3   0.1   239   322   159   243   153   250 0.88 -
30640at50557_246812_0:002bdf|STRG.12164.3:1422-2189|+ -            256 50587at50557         -            390   1.3e-05   23.2   0.9   1   2      0.92     3e+02   -1.1   0.1   126   126    85    85    26   147 0.57 -
30640at50557_246812_0:002bdf|STRG.12164.3:1422-2189|+ -            256 50587at50557         -            390   1.3e-05   23.2   0.9   2   2   7.4e-08   2.4e-05   22.3   0.1   239   322   159   243   153   250 0.88 -
30640at50557_103372_0:0017a1|STRG.18724.2:0-2381|+    -            794 50587at50557         -            390   4.7e-05   21.3   1.9   1   2      0.13        43    1.7   0.0    83   120   140   177   123   252 0.67 -
30640at50557_103372_0:0017a1|STRG.18724.2:0-2381|+    -            794 50587at50557         -            390   4.7e-05   21.3   1.9   2   2   1.4e-06   0.00047   18.0   0.5   236   322   260   348   256   371 0.87 -
31358at50557_123851_0:00056b|STRG.1934.1:698-1264|+   -            189 50587at50557         -            390   0.00017   19.5   0.0   1   3    0.0035       1.1    6.9   0.0    93   121     3    31     1    41 0.84 -
31358at50557_123851_0:00056b|STRG.1934.1:698-1264|+   -            189 50587at50557         -            390   0.00017   19.5   0.0   2   3      0.24        77    0.8   0.0   153   204    45    98    29   127 0.67 -
31358at50557_123851_0:00056b|STRG.1934.1:698-1264|+   -            189 50587at50557         -            390   0.00017   19.5   0.0   3   3    0.0011      0.35    8.6   0.0   265   312   139   188   103   189 0.85 -
30640at50557_7536_0:0024c3|STRG.6429.1:0-620|-        -            207 50587at50557         -            390   0.00034   18.5   0.0   1   2   5.5e-06    0.0018   16.1   0.0    93   203     5   103     2   116 0.76 -
30640at50557_7536_0:0024c3|STRG.6429.1:0-620|-        -            207 50587at50557         -            390   0.00034   18.5   0.0   2   2      0.52   1.7e+02   -0.3   0.0   238   319   115   196   112   205 0.75 -
31358at50557_123851_0:00056b|STRG.19686.1:2527-3072|+ -            182 50587at50557         -            390    0.0023   15.8   0.0   1   2     0.013       4.2    5.0   0.0   156   206    49   101     1   111 0.74 -
31358at50557_123851_0:00056b|STRG.19686.1:2527-3072|+ -            182 50587at50557         -            390    0.0023   15.8   0.0   2   2    0.0018      0.57    7.9   0.1   262   308   136   182   105   182 0.83 -
31358at50557_123851_0:00056b|STRG.19686.2:2598-3143|+ -            182 50587at50557         -            390    0.0023   15.8   0.0   1   2     0.013       4.2    5.0   0.0   156   206    49   101     1   111 0.74 -
31358at50557_123851_0:00056b|STRG.19686.2:2598-3143|+ -            182 50587at50557         -            390    0.0023   15.8   0.0   2   2    0.0018      0.57    7.9   0.1   262   308   136   182   105   182 0.83 -
31358at50557_123851_0:00056b|STRG.19686.3:1399-1944|+ -            182 50587at50557         -            390    0.0023   15.8   0.0   1   2     0.013       4.2    5.0   0.0   156   206    49   101     1   111 0.74 -
31358at50557_123851_0:00056b|STRG.19686.3:1399-1944|+ -            182 50587at50557         -            390    0.0023   15.8   0.0   2   2    0.0018      0.57    7.9   0.1   262   308   136   182   105   182 0.83 -
31358at50557_123851_0:00056b|STRG.2535.1:1095-1646|+  -            184 50587at50557         -            390    0.0065   14.3   0.0   1   2    0.0001     0.033   12.0   0.0   151   201    40    91    24    95 0.85 -
31358at50557_123851_0:00056b|STRG.2535.1:1095-1646|+  -            184 50587at50557         -            390    0.0065   14.3   0.0   2   2      0.41   1.3e+02    0.1   0.0   238   315   105   184   100   184 0.65 -
#
# Program:         hmmsearch
# Version:         3.4 (Aug 2023)
# Pipeline mode:   SEARCH
# Query file:      /home/justine/projet_tutore/busco_downloads/lineages/insecta_odb10/hmms/50587at50557.hmm
# Target file:     annotation_analysis/annotation_gca/T_cornetzi/busco_output/run_insecta_odb10/metaeuk_output/initial_results/assembled_transcripts.fasta.modified.fas
# Option settings: hmmsearch --domtblout annotation_analysis/annotation_gca/T_cornetzi/busco_output/run_insecta_odb10/hmmer_output/initial_run_results/50587at50557.out --cpu 1 /home/justine/projet_tutore/busco_downloads/lineages/insecta_odb10/hmms/50587at50557.hmm annotation_analysis/annotation_gca/T_cornetzi/busco_output/run_insecta_odb10/metaeuk_output/initial_results/assembled_transcripts.fasta.modified.fas 
# Current dir:     /home/justine/projet_tutore
# Date:            Sun Dec  1 22:18:32 2024
# [ok]
