#                                                                                                             --- full sequence --- -------------- this domain -------------   hmm coord   ali coord   env coord
# target name                                         accession   tlen query name           accession   qlen   E-value  score  bias   #  of  c-Evalue  i-Evalue  score  bias  from    to  from    to  from    to  acc description of target
#                                 ------------------- ---------- ----- -------------------- ---------- ----- --------- ------ ----- --- --- --------- --------- ------ ----- ----- ----- ----- ----- ----- ----- ---- ---------------------
51542at50557_103372_0:0027c7|STRG.17558.1:154-1506|+  -            451 51542at50557         -            323  9.7e-142  470.3  12.7   1   3   2.6e-95   8.6e-93  309.5   1.2    11   200    40   238    29   253 0.90 -
51542at50557_103372_0:0027c7|STRG.17558.1:154-1506|+  -            451 51542at50557         -            323  9.7e-142  470.3  12.7   2   3    0.0039       1.3    6.6   0.1   183   224   284   324   275   330 0.76 -
51542at50557_103372_0:0027c7|STRG.17558.1:154-1506|+  -            451 51542at50557         -            323  9.7e-142  470.3  12.7   3   3   2.8e-50     9e-48  161.5   1.2   206   323   327   451   319   451 0.94 -
51542at50557_103372_0:0027c7|STRG.17558.2:352-1571|+  -            379 51542at50557         -            323  1.3e-122  407.5  15.2   1   3   3.2e-76     1e-73  246.8   2.9    44   200     1   166     1   181 0.87 -
51542at50557_103372_0:0027c7|STRG.17558.2:352-1571|+  -            379 51542at50557         -            323  1.3e-122  407.5  15.2   2   3     0.003      0.98    7.0   0.1   183   224   212   252   202   258 0.76 -
51542at50557_103372_0:0027c7|STRG.17558.2:352-1571|+  -            379 51542at50557         -            323  1.3e-122  407.5  15.2   3   3     2e-50   6.5e-48  162.0   1.2   206   323   255   379   247   379 0.94 -
76116at50557_88501_0:002ed9|STRG.5272.1:560-1273|+    -            238 51542at50557         -            323   2.9e-07   28.5   0.1   1   1   2.7e-09   8.9e-07   26.8   0.1    13   175    29   184    23   231 0.71 -
76116at50557_88501_0:002ed9|STRG.5272.2:456-1169|+    -            238 51542at50557         -            323   2.9e-07   28.5   0.1   1   1   2.7e-09   8.9e-07   26.8   0.1    13   175    29   184    23   231 0.71 -
78395at50557_535359_0:001efc|STRG.14050.1:345-1103|+  -            253 51542at50557         -            323   0.00079   17.1   0.7   1   2   1.2e-05    0.0038   14.9   0.0    18    50    23    55     8    82 0.79 -
78395at50557_535359_0:001efc|STRG.14050.1:345-1103|+  -            253 51542at50557         -            323   0.00079   17.1   0.7   2   2      0.33   1.1e+02    0.3   0.1     4    74   148   223   145   249 0.59 -
78395at50557_103372_0:001bc6|STRG.8348.3:197-1105|+   -            303 51542at50557         -            323    0.0011   16.7   0.0   1   1   6.2e-06     0.002   15.8   0.0     8    52     7    51     2    66 0.87 -
78395at50557_103372_0:001bc6|STRG.8348.2:229-1327|+   -            342 51542at50557         -            323    0.0012   16.5   0.0   1   1   7.4e-06    0.0024   15.6   0.0     8    52    46    90    41   105 0.87 -
78395at50557_103372_0:001bc6|STRG.8348.1:0-1067|+     -            356 51542at50557         -            323    0.0013   16.4   0.0   1   1   7.8e-06    0.0025   15.5   0.0     8    52    46    90    41   105 0.87 -
76116at50557_7213_0:000664|STRG.15072.1:3758-4342|+   -            195 51542at50557         -            323    0.0027   15.4   1.0   1   3   7.1e-05     0.023   12.3   0.0    17    53    28    64    18    78 0.85 -
76116at50557_7213_0:000664|STRG.15072.1:3758-4342|+   -            195 51542at50557         -            323    0.0027   15.4   1.0   2   3      0.18        57    1.2   0.2   221   256    83   118    73   131 0.82 -
76116at50557_7213_0:000664|STRG.15072.1:3758-4342|+   -            195 51542at50557         -            323    0.0027   15.4   1.0   3   3       2.8     9e+02   -2.8   0.0     4    22   154   172   143   183 0.61 -
76116at50557_7213_0:000664|STRG.15072.2:550-1134|+    -            195 51542at50557         -            323    0.0027   15.4   1.0   1   3   7.1e-05     0.023   12.3   0.0    17    53    28    64    18    78 0.85 -
76116at50557_7213_0:000664|STRG.15072.2:550-1134|+    -            195 51542at50557         -            323    0.0027   15.4   1.0   2   3      0.18        57    1.2   0.2   221   256    83   118    73   131 0.82 -
76116at50557_7213_0:000664|STRG.15072.2:550-1134|+    -            195 51542at50557         -            323    0.0027   15.4   1.0   3   3       2.8     9e+02   -2.8   0.0     4    22   154   172   143   183 0.61 -
76116at50557_7213_0:000664|STRG.15072.3:318-902|+     -            195 51542at50557         -            323    0.0027   15.4   1.0   1   3   7.1e-05     0.023   12.3   0.0    17    53    28    64    18    78 0.85 -
76116at50557_7213_0:000664|STRG.15072.3:318-902|+     -            195 51542at50557         -            323    0.0027   15.4   1.0   2   3      0.18        57    1.2   0.2   221   256    83   118    73   131 0.82 -
76116at50557_7213_0:000664|STRG.15072.3:318-902|+     -            195 51542at50557         -            323    0.0027   15.4   1.0   3   3       2.8     9e+02   -2.8   0.0     4    22   154   172   143   183 0.61 -
67606at50557_29053_0:000ae8|STRG.21746.3:1014-1838|+  -            275 51542at50557         -            323    0.0055   14.4   0.1   1   2     0.007       2.3    5.8   0.0    29    53    42    66    32    75 0.84 -
67606at50557_29053_0:000ae8|STRG.21746.3:1014-1838|+  -            275 51542at50557         -            323    0.0055   14.4   0.1   2   2    0.0045       1.4    6.4   0.0   114   161   101   158    88   163 0.72 -
67606at50557_29053_0:000ae8|STRG.21746.4:1070-1894|+  -            275 51542at50557         -            323    0.0055   14.4   0.1   1   2     0.007       2.3    5.8   0.0    29    53    42    66    32    75 0.84 -
67606at50557_29053_0:000ae8|STRG.21746.4:1070-1894|+  -            275 51542at50557         -            323    0.0055   14.4   0.1   2   2    0.0045       1.4    6.4   0.0   114   161   101   158    88   163 0.72 -
28600at50557_520822_0:000c07|STRG.19050.2:641-2422|+  -            594 51542at50557         -            323    0.0061   14.2   1.7   1   3    0.0033       1.1    6.9   0.0    20    51     3    34     1    39 0.80 -
28600at50557_520822_0:000c07|STRG.19050.2:641-2422|+  -            594 51542at50557         -            323    0.0061   14.2   1.7   2   3     0.024       7.8    4.0   0.0    32    50   427   445   406   461 0.77 -
28600at50557_520822_0:000c07|STRG.19050.2:641-2422|+  -            594 51542at50557         -            323    0.0061   14.2   1.7   3   3      0.25        81    0.7   0.2   228   258   495   526   447   559 0.74 -
28600at50557_13686_0:0008a3|STRG.19050.1:837-2657|+   -            607 51542at50557         -            323    0.0066   14.1   1.6   1   3    0.0033       1.1    6.8   0.0    20    51     3    34     1    39 0.80 -
28600at50557_13686_0:0008a3|STRG.19050.1:837-2657|+   -            607 51542at50557         -            323    0.0066   14.1   1.6   2   3     0.027       8.6    3.9   0.0    32    50   427   445   406   457 0.77 -
28600at50557_13686_0:0008a3|STRG.19050.1:837-2657|+   -            607 51542at50557         -            323    0.0066   14.1   1.6   3   3      0.26        84    0.6   0.2   228   258   495   526   447   559 0.74 -
28600at50557_13686_0:0008a3|STRG.19050.3:0-1919|+     -            640 51542at50557         -            323    0.0088   13.7   1.8   1   3    0.0036       1.2    6.8   0.0    20    51     3    34     1    39 0.80 -
28600at50557_13686_0:0008a3|STRG.19050.3:0-1919|+     -            640 51542at50557         -            323    0.0088   13.7   1.8   2   3     0.028       9.1    3.8   0.0    32    50   427   445   408   461 0.78 -
28600at50557_13686_0:0008a3|STRG.19050.3:0-1919|+     -            640 51542at50557         -            323    0.0088   13.7   1.8   3   3       0.3        97    0.4   0.2   228   258   495   526   448   559 0.75 -
58203at50557_7038_0:002086|STRG.14083.1:2091-2783|+   -            231 51542at50557         -            323     0.014   13.1   0.1   1   2   9.8e-05     0.032   11.9   0.0    27    52    39    64    14    77 0.83 -
58203at50557_7038_0:002086|STRG.14083.1:2091-2783|+   -            231 51542at50557         -            323     0.014   13.1   0.1   2   2       2.1   6.6e+02   -2.3   0.0   110   129    96   115    86   117 0.76 -
58203at50557_7038_0:002086|STRG.14083.2:2301-2993|+   -            231 51542at50557         -            323     0.014   13.1   0.1   1   2   9.8e-05     0.032   11.9   0.0    27    52    39    64    14    77 0.83 -
58203at50557_7038_0:002086|STRG.14083.2:2301-2993|+   -            231 51542at50557         -            323     0.014   13.1   0.1   2   2       2.1   6.6e+02   -2.3   0.0   110   129    96   115    86   117 0.76 -
58203at50557_28612_0:0055dd|STRG.20828.1:940-1746|+   -            269 51542at50557         -            323     0.014   13.0   0.0   1   2   0.00024     0.079   10.6   0.0    29    52    38    61     9    72 0.74 -
58203at50557_28612_0:0055dd|STRG.20828.1:940-1746|+   -            269 51542at50557         -            323     0.014   13.0   0.0   2   2      0.46   1.5e+02   -0.2   0.0    56   156   131   152    92   169 0.66 -
67606at50557_224129_0:00052e|STRG.15277.1:514-1188|+  -            225 51542at50557         -            323     0.018   12.7   0.0   1   2   0.00018     0.057   11.0   0.0    17    67    28    77    12    81 0.77 -
67606at50557_224129_0:00052e|STRG.15277.1:514-1188|+  -            225 51542at50557         -            323     0.018   12.7   0.0   2   2         1   3.3e+02   -1.3   0.0   112   130    97   115    83   118 0.83 -
67606at50557_224129_0:00052e|STRG.15277.2:553-1227|+  -            225 51542at50557         -            323     0.018   12.7   0.0   1   2   0.00018     0.057   11.0   0.0    17    67    28    77    12    81 0.77 -
67606at50557_224129_0:00052e|STRG.15277.2:553-1227|+  -            225 51542at50557         -            323     0.018   12.7   0.0   2   2         1   3.3e+02   -1.3   0.0   112   130    97   115    83   118 0.83 -
67606at50557_224129_0:00052e|STRG.15277.3:527-1201|+  -            225 51542at50557         -            323     0.018   12.7   0.0   1   2   0.00018     0.057   11.0   0.0    17    67    28    77    12    81 0.77 -
67606at50557_224129_0:00052e|STRG.15277.3:527-1201|+  -            225 51542at50557         -            323     0.018   12.7   0.0   2   2         1   3.3e+02   -1.3   0.0   112   130    97   115    83   118 0.83 -
67606at50557_224129_0:00052e|STRG.15277.4:279-953|+   -            225 51542at50557         -            323     0.018   12.7   0.0   1   2   0.00018     0.057   11.0   0.0    17    67    28    77    12    81 0.77 -
67606at50557_224129_0:00052e|STRG.15277.4:279-953|+   -            225 51542at50557         -            323     0.018   12.7   0.0   2   2         1   3.3e+02   -1.3   0.0   112   130    97   115    83   118 0.83 -
58203at50557_217634_0:0013dc|STRG.17385.1:1089-1904|+ -            272 51542at50557         -            323     0.042   11.5   0.0   1   2   0.00059      0.19    9.3   0.0    27    56    82   111    71   117 0.83 -
58203at50557_217634_0:0013dc|STRG.17385.1:1089-1904|+ -            272 51542at50557         -            323     0.042   11.5   0.0   2   2      0.77   2.5e+02   -0.9   0.0   144   161   185   202   178   203 0.88 -
67606at50557_1155016_0:0008f0|STRG.23188.2:745-1266|+ -            174 51542at50557         -            323     0.056   11.1   0.0   1   2       1.1   3.6e+02   -1.5   0.0    52    76     8    32     3    56 0.80 -
67606at50557_1155016_0:0008f0|STRG.23188.2:745-1266|+ -            174 51542at50557         -            323     0.056   11.1   0.0   2   2   0.00043      0.14    9.8   0.0    26    56    54    84    31    93 0.85 -
#
# Program:         hmmsearch
# Version:         3.4 (Aug 2023)
# Pipeline mode:   SEARCH
# Query file:      /home/justine/projet_tutore/busco_downloads/lineages/insecta_odb10/hmms/51542at50557.hmm
# Target file:     annotation_analysis/annotation_gca/T_cornetzi/busco_output/run_insecta_odb10/metaeuk_output/initial_results/assembled_transcripts.fasta.modified.fas
# Option settings: hmmsearch --domtblout annotation_analysis/annotation_gca/T_cornetzi/busco_output/run_insecta_odb10/hmmer_output/initial_run_results/51542at50557.out --cpu 1 /home/justine/projet_tutore/busco_downloads/lineages/insecta_odb10/hmms/51542at50557.hmm annotation_analysis/annotation_gca/T_cornetzi/busco_output/run_insecta_odb10/metaeuk_output/initial_results/assembled_transcripts.fasta.modified.fas 
# Current dir:     /home/justine/projet_tutore
# Date:            Sun Dec  1 22:18:33 2024
# [ok]
