#                                                                                                              --- full sequence --- -------------- this domain -------------   hmm coord   ali coord   env coord
# target name                                          accession   tlen query name           accession   qlen   E-value  score  bias   #  of  c-Evalue  i-Evalue  score  bias  from    to  from    to  from    to  acc description of target
#                                  ------------------- ---------- ----- -------------------- ---------- ----- --------- ------ ----- --- --- --------- --------- ------ ----- ----- ----- ----- ----- ----- ----- ---- ---------------------
53033at50557_103372_0:000c7f|STRG.12458.4:201-2699|+   -            833 53033at50557         -            296   6.1e-94  313.3  47.6   1   3   7.8e-77     4e-75  251.5  12.7     2   262    39   318    38   349 0.75 -
53033at50557_103372_0:000c7f|STRG.12458.4:201-2699|+   -            833 53033at50557         -            296   6.1e-94  313.3  47.6   2   3     6e-10   3.1e-08   31.9   8.1   184   220   635   671   606   682 0.83 -
53033at50557_103372_0:000c7f|STRG.12458.4:201-2699|+   -            833 53033at50557         -            296   6.1e-94  313.3  47.6   3   3   6.1e-14   3.2e-12   45.0   4.3   215   287   712   813   686   821 0.72 -
53033at50557_103372_0:000c7f|STRG.12458.6:0-2498|+     -            833 53033at50557         -            296   6.1e-94  313.3  47.6   1   3   7.8e-77     4e-75  251.5  12.7     2   262    39   318    38   349 0.75 -
53033at50557_103372_0:000c7f|STRG.12458.6:0-2498|+     -            833 53033at50557         -            296   6.1e-94  313.3  47.6   2   3     6e-10   3.1e-08   31.9   8.1   184   220   635   671   606   682 0.83 -
53033at50557_103372_0:000c7f|STRG.12458.6:0-2498|+     -            833 53033at50557         -            296   6.1e-94  313.3  47.6   3   3   6.1e-14   3.2e-12   45.0   4.3   215   287   712   813   686   821 0.72 -
53033at50557_103372_0:000c7f|STRG.12458.1:201-2759|+   -            853 53033at50557         -            296   4.2e-92  307.2  46.6   1   4   4.8e-77   2.5e-75  252.2  12.0     2   262    39   318    38   348 0.75 -
53033at50557_103372_0:000c7f|STRG.12458.1:201-2759|+   -            853 53033at50557         -            296   4.2e-92  307.2  46.6   2   4   1.1e-09   5.9e-08   31.0   9.0   184   220   635   671   611   686 0.83 -
53033at50557_103372_0:000c7f|STRG.12458.1:201-2759|+   -            853 53033at50557         -            296   4.2e-92  307.2  46.6   3   4   3.1e-09   1.6e-07   29.6   0.1   215   268   712   774   686   784 0.75 -
53033at50557_103372_0:000c7f|STRG.12458.1:201-2759|+   -            853 53033at50557         -            296   4.2e-92  307.2  46.6   4   4   0.00087     0.045   11.7   0.4   267   287   806   833   800   841 0.72 -
53033at50557_103372_0:000c7f|STRG.12458.2:177-2735|+   -            853 53033at50557         -            296   4.2e-92  307.2  46.6   1   4   4.8e-77   2.5e-75  252.2  12.0     2   262    39   318    38   348 0.75 -
53033at50557_103372_0:000c7f|STRG.12458.2:177-2735|+   -            853 53033at50557         -            296   4.2e-92  307.2  46.6   2   4   1.1e-09   5.9e-08   31.0   9.0   184   220   635   671   611   686 0.83 -
53033at50557_103372_0:000c7f|STRG.12458.2:177-2735|+   -            853 53033at50557         -            296   4.2e-92  307.2  46.6   3   4   3.1e-09   1.6e-07   29.6   0.1   215   268   712   774   686   784 0.75 -
53033at50557_103372_0:000c7f|STRG.12458.2:177-2735|+   -            853 53033at50557         -            296   4.2e-92  307.2  46.6   4   4   0.00087     0.045   11.7   0.4   267   287   806   833   800   841 0.72 -
53033at50557_103372_0:000c7f|STRG.12458.3:173-2731|+   -            853 53033at50557         -            296   4.2e-92  307.2  46.6   1   4   4.8e-77   2.5e-75  252.2  12.0     2   262    39   318    38   348 0.75 -
53033at50557_103372_0:000c7f|STRG.12458.3:173-2731|+   -            853 53033at50557         -            296   4.2e-92  307.2  46.6   2   4   1.1e-09   5.9e-08   31.0   9.0   184   220   635   671   611   686 0.83 -
53033at50557_103372_0:000c7f|STRG.12458.3:173-2731|+   -            853 53033at50557         -            296   4.2e-92  307.2  46.6   3   4   3.1e-09   1.6e-07   29.6   0.1   215   268   712   774   686   784 0.75 -
53033at50557_103372_0:000c7f|STRG.12458.3:173-2731|+   -            853 53033at50557         -            296   4.2e-92  307.2  46.6   4   4   0.00087     0.045   11.7   0.4   267   287   806   833   800   841 0.72 -
53033at50557_103372_0:000c7f|STRG.12458.5:269-2827|+   -            853 53033at50557         -            296   4.2e-92  307.2  46.6   1   4   4.8e-77   2.5e-75  252.2  12.0     2   262    39   318    38   348 0.75 -
53033at50557_103372_0:000c7f|STRG.12458.5:269-2827|+   -            853 53033at50557         -            296   4.2e-92  307.2  46.6   2   4   1.1e-09   5.9e-08   31.0   9.0   184   220   635   671   611   686 0.83 -
53033at50557_103372_0:000c7f|STRG.12458.5:269-2827|+   -            853 53033at50557         -            296   4.2e-92  307.2  46.6   3   4   3.1e-09   1.6e-07   29.6   0.1   215   268   712   774   686   784 0.75 -
53033at50557_103372_0:000c7f|STRG.12458.5:269-2827|+   -            853 53033at50557         -            296   4.2e-92  307.2  46.6   4   4   0.00087     0.045   11.7   0.4   267   287   806   833   800   841 0.72 -
117816at50557_69004_0:00324f|STRG.17660.4:659-1702|+   -            348 53033at50557         -            296   3.1e-28   97.6   0.7   1   4   7.4e-06   0.00039   18.5   0.0    96   155     2    61     1    70 0.95 -
117816at50557_69004_0:00324f|STRG.17660.4:659-1702|+   -            348 53033at50557         -            296   3.1e-28   97.6   0.7   2   4   1.8e-06   9.1e-05   20.5   0.1    96   156    90   149    86   156 0.91 -
117816at50557_69004_0:00324f|STRG.17660.4:659-1702|+   -            348 53033at50557         -            296   3.1e-28   97.6   0.7   3   4   3.6e-09   1.8e-07   29.4   0.1    95   156   182   242   169   270 0.89 -
117816at50557_69004_0:00324f|STRG.17660.4:659-1702|+   -            348 53033at50557         -            296   3.1e-28   97.6   0.7   4   4     1e-07   5.3e-06   24.6   0.0    82   154   275   343   254   347 0.83 -
117816at50557_69004_0:00324f|STRG.17660.1:659-1702|+   -            348 53033at50557         -            296   3.3e-28   97.5   2.3   1   4   8.6e-06   0.00045   18.3   0.0    96   155     2    61     1    67 0.96 -
117816at50557_69004_0:00324f|STRG.17660.1:659-1702|+   -            348 53033at50557         -            296   3.3e-28   97.5   2.3   2   4   9.7e-07     5e-05   21.4   0.1    96   157    90   150    86   172 0.91 -
117816at50557_69004_0:00324f|STRG.17660.1:659-1702|+   -            348 53033at50557         -            296   3.3e-28   97.5   2.3   3   4   2.7e-09   1.4e-07   29.8   0.1    95   155   182   241   168   252 0.89 -
117816at50557_69004_0:00324f|STRG.17660.1:659-1702|+   -            348 53033at50557         -            296   3.3e-28   97.5   2.3   4   4   8.2e-08   4.3e-06   24.9   0.0    82   154   275   343   254   347 0.83 -
117816at50557_69004_0:00324f|STRG.17660.2:659-1702|+   -            348 53033at50557         -            296   3.3e-28   97.5   2.3   1   4   8.6e-06   0.00045   18.3   0.0    96   155     2    61     1    67 0.96 -
117816at50557_69004_0:00324f|STRG.17660.2:659-1702|+   -            348 53033at50557         -            296   3.3e-28   97.5   2.3   2   4   9.7e-07     5e-05   21.4   0.1    96   157    90   150    86   172 0.91 -
117816at50557_69004_0:00324f|STRG.17660.2:659-1702|+   -            348 53033at50557         -            296   3.3e-28   97.5   2.3   3   4   2.7e-09   1.4e-07   29.8   0.1    95   155   182   241   168   252 0.89 -
117816at50557_69004_0:00324f|STRG.17660.2:659-1702|+   -            348 53033at50557         -            296   3.3e-28   97.5   2.3   4   4   8.2e-08   4.3e-06   24.9   0.0    82   154   275   343   254   347 0.83 -
117816at50557_69004_0:00324f|STRG.17660.3:659-1702|+   -            348 53033at50557         -            296   3.3e-28   97.5   2.3   1   4   8.6e-06   0.00045   18.3   0.0    96   155     2    61     1    67 0.96 -
117816at50557_69004_0:00324f|STRG.17660.3:659-1702|+   -            348 53033at50557         -            296   3.3e-28   97.5   2.3   2   4   9.7e-07     5e-05   21.4   0.1    96   157    90   150    86   172 0.91 -
117816at50557_69004_0:00324f|STRG.17660.3:659-1702|+   -            348 53033at50557         -            296   3.3e-28   97.5   2.3   3   4   2.7e-09   1.4e-07   29.8   0.1    95   155   182   241   168   252 0.89 -
117816at50557_69004_0:00324f|STRG.17660.3:659-1702|+   -            348 53033at50557         -            296   3.3e-28   97.5   2.3   4   4   8.2e-08   4.3e-06   24.9   0.0    82   154   275   343   254   347 0.83 -
117816at50557_69004_0:00324f|STRG.17660.5:620-1663|+   -            348 53033at50557         -            296   6.3e-28   96.6   0.7   1   4   1.5e-05    0.0008   17.4   0.0    96   155     2    61     1    70 0.95 -
117816at50557_69004_0:00324f|STRG.17660.5:620-1663|+   -            348 53033at50557         -            296   6.3e-28   96.6   0.7   2   4   1.8e-06   9.1e-05   20.5   0.1    96   156    90   149    86   156 0.91 -
117816at50557_69004_0:00324f|STRG.17660.5:620-1663|+   -            348 53033at50557         -            296   6.3e-28   96.6   0.7   3   4   3.6e-09   1.8e-07   29.4   0.1    95   156   182   242   169   270 0.89 -
117816at50557_69004_0:00324f|STRG.17660.5:620-1663|+   -            348 53033at50557         -            296   6.3e-28   96.6   0.7   4   4     1e-07   5.3e-06   24.6   0.0    82   154   275   343   254   347 0.83 -
24138at50557_103372_0:001296|STRG.3619.1:156-2819|+    -            888 53033at50557         -            296   3.4e-25   87.6  33.8   1   6   2.3e-06   0.00012   20.2   0.7    97   157     5    64     2    77 0.92 -
24138at50557_103372_0:001296|STRG.3619.1:156-2819|+    -            888 53033at50557         -            296   3.4e-25   87.6  33.8   2   6      0.48        25    2.7   2.4   133   196   275   332   267   343 0.66 -
24138at50557_103372_0:001296|STRG.3619.1:156-2819|+    -            888 53033at50557         -            296   3.4e-25   87.6  33.8   3   6   3.1e-07   1.6e-05   23.0   0.0    91   156   345   410   324   483 0.75 -
24138at50557_103372_0:001296|STRG.3619.1:156-2819|+    -            888 53033at50557         -            296   3.4e-25   87.6  33.8   4   6      0.03       1.5    6.7   0.0    93   154   531   586   511   609 0.81 -
24138at50557_103372_0:001296|STRG.3619.1:156-2819|+    -            888 53033at50557         -            296   3.4e-25   87.6  33.8   5   6   9.1e-06   0.00047   18.2   1.8    56   156   620   727   611   737 0.75 -
24138at50557_103372_0:001296|STRG.3619.1:156-2819|+    -            888 53033at50557         -            296   3.4e-25   87.6  33.8   6   6   4.6e-11   2.4e-09   35.6   0.4    69   157   739   828   733   837 0.79 -
53033at50557_7237_0:002391|STRG.15895.1:207-605|+      -            133 53033at50557         -            296   2.9e-18   64.9   0.1   1   1   6.5e-20   3.4e-18   64.6   0.1    11    87    29   107    20   131 0.90 -
117816at50557_7200_0:0014c2|STRG.24179.2:1392-2324|+   -            311 53033at50557         -            296   6.5e-18   63.7   0.0   1   3   5.4e-06   0.00028   19.0   0.0   106   156     2    52     1    62 0.92 -
117816at50557_7200_0:0014c2|STRG.24179.2:1392-2324|+   -            311 53033at50557         -            296   6.5e-18   63.7   0.0   2   3   0.00059     0.031   12.3   0.0    91   155    73   150    52   164 0.71 -
117816at50557_7200_0:0014c2|STRG.24179.2:1392-2324|+   -            311 53033at50557         -            296   6.5e-18   63.7   0.0   3   3   1.1e-08   5.5e-07   27.8   0.0    92   155   226   289   217   303 0.91 -
53033at50557_1155016_0:002bec|STRG.2306.1:644-1009|+   -            122 53033at50557         -            296     7e-17   60.3   0.0   1   1   1.5e-18   7.6e-17   60.2   0.0    15   125     1   120     1   122 0.87 -
53033at50557_1155016_0:002bec|STRG.2306.2:378-743|+    -            122 53033at50557         -            296     7e-17   60.3   0.0   1   1   1.5e-18   7.6e-17   60.2   0.0    15   125     1   120     1   122 0.87 -
83433at50557_133901_0:001dd1|STRG.23394.1:173-688|+    -            172 53033at50557         -            296   2.4e-15   55.3   0.0   1   2   2.6e-06   0.00014   20.0   0.0    97   152     3    58     1    76 0.89 -
83433at50557_133901_0:001dd1|STRG.23394.1:173-688|+    -            172 53033at50557         -            296   2.4e-15   55.3   0.0   2   2   1.8e-10   9.2e-09   33.7   0.0    95   152    92   150    79   168 0.87 -
83433at50557_133901_0:001dd1|STRG.4100.1:716-1231|+    -            172 53033at50557         -            296     5e-15   54.2   0.2   1   2   2.9e-08   1.5e-06   26.4   0.0    96   159     2    65     1    89 0.85 -
83433at50557_133901_0:001dd1|STRG.4100.1:716-1231|+    -            172 53033at50557         -            296     5e-15   54.2   0.2   2   2   3.2e-08   1.6e-06   26.3   0.4    93   156    87   150    76   168 0.83 -
83433at50557_133901_0:001dd1|STRG.14793.1:149-670|+    -            174 53033at50557         -            296   6.4e-15   53.9   0.0   1   2   1.6e-07   8.1e-06   24.0   0.0    96   154     2    60     1    82 0.90 -
83433at50557_133901_0:001dd1|STRG.14793.1:149-670|+    -            174 53033at50557         -            296   6.4e-15   53.9   0.0   2   2   8.2e-09   4.2e-07   28.2   0.0    96   154    92   150    90   171 0.89 -
83433at50557_133901_0:001dd1|STRG.14793.2:149-670|+    -            174 53033at50557         -            296   6.4e-15   53.9   0.0   1   2   1.6e-07   8.1e-06   24.0   0.0    96   154     2    60     1    82 0.90 -
83433at50557_133901_0:001dd1|STRG.14793.2:149-670|+    -            174 53033at50557         -            296   6.4e-15   53.9   0.0   2   2   8.2e-09   4.2e-07   28.2   0.0    96   154    92   150    90   171 0.89 -
117816at50557_121225_0:000cee|STRG.3372.1:27-530|+     -            168 53033at50557         -            296   2.1e-14   52.2   0.0   1   2   6.1e-10   3.2e-08   31.9   0.0    93   158     3    68     1    81 0.93 -
117816at50557_121225_0:000cee|STRG.3372.1:27-530|+     -            168 53033at50557         -            296   2.1e-14   52.2   0.0   2   2   5.4e-06   0.00028   19.0   0.0    94   155    91   153    66   161 0.81 -
117816at50557_29058_0:000b65|STRG.15439.1:928-1401|+   -            158 53033at50557         -            296   7.9e-14   50.3   0.1   1   2   0.00029     0.015   13.3   0.1   101   159     1    59     1    66 0.91 -
117816at50557_29058_0:000b65|STRG.15439.1:928-1401|+   -            158 53033at50557         -            296   7.9e-14   50.3   0.1   2   2   1.2e-12   6.5e-11   40.7   0.0    62   154    46   140    45   147 0.91 -
117816at50557_29058_0:000b65|STRG.15439.2:481-954|+    -            158 53033at50557         -            296   7.9e-14   50.3   0.1   1   2   0.00029     0.015   13.3   0.1   101   159     1    59     1    66 0.91 -
117816at50557_29058_0:000b65|STRG.15439.2:481-954|+    -            158 53033at50557         -            296   7.9e-14   50.3   0.1   2   2   1.2e-12   6.5e-11   40.7   0.0    62   154    46   140    45   147 0.91 -
117816at50557_29058_0:000b65|STRG.15439.3:400-873|+    -            158 53033at50557         -            296   7.9e-14   50.3   0.1   1   2   0.00029     0.015   13.3   0.1   101   159     1    59     1    66 0.91 -
117816at50557_29058_0:000b65|STRG.15439.3:400-873|+    -            158 53033at50557         -            296   7.9e-14   50.3   0.1   2   2   1.2e-12   6.5e-11   40.7   0.0    62   154    46   140    45   147 0.91 -
117816at50557_29058_0:000b65|STRG.15439.5:876-1349|+   -            158 53033at50557         -            296   7.9e-14   50.3   0.1   1   2   0.00029     0.015   13.3   0.1   101   159     1    59     1    66 0.91 -
117816at50557_29058_0:000b65|STRG.15439.5:876-1349|+   -            158 53033at50557         -            296   7.9e-14   50.3   0.1   2   2   1.2e-12   6.5e-11   40.7   0.0    62   154    46   140    45   147 0.91 -
117816at50557_29058_0:000b65|STRG.15439.6:518-991|+    -            158 53033at50557         -            296   7.9e-14   50.3   0.1   1   2   0.00029     0.015   13.3   0.1   101   159     1    59     1    66 0.91 -
117816at50557_29058_0:000b65|STRG.15439.6:518-991|+    -            158 53033at50557         -            296   7.9e-14   50.3   0.1   2   2   1.2e-12   6.5e-11   40.7   0.0    62   154    46   140    45   147 0.91 -
129956at50557_64459_0:001a3e|STRG.18348.1:2336-2749|+  -            138 53033at50557         -            296     7e-13   47.2   0.0   1   2   2.7e-09   1.4e-07   29.8   0.0    96   156     1    61     1    66 0.96 -
129956at50557_64459_0:001a3e|STRG.18348.1:2336-2749|+  -            138 53033at50557         -            296     7e-13   47.2   0.0   2   2   4.9e-05    0.0026   15.8   0.0    93   127    96   130    79   138 0.84 -
129956at50557_64459_0:001a3e|STRG.18348.2:505-918|+    -            138 53033at50557         -            296     7e-13   47.2   0.0   1   2   2.7e-09   1.4e-07   29.8   0.0    96   156     1    61     1    66 0.96 -
129956at50557_64459_0:001a3e|STRG.18348.2:505-918|+    -            138 53033at50557         -            296     7e-13   47.2   0.0   2   2   4.9e-05    0.0026   15.8   0.0    93   127    96   130    79   138 0.84 -
129956at50557_64459_0:001a3e|STRG.18348.3:1431-1844|+  -            138 53033at50557         -            296     7e-13   47.2   0.0   1   2   2.7e-09   1.4e-07   29.8   0.0    96   156     1    61     1    66 0.96 -
129956at50557_64459_0:001a3e|STRG.18348.3:1431-1844|+  -            138 53033at50557         -            296     7e-13   47.2   0.0   2   2   4.9e-05    0.0026   15.8   0.0    93   127    96   130    79   138 0.84 -
129956at50557_64459_0:001a3e|STRG.18348.4:1409-1822|+  -            138 53033at50557         -            296     7e-13   47.2   0.0   1   2   2.7e-09   1.4e-07   29.8   0.0    96   156     1    61     1    66 0.96 -
129956at50557_64459_0:001a3e|STRG.18348.4:1409-1822|+  -            138 53033at50557         -            296     7e-13   47.2   0.0   2   2   4.9e-05    0.0026   15.8   0.0    93   127    96   130    79   138 0.84 -
129956at50557_64459_0:001a3e|STRG.18348.5:672-1085|+   -            138 53033at50557         -            296     7e-13   47.2   0.0   1   2   2.7e-09   1.4e-07   29.8   0.0    96   156     1    61     1    66 0.96 -
129956at50557_64459_0:001a3e|STRG.18348.5:672-1085|+   -            138 53033at50557         -            296     7e-13   47.2   0.0   2   2   4.9e-05    0.0026   15.8   0.0    93   127    96   130    79   138 0.84 -
83433at50557_166361_0:0030d8|STRG.15439.4:2552-3112|+  -            187 53033at50557         -            296   9.9e-13   46.7   0.1   1   2    0.0044      0.23    9.4   0.1   106   157     3    54     1    59 0.88 -
83433at50557_166361_0:0030d8|STRG.15439.4:2552-3112|+  -            187 53033at50557         -            296   9.9e-13   46.7   0.1   2   2   3.4e-12   1.7e-10   39.3   0.0    65   155    46   138    44   163 0.89 -
53033at50557_7237_0:0023ce|STRG.6084.1:2177-2401|+     -             75 53033at50557         -            296   3.5e-12   44.9   0.3   1   1   7.1e-14   3.7e-12   44.8   0.3    15    84     1    73     1    75 0.89 -
53033at50557_7237_0:0023ce|STRG.6084.3:2177-2401|+     -             75 53033at50557         -            296   3.5e-12   44.9   0.3   1   1   7.1e-14   3.7e-12   44.8   0.3    15    84     1    73     1    75 0.89 -
117816at50557_7200_0:0014c2|STRG.24179.3:1392-2135|+   -            248 53033at50557         -            296   3.6e-12   44.8   0.0   1   3   3.6e-06   0.00019   19.5   0.0   106   156     2    52     1    63 0.92 -
117816at50557_7200_0:0014c2|STRG.24179.3:1392-2135|+   -            248 53033at50557         -            296   3.6e-12   44.8   0.0   2   3   3.5e-07   1.8e-05   22.9   0.0    91   156    73   138    52   152 0.82 -
117816at50557_7200_0:0014c2|STRG.24179.3:1392-2135|+   -            248 53033at50557         -            296   3.6e-12   44.8   0.0   3   3       8.1   4.2e+02   -1.3   0.0    93   118   223   248   216   248 0.86 -
101501at50557_103372_0:00154d|STRG.6004.2:0-2339|+     -            780 53033at50557         -            296   3.8e-12   44.8  38.4   1   4   7.5e-06   0.00039   18.5   6.8    77   194    30   145    21   193 0.74 -
101501at50557_103372_0:00154d|STRG.6004.2:0-2339|+     -            780 53033at50557         -            296   3.8e-12   44.8  38.4   2   4    0.0042      0.22    9.4   0.5    80   155   174   250   168   277 0.83 -
101501at50557_103372_0:00154d|STRG.6004.2:0-2339|+     -            780 53033at50557         -            296   3.8e-12   44.8  38.4   3   4   1.7e-08   8.6e-07   27.2   0.4    78   161   373   459   355   490 0.80 -
101501at50557_103372_0:00154d|STRG.6004.2:0-2339|+     -            780 53033at50557         -            296   3.8e-12   44.8  38.4   4   4    0.0035      0.18    9.7   2.4    73   164   517   618   506   690 0.68 -
117816at50557_123851_0:00306e|STRG.24179.1:1392-2000|+ -            203 53033at50557         -            296   3.9e-12   44.7   0.0   1   2   2.4e-06   0.00012   20.1   0.0   106   157     2    53     1    65 0.91 -
117816at50557_123851_0:00306e|STRG.24179.1:1392-2000|+ -            203 53033at50557         -            296   3.9e-12   44.7   0.0   2   2   2.2e-07   1.2e-05   23.5   0.0    90   156    72   138    52   152 0.82 -
101501at50557_103372_0:00154d|STRG.6004.1:497-2818|+   -            774 53033at50557         -            296     4e-12   44.7  38.5   1   4   7.6e-06    0.0004   18.5   6.8    77   194    24   139    15   187 0.74 -
101501at50557_103372_0:00154d|STRG.6004.1:497-2818|+   -            774 53033at50557         -            296     4e-12   44.7  38.5   2   4    0.0042      0.22    9.4   0.5    80   155   168   244   162   271 0.83 -
101501at50557_103372_0:00154d|STRG.6004.1:497-2818|+   -            774 53033at50557         -            296     4e-12   44.7  38.5   3   4   1.6e-08   8.5e-07   27.2   0.4    78   161   367   453   349   484 0.80 -
101501at50557_103372_0:00154d|STRG.6004.1:497-2818|+   -            774 53033at50557         -            296     4e-12   44.7  38.5   4   4    0.0034      0.18    9.7   2.4    73   164   511   612   500   684 0.68 -
59099at50557_64793_0:000fa7|STRG.1381.1:180-1115|+     -            312 53033at50557         -            296   5.1e-12   44.3   0.0   1   2   5.5e-07   2.8e-05   22.2   0.0    91   158    51   118    33   129 0.86 -
59099at50557_64793_0:000fa7|STRG.1381.1:180-1115|+     -            312 53033at50557         -            296   5.1e-12   44.3   0.0   2   2   2.7e-06   0.00014   19.9   0.0    96   158   225   286   218   296 0.91 -
129956at50557_112268_0:002589|STRG.6625.7:365-718|+    -            118 53033at50557         -            296     2e-10   39.1   0.0   1   2   2.1e-08   1.1e-06   26.9   0.0    97   169     2    74     1    77 0.92 -
129956at50557_112268_0:002589|STRG.6625.7:365-718|+    -            118 53033at50557         -            296     2e-10   39.1   0.0   2   2    0.0014     0.074   11.0   0.0    95   127    80   112    71   118 0.85 -
129956at50557_74873_0:002c71|STRG.22414.1:0-236|+      -             79 53033at50557         -            296   3.3e-10   38.4   0.0   1   1   7.6e-12   3.9e-10   38.2   0.0    92   154     7    65     4    72 0.91 -
125548at50557_103372_0:000e1a|STRG.22967.2:40-882|+    -            243 53033at50557         -            296   6.6e-10   37.4   0.0   1   1   2.1e-11   1.1e-09   36.7   0.0    87   158   108   179   100   193 0.90 -
125548at50557_103372_0:000e1a|STRG.22967.1:66-1002|+   -            244 53033at50557         -            296   6.7e-10   37.4   0.0   1   1   2.1e-11   1.1e-09   36.7   0.0    87   158   109   180   101   194 0.90 -
129956at50557_34720_0:00189a|STRG.12488.1:0-416|+      -            139 53033at50557         -            296   2.8e-09   35.4   0.0   1   1     6e-11   3.1e-09   35.2   0.0    91   164    31   104     6   132 0.85 -
129956at50557_13686_0:0011f5|STRG.2869.1:774-1001|+    -             76 53033at50557         -            296   5.6e-09   34.4   0.0   1   1   1.2e-10     6e-09   34.3   0.0    96   158     1    63     1    72 0.94 -
129956at50557_13686_0:0011f5|STRG.2869.2:674-901|+     -             76 53033at50557         -            296   5.6e-09   34.4   0.0   1   1   1.2e-10     6e-09   34.3   0.0    96   158     1    63     1    72 0.94 -
129956at50557_37344_0:0029cb|STRG.12907.1:167-502|+    -            112 53033at50557         -            296   5.9e-09   34.3   0.0   1   1   1.3e-10   6.9e-09   34.1   0.0    81   154    12    85     5   100 0.91 -
117816at50557_13249_0:002086|STRG.1565.2:62-478|+      -            139 53033at50557         -            296   7.5e-09   34.0   0.1   1   2    0.0031      0.16    9.9   0.0   129   169     7    47     1    62 0.76 -
117816at50557_13249_0:002086|STRG.1565.2:62-478|+      -            139 53033at50557         -            296   7.5e-09   34.0   0.1   2   2   2.8e-07   1.5e-05   23.2   0.1    93   159    60   127    49   137 0.85 -
129956at50557_441921_0:0017da|STRG.17660.1:1205-1435|+ -             77 53033at50557         -            296   1.3e-08   33.2   0.0   1   1   2.7e-10   1.4e-08   33.0   0.0    96   155     1    59     1    68 0.90 -
129956at50557_441921_0:0017da|STRG.17660.2:1205-1435|+ -             77 53033at50557         -            296   1.3e-08   33.2   0.0   1   1   2.7e-10   1.4e-08   33.0   0.0    96   155     1    59     1    68 0.90 -
129956at50557_441921_0:0017da|STRG.17660.3:1205-1435|+ -             77 53033at50557         -            296   1.3e-08   33.2   0.0   1   1   2.7e-10   1.4e-08   33.0   0.0    96   155     1    59     1    68 0.90 -
129956at50557_286306_0:000be5|STRG.21359.8:37-324|+    -             96 53033at50557         -            296   1.3e-08   33.2   0.0   1   1   2.8e-10   1.4e-08   33.0   0.0    92   162     1    71     1    86 0.82 -
129956at50557_441921_0:0017da|STRG.17660.4:1205-1435|+ -             77 53033at50557         -            296   1.8e-08   32.7   0.0   1   1   3.9e-10     2e-08   32.6   0.0    96   156     1    60     1    69 0.89 -
129956at50557_441921_0:0017da|STRG.17660.5:1166-1396|+ -             77 53033at50557         -            296   1.8e-08   32.7   0.0   1   1   3.9e-10     2e-08   32.6   0.0    96   156     1    60     1    69 0.89 -
129956at50557_38123_0:0017f4|STRG.8009.1:521-673|+     -             51 53033at50557         -            296   2.7e-08   32.1   0.1   1   1   5.5e-10   2.8e-08   32.1   0.1    96   145     1    50     1    51 0.95 -
129956at50557_38123_0:0017f4|STRG.8009.2:521-673|+     -             51 53033at50557         -            296   2.7e-08   32.1   0.1   1   1   5.5e-10   2.8e-08   32.1   0.1    96   145     1    50     1    51 0.95 -
129956at50557_38123_0:0017f4|STRG.8009.3:521-673|+     -             51 53033at50557         -            296   2.7e-08   32.1   0.1   1   1   5.5e-10   2.8e-08   32.1   0.1    96   145     1    50     1    51 0.95 -
129956at50557_199890_0:001386|STRG.5925.1:849-1127|+   -             93 53033at50557         -            296     3e-08   32.0   0.1   1   1   6.7e-10   3.5e-08   31.8   0.1    89   155    17    83    13    89 0.94 -
129956at50557_199890_0:001386|STRG.5925.2:600-884|+    -             95 53033at50557         -            296     3e-08   32.0   0.0   1   1   6.8e-10   3.6e-08   31.7   0.0    89   155    17    83    13    91 0.94 -
129956at50557_199890_0:001386|STRG.5925.3:600-884|+    -             95 53033at50557         -            296     3e-08   32.0   0.0   1   1   6.8e-10   3.6e-08   31.7   0.0    89   155    17    83    13    91 0.94 -
129956at50557_38123_0:0017f4|STRG.6625.4:569-721|+     -             51 53033at50557         -            296   3.8e-08   31.6   0.1   1   1   7.6e-10     4e-08   31.6   0.1    96   145     1    50     1    51 0.95 -
129956at50557_38123_0:0017f4|STRG.6625.5:1114-1266|+   -             51 53033at50557         -            296   3.8e-08   31.6   0.1   1   1   7.6e-10     4e-08   31.6   0.1    96   145     1    50     1    51 0.95 -
129956at50557_38123_0:0017f4|STRG.6625.6:1020-1172|+   -             51 53033at50557         -            296   3.8e-08   31.6   0.1   1   1   7.6e-10     4e-08   31.6   0.1    96   145     1    50     1    51 0.95 -
129956at50557_7176_0:003daf|STRG.24179.4:1005-1232|+   -             76 53033at50557         -            296   4.4e-08   31.4   0.0   1   1   9.4e-10   4.9e-08   31.3   0.0    95   155     4    64     2    72 0.94 -
129956at50557_7176_0:003daf|STRG.24179.5:1494-1721|+   -             76 53033at50557         -            296   4.4e-08   31.4   0.0   1   1   9.4e-10   4.9e-08   31.3   0.0    95   155     4    64     2    72 0.94 -
129956at50557_441921_0:0017da|STRG.12014.1:173-415|+   -             81 53033at50557         -            296   4.7e-08   31.3   0.0   1   1   9.3e-10   4.8e-08   31.3   0.0    93   153    11    66     1    76 0.89 -
129956at50557_441921_0:0017da|STRG.12014.3:173-415|+   -             81 53033at50557         -            296   4.7e-08   31.3   0.0   1   1   9.3e-10   4.8e-08   31.3   0.0    93   153    11    66     1    76 0.89 -
129956at50557_441921_0:0017da|STRG.12014.4:173-415|+   -             81 53033at50557         -            296   4.7e-08   31.3   0.0   1   1   9.3e-10   4.8e-08   31.3   0.0    93   153    11    66     1    76 0.89 -
129956at50557_441921_0:0017da|STRG.12014.5:173-415|+   -             81 53033at50557         -            296   4.7e-08   31.3   0.0   1   1   9.3e-10   4.8e-08   31.3   0.0    93   153    11    66     1    76 0.89 -
129956at50557_441921_0:0017da|STRG.12014.6:173-415|+   -             81 53033at50557         -            296   4.7e-08   31.3   0.0   1   1   9.3e-10   4.8e-08   31.3   0.0    93   153    11    66     1    76 0.89 -
129956at50557_441921_0:0017da|STRG.12014.7:105-347|+   -             81 53033at50557         -            296   4.7e-08   31.3   0.0   1   1   9.3e-10   4.8e-08   31.3   0.0    93   153    11    66     1    76 0.89 -
129956at50557_7395_0:00347a|STRG.21359.1:49-303|+      -             85 53033at50557         -            296   4.7e-08   31.3   0.0   1   1   9.8e-10   5.1e-08   31.2   0.0    97   162     2    67     1    81 0.82 -
129956at50557_7395_0:00347a|STRG.21359.2:49-303|+      -             85 53033at50557         -            296   4.7e-08   31.3   0.0   1   1   9.8e-10   5.1e-08   31.2   0.0    97   162     2    67     1    81 0.82 -
129956at50557_7395_0:00347a|STRG.21359.3:49-303|+      -             85 53033at50557         -            296   4.7e-08   31.3   0.0   1   1   9.8e-10   5.1e-08   31.2   0.0    97   162     2    67     1    81 0.82 -
129956at50557_7395_0:00347a|STRG.21359.4:49-303|+      -             85 53033at50557         -            296   4.7e-08   31.3   0.0   1   1   9.8e-10   5.1e-08   31.2   0.0    97   162     2    67     1    81 0.82 -
129956at50557_7395_0:00347a|STRG.21359.5:49-303|+      -             85 53033at50557         -            296   4.7e-08   31.3   0.0   1   1   9.8e-10   5.1e-08   31.2   0.0    97   162     2    67     1    81 0.82 -
129956at50557_7395_0:00347a|STRG.21359.6:49-303|+      -             85 53033at50557         -            296   4.7e-08   31.3   0.0   1   1   9.8e-10   5.1e-08   31.2   0.0    97   162     2    67     1    81 0.82 -
129956at50557_7395_0:00347a|STRG.21359.7:49-303|+      -             85 53033at50557         -            296   4.7e-08   31.3   0.0   1   1   9.8e-10   5.1e-08   31.2   0.0    97   162     2    67     1    81 0.82 -
129956at50557_7395_0:00347a|STRG.21359.9:49-303|+      -             85 53033at50557         -            296   4.7e-08   31.3   0.0   1   1   9.8e-10   5.1e-08   31.2   0.0    97   162     2    67     1    81 0.82 -
129956at50557_29053_0:00060a|STRG.14793.1:422-676|+    -             85 53033at50557         -            296   7.9e-08   30.6   0.0   1   1   1.5e-09     8e-08   30.6   0.0    98   155     3    60     1    81 0.87 -
129956at50557_29053_0:00060a|STRG.14793.2:422-676|+    -             85 53033at50557         -            296   7.9e-08   30.6   0.0   1   1   1.5e-09     8e-08   30.6   0.0    98   155     3    60     1    81 0.87 -
129956at50557_64838_0:000c3c|STRG.24179.4:277-498|+    -             74 53033at50557         -            296   8.9e-08   30.4   0.0   1   1   1.8e-09   9.4e-08   30.4   0.0    98   157     3    62     1    72 0.92 -
129956at50557_64838_0:000c3c|STRG.24179.5:766-987|+    -             74 53033at50557         -            296   8.9e-08   30.4   0.0   1   1   1.8e-09   9.4e-08   30.4   0.0    98   157     3    62     1    72 0.92 -
129956at50557_7159_0:0030fc|STRG.14535.1:291-530|+     -             80 53033at50557         -            296   1.1e-07   30.2   0.0   1   1   2.2e-09   1.2e-07   30.1   0.0    96   156     1    61     1    71 0.95 -
129956at50557_104688_0:0004d5|STRG.2266.1:69-335|+     -             89 53033at50557         -            296   2.6e-07   28.9   0.0   1   1   5.7e-09   2.9e-07   28.7   0.0    91   154    12    75     4    84 0.86 -
129956at50557_7160_0:003f5c|STRG.13011.5:394-645|+     -             84 53033at50557         -            296   3.6e-07   28.4   0.6   1   1   8.7e-09   4.5e-07   28.1   0.6    96   181     1    78     1    83 0.80 -
129956at50557_286306_0:000be5|STRG.12907.2:54-314|+    -             87 53033at50557         -            296   4.7e-07   28.1   0.0   1   1   9.5e-09   4.9e-07   28.0   0.0    96   155     1    60     1    76 0.92 -
101501at50557_1218281_0:0033ae|STRG.8896.1:252-470|+   -             73 53033at50557         -            296   5.1e-07   27.9   0.0   1   1   1.1e-08   5.6e-07   27.8   0.0   101   155     2    56     1    61 0.93 -
101501at50557_1218281_0:0033ae|STRG.8896.2:252-470|+   -             73 53033at50557         -            296   5.1e-07   27.9   0.0   1   1   1.1e-08   5.6e-07   27.8   0.0   101   155     2    56     1    61 0.93 -
101501at50557_1218281_0:0033ae|STRG.8896.3:252-470|+   -             73 53033at50557         -            296   5.1e-07   27.9   0.0   1   1   1.1e-08   5.6e-07   27.8   0.0   101   155     2    56     1    61 0.93 -
129956at50557_7160_0:003f5c|STRG.17827.1:392-604|+     -             71 53033at50557         -            296     9e-07   27.1   0.0   1   1   1.8e-08   9.1e-07   27.1   0.0   104   155     7    58     1    65 0.88 -
129956at50557_7160_0:003f5c|STRG.17827.2:392-604|+     -             71 53033at50557         -            296     9e-07   27.1   0.0   1   1   1.8e-08   9.1e-07   27.1   0.0   104   155     7    58     1    65 0.88 -
129956at50557_7160_0:003f5c|STRG.17827.3:392-604|+     -             71 53033at50557         -            296     9e-07   27.1   0.0   1   1   1.8e-08   9.1e-07   27.1   0.0   104   155     7    58     1    65 0.88 -
129956at50557_7160_0:003f5c|STRG.17827.4:392-604|+     -             71 53033at50557         -            296     9e-07   27.1   0.0   1   1   1.8e-08   9.1e-07   27.1   0.0   104   155     7    58     1    65 0.88 -
129956at50557_7176_0:003daf|STRG.21837.1:1399-1638|+   -             80 53033at50557         -            296   1.2e-06   26.7   0.0   1   1   2.7e-08   1.4e-06   26.5   0.0    96   154     1    59     1    64 0.95 -
129956at50557_441921_0:0017da|STRG.22981.1:175-450|+   -             92 53033at50557         -            296   2.1e-06   25.9   0.0   1   1   4.5e-08   2.3e-06   25.8   0.0    94   153    23    77     3    81 0.89 -
129956at50557_29031_0:001f45|STRG.7704.1:892-1035|+    -             48 53033at50557         -            296   3.9e-06   25.1   0.0   1   1   7.8e-08   4.1e-06   25.0   0.0    96   143     1    48     1    48 0.96 -
129956at50557_29031_0:001f45|STRG.7704.2:420-563|+     -             48 53033at50557         -            296   3.9e-06   25.1   0.0   1   1   7.8e-08   4.1e-06   25.0   0.0    96   143     1    48     1    48 0.96 -
117816at50557_13249_0:002086|STRG.3908.2:361-900|+     -            180 53033at50557         -            296   4.6e-06   24.8   0.0   1   1   1.2e-07   6.3e-06   24.4   0.0    96   153   119   176    95   179 0.85 -
129956at50557_7160_0:003f5c|STRG.3839.1:558-839|+      -             94 53033at50557         -            296   9.7e-06   23.7   0.0   1   1   1.9e-07   9.7e-06   23.7   0.0   107   156     3    52     1    85 0.92 -
129956at50557_7160_0:003f5c|STRG.3839.2:558-839|+      -             94 53033at50557         -            296   9.7e-06   23.7   0.0   1   1   1.9e-07   9.7e-06   23.7   0.0   107   156     3    52     1    85 0.92 -
129956at50557_7160_0:003f5c|STRG.3839.3:102-383|+      -             94 53033at50557         -            296   9.7e-06   23.7   0.0   1   1   1.9e-07   9.7e-06   23.7   0.0   107   156     3    52     1    85 0.92 -
129956at50557_7160_0:003f5c|STRG.3839.4:102-383|+      -             94 53033at50557         -            296   9.7e-06   23.7   0.0   1   1   1.9e-07   9.7e-06   23.7   0.0   107   156     3    52     1    85 0.92 -
129956at50557_121225_0:0029b4|STRG.1789.1:1000-1242|+  -             81 53033at50557         -            296   1.1e-05   23.6   0.0   1   1   2.3e-07   1.2e-05   23.5   0.0    97   154     1    57     1    71 0.93 -
129956at50557_121225_0:0029b4|STRG.1789.2:217-459|+    -             81 53033at50557         -            296   1.1e-05   23.6   0.0   1   1   2.3e-07   1.2e-05   23.5   0.0    97   154     1    57     1    71 0.93 -
129956at50557_121225_0:0029b4|STRG.1789.3:193-435|+    -             81 53033at50557         -            296   1.1e-05   23.6   0.0   1   1   2.3e-07   1.2e-05   23.5   0.0    97   154     1    57     1    71 0.93 -
117816at50557_7397_0:002a90|STRG.17406.2:506-664|+     -             53 53033at50557         -            296   1.1e-05   23.5   0.0   1   1   2.3e-07   1.2e-05   23.4   0.0    96   149     1    53     1    53 0.92 -
117816at50557_7397_0:002a90|STRG.17406.3:506-664|+     -             53 53033at50557         -            296   1.1e-05   23.5   0.0   1   1   2.3e-07   1.2e-05   23.4   0.0    96   149     1    53     1    53 0.92 -
129956at50557_38123_0:0017f4|STRG.3908.1:321-482|+     -             54 53033at50557         -            296   1.1e-05   23.5   0.0   1   1   2.4e-07   1.3e-05   23.4   0.0    99   146     4    51     1    53 0.92 -
129956at50557_7536_0:0043e4|STRG.13011.2:2-355|+       -            118 53033at50557         -            296   1.9e-05   22.8   0.0   1   1   3.9e-07     2e-05   22.7   0.0    97   172     2    77     1   101 0.90 -
135254at50557_103372_0:002a85|STRG.8240.1:0-374|+      -            125 53033at50557         -            296   3.6e-05   21.9   0.1   1   1   8.1e-07   4.2e-05   21.7   0.1    93   187    19   111     6   124 0.79 -
117816at50557_217634_0:001779|STRG.17406.1:506-958|+   -            151 53033at50557         -            296   3.7e-05   21.8   0.0   1   1   8.5e-07   4.4e-05   21.6   0.0    96   151     1    55     1    72 0.89 -
129956at50557_7176_0:003daf|STRG.24251.1:317-559|+     -             81 53033at50557         -            296   6.1e-05   21.1   0.0   1   1   1.3e-06   6.9e-05   20.9   0.0    96   153     1    58     1    67 0.94 -
129956at50557_7176_0:003daf|STRG.24251.3:159-401|+     -             81 53033at50557         -            296   6.1e-05   21.1   0.0   1   1   1.3e-06   6.9e-05   20.9   0.0    96   153     1    58     1    67 0.94 -
49780at50557_45779_0:0017cf|STRG.2520.3:1047-13184|+   -            436 53033at50557         -            296   9.1e-05   20.6   0.0   1   3     0.076       3.9    5.3   0.0    95   156    18    79     6    89 0.73 -
49780at50557_45779_0:0017cf|STRG.2520.3:1047-13184|+   -            436 53033at50557         -            296   9.1e-05   20.6   0.0   2   3     0.011      0.59    8.0   0.0    93   154   118   176   112   187 0.88 -
49780at50557_45779_0:0017cf|STRG.2520.3:1047-13184|+   -            436 53033at50557         -            296   9.1e-05   20.6   0.0   3   3      0.35        18    3.1   0.0    95   155   199   253   192   259 0.87 -
102553at50557_7167_0:001a03|STRG.15267.1:164-1057|+    -            298 53033at50557         -            296   0.00011   20.3   0.2   1   1   4.1e-06   0.00021   19.3   0.0    92   156   217   281   208   291 0.91 -
129956at50557_7397_0:004a22|STRG.19092.6:209-502|+     -             98 53033at50557         -            296   0.00037   18.5   0.0   1   1   8.1e-06   0.00042   18.4   0.0    96   158     9    69     4    95 0.85 -
129956at50557_7397_0:004a22|STRG.19092.1:346-621|+     -             92 53033at50557         -            296   0.00039   18.5   0.0   1   1     8e-06   0.00041   18.4   0.0    96   158     3    63     1    89 0.84 -
129956at50557_7397_0:004a22|STRG.19092.2:894-1169|+    -             92 53033at50557         -            296   0.00039   18.5   0.0   1   1     8e-06   0.00041   18.4   0.0    96   158     3    63     1    89 0.84 -
129956at50557_7397_0:004a22|STRG.19092.3:837-1112|+    -             92 53033at50557         -            296   0.00039   18.5   0.0   1   1     8e-06   0.00041   18.4   0.0    96   158     3    63     1    89 0.84 -
129956at50557_7397_0:004a22|STRG.19092.5:171-446|+     -             92 53033at50557         -            296   0.00039   18.5   0.0   1   1     8e-06   0.00041   18.4   0.0    96   158     3    63     1    89 0.84 -
129956at50557_7397_0:004a22|STRG.19092.7:1574-1849|+   -             92 53033at50557         -            296   0.00039   18.5   0.0   1   1     8e-06   0.00041   18.4   0.0    96   158     3    63     1    89 0.84 -
129956at50557_7397_0:004a22|STRG.19092.8:230-505|+     -             92 53033at50557         -            296   0.00039   18.5   0.0   1   1     8e-06   0.00041   18.4   0.0    96   158     3    63     1    89 0.84 -
49780at50557_13686_0:001eb7|STRG.15239.1:0-2315|+      -            772 53033at50557         -            296   0.00048   18.2   0.0   1   1     3e-05    0.0016   16.5   0.0    93   151   307   364   302   372 0.91 -
125548at50557_143948_0:002761|STRG.880.2:175-426|+     -             84 53033at50557         -            296   0.00054   18.0   0.0   1   1   1.2e-05   0.00062   17.8   0.0    95   157    13    70     4    81 0.84 -
129956at50557_37344_0:0029cb|STRG.19092.4:744-1052|+   -            103 53033at50557         -            296   0.00072   17.6   0.0   1   1   1.6e-05   0.00084   17.4   0.0    95   156    32    91    20    97 0.89 -
83433at50557_1507135_0:0010eb|STRG.17441.6:234-1223|-  -            294 53033at50557         -            296   0.00081   17.4   0.1   1   2     0.013      0.66    7.9   0.0    95   156    11    64     6    80 0.84 -
83433at50557_1507135_0:0010eb|STRG.17441.6:234-1223|-  -            294 53033at50557         -            296   0.00081   17.4   0.1   2   2     0.017      0.87    7.5   0.0    90   154    85   141    74   157 0.83 -
83433at50557_1507135_0:0010eb|STRG.17441.7:56-1051|-   -            296 53033at50557         -            296   0.00082   17.4   0.1   1   2     0.013      0.67    7.9   0.0    95   156    11    64     6    80 0.84 -
83433at50557_1507135_0:0010eb|STRG.17441.7:56-1051|-   -            296 53033at50557         -            296   0.00082   17.4   0.1   2   2     0.017      0.88    7.5   0.0    90   154    85   141    74   157 0.83 -
135254at50557_103372_0:002a85|STRG.13494.1:985-1188|+  -             68 53033at50557         -            296   0.00084   17.4   0.0   1   1   1.8e-05   0.00095   17.2   0.0    96   155     1    63     1    67 0.86 -
135254at50557_103372_0:002a85|STRG.13494.2:1056-1259|+ -             68 53033at50557         -            296   0.00084   17.4   0.0   1   1   1.8e-05   0.00095   17.2   0.0    96   155     1    63     1    67 0.86 -
135254at50557_103372_0:002a85|STRG.13494.3:985-1188|+  -             68 53033at50557         -            296   0.00084   17.4   0.0   1   1   1.8e-05   0.00095   17.2   0.0    96   155     1    63     1    67 0.86 -
135254at50557_103372_0:002a85|STRG.13494.4:985-1188|+  -             68 53033at50557         -            296   0.00084   17.4   0.0   1   1   1.8e-05   0.00095   17.2   0.0    96   155     1    63     1    67 0.86 -
83433at50557_13686_0:000d60|STRG.17441.2:603-1622|-    -            304 53033at50557         -            296    0.0009   17.3   0.1   1   2     0.013      0.67    7.9   0.0    95   156    11    64     6    82 0.83 -
83433at50557_13686_0:000d60|STRG.17441.2:603-1622|-    -            304 53033at50557         -            296    0.0009   17.3   0.1   2   2     0.018      0.92    7.4   0.0    90   154    85   141    74   157 0.83 -
83433at50557_156304_0:001c1d|STRG.17441.3:3196-4257|-  -            318 53033at50557         -            296     0.001   17.1   0.1   1   2     0.014      0.72    7.8   0.0    95   156    11    64     6    82 0.83 -
83433at50557_156304_0:001c1d|STRG.17441.3:3196-4257|-  -            318 53033at50557         -            296     0.001   17.1   0.1   2   2      0.02         1    7.3   0.0    90   154    85   141    75   157 0.83 -
83433at50557_286306_0:001317|STRG.17441.4:3001-4227|-  -            328 53033at50557         -            296    0.0011   17.0   0.1   1   2     0.015      0.76    7.7   0.0    95   156    17    70    11    86 0.84 -
83433at50557_286306_0:001317|STRG.17441.4:3001-4227|-  -            328 53033at50557         -            296    0.0011   17.0   0.1   2   2     0.021       1.1    7.2   0.0    90   154    91   147    80   161 0.82 -
83433at50557_103372_0:0000fa|STRG.17441.1:270-1361|-   -            328 53033at50557         -            296    0.0011   16.9   0.1   1   2     0.015      0.75    7.7   0.0    95   156    11    64     6    82 0.83 -
83433at50557_103372_0:0000fa|STRG.17441.1:270-1361|-   -            328 53033at50557         -            296    0.0011   16.9   0.1   2   2      0.02       1.1    7.2   0.0    90   154    85   141    75   157 0.83 -
104832at50557_315563_0:002a5b|STRG.2520.1:3278-3901|+  -            208 53033at50557         -            296    0.0013   16.8   0.0   1   2    0.0032      0.17    9.8   0.0    93   154    53   111    47   124 0.88 -
104832at50557_315563_0:002a5b|STRG.2520.1:3278-3901|+  -            208 53033at50557         -            296    0.0013   16.8   0.0   2   2       0.1       5.4    4.9   0.0    95   155   134   188   126   195 0.87 -
104832at50557_315563_0:002a5b|STRG.2520.2:3278-3901|+  -            208 53033at50557         -            296    0.0013   16.8   0.0   1   2    0.0032      0.17    9.8   0.0    93   154    53   111    47   124 0.88 -
104832at50557_315563_0:002a5b|STRG.2520.2:3278-3901|+  -            208 53033at50557         -            296    0.0013   16.8   0.0   2   2       0.1       5.4    4.9   0.0    95   155   134   188   126   195 0.87 -
83433at50557_286306_0:001317|STRG.17441.5:3105-5015|-  -            353 53033at50557         -            296    0.0014   16.7   0.1   1   2     0.016      0.81    7.6   0.0    95   156    17    70    11    88 0.84 -
83433at50557_286306_0:001317|STRG.17441.5:3105-5015|-  -            353 53033at50557         -            296    0.0014   16.7   0.1   2   2     0.023       1.2    7.0   0.0    90   154    91   147    80   161 0.82 -
104832at50557_34720_0:0019e7|STRG.18733.1:0-812|+      -            271 53033at50557         -            296    0.0016   16.4   1.7   1   1   3.5e-05    0.0018   16.3   0.1    95   156   158   211   147   224 0.84 -
129956at50557_7425_0:001fb1|STRG.22970.1:809-1051|+    -             81 53033at50557         -            296    0.0018   16.3   0.0   1   1   3.6e-05    0.0019   16.2   0.0    96   158     1    63     1    77 0.90 -
129956at50557_7425_0:001fb1|STRG.22970.4:771-1013|+    -             81 53033at50557         -            296    0.0018   16.3   0.0   1   1   3.6e-05    0.0019   16.2   0.0    96   158     1    63     1    77 0.90 -
129956at50557_51655_0:0033b8|STRG.10268.1:612-923|+    -            104 53033at50557         -            296    0.0026   15.8   0.0   1   1   5.7e-05    0.0029   15.6   0.0    94   153     8    67     1    73 0.91 -
129956at50557_51655_0:0033b8|STRG.10268.3:612-923|+    -            104 53033at50557         -            296    0.0026   15.8   0.0   1   1   5.7e-05    0.0029   15.6   0.0    94   153     8    67     1    73 0.91 -
129956at50557_315563_0:002b41|STRG.13011.7:1160-1492|+ -            111 53033at50557         -            296    0.0028   15.7   0.0   1   1   5.5e-05    0.0029   15.6   0.0    89   149    18    80     1    91 0.78 -
129956at50557_315563_0:002b41|STRG.13011.1:170-505|+   -            112 53033at50557         -            296    0.0031   15.5   0.0   1   1   6.8e-05    0.0035   15.3   0.0    89   149    19    81     5    92 0.79 -
129956at50557_315563_0:002b41|STRG.13011.3:170-505|+   -            112 53033at50557         -            296    0.0031   15.5   0.0   1   1   6.8e-05    0.0035   15.3   0.0    89   149    19    81     5    92 0.79 -
129956at50557_315563_0:002b41|STRG.13011.4:170-505|+   -            112 53033at50557         -            296    0.0031   15.5   0.0   1   1   6.8e-05    0.0035   15.3   0.0    89   149    19    81     5    92 0.79 -
129956at50557_315563_0:002b41|STRG.13011.6:170-505|+   -            112 53033at50557         -            296    0.0031   15.5   0.0   1   1   6.8e-05    0.0035   15.3   0.0    89   149    19    81     5    92 0.79 -
105919at50557_88501_0:001ba1|STRG.14958.1:96-1946|+    -            617 53033at50557         -            296    0.0061   14.5   0.0   1   1   0.00012    0.0061   14.5   0.0    92   153   454   524   448   531 0.82 -
135254at50557_13249_0:000902|STRG.23921.1:159-374|+    -             72 53033at50557         -            296    0.0082   14.1   0.2   1   1    0.0002      0.01   13.8   0.2   132   154    47    69    11    71 0.77 -
135254at50557_13249_0:000902|STRG.23921.2:159-374|+    -             72 53033at50557         -            296    0.0082   14.1   0.2   1   1    0.0002      0.01   13.8   0.2   132   154    47    69    11    71 0.77 -
83433at50557_76194_0:001d82|STRG.10108.5:9-272|+       -             88 53033at50557         -            296     0.012   13.5   0.1   1   1   0.00034     0.018   13.0   0.1    95   156     6    64     2    85 0.84 -
129956at50557_37344_0:0029cb|STRG.5480.1:2968-3186|+   -             73 53033at50557         -            296     0.028   12.4   0.0   1   1   0.00058      0.03   12.3   0.0    94   142    22    72    16    73 0.88 -
129956at50557_37344_0:0029cb|STRG.5480.3:355-573|+     -             73 53033at50557         -            296     0.028   12.4   0.0   1   1   0.00058      0.03   12.3   0.0    94   142    22    72    16    73 0.88 -
24138at50557_7004_0:0051ca|STRG.9126.1:228-560|+       -            111 53033at50557         -            296     0.076   11.0   0.0   1   1    0.0016     0.081   10.9   0.0    92   157    24    88     8   102 0.86 -
#
# Program:         hmmsearch
# Version:         3.4 (Aug 2023)
# Pipeline mode:   SEARCH
# Query file:      /home/justine/projet_tutore/busco_downloads/lineages/insecta_odb10/hmms/53033at50557.hmm
# Target file:     annotation_analysis/annotation_gca/T_cornetzi/busco_output/run_insecta_odb10/metaeuk_output/initial_results/assembled_transcripts.fasta.modified.fas
# Option settings: hmmsearch --domtblout annotation_analysis/annotation_gca/T_cornetzi/busco_output/run_insecta_odb10/hmmer_output/initial_run_results/53033at50557.out --cpu 1 /home/justine/projet_tutore/busco_downloads/lineages/insecta_odb10/hmms/53033at50557.hmm annotation_analysis/annotation_gca/T_cornetzi/busco_output/run_insecta_odb10/metaeuk_output/initial_results/assembled_transcripts.fasta.modified.fas 
# Current dir:     /home/justine/projet_tutore
# Date:            Sun Dec  1 22:18:34 2024
# [ok]
