#                                                                                                               --- full sequence --- -------------- this domain -------------   hmm coord   ali coord   env coord
# target name                                           accession   tlen query name           accession   qlen   E-value  score  bias   #  of  c-Evalue  i-Evalue  score  bias  from    to  from    to  from    to  acc description of target
#                                   ------------------- ---------- ----- -------------------- ---------- ----- --------- ------ ----- --- --- --------- --------- ------ ----- ----- ----- ----- ----- ----- ----- ---- ---------------------
58189at50557_103372_0:000235|STRG.20926.1:971-2209|+    -            413 58189at50557         -            171   2.9e-75  250.5   6.5   1   3      0.74   2.4e+02    0.2   0.1   139   166     7    37     4    42 0.62 -
58189at50557_103372_0:000235|STRG.20926.1:971-2209|+    -            413 58189at50557         -            171   2.9e-75  250.5   6.5   2   3   3.7e-42   1.2e-39  134.6   0.0     1    91   167   277   167   280 0.91 -
58189at50557_103372_0:000235|STRG.20926.1:971-2209|+    -            413 58189at50557         -            171   2.9e-75  250.5   6.5   3   3   8.6e-36   2.8e-33  113.9   1.1    88   171   311   413   299   413 0.83 -
58189at50557_103372_0:000235|STRG.20926.2:0-1238|+      -            413 58189at50557         -            171   2.9e-75  250.5   6.5   1   3      0.74   2.4e+02    0.2   0.1   139   166     7    37     4    42 0.62 -
58189at50557_103372_0:000235|STRG.20926.2:0-1238|+      -            413 58189at50557         -            171   2.9e-75  250.5   6.5   2   3   3.7e-42   1.2e-39  134.6   0.0     1    91   167   277   167   280 0.91 -
58189at50557_103372_0:000235|STRG.20926.2:0-1238|+      -            413 58189at50557         -            171   2.9e-75  250.5   6.5   3   3   8.6e-36   2.8e-33  113.9   1.1    88   171   311   413   299   413 0.83 -
58189at50557_121225_0:000d00|STRG.19811.1:14571-15611|+ -            347 58189at50557         -            171     6e-10   37.9   1.1   1   2   3.8e-08   1.2e-05   23.9   0.0     2    89   122   228   121   243 0.79 -
58189at50557_121225_0:000d00|STRG.19811.1:14571-15611|+ -            347 58189at50557         -            171     6e-10   37.9   1.1   2   2   0.00013     0.042   12.4   0.2   111   151   301   342   291   347 0.81 -
58189at50557_121225_0:000d00|STRG.19811.2:11492-12532|+ -            347 58189at50557         -            171     6e-10   37.9   1.1   1   2   3.8e-08   1.2e-05   23.9   0.0     2    89   122   228   121   243 0.79 -
58189at50557_121225_0:000d00|STRG.19811.2:11492-12532|+ -            347 58189at50557         -            171     6e-10   37.9   1.1   2   2   0.00013     0.042   12.4   0.2   111   151   301   342   291   347 0.81 -
58189at50557_121225_0:000d00|STRG.19811.3:6096-7136|+   -            347 58189at50557         -            171     6e-10   37.9   1.1   1   2   3.8e-08   1.2e-05   23.9   0.0     2    89   122   228   121   243 0.79 -
58189at50557_121225_0:000d00|STRG.19811.3:6096-7136|+   -            347 58189at50557         -            171     6e-10   37.9   1.1   2   2   0.00013     0.042   12.4   0.2   111   151   301   342   291   347 0.81 -
31793at50557_7004_0:0042c4|STRG.4574.1:1688-2580|+      -            251 58189at50557         -            171   6.6e-09   34.5   0.1   1   1   1.7e-10   5.6e-08   31.5   0.1    10    92   147   250   139   251 0.87 -
31793at50557_7004_0:0042c4|STRG.4574.2:1113-1865|+      -            251 58189at50557         -            171   7.3e-09   34.4   0.1   1   1   1.7e-10   5.6e-08   31.5   0.1    10    92   147   250   139   251 0.87 -
31793at50557_7004_0:0042c4|STRG.4574.3:1107-1859|+      -            251 58189at50557         -            171   7.3e-09   34.4   0.1   1   1   1.7e-10   5.6e-08   31.5   0.1    10    92   147   250   139   251 0.87 -
31793at50557_51655_0:0011f1|STRG.4578.4:1314-2124|+     -            227 58189at50557         -            171   3.1e-08   32.4   0.1   1   1   7.2e-10   2.3e-07   29.5   0.1    17    92   130   226   122   227 0.88 -
31793at50557_39758_0:0015fa|STRG.4569.1:13-792|+        -            260 58189at50557         -            171   1.4e-07   30.2   0.0   1   1   2.8e-09   9.2e-07   27.6   0.0    17    92    81   177    72   180 0.87 -
31793at50557_79782_0:0006d2|STRG.22574.1:30-986|+       -            319 58189at50557         -            171     4e-07   28.7   1.0   1   2       5.1   1.7e+03   -2.6   0.0    78    96    67    85    58    94 0.78 -
31793at50557_79782_0:0006d2|STRG.22574.1:30-986|+       -            319 58189at50557         -            171     4e-07   28.7   1.0   2   2   3.6e-08   1.2e-05   24.0   0.8     9    91   170   272   157   279 0.72 -
31793at50557_1049336_0:002448|STRG.4578.2:1320-1661|+   -            114 58189at50557         -            171   4.2e-06   25.4   0.1   1   1   8.9e-08   2.9e-05   22.7   0.1    17    86    24   114    15   114 0.84 -
31793at50557_286706_0:000ea2|STRG.10288.1:188-1789|+    -            534 58189at50557         -            171     1e-05   24.2   1.7   1   2   3.2e-08     1e-05   24.2   1.7    10    91   164   265   151   268 0.78 -
31793at50557_286706_0:000ea2|STRG.10288.1:188-1789|+    -            534 58189at50557         -            171     1e-05   24.2   1.7   2   2       2.7   8.7e+02   -1.7   0.1   113   139   500   526   486   533 0.59 -
31793at50557_286706_0:000ea2|STRG.10288.2:185-1786|+    -            534 58189at50557         -            171     1e-05   24.2   1.7   1   2   3.2e-08     1e-05   24.2   1.7    10    91   164   265   151   268 0.78 -
31793at50557_286706_0:000ea2|STRG.10288.2:185-1786|+    -            534 58189at50557         -            171     1e-05   24.2   1.7   2   2       2.7   8.7e+02   -1.7   0.1   113   139   500   526   486   533 0.59 -
31793at50557_1049336_0:002448|STRG.4578.1:1391-1849|+   -            153 58189at50557         -            171     1e-05   24.1   0.1   1   1   2.3e-07   7.4e-05   21.4   0.1    17    86    63   153    55   153 0.83 -
22348at50557_103372_0:002a7b|STRG.15926.1:279-2378|+    -            700 58189at50557         -            171   1.6e-05   23.5   0.4   1   2       2.6   8.4e+02   -1.6   0.0    89   118   415   445   405   461 0.71 -
22348at50557_103372_0:002a7b|STRG.15926.1:279-2378|+    -            700 58189at50557         -            171   1.6e-05   23.5   0.4   2   2   3.1e-07    0.0001   20.9   0.0    14    92   493   584   481   592 0.82 -
22348at50557_7539_0:00019f|STRG.15926.2:217-2242|+      -            667 58189at50557         -            171   1.7e-05   23.4   0.5   1   2       2.4   7.7e+02   -1.5   0.0    89   118   385   415   374   431 0.71 -
22348at50557_7539_0:00019f|STRG.15926.2:217-2242|+      -            667 58189at50557         -            171   1.7e-05   23.4   0.5   2   2   2.9e-07   9.4e-05   21.0   0.0    14    92   463   554   451   562 0.82 -
22348at50557_7539_0:00019f|STRG.15926.3:78-2118|+       -            672 58189at50557         -            171   2.5e-05   22.9   0.1   1   1   2.9e-07   9.5e-05   21.0   0.0    14    92   468   559   456   567 0.82 -
22348at50557_7539_0:00019f|STRG.15926.4:78-2121|+       -            673 58189at50557         -            171   2.7e-05   22.8   0.1   1   1   2.9e-07   9.5e-05   21.0   0.0    14    92   469   560   457   568 0.82 -
31793at50557_7004_0:0042c4|STRG.1657.1:539-1375|+       -            279 58189at50557         -            171     4e-05   22.2   0.0   1   1     3e-07   9.7e-05   21.0   0.0    12    90   151   249   135   255 0.67 -
31793at50557_456900_0:001971|STRG.22572.2:84-1829|+     -            582 58189at50557         -            171    0.0003   19.4   0.2   1   1   8.8e-06    0.0028   16.2   0.2    15    91   169   265   152   288 0.79 -
31793at50557_456900_0:001971|STRG.22572.1:48-1835|+     -            596 58189at50557         -            171   0.00032   19.3   0.3   1   1   9.2e-06     0.003   16.1   0.3    15    91   183   279   166   302 0.79 -
22348at50557_535359_0:00183a|STRG.17352.1:308-1957|+    -            550 58189at50557         -            171   0.00073   18.1   0.0   1   1   5.3e-06    0.0017   16.9   0.0     2    89   380   487   379   493 0.79 -
22348at50557_680683_0:002a76|STRG.8609.1:93-1754|+      -            554 58189at50557         -            171    0.0073   14.9   1.3   1   2     0.035        11    4.5   0.1    66   139   188   260   177   264 0.83 -
22348at50557_680683_0:002a76|STRG.8609.1:93-1754|+      -            554 58189at50557         -            171    0.0073   14.9   1.3   2   2     0.007       2.3    6.8   0.2     2    91   418   526   417   535 0.61 -
22348at50557_39758_0:0000a5|STRG.8609.2:1846-2256|+     -            137 58189at50557         -            171    0.0078   14.8   0.2   1   1   0.00031     0.099   11.2   0.2     2    91     8   116     7   125 0.67 -
#
# Program:         hmmsearch
# Version:         3.4 (Aug 2023)
# Pipeline mode:   SEARCH
# Query file:      /home/justine/projet_tutore/busco_downloads/lineages/insecta_odb10/hmms/58189at50557.hmm
# Target file:     annotation_analysis/annotation_gca/T_cornetzi/busco_output/run_insecta_odb10/metaeuk_output/initial_results/assembled_transcripts.fasta.modified.fas
# Option settings: hmmsearch --domtblout annotation_analysis/annotation_gca/T_cornetzi/busco_output/run_insecta_odb10/hmmer_output/initial_run_results/58189at50557.out --cpu 1 /home/justine/projet_tutore/busco_downloads/lineages/insecta_odb10/hmms/58189at50557.hmm annotation_analysis/annotation_gca/T_cornetzi/busco_output/run_insecta_odb10/metaeuk_output/initial_results/assembled_transcripts.fasta.modified.fas 
# Current dir:     /home/justine/projet_tutore
# Date:            Sun Dec  1 22:18:59 2024
# [ok]
