#                                                                                                              --- full sequence --- -------------- this domain -------------   hmm coord   ali coord   env coord
# target name                                          accession   tlen query name           accession   qlen   E-value  score  bias   #  of  c-Evalue  i-Evalue  score  bias  from    to  from    to  from    to  acc description of target
#                                  ------------------- ---------- ----- -------------------- ---------- ----- --------- ------ ----- --- --- --------- --------- ------ ----- ----- ----- ----- ----- ----- ----- ---- ---------------------
60961at50557_34720_0:0017d0|STRG.7028.1:122-1495|+     -            444 60961at50557         -            337    9e-173  572.8   0.0   1   2   2.8e-46   6.5e-44  149.2   0.0     1    98    38   142    38   151 0.96 -
60961at50557_34720_0:0017d0|STRG.7028.1:122-1495|+     -            444 60961at50557         -            337    9e-173  572.8   0.0   2   2  3.4e-129  7.9e-127  421.8   0.0    93   337   163   440   144   440 0.91 -
60961at50557_34720_0:0017d0|STRG.7028.2:122-1714|+     -            444 60961at50557         -            337    9e-173  572.8   0.0   1   2   2.8e-46   6.5e-44  149.2   0.0     1    98    38   142    38   151 0.96 -
60961at50557_34720_0:0017d0|STRG.7028.2:122-1714|+     -            444 60961at50557         -            337    9e-173  572.8   0.0   2   2  3.4e-129  7.9e-127  421.8   0.0    93   337   163   440   144   440 0.91 -
60961at50557_34720_0:0017d0|STRG.7028.3:122-1453|+     -            444 60961at50557         -            337    9e-173  572.8   0.0   1   2   2.8e-46   6.5e-44  149.2   0.0     1    98    38   142    38   151 0.96 -
60961at50557_34720_0:0017d0|STRG.7028.3:122-1453|+     -            444 60961at50557         -            337    9e-173  572.8   0.0   2   2  3.4e-129  7.9e-127  421.8   0.0    93   337   163   440   144   440 0.91 -
60961at50557_41427_0:00202e|STRG.4503.2:242-1339|+     -            366 60961at50557         -            337   2.6e-41  140.6   0.1   1   2   5.5e-13   1.3e-10   39.7   0.0    17    86    49   117    36   138 0.83 -
60961at50557_41427_0:00202e|STRG.4503.2:242-1339|+     -            366 60961at50557         -            337   2.6e-41  140.6   0.1   2   2   7.6e-31   1.8e-28   98.5   0.0     2   195   141   364   140   366 0.76 -
60961at50557_54969_0:0007af|STRG.5880.1:421-1119|+     -            233 60961at50557         -            337   5.5e-34  116.6   0.2   1   2   3.6e-21   8.4e-19   66.6   0.1    97   197     5   113     1   126 0.80 -
60961at50557_54969_0:0007af|STRG.5880.1:421-1119|+     -            233 60961at50557         -            337   5.5e-34  116.6   0.2   2   2   1.1e-15   2.6e-13   48.6   0.0    98   189   131   232   116   233 0.80 -
60961at50557_54969_0:0007af|STRG.5880.2:957-1655|+     -            233 60961at50557         -            337   5.5e-34  116.6   0.2   1   2   3.6e-21   8.4e-19   66.6   0.1    97   197     5   113     1   126 0.80 -
60961at50557_54969_0:0007af|STRG.5880.2:957-1655|+     -            233 60961at50557         -            337   5.5e-34  116.6   0.2   2   2   1.1e-15   2.6e-13   48.6   0.0    98   189   131   232   116   233 0.80 -
60961at50557_54969_0:0007af|STRG.5880.3:294-992|+      -            233 60961at50557         -            337   5.5e-34  116.6   0.2   1   2   3.6e-21   8.4e-19   66.6   0.1    97   197     5   113     1   126 0.80 -
60961at50557_54969_0:0007af|STRG.5880.3:294-992|+      -            233 60961at50557         -            337   5.5e-34  116.6   0.2   2   2   1.1e-15   2.6e-13   48.6   0.0    98   189   131   232   116   233 0.80 -
60961at50557_41427_0:00202e|STRG.4503.1:62-937|+       -            292 60961at50557         -            337   3.2e-33  114.1   0.0   1   3     0.065        15    3.4   0.0    17    76     2    58     1    68 0.82 -
60961at50557_41427_0:00202e|STRG.4503.1:62-937|+       -            292 60961at50557         -            337   3.2e-33  114.1   0.0   2   3   3.3e-13   7.7e-11   40.5   0.0    16    86   108   177    91   198 0.83 -
60961at50557_41427_0:00202e|STRG.4503.1:62-937|+       -            292 60961at50557         -            337   3.2e-33  114.1   0.0   3   3   3.9e-21   8.9e-19   66.6   0.0     2    82   201   285   200   290 0.90 -
60961at50557_30025_0:002fae|STRG.5880.4:530-1210|+     -            227 60961at50557         -            337   3.8e-32  110.5   0.2   1   2   2.9e-16   6.7e-14   50.5   0.0    97   179    20   107     8   136 0.77 -
60961at50557_30025_0:002fae|STRG.5880.4:530-1210|+     -            227 60961at50557         -            337   3.8e-32  110.5   0.2   2   2   1.2e-18   2.7e-16   58.4   0.0    98   168   145   219   132   226 0.54 -
65618at50557_110193_0:0020cd|STRG.17666.1:99-788|+     -            230 60961at50557         -            337   3.4e-26   90.9   0.0   1   1   1.8e-28   4.1e-26   90.7   0.0   104   215     1   124     1   200 0.80 -
65618at50557_29053_0:00095b|STRG.5109.1:3-677|+        -            225 60961at50557         -            337   4.1e-22   77.5   0.0   1   1   4.5e-24     1e-21   76.2   0.0     2   147    21   179    20   194 0.68 -
60961at50557_7536_0:0031ae|STRG.4504.1:581-934|+       -            118 60961at50557         -            337     2e-21   75.3   0.1   1   1   1.6e-23   3.7e-21   74.4   0.1     3    96     8   109     6   117 0.83 -
65618at50557_520822_0:000026|STRG.6475.3:115-1630|+    -            409 60961at50557         -            337   1.1e-18   66.2   0.0   1   2     2e-20   4.6e-18   64.2   0.0    98   191    14   112     4   136 0.81 -
65618at50557_520822_0:000026|STRG.6475.3:115-1630|+    -            409 60961at50557         -            337   1.1e-18   66.2   0.0   2   2       1.1   2.5e+02   -0.7   0.0   218   280   255   313   226   350 0.79 -
65618at50557_520822_0:000026|STRG.6475.2:115-1566|+    -            417 60961at50557         -            337   1.2e-18   66.2   0.0   1   2   2.1e-20   4.7e-18   64.2   0.0    98   191    14   112     4   136 0.81 -
65618at50557_520822_0:000026|STRG.6475.2:115-1566|+    -            417 60961at50557         -            337   1.2e-18   66.2   0.0   2   2       1.1   2.6e+02   -0.7   0.0   218   280   255   313   227   350 0.79 -
65618at50557_103372_0:000ad6|STRG.6475.1:124-1365|+    -            414 60961at50557         -            337   1.2e-18   66.1   0.0   1   2   2.2e-20   5.2e-18   64.0   0.0    99   191    12   109     4   133 0.80 -
65618at50557_103372_0:000ad6|STRG.6475.1:124-1365|+    -            414 60961at50557         -            337   1.2e-18   66.1   0.0   2   2       1.1   2.6e+02   -0.7   0.0   218   280   252   310   224   347 0.79 -
60961at50557_104452_0:000511|STRG.20824.1:383-706|+    -            108 60961at50557         -            337   1.4e-15   56.0   0.1   1   1   7.3e-18   1.7e-15   55.8   0.1     1    84    14   102     6   106 0.72 -
60961at50557_104452_0:000511|STRG.20824.2:111-434|+    -            108 60961at50557         -            337   1.4e-15   56.0   0.1   1   1   7.3e-18   1.7e-15   55.8   0.1     1    84    14   102     6   106 0.72 -
138527at50557_1049336_0:004c49|STRG.5109.1:1035-1319|+ -             95 60961at50557         -            337   2.3e-15   55.4   0.0   1   1   1.1e-17   2.4e-15   55.3   0.0   103   168    26    95     9    95 0.83 -
65618at50557_29031_0:0021aa|STRG.5880.4:1351-1644|+    -             98 60961at50557         -            337   1.7e-13   49.2   0.0   1   1   8.5e-16     2e-13   49.0   0.0   118   189    14    97     5    98 0.81 -
65618at50557_29031_0:0021aa|STRG.17835.1:580-939|+     -            120 60961at50557         -            337   1.8e-12   45.8   0.0   1   1   9.2e-15   2.1e-12   45.6   0.0   113   199    16   110     3   115 0.77 -
65618at50557_29031_0:0021aa|STRG.17835.2:87-446|+      -            120 60961at50557         -            337   1.8e-12   45.8   0.0   1   1   9.2e-15   2.1e-12   45.6   0.0   113   199    16   110     3   115 0.77 -
138527at50557_7070_0:000af3|STRG.5880.1:868-1104|+     -             79 60961at50557         -            337   2.2e-12   45.6   0.0   1   1     1e-14   2.3e-12   45.5   0.0   119   184     1    78     1    79 0.80 -
138527at50557_7070_0:000af3|STRG.5880.3:741-977|+      -             79 60961at50557         -            337   2.2e-12   45.6   0.0   1   1     1e-14   2.3e-12   45.5   0.0   119   184     1    78     1    79 0.80 -
65618at50557_64459_0:000660|STRG.19361.1:238-1083|+    -            282 60961at50557         -            337   3.2e-10   38.4   0.0   1   1   1.9e-12   4.5e-10   38.0   0.0     5    84     2    85     1   159 0.81 -
138527at50557_103372_0:00284e|STRG.23411.1:0-416|+     -            139 60961at50557         -            337   3.8e-10   38.2   0.0   1   1     2e-12   4.6e-10   37.9   0.0     8    77    40   109    33   127 0.90 -
65618at50557_64459_0:000660|STRG.19361.2:102-995|+     -            298 60961at50557         -            337   3.8e-10   38.2   0.0   1   1   2.6e-12     6e-10   37.5   0.0     5    84     2    85     1   127 0.79 -
138527at50557_29053_0:0022e2|STRG.9932.1:225-524|+     -            100 60961at50557         -            337   6.3e-08   30.9   0.0   1   1   2.8e-10   6.6e-08   30.8   0.0    17    78    14    74     2    97 0.85 -
138527at50557_7160_0:0018e6|STRG.9932.3:3-230|+        -             76 60961at50557         -            337   6.4e-08   30.9   0.0   1   1     3e-10     7e-08   30.7   0.0    17    77     9    68     3    75 0.89 -
138527at50557_29053_0:0022e2|STRG.9932.2:0-287|+       -             96 60961at50557         -            337   7.3e-08   30.7   0.0   1   1   3.4e-10   7.9e-08   30.6   0.0    17    78    10    70     3    93 0.86 -
60961at50557_104452_0:000511|STRG.23409.2:354-770|+    -            139 60961at50557         -            337   1.2e-06   26.7   0.0   1   2   4.5e-08     1e-05   23.6   0.0    23    80    25    81    15    92 0.84 -
60961at50557_104452_0:000511|STRG.23409.2:354-770|+    -            139 60961at50557         -            337   1.2e-06   26.7   0.0   2   2      0.28        65    1.3   0.0    18    40    91   113    82   124 0.77 -
138527at50557_1049336_0:004c49|STRG.23409.1:322-519|+  -             66 60961at50557         -            337   2.2e-06   25.8   0.0   1   1     1e-08   2.4e-06   25.7   0.0    23    79     4    59     1    64 0.83 -
138527at50557_121225_0:001e16|STRG.3902.1:66-422|+     -            119 60961at50557         -            337   9.3e-06   23.8   0.1   1   1   4.4e-08     1e-05   23.6   0.1     8    78     9    78     4   105 0.88 -
138527at50557_7029_0:001a95|STRG.19970.1:18-317|+      -            100 60961at50557         -            337   2.6e-05   22.3   0.0   1   1   1.3e-07   2.9e-05   22.1   0.0    14    80    11    75     2    89 0.78 -
138527at50557_217634_0:002b14|STRG.17857.1:151-390|+   -             80 60961at50557         -            337   6.9e-05   20.9   0.0   1   1   3.2e-07   7.4e-05   20.8   0.0    16    80     3    68     1    77 0.83 -
92898at50557_103372_0:00055a|STRG.3812.1:518-1321|+    -            268 60961at50557         -            337   0.00038   18.5   0.0   1   1   2.2e-06   0.00051   18.1   0.0     2    78   124   203   123   213 0.77 -
#
# Program:         hmmsearch
# Version:         3.4 (Aug 2023)
# Pipeline mode:   SEARCH
# Query file:      /home/justine/projet_tutore/busco_downloads/lineages/insecta_odb10/hmms/60961at50557.hmm
# Target file:     annotation_analysis/annotation_gca/T_cornetzi/busco_output/run_insecta_odb10/metaeuk_output/initial_results/assembled_transcripts.fasta.modified.fas
# Option settings: hmmsearch --domtblout annotation_analysis/annotation_gca/T_cornetzi/busco_output/run_insecta_odb10/hmmer_output/initial_run_results/60961at50557.out --cpu 1 /home/justine/projet_tutore/busco_downloads/lineages/insecta_odb10/hmms/60961at50557.hmm annotation_analysis/annotation_gca/T_cornetzi/busco_output/run_insecta_odb10/metaeuk_output/initial_results/assembled_transcripts.fasta.modified.fas 
# Current dir:     /home/justine/projet_tutore
# Date:            Sun Dec  1 22:19:11 2024
# [ok]
