#                                                                                                              --- full sequence --- -------------- this domain -------------   hmm coord   ali coord   env coord
# target name                                          accession   tlen query name           accession   qlen   E-value  score  bias   #  of  c-Evalue  i-Evalue  score  bias  from    to  from    to  from    to  acc description of target
#                                  ------------------- ---------- ----- -------------------- ---------- ----- --------- ------ ----- --- --- --------- --------- ------ ----- ----- ----- ----- ----- ----- ----- ---- ---------------------
60993at50557_103372_0:00057c|STRG.3777.1:0-1682|+      -            561 60993at50557         -            453  1.3e-211  702.0  10.3   1   2  7.3e-190  1.5e-187  622.7   7.5     1   402    11   471    11   474 0.92 -
60993at50557_103372_0:00057c|STRG.3777.1:0-1682|+      -            561 60993at50557         -            453  1.3e-211  702.0  10.3   2   2   1.8e-24   3.7e-22   77.5   0.0   399   449   486   537   481   540 0.92 -
74932at50557_103372_0:0007c3|STRG.4120.1:0-1115|+      -            372 60993at50557         -            453   2.5e-18   64.8   0.1   1   1   1.8e-20   3.6e-18   64.3   0.1     3    78    38   113    36   119 0.97 -
74932at50557_222816_0:000a9b|STRG.21202.1:3-1046|+     -            348 60993at50557         -            453   2.8e-18   64.7   0.2   1   1   1.8e-20   3.7e-18   64.3   0.2     3    74     2    72     1    76 0.95 -
109756at50557_103372_0:00251e|STRG.19885.3:182-805|+   -            208 60993at50557         -            453   3.2e-17   61.2   0.2   1   1   2.1e-19   4.2e-17   60.8   0.2     3    74    11    82     9    87 0.96 -
109756at50557_103372_0:00251e|STRG.19885.4:99-761|+    -            221 60993at50557         -            453   3.6e-17   61.1   0.2   1   1   2.3e-19   4.7e-17   60.7   0.2     3    74     6    77     4    82 0.96 -
109756at50557_103372_0:00251e|STRG.19885.2:182-859|+   -            226 60993at50557         -            453   3.7e-17   61.0   0.2   1   1   2.4e-19   4.9e-17   60.6   0.2     3    74    11    82     9    87 0.96 -
109756at50557_378494_0:003794|STRG.14408.1:303-515|+   -             71 60993at50557         -            453     4e-17   60.9   0.8   1   1   2.1e-19   4.3e-17   60.8   0.8     6    74     1    70     1    71 0.96 -
109756at50557_103372_0:00251e|STRG.19885.1:182-925|+   -            248 60993at50557         -            453   4.5e-17   60.7   0.2   1   1   2.9e-19   5.9e-17   60.3   0.2     3    74    11    82     9    87 0.96 -
109756at50557_52612_0:003ea0|STRG.4504.1:302-523|+     -             74 60993at50557         -            453   1.6e-16   58.9   0.8   1   1   8.5e-19   1.7e-16   58.8   0.8     3    73     4    74     2    74 0.98 -
73951at50557_34720_0:00262d|STRG.9436.3:4-1696|+       -            525 60993at50557         -            453   5.6e-16   57.1   0.5   1   2   8.7e-18   1.8e-15   55.5   0.7     3    71    80   148    78   163 0.95 -
73951at50557_34720_0:00262d|STRG.9436.3:4-1696|+       -            525 60993at50557         -            453   5.6e-16   57.1   0.5   2   2       2.2   4.4e+02   -1.9   0.0   289   315   439   465   431   468 0.88 -
73951at50557_34720_0:00262d|STRG.9436.1:4-1697|+       -            530 60993at50557         -            453   5.7e-16   57.1   0.5   1   2   8.8e-18   1.8e-15   55.5   0.7     3    71    85   153    83   168 0.95 -
73951at50557_34720_0:00262d|STRG.9436.1:4-1697|+       -            530 60993at50557         -            453   5.7e-16   57.1   0.5   2   2       2.2   4.5e+02   -1.9   0.0   289   315   444   470   436   473 0.88 -
73951at50557_34720_0:00262d|STRG.9436.2:4-1593|+       -            530 60993at50557         -            453   5.7e-16   57.1   0.5   1   2   8.8e-18   1.8e-15   55.5   0.7     3    71    85   153    83   168 0.95 -
73951at50557_34720_0:00262d|STRG.9436.2:4-1593|+       -            530 60993at50557         -            453   5.7e-16   57.1   0.5   2   2       2.2   4.5e+02   -1.9   0.0   289   315   444   470   436   473 0.88 -
73951at50557_34720_0:00262d|STRG.9436.4:4-1353|+       -            450 60993at50557         -            453   9.8e-16   56.3   0.7   1   1   6.9e-18   1.4e-15   55.8   0.7     3    71    80   148    78   163 0.95 -
73951at50557_34720_0:00262d|STRG.9436.5:4-1467|+       -            455 60993at50557         -            453     1e-15   56.3   0.7   1   1     7e-18   1.4e-15   55.8   0.7     3    71    85   153    83   168 0.95 -
127306at50557_64793_0:0016b5|STRG.18057.1:0-521|+      -            174 60993at50557         -            453     2e-15   55.3   0.8   1   1   1.2e-17   2.3e-15   55.1   0.8     2    75    14    87    13   103 0.93 -
74932at50557_286706_0:00199c|STRG.7534.1:304-1317|+    -            338 60993at50557         -            453   3.4e-13   48.0   0.0   1   1   2.3e-15   4.7e-13   47.5   0.0     2    77     7    79     6    81 0.92 -
41065at50557_133901_0:001440|STRG.20620.1:475-1827|+   -            451 60993at50557         -            453   4.5e-13   47.5   1.5   1   3       7.3   1.5e+03   -3.6   0.0    34    48   169   183   159   196 0.77 -
41065at50557_133901_0:001440|STRG.20620.1:475-1827|+   -            451 60993at50557         -            453   4.5e-13   47.5   1.5   2   3       4.5   9.1e+02   -2.9   0.6    17    52   236   271   217   279 0.80 -
41065at50557_133901_0:001440|STRG.20620.1:475-1827|+   -            451 60993at50557         -            453   4.5e-13   47.5   1.5   3   3   2.2e-15   4.5e-13   47.5   1.5     3    66   348   416   346   422 0.90 -
41065at50557_133901_0:001440|STRG.20620.2:102-1454|+   -            451 60993at50557         -            453   4.5e-13   47.5   1.5   1   3       7.3   1.5e+03   -3.6   0.0    34    48   169   183   159   196 0.77 -
41065at50557_133901_0:001440|STRG.20620.2:102-1454|+   -            451 60993at50557         -            453   4.5e-13   47.5   1.5   2   3       4.5   9.1e+02   -2.9   0.6    17    52   236   271   217   279 0.80 -
41065at50557_133901_0:001440|STRG.20620.2:102-1454|+   -            451 60993at50557         -            453   4.5e-13   47.5   1.5   3   3   2.2e-15   4.5e-13   47.5   1.5     3    66   348   416   346   422 0.90 -
108140at50557_34720_0:001e92|STRG.15071.2:160-2094|+   -            645 60993at50557         -            453   5.6e-13   47.2   0.0   1   1   2.8e-15   5.6e-13   47.2   0.0     5    67     4    67     2    75 0.93 -
108140at50557_520822_0:000b46|STRG.15071.5:0-1934|+    -            645 60993at50557         -            453   5.6e-13   47.2   0.0   1   1   2.8e-15   5.6e-13   47.2   0.0     5    67     4    67     2    75 0.93 -
41065at50557_7536_0:00279b|STRG.2668.2:423-719|+       -             99 60993at50557         -            453   1.3e-12   46.0   0.1   1   1   7.2e-15   1.5e-12   45.9   0.1     5    70     2    66     1    76 0.94 -
41065at50557_7536_0:00279b|STRG.2668.3:81-377|+        -             99 60993at50557         -            453   1.3e-12   46.0   0.1   1   1   7.2e-15   1.5e-12   45.9   0.1     5    70     2    66     1    76 0.94 -
74932at50557_104421_0:00028f|STRG.10600.2:115-702|+    -            196 60993at50557         -            453   1.7e-12   45.7   0.0   1   1   1.1e-14   2.3e-12   45.2   0.0     4    74     3    72     2    78 0.95 -
88846at50557_34720_0:00286f|STRG.24198.1:0-1301|+      -            434 60993at50557         -            453   2.7e-12   45.0   0.0   1   3   1.3e-14   2.7e-12   45.0   0.0     2    73    38   108    37   115 0.95 -
88846at50557_34720_0:00286f|STRG.24198.1:0-1301|+      -            434 60993at50557         -            453   2.7e-12   45.0   0.0   2   3       7.6   1.5e+03   -3.7   0.8   344   360   224   240   213   256 0.54 -
88846at50557_34720_0:00286f|STRG.24198.1:0-1301|+      -            434 60993at50557         -            453   2.7e-12   45.0   0.0   3   3       3.2   6.6e+02   -2.4   0.5    58   102   379   428   352   434 0.69 -
126448at50557_568069_0:001ed1|STRG.12750.2:122-859|+   -            246 60993at50557         -            453   9.7e-12   43.1   0.8   1   2   4.8e-14   9.7e-12   43.1   0.8     4    83    16    95    14   100 0.85 -
126448at50557_568069_0:001ed1|STRG.12750.2:122-859|+   -            246 60993at50557         -            453   9.7e-12   43.1   0.8   2   2       1.9   3.8e+02   -1.7   2.0   350   387   180   215   161   228 0.67 -
100045at50557_103372_0:000fa2|STRG.15056.1:0-971|+     -            324 60993at50557         -            453   4.2e-11   41.0   0.1   1   1   3.3e-13   6.6e-11   40.4   0.1     3    67     7    71     5   125 0.90 -
41065at50557_103372_0:000e4c|STRG.10293.1:144-1481|+   -            446 60993at50557         -            453   1.3e-10   39.5   0.8   1   1   9.2e-13   1.9e-10   38.9   0.8     3    67   377   444   375   445 0.92 -
100045at50557_7395_0:004563|STRG.7096.1:6-284|+        -             93 60993at50557         -            453   5.1e-10   37.5   0.2   1   1   2.8e-12   5.6e-10   37.3   0.2     4    89     2    85     1    90 0.83 -
25981at50557_456900_0:000c28|STRG.9359.1:0-2279|+      -            760 60993at50557         -            453   9.1e-09   33.4   0.0   1   1   7.7e-11   1.6e-08   32.6   0.0     4    69   105   167   102   170 0.92 -
125026at50557_411798_0:00322d|STRG.12858.2:1-540|+     -            180 60993at50557         -            453   1.3e-07   29.5   0.5   1   1   8.8e-10   1.8e-07   29.1   0.5     6    68    58   122    54   161 0.81 -
108140at50557_121225_0:00229f|STRG.15071.3:160-1213|+  -            344 60993at50557         -            453   2.1e-07   28.9   0.1   1   1     1e-09   2.1e-07   28.9   0.1     5    57     4    57     2    93 0.85 -
125026at50557_411798_0:00322d|STRG.12858.1:1-774|+     -            258 60993at50557         -            453   4.3e-07   27.8   0.5   1   2   2.1e-09   4.3e-07   27.8   0.5     6    63    58   116    54   159 0.83 -
125026at50557_411798_0:00322d|STRG.12858.1:1-774|+     -            258 60993at50557         -            453   4.3e-07   27.8   0.5   2   2       2.7   5.4e+02   -2.2   3.9   330   376   166   210   163   224 0.58 -
96874at50557_34720_0:002015|STRG.4358.1:0-1109|+       -            370 60993at50557         -            453   7.4e-07   27.1   0.1   1   1     5e-09     1e-06   26.6   0.1     4    62   298   360   295   363 0.89 -
74932at50557_104421_0:00028f|STRG.10600.1:221-1090|+   -            290 60993at50557         -            453   1.1e-06   26.5   0.0   1   1   7.1e-09   1.4e-06   26.1   0.0    26    74     3    50     1    56 0.87 -
125026at50557_454923_0:000298|STRG.22018.1:2149-2538|+ -            130 60993at50557         -            453   3.2e-06   24.9   0.0   1   1     2e-08     4e-06   24.7   0.0     4    67    44   106    41   112 0.94 -
125026at50557_454923_0:000298|STRG.22018.2:1695-2084|+ -            130 60993at50557         -            453   3.2e-06   24.9   0.0   1   1     2e-08     4e-06   24.7   0.0     4    67    44   106    41   112 0.94 -
60993at50557_1155016_0:000fc6|STRG.9257.1:237-407|+    -             57 60993at50557         -            453   0.00022   18.9   0.3   1   1   1.1e-06   0.00022   18.9   0.3     4    43     1    42     1    57 0.78 -
60993at50557_1155016_0:000fc6|STRG.9257.2:0-164|+      -             55 60993at50557         -            453    0.0014   16.3   0.1   1   1   6.9e-06    0.0014   16.3   0.1    14    43    11    40     1    55 0.75 -
109756at50557_378494_0:003794|STRG.14902.1:3336-3527|+ -             64 60993at50557         -            453    0.0037   14.9   0.1   1   1   1.8e-05    0.0037   14.9   0.1    15    59    10    57     2    64 0.80 -
109756at50557_378494_0:003794|STRG.14902.2:3365-3556|+ -             64 60993at50557         -            453    0.0037   14.9   0.1   1   1   1.8e-05    0.0037   14.9   0.1    15    59    10    57     2    64 0.80 -
#
# Program:         hmmsearch
# Version:         3.4 (Aug 2023)
# Pipeline mode:   SEARCH
# Query file:      /home/justine/projet_tutore/busco_downloads/lineages/insecta_odb10/hmms/60993at50557.hmm
# Target file:     annotation_analysis/annotation_gca/T_cornetzi/busco_output/run_insecta_odb10/metaeuk_output/initial_results/assembled_transcripts.fasta.modified.fas
# Option settings: hmmsearch --domtblout annotation_analysis/annotation_gca/T_cornetzi/busco_output/run_insecta_odb10/hmmer_output/initial_run_results/60993at50557.out --cpu 1 /home/justine/projet_tutore/busco_downloads/lineages/insecta_odb10/hmms/60993at50557.hmm annotation_analysis/annotation_gca/T_cornetzi/busco_output/run_insecta_odb10/metaeuk_output/initial_results/assembled_transcripts.fasta.modified.fas 
# Current dir:     /home/justine/projet_tutore
# Date:            Sun Dec  1 22:19:12 2024
# [ok]
