#                                                                                                              --- full sequence --- -------------- this domain -------------   hmm coord   ali coord   env coord
# target name                                          accession   tlen query name           accession   qlen   E-value  score  bias   #  of  c-Evalue  i-Evalue  score  bias  from    to  from    to  from    to  acc description of target
#                                  ------------------- ---------- ----- -------------------- ---------- ----- --------- ------ ----- --- --- --------- --------- ------ ----- ----- ----- ----- ----- ----- ----- ---- ---------------------
63395at50557_219809_0:002247|STRG.598.1:310-1632|+     -            398 63395at50557         -            202  2.8e-122  404.6   2.2   1   2   2.5e-28   6.9e-27   93.2   0.1     8    79    65   136    56   148 0.90 -
63395at50557_219809_0:002247|STRG.598.1:310-1632|+     -            398 63395at50557         -            202  2.8e-122  404.6   2.2   2   2   5.6e-95   1.6e-93  310.8   0.2    67   202   153   298   136   298 0.93 -
63395at50557_219809_0:002247|STRG.598.2:56-1249|+      -            398 63395at50557         -            202  2.8e-122  404.6   2.2   1   2   2.5e-28   6.9e-27   93.2   0.1     8    79    65   136    56   148 0.90 -
63395at50557_219809_0:002247|STRG.598.2:56-1249|+      -            398 63395at50557         -            202  2.8e-122  404.6   2.2   2   2   5.6e-95   1.6e-93  310.8   0.2    67   202   153   298   136   298 0.93 -
84764at50557_108931_0:001940|STRG.19002.1:322-1143|+   -            274 63395at50557         -            202   5.2e-32  109.9   0.6   1   2   5.4e-07   1.5e-05   23.5   0.1    19    73    28    81     9    93 0.82 -
84764at50557_108931_0:001940|STRG.19002.1:322-1143|+   -            274 63395at50557         -            202   5.2e-32  109.9   0.6   2   2     1e-25   2.8e-24   84.6   0.0    74   201   113   224    93   225 0.90 -
84764at50557_108931_0:001940|STRG.19002.3:159-986|+    -            276 63395at50557         -            202   5.4e-32  109.8   0.6   1   2   5.9e-07   1.6e-05   23.4   0.1    19    73    30    83    13    94 0.82 -
84764at50557_108931_0:001940|STRG.19002.3:159-986|+    -            276 63395at50557         -            202   5.4e-32  109.8   0.6   2   2     1e-25   2.8e-24   84.6   0.0    74   201   115   226    93   227 0.90 -
84764at50557_441921_0:00052c|STRG.9808.1:438-1274|+    -            279 63395at50557         -            202   5.7e-31  106.5   0.4   1   2     1e-06   2.9e-05   22.6   0.1    19    69    30    78    13    90 0.86 -
84764at50557_441921_0:00052c|STRG.9808.1:438-1274|+    -            279 63395at50557         -            202   5.7e-31  106.5   0.4   2   2     1e-24   2.8e-23   81.4   0.0    74   200   114   225   105   227 0.89 -
84764at50557_441921_0:00052c|STRG.9808.2:0-872|+       -            291 63395at50557         -            202   6.7e-31  106.3   0.4   1   2   1.1e-06   3.1e-05   22.5   0.1    19    69    42    90    25   102 0.86 -
84764at50557_441921_0:00052c|STRG.9808.2:0-872|+       -            291 63395at50557         -            202   6.7e-31  106.3   0.4   2   2   1.1e-24     3e-23   81.3   0.0    74   200   126   237   117   239 0.89 -
84764at50557_13686_0:002310|STRG.6384.1:246-1151|+     -            302 63395at50557         -            202   1.5e-29  101.8   0.4   1   2   9.5e-07   2.6e-05   22.7   0.2    20    80    14    74     8    79 0.83 -
84764at50557_13686_0:002310|STRG.6384.1:246-1151|+     -            302 63395at50557         -            202   1.5e-29  101.8   0.4   2   2   1.7e-23   4.8e-22   77.4   0.0    52   199    73   206    65   209 0.80 -
84764at50557_13686_0:002310|STRG.6384.2:0-1013|+       -            338 63395at50557         -            202     2e-29  101.5   0.4   1   2   8.6e-07   2.4e-05   22.9   0.1    20    80    50   110    36   120 0.84 -
84764at50557_13686_0:002310|STRG.6384.2:0-1013|+       -            338 63395at50557         -            202     2e-29  101.5   0.4   2   2   1.6e-23   4.4e-22   77.5   0.0    46   199   103   242    97   245 0.81 -
84764at50557_7493_0:00284f|STRG.14512.1:184-1056|+     -            291 63395at50557         -            202   2.1e-29  101.4   0.1   1   2   3.3e-05   0.00092   17.7   0.0    17    70    37    91    19    97 0.84 -
84764at50557_7493_0:00284f|STRG.14512.1:184-1056|+     -            291 63395at50557         -            202   2.1e-29  101.4   0.1   2   2   9.8e-25   2.7e-23   81.4   0.0    66   197   107   232    97   237 0.79 -
84764at50557_326594_0:0017ea|STRG.22516.2:9-881|+      -            291 63395at50557         -            202   3.8e-29  100.5   0.1   1   2   6.2e-06   0.00017   20.1   0.0    18    73    38    92    24   103 0.81 -
84764at50557_326594_0:0017ea|STRG.22516.2:9-881|+      -            291 63395at50557         -            202   3.8e-29  100.5   0.1   2   2   1.1e-23   3.1e-22   78.0   0.0    74   200   123   233   111   235 0.91 -
84764at50557_7493_0:00284f|STRG.22516.1:546-1461|+     -            301 63395at50557         -            202   4.6e-29  100.3   0.2   1   2   6.8e-06   0.00019   19.9   0.0    18    73    45    99    31   110 0.79 -
84764at50557_7493_0:00284f|STRG.22516.1:546-1461|+     -            301 63395at50557         -            202   4.6e-29  100.3   0.2   2   2   1.2e-23   3.3e-22   77.9   0.0    74   200   130   240   118   242 0.91 -
84764at50557_326594_0:0017ea|STRG.22516.4:167-928|+    -            254 63395at50557         -            202   5.6e-29  100.0   0.1   1   2   1.3e-05   0.00037   19.0   0.0    24    73     7    55     2    66 0.82 -
84764at50557_326594_0:0017ea|STRG.22516.4:167-928|+    -            254 63395at50557         -            202   5.6e-29  100.0   0.1   2   2   8.3e-24   2.3e-22   78.4   0.0    74   200    86   196    75   198 0.91 -
84764at50557_37344_0:000c86|STRG.22516.3:167-1110|+    -            255 63395at50557         -            202   9.4e-28   96.0   0.1   1   2   1.3e-05   0.00037   19.0   0.0    24    73     7    55     2    66 0.82 -
84764at50557_37344_0:000c86|STRG.22516.3:167-1110|+    -            255 63395at50557         -            202   9.4e-28   96.0   0.1   2   2   4.3e-22   1.2e-20   72.8   0.1    74   200    86   195    76   197 0.88 -
84764at50557_104688_0:0005e9|STRG.8523.1:156-1100|+    -            315 63395at50557         -            202   2.6e-27   94.6   0.0   1   1   9.4e-26   2.6e-24   84.8   0.0     9   200    24   228    18   230 0.67 -
84764at50557_121225_0:001830|STRG.6546.1:3076-4074|+   -            333 63395at50557         -            202   6.8e-27   93.2   0.4   1   1     1e-24   2.8e-23   81.4   0.4    18   202    38   247    27   247 0.80 -
84764at50557_121225_0:001830|STRG.6546.2:3076-4074|+   -            333 63395at50557         -            202   6.8e-27   93.2   0.4   1   1     1e-24   2.8e-23   81.4   0.4    18   202    38   247    27   247 0.80 -
84764at50557_7493_0:00284f|STRG.14527.2:131-1072|+     -            314 63395at50557         -            202   1.4e-25   88.9   0.3   1   2   7.6e-07   2.1e-05   23.0   0.2    13    69    39   101    28   110 0.74 -
84764at50557_7493_0:00284f|STRG.14527.2:131-1072|+     -            314 63395at50557         -            202   1.4e-25   88.9   0.3   2   2   2.2e-19     6e-18   64.0   0.0    73   162   136   221   102   226 0.81 -
84764at50557_441921_0:00052c|STRG.9595.2:71-949|+      -            293 63395at50557         -            202   1.7e-24   85.4   0.7   1   2   8.2e-06   0.00023   19.7   0.3    22    66    48    90    31    97 0.84 -
84764at50557_441921_0:00052c|STRG.9595.2:71-949|+      -            293 63395at50557         -            202   1.7e-24   85.4   0.7   2   2   2.1e-19   5.7e-18   64.1   0.0    74   157   129   204   109   212 0.88 -
84764at50557_441921_0:00052c|STRG.9595.3:226-1104|+    -            293 63395at50557         -            202   1.7e-24   85.4   0.7   1   2   8.2e-06   0.00023   19.7   0.3    22    66    48    90    31    97 0.84 -
84764at50557_441921_0:00052c|STRG.9595.3:226-1104|+    -            293 63395at50557         -            202   1.7e-24   85.4   0.7   2   2   2.1e-19   5.7e-18   64.1   0.0    74   157   129   204   109   212 0.88 -
84764at50557_441921_0:00052c|STRG.9595.4:27-905|+      -            293 63395at50557         -            202   1.7e-24   85.4   0.7   1   2   8.2e-06   0.00023   19.7   0.3    22    66    48    90    31    97 0.84 -
84764at50557_441921_0:00052c|STRG.9595.4:27-905|+      -            293 63395at50557         -            202   1.7e-24   85.4   0.7   2   2   2.1e-19   5.7e-18   64.1   0.0    74   157   129   204   109   212 0.88 -
84764at50557_7493_0:00284f|STRG.14527.1:131-766|+      -            212 63395at50557         -            202   7.3e-24   83.3   0.8   1   2   3.5e-07   9.8e-06   24.1   0.2    13    69    39   101    28   111 0.74 -
84764at50557_7493_0:00284f|STRG.14527.1:131-766|+      -            212 63395at50557         -            202   7.3e-24   83.3   0.8   2   2   1.5e-17   4.3e-16   57.9   0.0    73   152   136   211   106   212 0.82 -
84764at50557_7159_0:002468|STRG.14751.1:1019-1939|+    -            307 63395at50557         -            202   3.2e-23   81.2   0.0   1   1   4.7e-24   1.3e-22   79.2   0.0    74   191   149   248   124   255 0.88 -
84764at50557_7159_0:002468|STRG.14751.2:825-1745|+     -            307 63395at50557         -            202   3.2e-23   81.2   0.0   1   1   4.7e-24   1.3e-22   79.2   0.0    74   191   149   248   124   255 0.88 -
84764at50557_7159_0:002468|STRG.14751.3:1015-1935|+    -            307 63395at50557         -            202   3.2e-23   81.2   0.0   1   1   4.7e-24   1.3e-22   79.2   0.0    74   191   149   248   124   255 0.88 -
84764at50557_7159_0:002468|STRG.14751.4:564-1484|+     -            307 63395at50557         -            202   3.2e-23   81.2   0.0   1   1   4.7e-24   1.3e-22   79.2   0.0    74   191   149   248   124   255 0.88 -
84764at50557_7493_0:00284f|STRG.17938.1:6-521|+        -            172 63395at50557         -            202   7.1e-23   80.1   0.0   1   1   5.3e-24   1.5e-22   79.1   0.0    75   200     6   116     2   118 0.88 -
84764at50557_7539_0:000ea4|STRG.17789.1:281-1096|+     -            272 63395at50557         -            202   7.9e-22   76.7   0.7   1   2      0.19       5.1    5.4   0.3    17    67    19    72     2    86 0.71 -
84764at50557_7539_0:000ea4|STRG.17789.1:281-1096|+     -            272 63395at50557         -            202   7.9e-22   76.7   0.7   2   2   1.9e-21   5.4e-20   70.7   0.1    25   193    56   214    50   223 0.78 -
84764at50557_7539_0:000ea4|STRG.17789.2:281-1096|+     -            272 63395at50557         -            202   7.9e-22   76.7   0.7   1   2      0.19       5.1    5.4   0.3    17    67    19    72     2    86 0.71 -
84764at50557_7539_0:000ea4|STRG.17789.2:281-1096|+     -            272 63395at50557         -            202   7.9e-22   76.7   0.7   2   2   1.9e-21   5.4e-20   70.7   0.1    25   193    56   214    50   223 0.78 -
84764at50557_37344_0:000c86|STRG.23512.4:54-950|+      -            299 63395at50557         -            202   2.9e-21   74.8   0.6   1   2   3.8e-05     0.001   17.5   0.4    24    67    46    90    21   102 0.75 -
84764at50557_37344_0:000c86|STRG.23512.4:54-950|+      -            299 63395at50557         -            202   2.9e-21   74.8   0.6   2   2   7.4e-17     2e-15   55.7   0.0    50   157   100   212    90   222 0.74 -
63395at50557_38123_0:001c07|STRG.23512.1:380-1360|+    -            289 63395at50557         -            202   3.5e-21   74.5   0.2   1   2   5.2e-05    0.0014   17.0   0.1    24    67    39    83    14    95 0.75 -
63395at50557_38123_0:001c07|STRG.23512.1:380-1360|+    -            289 63395at50557         -            202   3.5e-21   74.5   0.2   2   2   6.9e-17   1.9e-15   55.8   0.0    50   157    93   205    83   215 0.74 -
84764at50557_7370_0:001d8e|STRG.13239.1:2-643|+        -            169 63395at50557         -            202   4.8e-21   74.1   0.0   1   1   3.1e-22   8.7e-21   73.2   0.0    75   198    26   137     6   141 0.84 -
84764at50557_30019_0:002ccd|STRG.16440.1:3-851|+       -            283 63395at50557         -            202   6.7e-21   73.6   1.0   1   2     0.008      0.22    9.9   0.3    24    77    45    97    25   106 0.77 -
84764at50557_30019_0:002ccd|STRG.16440.1:3-851|+       -            283 63395at50557         -            202   6.7e-21   73.6   1.0   2   2   9.5e-19   2.6e-17   61.9   0.0    74   190   124   223   109   232 0.84 -
84764at50557_441921_0:00052c|STRG.9595.1:189-887|+     -            233 63395at50557         -            202   9.7e-21   73.1   0.3   1   2     0.086       2.4    6.5   0.1    35    66     1    30     1    37 0.88 -
84764at50557_441921_0:00052c|STRG.9595.1:189-887|+     -            233 63395at50557         -            202   9.7e-21   73.1   0.3   2   2   1.3e-19   3.5e-18   64.8   0.0    74   157    69   144    48   152 0.88 -
84764at50557_91411_0:001d03|STRG.7935.1:8-832|+        -            275 63395at50557         -            202   6.4e-20   70.4   0.2   1   1   7.3e-21     2e-19   68.8   0.1    66   159    95   192    60   200 0.75 -
84764at50557_535359_0:000b99|STRG.7935.2:87-830|+      -            248 63395at50557         -            202   6.8e-20   70.3   0.1   1   1   5.3e-21   1.5e-19   69.2   0.1    66   159    68   165    30   173 0.74 -
84764at50557_319348_0:00198b|STRG.20690.1:266-1150|+   -            295 63395at50557         -            202   1.2e-18   66.2   0.9   1   2     0.042       1.2    7.5   0.1    24    58    46    80    28   101 0.74 -
84764at50557_319348_0:00198b|STRG.20690.1:266-1150|+   -            295 63395at50557         -            202   1.2e-18   66.2   0.9   2   2   1.7e-17   4.6e-16   57.8   0.2    34   187    86   223    73   236 0.72 -
84764at50557_91411_0:001d03|STRG.20690.3:466-1290|+    -            275 63395at50557         -            202   1.2e-18   66.2   0.5   1   2     0.036         1    7.8   0.1    24    58    27    61     9    83 0.73 -
84764at50557_91411_0:001d03|STRG.20690.3:466-1290|+    -            275 63395at50557         -            202   1.2e-18   66.2   0.5   2   2   2.3e-17   6.3e-16   57.4   0.1    35   159    68   185    55   217 0.71 -
84764at50557_91411_0:001d03|STRG.20690.2:269-1147|+    -            293 63395at50557         -            202   1.5e-18   65.9   0.5   1   2     0.042       1.1    7.6   0.1    24    58    45    79    27   100 0.74 -
84764at50557_91411_0:001d03|STRG.20690.2:269-1147|+    -            293 63395at50557         -            202   1.5e-18   65.9   0.5   2   2     3e-17   8.3e-16   57.0   0.1    39   159    90   203    74   235 0.70 -
58206at50557_197043_0:005f1b|STRG.17427.1:37-285|-     -             83 63395at50557         -            202   6.3e-18   63.9   0.0   1   1     3e-19   8.3e-18   63.5   0.0    75   157     6    79     2    82 0.88 -
84764at50557_56086_0:000163|STRG.7935.3:395-841|+      -            149 63395at50557         -            202   3.1e-17   61.7   0.0   1   1   1.6e-18   4.3e-17   61.2   0.0    93   159     2    66     1    78 0.86 -
84764at50557_29031_0:002a8c|STRG.3046.1:2057-3022|+    -            322 63395at50557         -            202   1.2e-15   56.5   0.2   1   2     0.056       1.5    7.1   0.1    25    57    39    71    25    84 0.84 -
84764at50557_29031_0:002a8c|STRG.3046.1:2057-3022|+    -            322 63395at50557         -            202   1.2e-15   56.5   0.2   2   2   7.6e-14   2.1e-12   45.9   0.0    74   159   126   204   100   235 0.75 -
84764at50557_29031_0:002a8c|STRG.3046.2:2078-3043|+    -            322 63395at50557         -            202   1.2e-15   56.5   0.2   1   2     0.056       1.5    7.1   0.1    25    57    39    71    25    84 0.84 -
84764at50557_29031_0:002a8c|STRG.3046.2:2078-3043|+    -            322 63395at50557         -            202   1.2e-15   56.5   0.2   2   2   7.6e-14   2.1e-12   45.9   0.0    74   159   126   204   100   235 0.75 -
84764at50557_29031_0:002a8c|STRG.3046.3:261-1226|+     -            322 63395at50557         -            202   1.2e-15   56.5   0.2   1   2     0.056       1.5    7.1   0.1    25    57    39    71    25    84 0.84 -
84764at50557_29031_0:002a8c|STRG.3046.3:261-1226|+     -            322 63395at50557         -            202   1.2e-15   56.5   0.2   2   2   7.6e-14   2.1e-12   45.9   0.0    74   159   126   204   100   235 0.75 -
84764at50557_29029_0:001026|STRG.15290.2:110-997|+     -            296 63395at50557         -            202   2.4e-15   55.5   0.5   1   2       1.3        37    2.6   0.0    22    52    25    55     2    63 0.81 -
84764at50557_29029_0:001026|STRG.15290.2:110-997|+     -            296 63395at50557         -            202   2.4e-15   55.5   0.5   2   2   1.3e-15   3.5e-14   51.7   0.1    25   157    58   183    51   211 0.83 -
84764at50557_104688_0:0005e9|STRG.3046.4:521-1447|+    -            309 63395at50557         -            202   2.6e-15   55.3   0.3   1   2      0.12       3.2    6.1   0.1    25    57    39    71    27    90 0.87 -
84764at50557_104688_0:0005e9|STRG.3046.4:521-1447|+    -            309 63395at50557         -            202   2.6e-15   55.3   0.3   2   2     6e-14   1.6e-12   46.2   0.0    74   159   139   217   102   248 0.76 -
84764at50557_104688_0:0005e9|STRG.3046.5:268-1194|+    -            309 63395at50557         -            202   2.6e-15   55.3   0.3   1   2      0.12       3.2    6.1   0.1    25    57    39    71    27    90 0.87 -
84764at50557_104688_0:0005e9|STRG.3046.5:268-1194|+    -            309 63395at50557         -            202   2.6e-15   55.3   0.3   2   2     6e-14   1.6e-12   46.2   0.0    74   159   139   217   102   248 0.76 -
84764at50557_29029_0:001026|STRG.15290.1:84-1028|+     -            315 63395at50557         -            202   2.7e-15   55.3   0.4   1   2       1.5        42    2.4   0.0    22    52    44    74    21    81 0.81 -
84764at50557_29029_0:001026|STRG.15290.1:84-1028|+     -            315 63395at50557         -            202   2.7e-15   55.3   0.4   2   2   1.7e-15   4.6e-14   51.3   0.1    26   157    78   202    71   227 0.83 -
84764at50557_7493_0:00284f|STRG.23512.2:1063-1623|+    -            187 63395at50557         -            202   4.2e-14   51.4   0.0   1   1   2.4e-15   6.7e-14   50.8   0.0    90   158    10    84     1   106 0.80 -
84764at50557_7493_0:00284f|STRG.23512.3:978-1538|+     -            187 63395at50557         -            202   4.2e-14   51.4   0.0   1   1   2.4e-15   6.7e-14   50.8   0.0    90   158    10    84     1   106 0.80 -
93513at50557_7395_0:0011bf|STRG.16400.1:17-1129|+      -            371 63395at50557         -            202     1e-10   40.3   0.0   1   1   1.2e-11   3.2e-10   38.7   0.0    72   191   170   272   104   282 0.82 -
93513at50557_7395_0:0011bf|STRG.16400.2:17-1228|+      -            404 63395at50557         -            202   1.3e-10   40.0   0.0   1   1   2.1e-11   5.7e-10   37.9   0.0    74   191   173   272   159   282 0.80 -
84764at50557_54969_0:0028ad|STRG.16157.1:840-1532|+    -            231 63395at50557         -            202   2.4e-10   39.2   0.0   1   1   1.7e-11   4.7e-10   38.2   0.0    66   158   122   209   108   222 0.84 -
84764at50557_54969_0:0028ad|STRG.16157.2:840-1532|+    -            231 63395at50557         -            202   2.4e-10   39.2   0.0   1   1   1.7e-11   4.7e-10   38.2   0.0    66   158   122   209   108   222 0.84 -
84269at50557_108931_0:00068a|STRG.13441.1:754-1515|+   -            254 63395at50557         -            202   1.2e-09   36.9   0.1   1   2       1.7        47    2.3   0.2    24    49    31    57    16    74 0.73 -
84269at50557_108931_0:00068a|STRG.13441.1:754-1515|+   -            254 63395at50557         -            202   1.2e-09   36.9   0.1   2   2   9.1e-10   2.5e-08   32.6   0.0    50   159    83   187    66   195 0.80 -
57980at50557_7237_0:0026c2|STRG.8006.1:2751-3572|+     -            274 63395at50557         -            202   2.4e-09   35.9   0.0   1   2      0.57        16    3.8   0.1    24    74    44    94    26   107 0.79 -
57980at50557_7237_0:0026c2|STRG.8006.1:2751-3572|+     -            274 63395at50557         -            202   2.4e-09   35.9   0.0   2   2   5.9e-09   1.6e-07   29.9   0.0    72   158   123   217    99   230 0.76 -
57980at50557_7237_0:0026c2|STRG.8006.2:2840-3661|+     -            274 63395at50557         -            202   2.4e-09   35.9   0.0   1   2      0.57        16    3.8   0.1    24    74    44    94    26   107 0.79 -
57980at50557_7237_0:0026c2|STRG.8006.2:2840-3661|+     -            274 63395at50557         -            202   2.4e-09   35.9   0.0   2   2   5.9e-09   1.6e-07   29.9   0.0    72   158   123   217    99   230 0.76 -
57980at50557_7237_0:0026c2|STRG.8006.3:2235-3056|+     -            274 63395at50557         -            202   2.4e-09   35.9   0.0   1   2      0.57        16    3.8   0.1    24    74    44    94    26   107 0.79 -
57980at50557_7237_0:0026c2|STRG.8006.3:2235-3056|+     -            274 63395at50557         -            202   2.4e-09   35.9   0.0   2   2   5.9e-09   1.6e-07   29.9   0.0    72   158   123   217    99   230 0.76 -
57980at50557_7237_0:0026c2|STRG.8006.4:1397-2218|+     -            274 63395at50557         -            202   2.4e-09   35.9   0.0   1   2      0.57        16    3.8   0.1    24    74    44    94    26   107 0.79 -
57980at50557_7237_0:0026c2|STRG.8006.4:1397-2218|+     -            274 63395at50557         -            202   2.4e-09   35.9   0.0   2   2   5.9e-09   1.6e-07   29.9   0.0    72   158   123   217    99   230 0.76 -
57980at50557_7237_0:0026c2|STRG.8006.5:1725-2546|+     -            274 63395at50557         -            202   2.4e-09   35.9   0.0   1   2      0.57        16    3.8   0.1    24    74    44    94    26   107 0.79 -
57980at50557_7237_0:0026c2|STRG.8006.5:1725-2546|+     -            274 63395at50557         -            202   2.4e-09   35.9   0.0   2   2   5.9e-09   1.6e-07   29.9   0.0    72   158   123   217    99   230 0.76 -
57980at50557_7237_0:0026c2|STRG.8006.6:1508-2329|+     -            274 63395at50557         -            202   2.4e-09   35.9   0.0   1   2      0.57        16    3.8   0.1    24    74    44    94    26   107 0.79 -
57980at50557_7237_0:0026c2|STRG.8006.6:1508-2329|+     -            274 63395at50557         -            202   2.4e-09   35.9   0.0   2   2   5.9e-09   1.6e-07   29.9   0.0    72   158   123   217    99   230 0.76 -
57980at50557_7237_0:0026c2|STRG.8006.7:1432-2253|+     -            274 63395at50557         -            202   2.4e-09   35.9   0.0   1   2      0.57        16    3.8   0.1    24    74    44    94    26   107 0.79 -
57980at50557_7237_0:0026c2|STRG.8006.7:1432-2253|+     -            274 63395at50557         -            202   2.4e-09   35.9   0.0   2   2   5.9e-09   1.6e-07   29.9   0.0    72   158   123   217    99   230 0.76 -
57980at50557_7237_0:0026c2|STRG.8006.8:1307-2128|+     -            274 63395at50557         -            202   2.4e-09   35.9   0.0   1   2      0.57        16    3.8   0.1    24    74    44    94    26   107 0.79 -
57980at50557_7237_0:0026c2|STRG.8006.8:1307-2128|+     -            274 63395at50557         -            202   2.4e-09   35.9   0.0   2   2   5.9e-09   1.6e-07   29.9   0.0    72   158   123   217    99   230 0.76 -
57980at50557_7237_0:0026c2|STRG.8006.9:1311-2132|+     -            274 63395at50557         -            202   2.4e-09   35.9   0.0   1   2      0.57        16    3.8   0.1    24    74    44    94    26   107 0.79 -
57980at50557_7237_0:0026c2|STRG.8006.9:1311-2132|+     -            274 63395at50557         -            202   2.4e-09   35.9   0.0   2   2   5.9e-09   1.6e-07   29.9   0.0    72   158   123   217    99   230 0.76 -
57980at50557_7070_0:001946|STRG.17961.1:1614-2396|+    -            261 63395at50557         -            202   4.8e-09   34.9   0.2   1   2     0.068       1.9    6.9   0.1    22    60    40    76    25    89 0.77 -
57980at50557_7070_0:001946|STRG.17961.1:1614-2396|+    -            261 63395at50557         -            202   4.8e-09   34.9   0.2   2   2   1.3e-07   3.5e-06   25.6   0.0    65   151   112   193    72   211 0.78 -
84764at50557_123851_0:00190f|STRG.14422.1:178-1035|+   -            286 63395at50557         -            202   1.8e-08   33.1   1.0   1   2         3        83    1.5   0.0    23    62    38    78    20    93 0.77 -
84764at50557_123851_0:00190f|STRG.14422.1:178-1035|+   -            286 63395at50557         -            202   1.8e-08   33.1   1.0   2   2   3.9e-09   1.1e-07   30.5   0.3    37   162    77   200    68   255 0.73 -
57980at50557_7091_0:00051c|STRG.5434.1:1126-1902|+     -            259 63395at50557         -            202   2.7e-08   32.5   0.1   1   2     0.089       2.5    6.5   0.1    25    69    39    82    34   100 0.79 -
57980at50557_7091_0:00051c|STRG.5434.1:1126-1902|+     -            259 63395at50557         -            202   2.7e-08   32.5   0.1   2   2   4.1e-07   1.1e-05   23.9   0.0    65   152   107   195    90   201 0.86 -
57980at50557_7091_0:00051c|STRG.5434.2:2230-3006|+     -            259 63395at50557         -            202   2.7e-08   32.5   0.1   1   2     0.089       2.5    6.5   0.1    25    69    39    82    34   100 0.79 -
57980at50557_7091_0:00051c|STRG.5434.2:2230-3006|+     -            259 63395at50557         -            202   2.7e-08   32.5   0.1   2   2   4.1e-07   1.1e-05   23.9   0.0    65   152   107   195    90   201 0.86 -
57980at50557_7091_0:00051c|STRG.5434.3:2093-2869|+     -            259 63395at50557         -            202   2.7e-08   32.5   0.1   1   2     0.089       2.5    6.5   0.1    25    69    39    82    34   100 0.79 -
57980at50557_7091_0:00051c|STRG.5434.3:2093-2869|+     -            259 63395at50557         -            202   2.7e-08   32.5   0.1   2   2   4.1e-07   1.1e-05   23.9   0.0    65   152   107   195    90   201 0.86 -
57980at50557_7091_0:00051c|STRG.5434.4:1521-2297|+     -            259 63395at50557         -            202   2.7e-08   32.5   0.1   1   2     0.089       2.5    6.5   0.1    25    69    39    82    34   100 0.79 -
57980at50557_7091_0:00051c|STRG.5434.4:1521-2297|+     -            259 63395at50557         -            202   2.7e-08   32.5   0.1   2   2   4.1e-07   1.1e-05   23.9   0.0    65   152   107   195    90   201 0.86 -
84764at50557_224129_0:000e1f|STRG.6229.1:917-1591|+    -            225 63395at50557         -            202   3.5e-08   32.1   1.5   1   2       7.9   2.2e+02    0.1   0.5    29    69    30    70    16    88 0.75 -
84764at50557_224129_0:000e1f|STRG.6229.1:917-1591|+    -            225 63395at50557         -            202   3.5e-08   32.1   1.5   2   2   6.2e-09   1.7e-07   29.8   0.0   117   162   165   209   121   225 0.77 -
84764at50557_224129_0:000e1f|STRG.6229.2:2655-3329|+   -            225 63395at50557         -            202   3.5e-08   32.1   1.5   1   2       7.9   2.2e+02    0.1   0.5    29    69    30    70    16    88 0.75 -
84764at50557_224129_0:000e1f|STRG.6229.2:2655-3329|+   -            225 63395at50557         -            202   3.5e-08   32.1   1.5   2   2   6.2e-09   1.7e-07   29.8   0.0   117   162   165   209   121   225 0.77 -
84764at50557_224129_0:000e1f|STRG.6229.3:1040-1714|+   -            225 63395at50557         -            202   3.5e-08   32.1   1.5   1   2       7.9   2.2e+02    0.1   0.5    29    69    30    70    16    88 0.75 -
84764at50557_224129_0:000e1f|STRG.6229.3:1040-1714|+   -            225 63395at50557         -            202   3.5e-08   32.1   1.5   2   2   6.2e-09   1.7e-07   29.8   0.0   117   162   165   209   121   225 0.77 -
57980at50557_7536_0:003723|STRG.9371.1:382-1158|+      -            259 63395at50557         -            202   8.9e-08   30.8   0.0   1   2     0.036      0.98    7.8   0.0    22    61    43    80    24    93 0.80 -
57980at50557_7536_0:003723|STRG.9371.1:382-1158|+      -            259 63395at50557         -            202   8.9e-08   30.8   0.0   2   2   3.2e-06   8.9e-05   21.0   0.0    73   158   123   201    99   208 0.81 -
84764at50557_7539_0:000ea4|STRG.7143.1:1854-2813|+     -            320 63395at50557         -            202     1e-07   30.6   0.0   1   1   6.8e-09   1.9e-07   29.7   0.0    70   160   116   207    64   217 0.70 -
84764at50557_7539_0:000ea4|STRG.7143.2:1854-2813|+     -            320 63395at50557         -            202     1e-07   30.6   0.0   1   1   6.8e-09   1.9e-07   29.7   0.0    70   160   116   207    64   217 0.70 -
84764at50557_7539_0:000ea4|STRG.7143.3:1854-2813|+     -            320 63395at50557         -            202     1e-07   30.6   0.0   1   1   6.8e-09   1.9e-07   29.7   0.0    70   160   116   207    64   217 0.70 -
57980at50557_286706_0:000fec|STRG.9491.1:232-999|+     -            256 63395at50557         -            202   1.2e-07   30.3   0.0   1   2       3.2        89    1.4   0.0    25    60    45    78    20    91 0.65 -
57980at50557_286706_0:000fec|STRG.9491.1:232-999|+     -            256 63395at50557         -            202   1.2e-07   30.3   0.0   2   2     5e-08   1.4e-06   26.9   0.0    74   155   124   198    99   225 0.84 -
57980at50557_286706_0:000fec|STRG.9491.2:51-818|+      -            256 63395at50557         -            202   1.2e-07   30.3   0.0   1   2       3.2        89    1.4   0.0    25    60    45    78    20    91 0.65 -
57980at50557_286706_0:000fec|STRG.9491.2:51-818|+      -            256 63395at50557         -            202   1.2e-07   30.3   0.0   2   2     5e-08   1.4e-06   26.9   0.0    74   155   124   198    99   225 0.84 -
57980at50557_286706_0:000fec|STRG.9491.3:51-818|+      -            256 63395at50557         -            202   1.2e-07   30.3   0.0   1   2       3.2        89    1.4   0.0    25    60    45    78    20    91 0.65 -
57980at50557_286706_0:000fec|STRG.9491.3:51-818|+      -            256 63395at50557         -            202   1.2e-07   30.3   0.0   2   2     5e-08   1.4e-06   26.9   0.0    74   155   124   198    99   225 0.84 -
57980at50557_7220_0:000304|STRG.14735.1:357-1205|+     -            283 63395at50557         -            202   1.9e-07   29.7   0.0   1   2       3.7     1e+02    1.2   0.0    21    58    41    79    23   104 0.70 -
57980at50557_7220_0:000304|STRG.14735.1:357-1205|+     -            283 63395at50557         -            202   1.9e-07   29.7   0.0   2   2   5.2e-08   1.4e-06   26.8   0.0    70   158   118   199    69   205 0.77 -
57980at50557_7220_0:000304|STRG.14735.2:30-878|+       -            283 63395at50557         -            202   1.9e-07   29.7   0.0   1   2       3.7     1e+02    1.2   0.0    21    58    41    79    23   104 0.70 -
57980at50557_7220_0:000304|STRG.14735.2:30-878|+       -            283 63395at50557         -            202   1.9e-07   29.7   0.0   2   2   5.2e-08   1.4e-06   26.8   0.0    70   158   118   199    69   205 0.77 -
57980at50557_110193_0:0003c9|STRG.3509.1:9-827|+       -            273 63395at50557         -            202   2.6e-07   29.3   0.0   1   1   2.3e-08   6.4e-07   28.0   0.0    49   158   107   218    90   239 0.81 -
57980at50557_7493_0:0030d1|STRG.15989.1:410-1135|+     -            242 63395at50557         -            202   3.2e-07   28.9   0.4   1   2       1.9        52    2.2   0.1    26    62    40    74    23    91 0.82 -
57980at50557_7493_0:0030d1|STRG.15989.1:410-1135|+     -            242 63395at50557         -            202   3.2e-07   28.9   0.4   2   2     2e-07   5.6e-06   24.9   0.0    76   152   119   191    89   200 0.79 -
57980at50557_7493_0:0030d1|STRG.15989.2:269-994|+      -            242 63395at50557         -            202   3.2e-07   28.9   0.4   1   2       1.9        52    2.2   0.1    26    62    40    74    23    91 0.82 -
57980at50557_7493_0:0030d1|STRG.15989.2:269-994|+      -            242 63395at50557         -            202   3.2e-07   28.9   0.4   2   2     2e-07   5.6e-06   24.9   0.0    76   152   119   191    89   200 0.79 -
57980at50557_7493_0:0030d1|STRG.15989.3:410-1135|+     -            242 63395at50557         -            202   3.2e-07   28.9   0.4   1   2       1.9        52    2.2   0.1    26    62    40    74    23    91 0.82 -
57980at50557_7493_0:0030d1|STRG.15989.3:410-1135|+     -            242 63395at50557         -            202   3.2e-07   28.9   0.4   2   2     2e-07   5.6e-06   24.9   0.0    76   152   119   191    89   200 0.79 -
57980at50557_7493_0:0030d1|STRG.15989.4:410-1135|+     -            242 63395at50557         -            202   3.2e-07   28.9   0.4   1   2       1.9        52    2.2   0.1    26    62    40    74    23    91 0.82 -
57980at50557_7493_0:0030d1|STRG.15989.4:410-1135|+     -            242 63395at50557         -            202   3.2e-07   28.9   0.4   2   2     2e-07   5.6e-06   24.9   0.0    76   152   119   191    89   200 0.79 -
57980at50557_7493_0:0030d1|STRG.15989.5:90-815|+       -            242 63395at50557         -            202   3.2e-07   28.9   0.4   1   2       1.9        52    2.2   0.1    26    62    40    74    23    91 0.82 -
57980at50557_7493_0:0030d1|STRG.15989.5:90-815|+       -            242 63395at50557         -            202   3.2e-07   28.9   0.4   2   2     2e-07   5.6e-06   24.9   0.0    76   152   119   191    89   200 0.79 -
57980at50557_286706_0:000fec|STRG.24140.1:233-1132|+   -            300 63395at50557         -            202   3.8e-07   28.7   0.0   1   2     0.041       1.1    7.6   0.1    13    63    30    82    22   102 0.76 -
57980at50557_286706_0:000fec|STRG.24140.1:233-1132|+   -            300 63395at50557         -            202   3.8e-07   28.7   0.0   2   2   1.3e-05   0.00035   19.0   0.0    90   152   136   194    99   202 0.81 -
57980at50557_286706_0:000fec|STRG.24140.3:1407-2318|+  -            304 63395at50557         -            202     4e-07   28.6   0.0   1   2     0.042       1.2    7.5   0.1    13    63    30    82    22   102 0.76 -
57980at50557_286706_0:000fec|STRG.24140.3:1407-2318|+  -            304 63395at50557         -            202     4e-07   28.6   0.0   2   2   1.3e-05   0.00036   19.0   0.0    90   152   136   194    99   202 0.81 -
57980at50557_286706_0:000fec|STRG.24140.4:1407-2318|+  -            304 63395at50557         -            202     4e-07   28.6   0.0   1   2     0.042       1.2    7.5   0.1    13    63    30    82    22   102 0.76 -
57980at50557_286706_0:000fec|STRG.24140.4:1407-2318|+  -            304 63395at50557         -            202     4e-07   28.6   0.0   2   2   1.3e-05   0.00036   19.0   0.0    90   152   136   194    99   202 0.81 -
57980at50557_286706_0:000fec|STRG.24140.6:1380-2291|+  -            304 63395at50557         -            202     4e-07   28.6   0.0   1   2     0.042       1.2    7.5   0.1    13    63    30    82    22   102 0.76 -
57980at50557_286706_0:000fec|STRG.24140.6:1380-2291|+  -            304 63395at50557         -            202     4e-07   28.6   0.0   2   2   1.3e-05   0.00036   19.0   0.0    90   152   136   194    99   202 0.81 -
57980at50557_286706_0:000fec|STRG.24140.7:233-1144|+   -            304 63395at50557         -            202     4e-07   28.6   0.0   1   2     0.042       1.2    7.5   0.1    13    63    30    82    22   102 0.76 -
57980at50557_286706_0:000fec|STRG.24140.7:233-1144|+   -            304 63395at50557         -            202     4e-07   28.6   0.0   2   2   1.3e-05   0.00036   19.0   0.0    90   152   136   194    99   202 0.81 -
57980at50557_211228_0:0018dc|STRG.9400.1:82-885|+      -            268 63395at50557         -            202   4.7e-07   28.4   0.5   1   2     0.082       2.3    6.6   0.2    24    60    60    94    45   108 0.79 -
57980at50557_211228_0:0018dc|STRG.9400.1:82-885|+      -            268 63395at50557         -            202   4.7e-07   28.4   0.5   2   2   6.7e-06   0.00019   19.9   0.0    87   159   148   215   118   242 0.75 -
84269at50557_520822_0:0011cf|STRG.20301.2:130-1377|+   -            416 63395at50557         -            202   4.8e-07   28.4   0.0   1   1   2.7e-08   7.6e-07   27.7   0.0    47   158   165   271   123   277 0.83 -
84269at50557_520822_0:0011cf|STRG.20301.4:18-1274|+    -            419 63395at50557         -            202   4.9e-07   28.4   0.0   1   1   2.8e-08   7.7e-07   27.7   0.0    47   158   168   274   126   280 0.83 -
84269at50557_520822_0:0011cf|STRG.20301.3:522-1781|+   -            420 63395at50557         -            202   4.9e-07   28.4   0.0   1   1   2.8e-08   7.7e-07   27.7   0.0    47   158   169   275   127   281 0.83 -
84269at50557_456900_0:002190|STRG.20301.1:304-1611|+   -            436 63395at50557         -            202   5.2e-07   28.3   0.0   1   1     3e-08   8.4e-07   27.6   0.0    47   158   185   291   144   297 0.83 -
65033at50557_13686_0:0008e0|STRG.22019.1:33-1325|+     -            431 63395at50557         -            202   6.9e-07   27.9   0.2   1   2   5.7e-07   1.6e-05   23.4   0.2    24    67   112   155    96   166 0.89 -
65033at50557_13686_0:0008e0|STRG.22019.1:33-1325|+     -            431 63395at50557         -            202   6.9e-07   27.9   0.2   2   2       2.2        60    1.9   0.0    65   145   175   261   157   273 0.54 -
57980at50557_28588_0:000968|STRG.12704.2:724-1569|+    -            282 63395at50557         -            202   1.4e-06   26.9   0.0   1   2       2.1        58    2.0   0.0    26    51    57    82    32   100 0.80 -
57980at50557_28588_0:000968|STRG.12704.2:724-1569|+    -            282 63395at50557         -            202   1.4e-06   26.9   0.0   2   2   1.5e-06   4.2e-05   22.0   0.0    73   148   133   205   109   219 0.80 -
63962at50557_116153_0:001347|STRG.14084.1:570-1316|+   -            249 63395at50557         -            202   1.6e-06   26.6   0.0   1   2     0.052       1.4    7.2   0.0    10    63    38    89    30   101 0.84 -
63962at50557_116153_0:001347|STRG.14084.1:570-1316|+   -            249 63395at50557         -            202   1.6e-06   26.6   0.0   2   2   3.6e-05     0.001   17.5   0.0    75   163   134   212    97   221 0.81 -
63962at50557_116153_0:001347|STRG.14084.3:570-1316|+   -            249 63395at50557         -            202   1.6e-06   26.6   0.0   1   2     0.052       1.4    7.2   0.0    10    63    38    89    30   101 0.84 -
63962at50557_116153_0:001347|STRG.14084.3:570-1316|+   -            249 63395at50557         -            202   1.6e-06   26.6   0.0   2   2   3.6e-05     0.001   17.5   0.0    75   163   134   212    97   221 0.81 -
63962at50557_116153_0:001347|STRG.14084.4:390-1136|+   -            249 63395at50557         -            202   1.6e-06   26.6   0.0   1   2     0.052       1.4    7.2   0.0    10    63    38    89    30   101 0.84 -
63962at50557_116153_0:001347|STRG.14084.4:390-1136|+   -            249 63395at50557         -            202   1.6e-06   26.6   0.0   2   2   3.6e-05     0.001   17.5   0.0    75   163   134   212    97   221 0.81 -
17813at50557_378494_0:006207|STRG.6117.1:681-1325|+    -            215 63395at50557         -            202   1.8e-06   26.5   0.2   1   1   3.9e-06   0.00011   20.7   0.2    89   155   153   214    40   215 0.85 -
57980at50557_456900_0:001387|STRG.17109.2:0-1007|+     -            336 63395at50557         -            202     2e-06   26.4   0.0   1   1   1.6e-07   4.5e-06   25.2   0.0    73   162   149   235   100   244 0.71 -
57980at50557_456900_0:001387|STRG.17109.1:194-1285|+   -            364 63395at50557         -            202   2.4e-06   26.1   0.0   1   1   1.9e-07   5.2e-06   25.0   0.0    73   162   149   235   100   244 0.71 -
84269at50557_121845_0:003993|STRG.21189.1:1260-2066|+  -            269 63395at50557         -            202   2.8e-06   25.9   0.0   1   2       9.1   2.5e+02   -0.1   0.0    30    60    49    77    27    87 0.76 -
84269at50557_121845_0:003993|STRG.21189.1:1260-2066|+  -            269 63395at50557         -            202   2.8e-06   25.9   0.0   2   2   3.9e-07   1.1e-05   24.0   0.0    40   152    87   196    71   208 0.82 -
57980at50557_56086_0:004c1e|STRG.22682.1:1224-2315|+   -            364 63395at50557         -            202   3.1e-06   25.7   0.8   1   1   1.4e-06   3.9e-05   22.1   0.0   114   158   213   258   176   267 0.82 -
57980at50557_56086_0:004c1e|STRG.22682.3:18-1109|+     -            364 63395at50557         -            202   3.1e-06   25.7   0.8   1   1   1.4e-06   3.9e-05   22.1   0.0   114   158   213   258   176   267 0.82 -
57980at50557_56086_0:004c1e|STRG.22682.2:1701-2843|+   -            381 63395at50557         -            202   3.4e-06   25.6   0.7   1   1   1.5e-06   4.2e-05   22.0   0.0   114   158   230   275   193   284 0.82 -
65033at50557_64838_0:001c6d|STRG.6640.1:3354-4157|+    -            268 63395at50557         -            202   3.6e-06   25.5   0.0   1   1   2.5e-07   6.8e-06   24.6   0.0    74   151   121   197    97   202 0.85 -
17813at50557_378494_0:006207|STRG.7303.1:1973-2623|+   -            217 63395at50557         -            202   3.8e-06   25.5   0.0   1   2      0.15       4.1    5.8   0.0    25    55    48    78    24    86 0.75 -
17813at50557_378494_0:006207|STRG.7303.1:1973-2623|+   -            217 63395at50557         -            202   3.8e-06   25.5   0.0   2   2   5.8e-05    0.0016   16.9   0.0    75   156   126   199   109   204 0.75 -
17813at50557_378494_0:006207|STRG.7303.2:807-1457|+    -            217 63395at50557         -            202   3.8e-06   25.5   0.0   1   2      0.15       4.1    5.8   0.0    25    55    48    78    24    86 0.75 -
17813at50557_378494_0:006207|STRG.7303.2:807-1457|+    -            217 63395at50557         -            202   3.8e-06   25.5   0.0   2   2   5.8e-05    0.0016   16.9   0.0    75   156   126   199   109   204 0.75 -
57980at50557_56086_0:004c1e|STRG.8038.1:824-1663|+     -            280 63395at50557         -            202   7.2e-06   24.5   0.1   1   2       1.1        30    2.9   0.1    58    88    42    72    12    90 0.50 -
57980at50557_56086_0:004c1e|STRG.8038.1:824-1663|+     -            280 63395at50557         -            202   7.2e-06   24.5   0.1   2   2   9.5e-06   0.00026   19.4   0.0    74   153   127   207    96   214 0.72 -
84269at50557_13249_0:001df6|STRG.9357.3:885-1666|+     -            228 63395at50557         -            202   1.4e-05   23.6   0.0   1   1   6.8e-07   1.9e-05   23.2   0.0    61   157    39   129     2   154 0.72 -
84269at50557_13249_0:001df6|STRG.9357.4:838-1619|+     -            228 63395at50557         -            202   1.4e-05   23.6   0.0   1   1   6.8e-07   1.9e-05   23.2   0.0    61   157    39   129     2   154 0.72 -
57980at50557_28612_0:0052c4|STRG.10505.3:333-944|+     -            204 63395at50557         -            202   1.6e-05   23.4   0.1   1   2     0.015       0.4    9.0   0.0    15    65    36    84    22   100 0.76 -
57980at50557_28612_0:0052c4|STRG.10505.3:333-944|+     -            204 63395at50557         -            202   1.6e-05   23.4   0.1   2   2    0.0012     0.033   12.6   0.0    88   148   134   195   101   202 0.73 -
57980at50557_28612_0:0052c4|STRG.10505.4:333-944|+     -            204 63395at50557         -            202   1.6e-05   23.4   0.1   1   2     0.015       0.4    9.0   0.0    15    65    36    84    22   100 0.76 -
57980at50557_28612_0:0052c4|STRG.10505.4:333-944|+     -            204 63395at50557         -            202   1.6e-05   23.4   0.1   2   2    0.0012     0.033   12.6   0.0    88   148   134   195   101   202 0.73 -
84269at50557_108931_0:00068a|STRG.9371.2:147-764|+     -            206 63395at50557         -            202   1.6e-05   23.4   0.0   1   1   1.9e-06   5.2e-05   21.7   0.0    73   158    71   149    45   156 0.81 -
57980at50557_28612_0:0052c4|STRG.10505.1:333-1004|+    -            224 63395at50557         -            202   1.8e-05   23.2   0.1   1   2     0.018      0.49    8.8   0.0    15    65    36    84    22    99 0.76 -
57980at50557_28612_0:0052c4|STRG.10505.1:333-1004|+    -            224 63395at50557         -            202   1.8e-05   23.2   0.1   2   2    0.0012     0.032   12.6   0.0    88   149   134   196   102   218 0.75 -
125117at50557_54969_0:0029cc|STRG.19532.1:1358-2254|+  -            299 63395at50557         -            202   1.9e-05   23.2   0.1   1   1   2.3e-06   6.2e-05   21.5   0.0    74   159   132   208   111   223 0.80 -
125117at50557_54969_0:0029cc|STRG.19532.2:2296-3192|+  -            299 63395at50557         -            202   1.9e-05   23.2   0.1   1   1   2.3e-06   6.2e-05   21.5   0.0    74   159   132   208   111   223 0.80 -
125117at50557_54969_0:0029cc|STRG.19532.3:672-1568|+   -            299 63395at50557         -            202   1.9e-05   23.2   0.1   1   1   2.3e-06   6.2e-05   21.5   0.0    74   159   132   208   111   223 0.80 -
125117at50557_54969_0:0029cc|STRG.19532.4:773-1669|+   -            299 63395at50557         -            202   1.9e-05   23.2   0.1   1   1   2.3e-06   6.2e-05   21.5   0.0    74   159   132   208   111   223 0.80 -
84764at50557_286706_0:000034|STRG.12733.11:1289-2230|+ -            314 63395at50557         -            202   2.1e-05   23.0   0.0   1   1   1.7e-06   4.6e-05   21.9   0.0    91   159   148   214   100   229 0.74 -
84764at50557_286706_0:000034|STRG.12733.1:2546-3487|+  -            314 63395at50557         -            202   2.1e-05   23.0   0.0   1   1   1.7e-06   4.6e-05   21.9   0.0    91   159   148   214   100   229 0.74 -
57980at50557_64459_0:000345|STRG.20124.3:177-812|+     -            212 63395at50557         -            202   2.1e-05   23.0   0.1   1   2         4   1.1e+02    1.1   0.0    13    61    26    76    20    93 0.70 -
57980at50557_64459_0:000345|STRG.20124.3:177-812|+     -            212 63395at50557         -            202   2.1e-05   23.0   0.1   2   2   8.3e-06   0.00023   19.6   0.0    74   153   120   192    95   211 0.76 -
84764at50557_286706_0:000034|STRG.12733.10:564-1526|+  -            321 63395at50557         -            202   2.2e-05   23.0   0.0   1   1   1.7e-06   4.8e-05   21.9   0.0    91   159   155   221   107   236 0.74 -
84764at50557_286706_0:000034|STRG.12733.4:1179-2141|+  -            321 63395at50557         -            202   2.2e-05   23.0   0.0   1   1   1.7e-06   4.8e-05   21.9   0.0    91   159   155   221   107   236 0.74 -
84764at50557_286706_0:000034|STRG.12733.5:2097-3059|+  -            321 63395at50557         -            202   2.2e-05   23.0   0.0   1   1   1.7e-06   4.8e-05   21.9   0.0    91   159   155   221   107   236 0.74 -
84764at50557_286706_0:000034|STRG.12733.6:930-1892|+   -            321 63395at50557         -            202   2.2e-05   23.0   0.0   1   1   1.7e-06   4.8e-05   21.9   0.0    91   159   155   221   107   236 0.74 -
84764at50557_286706_0:000034|STRG.12733.7:1395-2357|+  -            321 63395at50557         -            202   2.2e-05   23.0   0.0   1   1   1.7e-06   4.8e-05   21.9   0.0    91   159   155   221   107   236 0.74 -
84764at50557_286706_0:000034|STRG.12733.8:1160-2122|+  -            321 63395at50557         -            202   2.2e-05   23.0   0.0   1   1   1.7e-06   4.8e-05   21.9   0.0    91   159   155   221   107   236 0.74 -
84764at50557_286706_0:000034|STRG.12733.9:1862-2824|+  -            321 63395at50557         -            202   2.2e-05   23.0   0.0   1   1   1.7e-06   4.8e-05   21.9   0.0    91   159   155   221   107   236 0.74 -
84269at50557_286706_0:002294|STRG.9357.1:618-1366|+    -            217 63395at50557         -            202   2.3e-05   22.9   0.0   1   1   1.5e-06   4.1e-05   22.1   0.0    54   153   121   213    84   217 0.73 -
84269at50557_286706_0:002294|STRG.9357.2:618-1366|+    -            217 63395at50557         -            202   2.3e-05   22.9   0.0   1   1   1.5e-06   4.1e-05   22.1   0.0    54   153   121   213    84   217 0.73 -
65033at50557_136037_0:0017d6|STRG.11670.1:1078-1896|+  -            273 63395at50557         -            202   2.7e-05   22.7   0.1   1   2   0.00058     0.016   13.6   0.1    25    62    54    91    45   107 0.80 -
65033at50557_136037_0:0017d6|STRG.11670.1:1078-1896|+  -            273 63395at50557         -            202   2.7e-05   22.7   0.1   2   2      0.07       1.9    6.8   0.0    73   147   132   200   105   207 0.69 -
65033at50557_136037_0:0017d6|STRG.11670.2:982-1800|+   -            273 63395at50557         -            202   2.7e-05   22.7   0.1   1   2   0.00058     0.016   13.6   0.1    25    62    54    91    45   107 0.80 -
65033at50557_136037_0:0017d6|STRG.11670.2:982-1800|+   -            273 63395at50557         -            202   2.7e-05   22.7   0.1   2   2      0.07       1.9    6.8   0.0    73   147   132   200   105   207 0.69 -
65033at50557_136037_0:0017d6|STRG.11670.3:1258-2076|+  -            273 63395at50557         -            202   2.7e-05   22.7   0.1   1   2   0.00058     0.016   13.6   0.1    25    62    54    91    45   107 0.80 -
65033at50557_136037_0:0017d6|STRG.11670.3:1258-2076|+  -            273 63395at50557         -            202   2.7e-05   22.7   0.1   2   2      0.07       1.9    6.8   0.0    73   147   132   200   105   207 0.69 -
63962at50557_286706_0:0004e9|STRG.2900.1:108-956|+     -            283 63395at50557         -            202   2.7e-05   22.7   0.0   1   1   2.9e-06   8.1e-05   21.1   0.0    66   161   124   209   109   216 0.81 -
17813at50557_378494_0:006207|STRG.23197.1:302-760|+    -            153 63395at50557         -            202   2.8e-05   22.6   0.0   1   1     3e-06   8.4e-05   21.1   0.0    64   153    68   150    45   152 0.76 -
17813at50557_378494_0:006207|STRG.23197.2:302-760|+    -            153 63395at50557         -            202   2.8e-05   22.6   0.0   1   1     3e-06   8.4e-05   21.1   0.0    64   153    68   150    45   152 0.76 -
84764at50557_286706_0:000034|STRG.12733.2:706-1683|+   -            326 63395at50557         -            202     3e-05   22.5   0.0   1   1   2.4e-06   6.7e-05   21.4   0.0   112   159   180   226   120   241 0.79 -
84764at50557_286706_0:000034|STRG.12733.3:707-1684|+   -            326 63395at50557         -            202     3e-05   22.5   0.0   1   1   2.4e-06   6.7e-05   21.4   0.0   112   159   180   226   120   241 0.79 -
57980at50557_28612_0:0052c4|STRG.17969.1:460-1206|+    -            249 63395at50557         -            202   3.4e-05   22.3   0.2   1   2     0.065       1.8    6.9   0.1    15    64    36    82    20    96 0.71 -
57980at50557_28612_0:0052c4|STRG.17969.1:460-1206|+    -            249 63395at50557         -            202   3.4e-05   22.3   0.2   2   2   0.00064     0.018   13.5   0.0    90   151   135   192   106   199 0.81 -
57980at50557_28612_0:0052c4|STRG.17969.2:129-875|+     -            249 63395at50557         -            202   3.4e-05   22.3   0.2   1   2     0.065       1.8    6.9   0.1    15    64    36    82    20    96 0.71 -
57980at50557_28612_0:0052c4|STRG.17969.2:129-875|+     -            249 63395at50557         -            202   3.4e-05   22.3   0.2   2   2   0.00064     0.018   13.5   0.0    90   151   135   192   106   199 0.81 -
57980at50557_28612_0:0052c4|STRG.17969.4:460-1206|+    -            249 63395at50557         -            202   3.4e-05   22.3   0.2   1   2     0.065       1.8    6.9   0.1    15    64    36    82    20    96 0.71 -
57980at50557_28612_0:0052c4|STRG.17969.4:460-1206|+    -            249 63395at50557         -            202   3.4e-05   22.3   0.2   2   2   0.00064     0.018   13.5   0.0    90   151   135   192   106   199 0.81 -
57980at50557_7237_0:0026c2|STRG.17969.3:305-970|+      -            222 63395at50557         -            202     4e-05   22.1   0.1   1   2     0.098       2.7    6.3   0.0    15    64     9    55     2    69 0.76 -
57980at50557_7237_0:0026c2|STRG.17969.3:305-970|+      -            222 63395at50557         -            202     4e-05   22.1   0.1   2   2    0.0005     0.014   13.8   0.0    90   151   108   165    79   173 0.81 -
57980at50557_610380_0:001287|STRG.14190.2:1439-2140|+  -            234 63395at50557         -            202   4.4e-05   22.0   0.0   1   1   2.6e-06   7.1e-05   21.3   0.0    93   151    75   136    58   144 0.87 -
57980at50557_610380_0:001287|STRG.14190.3:717-1418|+   -            234 63395at50557         -            202   4.4e-05   22.0   0.0   1   1   2.6e-06   7.1e-05   21.3   0.0    93   151    75   136    58   144 0.87 -
17813at50557_378494_0:006207|STRG.18344.2:573-1193|+   -            207 63395at50557         -            202   4.4e-05   22.0   0.1   1   1   0.00012    0.0032   15.9   0.1    75   155   128   205    25   206 0.86 -
63962at50557_116153_0:001347|STRG.10505.2:333-1187|+   -            285 63395at50557         -            202   4.5e-05   21.9   0.1   1   2     0.027      0.75    8.2   0.0    15    65    36    84    22    99 0.76 -
63962at50557_116153_0:001347|STRG.10505.2:333-1187|+   -            285 63395at50557         -            202   4.5e-05   21.9   0.1   2   2    0.0022      0.06   11.7   0.0    88   149   134   196   103   205 0.73 -
63962at50557_116153_0:001347|STRG.10505.5:120-974|+    -            285 63395at50557         -            202   4.5e-05   21.9   0.1   1   2     0.027      0.75    8.2   0.0    15    65    36    84    22    99 0.76 -
63962at50557_116153_0:001347|STRG.10505.5:120-974|+    -            285 63395at50557         -            202   4.5e-05   21.9   0.1   2   2    0.0022      0.06   11.7   0.0    88   149   134   196   103   205 0.73 -
57980at50557_7536_0:003723|STRG.14194.1:2476-3255|+    -            260 63395at50557         -            202   5.2e-05   21.7   0.0   1   1   6.6e-06   0.00018   19.9   0.0    75   155   131   201   125   211 0.85 -
57980at50557_7536_0:003723|STRG.14194.2:2466-3245|+    -            260 63395at50557         -            202   5.2e-05   21.7   0.0   1   1   6.6e-06   0.00018   19.9   0.0    75   155   131   201   125   211 0.85 -
57980at50557_7536_0:003723|STRG.14194.3:2386-3165|+    -            260 63395at50557         -            202   5.2e-05   21.7   0.0   1   1   6.6e-06   0.00018   19.9   0.0    75   155   131   201   125   211 0.85 -
84269at50557_7176_0:002db1|STRG.20124.2:356-784|+      -            143 63395at50557         -            202   7.6e-05   21.2   0.0   1   1   3.8e-06    0.0001   20.7   0.0    74   152    64   135    27   141 0.77 -
63962at50557_13249_0:000dee|STRG.1247.1:1627-2541|+    -            305 63395at50557         -            202     8e-05   21.1   0.0   1   1   5.5e-06   0.00015   20.2   0.0    73   160   135   212   101   245 0.79 -
63962at50557_13249_0:000dee|STRG.1247.2:1573-2487|+    -            305 63395at50557         -            202     8e-05   21.1   0.0   1   1   5.5e-06   0.00015   20.2   0.0    73   160   135   212   101   245 0.79 -
63962at50557_13249_0:000dee|STRG.1247.3:2056-2970|+    -            305 63395at50557         -            202     8e-05   21.1   0.0   1   1   5.5e-06   0.00015   20.2   0.0    73   160   135   212   101   245 0.79 -
125117at50557_54969_0:0029cc|STRG.19717.2:78-1136|+    -            353 63395at50557         -            202   8.6e-05   21.0   0.0   1   1   6.8e-06   0.00019   19.9   0.0    46   159   142   248   132   257 0.79 -
125117at50557_54969_0:0029cc|STRG.14163.2:60-989|+     -            310 63395at50557         -            202     9e-05   21.0   0.1   1   2       2.7        75    1.6   0.0    26    61    48    81    31    88 0.78 -
125117at50557_54969_0:0029cc|STRG.14163.2:60-989|+     -            310 63395at50557         -            202     9e-05   21.0   0.1   2   2   6.1e-05    0.0017   16.8   0.0    74   157   125   197   107   202 0.77 -
57980at50557_104421_0:00216f|STRG.24252.2:645-1361|+   -            239 63395at50557         -            202   9.9e-05   20.8   0.1   1   2       9.1   2.5e+02   -0.1   0.0    24    45    28    49    13    76 0.78 -
57980at50557_104421_0:00216f|STRG.24252.2:645-1361|+   -            239 63395at50557         -            202   9.9e-05   20.8   0.1   2   2     2e-05   0.00054   18.4   0.0    74   154   108   181    80   205 0.80 -
57980at50557_286706_0:000fec|STRG.22029.1:404-1255|+   -            284 63395at50557         -            202   0.00011   20.7   0.2   1   1    0.0032     0.089   11.2   0.2    46   148    89   184    17   196 0.58 -
57980at50557_286706_0:000fec|STRG.22029.2:176-1027|+   -            284 63395at50557         -            202   0.00011   20.7   0.2   1   1    0.0032     0.089   11.2   0.2    46   148    89   184    17   196 0.58 -
57980at50557_286706_0:000fec|STRG.22029.3:253-1104|+   -            284 63395at50557         -            202   0.00011   20.7   0.2   1   1    0.0032     0.089   11.2   0.2    46   148    89   184    17   196 0.58 -
57980at50557_286706_0:000fec|STRG.22029.4:399-1250|+   -            284 63395at50557         -            202   0.00011   20.7   0.2   1   1    0.0032     0.089   11.2   0.2    46   148    89   184    17   196 0.58 -
57980at50557_108931_0:000186|STRG.1224.2:186-974|+     -            263 63395at50557         -            202   0.00011   20.7   0.2   1   1   2.8e-05   0.00077   17.9   0.2    74   156   118   194    20   220 0.85 -
63962at50557_37344_0:002a3d|STRG.23638.2:367-1185|+    -            273 63395at50557         -            202   0.00011   20.7   0.0   1   1   6.5e-06   0.00018   20.0   0.0    89   163   131   201   108   212 0.82 -
63962at50557_441921_0:002083|STRG.8611.1:1467-2636|+   -            390 63395at50557         -            202   0.00011   20.6   0.0   1   1   7.5e-06   0.00021   19.8   0.0    73   163   131   213   109   223 0.81 -
63962at50557_441921_0:002083|STRG.8611.2:558-1727|+    -            390 63395at50557         -            202   0.00011   20.6   0.0   1   1   7.5e-06   0.00021   19.8   0.0    73   163   131   213   109   223 0.81 -
125117at50557_54969_0:0029cc|STRG.23638.1:439-1350|+   -            304 63395at50557         -            202   0.00013   20.4   0.0   1   1     8e-06   0.00022   19.7   0.0    89   163   143   213   120   224 0.82 -
125117at50557_54969_0:0029cc|STRG.23638.3:991-1902|+   -            304 63395at50557         -            202   0.00013   20.4   0.0   1   1     8e-06   0.00022   19.7   0.0    89   163   143   213   120   224 0.82 -
125117at50557_54969_0:0029cc|STRG.23638.4:1036-1947|+  -            304 63395at50557         -            202   0.00013   20.4   0.0   1   1     8e-06   0.00022   19.7   0.0    89   163   143   213   120   224 0.82 -
125117at50557_54969_0:0029cc|STRG.23638.5:4531-5442|+  -            304 63395at50557         -            202   0.00013   20.4   0.0   1   1     8e-06   0.00022   19.7   0.0    89   163   143   213   120   224 0.82 -
125117at50557_54969_0:0029cc|STRG.23638.6:4416-5327|+  -            304 63395at50557         -            202   0.00013   20.4   0.0   1   1     8e-06   0.00022   19.7   0.0    89   163   143   213   120   224 0.82 -
125117at50557_54969_0:0029cc|STRG.23638.7:500-1411|+   -            304 63395at50557         -            202   0.00013   20.4   0.0   1   1     8e-06   0.00022   19.7   0.0    89   163   143   213   120   224 0.82 -
125117at50557_54969_0:0029cc|STRG.23638.8:192-1103|+   -            304 63395at50557         -            202   0.00013   20.4   0.0   1   1     8e-06   0.00022   19.7   0.0    89   163   143   213   120   224 0.82 -
125117at50557_54969_0:0029cc|STRG.23638.9:512-1423|+   -            304 63395at50557         -            202   0.00013   20.4   0.0   1   1     8e-06   0.00022   19.7   0.0    89   163   143   213   120   224 0.82 -
57980at50557_34740_0:00324b|STRG.17965.1:5512-6279|+   -            256 63395at50557         -            202   0.00013   20.4   0.0   1   1   8.8e-06   0.00024   19.6   0.0    68   151   106   195    92   203 0.69 -
57980at50557_34740_0:00324b|STRG.17965.3:5459-6226|+   -            256 63395at50557         -            202   0.00013   20.4   0.0   1   1   8.8e-06   0.00024   19.6   0.0    68   151   106   195    92   203 0.69 -
57980at50557_34740_0:00324b|STRG.17965.4:75-842|+      -            256 63395at50557         -            202   0.00013   20.4   0.0   1   1   8.8e-06   0.00024   19.6   0.0    68   151   106   195    92   203 0.69 -
57980at50557_104421_0:00216f|STRG.24252.1:420-1211|+   -            264 63395at50557         -            202   0.00013   20.4   0.1   1   1   2.7e-05   0.00074   18.0   0.0    74   154   126   199   108   224 0.79 -
8547at50557_74869_0:0028a5|STRG.18997.1:1327-2121|+    -            265 63395at50557         -            202   0.00014   20.4   0.1   1   3      0.03      0.82    8.0   0.1    25    61    38    72    16    84 0.80 -
8547at50557_74869_0:0028a5|STRG.18997.1:1327-2121|+    -            265 63395at50557         -            202   0.00014   20.4   0.1   2   3       5.3   1.5e+02    0.7   0.0    87   105   126   144    93   150 0.62 -
8547at50557_74869_0:0028a5|STRG.18997.1:1327-2121|+    -            265 63395at50557         -            202   0.00014   20.4   0.1   3   3     0.034      0.95    7.8   0.0   116   152   174   209   164   234 0.79 -
84269at50557_7004_0:003733|STRG.24252.4:354-833|+      -            160 63395at50557         -            202   0.00014   20.3   0.0   1   1   6.7e-06   0.00018   19.9   0.0    74   155    45   119    16   145 0.80 -
65033at50557_139723_0:000232|STRG.17738.1:1695-2693|+  -            333 63395at50557         -            202   0.00015   20.2   0.0   1   2       4.6   1.3e+02    0.9   0.0    27    68    86   125    64   142 0.75 -
65033at50557_139723_0:000232|STRG.17738.1:1695-2693|+  -            333 63395at50557         -            202   0.00015   20.2   0.0   2   2     6e-05    0.0017   16.8   0.0    74   164   164   261   125   270 0.72 -
57980at50557_286706_0:000fec|STRG.24252.3:1059-1883|+  -            275 63395at50557         -            202   0.00015   20.2   0.1   1   1   2.8e-05   0.00077   17.9   0.0    74   154   144   217   120   241 0.80 -
63962at50557_29031_0:00144f|STRG.9829.3:256-1273|+     -            196 63395at50557         -            202   0.00017   20.1   0.0   1   1   1.1e-05    0.0003   19.3   0.0    89   166    57   130    40   139 0.80 -
125117at50557_54969_0:0029cc|STRG.14488.1:0-1028|+     -            343 63395at50557         -            202   0.00017   20.0   0.0   1   1   1.5e-05   0.00041   18.8   0.0    73   158    96   173    63   183 0.79 -
57980at50557_28612_0:0052c4|STRG.23455.1:64-915|+      -            284 63395at50557         -            202    0.0002   19.8   0.2   1   2       5.4   1.5e+02    0.7   0.0    24    60    36    70    17    83 0.70 -
57980at50557_28612_0:0052c4|STRG.23455.1:64-915|+      -            284 63395at50557         -            202    0.0002   19.8   0.2   2   2   7.7e-05    0.0021   16.5   0.0    71   157   111   193    70   199 0.75 -
57980at50557_28612_0:0052c4|STRG.23455.5:73-942|+      -            290 63395at50557         -            202   0.00021   19.7   0.2   1   2       5.6   1.5e+02    0.6   0.0    24    60    35    69    16    82 0.70 -
57980at50557_28612_0:0052c4|STRG.23455.5:73-942|+      -            290 63395at50557         -            202   0.00021   19.7   0.2   2   2   8.1e-05    0.0022   16.4   0.0    71   157   110   192    69   198 0.75 -
57980at50557_28612_0:0052c4|STRG.23455.6:3-875|+       -            291 63395at50557         -            202   0.00022   19.7   0.2   1   2       5.6   1.5e+02    0.6   0.0    24    60    43    77    24    90 0.70 -
57980at50557_28612_0:0052c4|STRG.23455.6:3-875|+       -            291 63395at50557         -            202   0.00022   19.7   0.2   2   2   8.1e-05    0.0022   16.4   0.0    71   157   118   200    77   206 0.75 -
57980at50557_28612_0:0052c4|STRG.23455.2:29-937|+      -            303 63395at50557         -            202   0.00024   19.6   0.2   1   2       5.9   1.6e+02    0.5   0.0    24    60    48    82    29    95 0.70 -
57980at50557_28612_0:0052c4|STRG.23455.2:29-937|+      -            303 63395at50557         -            202   0.00024   19.6   0.2   2   2   8.2e-05    0.0023   16.4   0.0    71   157   123   205    82   213 0.75 -
57980at50557_28612_0:0052c4|STRG.23455.3:29-937|+      -            303 63395at50557         -            202   0.00024   19.6   0.2   1   2       5.9   1.6e+02    0.5   0.0    24    60    48    82    29    95 0.70 -
57980at50557_28612_0:0052c4|STRG.23455.3:29-937|+      -            303 63395at50557         -            202   0.00024   19.6   0.2   2   2   8.2e-05    0.0023   16.4   0.0    71   157   123   205    82   213 0.75 -
17813at50557_378494_0:006207|STRG.16681.1:238-846|+    -            203 63395at50557         -            202   0.00025   19.5   0.0   1   2       1.7        48    2.3   0.0    25    62    48    83    28   122 0.80 -
17813at50557_378494_0:006207|STRG.16681.1:238-846|+    -            203 63395at50557         -            202   0.00025   19.5   0.0   2   2   0.00017    0.0046   15.4   0.0    74   151   126   198   112   202 0.81 -
17813at50557_378494_0:006207|STRG.16681.2:238-846|+    -            203 63395at50557         -            202   0.00025   19.5   0.0   1   2       1.7        48    2.3   0.0    25    62    48    83    28   122 0.80 -
17813at50557_378494_0:006207|STRG.16681.2:238-846|+    -            203 63395at50557         -            202   0.00025   19.5   0.0   2   2   0.00017    0.0046   15.4   0.0    74   151   126   198   112   202 0.81 -
57980at50557_28612_0:0052c4|STRG.23455.4:29-955|+      -            309 63395at50557         -            202   0.00026   19.4   0.2   1   2       6.1   1.7e+02    0.5   0.0    24    60    48    82    29    95 0.70 -
57980at50557_28612_0:0052c4|STRG.23455.4:29-955|+      -            309 63395at50557         -            202   0.00026   19.4   0.2   2   2   9.1e-05    0.0025   16.2   0.0    71   157   123   205    85   212 0.75 -
63962at50557_37344_0:002a3d|STRG.17862.1:619-1485|+    -            289 63395at50557         -            202   0.00028   19.3   0.0   1   2       9.1   2.5e+02   -0.1   0.0    15    62    23    71    17    88 0.63 -
63962at50557_37344_0:002a3d|STRG.17862.1:619-1485|+    -            289 63395at50557         -            202   0.00028   19.3   0.0   2   2   6.3e-05    0.0017   16.8   0.0    71   166   126   214   108   228 0.82 -
17813at50557_29031_0:001ee3|STRG.1214.1:212-667|+      -            152 63395at50557         -            202    0.0003   19.2   0.0   1   1   1.6e-05   0.00044   18.7   0.0    75   155     6    78     2    84 0.79 -
17813at50557_378494_0:006207|STRG.1214.2:277-885|+     -            203 63395at50557         -            202    0.0003   19.2   0.0   1   1   1.7e-05   0.00047   18.6   0.0    74   155   128   201    98   202 0.76 -
17813at50557_378494_0:006207|STRG.1214.4:309-917|+     -            203 63395at50557         -            202    0.0003   19.2   0.0   1   1   1.7e-05   0.00047   18.6   0.0    74   155   128   201    98   202 0.76 -
17813at50557_378494_0:006207|STRG.1214.3:49-666|+      -            206 63395at50557         -            202   0.00031   19.2   0.0   1   1   1.8e-05   0.00049   18.6   0.0    74   155   131   204   101   205 0.76 -
63962at50557_520822_0:001ab6|STRG.4558.1:0-1724|+      -            575 63395at50557         -            202   0.00031   19.2   0.0   1   1     4e-05    0.0011   17.4   0.0    74   164   195   292   180   297 0.73 -
57980at50557_224129_0:002c37|STRG.14084.2:205-732|+    -            176 63395at50557         -            202   0.00032   19.2   0.0   1   1   1.5e-05   0.00041   18.8   0.0    75   163    70   148    32   158 0.80 -
8547at50557_45779_0:000864|STRG.20865.1:327-1094|+     -            256 63395at50557         -            202   0.00035   19.0   0.0   1   2       9.6   2.7e+02   -0.2   0.0    27    50    51    74    38    85 0.84 -
8547at50557_45779_0:000864|STRG.20865.1:327-1094|+     -            256 63395at50557         -            202   0.00035   19.0   0.0   2   2   6.3e-05    0.0017   16.8   0.0    90   152   139   200    89   213 0.81 -
8547at50557_45779_0:000864|STRG.20865.2:327-1094|+     -            256 63395at50557         -            202   0.00035   19.0   0.0   1   2       9.6   2.7e+02   -0.2   0.0    27    50    51    74    38    85 0.84 -
8547at50557_45779_0:000864|STRG.20865.2:327-1094|+     -            256 63395at50557         -            202   0.00035   19.0   0.0   2   2   6.3e-05    0.0017   16.8   0.0    90   152   139   200    89   213 0.81 -
63962at50557_29031_0:00144f|STRG.14163.1:1990-2598|+   -            203 63395at50557         -            202   0.00038   18.9   0.0   1   1   2.6e-05   0.00072   18.0   0.0    74   157    56   128    38   133 0.77 -
17813at50557_378494_0:006207|STRG.24282.1:1393-1986|+  -            198 63395at50557         -            202   0.00045   18.7   0.0   1   2      0.29       7.9    4.8   0.1    27    63    55    89    36   112 0.82 -
17813at50557_378494_0:006207|STRG.24282.1:1393-1986|+  -            198 63395at50557         -            202   0.00045   18.7   0.0   2   2    0.0021     0.057   11.8   0.0    89   149   141   197   113   198 0.82 -
17813at50557_378494_0:006207|STRG.24282.2:1348-1941|+  -            198 63395at50557         -            202   0.00045   18.7   0.0   1   2      0.29       7.9    4.8   0.1    27    63    55    89    36   112 0.82 -
17813at50557_378494_0:006207|STRG.24282.2:1348-1941|+  -            198 63395at50557         -            202   0.00045   18.7   0.0   2   2    0.0021     0.057   11.8   0.0    89   149   141   197   113   198 0.82 -
125117at50557_54969_0:0029cc|STRG.9829.1:2109-3259|+   -            358 63395at50557         -            202   0.00046   18.7   0.0   1   1   3.6e-05   0.00099   17.6   0.0    89   166   179   252   163   261 0.80 -
125117at50557_54969_0:0029cc|STRG.9829.4:494-1644|+    -            358 63395at50557         -            202   0.00046   18.7   0.0   1   1   3.6e-05   0.00099   17.6   0.0    89   166   179   252   163   261 0.80 -
125117at50557_54969_0:0029cc|STRG.9829.5:2112-3262|+   -            358 63395at50557         -            202   0.00046   18.7   0.0   1   1   3.6e-05   0.00099   17.6   0.0    89   166   179   252   163   261 0.80 -
125117at50557_54969_0:0029cc|STRG.9829.6:2092-3242|+   -            358 63395at50557         -            202   0.00046   18.7   0.0   1   1   3.6e-05   0.00099   17.6   0.0    89   166   179   252   163   261 0.80 -
17813at50557_378494_0:006207|STRG.18997.2:1471-2031|+  -            187 63395at50557         -            202   0.00055   18.4   0.1   1   3      0.23       6.4    5.1   0.1    29    61     2    32     1    45 0.84 -
17813at50557_378494_0:006207|STRG.18997.2:1471-2031|+  -            187 63395at50557         -            202   0.00055   18.4   0.1   2   3       2.9        81    1.5   0.0    87   105    86   104    52   110 0.61 -
17813at50557_378494_0:006207|STRG.18997.2:1471-2031|+  -            187 63395at50557         -            202   0.00055   18.4   0.1   3   3     0.025      0.69    8.3   0.0   116   151   134   168   123   184 0.82 -
17813at50557_378494_0:006207|STRG.18997.3:1519-2079|+  -            187 63395at50557         -            202   0.00055   18.4   0.1   1   3      0.23       6.4    5.1   0.1    29    61     2    32     1    45 0.84 -
17813at50557_378494_0:006207|STRG.18997.3:1519-2079|+  -            187 63395at50557         -            202   0.00055   18.4   0.1   2   3       2.9        81    1.5   0.0    87   105    86   104    52   110 0.61 -
17813at50557_378494_0:006207|STRG.18997.3:1519-2079|+  -            187 63395at50557         -            202   0.00055   18.4   0.1   3   3     0.025      0.69    8.3   0.0   116   151   134   168   123   184 0.82 -
8547at50557_74869_0:0028a5|STRG.3754.1:78-800|+        -            241 63395at50557         -            202   0.00063   18.2   0.0   1   1   7.5e-05    0.0021   16.5   0.0    75   155   104   182    38   188 0.75 -
8547at50557_74869_0:0028a5|STRG.3754.2:78-800|+        -            241 63395at50557         -            202   0.00063   18.2   0.0   1   1   7.5e-05    0.0021   16.5   0.0    75   155   104   182    38   188 0.75 -
57980at50557_224129_0:002c37|STRG.7304.3:0-734|+       -            245 63395at50557         -            202   0.00064   18.2   0.0   1   1   4.8e-05    0.0013   17.1   0.0    75   154   109   182    91   192 0.85 -
65033at50557_74869_0:0028a2|STRG.18715.2:2792-3400|+   -            203 63395at50557         -            202   0.00067   18.1   0.0   1   1   7.8e-05    0.0022   16.5   0.0   106   153    98   143     6   161 0.67 -
57980at50557_7038_0:000334|STRG.7304.2:517-1293|+      -            259 63395at50557         -            202    0.0008   17.9   0.0   1   1   5.4e-05    0.0015   17.0   0.0    75   154   128   201   110   211 0.85 -
65033at50557_178035_0:001748|STRG.18715.1:2792-3442|+  -            217 63395at50557         -            202    0.0008   17.9   0.0   1   1   9.4e-05    0.0026   16.2   0.0   114   153   105   143     6   160 0.68 -
65033at50557_178035_0:001748|STRG.18715.3:2760-3410|+  -            217 63395at50557         -            202    0.0008   17.9   0.0   1   1   9.4e-05    0.0026   16.2   0.0   114   153   105   143     6   160 0.68 -
65033at50557_178035_0:001748|STRG.18715.4:2082-2732|+  -            217 63395at50557         -            202    0.0008   17.9   0.0   1   1   9.4e-05    0.0026   16.2   0.0   114   153   105   143     6   160 0.68 -
84764at50557_52612_0:004b87|STRG.17939.1:1362-1721|+   -            120 63395at50557         -            202   0.00089   17.7   0.0   1   1   3.6e-05     0.001   17.5   0.0    17    67    40    88    23   106 0.79 -
84764at50557_52612_0:004b87|STRG.17939.2:1272-1631|+   -            120 63395at50557         -            202   0.00089   17.7   0.0   1   1   3.6e-05     0.001   17.5   0.0    17    67    40    88    23   106 0.79 -
84764at50557_52612_0:004b87|STRG.17939.3:995-1354|+    -            120 63395at50557         -            202   0.00089   17.7   0.0   1   1   3.6e-05     0.001   17.5   0.0    17    67    40    88    23   106 0.79 -
84764at50557_52612_0:004b87|STRG.17939.4:670-1029|+    -            120 63395at50557         -            202   0.00089   17.7   0.0   1   1   3.6e-05     0.001   17.5   0.0    17    67    40    88    23   106 0.79 -
57980at50557_108931_0:000186|STRG.12788.1:30-785|+     -            252 63395at50557         -            202    0.0013   17.2   0.1   1   1   0.00015    0.0041   15.6   0.0   111   152   153   194    89   201 0.70 -
65033at50557_13249_0:002565|STRG.11131.1:217-993|+     -            259 63395at50557         -            202    0.0017   16.8   0.0   1   1   0.00011    0.0029   16.0   0.0    88   158   139   205    33   214 0.78 -
57980at50557_224129_0:002c37|STRG.7304.1:550-1116|+    -            189 63395at50557         -            202    0.0017   16.8   0.0   1   1   0.00011    0.0029   16.0   0.0    75   152   117   188    98   189 0.84 -
57980at50557_43151_0:0020f1|STRG.12127.1:1624-2202|+   -            193 63395at50557         -            202    0.0019   16.7   0.0   1   1   0.00013    0.0036   15.7   0.0    73   152    71   141     3   154 0.87 -
57980at50557_43151_0:0020f1|STRG.12127.2:1527-2105|+   -            193 63395at50557         -            202    0.0019   16.7   0.0   1   1   0.00013    0.0036   15.7   0.0    73   152    71   141     3   154 0.87 -
57980at50557_7130_0:001f07|STRG.4491.1:5-787|+         -            261 63395at50557         -            202    0.0019   16.6   0.0   1   1   0.00013    0.0037   15.7   0.0    75   166   100   185    75   209 0.78 -
84269at50557_7159_0:0033d6|STRG.10688.1:774-1673|+     -            300 63395at50557         -            202     0.002   16.6   0.1   1   2       3.7     1e+02    1.2   0.0    35    63    68    94    44   119 0.71 -
84269at50557_7159_0:0033d6|STRG.10688.1:774-1673|+     -            300 63395at50557         -            202     0.002   16.6   0.1   2   2   0.00066     0.018   13.4   0.0    74   158   136   228    98   235 0.70 -
17813at50557_378494_0:006207|STRG.18551.2:107-743|+    -            203 63395at50557         -            202    0.0025   16.3   0.1   1   2       1.4        38    2.6   0.1    25    58    37    68    14    97 0.75 -
17813at50557_378494_0:006207|STRG.18551.2:107-743|+    -            203 63395at50557         -            202    0.0025   16.3   0.1   2   2    0.0019     0.053   11.9   0.0    74   150   123   197    94   202 0.76 -
63962at50557_45779_0:000a34|STRG.13017.1:2091-3035|+   -            315 63395at50557         -            202    0.0026   16.2   0.0   1   2       6.1   1.7e+02    0.5   0.0    64   100   109   142    82   148 0.66 -
63962at50557_45779_0:000a34|STRG.13017.1:2091-3035|+   -            315 63395at50557         -            202    0.0026   16.2   0.0   2   2    0.0011      0.03   12.7   0.0   117   157   200   239   194   248 0.85 -
84269at50557_74869_0:0034df|STRG.20124.1:227-568|+     -            114 63395at50557         -            202     0.003   16.0   0.0   1   1   0.00013    0.0036   15.7   0.0   121   170    22    75     2    85 0.78 -
65033at50557_7038_0:001d12|STRG.8147.7:45-812|+        -            256 63395at50557         -            202    0.0031   15.9   0.5   1   1    0.0064      0.18   10.2   0.5    76   152   129   197    26   204 0.77 -
8547at50557_74869_0:0028a5|STRG.12053.1:2232-3113|+    -            294 63395at50557         -            202    0.0033   15.9   0.0   1   2      0.31       8.7    4.7   0.0    27    64    46    83    29    91 0.87 -
8547at50557_74869_0:0028a5|STRG.12053.1:2232-3113|+    -            294 63395at50557         -            202    0.0033   15.9   0.0   2   2     0.015       0.4    9.0   0.0    92   152   173   231   134   237 0.75 -
8547at50557_74869_0:0028a5|STRG.15773.1:1793-2584|+    -            264 63395at50557         -            202    0.0036   15.7   0.5   1   2         4   1.1e+02    1.1   0.0    26    46    52    72    32    78 0.77 -
8547at50557_74869_0:0028a5|STRG.15773.1:1793-2584|+    -            264 63395at50557         -            202    0.0036   15.7   0.5   2   2    0.0014     0.039   12.3   0.1    87   152   140   202    88   207 0.66 -
8547at50557_74869_0:0028a5|STRG.15773.2:1793-2584|+    -            264 63395at50557         -            202    0.0036   15.7   0.5   1   2         4   1.1e+02    1.1   0.0    26    46    52    72    32    78 0.77 -
8547at50557_74869_0:0028a5|STRG.15773.2:1793-2584|+    -            264 63395at50557         -            202    0.0036   15.7   0.5   2   2    0.0014     0.039   12.3   0.1    87   152   140   202    88   207 0.66 -
8547at50557_74869_0:0028a5|STRG.15773.3:837-1628|+     -            264 63395at50557         -            202    0.0036   15.7   0.5   1   2         4   1.1e+02    1.1   0.0    26    46    52    72    32    78 0.77 -
8547at50557_74869_0:0028a5|STRG.15773.3:837-1628|+     -            264 63395at50557         -            202    0.0036   15.7   0.5   2   2    0.0014     0.039   12.3   0.1    87   152   140   202    88   207 0.66 -
57980at50557_43151_0:0020f1|STRG.15773.1:1949-2560|+   -            204 63395at50557         -            202    0.0037   15.7   0.3   1   2       8.3   2.3e+02    0.0   0.0    28    46     2    20     1    31 0.86 -
57980at50557_43151_0:0020f1|STRG.15773.1:1949-2560|+   -            204 63395at50557         -            202    0.0037   15.7   0.3   2   2   0.00075     0.021   13.2   0.1    87   152    88   150    34   155 0.65 -
57980at50557_43151_0:0020f1|STRG.15773.2:1949-2560|+   -            204 63395at50557         -            202    0.0037   15.7   0.3   1   2       8.3   2.3e+02    0.0   0.0    28    46     2    20     1    31 0.86 -
57980at50557_43151_0:0020f1|STRG.15773.2:1949-2560|+   -            204 63395at50557         -            202    0.0037   15.7   0.3   2   2   0.00075     0.021   13.2   0.1    87   152    88   150    34   155 0.65 -
57980at50557_43151_0:0020f1|STRG.15773.3:993-1604|+    -            204 63395at50557         -            202    0.0037   15.7   0.3   1   2       8.3   2.3e+02    0.0   0.0    28    46     2    20     1    31 0.86 -
57980at50557_43151_0:0020f1|STRG.15773.3:993-1604|+    -            204 63395at50557         -            202    0.0037   15.7   0.3   2   2   0.00075     0.021   13.2   0.1    87   152    88   150    34   155 0.65 -
65033at50557_35570_0:001139|STRG.8147.3:348-1169|+     -            274 63395at50557         -            202     0.004   15.6   0.5   1   1    0.0075      0.21   10.0   0.5    76   152   147   215    44   222 0.77 -
65033at50557_35570_0:001139|STRG.8147.4:345-1166|+     -            274 63395at50557         -            202     0.004   15.6   0.5   1   1    0.0075      0.21   10.0   0.5    76   152   147   215    44   222 0.77 -
65033at50557_35570_0:001139|STRG.8147.5:495-1334|+     -            280 63395at50557         -            202    0.0041   15.5   0.5   1   1    0.0076      0.21   10.0   0.5    89   152   162   221    50   228 0.77 -
65033at50557_35570_0:001139|STRG.8147.2:297-1127|+     -            277 63395at50557         -            202    0.0042   15.5   0.5   1   1    0.0077      0.21   10.0   0.5    89   152   159   218    47   225 0.77 -
65033at50557_39758_0:002fd0|STRG.8147.6:297-1127|+     -            277 63395at50557         -            202    0.0042   15.5   0.5   1   1    0.0077      0.21   10.0   0.5    89   152   160   219    48   226 0.77 -
65033at50557_35570_0:001139|STRG.8147.1:495-1337|+     -            281 63395at50557         -            202    0.0043   15.5   0.5   1   1    0.0077      0.21    9.9   0.5    89   152   163   222    51   229 0.77 -
63962at50557_7159_0:002034|STRG.2744.4:57-833|+        -            259 63395at50557         -            202    0.0045   15.4   0.1   1   1   0.00096     0.026   12.9   0.0   106   150   160   206   122   219 0.68 -
63962at50557_7159_0:002034|STRG.2744.3:151-930|+       -            260 63395at50557         -            202    0.0046   15.4   0.1   1   1   0.00096     0.027   12.9   0.0   106   150   161   207   123   220 0.68 -
57980at50557_7176_0:003728|STRG.2442.1:1681-2097|+     -            139 63395at50557         -            202    0.0048   15.3   0.0   1   1   0.00022     0.006   15.0   0.0    70   154     4    86     1    97 0.77 -
63962at50557_7160_0:003c94|STRG.2744.2:336-1151|+      -            272 63395at50557         -            202    0.0053   15.2   0.1   1   1     0.001     0.029   12.8   0.0   106   150   173   219   135   232 0.68 -
57980at50557_7176_0:003728|STRG.1224.1:117-533|+       -            139 63395at50557         -            202     0.006   15.0   0.0   1   1   0.00025    0.0068   14.8   0.0    77   157     2    76     1   104 0.84 -
17813at50557_378494_0:006207|STRG.22739.1:591-1238|+   -            216 63395at50557         -            202    0.0088   14.5   0.0   1   1   0.00046     0.013   13.9   0.0    75   155   138   215   107   216 0.78 -
84269at50557_13249_0:001df6|STRG.14855.1:65-841|+      -            259 63395at50557         -            202    0.0097   14.3   0.1   1   1   0.00068     0.019   13.4   0.0   118   150   155   189   106   196 0.87 -
84269at50557_13249_0:001df6|STRG.14855.3:65-841|+      -            259 63395at50557         -            202    0.0097   14.3   0.1   1   1   0.00068     0.019   13.4   0.0   118   150   155   189   106   196 0.87 -
57980at50557_286706_0:000fec|STRG.8292.1:341-964|+     -            208 63395at50557         -            202     0.011   14.1   0.0   1   1   0.00096     0.027   12.9   0.0   121   157   102   138    41   145 0.83 -
57980at50557_286706_0:000fec|STRG.8292.2:341-964|+     -            208 63395at50557         -            202     0.011   14.1   0.0   1   1   0.00096     0.027   12.9   0.0   121   157   102   138    41   145 0.83 -
125117at50557_54969_0:0029cc|STRG.22463.3:1371-2357|+  -            329 63395at50557         -            202     0.012   14.0   0.1   1   1    0.0012     0.032   12.6   0.0    77   163   139   218   112   228 0.76 -
57980at50557_168631_0:00198d|STRG.13794.1:1536-1826|+  -             97 63395at50557         -            202     0.013   13.9   0.0   1   1   0.00049     0.014   13.8   0.0    72   111    38    78     5    94 0.75 -
57980at50557_6973_0:0018b8|STRG.16628.4:1045-1674|+    -            210 63395at50557         -            202     0.014   13.8   0.0   1   2       3.9   1.1e+02    1.1   0.0    71   101    48    75     9    89 0.68 -
57980at50557_6973_0:0018b8|STRG.16628.4:1045-1674|+    -            210 63395at50557         -            202     0.014   13.8   0.0   2   2    0.0049      0.14   10.6   0.0   110   150   105   147    97   160 0.79 -
125117at50557_54969_0:0029cc|STRG.5028.1:2013-2936|+   -            308 63395at50557         -            202      0.02   13.3   0.0   1   1    0.0015     0.041   12.3   0.0    74   157   125   216   101   229 0.65 -
125117at50557_54969_0:0029cc|STRG.5028.2:2683-3606|+   -            308 63395at50557         -            202      0.02   13.3   0.0   1   1    0.0015     0.041   12.3   0.0    74   157   125   216   101   229 0.65 -
57980at50557_132113_0:00295d|STRG.16628.1:937-1740|+   -            268 63395at50557         -            202      0.02   13.3   0.0   1   2       4.1   1.1e+02    1.0   0.0    71   101    84   111    21   125 0.66 -
57980at50557_132113_0:00295d|STRG.16628.1:937-1740|+   -            268 63395at50557         -            202      0.02   13.3   0.0   2   2    0.0074      0.21   10.0   0.0   110   150   141   183   133   196 0.79 -
57980at50557_132113_0:00295d|STRG.16628.2:2557-3360|+  -            268 63395at50557         -            202      0.02   13.3   0.0   1   2       4.1   1.1e+02    1.0   0.0    71   101    84   111    21   125 0.66 -
57980at50557_132113_0:00295d|STRG.16628.2:2557-3360|+  -            268 63395at50557         -            202      0.02   13.3   0.0   2   2    0.0074      0.21   10.0   0.0   110   150   141   183   133   196 0.79 -
57980at50557_132113_0:00295d|STRG.16628.3:2459-3262|+  -            268 63395at50557         -            202      0.02   13.3   0.0   1   2       4.1   1.1e+02    1.0   0.0    71   101    84   111    21   125 0.66 -
57980at50557_132113_0:00295d|STRG.16628.3:2459-3262|+  -            268 63395at50557         -            202      0.02   13.3   0.0   2   2    0.0074      0.21   10.0   0.0   110   150   141   183   133   196 0.79 -
8547at50557_74869_0:0028a5|STRG.12572.1:1576-2421|+    -            282 63395at50557         -            202     0.021   13.3   0.0   1   1     0.003     0.083   11.3   0.0    89   152   157   218   111   223 0.75 -
8547at50557_74869_0:0028a5|STRG.12572.2:679-1524|+     -            282 63395at50557         -            202     0.021   13.3   0.0   1   1     0.003     0.083   11.3   0.0    89   152   157   218   111   223 0.75 -
8547at50557_74869_0:0028a5|STRG.12572.3:1722-2567|+    -            282 63395at50557         -            202     0.021   13.3   0.0   1   1     0.003     0.083   11.3   0.0    89   152   157   218   111   223 0.75 -
57980at50557_143948_0:0027d4|STRG.1447.1:85-402|+      -            106 63395at50557         -            202     0.021   13.2   0.0   1   1   0.00098     0.027   12.9   0.0   118   158     7    46     3    60 0.84 -
58206at50557_103372_0:002486|STRG.10105.2:0-1244|+     -            415 63395at50557         -            202     0.022   13.2   0.0   1   1    0.0016     0.045   12.2   0.0    74   150   207   273   191   280 0.80 -
8547at50557_45779_0:000864|STRG.17447.1:1853-2644|+    -            264 63395at50557         -            202     0.022   13.2   0.0   1   1    0.0019     0.051   12.0   0.0    92   152   142   201   112   225 0.81 -
8547at50557_45779_0:000864|STRG.17447.2:1856-2647|+    -            264 63395at50557         -            202     0.022   13.2   0.0   1   1    0.0019     0.051   12.0   0.0    92   152   142   201   112   225 0.81 -
8547at50557_45779_0:000864|STRG.17447.3:1871-2662|+    -            264 63395at50557         -            202     0.022   13.2   0.0   1   1    0.0019     0.051   12.0   0.0    92   152   142   201   112   225 0.81 -
8547at50557_45779_0:000864|STRG.17447.4:1919-2710|+    -            264 63395at50557         -            202     0.022   13.2   0.0   1   1    0.0019     0.051   12.0   0.0    92   152   142   201   112   225 0.81 -
17813at50557_378494_0:006207|STRG.16992.1:888-1469|+   -            194 63395at50557         -            202     0.024   13.0   0.1   1   1    0.0024     0.067   11.6   0.0    75   154   122   192   102   193 0.75 -
17813at50557_378494_0:006207|STRG.16992.2:879-1460|+   -            194 63395at50557         -            202     0.024   13.0   0.1   1   1    0.0024     0.067   11.6   0.0    75   154   122   192   102   193 0.75 -
8547at50557_45779_0:000864|STRG.7010.1:1543-2373|+     -            277 63395at50557         -            202     0.028   12.8   0.0   1   2      0.13       3.6    5.9   0.0    25    60    57    90    41   106 0.76 -
8547at50557_45779_0:000864|STRG.7010.1:1543-2373|+     -            277 63395at50557         -            202     0.028   12.8   0.0   2   2      0.27       7.6    4.9   0.0    89   151   159   219   109   236 0.69 -
8547at50557_45779_0:000864|STRG.7010.2:1672-2502|+     -            277 63395at50557         -            202     0.028   12.8   0.0   1   2      0.13       3.6    5.9   0.0    25    60    57    90    41   106 0.76 -
8547at50557_45779_0:000864|STRG.7010.2:1672-2502|+     -            277 63395at50557         -            202     0.028   12.8   0.0   2   2      0.27       7.6    4.9   0.0    89   151   159   219   109   236 0.69 -
8547at50557_45779_0:000864|STRG.9240.1:4442-5302|+     -            287 63395at50557         -            202     0.028   12.8   0.0   1   1    0.0018      0.05   12.0   0.0    75   150   161   234   130   242 0.78 -
8547at50557_45779_0:000864|STRG.9240.2:4445-5305|+     -            287 63395at50557         -            202     0.028   12.8   0.0   1   1    0.0018      0.05   12.0   0.0    75   150   161   234   130   242 0.78 -
57980at50557_13249_0:00295e|STRG.14902.1:126-854|+     -            243 63395at50557         -            202     0.038   12.4   0.0   1   1    0.0039      0.11   10.9   0.0   117   153   159   197   122   204 0.81 -
57980at50557_13249_0:00295e|STRG.14902.2:155-883|+     -            243 63395at50557         -            202     0.038   12.4   0.0   1   1    0.0039      0.11   10.9   0.0   117   153   159   197   122   204 0.81 -
8547at50557_74869_0:0028a5|STRG.4785.1:1959-2726|+     -            256 63395at50557         -            202     0.039   12.3   0.1   1   1    0.0033     0.091   11.2   0.1    79   154   123   191    88   197 0.70 -
8547at50557_74869_0:0028a5|STRG.4785.4:106-873|+       -            256 63395at50557         -            202     0.039   12.3   0.1   1   1    0.0033     0.091   11.2   0.1    79   154   123   191    88   197 0.70 -
8547at50557_74869_0:0028a5|STRG.4785.3:2896-3672|+     -            259 63395at50557         -            202     0.041   12.3   0.1   1   1    0.0035     0.098   11.0   0.1    79   154   126   194    94   200 0.70 -
8547at50557_74869_0:0028a5|STRG.10278.1:1181-2095|+    -            305 63395at50557         -            202     0.042   12.3   0.0   1   1    0.0023     0.064   11.7   0.0    63   152   147   240   120   248 0.73 -
57980at50557_34740_0:00324b|STRG.9302.1:246-995|+      -            250 63395at50557         -            202     0.045   12.2   0.0   1   1    0.0028     0.077   11.4   0.0   122   152   156   187   149   197 0.86 -
8547at50557_1629725_0:00090b|STRG.16992.3:331-1389|+   -            353 63395at50557         -            202      0.05   12.0   0.0   1   1    0.0049      0.14   10.6   0.0    75   154   230   300   211   308 0.76 -
125117at50557_54969_0:0029cc|STRG.1641.1:429-1588|+    -            362 63395at50557         -            202     0.064   11.6   0.0   1   1    0.0048      0.13   10.6   0.0    90   155   173   234   144   246 0.75 -
125117at50557_54969_0:0029cc|STRG.1641.2:324-1409|+    -            362 63395at50557         -            202     0.064   11.6   0.0   1   1    0.0048      0.13   10.6   0.0    90   155   173   234   144   246 0.75 -
#
# Program:         hmmsearch
# Version:         3.4 (Aug 2023)
# Pipeline mode:   SEARCH
# Query file:      /home/justine/projet_tutore/busco_downloads/lineages/insecta_odb10/hmms/63395at50557.hmm
# Target file:     annotation_analysis/annotation_gca/T_cornetzi/busco_output/run_insecta_odb10/metaeuk_output/initial_results/assembled_transcripts.fasta.modified.fas
# Option settings: hmmsearch --domtblout annotation_analysis/annotation_gca/T_cornetzi/busco_output/run_insecta_odb10/hmmer_output/initial_run_results/63395at50557.out --cpu 1 /home/justine/projet_tutore/busco_downloads/lineages/insecta_odb10/hmms/63395at50557.hmm annotation_analysis/annotation_gca/T_cornetzi/busco_output/run_insecta_odb10/metaeuk_output/initial_results/assembled_transcripts.fasta.modified.fas 
# Current dir:     /home/justine/projet_tutore
# Date:            Sun Dec  1 22:19:15 2024
# [ok]
