#                                                                                                            --- full sequence --- -------------- this domain -------------   hmm coord   ali coord   env coord
# target name                                        accession   tlen query name           accession   qlen   E-value  score  bias   #  of  c-Evalue  i-Evalue  score  bias  from    to  from    to  from    to  acc description of target
#                                ------------------- ---------- ----- -------------------- ---------- ----- --------- ------ ----- --- --- --------- --------- ------ ----- ----- ----- ----- ----- ----- ----- ---- ---------------------
66657at50557_103372_0:00142d|STRG.22032.1:231-2477|+ -            749 66657at50557         -            423  5.2e-178  590.6   1.8   1   3  2.4e-123  1.2e-120  401.7   0.6    10   257   219   500   211   515 0.88 -
66657at50557_103372_0:00142d|STRG.22032.1:231-2477|+ -            749 66657at50557         -            423  5.2e-178  590.6   1.8   2   3      0.17        88    0.2   0.0   247   267   510   530   499   533 0.80 -
66657at50557_103372_0:00142d|STRG.22032.1:231-2477|+ -            749 66657at50557         -            423  5.2e-178  590.6   1.8   3   3   6.7e-58   3.4e-55  186.1   0.0   246   423   539   746   529   746 0.85 -
66657at50557_103372_0:00142d|STRG.22032.2:231-2410|+ -            703 66657at50557         -            423  4.7e-159  528.2   3.0   1   2  2.7e-123  1.4e-120  401.5   1.3    10   257   219   500   211   533 0.88 -
66657at50557_103372_0:00142d|STRG.22032.2:231-2410|+ -            703 66657at50557         -            423  4.7e-159  528.2   3.0   2   2   2.7e-39   1.4e-36  124.8   0.0   246   373   539   681   530   703 0.80 -
89456at50557_103372_0:00196d|STRG.11978.2:0-1007|+   -            336 66657at50557         -            423   2.3e-08   31.8   0.5   1   2   2.9e-05     0.015   12.6   0.0   185   213    53    81    39   136 0.85 -
89456at50557_103372_0:00196d|STRG.11978.2:0-1007|+   -            336 66657at50557         -            423   2.3e-08   31.8   0.5   2   2     1e-06   0.00053   17.4   0.1   115   186   156   239   149   243 0.77 -
89456at50557_103372_0:00196d|STRG.11978.1:390-1535|+ -            336 66657at50557         -            423   3.4e-08   31.2   0.7   1   2   2.9e-05     0.015   12.6   0.0   185   213    53    81    39   136 0.85 -
89456at50557_103372_0:00196d|STRG.11978.1:390-1535|+ -            336 66657at50557         -            423   3.4e-08   31.2   0.7   2   2   1.5e-06   0.00074   16.9   0.1   115   186   156   239   149   243 0.75 -
36185at50557_34720_0:000ec6|STRG.9856.1:146-2323|+   -            726 66657at50557         -            423   5.5e-07   27.2   0.1   1   2     0.016       8.1    3.6   0.0   329   373   116   163   110   171 0.85 -
36185at50557_34720_0:000ec6|STRG.9856.1:146-2323|+   -            726 66657at50557         -            423   5.5e-07   27.2   0.1   2   2   7.3e-08   3.7e-05   21.2   0.0    87   211   213   347   203   355 0.76 -
36185at50557_56086_0:003183|STRG.5655.1:518-1582|+   -            355 66657at50557         -            423   7.5e-06   23.5   0.3   1   2    0.0038       1.9    5.7   0.0   101   148    13    65     1    76 0.57 -
36185at50557_56086_0:003183|STRG.5655.1:518-1582|+   -            355 66657at50557         -            423   7.5e-06   23.5   0.3   2   2   2.7e-06    0.0014   16.0   0.1   155   218    93   162    82   186 0.79 -
36185at50557_56086_0:003183|STRG.5655.2:518-1582|+   -            355 66657at50557         -            423   7.5e-06   23.5   0.3   1   2    0.0038       1.9    5.7   0.0   101   148    13    65     1    76 0.57 -
36185at50557_56086_0:003183|STRG.5655.2:518-1582|+   -            355 66657at50557         -            423   7.5e-06   23.5   0.3   2   2   2.7e-06    0.0014   16.0   0.1   155   218    93   162    82   186 0.79 -
36185at50557_77166_0:001a90|STRG.1434.1:472-1612|+   -            332 66657at50557         -            423   0.00021   18.7   0.9   1   2     0.012       5.9    4.1   0.2    93   141     5    55     1    72 0.71 -
36185at50557_77166_0:001a90|STRG.1434.1:472-1612|+   -            332 66657at50557         -            423   0.00021   18.7   0.9   2   2   1.9e-05    0.0095   13.3   0.0   158   204   147   196   117   207 0.73 -
108755at50557_7130_0:000dd5|STRG.915.3:6-449|+       -            148 66657at50557         -            423   0.00045   17.6   0.0   1   1     1e-06   0.00053   17.4   0.0    86   175    30   128     9   133 0.73 -
108755at50557_178035_0:0020de|STRG.915.2:1-555|+     -            185 66657at50557         -            423   0.00077   16.9   0.0   1   1   1.9e-06   0.00095   16.6   0.0    86   175    48   146    22   151 0.74 -
108755at50557_178035_0:0020de|STRG.915.1:152-1049|+  -            187 66657at50557         -            423   0.00078   16.8   0.0   1   1   1.9e-06   0.00096   16.5   0.0    86   175    50   148    22   153 0.74 -
89456at50557_2015173_0:001860|STRG.17010.1:130-756|+ -            209 66657at50557         -            423     0.015   12.6   0.0   1   1   4.4e-05     0.022   12.0   0.0   187   206    13    32     6    38 0.88 -
89456at50557_609295_0:001f5d|STRG.17010.2:421-1023|+ -            201 66657at50557         -            423     0.018   12.4   0.0   1   1     5e-05     0.026   11.9   0.0   187   206     5    24     2    30 0.89 -
111718at50557_104421_0:001a2b|STRG.12442.1:65-1011|+ -            314 66657at50557         -            423     0.026   11.8   0.0   1   3      0.14        70    0.5   0.0    51   114    25    88    22   110 0.85 -
111718at50557_104421_0:001a2b|STRG.12442.1:65-1011|+ -            314 66657at50557         -            423     0.026   11.8   0.0   2   3   0.00066      0.33    8.2   0.0   184   204   142   162   123   173 0.79 -
111718at50557_104421_0:001a2b|STRG.12442.1:65-1011|+ -            314 66657at50557         -            423     0.026   11.8   0.0   3   3       2.2   1.1e+03   -3.4   0.0     7    35   227   258   225   259 0.77 -
118237at50557_113334_0:00122f|STRG.13651.1:108-650|+ -            181 66657at50557         -            423     0.033   11.5   0.1   1   2   0.00052      0.26    8.5   0.0   173   205     8    40     1    50 0.81 -
118237at50557_113334_0:00122f|STRG.13651.1:108-650|+ -            181 66657at50557         -            423     0.033   11.5   0.1   2   2     0.089        45    1.2   0.0   121   138   117   134    86   171 0.84 -
89456at50557_121225_0:0003b4|STRG.2662.1:270-794|+   -            175 66657at50557         -            423     0.037   11.3   0.4   1   3     0.018       9.1    3.4   0.0   188   206     2    20     1    30 0.88 -
89456at50557_121225_0:0003b4|STRG.2662.1:270-794|+   -            175 66657at50557         -            423     0.037   11.3   0.4   2   3      0.99     5e+02   -2.3   0.0   268   278    44    55    29    76 0.67 -
89456at50557_121225_0:0003b4|STRG.2662.1:270-794|+   -            175 66657at50557         -            423     0.037   11.3   0.4   3   3    0.0035       1.8    5.8   0.1   123   170   106   159    65   167 0.70 -
#
# Program:         hmmsearch
# Version:         3.4 (Aug 2023)
# Pipeline mode:   SEARCH
# Query file:      /home/justine/projet_tutore/busco_downloads/lineages/insecta_odb10/hmms/66657at50557.hmm
# Target file:     annotation_analysis/annotation_gca/T_cornetzi/busco_output/run_insecta_odb10/metaeuk_output/initial_results/assembled_transcripts.fasta.modified.fas
# Option settings: hmmsearch --domtblout annotation_analysis/annotation_gca/T_cornetzi/busco_output/run_insecta_odb10/hmmer_output/initial_run_results/66657at50557.out --cpu 1 /home/justine/projet_tutore/busco_downloads/lineages/insecta_odb10/hmms/66657at50557.hmm annotation_analysis/annotation_gca/T_cornetzi/busco_output/run_insecta_odb10/metaeuk_output/initial_results/assembled_transcripts.fasta.modified.fas 
# Current dir:     /home/justine/projet_tutore
# Date:            Sun Dec  1 22:19:25 2024
# [ok]
