#                                                                                                             --- full sequence --- -------------- this domain -------------   hmm coord   ali coord   env coord
# target name                                         accession   tlen query name           accession   qlen   E-value  score  bias   #  of  c-Evalue  i-Evalue  score  bias  from    to  from    to  from    to  acc description of target
#                                 ------------------- ---------- ----- -------------------- ---------- ----- --------- ------ ----- --- --- --------- --------- ------ ----- ----- ----- ----- ----- ----- ----- ---- ---------------------
66691at50557_456900_0:002b0f|STRG.19245.1:369-1466|+  -            366 66691at50557         -            296  1.5e-144  479.5   9.6   1   1  5.1e-146  3.6e-144  478.2   9.6     1   290    15   354    15   359 0.89 -
66691at50557_456900_0:002b0f|STRG.19245.3:0-1175|+    -            392 66691at50557         -            296  1.1e-137  456.9  15.5   1   2   3.1e-41   2.2e-39  134.2   5.1     1    84    15   109    15   113 0.91 -
66691at50557_456900_0:002b0f|STRG.19245.3:0-1175|+    -            392 66691at50557         -            296  1.1e-137  456.9  15.5   2   2  4.2e-100     3e-98  327.5   2.7    77   290   128   380   123   385 0.88 -
66691at50557_456900_0:002b0f|STRG.19245.2:369-1166|+  -            266 66691at50557         -            296  3.6e-117  389.6  10.0   1   1  7.6e-119  5.5e-117  389.0  10.0     1   222    15   265    15   266 0.90 -
78072at50557_34720_0:000cf9|STRG.17034.2:9-1019|+     -            337 66691at50557         -            296   3.7e-19   67.8  21.0   1   4   5.8e-08   4.1e-06   25.0   0.2    20    99     8    88     3    95 0.90 -
78072at50557_34720_0:000cf9|STRG.17034.2:9-1019|+     -            337 66691at50557         -            296   3.7e-19   67.8  21.0   2   4   3.4e-09   2.4e-07   29.0   3.3    24   109   101   186    95   190 0.90 -
78072at50557_34720_0:000cf9|STRG.17034.2:9-1019|+     -            337 66691at50557         -            296   3.7e-19   67.8  21.0   3   4   8.7e-05    0.0063   14.5   1.2    23    58   190   225   182   232 0.90 -
78072at50557_34720_0:000cf9|STRG.17034.2:9-1019|+     -            337 66691at50557         -            296   3.7e-19   67.8  21.0   4   4    0.0018      0.13   10.2   0.3    14   102   237   335   229   337 0.68 -
78072at50557_34720_0:000cf9|STRG.17034.1:162-1169|+   -            336 66691at50557         -            296   5.6e-19   67.2  20.6   1   4   5.9e-08   4.2e-06   24.9   0.2    21    99    10    89     5    96 0.90 -
78072at50557_34720_0:000cf9|STRG.17034.1:162-1169|+   -            336 66691at50557         -            296   5.6e-19   67.2  20.6   2   4   6.6e-10   4.7e-08   31.3   7.0    24   127   102   205    90   205 0.95 -
78072at50557_34720_0:000cf9|STRG.17034.1:162-1169|+   -            336 66691at50557         -            296   5.6e-19   67.2  20.6   3   4   9.4e-05    0.0067   14.4   1.5    23    58   191   226   181   233 0.89 -
78072at50557_34720_0:000cf9|STRG.17034.1:162-1169|+   -            336 66691at50557         -            296   5.6e-19   67.2  20.6   4   4    0.0032      0.23    9.4   0.2    14    95   238   329   228   336 0.66 -
40115at50557_108931_0:001d6b|STRG.22478.1:942-1979|+  -            346 66691at50557         -            296   4.8e-18   64.1  10.6   1   4    0.0014     0.099   10.6   0.0    24    71     7    54     4    65 0.90 -
40115at50557_108931_0:001d6b|STRG.22478.1:942-1979|+  -            346 66691at50557         -            296   4.8e-18   64.1  10.6   2   4    0.0048      0.35    8.8   0.0   120   147    68    95    62    99 0.88 -
40115at50557_108931_0:001d6b|STRG.22478.1:942-1979|+  -            346 66691at50557         -            296   4.8e-18   64.1  10.6   3   4   7.5e-06   0.00053   18.0   0.3    23   103   102   179    95   183 0.87 -
40115at50557_108931_0:001d6b|STRG.22478.1:942-1979|+  -            346 66691at50557         -            296   4.8e-18   64.1  10.6   4   4   1.8e-09   1.3e-07   29.9   2.2    23   184   185   341   182   346 0.83 -
40115at50557_108931_0:001d6b|STRG.22478.2:438-1475|+  -            346 66691at50557         -            296   4.8e-18   64.1  10.6   1   4    0.0014     0.099   10.6   0.0    24    71     7    54     4    65 0.90 -
40115at50557_108931_0:001d6b|STRG.22478.2:438-1475|+  -            346 66691at50557         -            296   4.8e-18   64.1  10.6   2   4    0.0048      0.35    8.8   0.0   120   147    68    95    62    99 0.88 -
40115at50557_108931_0:001d6b|STRG.22478.2:438-1475|+  -            346 66691at50557         -            296   4.8e-18   64.1  10.6   3   4   7.5e-06   0.00053   18.0   0.3    23   103   102   179    95   183 0.87 -
40115at50557_108931_0:001d6b|STRG.22478.2:438-1475|+  -            346 66691at50557         -            296   4.8e-18   64.1  10.6   4   4   1.8e-09   1.3e-07   29.9   2.2    23   184   185   341   182   346 0.83 -
80377at50557_7220_0:002af5|STRG.21442.3:143-1000|+    -            286 66691at50557         -            296     1e-13   49.9   1.7   1   5   0.00037     0.027   12.4   0.1   122   196     9    75     3    80 0.82 -
80377at50557_7220_0:002af5|STRG.21442.3:143-1000|+    -            286 66691at50557         -            296     1e-13   49.9   1.7   2   5    0.0001    0.0071   14.3   0.0    22    95    40   111    26   122 0.81 -
80377at50557_7220_0:002af5|STRG.21442.3:143-1000|+    -            286 66691at50557         -            296     1e-13   49.9   1.7   3   5   5.8e-05    0.0042   15.1   0.1    25   102    85   160    75   199 0.72 -
80377at50557_7220_0:002af5|STRG.21442.3:143-1000|+    -            286 66691at50557         -            296     1e-13   49.9   1.7   4   5   1.7e-05    0.0012   16.8   0.2    22   146   124   240   120   247 0.84 -
80377at50557_7220_0:002af5|STRG.21442.3:143-1000|+    -            286 66691at50557         -            296     1e-13   49.9   1.7   5   5    0.0072      0.51    8.2   0.0    23    58   249   284   243   286 0.82 -
40115at50557_28612_0:000941|STRG.21442.2:33-890|+     -            286 66691at50557         -            296   2.2e-12   45.6   6.2   1   2     5e-11   3.6e-09   35.0   1.5    28   200     6   165     2   169 0.90 -
40115at50557_28612_0:000941|STRG.21442.2:33-890|+     -            286 66691at50557         -            296   2.2e-12   45.6   6.2   2   2   1.4e-06    0.0001   20.4   0.2    23   180   127   271   121   285 0.79 -
56099at50557_34720_0:001a91|STRG.22631.1:0-1331|+     -            444 66691at50557         -            296   6.6e-12   44.0   0.4   1   2    0.0011      0.08   10.9   0.0   119   198    66   139    63   144 0.87 -
56099at50557_34720_0:001a91|STRG.22631.1:0-1331|+     -            444 66691at50557         -            296   6.6e-12   44.0   0.4   2   2   7.9e-10   5.6e-08   31.1   0.1    29   151   237   356   202   369 0.79 -
78072at50557_7070_0:002a52|STRG.22048.1:429-1271|+    -            281 66691at50557         -            296   4.8e-11   41.2   8.2   1   3       6.4   4.6e+02   -1.4   0.0    34    53     3    22     1    34 0.66 -
78072at50557_7070_0:002a52|STRG.22048.1:429-1271|+    -            281 66691at50557         -            296   4.8e-11   41.2   8.2   2   3   1.3e-06   9.3e-05   20.5   1.5    24   142    35   146    25   153 0.84 -
78072at50557_7070_0:002a52|STRG.22048.1:429-1271|+    -            281 66691at50557         -            296   4.8e-11   41.2   8.2   3   3   1.5e-07   1.1e-05   23.6   0.7    24   143   162   278   152   281 0.80 -
71739at50557_30019_0:000544|STRG.17058.1:21-878|+     -            286 66691at50557         -            296   5.6e-11   40.9   1.1   1   2   1.3e-06   9.5e-05   20.5   0.8    26   145    50   163    46   164 0.84 -
71739at50557_30019_0:000544|STRG.17058.1:21-878|+     -            286 66691at50557         -            296   5.6e-11   40.9   1.1   2   2   1.6e-05    0.0012   16.9   0.1    39   189   147   281   129   286 0.65 -
80377at50557_166361_0:002fc1|STRG.21442.2:1270-2037|+ -            256 66691at50557         -            296   9.8e-11   40.1   0.7   1   3   0.00027     0.019   12.9   0.1   121   196    24    91    18    97 0.81 -
80377at50557_166361_0:002fc1|STRG.21442.2:1270-2037|+ -            256 66691at50557         -            296   9.8e-11   40.1   0.7   2   3   5.1e-05    0.0036   15.3   0.1    26   104   102   178    96   216 0.69 -
80377at50557_166361_0:002fc1|STRG.21442.2:1270-2037|+ -            256 66691at50557         -            296   9.8e-11   40.1   0.7   3   3   0.00011    0.0076   14.2   0.2    22   144   140   254   137   255 0.83 -
49370at50557_2015173_0:001990|STRG.14034.2:465-1451|+ -            329 66691at50557         -            296   1.4e-10   39.6   0.2   1   2   3.4e-05    0.0025   15.8   0.3    18   127    30   137    21   156 0.70 -
49370at50557_2015173_0:001990|STRG.14034.2:465-1451|+ -            329 66691at50557         -            296   1.4e-10   39.6   0.2   2   2     2e-06   0.00014   19.9   0.0    21   147   163   287   157   292 0.89 -
49370at50557_2015173_0:001990|STRG.14034.4:60-1046|+  -            329 66691at50557         -            296   1.4e-10   39.6   0.2   1   2   3.4e-05    0.0025   15.8   0.3    18   127    30   137    21   156 0.70 -
49370at50557_2015173_0:001990|STRG.14034.4:60-1046|+  -            329 66691at50557         -            296   1.4e-10   39.6   0.2   2   2     2e-06   0.00014   19.9   0.0    21   147   163   287   157   292 0.89 -
40115at50557_28612_0:000941|STRG.21446.1:0-911|+      -            304 66691at50557         -            296   9.6e-10   36.9   0.1   1   2    0.0063      0.45    8.4   0.0    21    59    17    56     7    93 0.79 -
40115at50557_28612_0:000941|STRG.21446.1:0-911|+      -            304 66691at50557         -            296   9.6e-10   36.9   0.1   2   2   4.6e-08   3.3e-06   25.3   0.0    21   199   102   267    89   284 0.86 -
13625at50557_34720_0:001854|STRG.23081.1:24-2051|+    -            676 66691at50557         -            296   3.9e-09   34.9   0.9   1   4   3.8e-07   2.7e-05   22.3   0.0    30   147    51   168    23   175 0.83 -
13625at50557_34720_0:001854|STRG.23081.1:24-2051|+    -            676 66691at50557         -            296   3.9e-09   34.9   0.9   2   4       2.5   1.8e+02   -0.1   0.1   102   143   289   331   275   383 0.65 -
13625at50557_34720_0:001854|STRG.23081.1:24-2051|+    -            676 66691at50557         -            296   3.9e-09   34.9   0.9   3   4      0.71        51    1.7   0.0   118   196   391   462   377   486 0.72 -
13625at50557_34720_0:001854|STRG.23081.1:24-2051|+    -            676 66691at50557         -            296   3.9e-09   34.9   0.9   4   4     0.065       4.6    5.1   0.0    26    93   517   584   511   596 0.76 -
80377at50557_37344_0:0017d3|STRG.9262.1:1313-2272|+   -            320 66691at50557         -            296   5.2e-09   34.5   1.8   1   5     0.023       1.7    6.6   0.0   117   148    67    98    58   102 0.85 -
80377at50557_37344_0:0017d3|STRG.9262.1:1313-2272|+   -            320 66691at50557         -            296   5.2e-09   34.5   1.8   2   5   0.00012    0.0083   14.1   0.1    25    70   110   155   106   159 0.91 -
80377at50557_37344_0:0017d3|STRG.9262.1:1313-2272|+   -            320 66691at50557         -            296   5.2e-09   34.5   1.8   3   5      0.34        25    2.7   0.1   119   154   172   207   168   216 0.80 -
80377at50557_37344_0:0017d3|STRG.9262.1:1313-2272|+   -            320 66691at50557         -            296   5.2e-09   34.5   1.8   4   5     0.046       3.3    5.6   0.0   274   293   228   247   211   250 0.78 -
80377at50557_37344_0:0017d3|STRG.9262.1:1313-2272|+   -            320 66691at50557         -            296   5.2e-09   34.5   1.8   5   5       3.7   2.6e+02   -0.7   0.0    74    91   263   280   255   291 0.75 -
80377at50557_37344_0:0017d3|STRG.9262.2:878-1837|+    -            320 66691at50557         -            296   5.2e-09   34.5   1.8   1   5     0.023       1.7    6.6   0.0   117   148    67    98    58   102 0.85 -
80377at50557_37344_0:0017d3|STRG.9262.2:878-1837|+    -            320 66691at50557         -            296   5.2e-09   34.5   1.8   2   5   0.00012    0.0083   14.1   0.1    25    70   110   155   106   159 0.91 -
80377at50557_37344_0:0017d3|STRG.9262.2:878-1837|+    -            320 66691at50557         -            296   5.2e-09   34.5   1.8   3   5      0.34        25    2.7   0.1   119   154   172   207   168   216 0.80 -
80377at50557_37344_0:0017d3|STRG.9262.2:878-1837|+    -            320 66691at50557         -            296   5.2e-09   34.5   1.8   4   5     0.046       3.3    5.6   0.0   274   293   228   247   211   250 0.78 -
80377at50557_37344_0:0017d3|STRG.9262.2:878-1837|+    -            320 66691at50557         -            296   5.2e-09   34.5   1.8   5   5       3.7   2.6e+02   -0.7   0.0    74    91   263   280   255   291 0.75 -
80377at50557_37344_0:0017d3|STRG.9262.3:878-1837|+    -            320 66691at50557         -            296   5.2e-09   34.5   1.8   1   5     0.023       1.7    6.6   0.0   117   148    67    98    58   102 0.85 -
80377at50557_37344_0:0017d3|STRG.9262.3:878-1837|+    -            320 66691at50557         -            296   5.2e-09   34.5   1.8   2   5   0.00012    0.0083   14.1   0.1    25    70   110   155   106   159 0.91 -
80377at50557_37344_0:0017d3|STRG.9262.3:878-1837|+    -            320 66691at50557         -            296   5.2e-09   34.5   1.8   3   5      0.34        25    2.7   0.1   119   154   172   207   168   216 0.80 -
80377at50557_37344_0:0017d3|STRG.9262.3:878-1837|+    -            320 66691at50557         -            296   5.2e-09   34.5   1.8   4   5     0.046       3.3    5.6   0.0   274   293   228   247   211   250 0.78 -
80377at50557_37344_0:0017d3|STRG.9262.3:878-1837|+    -            320 66691at50557         -            296   5.2e-09   34.5   1.8   5   5       3.7   2.6e+02   -0.7   0.0    74    91   263   280   255   291 0.75 -
80377at50557_37344_0:0017d3|STRG.9262.4:878-1837|+    -            320 66691at50557         -            296   5.2e-09   34.5   1.8   1   5     0.023       1.7    6.6   0.0   117   148    67    98    58   102 0.85 -
80377at50557_37344_0:0017d3|STRG.9262.4:878-1837|+    -            320 66691at50557         -            296   5.2e-09   34.5   1.8   2   5   0.00012    0.0083   14.1   0.1    25    70   110   155   106   159 0.91 -
80377at50557_37344_0:0017d3|STRG.9262.4:878-1837|+    -            320 66691at50557         -            296   5.2e-09   34.5   1.8   3   5      0.34        25    2.7   0.1   119   154   172   207   168   216 0.80 -
80377at50557_37344_0:0017d3|STRG.9262.4:878-1837|+    -            320 66691at50557         -            296   5.2e-09   34.5   1.8   4   5     0.046       3.3    5.6   0.0   274   293   228   247   211   250 0.78 -
80377at50557_37344_0:0017d3|STRG.9262.4:878-1837|+    -            320 66691at50557         -            296   5.2e-09   34.5   1.8   5   5       3.7   2.6e+02   -0.7   0.0    74    91   263   280   255   291 0.75 -
43121at50557_103372_0:001d6c|STRG.22490.2:0-1529|+    -            510 66691at50557         -            296     6e-09   34.3   0.5   1   2   5.4e-05    0.0039   15.2   0.0   110   199   205   295   195   303 0.90 -
43121at50557_103372_0:001d6c|STRG.22490.2:0-1529|+    -            510 66691at50557         -            296     6e-09   34.3   0.5   2   2   2.1e-05    0.0015   16.5   0.3   118   195   306   376   298   400 0.87 -
43121at50557_103372_0:001d6c|STRG.22490.1:761-2358|+  -            510 66691at50557         -            296   6.4e-09   34.2   0.6   1   2   5.6e-05     0.004   15.2   0.0   110   199   205   295   196   303 0.90 -
43121at50557_103372_0:001d6c|STRG.22490.1:761-2358|+  -            510 66691at50557         -            296   6.4e-09   34.2   0.6   2   2   2.2e-05    0.0016   16.5   0.3   118   195   306   376   298   391 0.87 -
40115at50557_103372_0:0021d6|STRG.12708.2:0-1445|+    -            482 66691at50557         -            296   6.7e-09   34.1  10.5   1   4    0.0036      0.26    9.2   0.1   120   199   122   194   117   205 0.80 -
40115at50557_103372_0:0021d6|STRG.12708.2:0-1445|+    -            482 66691at50557         -            296   6.7e-09   34.1  10.5   2   4     0.013      0.92    7.4   1.8    19    84   196   264   187   283 0.76 -
40115at50557_103372_0:0021d6|STRG.12708.2:0-1445|+    -            482 66691at50557         -            296   6.7e-09   34.1  10.5   3   4     0.039       2.8    5.8   0.0   161   201   362   402   338   410 0.79 -
40115at50557_103372_0:0021d6|STRG.12708.2:0-1445|+    -            482 66691at50557         -            296   6.7e-09   34.1  10.5   4   4     2e-05    0.0015   16.6   0.1    94   179   381   464   373   477 0.67 -
40115at50557_144034_0:000898|STRG.15013.1:1204-2073|+ -            290 66691at50557         -            296   9.4e-09   33.6   0.3   1   3    0.0041      0.29    9.0   0.3    25   102     2    77     1   111 0.84 -
40115at50557_144034_0:000898|STRG.15013.1:1204-2073|+ -            290 66691at50557         -            296   9.4e-09   33.6   0.3   2   3       2.1   1.5e+02    0.2   0.0    40    62   104   126    76   133 0.72 -
40115at50557_144034_0:000898|STRG.15013.1:1204-2073|+ -            290 66691at50557         -            296   9.4e-09   33.6   0.3   3   3   7.8e-07   5.6e-05   21.2   0.0    28   148   134   250   127   266 0.89 -
80377at50557_166361_0:002fc1|STRG.22106.1:434-1147|+  -            238 66691at50557         -            296   1.7e-08   32.8   0.1   1   3     0.061       4.3    5.2   0.0   168   204     5    41     1    48 0.85 -
80377at50557_166361_0:002fc1|STRG.22106.1:434-1147|+  -            238 66691at50557         -            296   1.7e-08   32.8   0.1   2   3   1.8e-05    0.0013   16.8   0.0   122   150    68    96    63   109 0.83 -
80377at50557_166361_0:002fc1|STRG.22106.1:434-1147|+  -            238 66691at50557         -            296   1.7e-08   32.8   0.1   3   3     0.032       2.3    6.1   0.1    78   194   114   224   109   235 0.56 -
40115at50557_28612_0:000941|STRG.21446.3:39-890|+     -            284 66691at50557         -            296   1.8e-08   32.7   0.1   1   2      0.14        10    4.0   0.0    27    59     3    36     1    74 0.71 -
40115at50557_28612_0:000941|STRG.21446.3:39-890|+     -            284 66691at50557         -            296   1.8e-08   32.7   0.1   2   2   4.2e-08     3e-06   25.4   0.0    22   199    83   247    70   258 0.87 -
49370at50557_79782_0:001886|STRG.18791.1:930-1919|+   -            330 66691at50557         -            296   2.5e-08   32.3   0.0   1   3     4e-05    0.0029   15.6   0.0    22    91    37   105    29   114 0.84 -
49370at50557_79782_0:001886|STRG.18791.1:930-1919|+   -            330 66691at50557         -            296   2.5e-08   32.3   0.0   2   3       2.9   2.1e+02   -0.3   0.0    27    55   174   201   163   206 0.80 -
49370at50557_79782_0:001886|STRG.18791.1:930-1919|+   -            330 66691at50557         -            296   2.5e-08   32.3   0.0   3   3     0.011      0.75    7.7   0.0     9    95   234   319   229   323 0.73 -
40115at50557_29053_0:0017ce|STRG.10646.3:162-1034|+   -            291 66691at50557         -            296   3.9e-08   31.6   7.3   1   5     0.086       6.1    4.7   0.1   275   295    19    39     2    40 0.69 -
40115at50557_29053_0:0017ce|STRG.10646.3:162-1034|+   -            291 66691at50557         -            296   3.9e-08   31.6   7.3   2   5     0.013       0.9    7.4   0.2   166   200    45    79    36   128 0.80 -
40115at50557_29053_0:0017ce|STRG.10646.3:162-1034|+   -            291 66691at50557         -            296   3.9e-08   31.6   7.3   3   5   0.00022     0.016   13.2   0.0    25    73   132   180   125   200 0.82 -
40115at50557_29053_0:0017ce|STRG.10646.3:162-1034|+   -            291 66691at50557         -            296   3.9e-08   31.6   7.3   4   5      0.24        17    3.2   0.0    27    62   176   211   172   217 0.85 -
40115at50557_29053_0:0017ce|STRG.10646.3:162-1034|+   -            291 66691at50557         -            296   3.9e-08   31.6   7.3   5   5     0.077       5.5    4.8   0.1    25    56   260   291   233   291 0.74 -
80377at50557_121845_0:0030d4|STRG.11971.1:117-983|+   -            289 66691at50557         -            296   8.6e-08   30.5   1.6   1   2     4e-07   2.9e-05   22.2   0.3    26   200     2   163     1   168 0.87 -
80377at50557_121845_0:0030d4|STRG.11971.1:117-983|+   -            289 66691at50557         -            296   8.6e-08   30.5   1.6   2   2      0.15        11    3.9   0.1    36    87   138   188   123   261 0.49 -
31374at50557_133901_0:001035|STRG.11576.4:1018-1998|+ -            327 66691at50557         -            296   1.1e-07   30.1   2.2   1   2   3.2e-07   2.3e-05   22.5   0.0   122   198   170   239   168   248 0.91 -
31374at50557_133901_0:001035|STRG.11576.4:1018-1998|+ -            327 66691at50557         -            296   1.1e-07   30.1   2.2   2   2     0.036       2.5    5.9   0.1   118   148   250   280   244   321 0.74 -
80377at50557_456900_0:000374|STRG.10678.3:0-1046|+    -            349 66691at50557         -            296   1.1e-07   30.1   0.2   1   4    0.0026      0.19    9.7   0.0   122   201    60   133    56   148 0.76 -
80377at50557_456900_0:000374|STRG.10678.3:0-1046|+    -            349 66691at50557         -            296   1.1e-07   30.1   0.2   2   4         1        74    1.2   0.0   158   199   132   174   126   185 0.82 -
80377at50557_456900_0:000374|STRG.10678.3:0-1046|+    -            349 66691at50557         -            296   1.1e-07   30.1   0.2   3   4       1.9   1.4e+02    0.2   0.1    30    59   185   214   174   221 0.72 -
80377at50557_456900_0:000374|STRG.10678.3:0-1046|+    -            349 66691at50557         -            296   1.1e-07   30.1   0.2   4   4   0.00023     0.017   13.1   0.0    21   143   218   342   210   346 0.75 -
80377at50557_133901_0:00057f|STRG.18791.2:57-986|+    -            310 66691at50557         -            296   1.4e-07   29.8   5.4   1   5      0.99        71    1.2   0.0   276   292     9    25     5    29 0.85 -
80377at50557_133901_0:00057f|STRG.18791.2:57-986|+    -            310 66691at50557         -            296   1.4e-07   29.8   5.4   2   5       4.7   3.4e+02   -1.0   0.0   160   181    28    49    25    69 0.76 -
80377at50557_133901_0:00057f|STRG.18791.2:57-986|+    -            310 66691at50557         -            296   1.4e-07   29.8   5.4   3   5       1.3        95    0.8   0.1    40    58   112   130    64   139 0.57 -
80377at50557_133901_0:00057f|STRG.18791.2:57-986|+    -            310 66691at50557         -            296   1.4e-07   29.8   5.4   4   5   4.7e-07   3.4e-05   22.0   0.2    10    96   137   221   126   230 0.89 -
80377at50557_133901_0:00057f|STRG.18791.2:57-986|+    -            310 66691at50557         -            296   1.4e-07   29.8   5.4   5   5     0.088       6.3    4.7   0.0    16    57   268   308   255   310 0.68 -
43553at50557_136037_0:001d49|STRG.10646.1:84-893|+    -            270 66691at50557         -            296   1.4e-07   29.8   7.3   1   6      0.55        39    2.0   0.1   278   295     1    18     1    19 0.83 -
43553at50557_136037_0:001d49|STRG.10646.1:84-893|+    -            270 66691at50557         -            296   1.4e-07   29.8   7.3   2   6     0.012      0.87    7.5   0.1   164   200    22    58    13    82 0.83 -
43553at50557_136037_0:001d49|STRG.10646.1:84-893|+    -            270 66691at50557         -            296   1.4e-07   29.8   7.3   3   6       6.1   4.4e+02   -1.4   0.0   275   293    87   105    82   108 0.66 -
43553at50557_136037_0:001d49|STRG.10646.1:84-893|+    -            270 66691at50557         -            296   1.4e-07   29.8   7.3   4   6   0.00017     0.012   13.6   0.0    25    73   111   159   101   180 0.81 -
43553at50557_136037_0:001d49|STRG.10646.1:84-893|+    -            270 66691at50557         -            296   1.4e-07   29.8   7.3   5   6      0.19        13    3.6   0.0    26    62   154   190   150   197 0.85 -
43553at50557_136037_0:001d49|STRG.10646.1:84-893|+    -            270 66691at50557         -            296   1.4e-07   29.8   7.3   6   6     0.069       4.9    5.0   0.1    25    56   239   270   212   270 0.74 -
40115at50557_77166_0:00051d|STRG.21442.1:283-705|+    -            141 66691at50557         -            296     2e-07   29.3   1.2   1   1   2.4e-06   0.00017   19.7   0.2   106   194    12    98     1   106 0.80 -
31374at50557_133901_0:001035|STRG.11576.1:443-1987|+  -            515 66691at50557         -            296   2.1e-07   29.2   1.1   1   2   6.6e-07   4.7e-05   21.5   0.0   122   198   358   427   356   436 0.91 -
31374at50557_133901_0:001035|STRG.11576.1:443-1987|+  -            515 66691at50557         -            296   2.1e-07   29.2   1.1   2   2     0.078       5.6    4.8   0.0   118   148   438   468   433   494 0.71 -
31374at50557_133901_0:001035|STRG.11576.2:539-2083|+  -            515 66691at50557         -            296   2.1e-07   29.2   1.1   1   2   6.6e-07   4.7e-05   21.5   0.0   122   198   358   427   356   436 0.91 -
31374at50557_133901_0:001035|STRG.11576.2:539-2083|+  -            515 66691at50557         -            296   2.1e-07   29.2   1.1   2   2     0.078       5.6    4.8   0.0   118   148   438   468   433   494 0.71 -
31374at50557_133901_0:001035|STRG.11576.3:443-1987|+  -            515 66691at50557         -            296   2.1e-07   29.2   1.1   1   2   6.6e-07   4.7e-05   21.5   0.0   122   198   358   427   356   436 0.91 -
31374at50557_133901_0:001035|STRG.11576.3:443-1987|+  -            515 66691at50557         -            296   2.1e-07   29.2   1.1   2   2     0.078       5.6    4.8   0.0   118   148   438   468   433   494 0.71 -
78072at50557_156304_0:001dd8|STRG.5610.2:1755-2471|+  -            239 66691at50557         -            296   2.1e-07   29.2   2.3   1   3   7.4e-06   0.00053   18.0   0.0    25   104     2    84     1    97 0.77 -
78072at50557_156304_0:001dd8|STRG.5610.2:1755-2471|+  -            239 66691at50557         -            296   2.1e-07   29.2   2.3   2   3     0.019       1.4    6.9   0.1    26    61   101   136    95   154 0.84 -
78072at50557_156304_0:001dd8|STRG.5610.2:1755-2471|+  -            239 66691at50557         -            296   2.1e-07   29.2   2.3   3   3      0.41        30    2.5   0.0   168   195   195   222   181   232 0.80 -
80377at50557_77166_0:002f29|STRG.17350.1:651-1520|+   -            290 66691at50557         -            296   4.2e-07   28.2   2.4   1   3   0.00028      0.02   12.9   0.2   122   191     6    70     3    80 0.76 -
80377at50557_77166_0:002f29|STRG.17350.1:651-1520|+   -            290 66691at50557         -            296   4.2e-07   28.2   2.4   2   3     0.022       1.6    6.6   0.0    20   192    80   242    73   255 0.52 -
80377at50557_77166_0:002f29|STRG.17350.1:651-1520|+   -            290 66691at50557         -            296   4.2e-07   28.2   2.4   3   3    0.0079      0.57    8.1   0.1    31   146   174   287   165   290 0.76 -
31374at50557_116153_0:0023e9|STRG.21446.2:60-665|+    -            202 66691at50557         -            296   4.9e-07   28.0   0.1   1   2     0.075       5.4    4.9   0.0    27    60     3    37     1    75 0.69 -
31374at50557_116153_0:0023e9|STRG.21446.2:60-665|+    -            202 66691at50557         -            296   4.9e-07   28.0   0.1   2   2   1.7e-06   0.00012   20.1   0.0    21   145    82   200    66   202 0.84 -
80377at50557_104688_0:000c4b|STRG.22549.2:108-659|+   -            184 66691at50557         -            296   6.3e-07   27.6   2.6   1   2     0.098         7    4.5   0.0    46    99     3    61     1    71 0.75 -
80377at50557_104688_0:000c4b|STRG.22549.2:108-659|+   -            184 66691at50557         -            296   6.3e-07   27.6   2.6   2   2   1.9e-06   0.00014   20.0   1.1    15   100    79   165    75   177 0.69 -
49370at50557_1155016_0:000d9f|STRG.8651.1:315-665|+   -            117 66691at50557         -            296     7e-07   27.5   0.7   1   2     0.043       3.1    5.7   0.0    25    61     1    37     1    42 0.92 -
49370at50557_1155016_0:000d9f|STRG.8651.1:315-665|+   -            117 66691at50557         -            296     7e-07   27.5   0.7   2   2   1.1e-06   8.2e-05   20.7   0.2    25    93    43   110    38   116 0.82 -
40115at50557_411798_0:002bfa|STRG.15736.1:627-1412|+  -            262 66691at50557         -            296   7.1e-07   27.5   0.9   1   3     0.019       1.4    6.8   0.3   160   211    13    66     2    92 0.79 -
40115at50557_411798_0:002bfa|STRG.15736.1:627-1412|+  -            262 66691at50557         -            296   7.1e-07   27.5   0.9   2   3   3.1e-05    0.0022   16.0   0.0    23    93    99   168    81   180 0.83 -
40115at50557_411798_0:002bfa|STRG.15736.1:627-1412|+  -            262 66691at50557         -            296   7.1e-07   27.5   0.9   3   3      0.61        44    1.9   0.0    23    53   229   259   191   262 0.82 -
80377at50557_568069_0:004eea|STRG.6000.1:60-914|+     -            285 66691at50557         -            296   8.2e-07   27.3   1.9   1   4     0.045       3.2    5.6   0.1   166   204     6    44     1    51 0.65 -
80377at50557_568069_0:004eea|STRG.6000.1:60-914|+     -            285 66691at50557         -            296   8.2e-07   27.3   1.9   2   4    0.0055      0.39    8.6   0.2    44    98    68   119    46   124 0.75 -
80377at50557_568069_0:004eea|STRG.6000.1:60-914|+     -            285 66691at50557         -            296   8.2e-07   27.3   1.9   3   4     0.055       3.9    5.3   0.0   113   198   171   249   168   255 0.70 -
80377at50557_568069_0:004eea|STRG.6000.1:60-914|+     -            285 66691at50557         -            296   8.2e-07   27.3   1.9   4   4       0.3        22    2.9   0.0   117   140   258   281   252   283 0.83 -
31374at50557_103372_0:0017b9|STRG.5061.1:0-1955|+     -            652 66691at50557         -            296   9.1e-07   27.1   1.6   1   3       7.9   5.7e+02   -1.8   0.0   121   149   326   354   323   374 0.85 -
31374at50557_103372_0:0017b9|STRG.5061.1:0-1955|+     -            652 66691at50557         -            296   9.1e-07   27.1   1.6   2   3     1e-05   0.00072   17.6   0.2    21   196   389   551   370   555 0.82 -
31374at50557_103372_0:0017b9|STRG.5061.1:0-1955|+     -            652 66691at50557         -            296   9.1e-07   27.1   1.6   3   3    0.0046      0.33    8.9   0.1   129   199   533   596   520   607 0.76 -
57752at50557_121225_0:0018b6|STRG.12706.1:309-1223|+  -            305 66691at50557         -            296   1.5e-06   26.4  15.5   1   5     0.011      0.75    7.7   0.2   120   207     6    86     3    87 0.85 -
57752at50557_121225_0:0018b6|STRG.12706.1:309-1223|+  -            305 66691at50557         -            296   1.5e-06   26.4  15.5   2   5    0.0066      0.47    8.4   0.2    22    67    83   128    77   143 0.85 -
57752at50557_121225_0:0018b6|STRG.12706.1:309-1223|+  -            305 66691at50557         -            296   1.5e-06   26.4  15.5   3   5     0.013      0.95    7.4   0.9    28    91   131   192   123   198 0.71 -
57752at50557_121225_0:0018b6|STRG.12706.1:309-1223|+  -            305 66691at50557         -            296   1.5e-06   26.4  15.5   4   5    0.0046      0.33    8.9   0.1   157   212   224   280   203   283 0.74 -
57752at50557_121225_0:0018b6|STRG.12706.1:309-1223|+  -            305 66691at50557         -            296   1.5e-06   26.4  15.5   5   5     0.055         4    5.3   0.1   123   146   281   304   278   305 0.91 -
40115at50557_123851_0:00295a|STRG.18638.1:136-1104|+  -            323 66691at50557         -            296   1.5e-06   26.4   0.0   1   3   5.7e-07   4.1e-05   21.7   0.0    73   180    11   125     4   155 0.67 -
40115at50557_123851_0:00295a|STRG.18638.1:136-1104|+  -            323 66691at50557         -            296   1.5e-06   26.4   0.0   2   3         7     5e+02   -1.6   0.0   161   185   243   267   204   285 0.48 -
40115at50557_123851_0:00295a|STRG.18638.1:136-1104|+  -            323 66691at50557         -            296   1.5e-06   26.4   0.0   3   3       1.1        76    1.1   0.0    25    56   292   323   289   323 0.91 -
40115at50557_123851_0:00295a|STRG.18638.2:1782-2750|+ -            323 66691at50557         -            296   1.5e-06   26.4   0.0   1   3   5.7e-07   4.1e-05   21.7   0.0    73   180    11   125     4   155 0.67 -
40115at50557_123851_0:00295a|STRG.18638.2:1782-2750|+ -            323 66691at50557         -            296   1.5e-06   26.4   0.0   2   3         7     5e+02   -1.6   0.0   161   185   243   267   204   285 0.48 -
40115at50557_123851_0:00295a|STRG.18638.2:1782-2750|+ -            323 66691at50557         -            296   1.5e-06   26.4   0.0   3   3       1.1        76    1.1   0.0    25    56   292   323   289   323 0.91 -
78072at50557_43151_0:001a65|STRG.10815.1:27-851|+     -            275 66691at50557         -            296   1.9e-06   26.0  13.1   1   2   6.1e-06   0.00043   18.3   2.9    23   129    42   149    17   153 0.82 -
78072at50557_43151_0:001a65|STRG.10815.1:27-851|+     -            275 66691at50557         -            296   1.9e-06   26.0  13.1   2   2   0.00025     0.018   13.0   1.6    23    98   192   271   189   273 0.81 -
43553at50557_319348_0:003bc4|STRG.10646.2:527-1252|+  -            242 66691at50557         -            296   2.2e-06   25.8   2.4   1   4         2   1.5e+02    0.2   0.0   171   199     1    29     1    45 0.78 -
43553at50557_319348_0:003bc4|STRG.10646.2:527-1252|+  -            242 66691at50557         -            296   2.2e-06   25.8   2.4   2   4   0.00053     0.038   11.9   0.0    25    67    83   125    78   127 0.92 -
43553at50557_319348_0:003bc4|STRG.10646.2:527-1252|+  -            242 66691at50557         -            296   2.2e-06   25.8   2.4   3   4      0.16        11    3.8   0.0    26    62   126   162   122   169 0.85 -
43553at50557_319348_0:003bc4|STRG.10646.2:527-1252|+  -            242 66691at50557         -            296   2.2e-06   25.8   2.4   4   4     0.058       4.2    5.3   0.1    25    56   211   242   184   242 0.74 -
14512at50557_103372_0:0005b9|STRG.3816.1:368-2947|+   -            860 66691at50557         -            296   4.6e-06   24.8   0.1   1   2   4.4e-05    0.0031   15.5   0.0    26   198    15   175     9   185 0.78 -
14512at50557_103372_0:0005b9|STRG.3816.1:368-2947|+   -            860 66691at50557         -            296   4.6e-06   24.8   0.1   2   2      0.02       1.5    6.7   0.0   121   145   189   213   184   252 0.85 -
25500at50557_13686_0:0020f5|STRG.18788.1:208-2013|+   -            602 66691at50557         -            296   4.7e-06   24.8   5.1   1   4      0.34        24    2.7   0.0   129   188    68   122    58   155 0.74 -
25500at50557_13686_0:0020f5|STRG.18788.1:208-2013|+   -            602 66691at50557         -            296   4.7e-06   24.8   5.1   2   4       1.4        99    0.7   0.0   121   151   191   221   161   233 0.67 -
25500at50557_13686_0:0020f5|STRG.18788.1:208-2013|+   -            602 66691at50557         -            296   4.7e-06   24.8   5.1   3   4     0.072       5.1    5.0   0.0    28    60   232   264   227   342 0.92 -
25500at50557_13686_0:0020f5|STRG.18788.1:208-2013|+   -            602 66691at50557         -            296   4.7e-06   24.8   5.1   4   4   0.00012    0.0086   14.1   1.5    27   138   481   590   445   599 0.73 -
14512at50557_103372_0:0005b9|STRG.3816.2:368-3004|+   -            879 66691at50557         -            296   4.9e-06   24.7   0.1   1   2   4.5e-05    0.0032   15.5   0.0    26   199    15   176    10   186 0.78 -
14512at50557_103372_0:0005b9|STRG.3816.2:368-3004|+   -            879 66691at50557         -            296   4.9e-06   24.7   0.1   2   2     0.021       1.5    6.7   0.0   121   145   189   213   184   252 0.85 -
80377at50557_456900_0:000374|STRG.10678.2:98-1102|+   -            335 66691at50557         -            296   5.5e-06   24.5   0.3   1   4    0.0023      0.16    9.9   0.0   122   201    60   133    54   148 0.76 -
80377at50557_456900_0:000374|STRG.10678.2:98-1102|+   -            335 66691at50557         -            296   5.5e-06   24.5   0.3   2   4       1.3        90    0.9   0.0   158   199   132   174   130   183 0.80 -
80377at50557_456900_0:000374|STRG.10678.2:98-1102|+   -            335 66691at50557         -            296   5.5e-06   24.5   0.3   3   4         2   1.4e+02    0.2   0.1    30    59   185   214   174   219 0.72 -
80377at50557_456900_0:000374|STRG.10678.2:98-1102|+   -            335 66691at50557         -            296   5.5e-06   24.5   0.3   4   4     0.018       1.3    7.0   0.0    23    96   220   299   214   307 0.63 -
14512at50557_56086_0:000590|STRG.9671.1:731-1198|+    -            156 66691at50557         -            296   1.2e-05   23.5   0.4   1   3     0.031       2.2    6.2   0.0   169   201     2    34     1    51 0.76 -
14512at50557_56086_0:000590|STRG.9671.1:731-1198|+    -            156 66691at50557         -            296   1.2e-05   23.5   0.4   2   3   0.00049     0.035   12.1   0.1   124   199    48   116    42   121 0.77 -
14512at50557_56086_0:000590|STRG.9671.1:731-1198|+    -            156 66691at50557         -            296   1.2e-05   23.5   0.4   3   3      0.23        17    3.3   0.0   160   194   119   154   113   156 0.62 -
14512at50557_56086_0:000590|STRG.9671.2:531-998|+     -            156 66691at50557         -            296   1.2e-05   23.5   0.4   1   3     0.031       2.2    6.2   0.0   169   201     2    34     1    51 0.76 -
14512at50557_56086_0:000590|STRG.9671.2:531-998|+     -            156 66691at50557         -            296   1.2e-05   23.5   0.4   2   3   0.00049     0.035   12.1   0.1   124   199    48   116    42   121 0.77 -
14512at50557_56086_0:000590|STRG.9671.2:531-998|+     -            156 66691at50557         -            296   1.2e-05   23.5   0.4   3   3      0.23        17    3.3   0.0   160   194   119   154   113   156 0.62 -
14512at50557_29053_0:0002b6|STRG.14034.3:998-1678|+   -            227 66691at50557         -            296   1.4e-05   23.3   0.0   1   1   5.7e-07   4.1e-05   21.7   0.0    21   147    62   186    56   226 0.89 -
78072at50557_39758_0:003b38|STRG.9545.1:660-1199|+    -            180 66691at50557         -            296   2.2e-05   22.6   0.6   1   1   4.7e-07   3.4e-05   22.0   0.5    31   140    62   177    43   180 0.72 -
78072at50557_39758_0:003b38|STRG.9545.2:926-1465|+    -            180 66691at50557         -            296   2.2e-05   22.6   0.6   1   1   4.7e-07   3.4e-05   22.0   0.5    31   140    62   177    43   180 0.72 -
48053at50557_121845_0:002b56|STRG.5987.1:7-345|+      -            113 66691at50557         -            296   2.8e-05   22.2   0.0   1   1   4.7e-07   3.3e-05   22.0   0.0   122   199     8    78     5   101 0.88 -
33043at50557_6973_0:0036f9|STRG.9772.1:2133-2768|+    -            212 66691at50557         -            296   3.1e-05   22.1   0.5   1   2      0.21        15    3.4   0.1   118   133    65    80    47   117 0.83 -
33043at50557_6973_0:0036f9|STRG.9772.1:2133-2768|+    -            212 66691at50557         -            296   3.1e-05   22.1   0.5   2   2   2.4e-05    0.0017   16.4   0.0    20    89   132   200   114   211 0.79 -
33043at50557_6973_0:0036f9|STRG.9772.2:1416-2051|+    -            212 66691at50557         -            296   3.1e-05   22.1   0.5   1   2      0.21        15    3.4   0.1   118   133    65    80    47   117 0.83 -
33043at50557_6973_0:0036f9|STRG.9772.2:1416-2051|+    -            212 66691at50557         -            296   3.1e-05   22.1   0.5   2   2   2.4e-05    0.0017   16.4   0.0    20    89   132   200   114   211 0.79 -
78072at50557_43041_0:00104e|STRG.14829.1:751-1389|+   -            213 66691at50557         -            296   3.2e-05   22.0   0.3   1   2    0.0025      0.18    9.7   0.0   120   148    13    41     8    47 0.92 -
78072at50557_43041_0:00104e|STRG.14829.1:751-1389|+   -            213 66691at50557         -            296   3.2e-05   22.0   0.3   2   2    0.0019      0.14   10.1   0.1    75   146    56   131    48   138 0.59 -
78072at50557_43041_0:00104e|STRG.14829.2:634-1272|+   -            213 66691at50557         -            296   3.2e-05   22.0   0.3   1   2    0.0025      0.18    9.7   0.0   120   148    13    41     8    47 0.92 -
78072at50557_43041_0:00104e|STRG.14829.2:634-1272|+   -            213 66691at50557         -            296   3.2e-05   22.0   0.3   2   2    0.0019      0.14   10.1   0.1    75   146    56   131    48   138 0.59 -
78072at50557_43041_0:00104e|STRG.14829.3:435-1073|+   -            213 66691at50557         -            296   3.2e-05   22.0   0.3   1   2    0.0025      0.18    9.7   0.0   120   148    13    41     8    47 0.92 -
78072at50557_43041_0:00104e|STRG.14829.3:435-1073|+   -            213 66691at50557         -            296   3.2e-05   22.0   0.3   2   2    0.0019      0.14   10.1   0.1    75   146    56   131    48   138 0.59 -
40115at50557_108931_0:001d6b|STRG.9772.1:1620-2768|+  -            383 66691at50557         -            296   3.3e-05   22.0   1.1   1   3      0.75        54    1.6   0.0   107   148    98   139    63   151 0.64 -
40115at50557_108931_0:001d6b|STRG.9772.1:1620-2768|+  -            383 66691at50557         -            296   3.3e-05   22.0   1.1   2   3      0.43        31    2.4   0.1   118   133   236   251   199   287 0.86 -
40115at50557_108931_0:001d6b|STRG.9772.1:1620-2768|+  -            383 66691at50557         -            296   3.3e-05   22.0   1.1   3   3   7.7e-05    0.0055   14.7   0.0    20    89   303   371   288   382 0.79 -
40115at50557_108931_0:001d6b|STRG.9772.2:903-2051|+   -            383 66691at50557         -            296   3.3e-05   22.0   1.1   1   3      0.75        54    1.6   0.0   107   148    98   139    63   151 0.64 -
40115at50557_108931_0:001d6b|STRG.9772.2:903-2051|+   -            383 66691at50557         -            296   3.3e-05   22.0   1.1   2   3      0.43        31    2.4   0.1   118   133   236   251   199   287 0.86 -
40115at50557_108931_0:001d6b|STRG.9772.2:903-2051|+   -            383 66691at50557         -            296   3.3e-05   22.0   1.1   3   3   7.7e-05    0.0055   14.7   0.0    20    89   303   371   288   382 0.79 -
78072at50557_315563_0:002315|STRG.8652.1:17-490|+     -            158 66691at50557         -            296   5.2e-05   21.4   1.1   1   4       2.6   1.8e+02   -0.2   0.0    44    60    18    34    10    42 0.72 -
78072at50557_315563_0:002315|STRG.8652.1:17-490|+     -            158 66691at50557         -            296   5.2e-05   21.4   1.1   2   4     0.014         1    7.3   0.0    25    60    41    76    36    83 0.85 -
78072at50557_315563_0:002315|STRG.8652.1:17-490|+     -            158 66691at50557         -            296   5.2e-05   21.4   1.1   3   4    0.0072      0.51    8.2   0.0    25    62    84   121    74   126 0.87 -
78072at50557_315563_0:002315|STRG.8652.1:17-490|+     -            158 66691at50557         -            296   5.2e-05   21.4   1.1   4   4      0.36        26    2.6   0.1    22    56   123   157   121   158 0.90 -
65618at50557_535359_0:00103e|STRG.17662.1:2-2998|+    -            853 66691at50557         -            296   0.00017   19.6   0.5   1   3      0.04       2.8    5.8   0.1    20    60   477   517   465   526 0.86 -
65618at50557_535359_0:00103e|STRG.17662.1:2-2998|+    -            853 66691at50557         -            296   0.00017   19.6   0.5   2   3     0.012      0.83    7.6   0.0   117   184   527   592   518   600 0.79 -
65618at50557_535359_0:00103e|STRG.17662.1:2-2998|+    -            853 66691at50557         -            296   0.00017   19.6   0.5   3   3       0.4        29    2.5   0.0   117   136   717   736   669   765 0.81 -
48053at50557_13249_0:0016bb|STRG.8571.1:698-1672|+    -            325 66691at50557         -            296   0.00023   19.2   2.9   1   2     0.012      0.86    7.5   0.0   122   211    73   159    64   164 0.80 -
48053at50557_13249_0:0016bb|STRG.8571.1:698-1672|+    -            325 66691at50557         -            296   0.00023   19.2   2.9   2   2     0.047       3.4    5.5   0.5    20    59   191   230   171   317 0.68 -
48053at50557_13249_0:0016bb|STRG.8571.2:606-1580|+    -            325 66691at50557         -            296   0.00023   19.2   2.9   1   2     0.012      0.86    7.5   0.0   122   211    73   159    64   164 0.80 -
48053at50557_13249_0:0016bb|STRG.8571.2:606-1580|+    -            325 66691at50557         -            296   0.00023   19.2   2.9   2   2     0.047       3.4    5.5   0.5    20    59   191   230   171   317 0.68 -
49370at50557_456900_0:00265d|STRG.24170.1:236-1804|+  -            523 66691at50557         -            296   0.00056   18.0   0.4   1   2      0.03       2.2    6.2   0.0    25    60   404   439   399   447 0.87 -
49370at50557_456900_0:00265d|STRG.24170.1:236-1804|+  -            523 66691at50557         -            296   0.00056   18.0   0.4   2   2    0.0085      0.61    8.0   0.0    16    57   480   521   469   523 0.86 -
49370at50557_456900_0:00265d|STRG.24170.2:212-1780|+  -            523 66691at50557         -            296   0.00056   18.0   0.4   1   2      0.03       2.2    6.2   0.0    25    60   404   439   399   447 0.87 -
49370at50557_456900_0:00265d|STRG.24170.2:212-1780|+  -            523 66691at50557         -            296   0.00056   18.0   0.4   2   2    0.0085      0.61    8.0   0.0    16    57   480   521   469   523 0.86 -
49370at50557_456900_0:00265d|STRG.24170.3:0-1568|+    -            523 66691at50557         -            296   0.00056   18.0   0.4   1   2      0.03       2.2    6.2   0.0    25    60   404   439   399   447 0.87 -
49370at50557_456900_0:00265d|STRG.24170.3:0-1568|+    -            523 66691at50557         -            296   0.00056   18.0   0.4   2   2    0.0085      0.61    8.0   0.0    16    57   480   521   469   523 0.86 -
14512at50557_29053_0:0002b6|STRG.9710.1:49-759|+      -            237 66691at50557         -            296   0.00084   17.4   4.1   1   3     0.025       1.8    6.4   0.0   123   149    12    38     8    88 0.72 -
14512at50557_29053_0:0002b6|STRG.9710.1:49-759|+      -            237 66691at50557         -            296   0.00084   17.4   4.1   2   3     0.022       1.6    6.6   0.2    25    59    88   122    69   130 0.81 -
14512at50557_29053_0:0002b6|STRG.9710.1:49-759|+      -            237 66691at50557         -            296   0.00084   17.4   4.1   3   3      0.11         8    4.3   0.3    34    97   166   232   151   237 0.57 -
43553at50557_103372_0:0013d1|STRG.16625.1:0-1127|+    -            376 66691at50557         -            296   0.00099   17.1   3.2   1   3       0.2        14    3.5   0.0   121   155    88   123    76   136 0.81 -
43553at50557_103372_0:0013d1|STRG.16625.1:0-1127|+    -            376 66691at50557         -            296   0.00099   17.1   3.2   2   3    0.0029      0.21    9.5   0.1    24    67   163   206   159   209 0.88 -
43553at50557_103372_0:0013d1|STRG.16625.1:0-1127|+    -            376 66691at50557         -            296   0.00099   17.1   3.2   3   3      0.99        71    1.2   0.0    28    60   252   283   238   306 0.73 -
43553at50557_103372_0:0013d1|STRG.16625.2:2-1177|+    -            392 66691at50557         -            296    0.0015   16.6   3.4   1   3      0.25        18    3.2   0.0   121   155   130   165   126   176 0.81 -
43553at50557_103372_0:0013d1|STRG.16625.2:2-1177|+    -            392 66691at50557         -            296    0.0015   16.6   3.4   2   3    0.0026      0.18    9.7   0.1    24    67   205   248   201   271 0.89 -
43553at50557_103372_0:0013d1|STRG.16625.2:2-1177|+    -            392 66691at50557         -            296    0.0015   16.6   3.4   3   3       1.1        80    1.0   0.0    28    60   294   325   282   347 0.73 -
48126at50557_7004_0:00207c|STRG.16576.2:9-2306|+      -            766 66691at50557         -            296     0.002   16.1  11.3   1   4      0.27        19    3.1   0.0     7    69    26    94    24   131 0.82 -
48126at50557_7004_0:00207c|STRG.16576.2:9-2306|+      -            766 66691at50557         -            296     0.002   16.1  11.3   2   4       5.2   3.8e+02   -1.2   0.0    28   288   204   235   156   243 0.49 -
48126at50557_7004_0:00207c|STRG.16576.2:9-2306|+      -            766 66691at50557         -            296     0.002   16.1  11.3   3   4     0.074       5.3    4.9   0.2    11   148   259   407   250   427 0.63 -
48126at50557_7004_0:00207c|STRG.16576.2:9-2306|+      -            766 66691at50557         -            296     0.002   16.1  11.3   4   4   0.00066     0.047   11.6   1.2    20   129   572   685   555   712 0.83 -
40115at50557_411798_0:002bfa|STRG.4843.1:387-1340|+   -            318 66691at50557         -            296    0.0022   16.0   0.8   1   2   0.00027     0.019   12.9   0.2    25   152    43    79     2   129 0.56 -
40115at50557_411798_0:002bfa|STRG.4843.1:387-1340|+   -            318 66691at50557         -            296    0.0022   16.0   0.8   2   2      0.85        61    1.4   0.1   165   195   134   164    91   178 0.67 -
78072at50557_123851_0:000487|STRG.23957.1:180-1043|+  -            288 66691at50557         -            296    0.0025   15.9   1.1   1   3       3.7   2.7e+02   -0.7   0.0    76    99    13    35     4    40 0.66 -
78072at50557_123851_0:000487|STRG.23957.1:180-1043|+  -            288 66691at50557         -            296    0.0025   15.9   1.1   2   3   3.4e-05    0.0025   15.9   1.1    23   136    60   174    51   179 0.80 -
78072at50557_123851_0:000487|STRG.23957.1:180-1043|+  -            288 66691at50557         -            296    0.0025   15.9   1.1   3   3       6.1   4.4e+02   -1.4   0.0    28    52   261   283   231   286 0.64 -
63645at50557_34720_0:0006b0|STRG.10333.1:0-1040|+     -            347 66691at50557         -            296    0.0025   15.8   1.6   1   2       2.3   1.7e+02   -0.0   0.1    33    61   127   156   117   166 0.70 -
63645at50557_34720_0:0006b0|STRG.10333.1:0-1040|+     -            347 66691at50557         -            296    0.0025   15.8   1.6   2   2   0.00016     0.011   13.7   0.2    23    60   264   302   243   336 0.87 -
25500at50557_121845_0:000041|STRG.2667.2:143-772|+    -            210 66691at50557         -            296    0.0034   15.4   1.9   1   2      0.28        20    3.0   0.0   115   156    10    52     4    89 0.81 -
25500at50557_121845_0:000041|STRG.2667.2:143-772|+    -            210 66691at50557         -            296    0.0034   15.4   1.9   2   2   0.00066     0.047   11.6   0.6    22    97    94   166    74   174 0.79 -
48126at50557_7004_0:00207c|STRG.16576.1:69-2308|+     -            742 66691at50557         -            296    0.0038   15.2  12.6   1   4      0.26        19    3.1   0.0     7    69    38   106    36   140 0.82 -
48126at50557_7004_0:00207c|STRG.16576.1:69-2308|+     -            742 66691at50557         -            296    0.0038   15.2  12.6   2   4       3.3   2.3e+02   -0.5   0.0   224   290   151   213   107   219 0.56 -
48126at50557_7004_0:00207c|STRG.16576.1:69-2308|+     -            742 66691at50557         -            296    0.0038   15.2  12.6   3   4     0.071       5.1    5.0   0.2    11   148   235   383   226   403 0.63 -
48126at50557_7004_0:00207c|STRG.16576.1:69-2308|+     -            742 66691at50557         -            296    0.0038   15.2  12.6   4   4   0.00063     0.045   11.7   1.2    20   129   548   661   531   688 0.83 -
69548at50557_609295_0:0005e7|STRG.6601.2:310-1152|+   -            281 66691at50557         -            296    0.0051   14.8   1.1   1   3      0.01      0.73    7.7   0.2    25    94     6    76     1    87 0.72 -
69548at50557_609295_0:0005e7|STRG.6601.2:310-1152|+   -            281 66691at50557         -            296    0.0051   14.8   1.1   2   3         1        72    1.2   0.0   244   293   106   153    98   156 0.66 -
69548at50557_609295_0:0005e7|STRG.6601.2:310-1152|+   -            281 66691at50557         -            296    0.0051   14.8   1.1   3   3      0.57        41    2.0   0.0    19    84   212   275   202   281 0.60 -
25500at50557_121845_0:000041|STRG.2667.1:325-1038|+   -            238 66691at50557         -            296    0.0063   14.5   3.4   1   2      0.22        16    3.4   0.1   113   155    36    79     2   114 0.78 -
25500at50557_121845_0:000041|STRG.2667.1:325-1038|+   -            238 66691at50557         -            296    0.0063   14.5   3.4   2   2   0.00083      0.06   11.3   0.6    22    97   122   194   106   204 0.78 -
77772at50557_103372_0:001ea3|STRG.22449.2:0-944|+     -            315 66691at50557         -            296    0.0067   14.4   0.1   1   3    0.0064      0.46    8.4   0.0    20    61    12    53     5    62 0.77 -
77772at50557_103372_0:001ea3|STRG.22449.2:0-944|+     -            315 66691at50557         -            296    0.0067   14.4   0.1   2   3       2.5   1.8e+02   -0.1   0.0   173   200   199   226   188   233 0.86 -
77772at50557_103372_0:001ea3|STRG.22449.2:0-944|+     -            315 66691at50557         -            296    0.0067   14.4   0.1   3   3       1.7   1.2e+02    0.5   0.0   127   148   247   268   235   272 0.85 -
69548at50557_609295_0:0005e7|STRG.6601.1:207-1064|+   -            286 66691at50557         -            296    0.0069   14.4   1.1   1   3     0.014         1    7.3   0.1    26    94    12    81     2    92 0.73 -
69548at50557_609295_0:0005e7|STRG.6601.1:207-1064|+   -            286 66691at50557         -            296    0.0069   14.4   1.1   2   3         1        74    1.2   0.0   244   293   111   158   103   161 0.66 -
69548at50557_609295_0:0005e7|STRG.6601.1:207-1064|+   -            286 66691at50557         -            296    0.0069   14.4   1.1   3   3      0.59        42    2.0   0.0    19    84   217   280   207   286 0.60 -
58729at50557_103372_0:00194e|STRG.1410.1:158-1806|+   -            524 66691at50557         -            296    0.0074   14.3   0.3   1   2       1.9   1.4e+02    0.3   0.0   154   199   108   153    95   199 0.80 -
58729at50557_103372_0:00194e|STRG.1410.1:158-1806|+   -            524 66691at50557         -            296    0.0074   14.3   0.3   2   2   0.00068     0.048   11.6   0.0    22   101   241   317   223   337 0.85 -
58729at50557_103372_0:00194e|STRG.1410.2:0-1571|+     -            524 66691at50557         -            296    0.0074   14.3   0.3   1   2       1.9   1.4e+02    0.3   0.0   154   199   108   153    95   199 0.80 -
58729at50557_103372_0:00194e|STRG.1410.2:0-1571|+     -            524 66691at50557         -            296    0.0074   14.3   0.3   2   2   0.00068     0.048   11.6   0.0    22   101   241   317   223   337 0.85 -
11478at50557_34720_0:00246d|STRG.23803.2:0-3548|+     -           1183 66691at50557         -            296    0.0092   14.0   0.4   1   1   0.00013    0.0092   14.0   0.4    18   137    64   178    58   189 0.84 -
33043at50557_38123_0:000f44|STRG.11460.1:1515-2288|+  -            258 66691at50557         -            296     0.013   13.4   0.0   1   2       1.6   1.1e+02    0.6   0.0    69   100    28    59    17    66 0.75 -
33043at50557_38123_0:000f44|STRG.11460.1:1515-2288|+  -            258 66691at50557         -            296     0.013   13.4   0.0   2   2    0.0024      0.17    9.8   0.0    21    61    66   106    47   114 0.87 -
80377at50557_7237_0:001b62|STRG.10128.1:716-1573|+    -            286 66691at50557         -            296     0.017   13.1   0.7   1   2    0.0036      0.26    9.2   0.2    21    61    30    70     3    86 0.70 -
80377at50557_7237_0:001b62|STRG.10128.1:716-1573|+    -            286 66691at50557         -            296     0.017   13.1   0.7   2   2       1.4        98    0.7   0.0   134   185   184   239   156   260 0.66 -
40115at50557_597456_0:00265e|STRG.3361.1:2366-3235|+  -            290 66691at50557         -            296     0.017   13.1  10.3   1   3    0.0038      0.27    9.1   0.7    22    69    83   132    77   158 0.77 -
40115at50557_597456_0:00265e|STRG.3361.1:2366-3235|+  -            290 66691at50557         -            296     0.017   13.1  10.3   2   3      0.33        24    2.8   0.3    23    52   175   204   164   216 0.82 -
40115at50557_597456_0:00265e|STRG.3361.1:2366-3235|+  -            290 66691at50557         -            296     0.017   13.1  10.3   3   3      0.16        12    3.8   0.1    15    57   248   290   239   290 0.86 -
40115at50557_597456_0:00265e|STRG.3361.2:2461-3330|+  -            290 66691at50557         -            296     0.017   13.1  10.3   1   3    0.0038      0.27    9.1   0.7    22    69    83   132    77   158 0.77 -
40115at50557_597456_0:00265e|STRG.3361.2:2461-3330|+  -            290 66691at50557         -            296     0.017   13.1  10.3   2   3      0.33        24    2.8   0.3    23    52   175   204   164   216 0.82 -
40115at50557_597456_0:00265e|STRG.3361.2:2461-3330|+  -            290 66691at50557         -            296     0.017   13.1  10.3   3   3      0.16        12    3.8   0.1    15    57   248   290   239   290 0.86 -
40115at50557_597456_0:00265e|STRG.3361.3:1791-2660|+  -            290 66691at50557         -            296     0.017   13.1  10.3   1   3    0.0038      0.27    9.1   0.7    22    69    83   132    77   158 0.77 -
40115at50557_597456_0:00265e|STRG.3361.3:1791-2660|+  -            290 66691at50557         -            296     0.017   13.1  10.3   2   3      0.33        24    2.8   0.3    23    52   175   204   164   216 0.82 -
40115at50557_597456_0:00265e|STRG.3361.3:1791-2660|+  -            290 66691at50557         -            296     0.017   13.1  10.3   3   3      0.16        12    3.8   0.1    15    57   248   290   239   290 0.86 -
40115at50557_597456_0:00265e|STRG.3361.4:807-1676|+   -            290 66691at50557         -            296     0.017   13.1  10.3   1   3    0.0038      0.27    9.1   0.7    22    69    83   132    77   158 0.77 -
40115at50557_597456_0:00265e|STRG.3361.4:807-1676|+   -            290 66691at50557         -            296     0.017   13.1  10.3   2   3      0.33        24    2.8   0.3    23    52   175   204   164   216 0.82 -
40115at50557_597456_0:00265e|STRG.3361.4:807-1676|+   -            290 66691at50557         -            296     0.017   13.1  10.3   3   3      0.16        12    3.8   0.1    15    57   248   290   239   290 0.86 -
56752at50557_144034_0:000a3e|STRG.4447.2:677-2704|+   -            676 66691at50557         -            296     0.018   13.0   0.6   1   4      0.93        66    1.3   0.0    76   136   162   178   155   185 0.55 -
56752at50557_144034_0:000a3e|STRG.4447.2:677-2704|+   -            676 66691at50557         -            296     0.018   13.0   0.6   2   4     0.038       2.8    5.8   0.1   167   216   231   282   210   301 0.77 -
56752at50557_144034_0:000a3e|STRG.4447.2:677-2704|+   -            676 66691at50557         -            296     0.018   13.0   0.6   3   4      0.49        35    2.2   0.0    77   104   278   305   272   311 0.87 -
56752at50557_144034_0:000a3e|STRG.4447.2:677-2704|+   -            676 66691at50557         -            296     0.018   13.0   0.6   4   4       3.5   2.5e+02   -0.6   0.0   272   293   388   409   362   412 0.82 -
14512at50557_56086_0:000590|STRG.9226.1:1797-2150|+   -            118 66691at50557         -            296     0.022   12.7   0.1   1   2     0.087       6.2    4.7   0.1   134   216     4    87     1    87 0.62 -
14512at50557_56086_0:000590|STRG.9226.1:1797-2150|+   -            118 66691at50557         -            296     0.022   12.7   0.1   2   2     0.003      0.22    9.5   0.0    26    63    76   113    57   117 0.80 -
14512at50557_56086_0:000590|STRG.9226.2:1797-2150|+   -            118 66691at50557         -            296     0.022   12.7   0.1   1   2     0.087       6.2    4.7   0.1   134   216     4    87     1    87 0.62 -
14512at50557_56086_0:000590|STRG.9226.2:1797-2150|+   -            118 66691at50557         -            296     0.022   12.7   0.1   2   2     0.003      0.22    9.5   0.0    26    63    76   113    57   117 0.80 -
14512at50557_56086_0:000590|STRG.9226.4:1627-1980|+   -            118 66691at50557         -            296     0.022   12.7   0.1   1   2     0.087       6.2    4.7   0.1   134   216     4    87     1    87 0.62 -
14512at50557_56086_0:000590|STRG.9226.4:1627-1980|+   -            118 66691at50557         -            296     0.022   12.7   0.1   2   2     0.003      0.22    9.5   0.0    26    63    76   113    57   117 0.80 -
14512at50557_56086_0:000590|STRG.9226.5:1633-1986|+   -            118 66691at50557         -            296     0.022   12.7   0.1   1   2     0.087       6.2    4.7   0.1   134   216     4    87     1    87 0.62 -
14512at50557_56086_0:000590|STRG.9226.5:1633-1986|+   -            118 66691at50557         -            296     0.022   12.7   0.1   2   2     0.003      0.22    9.5   0.0    26    63    76   113    57   117 0.80 -
14512at50557_56086_0:000590|STRG.9226.6:1606-1959|+   -            118 66691at50557         -            296     0.022   12.7   0.1   1   2     0.087       6.2    4.7   0.1   134   216     4    87     1    87 0.62 -
14512at50557_56086_0:000590|STRG.9226.6:1606-1959|+   -            118 66691at50557         -            296     0.022   12.7   0.1   2   2     0.003      0.22    9.5   0.0    26    63    76   113    57   117 0.80 -
14512at50557_56086_0:000590|STRG.9226.7:1456-1809|+   -            118 66691at50557         -            296     0.022   12.7   0.1   1   2     0.087       6.2    4.7   0.1   134   216     4    87     1    87 0.62 -
14512at50557_56086_0:000590|STRG.9226.7:1456-1809|+   -            118 66691at50557         -            296     0.022   12.7   0.1   2   2     0.003      0.22    9.5   0.0    26    63    76   113    57   117 0.80 -
14512at50557_56086_0:000590|STRG.9226.8:726-1079|+    -            118 66691at50557         -            296     0.022   12.7   0.1   1   2     0.087       6.2    4.7   0.1   134   216     4    87     1    87 0.62 -
14512at50557_56086_0:000590|STRG.9226.8:726-1079|+    -            118 66691at50557         -            296     0.022   12.7   0.1   2   2     0.003      0.22    9.5   0.0    26    63    76   113    57   117 0.80 -
14512at50557_56086_0:000590|STRG.9226.9:726-1079|+    -            118 66691at50557         -            296     0.022   12.7   0.1   1   2     0.087       6.2    4.7   0.1   134   216     4    87     1    87 0.62 -
14512at50557_56086_0:000590|STRG.9226.9:726-1079|+    -            118 66691at50557         -            296     0.022   12.7   0.1   2   2     0.003      0.22    9.5   0.0    26    63    76   113    57   117 0.80 -
76755at50557_64793_0:0021c2|STRG.20869.1:0-959|+      -            320 66691at50557         -            296     0.028   12.4   1.9   1   4       1.3        95    0.8   0.0   118   200    40   116     9   126 0.71 -
76755at50557_64793_0:0021c2|STRG.20869.1:0-959|+      -            320 66691at50557         -            296     0.028   12.4   1.9   2   4      0.31        22    2.9   0.0    31    99    86   153    60   164 0.81 -
76755at50557_64793_0:0021c2|STRG.20869.1:0-959|+      -            320 66691at50557         -            296     0.028   12.4   1.9   3   4     0.022       1.6    6.6   0.0    24    60   214   250   207   259 0.84 -
76755at50557_64793_0:0021c2|STRG.20869.1:0-959|+      -            320 66691at50557         -            296     0.028   12.4   1.9   4   4       3.9   2.8e+02   -0.7   0.1   167   201   261   295   251   301 0.76 -
80377at50557_30019_0:0008bb|STRG.1919.1:27-794|+      -            256 66691at50557         -            296     0.031   12.2   4.2   1   3       2.2   1.6e+02    0.0   0.0   169   196     7    34     1    45 0.57 -
80377at50557_30019_0:0008bb|STRG.1919.1:27-794|+      -            256 66691at50557         -            296     0.031   12.2   4.2   2   3     0.013      0.93    7.4   0.3    28   153    47   166    34   204 0.61 -
80377at50557_30019_0:0008bb|STRG.1919.1:27-794|+      -            256 66691at50557         -            296     0.031   12.2   4.2   3   3      0.32        23    2.8   0.1   274   293   229   248   212   251 0.82 -
48053at50557_7493_0:00220c|STRG.21254.1:1972-2790|+   -            273 66691at50557         -            296     0.042   11.8   0.1   1   2       1.1        80    1.0   0.0   154   184    51    81    39   105 0.78 -
48053at50557_7493_0:00220c|STRG.21254.1:1972-2790|+   -            273 66691at50557         -            296     0.042   11.8   0.1   2   2    0.0063      0.45    8.4   0.0    76   143   110   177    67   194 0.80 -
48053at50557_7493_0:00220c|STRG.21254.2:1116-1934|+   -            273 66691at50557         -            296     0.042   11.8   0.1   1   2       1.1        80    1.0   0.0   154   184    51    81    39   105 0.78 -
48053at50557_7493_0:00220c|STRG.21254.2:1116-1934|+   -            273 66691at50557         -            296     0.042   11.8   0.1   2   2    0.0063      0.45    8.4   0.0    76   143   110   177    67   194 0.80 -
48053at50557_7493_0:00220c|STRG.21254.3:2182-3000|+   -            273 66691at50557         -            296     0.042   11.8   0.1   1   2       1.1        80    1.0   0.0   154   184    51    81    39   105 0.78 -
48053at50557_7493_0:00220c|STRG.21254.3:2182-3000|+   -            273 66691at50557         -            296     0.042   11.8   0.1   2   2    0.0063      0.45    8.4   0.0    76   143   110   177    67   194 0.80 -
48053at50557_7493_0:00220c|STRG.21254.4:2127-2945|+   -            273 66691at50557         -            296     0.042   11.8   0.1   1   2       1.1        80    1.0   0.0   154   184    51    81    39   105 0.78 -
48053at50557_7493_0:00220c|STRG.21254.4:2127-2945|+   -            273 66691at50557         -            296     0.042   11.8   0.1   2   2    0.0063      0.45    8.4   0.0    76   143   110   177    67   194 0.80 -
80377at50557_7091_0:0009ff|STRG.14551.1:426-1010|+    -            195 66691at50557         -            296     0.059   11.3   0.0   1   1    0.0018      0.13   10.2   0.0    22   119    11   109     5   119 0.74 -
#
# Program:         hmmsearch
# Version:         3.4 (Aug 2023)
# Pipeline mode:   SEARCH
# Query file:      /home/justine/projet_tutore/busco_downloads/lineages/insecta_odb10/hmms/66691at50557.hmm
# Target file:     annotation_analysis/annotation_gca/T_cornetzi/busco_output/run_insecta_odb10/metaeuk_output/initial_results/assembled_transcripts.fasta.modified.fas
# Option settings: hmmsearch --domtblout annotation_analysis/annotation_gca/T_cornetzi/busco_output/run_insecta_odb10/hmmer_output/initial_run_results/66691at50557.out --cpu 1 /home/justine/projet_tutore/busco_downloads/lineages/insecta_odb10/hmms/66691at50557.hmm annotation_analysis/annotation_gca/T_cornetzi/busco_output/run_insecta_odb10/metaeuk_output/initial_results/assembled_transcripts.fasta.modified.fas 
# Current dir:     /home/justine/projet_tutore
# Date:            Sun Dec  1 22:19:25 2024
# [ok]
