#                                                                                                              --- full sequence --- -------------- this domain -------------   hmm coord   ali coord   env coord
# target name                                          accession   tlen query name           accession   qlen   E-value  score  bias   #  of  c-Evalue  i-Evalue  score  bias  from    to  from    to  from    to  acc description of target
#                                  ------------------- ---------- ----- -------------------- ---------- ----- --------- ------ ----- --- --- --------- --------- ------ ----- ----- ----- ----- ----- ----- ----- ---- ---------------------
70721at50557_2015173_0:0020d8|STRG.11001.1:375-1472|+  -            366 70721at50557         -            271  7.9e-160  529.2  10.8   1   2     7e-44   1.3e-41  141.5   0.2     1    89    13   110    13   135 0.92 -
70721at50557_2015173_0:0020d8|STRG.11001.1:375-1472|+  -            366 70721at50557         -            271  7.9e-160  529.2  10.8   2   2  7.5e-120  1.4e-117  390.6   5.9    89   271   164   364   123   364 0.92 -
70721at50557_7213_0:002d3b|STRG.19180.1:1128-2300|+    -            391 70721at50557         -            271   3.5e-24   84.3   4.2   1   2   1.2e-10   2.2e-08   32.5   0.1    18    72     4    58     2   129 0.85 -
70721at50557_7213_0:002d3b|STRG.19180.1:1128-2300|+    -            391 70721at50557         -            271   3.5e-24   84.3   4.2   2   2   8.6e-17   1.6e-14   52.7   1.3   130   267   259   390   205   391 0.80 -
70721at50557_7038_0:001749|STRG.20941.1:2167-3111|+    -            315 70721at50557         -            271   5.1e-20   70.7   5.0   1   2   4.4e-08   8.3e-06   24.1   0.1    19    80     7    68     2    96 0.89 -
70721at50557_7038_0:001749|STRG.20941.1:2167-3111|+    -            315 70721at50557         -            271   5.1e-20   70.7   5.0   2   2   2.1e-15   3.9e-13   48.1   1.8    95   267   119   307    86   311 0.77 -
70721at50557_7038_0:001749|STRG.20941.2:2167-3111|+    -            315 70721at50557         -            271   5.1e-20   70.7   5.0   1   2   4.4e-08   8.3e-06   24.1   0.1    19    80     7    68     2    96 0.89 -
70721at50557_7038_0:001749|STRG.20941.2:2167-3111|+    -            315 70721at50557         -            271   5.1e-20   70.7   5.0   2   2   2.1e-15   3.9e-13   48.1   1.8    95   267   119   307    86   311 0.77 -
70721at50557_7038_0:001749|STRG.20941.3:2167-3111|+    -            315 70721at50557         -            271   5.1e-20   70.7   5.0   1   2   4.4e-08   8.3e-06   24.1   0.1    19    80     7    68     2    96 0.89 -
70721at50557_7038_0:001749|STRG.20941.3:2167-3111|+    -            315 70721at50557         -            271   5.1e-20   70.7   5.0   2   2   2.1e-15   3.9e-13   48.1   1.8    95   267   119   307    86   311 0.77 -
70721at50557_93721_0:00496d|STRG.8742.1:1989-3146|+    -            386 70721at50557         -            271     3e-19   68.2   0.0   1   2    0.0017      0.31    9.1   0.0    20    45     6    31     3    76 0.82 -
70721at50557_93721_0:00496d|STRG.8742.1:1989-3146|+    -            386 70721at50557         -            271     3e-19   68.2   0.0   2   2   4.4e-18   8.2e-16   56.9   0.0   106   242   204   354   190   362 0.83 -
70721at50557_93721_0:00496d|STRG.8742.3:1599-2756|+    -            386 70721at50557         -            271     3e-19   68.2   0.0   1   2    0.0017      0.31    9.1   0.0    20    45     6    31     3    76 0.82 -
70721at50557_93721_0:00496d|STRG.8742.3:1599-2756|+    -            386 70721at50557         -            271     3e-19   68.2   0.0   2   2   4.4e-18   8.2e-16   56.9   0.0   106   242   204   354   190   362 0.83 -
888at50557_123851_0:001c4b|STRG.18726.1:606-1826|+     -            407 70721at50557         -            271   1.8e-18   65.6   8.7   1   3   8.3e-06    0.0016   16.6   0.1    21    98     9    92     5   111 0.68 -
888at50557_123851_0:001c4b|STRG.18726.1:606-1826|+     -            407 70721at50557         -            271   1.8e-18   65.6   8.7   2   3   6.7e-11   1.3e-08   33.3   0.5    73   189   102   232    88   240 0.76 -
888at50557_123851_0:001c4b|STRG.18726.1:606-1826|+     -            407 70721at50557         -            271   1.8e-18   65.6   8.7   3   3   8.1e-07   0.00015   19.9   0.6   202   270   330   406   326   407 0.76 -
888at50557_123851_0:001c4b|STRG.18726.2:541-1761|+     -            407 70721at50557         -            271   1.8e-18   65.6   8.7   1   3   8.3e-06    0.0016   16.6   0.1    21    98     9    92     5   111 0.68 -
888at50557_123851_0:001c4b|STRG.18726.2:541-1761|+     -            407 70721at50557         -            271   1.8e-18   65.6   8.7   2   3   6.7e-11   1.3e-08   33.3   0.5    73   189   102   232    88   240 0.76 -
888at50557_123851_0:001c4b|STRG.18726.2:541-1761|+     -            407 70721at50557         -            271   1.8e-18   65.6   8.7   3   3   8.1e-07   0.00015   19.9   0.6   202   270   330   406   326   407 0.76 -
888at50557_123851_0:001c4b|STRG.18726.3:545-1765|+     -            407 70721at50557         -            271   1.8e-18   65.6   8.7   1   3   8.3e-06    0.0016   16.6   0.1    21    98     9    92     5   111 0.68 -
888at50557_123851_0:001c4b|STRG.18726.3:545-1765|+     -            407 70721at50557         -            271   1.8e-18   65.6   8.7   2   3   6.7e-11   1.3e-08   33.3   0.5    73   189   102   232    88   240 0.76 -
888at50557_123851_0:001c4b|STRG.18726.3:545-1765|+     -            407 70721at50557         -            271   1.8e-18   65.6   8.7   3   3   8.1e-07   0.00015   19.9   0.6   202   270   330   406   326   407 0.76 -
39032at50557_217634_0:0017e3|STRG.18504.1:416-1336|+   -            307 70721at50557         -            271   8.8e-17   60.1   0.4   1   2    0.0028      0.53    8.3   0.0    19    55     5    41     2    79 0.77 -
39032at50557_217634_0:0017e3|STRG.18504.1:416-1336|+   -            307 70721at50557         -            271   8.8e-17   60.1   0.4   2   2   5.8e-16   1.1e-13   49.9   0.1    83   241   127   292    88   297 0.79 -
39032at50557_217634_0:0017e3|STRG.18504.2:416-1330|+   -            305 70721at50557         -            271   9.2e-17   60.0   0.4   1   2    0.0029      0.55    8.3   0.0    19    46     5    32     2    78 0.67 -
39032at50557_217634_0:0017e3|STRG.18504.2:416-1330|+   -            305 70721at50557         -            271   9.2e-17   60.0   0.4   2   2   5.7e-16   1.1e-13   50.0   0.1    83   241   125   290    86   295 0.79 -
888at50557_123851_0:001c4b|STRG.22804.1:563-1537|+     -            325 70721at50557         -            271   3.9e-15   54.7   0.2   1   2    0.0031      0.58    8.2   0.0     4    56    32    85    29    92 0.81 -
888at50557_123851_0:001c4b|STRG.22804.1:563-1537|+     -            325 70721at50557         -            271   3.9e-15   54.7   0.2   2   2   2.6e-14   4.9e-12   44.5   0.1   130   238   216   325   152   325 0.85 -
39032at50557_7375_0:003306|STRG.20566.1:1863-2879|+    -            339 70721at50557         -            271   1.2e-14   53.1   0.1   1   2   8.1e-05     0.015   13.4   0.0    15    46     8    39     1    92 0.71 -
39032at50557_7375_0:003306|STRG.20566.1:1863-2879|+    -            339 70721at50557         -            271   1.2e-14   53.1   0.1   2   2   2.5e-12   4.7e-10   38.0   0.0    97   243   169   324   138   338 0.80 -
39032at50557_7375_0:003306|STRG.20566.2:1779-2795|+    -            339 70721at50557         -            271   1.2e-14   53.1   0.1   1   2   8.1e-05     0.015   13.4   0.0    15    46     8    39     1    92 0.71 -
39032at50557_7375_0:003306|STRG.20566.2:1779-2795|+    -            339 70721at50557         -            271   1.2e-14   53.1   0.1   2   2   2.5e-12   4.7e-10   38.0   0.0    97   243   169   324   138   338 0.80 -
39032at50557_7375_0:003306|STRG.20566.3:1566-2582|+    -            339 70721at50557         -            271   1.2e-14   53.1   0.1   1   2   8.1e-05     0.015   13.4   0.0    15    46     8    39     1    92 0.71 -
39032at50557_7375_0:003306|STRG.20566.3:1566-2582|+    -            339 70721at50557         -            271   1.2e-14   53.1   0.1   2   2   2.5e-12   4.7e-10   38.0   0.0    97   243   169   324   138   338 0.80 -
39032at50557_7375_0:003306|STRG.20566.4:1485-2501|+    -            339 70721at50557         -            271   1.2e-14   53.1   0.1   1   2   8.1e-05     0.015   13.4   0.0    15    46     8    39     1    92 0.71 -
39032at50557_7375_0:003306|STRG.20566.4:1485-2501|+    -            339 70721at50557         -            271   1.2e-14   53.1   0.1   2   2   2.5e-12   4.7e-10   38.0   0.0    97   243   169   324   138   338 0.80 -
39032at50557_7375_0:003306|STRG.20566.5:1408-2424|+    -            339 70721at50557         -            271   1.2e-14   53.1   0.1   1   2   8.1e-05     0.015   13.4   0.0    15    46     8    39     1    92 0.71 -
39032at50557_7375_0:003306|STRG.20566.5:1408-2424|+    -            339 70721at50557         -            271   1.2e-14   53.1   0.1   2   2   2.5e-12   4.7e-10   38.0   0.0    97   243   169   324   138   338 0.80 -
39032at50557_7375_0:003306|STRG.20566.6:1087-2103|+    -            339 70721at50557         -            271   1.2e-14   53.1   0.1   1   2   8.1e-05     0.015   13.4   0.0    15    46     8    39     1    92 0.71 -
39032at50557_7375_0:003306|STRG.20566.6:1087-2103|+    -            339 70721at50557         -            271   1.2e-14   53.1   0.1   2   2   2.5e-12   4.7e-10   38.0   0.0    97   243   169   324   138   338 0.80 -
888at50557_456900_0:0028b3|STRG.936.1:1-4683|+         -           1561 70721at50557         -            271   1.6e-11   42.9   1.1   1   2    0.0018      0.33    9.0   0.0    13    43   557   587   551   600 0.82 -
888at50557_456900_0:0028b3|STRG.936.1:1-4683|+         -           1561 70721at50557         -            271   1.6e-11   42.9   1.1   2   2   3.4e-09   6.5e-07   27.7   1.2    94   242   717   893   682   903 0.68 -
888at50557_456900_0:0028b3|STRG.936.2:1-7154|+         -           2358 70721at50557         -            271   4.1e-11   41.5   0.9   1   2    0.0028      0.52    8.4   0.0    13    43  1354  1384  1348  1397 0.82 -
888at50557_456900_0:0028b3|STRG.936.2:1-7154|+         -           2358 70721at50557         -            271   4.1e-11   41.5   0.9   2   2   5.3e-09     1e-06   27.1   1.1    94   242  1514  1690  1478  1700 0.68 -
39032at50557_411798_0:000ea3|STRG.14507.2:0-1502|+     -            501 70721at50557         -            271   5.5e-11   41.1   8.1   1   3       2.7   5.1e+02   -1.5   0.1    41    81    41    81    32   100 0.66 -
39032at50557_411798_0:000ea3|STRG.14507.2:0-1502|+     -            501 70721at50557         -            271   5.5e-11   41.1   8.1   2   3     0.011       2.1    6.3   0.0    11    52   156   197   150   224 0.73 -
39032at50557_411798_0:000ea3|STRG.14507.2:0-1502|+     -            501 70721at50557         -            271   5.5e-11   41.1   8.1   3   3   2.9e-10   5.5e-08   31.2   1.5   119   240   327   477   286   494 0.71 -
39032at50557_411798_0:000ea3|STRG.14507.1:755-2287|+   -            501 70721at50557         -            271   6.9e-11   40.8   8.6   1   3       2.7   5.1e+02   -1.5   0.1    41    81    41    81    32   100 0.66 -
39032at50557_411798_0:000ea3|STRG.14507.1:755-2287|+   -            501 70721at50557         -            271   6.9e-11   40.8   8.6   2   3     0.012       2.3    6.3   0.0    11    51   156   196   151   223 0.73 -
39032at50557_411798_0:000ea3|STRG.14507.1:755-2287|+   -            501 70721at50557         -            271   6.9e-11   40.8   8.6   3   3   4.4e-10   8.2e-08   30.7   2.4   119   240   327   477   246   494 0.73 -
13582at50557_39758_0:0038ff|STRG.16570.4:943-3745|+    -            633 70721at50557         -            271   1.8e-10   39.4   2.3   1   2       1.5   2.8e+02   -0.6   0.0    18    48    36    66    29    71 0.84 -
13582at50557_39758_0:0038ff|STRG.16570.4:943-3745|+    -            633 70721at50557         -            271   1.8e-10   39.4   2.3   2   2   2.1e-12     4e-10   38.3   0.3   120   249   492   619   475   628 0.87 -
13582at50557_456900_0:001283|STRG.14586.1:0-2753|+     -            918 70721at50557         -            271   5.5e-10   37.8   9.5   1   3    0.0037       0.7    7.9   0.0    17    44   188   215   179   262 0.84 -
13582at50557_456900_0:001283|STRG.14586.1:0-2753|+     -            918 70721at50557         -            271   5.5e-10   37.8   9.5   2   3         6   1.1e+03   -2.6   0.1   112   145   405   438   396   446 0.64 -
13582at50557_456900_0:001283|STRG.14586.1:0-2753|+     -            918 70721at50557         -            271   5.5e-10   37.8   9.5   3   3   2.4e-11   4.5e-09   34.8   0.7   132   241   516   627   496   642 0.80 -
39032at50557_7070_0:002768|STRG.15819.1:451-1587|+     -            379 70721at50557         -            271   5.9e-10   37.7   0.3   1   3     0.033       6.1    4.8   0.0    19    43     5    29     3    64 0.88 -
39032at50557_7070_0:002768|STRG.15819.1:451-1587|+     -            379 70721at50557         -            271   5.9e-10   37.7   0.3   2   3     0.002      0.38    8.8   0.0   143   190   198   245   117   251 0.87 -
39032at50557_7070_0:002768|STRG.15819.1:451-1587|+     -            379 70721at50557         -            271   5.9e-10   37.7   0.3   3   3   5.1e-07   9.5e-05   20.6   0.1   190   243   297   351   285   371 0.85 -
13582at50557_1218281_0:000f82|STRG.16570.1:3382-3714|+ -            111 70721at50557         -            271   3.2e-09   35.3   0.3   1   1   2.9e-11   5.4e-09   34.5   0.3   136   249     1   106     1   109 0.90 -
13582at50557_1218281_0:000f82|STRG.16570.2:1570-1902|+ -            111 70721at50557         -            271   3.2e-09   35.3   0.3   1   1   2.9e-11   5.4e-09   34.5   0.3   136   249     1   106     1   109 0.90 -
13582at50557_1218281_0:000f82|STRG.16570.3:1127-1459|+ -            111 70721at50557         -            271   3.2e-09   35.3   0.3   1   1   2.9e-11   5.4e-09   34.5   0.3   136   249     1   106     1   109 0.90 -
13582at50557_1218281_0:000f82|STRG.16570.5:1131-1463|+ -            111 70721at50557         -            271   3.2e-09   35.3   0.3   1   1   2.9e-11   5.4e-09   34.5   0.3   136   249     1   106     1   109 0.90 -
13582at50557_7536_0:000536|STRG.15592.1:307-2151|+     -            615 70721at50557         -            271   4.3e-09   34.9   0.7   1   3     0.056        11    4.1   0.0    18    40     7    29     2    50 0.78 -
13582at50557_7536_0:000536|STRG.15592.1:307-2151|+     -            615 70721at50557         -            271   4.3e-09   34.9   0.7   2   3   2.8e-05    0.0052   14.9   0.0   132   185   454   507   431   513 0.88 -
13582at50557_7536_0:000536|STRG.15592.1:307-2151|+     -            615 70721at50557         -            271   4.3e-09   34.9   0.7   3   3    0.0002     0.038   12.1   0.1   200   244   555   601   551   615 0.84 -
13582at50557_7536_0:000536|STRG.15592.3:157-2001|+     -            615 70721at50557         -            271   4.3e-09   34.9   0.7   1   3     0.056        11    4.1   0.0    18    40     7    29     2    50 0.78 -
13582at50557_7536_0:000536|STRG.15592.3:157-2001|+     -            615 70721at50557         -            271   4.3e-09   34.9   0.7   2   3   2.8e-05    0.0052   14.9   0.0   132   185   454   507   431   513 0.88 -
13582at50557_7536_0:000536|STRG.15592.3:157-2001|+     -            615 70721at50557         -            271   4.3e-09   34.9   0.7   3   3    0.0002     0.038   12.1   0.1   200   244   555   601   551   615 0.84 -
39032at50557_7493_0:002ef1|STRG.20474.2:382-2824|+     -            522 70721at50557         -            271   4.5e-09   34.8   2.4   1   2     0.064        12    3.9   0.0    18    42   119   142   107   147 0.79 -
39032at50557_7493_0:002ef1|STRG.20474.2:382-2824|+     -            522 70721at50557         -            271   4.5e-09   34.8   2.4   2   2   1.5e-09   2.9e-07   28.9   1.1    96   226   303   443   292   452 0.76 -
39032at50557_319348_0:00449b|STRG.15592.2:1192-1761|+  -            190 70721at50557         -            271   5.7e-09   34.5   0.7   1   2   4.6e-06   0.00087   17.5   0.0   132   185    23    76     8    84 0.89 -
39032at50557_319348_0:00449b|STRG.15592.2:1192-1761|+  -            190 70721at50557         -            271   5.7e-09   34.5   0.7   2   2   2.3e-05    0.0043   15.2   0.3   200   268   124   183   120   186 0.79 -
39032at50557_7395_0:00370d|STRG.4872.1:2210-3265|+     -            352 70721at50557         -            271   2.1e-08   32.6   1.0   1   2      0.02       3.8    5.5   0.0    17    36    29    48    21    97 0.78 -
39032at50557_7395_0:00370d|STRG.4872.1:2210-3265|+     -            352 70721at50557         -            271   2.1e-08   32.6   1.0   2   2   1.5e-08   2.8e-06   25.6   0.2    81   242   164   336   133   351 0.71 -
39032at50557_7395_0:00370d|STRG.4872.2:1914-2969|+     -            352 70721at50557         -            271   2.1e-08   32.6   1.0   1   2      0.02       3.8    5.5   0.0    17    36    29    48    21    97 0.78 -
39032at50557_7395_0:00370d|STRG.4872.2:1914-2969|+     -            352 70721at50557         -            271   2.1e-08   32.6   1.0   2   2   1.5e-08   2.8e-06   25.6   0.2    81   242   164   336   133   351 0.71 -
39032at50557_64459_0:000bdc|STRG.20474.1:2095-2907|+   -            271 70721at50557         -            271   1.4e-07   29.9   0.0   1   1   1.1e-09   2.1e-07   29.3   0.0   143   226   112   192    68   208 0.81 -
39032at50557_64459_0:000bdc|STRG.20474.3:2092-2904|+   -            271 70721at50557         -            271   1.4e-07   29.9   0.0   1   1   1.1e-09   2.1e-07   29.3   0.0   143   226   112   192    68   208 0.81 -
39032at50557_64459_0:000bdc|STRG.20474.4:2118-2930|+   -            271 70721at50557         -            271   1.4e-07   29.9   0.0   1   1   1.1e-09   2.1e-07   29.3   0.0   143   226   112   192    68   208 0.81 -
888at50557_29053_0:002a53|STRG.2410.1:43-4491|+        -           1483 70721at50557         -            271   3.6e-07   28.6   7.8   1   3     0.071        13    3.7   0.0    10    64   864   918   859   937 0.74 -
888at50557_29053_0:002a53|STRG.2410.1:43-4491|+        -           1483 70721at50557         -            271   3.6e-07   28.6   7.8   2   3   9.1e-05     0.017   13.2   2.3    93   188   987  1088   933  1092 0.76 -
888at50557_29053_0:002a53|STRG.2410.1:43-4491|+        -           1483 70721at50557         -            271   3.6e-07   28.6   7.8   3   3   0.00013     0.025   12.7   0.1   201   242  1137  1182  1120  1213 0.70 -
116675at50557_286306_0:000e85|STRG.12016.1:0-1382|+    -            461 70721at50557         -            271   6.1e-07   27.8   0.2   1   3   0.00039     0.073   11.2   0.0    17    63    40    87    31   106 0.85 -
116675at50557_286306_0:000e85|STRG.12016.1:0-1382|+    -            461 70721at50557         -            271   6.1e-07   27.8   0.2   2   3   0.00037     0.069   11.2   0.0   122   168   309   358   300   378 0.75 -
116675at50557_286306_0:000e85|STRG.12016.1:0-1382|+    -            461 70721at50557         -            271   6.1e-07   27.8   0.2   3   3      0.34        65    1.5   0.0   195   242   404   452   389   456 0.78 -
39032at50557_79782_0:0019dd|STRG.4598.1:666-1781|+     -            372 70721at50557         -            271   0.00013   20.1   0.5   1   2    0.0022      0.41    8.7   0.0    16    44   100   128    92   139 0.82 -
39032at50557_79782_0:0019dd|STRG.4598.1:666-1781|+     -            372 70721at50557         -            271   0.00013   20.1   0.5   2   2    0.0015      0.29    9.2   0.0   114   171   290   350   264   367 0.78 -
70721at50557_93721_0:00496d|STRG.8742.2:1989-2639|+    -            217 70721at50557         -            271     0.072   11.2   0.0   1   1   0.00064      0.12   10.4   0.0    20    46     6    32     3    82 0.81 -
#
# Program:         hmmsearch
# Version:         3.4 (Aug 2023)
# Pipeline mode:   SEARCH
# Query file:      /home/justine/projet_tutore/busco_downloads/lineages/insecta_odb10/hmms/70721at50557.hmm
# Target file:     annotation_analysis/annotation_gca/T_cornetzi/busco_output/run_insecta_odb10/metaeuk_output/initial_results/assembled_transcripts.fasta.modified.fas
# Option settings: hmmsearch --domtblout annotation_analysis/annotation_gca/T_cornetzi/busco_output/run_insecta_odb10/hmmer_output/initial_run_results/70721at50557.out --cpu 1 /home/justine/projet_tutore/busco_downloads/lineages/insecta_odb10/hmms/70721at50557.hmm annotation_analysis/annotation_gca/T_cornetzi/busco_output/run_insecta_odb10/metaeuk_output/initial_results/assembled_transcripts.fasta.modified.fas 
# Current dir:     /home/justine/projet_tutore
# Date:            Sun Dec  1 22:19:39 2024
# [ok]
