#                                                                                                             --- full sequence --- -------------- this domain -------------   hmm coord   ali coord   env coord
# target name                                         accession   tlen query name           accession   qlen   E-value  score  bias   #  of  c-Evalue  i-Evalue  score  bias  from    to  from    to  from    to  acc description of target
#                                 ------------------- ---------- ----- -------------------- ---------- ----- --------- ------ ----- --- --- --------- --------- ------ ----- ----- ----- ----- ----- ----- ----- ---- ---------------------
72785at50557_520822_0:000ba7|STRG.1100.1:0-1115|+     -            372 72785at50557         -            271   2.2e-85  285.5  41.6   1   4   4.7e-15   5.4e-12   44.9   2.2     1    54     9    65     9    73 0.88 -
72785at50557_520822_0:000ba7|STRG.1100.1:0-1115|+     -            372 72785at50557         -            271   2.2e-85  285.5  41.6   2   4   2.5e-08   2.9e-05   22.8   6.8    43    80    72   108    62   129 0.79 -
72785at50557_520822_0:000ba7|STRG.1100.1:0-1115|+     -            372 72785at50557         -            271   2.2e-85  285.5  41.6   3   4   2.7e-50   3.1e-47  160.4  11.0    76   183   146   256   110   260 0.88 -
72785at50557_520822_0:000ba7|STRG.1100.1:0-1115|+     -            372 72785at50557         -            271   2.2e-85  285.5  41.6   4   4   1.3e-23   1.5e-20   72.9   2.0   182   271   274   372   266   372 0.87 -
72785at50557_103372_0:000f9a|STRG.6226.1:534-1163|+   -            210 72785at50557         -            271     2e-08   33.2  17.6   1   2    0.0043         5    5.6   1.5   131   174     8    45     3    55 0.75 -
72785at50557_103372_0:000f9a|STRG.6226.1:534-1163|+   -            210 72785at50557         -            271     2e-08   33.2  17.6   2   2   2.3e-11   2.7e-08   32.7   8.8    73   163    85   173    71   199 0.79 -
72785at50557_103372_0:000f9a|STRG.6226.2:534-1163|+   -            210 72785at50557         -            271     2e-08   33.2  17.6   1   2    0.0043         5    5.6   1.5   131   174     8    45     3    55 0.75 -
72785at50557_103372_0:000f9a|STRG.6226.2:534-1163|+   -            210 72785at50557         -            271     2e-08   33.2  17.6   2   2   2.3e-11   2.7e-08   32.7   8.8    73   163    85   173    71   199 0.79 -
108140at50557_121225_0:00229f|STRG.15071.3:160-1213|+ -            344 72785at50557         -            271   0.00013   20.6   0.9   1   2      0.27   3.1e+02   -0.3   0.9    18    55   111   148   103   174 0.74 -
108140at50557_121225_0:00229f|STRG.15071.3:160-1213|+ -            344 72785at50557         -            271   0.00013   20.6   0.9   2   2   1.1e-07   0.00013   20.6   0.9    45    70   258   283   243   311 0.84 -
108140at50557_520822_0:000b46|STRG.15071.3:350-1990|+ -            547 72785at50557         -            271   0.00022   19.9   0.7   1   3      0.28   3.2e+02   -0.3   0.4    19    55    56    92    48   141 0.70 -
108140at50557_520822_0:000b46|STRG.15071.3:350-1990|+ -            547 72785at50557         -            271   0.00022   19.9   0.7   2   3   1.9e-07   0.00022   19.9   0.7    45    69   202   226   187   254 0.85 -
108140at50557_520822_0:000b46|STRG.15071.3:350-1990|+ -            547 72785at50557         -            271   0.00022   19.9   0.7   3   3    0.0037       4.3    5.8   1.7    60   112   463   521   438   528 0.72 -
108140at50557_34720_0:001e92|STRG.15071.2:160-2094|+  -            645 72785at50557         -            271   0.00027   19.6   0.7   1   3      0.35     4e+02   -0.6   0.3    19    55   154   190   146   236 0.69 -
108140at50557_34720_0:001e92|STRG.15071.2:160-2094|+  -            645 72785at50557         -            271   0.00027   19.6   0.7   2   3   2.3e-07   0.00027   19.6   0.7    45    69   300   324   285   352 0.85 -
108140at50557_34720_0:001e92|STRG.15071.2:160-2094|+  -            645 72785at50557         -            271   0.00027   19.6   0.7   3   3    0.0047       5.4    5.5   1.6    60   112   561   619   544   626 0.72 -
108140at50557_520822_0:000b46|STRG.15071.5:0-1934|+   -            645 72785at50557         -            271   0.00027   19.6   0.7   1   3      0.35     4e+02   -0.6   0.3    19    55   154   190   146   236 0.69 -
108140at50557_520822_0:000b46|STRG.15071.5:0-1934|+   -            645 72785at50557         -            271   0.00027   19.6   0.7   2   3   2.3e-07   0.00027   19.6   0.7    45    69   300   324   285   352 0.85 -
108140at50557_520822_0:000b46|STRG.15071.5:0-1934|+   -            645 72785at50557         -            271   0.00027   19.6   0.7   3   3    0.0047       5.4    5.5   1.6    60   112   561   619   544   626 0.72 -
#
# Program:         hmmsearch
# Version:         3.4 (Aug 2023)
# Pipeline mode:   SEARCH
# Query file:      /home/justine/projet_tutore/busco_downloads/lineages/insecta_odb10/hmms/72785at50557.hmm
# Target file:     annotation_analysis/annotation_gca/T_cornetzi/busco_output/run_insecta_odb10/metaeuk_output/initial_results/assembled_transcripts.fasta.modified.fas
# Option settings: hmmsearch --domtblout annotation_analysis/annotation_gca/T_cornetzi/busco_output/run_insecta_odb10/hmmer_output/initial_run_results/72785at50557.out --cpu 1 /home/justine/projet_tutore/busco_downloads/lineages/insecta_odb10/hmms/72785at50557.hmm annotation_analysis/annotation_gca/T_cornetzi/busco_output/run_insecta_odb10/metaeuk_output/initial_results/assembled_transcripts.fasta.modified.fas 
# Current dir:     /home/justine/projet_tutore
# Date:            Sun Dec  1 22:19:42 2024
# [ok]
