#                                                                                                             --- full sequence --- -------------- this domain -------------   hmm coord   ali coord   env coord
# target name                                         accession   tlen query name           accession   qlen   E-value  score  bias   #  of  c-Evalue  i-Evalue  score  bias  from    to  from    to  from    to  acc description of target
#                                 ------------------- ---------- ----- -------------------- ---------- ----- --------- ------ ----- --- --- --------- --------- ------ ----- ----- ----- ----- ----- ----- ----- ---- ---------------------
68878at50557_29031_0:000dd0|STRG.4350.1:400-759|+     -            120 73720at50557         -            229   1.5e-44  150.9   0.1   1   1   2.2e-46   1.7e-44  150.7   0.1     2   111     3   113     2   119 0.96 -
68878at50557_29031_0:000dd0|STRG.4350.2:400-759|+     -            120 73720at50557         -            229   1.5e-44  150.9   0.1   1   1   2.2e-46   1.7e-44  150.7   0.1     2   111     3   113     2   119 0.96 -
68878at50557_29031_0:000dd0|STRG.8478.1:79-438|+      -            120 73720at50557         -            229   2.1e-43  147.2   0.1   1   1   2.9e-45   2.3e-43  147.0   0.1     1   111     5   117     5   120 0.96 -
68878at50557_29031_0:000dd0|STRG.10166.10:39-377|+    -            113 73720at50557         -            229   4.7e-42  142.7   0.1   1   1   6.6e-44   5.2e-42  142.6   0.1     2   110     3   112     2   113 0.97 -
68878at50557_29031_0:000dd0|STRG.10166.11:39-377|+    -            113 73720at50557         -            229   4.7e-42  142.7   0.1   1   1   6.6e-44   5.2e-42  142.6   0.1     2   110     3   112     2   113 0.97 -
68878at50557_29031_0:000dd0|STRG.10166.12:39-377|+    -            113 73720at50557         -            229   4.7e-42  142.7   0.1   1   1   6.6e-44   5.2e-42  142.6   0.1     2   110     3   112     2   113 0.97 -
68878at50557_29031_0:000dd0|STRG.10166.13:39-377|+    -            113 73720at50557         -            229   4.7e-42  142.7   0.1   1   1   6.6e-44   5.2e-42  142.6   0.1     2   110     3   112     2   113 0.97 -
68878at50557_29031_0:000dd0|STRG.10166.14:39-377|+    -            113 73720at50557         -            229   4.7e-42  142.7   0.1   1   1   6.6e-44   5.2e-42  142.6   0.1     2   110     3   112     2   113 0.97 -
68878at50557_29031_0:000dd0|STRG.10166.15:39-377|+    -            113 73720at50557         -            229   4.7e-42  142.7   0.1   1   1   6.6e-44   5.2e-42  142.6   0.1     2   110     3   112     2   113 0.97 -
68878at50557_29031_0:000dd0|STRG.10166.16:39-377|+    -            113 73720at50557         -            229   4.7e-42  142.7   0.1   1   1   6.6e-44   5.2e-42  142.6   0.1     2   110     3   112     2   113 0.97 -
68878at50557_29031_0:000dd0|STRG.10166.17:39-377|+    -            113 73720at50557         -            229   4.7e-42  142.7   0.1   1   1   6.6e-44   5.2e-42  142.6   0.1     2   110     3   112     2   113 0.97 -
68878at50557_29031_0:000dd0|STRG.10166.18:39-377|+    -            113 73720at50557         -            229   4.7e-42  142.7   0.1   1   1   6.6e-44   5.2e-42  142.6   0.1     2   110     3   112     2   113 0.97 -
68878at50557_29031_0:000dd0|STRG.10166.19:39-377|+    -            113 73720at50557         -            229   4.7e-42  142.7   0.1   1   1   6.6e-44   5.2e-42  142.6   0.1     2   110     3   112     2   113 0.97 -
68878at50557_29031_0:000dd0|STRG.10166.1:601-939|+    -            113 73720at50557         -            229   4.7e-42  142.7   0.1   1   1   6.6e-44   5.2e-42  142.6   0.1     2   110     3   112     2   113 0.97 -
68878at50557_29031_0:000dd0|STRG.10166.2:39-377|+     -            113 73720at50557         -            229   4.7e-42  142.7   0.1   1   1   6.6e-44   5.2e-42  142.6   0.1     2   110     3   112     2   113 0.97 -
68878at50557_29031_0:000dd0|STRG.10166.3:39-377|+     -            113 73720at50557         -            229   4.7e-42  142.7   0.1   1   1   6.6e-44   5.2e-42  142.6   0.1     2   110     3   112     2   113 0.97 -
68878at50557_29031_0:000dd0|STRG.10166.4:39-377|+     -            113 73720at50557         -            229   4.7e-42  142.7   0.1   1   1   6.6e-44   5.2e-42  142.6   0.1     2   110     3   112     2   113 0.97 -
68878at50557_29031_0:000dd0|STRG.10166.5:39-377|+     -            113 73720at50557         -            229   4.7e-42  142.7   0.1   1   1   6.6e-44   5.2e-42  142.6   0.1     2   110     3   112     2   113 0.97 -
68878at50557_29031_0:000dd0|STRG.10166.6:39-377|+     -            113 73720at50557         -            229   4.7e-42  142.7   0.1   1   1   6.6e-44   5.2e-42  142.6   0.1     2   110     3   112     2   113 0.97 -
68878at50557_29031_0:000dd0|STRG.10166.7:39-377|+     -            113 73720at50557         -            229   4.7e-42  142.7   0.1   1   1   6.6e-44   5.2e-42  142.6   0.1     2   110     3   112     2   113 0.97 -
68878at50557_29031_0:000dd0|STRG.10166.8:39-377|+     -            113 73720at50557         -            229   4.7e-42  142.7   0.1   1   1   6.6e-44   5.2e-42  142.6   0.1     2   110     3   112     2   113 0.97 -
68878at50557_29031_0:000dd0|STRG.10166.9:39-377|+     -            113 73720at50557         -            229   4.7e-42  142.7   0.1   1   1   6.6e-44   5.2e-42  142.6   0.1     2   110     3   112     2   113 0.97 -
68878at50557_307658_0:0010cb|STRG.1535.5:0-1550|+     -            517 73720at50557         -            229     9e-42  141.8   0.3   1   2   1.1e-42   8.8e-41  138.6   0.0     2   111     7   117     6   130 0.95 -
68878at50557_307658_0:0010cb|STRG.1535.5:0-1550|+     -            517 73720at50557         -            229     9e-42  141.8   0.3   2   2       1.3     1e+02    0.9   0.0   110   129   178   197   168   200 0.82 -
68878at50557_456900_0:00124f|STRG.1535.1:387-2102|+   -            572 73720at50557         -            229   1.1e-41  141.5   0.3   1   2   1.3e-42     1e-40  138.3   0.0     2   111    22   132    21   145 0.95 -
68878at50557_456900_0:00124f|STRG.1535.1:387-2102|+   -            572 73720at50557         -            229   1.1e-41  141.5   0.3   2   2       1.5   1.2e+02    0.8   0.0   110   129   193   212   183   215 0.82 -
68878at50557_456900_0:00124f|STRG.1535.2:392-2107|+   -            572 73720at50557         -            229   1.1e-41  141.5   0.3   1   2   1.3e-42     1e-40  138.3   0.0     2   111    22   132    21   145 0.95 -
68878at50557_456900_0:00124f|STRG.1535.2:392-2107|+   -            572 73720at50557         -            229   1.1e-41  141.5   0.3   2   2       1.5   1.2e+02    0.8   0.0   110   129   193   212   183   215 0.82 -
68878at50557_456900_0:00124f|STRG.1535.3:796-2511|+   -            572 73720at50557         -            229   1.1e-41  141.5   0.3   1   2   1.3e-42     1e-40  138.3   0.0     2   111    22   132    21   145 0.95 -
68878at50557_456900_0:00124f|STRG.1535.3:796-2511|+   -            572 73720at50557         -            229   1.1e-41  141.5   0.3   2   2       1.5   1.2e+02    0.8   0.0   110   129   193   212   183   215 0.82 -
68878at50557_456900_0:00124f|STRG.1535.4:519-2234|+   -            572 73720at50557         -            229   1.1e-41  141.5   0.3   1   2   1.3e-42     1e-40  138.3   0.0     2   111    22   132    21   145 0.95 -
68878at50557_456900_0:00124f|STRG.1535.4:519-2234|+   -            572 73720at50557         -            229   1.1e-41  141.5   0.3   2   2       1.5   1.2e+02    0.8   0.0   110   129   193   212   183   215 0.82 -
70122at50557_56086_0:00188d|STRG.22259.1:486-836|+    -            117 73720at50557         -            229     1e-40  138.3   0.2   1   1   1.5e-42   1.1e-40  138.2   0.2     2   111     6   116     5   117 0.97 -
70122at50557_56086_0:00188d|STRG.22259.2:423-773|+    -            117 73720at50557         -            229     1e-40  138.3   0.2   1   1   1.5e-42   1.1e-40  138.2   0.2     2   111     6   116     5   117 0.97 -
70122at50557_56086_0:00188d|STRG.22259.3:778-1128|+   -            117 73720at50557         -            229     1e-40  138.3   0.2   1   1   1.5e-42   1.1e-40  138.2   0.2     2   111     6   116     5   117 0.97 -
70122at50557_56086_0:00188d|STRG.22259.4:778-1128|+   -            117 73720at50557         -            229     1e-40  138.3   0.2   1   1   1.5e-42   1.1e-40  138.2   0.2     2   111     6   116     5   117 0.97 -
70122at50557_103372_0:0029b5|STRG.19348.4:669-1712|+  -            348 73720at50557         -            229   2.8e-40  136.9   0.1   1   1   7.1e-42   5.6e-40  135.9   0.0     1   147     6   155     6   171 0.84 -
70122at50557_411798_0:0024d5|STRG.19348.2:270-1637|+  -            456 73720at50557         -            229   3.8e-40  136.5   0.1   1   1   1.4e-41   1.1e-39  135.0   0.0     1   147     6   155     6   166 0.83 -
70122at50557_411798_0:0024d5|STRG.19348.5:0-1367|+    -            456 73720at50557         -            229   3.8e-40  136.5   0.1   1   1   1.4e-41   1.1e-39  135.0   0.0     1   147     6   155     6   166 0.83 -
70122at50557_197043_0:006b82|STRG.10163.1:277-636|+   -            120 73720at50557         -            229   4.2e-40  136.3   0.3   1   1   5.8e-42   4.6e-40  136.2   0.3     1   111     2   114     2   120 0.93 -
70122at50557_197043_0:006b82|STRG.10163.3:337-696|+   -            120 73720at50557         -            229   4.2e-40  136.3   0.3   1   1   5.8e-42   4.6e-40  136.2   0.3     1   111     2   114     2   120 0.93 -
70122at50557_456900_0:000ad6|STRG.19348.1:1212-2492|+ -            427 73720at50557         -            229   4.5e-40  136.2   0.1   1   1   1.2e-41   9.7e-40  135.2   0.0     1   147     6   155     6   164 0.83 -
70122at50557_103372_0:0029b5|STRG.19348.3:270-1967|+  -            566 73720at50557         -            229   7.3e-40  135.5   0.1   1   1   1.9e-41   1.5e-39  134.5   0.0     1   147     6   155     6   172 0.83 -
70122at50557_56086_0:00188d|STRG.4541.1:0-347|+       -            116 73720at50557         -            229   8.3e-40  135.4   0.1   1   1   1.2e-41   9.3e-40  135.2   0.1     1   110     6   116     6   116 0.97 -
70122at50557_56086_0:00188d|STRG.4541.2:0-347|+       -            116 73720at50557         -            229   8.3e-40  135.4   0.1   1   1   1.2e-41   9.3e-40  135.2   0.1     1   110     6   116     6   116 0.97 -
70122at50557_56086_0:00188d|STRG.4541.3:609-956|+     -            116 73720at50557         -            229   8.3e-40  135.4   0.1   1   1   1.2e-41   9.3e-40  135.2   0.1     1   110     6   116     6   116 0.97 -
70122at50557_56086_0:00188d|STRG.4541.4:661-1008|+    -            116 73720at50557         -            229   8.3e-40  135.4   0.1   1   1   1.2e-41   9.3e-40  135.2   0.1     1   110     6   116     6   116 0.97 -
70122at50557_197043_0:006b82|STRG.990.3:15-350|+      -            112 73720at50557         -            229   1.2e-39  134.9   0.0   1   1   1.7e-41   1.3e-39  134.7   0.0     2   110     3   112     2   112 0.97 -
105732at50557_246812_0:0033b1|STRG.990.1:268-1608|+   -            447 73720at50557         -            229   2.3e-39  133.9   0.1   1   1   5.1e-41     4e-39  133.1   0.1     2   117     3   119     2   134 0.93 -
105732at50557_246812_0:0033b1|STRG.990.2:268-1608|+   -            447 73720at50557         -            229   2.3e-39  133.9   0.1   1   1   5.1e-41     4e-39  133.1   0.1     2   117     3   119     2   134 0.93 -
68878at50557_121845_0:001d53|STRG.19603.1:425-748|-   -            108 73720at50557         -            229   4.5e-38  129.7   0.5   1   1   6.3e-40   4.9e-38  129.6   0.5     2   101     6   106     5   108 0.96 -
70122at50557_197043_0:006b82|STRG.10740.1:1464-1787|+ -            108 73720at50557         -            229   2.2e-37  127.4   0.1   1   1   3.1e-39   2.4e-37  127.3   0.1     4   109     2   108     1   108 0.98 -
70122at50557_197043_0:006b82|STRG.10740.2:795-1118|+  -            108 73720at50557         -            229   2.2e-37  127.4   0.1   1   1   3.1e-39   2.4e-37  127.3   0.1     4   109     2   108     1   108 0.98 -
70122at50557_197043_0:006b82|STRG.8833.1:230-577|+    -            116 73720at50557         -            229   3.1e-37  127.0   0.1   1   1   4.4e-39   3.4e-37  126.8   0.1     2   110     6   115     5   116 0.97 -
70122at50557_197043_0:006b82|STRG.8833.2:230-577|+    -            116 73720at50557         -            229   3.1e-37  127.0   0.1   1   1   4.4e-39   3.4e-37  126.8   0.1     2   110     6   115     5   116 0.97 -
70122at50557_246812_0:0007a3|STRG.23852.3:924-1667|+  -            248 73720at50557         -            229   4.6e-37  126.4   0.0   1   1   7.5e-39   5.9e-37  126.0   0.0     1   111     2   113     2   141 0.95 -
70122at50557_246812_0:0007a3|STRG.23852.4:924-1667|+  -            248 73720at50557         -            229   4.6e-37  126.4   0.0   1   1   7.5e-39   5.9e-37  126.0   0.0     1   111     2   113     2   141 0.95 -
70122at50557_246812_0:0007a3|STRG.23852.5:924-1667|+  -            248 73720at50557         -            229   4.6e-37  126.4   0.0   1   1   7.5e-39   5.9e-37  126.0   0.0     1   111     2   113     2   141 0.95 -
68878at50557_307491_0:0030a6|STRG.12913.1:141-1172|+  -            344 73720at50557         -            229   6.3e-37  125.9   0.0   1   1     1e-38   8.2e-37  125.6   0.0     1   119     2   120     2   150 0.91 -
68878at50557_121845_0:001d53|STRG.606.5:52-463|+      -            114 73720at50557         -            229   7.3e-37  125.7   0.3   1   1     1e-38   8.1e-37  125.6   0.3     2   109     6   114     5   114 0.97 -
68878at50557_121845_0:001d53|STRG.606.1:227-568|+     -            114 73720at50557         -            229   7.7e-37  125.7   0.3   1   1   1.1e-38   8.6e-37  125.5   0.3     2   109     6   114     5   114 0.97 -
68878at50557_121845_0:001d53|STRG.606.2:380-721|+     -            114 73720at50557         -            229   7.7e-37  125.7   0.3   1   1   1.1e-38   8.6e-37  125.5   0.3     2   109     6   114     5   114 0.97 -
68878at50557_121845_0:001d53|STRG.606.3:221-562|+     -            114 73720at50557         -            229   7.7e-37  125.7   0.3   1   1   1.1e-38   8.6e-37  125.5   0.3     2   109     6   114     5   114 0.97 -
68878at50557_121845_0:001d53|STRG.606.4:246-587|+     -            114 73720at50557         -            229   7.7e-37  125.7   0.3   1   1   1.1e-38   8.6e-37  125.5   0.3     2   109     6   114     5   114 0.97 -
70122at50557_286706_0:000bf4|STRG.23852.6:27-1079|+   -            351 73720at50557         -            229   9.8e-37  125.3   0.0   1   1   1.7e-38   1.3e-36  124.9   0.0     1   111     5   116     5   140 0.95 -
70122at50557_34740_0:00443e|STRG.23852.2:924-2069|+   -            382 73720at50557         -            229   1.1e-36  125.2   0.0   1   1     2e-38   1.6e-36  124.6   0.0     1   111     2   113     2   137 0.95 -
70122at50557_7130_0:001fba|STRG.23852.1:924-2171|+    -            416 73720at50557         -            229   1.3e-36  124.9   0.0   1   1   2.4e-38   1.9e-36  124.4   0.0     1   111     2   113     2   133 0.95 -
70122at50557_197043_0:006b82|STRG.23349.2:196-522|+   -            109 73720at50557         -            229   1.4e-36  124.8   0.0   1   1     2e-38   1.6e-36  124.7   0.0     4   109     2   108     1   109 0.97 -
68878at50557_29031_0:000dd0|STRG.11059.1:204-608|+    -            135 73720at50557         -            229   1.7e-36  124.6   0.1   1   1   2.5e-38   1.9e-36  124.4   0.1     1   112     4   119     4   129 0.92 -
68878at50557_29031_0:000dd0|STRG.11059.2:360-764|+    -            135 73720at50557         -            229   1.7e-36  124.6   0.1   1   1   2.5e-38   1.9e-36  124.4   0.1     1   112     4   119     4   129 0.92 -
70122at50557_51655_0:0018b8|STRG.23349.1:196-1362|+   -            389 73720at50557         -            229   5.1e-36  123.0   0.0   1   1   8.3e-38   6.5e-36  122.6   0.0     4   118     2   117     1   176 0.83 -
70122at50557_7091_0:0008c7|STRG.4653.3:9-1196|+       -            396 73720at50557         -            229   3.1e-35  120.4   0.0   1   1   5.5e-37   4.3e-35  119.9   0.0     1   161     2   162     2   180 0.83 -
70122at50557_7091_0:0008c7|STRG.4653.4:9-1253|+       -            415 73720at50557         -            229   3.4e-35  120.3   0.0   1   1   6.2e-37   4.8e-35  119.8   0.0     1   161     2   162     2   180 0.83 -
70122at50557_7091_0:0008c7|STRG.4653.2:9-1256|+       -            416 73720at50557         -            229   3.4e-35  120.3   0.0   1   1   6.2e-37   4.9e-35  119.8   0.0     1   161     2   162     2   180 0.83 -
70122at50557_56086_0:00188d|STRG.4653.1:384-737|+     -            118 73720at50557         -            229   1.1e-34  118.6   0.1   1   1   1.5e-36   1.2e-34  118.5   0.1     1   111     5   116     5   118 0.97 -
70122at50557_56086_0:00188d|STRG.4653.5:0-436|+       -            118 73720at50557         -            229   1.1e-34  118.6   0.1   1   1   1.5e-36   1.2e-34  118.5   0.1     1   111     5   116     5   118 0.97 -
70122at50557_56086_0:00188d|STRG.4653.6:0-436|+       -            118 73720at50557         -            229   1.1e-34  118.6   0.1   1   1   1.5e-36   1.2e-34  118.5   0.1     1   111     5   116     5   118 0.97 -
68878at50557_29031_0:000dd0|STRG.786.1:0-344|+        -            115 73720at50557         -            229   9.2e-34  115.6   0.0   1   1   1.3e-35     1e-33  115.5   0.0     2   109     6   114     5   115 0.97 -
106896at50557_103372_0:001755|STRG.6234.1:881-2533|+  -            551 73720at50557         -            229   1.4e-30  105.2   0.0   1   1   2.9e-32   2.3e-30  104.5   0.0     2   147    43   189    42   193 0.88 -
70122at50557_56086_0:00188d|STRG.2444.1:154-486|+     -            111 73720at50557         -            229   2.4e-30  104.4   0.2   1   1   3.4e-32   2.7e-30  104.3   0.2     2   109     3   111     2   111 0.97 -
70122at50557_56086_0:00188d|STRG.2444.2:154-486|+     -            111 73720at50557         -            229   2.4e-30  104.4   0.2   1   1   3.4e-32   2.7e-30  104.3   0.2     2   109     3   111     2   111 0.97 -
70122at50557_56086_0:00188d|STRG.18789.1:101-457|+    -            119 73720at50557         -            229   4.6e-30  103.5   0.0   1   1   6.9e-32   5.5e-30  103.3   0.0     2   111     3   114     2   117 0.95 -
70122at50557_197043_0:006b82|STRG.20022.1:370-741|+   -            124 73720at50557         -            229   1.1e-26   92.4   0.0   1   1   1.7e-28   1.3e-26   92.2   0.0     2   113     3   115     2   120 0.96 -
70122at50557_197043_0:006b82|STRG.20022.2:370-741|+   -            124 73720at50557         -            229   1.1e-26   92.4   0.0   1   1   1.7e-28   1.3e-26   92.2   0.0     2   113     3   115     2   120 0.96 -
70122at50557_56086_0:00188d|STRG.14983.4:357-677|+    -            107 73720at50557         -            229   1.6e-26   91.9   0.2   1   1   2.2e-28   1.7e-26   91.8   0.2     4   109     1   107     1   107 0.96 -
106896at50557_34720_0:0025d6|STRG.6234.2:864-2300|+   -            479 73720at50557         -            229     2e-19   68.7   0.0   1   1   4.4e-21   3.4e-19   67.9   0.0    38   147     3   113     1   117 0.85 -
68878at50557_29031_0:000dd0|STRG.20147.1:100-426|+    -            109 73720at50557         -            229   1.6e-15   55.9   0.2   1   1   2.2e-17   1.7e-15   55.8   0.2     8   108     3   106     1   109 0.84 -
39871at50557_166423_0:000a2c|STRG.10284.1:3378-4765|+ -            461 73720at50557         -            229   5.4e-14   50.9   0.0   1   1   1.4e-15   1.1e-13   50.0   0.0     4   126    10   135     7   157 0.82 -
39871at50557_166423_0:000a2c|STRG.10284.2:686-2073|+  -            461 73720at50557         -            229   5.4e-14   50.9   0.0   1   1   1.4e-15   1.1e-13   50.0   0.0     4   126    10   135     7   157 0.82 -
40442at50557_1155016_0:000337|STRG.22779.1:638-1234|+ -            199 73720at50557         -            229   4.5e-12   44.7   1.4   1   2   7.5e-14   5.9e-12   44.3   0.2    28   109     1    85     1   103 0.85 -
40442at50557_1155016_0:000337|STRG.22779.1:638-1234|+ -            199 73720at50557         -            229   4.5e-12   44.7   1.4   2   2       5.5   4.3e+02   -1.1   0.1    20    54   140   173   123   190 0.61 -
68878at50557_29031_0:000dd0|STRG.4067.1:189-521|+     -            111 73720at50557         -            229   1.2e-11   43.3   0.0   1   1   1.7e-13   1.3e-11   43.1   0.0    20   107    17   111     8   111 0.82 -
68878at50557_29031_0:000dd0|STRG.4067.2:189-521|+     -            111 73720at50557         -            229   1.2e-11   43.3   0.0   1   1   1.7e-13   1.3e-11   43.1   0.0    20   107    17   111     8   111 0.82 -
68878at50557_29031_0:000dd0|STRG.18156.2:587-910|+    -            108 73720at50557         -            229   2.9e-08   32.2   0.0   1   1   4.5e-10   3.5e-08   31.9   0.0    14   109     6   105     2   107 0.80 -
70122at50557_56086_0:00188d|STRG.17997.3:278-601|+    -            108 73720at50557         -            229   8.1e-08   30.7   0.0   1   1   1.2e-09   9.3e-08   30.5   0.0    23   109    15   106     8   108 0.78 -
40442at50557_121225_0:0005ca|STRG.15241.1:588-1760|+  -            391 73720at50557         -            229   5.4e-07   28.0   0.0   1   1   1.1e-08   8.6e-07   27.4   0.0    18    99     2    86     1   101 0.79 -
40442at50557_121225_0:0005ca|STRG.15241.2:588-1760|+  -            391 73720at50557         -            229   5.4e-07   28.0   0.0   1   1   1.1e-08   8.6e-07   27.4   0.0    18    99     2    86     1   101 0.79 -
40442at50557_121225_0:0005ca|STRG.15241.3:66-1238|+   -            391 73720at50557         -            229   5.4e-07   28.0   0.0   1   1   1.1e-08   8.6e-07   27.4   0.0    18    99     2    86     1   101 0.79 -
127753at50557_34720_0:001117|STRG.9967.1:483-4827|+   -           1435 73720at50557         -            229     7e-07   27.6   1.9   1   2   0.00043     0.034   12.3   0.0   145   185   552   592   536   599 0.91 -
127753at50557_34720_0:001117|STRG.9967.1:483-4827|+   -           1435 73720at50557         -            229     7e-07   27.6   1.9   2   2   0.00057     0.045   11.9   2.6   116   189   949  1020   931  1037 0.75 -
127753at50557_34720_0:001117|STRG.9967.2:483-4827|+   -           1435 73720at50557         -            229     7e-07   27.6   1.9   1   2   0.00043     0.034   12.3   0.0   145   185   552   592   536   599 0.91 -
127753at50557_34720_0:001117|STRG.9967.2:483-4827|+   -           1435 73720at50557         -            229     7e-07   27.6   1.9   2   2   0.00057     0.045   11.9   2.6   116   189   949  1020   931  1037 0.75 -
40442at50557_103372_0:0005ec|STRG.13097.2:0-1505|+    -            502 73720at50557         -            229   5.5e-05   21.4   0.1   1   1   1.2e-06   9.1e-05   20.7   0.1    13   111    45   149    35   159 0.81 -
40442at50557_103372_0:0005ec|STRG.13097.1:320-1711|+  -            464 73720at50557         -            229   6.9e-05   21.1   0.1   1   1   1.5e-06   0.00012   20.4   0.1    14   111     8   111     2   121 0.82 -
70122at50557_13686_0:000d36|STRG.21008.1:654-1238|+   -            195 73720at50557         -            229   0.00012   20.4   0.0   1   2   0.00087     0.068   11.3   0.0    24    94     5    80     1    91 0.79 -
70122at50557_13686_0:000d36|STRG.21008.1:654-1238|+   -            195 73720at50557         -            229   0.00012   20.4   0.0   2   2     0.017       1.3    7.1   0.0    38    57   142   161   138   169 0.85 -
116554at50557_29031_0:00078e|STRG.5416.2:744-2171|+   -            476 73720at50557         -            229   0.00041   18.6   0.0   1   1     9e-06   0.00071   17.8   0.0    74   112    23    61    11    71 0.86 -
116554at50557_29031_0:00078e|STRG.5416.1:255-1796|+   -            514 73720at50557         -            229   0.00046   18.4   0.0   1   1     1e-05   0.00078   17.7   0.0    74   112    23    61    11    71 0.86 -
127753at50557_211228_0:00078e|STRG.9967.3:483-2465|+  -            661 73720at50557         -            229    0.0072   14.5   0.0   1   1   0.00017     0.013   13.6   0.0   145   185   552   592   535   599 0.91 -
127753at50557_211228_0:00078e|STRG.9967.4:483-2482|+  -            661 73720at50557         -            229    0.0072   14.5   0.0   1   1   0.00017     0.013   13.6   0.0   145   185   552   592   535   599 0.91 -
116554at50557_29031_0:00078e|STRG.14898.1:1063-2505|+ -            481 73720at50557         -            229     0.015   13.5   1.3   1   2   0.00049     0.039   12.1   0.0    73   110    22    59     7    77 0.82 -
116554at50557_29031_0:00078e|STRG.14898.1:1063-2505|+ -            481 73720at50557         -            229     0.015   13.5   1.3   2   2       4.6   3.6e+02   -0.8   0.0    45    66   185   207   138   220 0.70 -
116554at50557_29031_0:00078e|STRG.14898.2:1761-3203|+ -            481 73720at50557         -            229     0.015   13.5   1.3   1   2   0.00049     0.039   12.1   0.0    73   110    22    59     7    77 0.82 -
116554at50557_29031_0:00078e|STRG.14898.2:1761-3203|+ -            481 73720at50557         -            229     0.015   13.5   1.3   2   2       4.6   3.6e+02   -0.8   0.0    45    66   185   207   138   220 0.70 -
#
# Program:         hmmsearch
# Version:         3.4 (Aug 2023)
# Pipeline mode:   SEARCH
# Query file:      /home/justine/projet_tutore/busco_downloads/lineages/insecta_odb10/hmms/73720at50557.hmm
# Target file:     annotation_analysis/annotation_gca/T_cornetzi/busco_output/run_insecta_odb10/metaeuk_output/initial_results/assembled_transcripts.fasta.modified.fas
# Option settings: hmmsearch --domtblout annotation_analysis/annotation_gca/T_cornetzi/busco_output/run_insecta_odb10/hmmer_output/initial_run_results/73720at50557.out --cpu 1 /home/justine/projet_tutore/busco_downloads/lineages/insecta_odb10/hmms/73720at50557.hmm annotation_analysis/annotation_gca/T_cornetzi/busco_output/run_insecta_odb10/metaeuk_output/initial_results/assembled_transcripts.fasta.modified.fas 
# Current dir:     /home/justine/projet_tutore
# Date:            Sun Dec  1 22:19:44 2024
# [ok]
