#                                                                                                              --- full sequence --- -------------- this domain -------------   hmm coord   ali coord   env coord
# target name                                          accession   tlen query name           accession   qlen   E-value  score  bias   #  of  c-Evalue  i-Evalue  score  bias  from    to  from    to  from    to  acc description of target
#                                  ------------------- ---------- ----- -------------------- ---------- ----- --------- ------ ----- --- --- --------- --------- ------ ----- ----- ----- ----- ----- ----- ----- ---- ---------------------
80653at50557_37344_0:001bee|STRG.14344.1:413-1426|+    -            338 80653at50557         -            262    2e-129  429.3   0.0   1   1  1.2e-131    1e-128  427.0   0.0     1   262     1   332     1   332 0.90 -
80653at50557_166361_0:000c0d|STRG.23974.3:6-851|+      -            282 80653at50557         -            262   4.3e-18   64.4   0.1   1   1   1.1e-18   9.5e-16   56.7   0.1    49   218    69   275     1   279 0.75 -
80653at50557_37344_0:001bee|STRG.23974.1:717-1361|+    -            215 80653at50557         -            262     1e-13   50.0   0.0   1   2     0.044        40    2.2   0.0     6    35     2    32     1    65 0.73 -
80653at50557_37344_0:001bee|STRG.23974.1:717-1361|+    -            215 80653at50557         -            262     1e-13   50.0   0.0   2   2   1.8e-15   1.6e-12   46.1   0.0    50   169    70   205    61   215 0.76 -
80653at50557_1218281_0:002942|STRG.23974.2:1042-1431|+ -            130 80653at50557         -            262     2e-12   45.8   0.0   1   1   2.4e-15   2.2e-12   45.7   0.0    68   170     6   121     1   130 0.77 -
80653at50557_1049336_0:0038df|STRG.8834.2:267-980|+    -            238 80653at50557         -            262   3.6e-11   41.7   1.2   1   1   2.6e-13   2.3e-10   39.0   1.2    65   244    16   236     1   238 0.69 -
80653at50557_1049336_0:0038df|STRG.8834.3:254-967|+    -            238 80653at50557         -            262   3.6e-11   41.7   1.2   1   1   2.6e-13   2.3e-10   39.0   1.2    65   244    16   236     1   238 0.69 -
80653at50557_1049336_0:0038df|STRG.8834.4:450-1163|+   -            238 80653at50557         -            262   3.6e-11   41.7   1.2   1   1   2.6e-13   2.3e-10   39.0   1.2    65   244    16   236     1   238 0.69 -
80653at50557_1049336_0:0038df|STRG.8834.5:224-937|+    -            238 80653at50557         -            262   3.6e-11   41.7   1.2   1   1   2.6e-13   2.3e-10   39.0   1.2    65   244    16   236     1   238 0.69 -
80653at50557_1049336_0:0038df|STRG.8834.1:1224-2147|+  -            308 80653at50557         -            262   5.6e-11   41.1   1.2   1   1   4.6e-13   4.1e-10   38.2   1.2    65   244    86   306    64   308 0.68 -
#
# Program:         hmmsearch
# Version:         3.4 (Aug 2023)
# Pipeline mode:   SEARCH
# Query file:      /home/justine/projet_tutore/busco_downloads/lineages/insecta_odb10/hmms/80653at50557.hmm
# Target file:     annotation_analysis/annotation_gca/T_cornetzi/busco_output/run_insecta_odb10/metaeuk_output/initial_results/assembled_transcripts.fasta.modified.fas
# Option settings: hmmsearch --domtblout annotation_analysis/annotation_gca/T_cornetzi/busco_output/run_insecta_odb10/hmmer_output/initial_run_results/80653at50557.out --cpu 1 /home/justine/projet_tutore/busco_downloads/lineages/insecta_odb10/hmms/80653at50557.hmm annotation_analysis/annotation_gca/T_cornetzi/busco_output/run_insecta_odb10/metaeuk_output/initial_results/assembled_transcripts.fasta.modified.fas 
# Current dir:     /home/justine/projet_tutore
# Date:            Sun Dec  1 22:20:10 2024
# [ok]
