#                                                                                                           --- full sequence --- -------------- this domain -------------   hmm coord   ali coord   env coord
# target name                                       accession   tlen query name           accession   qlen   E-value  score  bias   #  of  c-Evalue  i-Evalue  score  bias  from    to  from    to  from    to  acc description of target
#                               ------------------- ---------- ----- -------------------- ---------- ----- --------- ------ ----- --- --- --------- --------- ------ ----- ----- ----- ----- ----- ----- ----- ---- ---------------------
80760at50557_91411_0:0003e9|STRG.15262.1:0-932|+    -            311 80760at50557         -            245    4e-139  460.9   7.6   1   1    3e-139  3.5e-136  451.3   7.6     1   245     1   311     1   311 0.89 -
80760at50557_91411_0:0003e9|STRG.15262.2:104-931|+  -            276 80760at50557         -            245  1.1e-115  384.1   6.9   1   1    1e-115  1.2e-112  374.2   6.9     1   210     1   276     1   276 0.87 -
80760at50557_91411_0:0003e9|STRG.15262.3:88-915|+   -            276 80760at50557         -            245  1.1e-115  384.1   6.9   1   1    1e-115  1.2e-112  374.2   6.9     1   210     1   276     1   276 0.87 -
78394at50557_103372_0:00085a|STRG.3351.3:0-1034|+   -            345 80760at50557         -            245   1.3e-23   82.6   0.1   1   2   0.00073      0.85    7.9   0.1    20    40    57    77    54    96 0.88 -
78394at50557_103372_0:00085a|STRG.3351.3:0-1034|+   -            345 80760at50557         -            245   1.3e-23   82.6   0.1   2   2   1.4e-23   1.6e-20   72.4   0.0    45   196   108   265   101   277 0.88 -
78394at50557_520822_0:002720|STRG.3351.2:148-1278|+ -            365 80760at50557         -            245   1.5e-23   82.4   0.1   1   2   0.00079      0.91    7.8   0.1    20    40    77    97    74   116 0.88 -
78394at50557_520822_0:002720|STRG.3351.2:148-1278|+ -            365 80760at50557         -            245   1.5e-23   82.4   0.1   2   2   1.5e-23   1.8e-20   72.3   0.0    45   196   128   285   116   297 0.88 -
78394at50557_520822_0:002720|STRG.3351.1:148-1378|+ -            365 80760at50557         -            245   1.6e-23   82.3   0.1   1   2   0.00079      0.91    7.8   0.1    20    40    77    97    74   116 0.88 -
78394at50557_520822_0:002720|STRG.3351.1:148-1378|+ -            365 80760at50557         -            245   1.6e-23   82.3   0.1   2   2   1.5e-23   1.8e-20   72.3   0.0    45   196   128   285   116   297 0.88 -
90744at50557_104421_0:000efb|STRG.5761.1:0-959|+    -            320 80760at50557         -            245    0.0026   16.1   0.0   1   1   4.8e-06    0.0056   15.0   0.0    42   106    63   126    54   132 0.75 -
#
# Program:         hmmsearch
# Version:         3.4 (Aug 2023)
# Pipeline mode:   SEARCH
# Query file:      /home/justine/projet_tutore/busco_downloads/lineages/insecta_odb10/hmms/80760at50557.hmm
# Target file:     annotation_analysis/annotation_gca/T_cornetzi/busco_output/run_insecta_odb10/metaeuk_output/initial_results/assembled_transcripts.fasta.modified.fas
# Option settings: hmmsearch --domtblout annotation_analysis/annotation_gca/T_cornetzi/busco_output/run_insecta_odb10/hmmer_output/initial_run_results/80760at50557.out --cpu 1 /home/justine/projet_tutore/busco_downloads/lineages/insecta_odb10/hmms/80760at50557.hmm annotation_analysis/annotation_gca/T_cornetzi/busco_output/run_insecta_odb10/metaeuk_output/initial_results/assembled_transcripts.fasta.modified.fas 
# Current dir:     /home/justine/projet_tutore
# Date:            Sun Dec  1 22:20:10 2024
# [ok]
