#                                                                                                             --- full sequence --- -------------- this domain -------------   hmm coord   ali coord   env coord
# target name                                         accession   tlen query name           accession   qlen   E-value  score  bias   #  of  c-Evalue  i-Evalue  score  bias  from    to  from    to  from    to  acc description of target
#                                 ------------------- ---------- ----- -------------------- ---------- ----- --------- ------ ----- --- --- --------- --------- ------ ----- ----- ----- ----- ----- ----- ----- ---- ---------------------
81145at50557_104421_0:001dae|STRG.10307.1:221-1138|+  -            306 81145at50557         -            259    1e-150  499.6  10.0   1   1  8.7e-153  2.4e-150  498.3  10.0     1   259     1   296     1   296 0.91 -
81145at50557_104421_0:001dae|STRG.10307.2:399-1316|+  -            306 81145at50557         -            259    1e-150  499.6  10.0   1   1  8.7e-153  2.4e-150  498.3  10.0     1   259     1   296     1   296 0.91 -
59918at50557_456900_0:001767|STRG.7417.5:0-1193|+     -            398 81145at50557         -            259   1.4e-11   43.5   2.1   1   2   5.2e-09   1.4e-06   27.1   0.1     2   143    44   185    43   194 0.83 -
59918at50557_456900_0:001767|STRG.7417.5:0-1193|+     -            398 81145at50557         -            259   1.4e-11   43.5   2.1   2   2   9.6e-06    0.0027   16.3   0.2   137   191   200   254   184   293 0.80 -
59918at50557_286306_0:00078b|STRG.7417.1:8-1403|+     -            413 81145at50557         -            259   1.4e-11   43.5   2.0   1   1   3.4e-11   9.6e-09   34.2   1.9     2   191    60   270    59   309 0.74 -
59918at50557_286306_0:00078b|STRG.7417.3:8-1520|+     -            414 81145at50557         -            259   1.6e-11   43.3   2.2   1   1     4e-11   1.1e-08   34.0   2.1     2   191    60   270    59   309 0.74 -
59918at50557_286306_0:00078b|STRG.7417.2:8-1400|+     -            412 81145at50557         -            259     2e-09   36.4   2.1   1   2   7.4e-07   0.00021   20.0   0.1     3   143    61   200    59   211 0.82 -
59918at50557_286306_0:00078b|STRG.7417.2:8-1400|+     -            412 81145at50557         -            259     2e-09   36.4   2.1   2   2   1.1e-05    0.0031   16.1   0.2   137   190   215   268   199   296 0.80 -
59918at50557_286306_0:00078b|STRG.7417.4:8-1320|+     -            412 81145at50557         -            259     2e-09   36.4   2.1   1   2   7.4e-07   0.00021   20.0   0.1     3   143    61   200    59   211 0.82 -
59918at50557_286306_0:00078b|STRG.7417.4:8-1320|+     -            412 81145at50557         -            259     2e-09   36.4   2.1   2   2   1.1e-05    0.0031   16.1   0.2   137   190   215   268   199   296 0.80 -
109573at50557_103372_0:0023c7|STRG.24272.1:0-653|+    -            218 81145at50557         -            259   3.8e-05   22.4   0.0   1   1   1.6e-07   4.6e-05   22.1   0.0     5   150    12   155     8   185 0.76 -
108755at50557_326594_0:001f82|STRG.11232.2:249-707|+  -            153 81145at50557         -            259   0.00021   20.0   0.1   1   1   8.4e-07   0.00023   19.8   0.1     3   129    23   145    21   153 0.77 -
108755at50557_121225_0:0004e7|STRG.11232.1:310-801|+  -            164 81145at50557         -            259   0.00043   19.0   0.0   1   1   1.8e-06   0.00049   18.7   0.0     3   126     4   123     2   151 0.75 -
108755at50557_28612_0:002c6d|STRG.19337.1:27-620|+    -            198 81145at50557         -            259   0.00099   17.8   0.2   1   1   4.2e-06    0.0012   17.5   0.2     4   123     1   117     1   167 0.82 -
129498at50557_166361_0:0004c6|STRG.16916.2:185-733|+  -            183 81145at50557         -            259     0.002   16.8   0.0   1   1   7.9e-06    0.0022   16.6   0.0     4   131     1   122     1   177 0.79 -
118237at50557_13164_0:001264|STRG.9953.1:39-512|+     -            158 81145at50557         -            259     0.002   16.8   0.0   1   1   8.8e-06    0.0025   16.5   0.0     4   101     6    94     3   117 0.78 -
106023at50557_37001_0:0016d5|STRG.21730.3:3-512|+     -            170 81145at50557         -            259     0.002   16.7   0.0   1   1   7.9e-06    0.0022   16.6   0.0     4    91     9    91     4   153 0.75 -
106023at50557_7176_0:002083|STRG.21730.2:639-1157|+   -            173 81145at50557         -            259    0.0021   16.7   0.0   1   1   8.3e-06    0.0023   16.5   0.0     4    91    12    94     7   156 0.75 -
106023at50557_104688_0:002b29|STRG.21730.1:69-605|+   -            179 81145at50557         -            259    0.0023   16.6   0.0   1   1   9.3e-06    0.0026   16.4   0.0     4    91    18   100    13   161 0.75 -
109573at50557_1507135_0:000e82|STRG.8716.1:134-727|+  -            198 81145at50557         -            259    0.0034   16.0   0.0   1   1   2.2e-05    0.0062   15.1   0.0     4   108     1   105     1   114 0.79 -
104262at50557_132113_0:00109a|STRG.9789.1:446-922|+   -            159 81145at50557         -            259    0.0066   15.1   0.1   1   1   2.8e-05    0.0079   14.8   0.1     4   105     8   104     6   143 0.79 -
107216at50557_103372_0:00094d|STRG.13165.1:3-434|+    -            144 81145at50557         -            259    0.0068   15.0   0.0   1   1     3e-05    0.0083   14.7   0.0    52   166     9   123     5   135 0.77 -
129498at50557_7222_0:00242d|STRG.16916.1:367-827|+    -            151 81145at50557         -            259     0.011   14.4   0.1   1   1   6.1e-05     0.017   13.7   0.1     4   130     5   121     2   143 0.75 -
107216at50557_7038_0:002032|STRG.11722.1:359-892|+    -            178 81145at50557         -            259     0.016   13.8   0.0   1   1   8.1e-05     0.023   13.3   0.0     3   130    17   141    15   161 0.72 -
107216at50557_7038_0:002032|STRG.11722.3:655-1188|+   -            178 81145at50557         -            259     0.016   13.8   0.0   1   1   8.1e-05     0.023   13.3   0.0     3   130    17   141    15   161 0.72 -
129498at50557_7004_0:000522|STRG.13052.1:205-561|+    -            119 81145at50557         -            259     0.016   13.8   0.0   1   1   6.8e-05     0.019   13.5   0.0    39   100    42   105     2   112 0.53 -
107216at50557_197043_0:004b88|STRG.6952.1:3516-3896|+ -            127 81145at50557         -            259      0.02   13.5   0.0   1   1   9.7e-05     0.027   13.1   0.0     3    62     8    68     6    83 0.75 -
104262at50557_132113_0:00109a|STRG.2420.1:233-742|+   -            170 81145at50557         -            259     0.023   13.3   0.1   1   1    0.0002     0.056   12.0   0.1     4   106    18   115    16   145 0.69 -
104262at50557_132113_0:00109a|STRG.2420.2:619-1128|+  -            170 81145at50557         -            259     0.023   13.3   0.1   1   1    0.0002     0.056   12.0   0.1     4   106    18   115    16   145 0.69 -
106023at50557_7038_0:002188|STRG.16916.3:297-839|+    -            181 81145at50557         -            259     0.026   13.1   0.0   1   1   0.00011      0.03   12.9   0.0    51   130    69   144    25   171 0.78 -
129498at50557_166361_0:0004c6|STRG.16916.4:3-524|+    -            174 81145at50557         -            259     0.033   12.8   0.0   1   1   0.00013     0.036   12.6   0.0    52   131    38   113    20   169 0.85 -
118237at50557_28612_0:004a80|STRG.7051.1:51-539|+     -            163 81145at50557         -            259      0.07   11.7   0.0   1   1   0.00026     0.072   11.7   0.0    49   108    42    96     1   144 0.67 -
#
# Program:         hmmsearch
# Version:         3.4 (Aug 2023)
# Pipeline mode:   SEARCH
# Query file:      /home/justine/projet_tutore/busco_downloads/lineages/insecta_odb10/hmms/81145at50557.hmm
# Target file:     annotation_analysis/annotation_gca/T_cornetzi/busco_output/run_insecta_odb10/metaeuk_output/initial_results/assembled_transcripts.fasta.modified.fas
# Option settings: hmmsearch --domtblout annotation_analysis/annotation_gca/T_cornetzi/busco_output/run_insecta_odb10/hmmer_output/initial_run_results/81145at50557.out --cpu 1 /home/justine/projet_tutore/busco_downloads/lineages/insecta_odb10/hmms/81145at50557.hmm annotation_analysis/annotation_gca/T_cornetzi/busco_output/run_insecta_odb10/metaeuk_output/initial_results/assembled_transcripts.fasta.modified.fas 
# Current dir:     /home/justine/projet_tutore
# Date:            Sun Dec  1 22:20:11 2024
# [ok]
