#                                                                                                            --- full sequence --- -------------- this domain -------------   hmm coord   ali coord   env coord
# target name                                        accession   tlen query name           accession   qlen   E-value  score  bias   #  of  c-Evalue  i-Evalue  score  bias  from    to  from    to  from    to  acc description of target
#                                ------------------- ---------- ----- -------------------- ---------- ----- --------- ------ ----- --- --- --------- --------- ------ ----- ----- ----- ----- ----- ----- ----- ---- ---------------------
81510at50557_520822_0:00277d|STRG.2303.2:0-1775|+    -            592 81510at50557         -            304  7.9e-114  378.7   3.0   1   3   2.8e-13   4.6e-10   37.9   0.2     1    54   115   186   115   190 0.74 -
81510at50557_520822_0:00277d|STRG.2303.2:0-1775|+    -            592 81510at50557         -            304  7.9e-114  378.7   3.0   2   3   8.5e-29   1.4e-25   88.9   0.3    53   122   271   350   253   366 0.85 -
81510at50557_520822_0:00277d|STRG.2303.2:0-1775|+    -            592 81510at50557         -            304  7.9e-114  378.7   3.0   3   3   1.8e-77   2.8e-74  248.8   0.0   118   303   367   584   351   585 0.89 -
81510at50557_520822_0:00277d|STRG.2303.1:735-1964|+  -            410 81510at50557         -            304  1.5e-102  341.6   0.3   1   2   4.8e-29   7.7e-26   89.7   0.3    53   122    89   168    71   184 0.85 -
81510at50557_520822_0:00277d|STRG.2303.1:735-1964|+  -            410 81510at50557         -            304  1.5e-102  341.6   0.3   2   2   7.3e-78   1.2e-74  250.0   0.0   118   303   185   402   169   403 0.89 -
81510at50557_29058_0:0013dd|STRG.20578.1:320-1750|+  -            477 81510at50557         -            304   3.1e-14   51.7   0.0   1   1   3.1e-17   5.1e-14   50.9   0.0    74   280   241   449   230   456 0.80 -
81510at50557_29058_0:0013dd|STRG.20578.2:0-1430|+    -            477 81510at50557         -            304   3.1e-14   51.7   0.0   1   1   3.1e-17   5.1e-14   50.9   0.0    74   280   241   449   230   456 0.80 -
81510at50557_1155016_0:002a74|STRG.20578.3:137-355|+ -             73 81510at50557         -            304     0.013   13.5   0.0   1   1   8.3e-06     0.013   13.4   0.0   192   261     1    73     1    73 0.78 -
#
# Program:         hmmsearch
# Version:         3.4 (Aug 2023)
# Pipeline mode:   SEARCH
# Query file:      /home/justine/projet_tutore/busco_downloads/lineages/insecta_odb10/hmms/81510at50557.hmm
# Target file:     annotation_analysis/annotation_gca/T_cornetzi/busco_output/run_insecta_odb10/metaeuk_output/initial_results/assembled_transcripts.fasta.modified.fas
# Option settings: hmmsearch --domtblout annotation_analysis/annotation_gca/T_cornetzi/busco_output/run_insecta_odb10/hmmer_output/initial_run_results/81510at50557.out --cpu 1 /home/justine/projet_tutore/busco_downloads/lineages/insecta_odb10/hmms/81510at50557.hmm annotation_analysis/annotation_gca/T_cornetzi/busco_output/run_insecta_odb10/metaeuk_output/initial_results/assembled_transcripts.fasta.modified.fas 
# Current dir:     /home/justine/projet_tutore
# Date:            Sun Dec  1 22:20:12 2024
# [ok]
