#                                                                                                             --- full sequence --- -------------- this domain -------------   hmm coord   ali coord   env coord
# target name                                         accession   tlen query name           accession   qlen   E-value  score  bias   #  of  c-Evalue  i-Evalue  score  bias  from    to  from    to  from    to  acc description of target
#                                 ------------------- ---------- ----- -------------------- ---------- ----- --------- ------ ----- --- --- --------- --------- ------ ----- ----- ----- ----- ----- ----- ----- ---- ---------------------
82016at50557_103372_0:000f18|STRG.19490.1:226-1437|+  -            404 82016at50557         -            289  4.5e-141  468.3  18.8   1   3   3.5e-88   1.6e-85  286.0   1.3     1   144     1   142     1   149 0.94 -
82016at50557_103372_0:000f18|STRG.19490.1:226-1437|+  -            404 82016at50557         -            289  4.5e-141  468.3  18.8   2   3   1.6e-59   7.2e-57  191.9   1.7   119   283   141   299   137   312 0.93 -
82016at50557_103372_0:000f18|STRG.19490.1:226-1437|+  -            404 82016at50557         -            289  4.5e-141  468.3  18.8   3   3     0.071        32    2.7   1.0   271   289   386   404   378   404 0.82 -
82016at50557_103372_0:000f18|STRG.19490.2:226-1377|+  -            384 82016at50557         -            289  2.7e-128  426.3  23.4   1   4   3.6e-88   1.6e-85  285.9   1.0     1   137     1   137     1   146 0.95 -
82016at50557_103372_0:000f18|STRG.19490.2:226-1377|+  -            384 82016at50557         -            289  2.7e-128  426.3  23.4   2   4   4.1e-47   1.9e-44  151.2   1.9   119   232   141   258   137   261 0.94 -
82016at50557_103372_0:000f18|STRG.19490.2:226-1377|+  -            384 82016at50557         -            289  2.7e-128  426.3  23.4   3   4   0.00038      0.17   10.2   0.1   256   283   251   279   250   285 0.84 -
82016at50557_103372_0:000f18|STRG.19490.2:226-1377|+  -            384 82016at50557         -            289  2.7e-128  426.3  23.4   4   4     0.071        32    2.7   1.0   271   289   366   384   360   384 0.82 -
99964at50557_520822_0:000e63|STRG.11018.1:1539-3110|+ -            524 82016at50557         -            289   7.8e-41  139.3   0.2   1   3   1.7e-43   7.8e-41  139.3   0.2     9   175    14   178     7   223 0.78 -
99964at50557_520822_0:000e63|STRG.11018.1:1539-3110|+ -            524 82016at50557         -            289   7.8e-41  139.3   0.2   2   3      0.73   3.3e+02   -0.6   0.6   126   168   267   309   236   337 0.54 -
99964at50557_520822_0:000e63|STRG.11018.1:1539-3110|+ -            524 82016at50557         -            289   7.8e-41  139.3   0.2   3   3      0.35   1.6e+02    0.5   0.1   263   289   418   446   397   446 0.74 -
99964at50557_520822_0:000e63|STRG.11018.3:1569-3260|+ -            524 82016at50557         -            289   7.8e-41  139.3   0.2   1   3   1.7e-43   7.8e-41  139.3   0.2     9   175    14   178     7   223 0.78 -
99964at50557_520822_0:000e63|STRG.11018.3:1569-3260|+ -            524 82016at50557         -            289   7.8e-41  139.3   0.2   2   3      0.73   3.3e+02   -0.6   0.6   126   168   267   309   236   337 0.54 -
99964at50557_520822_0:000e63|STRG.11018.3:1569-3260|+ -            524 82016at50557         -            289   7.8e-41  139.3   0.2   3   3      0.35   1.6e+02    0.5   0.1   263   289   418   446   397   446 0.74 -
99964at50557_520822_0:000e63|STRG.11018.2:1539-3233|+ -            535 82016at50557         -            289   4.8e-40  136.7   0.2   1   3   1.1e-42   4.8e-40  136.7   0.2     9   170    14   184     7   232 0.75 -
99964at50557_520822_0:000e63|STRG.11018.2:1539-3233|+ -            535 82016at50557         -            289   4.8e-40  136.7   0.2   2   3      0.75   3.4e+02   -0.6   0.6   126   168   278   320   247   348 0.54 -
99964at50557_520822_0:000e63|STRG.11018.2:1539-3233|+ -            535 82016at50557         -            289   4.8e-40  136.7   0.2   3   3      0.36   1.6e+02    0.4   0.1   263   289   429   457   408   457 0.74 -
99964at50557_520822_0:000e63|STRG.11018.4:0-1604|+    -            535 82016at50557         -            289   4.8e-40  136.7   0.2   1   3   1.1e-42   4.8e-40  136.7   0.2     9   170    14   184     7   232 0.75 -
99964at50557_520822_0:000e63|STRG.11018.4:0-1604|+    -            535 82016at50557         -            289   4.8e-40  136.7   0.2   2   3      0.75   3.4e+02   -0.6   0.6   126   168   278   320   247   348 0.54 -
99964at50557_520822_0:000e63|STRG.11018.4:0-1604|+    -            535 82016at50557         -            289   4.8e-40  136.7   0.2   3   3      0.36   1.6e+02    0.4   0.1   263   289   429   457   408   457 0.74 -
82016at50557_7536_0:0000b9|STRG.19225.1:1095-1367|+   -             91 82016at50557         -            289   1.7e-23   82.4   0.1   1   1   4.1e-26   1.8e-23   82.3   0.1     7    87     9    89     2    91 0.91 -
82016at50557_7536_0:0000b9|STRG.19225.2:1081-1353|+   -             91 82016at50557         -            289   1.7e-23   82.4   0.1   1   1   4.1e-26   1.8e-23   82.3   0.1     7    87     9    89     2    91 0.91 -
82016at50557_56086_0:001882|STRG.4741.1:241-465|+     -             75 82016at50557         -            289   5.2e-21   74.2   0.7   1   1   1.2e-23   5.6e-21   74.1   0.7     9    81     2    74     1    75 0.95 -
82016at50557_56086_0:001882|STRG.4741.2:402-626|+     -             75 82016at50557         -            289   5.2e-21   74.2   0.7   1   1   1.2e-23   5.6e-21   74.1   0.7     9    81     2    74     1    75 0.95 -
99964at50557_168631_0:001951|STRG.13562.2:170-385|+   -             72 82016at50557         -            289   2.7e-20   71.9   0.2   1   1   6.4e-23   2.9e-20   71.8   0.2    19    89     1    71     1    72 0.96 -
33399at50557_6973_0:003af3|STRG.12035.1:1461-2042|+   -            194 82016at50557         -            289     4e-20   71.3   0.3   1   1   1.1e-22     5e-20   71.0   0.3    18    88     4    74     1    89 0.94 -
33399at50557_197043_0:006854|STRG.13562.1:273-530|+   -             86 82016at50557         -            289     1e-16   60.1   0.0   1   1   2.3e-19     1e-16   60.1   0.0    29    90     2    63     1    83 0.94 -
19423at50557_144034_0:001c3e|STRG.2609.1:912-3923|+   -           1004 82016at50557         -            289   6.9e-15   54.2   0.1   1   1   3.6e-17   1.6e-14   52.9   0.1    13    69   429   486   421   545 0.83 -
19423at50557_144034_0:001c3e|STRG.2609.2:0-3080|+     -           1027 82016at50557         -            289   7.1e-15   54.1   0.1   1   1   3.7e-17   1.7e-14   52.9   0.1    13    68   429   485   421   544 0.83 -
33399at50557_34720_0:002432|STRG.14539.1:42-2093|+    -            684 82016at50557         -            289   8.3e-12   44.0   0.3   1   1   4.1e-14   1.8e-11   42.9   0.3    15    73    15    73     5   103 0.84 -
33399at50557_34720_0:002432|STRG.14539.3:53-2107|+    -            685 82016at50557         -            289   8.3e-12   44.0   0.3   1   1   4.1e-14   1.8e-11   42.9   0.3    15    73    16    74     6   104 0.84 -
33399at50557_34720_0:002432|STRG.14539.2:37-2097|+    -            687 82016at50557         -            289   8.3e-12   44.0   0.3   1   1   4.1e-14   1.9e-11   42.9   0.3    15    73    18    76     8   106 0.84 -
#
# Program:         hmmsearch
# Version:         3.4 (Aug 2023)
# Pipeline mode:   SEARCH
# Query file:      /home/justine/projet_tutore/busco_downloads/lineages/insecta_odb10/hmms/82016at50557.hmm
# Target file:     annotation_analysis/annotation_gca/T_cornetzi/busco_output/run_insecta_odb10/metaeuk_output/initial_results/assembled_transcripts.fasta.modified.fas
# Option settings: hmmsearch --domtblout annotation_analysis/annotation_gca/T_cornetzi/busco_output/run_insecta_odb10/hmmer_output/initial_run_results/82016at50557.out --cpu 1 /home/justine/projet_tutore/busco_downloads/lineages/insecta_odb10/hmms/82016at50557.hmm annotation_analysis/annotation_gca/T_cornetzi/busco_output/run_insecta_odb10/metaeuk_output/initial_results/assembled_transcripts.fasta.modified.fas 
# Current dir:     /home/justine/projet_tutore
# Date:            Sun Dec  1 22:20:12 2024
# [ok]
