#                                                                                                           --- full sequence --- -------------- this domain -------------   hmm coord   ali coord   env coord
# target name                                       accession   tlen query name           accession   qlen   E-value  score  bias   #  of  c-Evalue  i-Evalue  score  bias  from    to  from    to  from    to  acc description of target
#                               ------------------- ---------- ----- -------------------- ---------- ----- --------- ------ ----- --- --- --------- --------- ------ ----- ----- ----- ----- ----- ----- ----- ---- ---------------------
86747at50557_34720_0:00048d|STRG.22092.2:0-1133|+   -            378 86747at50557         -            246     4e-81  270.9   8.2   1   1   3.8e-83   3.9e-80  267.6   8.2     1   234    60   348    60   358 0.90 -
86747at50557_34720_0:00048d|STRG.22092.1:685-1533|+ -            283 86747at50557         -            246   2.8e-70  235.3   7.7   1   1   3.2e-72   3.2e-69  231.9   7.7    29   234     1   253     1   264 0.90 -
13778at50557_103372_0:00133a|STRG.22683.2:0-2384|+  -            795 86747at50557         -            246     8e-07   27.5  12.4   1   4   6.2e-07   0.00063   18.0   0.2    58   144    13   100     8   110 0.79 -
13778at50557_103372_0:00133a|STRG.22683.2:0-2384|+  -            795 86747at50557         -            246     8e-07   27.5  12.4   2   4     0.035        36    2.5   0.1    63   105   300   341   282   347 0.81 -
13778at50557_103372_0:00133a|STRG.22683.2:0-2384|+  -            795 86747at50557         -            246     8e-07   27.5  12.4   3   4    0.0023       2.4    6.3   0.2    80   150   609   678   575   685 0.85 -
13778at50557_103372_0:00133a|STRG.22683.2:0-2384|+  -            795 86747at50557         -            246     8e-07   27.5  12.4   4   4    0.0037       3.7    5.7   0.3    91   148   705   762   700   771 0.88 -
13778at50557_38123_0:00264d|STRG.10015.1:12-761|+   -            190 86747at50557         -            246   1.5e-05   23.4   0.4   1   1     2e-08   2.1e-05   22.9   0.3    56   154    14   112     1   127 0.79 -
35897at50557_456900_0:001f92|STRG.4764.1:146-1321|+ -            392 86747at50557         -            246   0.00042   18.6   3.2   1   4     0.052        53    1.9   0.2    89   155    16    80     5   127 0.65 -
35897at50557_456900_0:001f92|STRG.4764.1:146-1321|+ -            392 86747at50557         -            246   0.00042   18.6   3.2   2   4       1.2   1.2e+03   -2.5   0.0    81   106   181   206   168   216 0.77 -
35897at50557_456900_0:001f92|STRG.4764.1:146-1321|+ -            392 86747at50557         -            246   0.00042   18.6   3.2   3   4     9e-06    0.0092   14.2   0.0    83   152   226   293   224   300 0.91 -
35897at50557_456900_0:001f92|STRG.4764.1:146-1321|+ -            392 86747at50557         -            246   0.00042   18.6   3.2   4   4      0.27   2.8e+02   -0.4   0.0    79   149   304   372   293   375 0.79 -
57153at50557_103372_0:001f4c|STRG.1350.1:501-1319|+ -            273 86747at50557         -            246     0.021   13.1   0.1   1   1     3e-05      0.03   12.6   0.1    62   100   165   202   141   232 0.78 -
10664at50557_103372_0:000ca5|STRG.15141.1:1-3387|+  -           1102 86747at50557         -            246       5.7    5.1  13.5   1   7       2.5   2.6e+03   -3.6   0.0   168   180    42    54    41    64 0.85 -
10664at50557_103372_0:000ca5|STRG.15141.1:1-3387|+  -           1102 86747at50557         -            246       5.7    5.1  13.5   2   7     0.043        44    2.2   0.1    88   114    96   122    94   145 0.92 -
10664at50557_103372_0:000ca5|STRG.15141.1:1-3387|+  -           1102 86747at50557         -            246       5.7    5.1  13.5   3   7      0.63   6.4e+02   -1.6   0.1   106   138   219   251   168   331 0.56 -
10664at50557_103372_0:000ca5|STRG.15141.1:1-3387|+  -           1102 86747at50557         -            246       5.7    5.1  13.5   4   7      0.49   4.9e+02   -1.3   0.0   127   155   364   391   357   401 0.79 -
10664at50557_103372_0:000ca5|STRG.15141.1:1-3387|+  -           1102 86747at50557         -            246       5.7    5.1  13.5   5   7   0.00031      0.32    9.2   0.0    89   152   409   472   406   555 0.76 -
10664at50557_103372_0:000ca5|STRG.15141.1:1-3387|+  -           1102 86747at50557         -            246       5.7    5.1  13.5   6   7       1.8   1.8e+03   -3.1   0.1   188   188   784   784   754   840 0.46 -
10664at50557_103372_0:000ca5|STRG.15141.1:1-3387|+  -           1102 86747at50557         -            246       5.7    5.1  13.5   7   7       1.7   1.7e+03   -3.0   0.1   128   152  1079  1102  1062  1102 0.59 -
10664at50557_103372_0:000ca5|STRG.15141.2:0-3338|+  -           1113 86747at50557         -            246         6    5.0  13.5   1   7       2.6   2.6e+03   -3.6   0.0   168   180    53    65    52    75 0.85 -
10664at50557_103372_0:000ca5|STRG.15141.2:0-3338|+  -           1113 86747at50557         -            246         6    5.0  13.5   2   7     0.044        44    2.2   0.1    88   114   107   133   105   156 0.92 -
10664at50557_103372_0:000ca5|STRG.15141.2:0-3338|+  -           1113 86747at50557         -            246         6    5.0  13.5   3   7      0.64   6.5e+02   -1.7   0.1   106   138   230   262   179   342 0.56 -
10664at50557_103372_0:000ca5|STRG.15141.2:0-3338|+  -           1113 86747at50557         -            246         6    5.0  13.5   4   7      0.49     5e+02   -1.3   0.0   127   155   375   402   368   412 0.79 -
10664at50557_103372_0:000ca5|STRG.15141.2:0-3338|+  -           1113 86747at50557         -            246         6    5.0  13.5   5   7   0.00032      0.32    9.2   0.0    89   152   420   483   417   566 0.76 -
10664at50557_103372_0:000ca5|STRG.15141.2:0-3338|+  -           1113 86747at50557         -            246         6    5.0  13.5   6   7       1.8   1.9e+03   -3.1   0.1   188   188   795   795   765   851 0.46 -
10664at50557_103372_0:000ca5|STRG.15141.2:0-3338|+  -           1113 86747at50557         -            246         6    5.0  13.5   7   7       1.7   1.7e+03   -3.1   0.1   128   152  1090  1113  1073  1113 0.59 -
#
# Program:         hmmsearch
# Version:         3.4 (Aug 2023)
# Pipeline mode:   SEARCH
# Query file:      /home/justine/projet_tutore/busco_downloads/lineages/insecta_odb10/hmms/86747at50557.hmm
# Target file:     annotation_analysis/annotation_gca/T_cornetzi/busco_output/run_insecta_odb10/metaeuk_output/initial_results/assembled_transcripts.fasta.modified.fas
# Option settings: hmmsearch --domtblout annotation_analysis/annotation_gca/T_cornetzi/busco_output/run_insecta_odb10/hmmer_output/initial_run_results/86747at50557.out --cpu 1 /home/justine/projet_tutore/busco_downloads/lineages/insecta_odb10/hmms/86747at50557.hmm annotation_analysis/annotation_gca/T_cornetzi/busco_output/run_insecta_odb10/metaeuk_output/initial_results/assembled_transcripts.fasta.modified.fas 
# Current dir:     /home/justine/projet_tutore
# Date:            Sun Dec  1 22:20:28 2024
# [ok]
