#                                                                                                            --- full sequence --- -------------- this domain -------------   hmm coord   ali coord   env coord
# target name                                        accession   tlen query name           accession   qlen   E-value  score  bias   #  of  c-Evalue  i-Evalue  score  bias  from    to  from    to  from    to  acc description of target
#                                ------------------- ---------- ----- -------------------- ---------- ----- --------- ------ ----- --- --- --------- --------- ------ ----- ----- ----- ----- ----- ----- ----- ---- ---------------------
90015at50557_34720_0:001e2e|STRG.1103.1:33-947|+     -            305 90015at50557         -            236  2.8e-103  343.3   3.1   1   3   8.1e-08   0.00013   20.3   0.0     1    37     1    37     1    45 0.87 -
90015at50557_34720_0:001e2e|STRG.1103.1:33-947|+     -            305 90015at50557         -            236  2.8e-103  343.3   3.1   2   3   5.2e-94   8.4e-91  302.5   0.4    25   214    46   255    42   258 0.91 -
90015at50557_34720_0:001e2e|STRG.1103.1:33-947|+     -            305 90015at50557         -            236  2.8e-103  343.3   3.1   3   3   1.5e-07   0.00025   19.5   0.1   213   235   281   303   278   304 0.90 -
90015at50557_34720_0:001e2e|STRG.1103.2:33-2426|+    -            305 90015at50557         -            236  2.8e-103  343.3   3.1   1   3   8.1e-08   0.00013   20.3   0.0     1    37     1    37     1    45 0.87 -
90015at50557_34720_0:001e2e|STRG.1103.2:33-2426|+    -            305 90015at50557         -            236  2.8e-103  343.3   3.1   2   3   5.2e-94   8.4e-91  302.5   0.4    25   214    46   255    42   258 0.91 -
90015at50557_34720_0:001e2e|STRG.1103.2:33-2426|+    -            305 90015at50557         -            236  2.8e-103  343.3   3.1   3   3   1.5e-07   0.00025   19.5   0.1   213   235   281   303   278   304 0.90 -
119796at50557_286706_0:0015f3|STRG.8016.1:324-1016|+ -            231 90015at50557         -            236   1.7e-07   29.8   0.1   1   1   1.4e-10   2.3e-07   29.4   0.1    80   207    96   222    13   228 0.79 -
119796at50557_286706_0:0015f3|STRG.8016.2:255-947|+  -            231 90015at50557         -            236   1.7e-07   29.8   0.1   1   1   1.4e-10   2.3e-07   29.4   0.1    80   207    96   222    13   228 0.79 -
119796at50557_286706_0:0015f3|STRG.8016.3:324-1016|+ -            231 90015at50557         -            236   1.7e-07   29.8   0.1   1   1   1.4e-10   2.3e-07   29.4   0.1    80   207    96   222    13   228 0.79 -
#
# Program:         hmmsearch
# Version:         3.4 (Aug 2023)
# Pipeline mode:   SEARCH
# Query file:      /home/justine/projet_tutore/busco_downloads/lineages/insecta_odb10/hmms/90015at50557.hmm
# Target file:     annotation_analysis/annotation_gca/T_cornetzi/busco_output/run_insecta_odb10/metaeuk_output/initial_results/assembled_transcripts.fasta.modified.fas
# Option settings: hmmsearch --domtblout annotation_analysis/annotation_gca/T_cornetzi/busco_output/run_insecta_odb10/hmmer_output/initial_run_results/90015at50557.out --cpu 1 /home/justine/projet_tutore/busco_downloads/lineages/insecta_odb10/hmms/90015at50557.hmm annotation_analysis/annotation_gca/T_cornetzi/busco_output/run_insecta_odb10/metaeuk_output/initial_results/assembled_transcripts.fasta.modified.fas 
# Current dir:     /home/justine/projet_tutore
# Date:            Sun Dec  1 22:20:34 2024
# [ok]
