#                                                                                                            --- full sequence --- -------------- this domain -------------   hmm coord   ali coord   env coord
# target name                                        accession   tlen query name           accession   qlen   E-value  score  bias   #  of  c-Evalue  i-Evalue  score  bias  from    to  from    to  from    to  acc description of target
#                                ------------------- ---------- ----- -------------------- ---------- ----- --------- ------ ----- --- --- --------- --------- ------ ----- ----- ----- ----- ----- ----- ----- ---- ---------------------
93282at50557_34720_0:000eb2|STRG.18147.1:1-1881|+    -            627 93282at50557         -            238  4.3e-126  418.3  12.7   1   3  1.6e-110  2.7e-107  356.8   7.1     1   191    10   218    10   223 0.93 -
93282at50557_34720_0:000eb2|STRG.18147.1:1-1881|+    -            627 93282at50557         -            238  4.3e-126  418.3  12.7   2   3   1.1e-18   1.8e-15   56.1   0.2   178   225   223   277   218   286 0.89 -
93282at50557_34720_0:000eb2|STRG.18147.1:1-1881|+    -            627 93282at50557         -            238  4.3e-126  418.3  12.7   3   3   0.00093       1.5    7.3   0.0   213   238   302   327   297   327 0.84 -
93282at50557_34720_0:000eb2|STRG.18147.2:1-1902|+    -            634 93282at50557         -            238    5e-126  418.1  12.7   1   3  1.9e-110    3e-107  356.6   7.2     1   191    10   218    10   222 0.93 -
93282at50557_34720_0:000eb2|STRG.18147.2:1-1902|+    -            634 93282at50557         -            238    5e-126  418.1  12.7   2   3   1.2e-18     2e-15   56.0   0.2   178   225   223   277   218   284 0.89 -
93282at50557_34720_0:000eb2|STRG.18147.2:1-1902|+    -            634 93282at50557         -            238    5e-126  418.1  12.7   3   3     0.001       1.7    7.2   0.0   213   238   309   334   306   334 0.83 -
76830at50557_103372_0:000e32|STRG.22932.1:51-1466|+  -            472 93282at50557         -            238     2e-06   26.5   0.0   1   1   2.2e-09   3.6e-06   25.7   0.0    34   142   333   453   322   458 0.80 -
76830at50557_103372_0:000e32|STRG.22932.2:152-1630|+ -            493 93282at50557         -            238   2.2e-06   26.4   0.0   1   1   2.4e-09   3.9e-06   25.6   0.0    34   142   354   474   343   479 0.80 -
116525at50557_7159_0:00152f|STRG.15299.1:484-834|+   -            117 93282at50557         -            238   5.8e-05   21.7   0.1   1   1   3.8e-08   6.2e-05   21.7   0.1    33   129     2   104     1   117 0.76 -
#
# Program:         hmmsearch
# Version:         3.4 (Aug 2023)
# Pipeline mode:   SEARCH
# Query file:      /home/justine/projet_tutore/busco_downloads/lineages/insecta_odb10/hmms/93282at50557.hmm
# Target file:     annotation_analysis/annotation_gca/T_cornetzi/busco_output/run_insecta_odb10/metaeuk_output/initial_results/assembled_transcripts.fasta.modified.fas
# Option settings: hmmsearch --domtblout annotation_analysis/annotation_gca/T_cornetzi/busco_output/run_insecta_odb10/hmmer_output/initial_run_results/93282at50557.out --cpu 1 /home/justine/projet_tutore/busco_downloads/lineages/insecta_odb10/hmms/93282at50557.hmm annotation_analysis/annotation_gca/T_cornetzi/busco_output/run_insecta_odb10/metaeuk_output/initial_results/assembled_transcripts.fasta.modified.fas 
# Current dir:     /home/justine/projet_tutore
# Date:            Sun Dec  1 22:20:40 2024
# [ok]
