#                                                                                                         --- full sequence --- -------------- this domain -------------   hmm coord   ali coord   env coord
# target name                                     accession   tlen query name           accession   qlen   E-value  score  bias   #  of  c-Evalue  i-Evalue  score  bias  from    to  from    to  from    to  acc description of target
#                             ------------------- ---------- ----- -------------------- ---------- ----- --------- ------ ----- --- --- --------- --------- ------ ----- ----- ----- ----- ----- ----- ----- ---- ---------------------
9432at50557_34720_0:0015e5|STRG.3887.1:248-6469|+ -           2074 9432at50557          -           1272         0 1526.6  51.1   1   6     0.037     1e+02   -0.9   0.0     8    30    17    39     9    51 0.75 -
9432at50557_34720_0:0015e5|STRG.3887.1:248-6469|+ -           2074 9432at50557          -           1272         0 1526.6  51.1   2   6   1.2e-64   3.1e-61  206.2   0.0     4   188    61   257    58   262 0.89 -
9432at50557_34720_0:0015e5|STRG.3887.1:248-6469|+ -           2074 9432at50557          -           1272         0 1526.6  51.1   3   6         0         0 1120.8  28.7   183   968   292  1265   282  1279 0.88 -
9432at50557_34720_0:0015e5|STRG.3887.1:248-6469|+ -           2074 9432at50557          -           1272         0 1526.6  51.1   4   6   8.8e-23   2.4e-19   67.5   0.3   967  1064  1502  1640  1494  1694 0.67 -
9432at50557_34720_0:0015e5|STRG.3887.1:248-6469|+ -           2074 9432at50557          -           1272         0 1526.6  51.1   5   6   4.4e-31   1.2e-27   95.0   2.9  1072  1200  1729  1879  1690  1899 0.79 -
9432at50557_34720_0:0015e5|STRG.3887.1:248-6469|+ -           2074 9432at50557          -           1272         0 1526.6  51.1   6   6   3.7e-15     1e-11   42.2   0.2  1195  1272  1968  2053  1930  2053 0.76 -
9432at50557_34720_0:0015e5|STRG.3887.2:233-6454|+ -           2074 9432at50557          -           1272         0 1526.6  51.1   1   6     0.037     1e+02   -0.9   0.0     8    30    17    39     9    51 0.75 -
9432at50557_34720_0:0015e5|STRG.3887.2:233-6454|+ -           2074 9432at50557          -           1272         0 1526.6  51.1   2   6   1.2e-64   3.1e-61  206.2   0.0     4   188    61   257    58   262 0.89 -
9432at50557_34720_0:0015e5|STRG.3887.2:233-6454|+ -           2074 9432at50557          -           1272         0 1526.6  51.1   3   6         0         0 1120.8  28.7   183   968   292  1265   282  1279 0.88 -
9432at50557_34720_0:0015e5|STRG.3887.2:233-6454|+ -           2074 9432at50557          -           1272         0 1526.6  51.1   4   6   8.8e-23   2.4e-19   67.5   0.3   967  1064  1502  1640  1494  1694 0.67 -
9432at50557_34720_0:0015e5|STRG.3887.2:233-6454|+ -           2074 9432at50557          -           1272         0 1526.6  51.1   5   6   4.4e-31   1.2e-27   95.0   2.9  1072  1200  1729  1879  1690  1899 0.79 -
9432at50557_34720_0:0015e5|STRG.3887.2:233-6454|+ -           2074 9432at50557          -           1272         0 1526.6  51.1   6   6   3.7e-15     1e-11   42.2   0.2  1195  1272  1968  2053  1930  2053 0.76 -
9432at50557_34720_0:0015e5|STRG.3887.3:0-6221|+   -           2074 9432at50557          -           1272         0 1526.6  51.1   1   6     0.037     1e+02   -0.9   0.0     8    30    17    39     9    51 0.75 -
9432at50557_34720_0:0015e5|STRG.3887.3:0-6221|+   -           2074 9432at50557          -           1272         0 1526.6  51.1   2   6   1.2e-64   3.1e-61  206.2   0.0     4   188    61   257    58   262 0.89 -
9432at50557_34720_0:0015e5|STRG.3887.3:0-6221|+   -           2074 9432at50557          -           1272         0 1526.6  51.1   3   6         0         0 1120.8  28.7   183   968   292  1265   282  1279 0.88 -
9432at50557_34720_0:0015e5|STRG.3887.3:0-6221|+   -           2074 9432at50557          -           1272         0 1526.6  51.1   4   6   8.8e-23   2.4e-19   67.5   0.3   967  1064  1502  1640  1494  1694 0.67 -
9432at50557_34720_0:0015e5|STRG.3887.3:0-6221|+   -           2074 9432at50557          -           1272         0 1526.6  51.1   5   6   4.4e-31   1.2e-27   95.0   2.9  1072  1200  1729  1879  1690  1899 0.79 -
9432at50557_34720_0:0015e5|STRG.3887.3:0-6221|+   -           2074 9432at50557          -           1272         0 1526.6  51.1   6   6   3.7e-15     1e-11   42.2   0.2  1195  1272  1968  2053  1930  2053 0.76 -
#
# Program:         hmmsearch
# Version:         3.4 (Aug 2023)
# Pipeline mode:   SEARCH
# Query file:      /home/justine/projet_tutore/busco_downloads/lineages/insecta_odb10/hmms/9432at50557.hmm
# Target file:     annotation_analysis/annotation_gca/T_cornetzi/busco_output/run_insecta_odb10/metaeuk_output/initial_results/assembled_transcripts.fasta.modified.fas
# Option settings: hmmsearch --domtblout annotation_analysis/annotation_gca/T_cornetzi/busco_output/run_insecta_odb10/hmmer_output/initial_run_results/9432at50557.out --cpu 1 /home/justine/projet_tutore/busco_downloads/lineages/insecta_odb10/hmms/9432at50557.hmm annotation_analysis/annotation_gca/T_cornetzi/busco_output/run_insecta_odb10/metaeuk_output/initial_results/assembled_transcripts.fasta.modified.fas 
# Current dir:     /home/justine/projet_tutore
# Date:            Sun Dec  1 22:20:42 2024
# [ok]
