#                                                                                                              --- full sequence --- -------------- this domain -------------   hmm coord   ali coord   env coord
# target name                                          accession   tlen query name           accession   qlen   E-value  score  bias   #  of  c-Evalue  i-Evalue  score  bias  from    to  from    to  from    to  acc description of target
#                                  ------------------- ---------- ----- -------------------- ---------- ----- --------- ------ ----- --- --- --------- --------- ------ ----- ----- ----- ----- ----- ----- ----- ---- ---------------------
98621at50557_7038_0:0003d0|STRG.19171.2:1739-2497|+    -            253 98621at50557         -            140     5e-32  109.7   0.2   1   1   2.3e-33   1.4e-31  108.2   0.2    10   138    91   253    84   253 0.75 -
98621at50557_13249_0:0015dd|STRG.3097.1:231-944|+      -            238 98621at50557         -            140   1.6e-30  104.7   0.8   1   1   5.6e-32   3.5e-30  103.7   0.8     8   138    77   237    72   238 0.82 -
98621at50557_286706_0:000660|STRG.3103.1:95-814|+      -            240 98621at50557         -            140   4.9e-29  100.0   0.4   1   1   2.3e-30   1.4e-28   98.5   0.4    23   139    96   238    78   239 0.78 -
98621at50557_286706_0:000660|STRG.3103.2:95-826|+      -            244 98621at50557         -            140   5.3e-29   99.9   0.4   1   1   2.5e-30   1.5e-28   98.4   0.4    23   139   100   242    85   243 0.78 -
98621at50557_136037_0:0009c4|STRG.21615.1:1956-2687|+  -            244 98621at50557         -            140   9.9e-29   99.0   0.0   1   1   3.4e-30   2.1e-28   97.9   0.0    13   139    81   241    69   242 0.76 -
107413at50557_108931_0:000e8f|STRG.13593.2:987-1815|+  -            239 98621at50557         -            140   6.6e-28   96.3   0.3   1   1   3.2e-29     2e-27   94.7   0.3    20   139    93   235    76   236 0.78 -
107413at50557_108931_0:000e8f|STRG.13593.3:986-1732|+  -            249 98621at50557         -            140   7.8e-28   96.1   0.3   1   1   3.7e-29   2.3e-27   94.6   0.3    20   139   103   245    86   246 0.78 -
107413at50557_108931_0:000e8f|STRG.13593.4:825-1571|+  -            249 98621at50557         -            140   7.8e-28   96.1   0.3   1   1   3.7e-29   2.3e-27   94.6   0.3    20   139   103   245    86   246 0.78 -
107413at50557_108931_0:000e8f|STRG.13593.1:987-1958|+  -            248 98621at50557         -            140   2.7e-27   94.3   0.5   1   1   1.3e-28   7.9e-27   92.8   0.5    20   139   103   244    86   245 0.75 -
98621at50557_7425_0:001b7b|STRG.7684.1:807-1562|+      -            252 98621at50557         -            140   5.5e-27   93.3   0.1   1   1     2e-28   1.2e-26   92.2   0.1    19   139   105   248    81   249 0.78 -
98621at50557_104688_0:00243e|STRG.19197.1:38-529|+     -            164 98621at50557         -            140   3.8e-26   90.6   0.0   1   1   8.1e-28     5e-26   90.2   0.0    40   140    48   161    15   161 0.85 -
98621at50557_136037_0:0009c4|STRG.19192.1:2547-3347|+  -            267 98621at50557         -            140   1.8e-25   88.4   0.1   1   1     6e-27   3.7e-25   87.4   0.1    23   138   124   267   104   267 0.78 -
98621at50557_136037_0:0009c4|STRG.19192.2:2670-3470|+  -            267 98621at50557         -            140   1.8e-25   88.4   0.1   1   1     6e-27   3.7e-25   87.4   0.1    23   138   124   267   104   267 0.78 -
98621at50557_79782_0:0026bc|STRG.2173.1:54-578|+       -            175 98621at50557         -            140   3.4e-24   84.3   1.0   1   1   1.9e-25   1.2e-23   82.5   1.0    10   139     3   170     1   171 0.76 -
107413at50557_211228_0:00176b|STRG.12207.1:414-1151|+  -            246 98621at50557         -            140   9.1e-24   82.9   0.4   1   1   4.7e-25   2.9e-23   81.3   0.4    41   139   135   242    79   243 0.83 -
107413at50557_211228_0:00176b|STRG.12207.3:588-1325|+  -            246 98621at50557         -            140   9.1e-24   82.9   0.4   1   1   4.7e-25   2.9e-23   81.3   0.4    41   139   135   242    79   243 0.83 -
107413at50557_211228_0:00176b|STRG.12207.6:969-1706|+  -            246 98621at50557         -            140   9.1e-24   82.9   0.4   1   1   4.7e-25   2.9e-23   81.3   0.4    41   139   135   242    79   243 0.83 -
98621at50557_136037_0:0009c4|STRG.21615.2:2316-3011|+  -            232 98621at50557         -            140     3e-23   81.2   0.0   1   1     1e-24   6.3e-23   80.2   0.0    13   130    81   232    69   232 0.75 -
107413at50557_91411_0:001705|STRG.5456.3:739-1446|+    -            236 98621at50557         -            140   1.9e-22   78.6   0.3   1   1   6.7e-24   4.1e-22   77.5   0.3    23   138    93   231    69   233 0.75 -
107413at50557_211228_0:00176b|STRG.5456.1:421-885|+    -            155 98621at50557         -            140   2.2e-22   78.4   0.4   1   1   6.3e-24   3.9e-22   77.6   0.4    23   138    17   155     1   155 0.76 -
98621at50557_79782_0:0026bc|STRG.6319.3:66-743|+       -            226 98621at50557         -            140   3.6e-22   77.7   3.6   1   1   1.2e-23   7.3e-22   76.7   3.4    36   138   118   226    70   226 0.85 -
107413at50557_211228_0:00176b|STRG.3099.1:25-585|+     -            187 98621at50557         -            140   6.3e-22   76.9   0.3   1   1   3.5e-23   2.2e-21   75.2   0.3    23   139    35   183     9   184 0.72 -
93746at50557_54969_0:0026b9|STRG.12821.1:595-1473|+    -            293 98621at50557         -            140   7.7e-22   76.6   0.4   1   1   2.8e-23   1.7e-21   75.5   0.4    21   139   139   289   119   290 0.75 -
93746at50557_54969_0:0026b9|STRG.12821.2:513-1391|+    -            293 98621at50557         -            140   7.7e-22   76.6   0.4   1   1   2.8e-23   1.7e-21   75.5   0.4    21   139   139   289   119   290 0.75 -
45935at50557_6973_0:001b70|STRG.19072.1:1745-2518|+    -            258 98621at50557         -            140   9.9e-22   76.3   0.9   1   1   3.9e-23   2.4e-21   75.0   0.9    23   140   103   252    82   252 0.68 -
45935at50557_6973_0:001b70|STRG.19072.2:1640-2413|+    -            258 98621at50557         -            140   9.9e-22   76.3   0.9   1   1   3.9e-23   2.4e-21   75.0   0.9    23   140   103   252    82   252 0.68 -
45935at50557_6973_0:001b70|STRG.19072.4:2768-3541|+    -            258 98621at50557         -            140   9.9e-22   76.3   0.9   1   1   3.9e-23   2.4e-21   75.0   0.9    23   140   103   252    82   252 0.68 -
98621at50557_516756_0:0020aa|STRG.5545.1:213-953|+     -            247 98621at50557         -            140     1e-21   76.3   0.1   1   1   6.3e-23   3.9e-21   74.4   0.0    14   139    85   244    76   245 0.77 -
98621at50557_516756_0:0020aa|STRG.5545.2:278-1018|+    -            247 98621at50557         -            140     1e-21   76.3   0.1   1   1   6.3e-23   3.9e-21   74.4   0.0    14   139    85   244    76   245 0.77 -
45935at50557_67767_0:003589|STRG.19072.3:2399-3304|+   -            302 98621at50557         -            140   1.2e-21   76.0   0.6   1   1     5e-23   3.1e-21   74.7   0.6    23   140   147   296   126   296 0.68 -
98621at50557_166361_0:000283|STRG.1683.1:59-523|+      -            155 98621at50557         -            140   2.4e-21   75.1   1.0   1   1   3.6e-22   2.2e-20   71.9   1.0    36   138    48   155     2   155 0.70 -
17536at50557_116153_0:000f8b|STRG.8644.1:1739-3514|+   -            592 98621at50557         -            140   2.8e-21   74.8   0.0   1   1   1.2e-22   7.2e-21   73.5   0.0    11   139   423   585   418   586 0.79 -
98621at50557_286706_0:000660|STRG.12821.3:395-1215|+   -            246 98621at50557         -            140   3.4e-21   74.6   0.4   1   1   1.3e-22   7.9e-21   73.4   0.4    21   139    96   246    77   246 0.75 -
98621at50557_286706_0:000660|STRG.12821.4:724-1544|+   -            246 98621at50557         -            140   3.4e-21   74.6   0.4   1   1   1.3e-22   7.9e-21   73.4   0.4    21   139    96   246    77   246 0.75 -
98621at50557_286706_0:000660|STRG.12821.5:377-1164|+   -            246 98621at50557         -            140   3.4e-21   74.6   0.4   1   1   1.3e-22   7.9e-21   73.4   0.4    21   139    96   246    77   246 0.75 -
98621at50557_38123_0:000655|STRG.19194.1:497-808|+     -            104 98621at50557         -            140   4.7e-21   74.1   0.2   1   1     1e-22   6.3e-21   73.7   0.2    58   140     6   101     2   101 0.82 -
107413at50557_454923_0:0008d7|STRG.12207.2:395-1138|+  -            248 98621at50557         -            140   6.9e-21   73.6   0.1   1   1   4.1e-22   2.5e-20   71.7   0.1    41   138   138   248    82   248 0.82 -
107413at50557_454923_0:0008d7|STRG.12207.4:522-1265|+  -            248 98621at50557         -            140   6.9e-21   73.6   0.1   1   1   4.1e-22   2.5e-20   71.7   0.1    41   138   138   248    82   248 0.82 -
107413at50557_454923_0:0008d7|STRG.12207.5:960-1703|+  -            248 98621at50557         -            140   6.9e-21   73.6   0.1   1   1   4.1e-22   2.5e-20   71.7   0.1    41   138   138   248    82   248 0.82 -
98621at50557_79782_0:0026bc|STRG.3108.3:294-980|+      -            229 98621at50557         -            140   1.3e-20   72.7   0.2   1   1   4.2e-22   2.6e-20   71.7   0.2    21   138    90   229    70   229 0.77 -
98621at50557_79782_0:0026bc|STRG.3108.2:166-882|+      -            239 98621at50557         -            140   1.5e-20   72.5   0.2   1   1   4.9e-22     3e-20   71.5   0.2    21   138   100   239    80   239 0.77 -
98621at50557_79782_0:0026bc|STRG.3108.1:96-869|+       -            258 98621at50557         -            140   1.8e-20   72.2   0.2   1   1   5.9e-22   3.7e-20   71.2   0.2    21   138   119   258    99   258 0.77 -
98621at50557_38123_0:000655|STRG.1683.2:329-646|+      -            106 98621at50557         -            140   3.1e-20   71.5   0.7   1   1   6.1e-22   3.8e-20   71.2   0.7    41   138     4   106     2   106 0.82 -
93746at50557_568069_0:0045cd|STRG.4689.2:82-1164|+     -            361 98621at50557         -            140   3.3e-20   71.4   0.3   1   1   1.4e-21   8.8e-20   70.0   0.3    22   138   218   361   198   361 0.76 -
93746at50557_568069_0:0045cd|STRG.4689.1:166-1296|+    -            377 98621at50557         -            140   3.7e-20   71.2   0.3   1   1   1.6e-21   9.7e-20   69.8   0.3    22   138   234   377   214   377 0.76 -
107413at50557_13249_0:002cfe|STRG.14152.2:1386-1997|+  -            204 98621at50557         -            140   1.1e-19   69.7   0.4   1   1   4.3e-20   2.7e-18   65.2   0.4    10   138    41   204    31   204 0.72 -
98621at50557_1041015_0:000047|STRG.11492.1:3412-4140|+ -            243 98621at50557         -            140   2.4e-19   68.5   0.2   1   1   8.1e-21     5e-19   67.5   0.2    21   139    95   240    74   241 0.74 -
107413at50557_79782_0:001336|STRG.14152.1:1273-2025|+  -            251 98621at50557         -            140   2.6e-19   68.5   0.4   1   1   7.8e-20   4.8e-18   64.3   0.4    10   138    88   251    70   251 0.73 -
107413at50557_79782_0:001336|STRG.14152.3:645-1397|+   -            251 98621at50557         -            140   2.6e-19   68.5   0.4   1   1   7.8e-20   4.8e-18   64.3   0.4    10   138    88   251    70   251 0.73 -
98621at50557_156304_0:000097|STRG.6267.3:33-641|+      -            203 98621at50557         -            140   3.2e-19   68.2   2.5   1   2         1        62    2.4   0.0     9    31    42    71    34    82 0.71 -
98621at50557_156304_0:000097|STRG.6267.3:33-641|+      -            203 98621at50557         -            140   3.2e-19   68.2   2.5   2   2     4e-20   2.5e-18   65.3   0.8    39   139    96   201    88   202 0.91 -
98621at50557_156304_0:000097|STRG.6267.1:28-714|+      -            229 98621at50557         -            140     5e-19   67.5   2.5   1   2       1.2        75    2.2   0.0     9    31    68    97    60   108 0.71 -
98621at50557_156304_0:000097|STRG.6267.1:28-714|+      -            229 98621at50557         -            140     5e-19   67.5   2.5   2   2   5.5e-20   3.4e-18   64.8   0.8    39   139   122   227   114   228 0.91 -
98621at50557_166361_0:000283|STRG.4687.1:601-1398|+    -            266 98621at50557         -            140   5.8e-19   67.3   1.4   1   1   8.9e-20   5.5e-18   64.2   1.4     9   139    97   263    88   264 0.75 -
107413at50557_103372_0:00285a|STRG.9016.1:151-1075|+   -            297 98621at50557         -            140   8.7e-19   66.8   0.2   1   1   4.7e-20   2.9e-18   65.1   0.2     8   139   126   286   122   287 0.79 -
98621at50557_1218281_0:001f07|STRG.6319.2:85-426|+     -            114 98621at50557         -            140   9.4e-19   66.6   0.8   1   1   1.7e-20   1.1e-18   66.5   0.8    51   139    19   113    10   114 0.85 -
98621at50557_211228_0:0004ca|STRG.6267.2:28-922|+      -            229 98621at50557         -            140   1.6e-18   65.9   2.5   1   2       1.2        75    2.2   0.0     9    31    68    97    60   108 0.71 -
98621at50557_211228_0:0004ca|STRG.6267.2:28-922|+      -            229 98621at50557         -            140   1.6e-18   65.9   2.5   2   2   1.8e-19   1.1e-17   63.2   0.8    39   139   122   229   114   229 0.91 -
98621at50557_7160_0:003e24|STRG.6319.1:74-355|+        -             94 98621at50557         -            140   3.1e-18   65.0   1.1   1   1   5.4e-20   3.4e-18   64.9   1.1    55   139     3    93     1    94 0.84 -
93746at50557_568069_0:0045cd|STRG.4687.3:48-1127|+     -            360 98621at50557         -            140   3.8e-18   64.7   1.3   1   1   4.6e-19   2.8e-17   61.9   1.3     9   138   195   360   187   360 0.75 -
93746at50557_568069_0:0045cd|STRG.4687.2:36-1127|+     -            364 98621at50557         -            140   3.8e-18   64.7   1.3   1   1   4.6e-19   2.8e-17   61.9   1.3     9   138   199   364   191   364 0.75 -
98621at50557_7460_0:000221|STRG.4690.1:47-826|+        -            260 98621at50557         -            140   6.1e-18   64.0   2.3   1   1   1.7e-18   1.1e-16   60.0   2.3    25   138   132   260    91   260 0.71 -
45935at50557_34720_0:00050a|STRG.5784.1:0-2276|+       -            759 98621at50557         -            140   2.5e-17   62.0   1.0   1   1   1.4e-18   8.9e-17   60.2   1.0    33   140   634   752   584   752 0.78 -
98621at50557_286706_0:000660|STRG.19752.1:63-731|+     -            223 98621at50557         -            140     5e-17   61.1   0.5   1   1   1.7e-18   1.1e-16   60.0   0.5    41   139   121   218    67   219 0.86 -
98621at50557_7375_0:002f5e|STRG.3359.1:5220-6087|+     -            226 98621at50557         -            140   8.9e-17   60.2   0.6   1   1   2.2e-18   1.4e-16   59.6   0.6     6   139    85   225    80   226 0.85 -
93746at50557_568069_0:0045cd|STRG.5544.1:72-1199|+     -            376 98621at50557         -            140   9.3e-17   60.2   0.3   1   1   4.3e-18   2.6e-16   58.7   0.3    15   139   214   372   201   373 0.72 -
98621at50557_91411_0:0016b8|STRG.23868.2:110-821|+     -            234 98621at50557         -            140   2.8e-16   58.6   0.7   1   1   5.8e-17   3.6e-15   55.0   0.7     8   140    71   232    65   232 0.77 -
107413at50557_108931_0:000e8f|STRG.19862.1:242-1041|+  -            240 98621at50557         -            140     1e-15   56.8   0.7   1   1   3.4e-17   2.1e-15   55.8   0.7    40   139   129   234    72   235 0.79 -
45935at50557_136037_0:001135|STRG.17934.1:878-1549|+   -            224 98621at50557         -            140   1.6e-15   56.2   1.9   1   1   1.3e-16     8e-15   53.9   1.8    39   140   109   224    54   224 0.68 -
45935at50557_136037_0:001135|STRG.17934.2:225-896|+    -            224 98621at50557         -            140   1.6e-15   56.2   1.9   1   1   1.3e-16     8e-15   53.9   1.8    39   140   109   224    54   224 0.68 -
107413at50557_1155016_0:001042|STRG.16201.1:65-265|+   -             67 98621at50557         -            140   1.8e-15   56.0   2.1   1   1     5e-17   3.1e-15   55.3   2.1    85   138     3    66     1    67 0.83 -
107413at50557_64838_0:000425|STRG.6264.3:25-564|+      -            180 98621at50557         -            140   2.2e-15   55.8   0.1   1   1   1.4e-16   8.5e-15   53.8   0.1    39   139    64   174    11   175 0.83 -
98621at50557_199890_0:001c5b|STRG.3359.5:230-1562|+    -            209 98621at50557         -            140   2.9e-15   55.3   0.4   1   1   7.6e-17   4.7e-15   54.7   0.4     6   138    68   209    63   209 0.79 -
98621at50557_13249_0:0015dd|STRG.23248.1:24-725|+      -            234 98621at50557         -            140   3.4e-15   55.1   0.3   1   1   1.6e-16     1e-14   53.6   0.3    32   139   112   231    77   232 0.72 -
98621at50557_6973_0:005d28|STRG.23867.1:64-402|+       -            113 98621at50557         -            140   4.5e-15   54.7   0.2   1   1   8.4e-17   5.2e-15   54.5   0.2    41   139     1   112     1   113 0.81 -
98621at50557_28612_0:002b49|STRG.19753.1:386-1051|+    -            222 98621at50557         -            140   6.2e-15   54.3   0.4   1   1   2.8e-16   1.7e-14   52.8   0.2    41   139   121   218    70   219 0.85 -
98621at50557_28612_0:002b49|STRG.19753.2:82-747|+      -            222 98621at50557         -            140   6.2e-15   54.3   0.4   1   1   2.8e-16   1.7e-14   52.8   0.2    41   139   121   218    70   219 0.85 -
98621at50557_28612_0:002b49|STRG.19753.3:311-976|+     -            222 98621at50557         -            140   6.2e-15   54.3   0.4   1   1   2.8e-16   1.7e-14   52.8   0.2    41   139   121   218    70   219 0.85 -
98621at50557_286706_0:000660|STRG.22693.1:377-1051|+   -            225 98621at50557         -            140   9.7e-15   53.6   0.1   1   1   2.3e-16   1.4e-14   53.1   0.1    40   139   122   220    73   221 0.83 -
98621at50557_286706_0:000660|STRG.22693.2:12-686|+     -            225 98621at50557         -            140   9.7e-15   53.6   0.1   1   1   2.3e-16   1.4e-14   53.1   0.1    40   139   122   220    73   221 0.83 -
98621at50557_166361_0:000283|STRG.24278.1:292-999|+    -            236 98621at50557         -            140     2e-14   52.6   0.2   1   1   5.7e-16   3.5e-14   51.8   0.1    23   139   121   236   106   236 0.78 -
98621at50557_166361_0:000283|STRG.3559.1:369-1127|+    -            253 98621at50557         -            140   6.2e-14   51.0   1.8   1   1     3e-15   1.8e-13   49.5   1.8    42   138   153   253    97   253 0.78 -
93746at50557_568069_0:0045cd|STRG.4687.4:36-1130|+     -            365 98621at50557         -            140   1.2e-13   50.1   0.3   1   1   1.2e-14   7.7e-13   47.5   0.3     9   138   200   365   192   365 0.71 -
98621at50557_7038_0:0003d0|STRG.23868.1:98-820|+       -            241 98621at50557         -            140   2.2e-13   49.2   0.0   1   1   6.7e-15   4.1e-13   48.4   0.0     4   138    91   240    73   241 0.80 -
107413at50557_108931_0:000e8f|STRG.6264.4:22-546|+     -            175 98621at50557         -            140   3.7e-13   48.5   0.1   1   1   2.3e-14   1.5e-12   46.6   0.1    39   138    65   174    11   175 0.83 -
107413at50557_1155016_0:001042|STRG.3359.2:4424-4675|+ -             84 98621at50557         -            140   4.5e-13   48.2   0.6   1   1   7.6e-15   4.7e-13   48.2   0.6    69   139     8    81     1    82 0.82 -
107413at50557_1155016_0:001042|STRG.3359.3:4763-5014|+ -             84 98621at50557         -            140   4.5e-13   48.2   0.6   1   1   7.6e-15   4.7e-13   48.2   0.6    69   139     8    81     1    82 0.82 -
107413at50557_1155016_0:001042|STRG.3359.4:3331-3582|+ -             84 98621at50557         -            140   4.5e-13   48.2   0.6   1   1   7.6e-15   4.7e-13   48.2   0.6    69   139     8    81     1    82 0.82 -
107413at50557_1155016_0:001042|STRG.3359.6:385-636|+   -             84 98621at50557         -            140   4.5e-13   48.2   0.6   1   1   7.6e-15   4.7e-13   48.2   0.6    69   139     8    81     1    82 0.82 -
98621at50557_7539_0:000d61|STRG.6264.5:253-672|+       -            140 98621at50557         -            140   4.9e-13   48.1   0.1   1   1   9.2e-15   5.7e-13   47.9   0.1    39   139    28   138    17   139 0.82 -
98621at50557_79782_0:0026bc|STRG.16419.2:66-701|+      -            212 98621at50557         -            140   7.2e-13   47.6   0.2   1   1   1.8e-13   1.1e-11   43.8   0.2     8   138    42   212    35   212 0.69 -
107413at50557_108931_0:000e8f|STRG.6264.2:136-780|+    -            215 98621at50557         -            140   9.1e-13   47.3   0.1   1   1   7.6e-14   4.7e-12   44.9   0.1    40   138   106   214    48   215 0.81 -
98621at50557_28612_0:00515f|STRG.19759.1:19-669|+      -            217 98621at50557         -            140   9.5e-13   47.2   0.1   1   2       7.5   4.6e+02   -0.4   0.0    58    92    30    64    23    84 0.82 -
98621at50557_28612_0:00515f|STRG.19759.1:19-669|+      -            217 98621at50557         -            140   9.5e-13   47.2   0.1   2   2   5.9e-14   3.6e-12   45.3   0.0    31   134   115   216    87   217 0.80 -
107413at50557_108931_0:000e8f|STRG.6264.1:24-713|+     -            230 98621at50557         -            140   1.1e-12   46.9   0.1   1   1   9.4e-14   5.8e-12   44.6   0.1    40   138   121   229    65   230 0.81 -
107413at50557_108931_0:000e8f|STRG.6264.7:155-844|+    -            230 98621at50557         -            140   1.1e-12   46.9   0.1   1   1   9.4e-14   5.8e-12   44.6   0.1    40   138   121   229    65   230 0.81 -
107413at50557_1155016_0:001042|STRG.11553.1:5-154|+    -             50 98621at50557         -            140   1.9e-12   46.2   0.4   1   1   3.5e-14   2.2e-12   46.0   0.4    96   138     1    50     1    50 0.87 -
107413at50557_1155016_0:001042|STRG.433.1:0-143|+      -             48 98621at50557         -            140   3.2e-12   45.5   0.2   1   1   6.6e-14   4.1e-12   45.1   0.2   100   138     2    48     1    48 0.83 -
98621at50557_568069_0:004daa|STRG.19750.1:68-742|+     -            225 98621at50557         -            140   6.4e-12   44.5   2.3   1   1   2.5e-12   1.6e-10   40.0   2.3    41   139   125   222    63   223 0.76 -
107413at50557_91411_0:001705|STRG.24281.1:475-1185|+   -            237 98621at50557         -            140   1.1e-11   43.7   0.9   1   1   3.4e-13   2.1e-11   42.8   0.4    37   139   123   232    71   233 0.84 -
107413at50557_91411_0:001705|STRG.24281.2:69-779|+     -            237 98621at50557         -            140   1.1e-11   43.7   0.9   1   1   3.4e-13   2.1e-11   42.8   0.4    37   139   123   232    71   233 0.84 -
98621at50557_136037_0:0009c4|STRG.19192.3:2762-3421|+  -            220 98621at50557         -            140   1.8e-11   43.0   0.0   1   1   6.1e-13   3.8e-11   42.0   0.0    23    98   125   220   103   220 0.74 -
45935at50557_136037_0:001135|STRG.5507.1:488-1330|+    -            281 98621at50557         -            140     2e-11   42.9   1.6   1   2       8.7   5.4e+02   -0.6   0.0     9    26   104   121    77   136 0.65 -
45935at50557_136037_0:001135|STRG.5507.1:488-1330|+    -            281 98621at50557         -            140     2e-11   42.9   1.6   2   2   1.3e-12   8.1e-11   40.9   1.2    39   139   156   273   101   274 0.73 -
45935at50557_136037_0:001135|STRG.5507.2:524-1366|+    -            281 98621at50557         -            140     2e-11   42.9   1.6   1   2       8.7   5.4e+02   -0.6   0.0     9    26   104   121    77   136 0.65 -
45935at50557_136037_0:001135|STRG.5507.2:524-1366|+    -            281 98621at50557         -            140     2e-11   42.9   1.6   2   2   1.3e-12   8.1e-11   40.9   1.2    39   139   156   273   101   274 0.73 -
45935at50557_136037_0:001135|STRG.5507.3:432-1274|+    -            281 98621at50557         -            140     2e-11   42.9   1.6   1   2       8.7   5.4e+02   -0.6   0.0     9    26   104   121    77   136 0.65 -
45935at50557_136037_0:001135|STRG.5507.3:432-1274|+    -            281 98621at50557         -            140     2e-11   42.9   1.6   2   2   1.3e-12   8.1e-11   40.9   1.2    39   139   156   273   101   274 0.73 -
107413at50557_1155016_0:001042|STRG.6320.1:2-187|+     -             62 98621at50557         -            140   4.2e-11   41.9   0.0   1   1   7.3e-13   4.5e-11   41.8   0.0    85   138     3    58     1    60 0.88 -
98621at50557_29053_0:002033|STRG.16419.1:107-1451|+    -            241 98621at50557         -            140   4.7e-11   41.7   0.4   1   1   1.2e-11   7.6e-10   37.8   0.4     8   138    78   241    71   241 0.68 -
107413at50557_108931_0:000e8f|STRG.23869.1:3-782|+     -            260 98621at50557         -            140   5.8e-11   41.4   0.2   1   1   2.6e-12   1.6e-10   40.0   0.2    22   140   123   258    83   258 0.69 -
107413at50557_29053_0:002c88|STRG.19750.1:449-763|+    -            105 98621at50557         -            140   1.7e-10   39.9   1.0   1   1   3.3e-12   2.1e-10   39.6   1.0    44   139     1    95     1    96 0.79 -
98621at50557_28612_0:00515f|STRG.3101.1:176-751|+      -            192 98621at50557         -            140   1.3e-09   37.1   0.0   1   1   4.8e-11     3e-09   35.9   0.0    16   107    83   190    69   191 0.73 -
98621at50557_568069_0:004daa|STRG.19750.2:68-741|+     -            213 98621at50557         -            140   1.9e-09   36.5   3.1   1   1   1.4e-07   8.7e-06   24.6   3.1    41   139   125   210    63   211 0.75 -
98621at50557_29029_0:001d93|STRG.8670.1:1196-1954|+    -            253 98621at50557         -            140   2.3e-09   36.2   1.1   1   1   9.6e-11     6e-09   34.9   1.1    41   139   137   250    73   251 0.82 -
98621at50557_29029_0:001d93|STRG.8670.4:1290-2048|+    -            253 98621at50557         -            140   2.3e-09   36.2   1.1   1   1   9.6e-11     6e-09   34.9   1.1    41   139   137   250    73   251 0.82 -
98621at50557_121845_0:003451|STRG.11365.3:3520-3987|+  -            156 98621at50557         -            140     5e-09   35.1   0.7   1   1   2.1e-10   1.3e-08   33.8   0.3    41   139    38   153    26   154 0.74 -
107413at50557_29053_0:002c88|STRG.8670.2:1654-1995|+   -            114 98621at50557         -            140   8.2e-09   34.4   0.5   1   1     2e-10   1.2e-08   33.9   0.5    45   139     2   111     1   112 0.74 -
107413at50557_29053_0:002c88|STRG.8670.3:1638-1979|+   -            114 98621at50557         -            140   8.2e-09   34.4   0.5   1   1     2e-10   1.2e-08   33.9   0.5    45   139     2   111     1   112 0.74 -
98621at50557_7260_0:001c8c|STRG.8670.3:1153-1979|+     -            266 98621at50557         -            140     1e-08   34.1   0.6   1   1   4.7e-10   2.9e-08   32.7   0.6    38   139   147   263    93   264 0.76 -
98621at50557_7260_0:001c8c|STRG.8670.2:1226-1995|+     -            247 98621at50557         -            140     1e-08   34.1   0.7   1   1   4.2e-10   2.6e-08   32.8   0.7    38   139   128   244    74   245 0.76 -
98621at50557_30019_0:0019d5|STRG.11365.2:3215-4003|+   -            263 98621at50557         -            140   1.8e-08   33.3   0.6   1   1     1e-09   6.5e-08   31.5   0.3    41   139   145   260   136   261 0.74 -
107413at50557_211228_0:00176b|STRG.19751.1:73-765|+    -            231 98621at50557         -            140   1.6e-07   30.2   0.2   1   1   5.1e-09   3.2e-07   29.3   0.2    41   139   134   231    74   231 0.78 -
107413at50557_108931_0:000e8f|STRG.19862.2:245-912|+   -            196 98621at50557         -            140   5.7e-07   28.5   0.1   1   1     2e-08   1.2e-06   27.4   0.1    40   106   129   195    72   196 0.77 -
107413at50557_166361_0:000318|STRG.19862.3:376-959|+   -            161 98621at50557         -            140   9.7e-07   27.7   0.1   1   1   3.5e-08   2.1e-06   26.6   0.1    58   106   111   160    44   161 0.71 -
98621at50557_110193_0:0027e7|STRG.5456.4:476-1051|+    -            192 98621at50557         -            140   1.4e-06   27.2   0.0   1   1   5.4e-08   3.3e-06   26.0   0.0    22    98   100   192    78   192 0.70 -
98621at50557_139723_0:00116f|STRG.9296.2:362-1078|+    -            239 98621at50557         -            140     2e-06   26.7   1.5   1   2       4.7   2.9e+02    0.3   0.1   107   128    70    92    59   101 0.80 -
98621at50557_139723_0:00116f|STRG.9296.2:362-1078|+    -            239 98621at50557         -            140     2e-06   26.7   1.5   2   2     9e-08   5.5e-06   25.3   0.2    25   132   129   239    92   239 0.79 -
98621at50557_28612_0:00515f|STRG.9296.1:162-833|+      -            224 98621at50557         -            140   3.2e-06   26.1   1.4   1   2       4.5   2.8e+02    0.3   0.1   107   128    56    78    46    87 0.80 -
98621at50557_28612_0:00515f|STRG.9296.1:162-833|+      -            224 98621at50557         -            140   3.2e-06   26.1   1.4   2   2   1.6e-07   9.9e-06   24.5   0.1    25   131   115   224    81   224 0.78 -
107413at50557_1155016_0:001933|STRG.19750.2:607-741|+  -             45 98621at50557         -            140   0.00013   20.9   0.1   1   1   2.1e-06   0.00013   20.9   0.1   108   139    11    42     1    43 0.82 -
98621at50557_454923_0:00128e|STRG.6181.2:1292-2086|+   -            265 98621at50557         -            140   0.00017   20.5   0.1   1   1   1.1e-05   0.00069   18.5   0.1    34   140   143   263    87   263 0.75 -
98621at50557_454923_0:00128e|STRG.6181.3:1232-2026|+   -            265 98621at50557         -            140   0.00017   20.5   0.1   1   1   1.1e-05   0.00069   18.5   0.1    34   140   143   263    87   263 0.75 -
98621at50557_454923_0:00128e|STRG.6181.4:1226-2020|+   -            265 98621at50557         -            140   0.00017   20.5   0.1   1   1   1.1e-05   0.00069   18.5   0.1    34   140   143   263    87   263 0.75 -
98621at50557_7168_0:001486|STRG.6181.1:249-863|+       -            205 98621at50557         -            140   0.00041   19.2   0.1   1   1   2.7e-05    0.0016   17.3   0.1    34   138    87   205    31   205 0.72 -
98621at50557_7460_0:000221|STRG.3105.1:84-809|+        -            242 98621at50557         -            140    0.0013   17.6   0.0   1   1   0.00023     0.014   14.2   0.0     6   139    75   240    70   241 0.69 -
107413at50557_2015173_0:00166d|STRG.6249.1:1544-2314|+ -            257 98621at50557         -            140    0.0051   15.7   0.4   1   1   0.00026     0.016   14.0   0.4    40   139   141   251    99   252 0.73 -
98621at50557_156304_0:000097|STRG.11074.1:87-608|+     -            174 98621at50557         -            140     0.008   15.0   0.1   1   1    0.0024      0.15   10.9   0.1    29    73   110   156    59   174 0.71 -
98621at50557_156304_0:000097|STRG.11074.2:101-622|+    -            174 98621at50557         -            140     0.008   15.0   0.1   1   1    0.0024      0.15   10.9   0.1    29    73   110   156    59   174 0.71 -
17536at50557_103372_0:00299d|STRG.11447.1:2-2278|+     -            759 98621at50557         -            140     0.027   13.3   0.1   1   1   0.00074     0.046   12.6   0.1    55   139   662   755   633   756 0.64 -
#
# Program:         hmmsearch
# Version:         3.4 (Aug 2023)
# Pipeline mode:   SEARCH
# Query file:      /home/justine/projet_tutore/busco_downloads/lineages/insecta_odb10/hmms/98621at50557.hmm
# Target file:     annotation_analysis/annotation_gca/T_cornetzi/busco_output/run_insecta_odb10/metaeuk_output/initial_results/assembled_transcripts.fasta.modified.fas
# Option settings: hmmsearch --domtblout annotation_analysis/annotation_gca/T_cornetzi/busco_output/run_insecta_odb10/hmmer_output/initial_run_results/98621at50557.out --cpu 1 /home/justine/projet_tutore/busco_downloads/lineages/insecta_odb10/hmms/98621at50557.hmm annotation_analysis/annotation_gca/T_cornetzi/busco_output/run_insecta_odb10/metaeuk_output/initial_results/assembled_transcripts.fasta.modified.fas 
# Current dir:     /home/justine/projet_tutore
# Date:            Sun Dec  1 22:21:05 2024
# [ok]
