#                                                                                                            --- full sequence --- -------------- this domain -------------   hmm coord   ali coord   env coord
# target name                                        accession   tlen query name           accession   qlen   E-value  score  bias   #  of  c-Evalue  i-Evalue  score  bias  from    to  from    to  from    to  acc description of target
#                                ------------------- ---------- ----- -------------------- ---------- ----- --------- ------ ----- --- --- --------- --------- ------ ----- ----- ----- ----- ----- ----- ----- ---- ---------------------
99293at50557_34720_0:00065b|STRG.19721.2:2-1123|+    -            374 99293at50557         -            323  5.4e-145  481.7   3.4   1   2  1.4e-138  1.2e-135  451.0   0.4    11   295     1   307     1   313 0.93 -
99293at50557_34720_0:00065b|STRG.19721.2:2-1123|+    -            374 99293at50557         -            323  5.4e-145  481.7   3.4   2   2   5.2e-11   4.7e-08   31.7   0.2   293   323   327   360   324   360 0.90 -
44226at50557_568069_0:001222|STRG.19420.1:135-2123|+ -            663 99293at50557         -            323   1.4e-37  128.7   0.0   1   1   3.1e-40   2.8e-37  127.8   0.0     5   255   247   501   243   561 0.79 -
99293at50557_30023_0:00300a|STRG.5700.1:222-956|+    -            245 99293at50557         -            323   1.3e-11   43.5   0.1   1   2   1.1e-07   9.8e-05   20.8   0.0     6    56    24    77    19    89 0.80 -
99293at50557_30023_0:00300a|STRG.5700.1:222-956|+    -            245 99293at50557         -            323   1.3e-11   43.5   0.1   2   2   9.7e-08   8.7e-05   21.0   0.0   131   228   152   245   126   245 0.83 -
99293at50557_319348_0:000c13|STRG.21561.1:289-948|+  -            220 99293at50557         -            323   9.3e-09   34.1   1.2   1   2   0.00087      0.79    8.0   0.0    21    56     5    40     1    64 0.82 -
99293at50557_319348_0:000c13|STRG.21561.1:289-948|+  -            220 99293at50557         -            323   9.3e-09   34.1   1.2   2   2   5.3e-09   4.7e-06   25.2   0.4   131   229   118   213    83   218 0.82 -
99293at50557_123851_0:002503|STRG.10643.1:593-1252|+ -            220 99293at50557         -            323   1.3e-07   30.3   0.2   1   2       1.3   1.2e+03   -2.4   0.0    28   165    16    45     9    56 0.54 -
99293at50557_123851_0:002503|STRG.10643.1:593-1252|+ -            220 99293at50557         -            323   1.3e-07   30.3   0.2   2   2   2.7e-10   2.4e-07   29.4   0.0    99   230    93   215    90   220 0.76 -
99293at50557_123851_0:002503|STRG.10643.2:593-1252|+ -            220 99293at50557         -            323   1.3e-07   30.3   0.2   1   2       1.3   1.2e+03   -2.4   0.0    28   165    16    45     9    56 0.54 -
99293at50557_123851_0:002503|STRG.10643.2:593-1252|+ -            220 99293at50557         -            323   1.3e-07   30.3   0.2   2   2   2.7e-10   2.4e-07   29.4   0.0    99   230    93   215    90   220 0.76 -
99293at50557_319348_0:000c13|STRG.20835.1:465-1136|+ -            224 99293at50557         -            323   0.00012   20.6   0.4   1   1     4e-07   0.00036   19.0   0.4     9   203     2   200     1   224 0.52 -
106926at50557_568069_0:001f52|STRG.4362.3:72-905|+   -            278 99293at50557         -            323   0.00037   18.9   0.0   1   1   7.4e-07   0.00067   18.1   0.0     6   230    42   267    37   272 0.78 -
99293at50557_28588_0:0011d1|STRG.4362.2:99-779|+     -            227 99293at50557         -            323    0.0015   16.9   0.0   1   1   2.5e-06    0.0023   16.3   0.0     7   227     5   226     1   227 0.74 -
#
# Program:         hmmsearch
# Version:         3.4 (Aug 2023)
# Pipeline mode:   SEARCH
# Query file:      /home/justine/projet_tutore/busco_downloads/lineages/insecta_odb10/hmms/99293at50557.hmm
# Target file:     annotation_analysis/annotation_gca/T_cornetzi/busco_output/run_insecta_odb10/metaeuk_output/initial_results/assembled_transcripts.fasta.modified.fas
# Option settings: hmmsearch --domtblout annotation_analysis/annotation_gca/T_cornetzi/busco_output/run_insecta_odb10/hmmer_output/initial_run_results/99293at50557.out --cpu 1 /home/justine/projet_tutore/busco_downloads/lineages/insecta_odb10/hmms/99293at50557.hmm annotation_analysis/annotation_gca/T_cornetzi/busco_output/run_insecta_odb10/metaeuk_output/initial_results/assembled_transcripts.fasta.modified.fas 
# Current dir:     /home/justine/projet_tutore
# Date:            Sun Dec  1 22:21:07 2024
# [ok]
