#                                                                                                              --- full sequence --- -------------- this domain -------------   hmm coord   ali coord   env coord
# target name                                          accession   tlen query name           accession   qlen   E-value  score  bias   #  of  c-Evalue  i-Evalue  score  bias  from    to  from    to  from    to  acc description of target
#                                  ------------------- ---------- ----- -------------------- ---------- ----- --------- ------ ----- --- --- --------- --------- ------ ----- ----- ----- ----- ----- ----- ----- ---- ---------------------
100045at50557_34720_0:001e41|STRG.14783.2:562-1527|+   -            322 100045at50557        -            240   6.5e-83  276.7  17.1   1   2   3.1e-79   3.2e-77  258.1  13.0     2   216     4   247     3   263 0.85 -
100045at50557_34720_0:001e41|STRG.14783.2:562-1527|+   -            322 100045at50557        -            240   6.5e-83  276.7  17.1   2   2   4.8e-06    0.0005   18.4   0.1   199   240   279   320   261   320 0.88 -
100045at50557_34720_0:001e41|STRG.14783.4:0-962|+      -            321 100045at50557        -            240   2.2e-82  275.0  17.3   1   2   3.2e-79   3.3e-77  258.0  13.0     2   216     4   247     3   261 0.85 -
100045at50557_34720_0:001e41|STRG.14783.4:0-962|+      -            321 100045at50557        -            240   2.2e-82  275.0  17.3   2   2   1.4e-05    0.0015   16.9   0.1   205   240   285   319   261   319 0.83 -
100045at50557_34720_0:001e41|STRG.14783.3:562-1583|+   -            322 100045at50557        -            240   3.3e-82  274.4  16.5   1   2   1.6e-78   1.6e-76  255.8  12.5     2   216     4   247     3   263 0.85 -
100045at50557_34720_0:001e41|STRG.14783.3:562-1583|+   -            322 100045at50557        -            240   3.3e-82  274.4  16.5   2   2   4.8e-06    0.0005   18.4   0.1   199   240   279   320   261   320 0.88 -
100045at50557_34720_0:001e41|STRG.14783.1:175-1113|+   -            313 100045at50557        -            240   6.4e-82  273.5  16.3   1   2   1.3e-78   1.4e-76  256.0  13.0     4   216     1   242     1   259 0.85 -
100045at50557_34720_0:001e41|STRG.14783.1:175-1113|+   -            313 100045at50557        -            240   6.4e-82  273.5  16.3   2   2   1.7e-05    0.0018   16.7   0.1   199   237   274   312   256   313 0.87 -
109756at50557_103372_0:00251e|STRG.3082.2:171-794|+    -            208 100045at50557        -            240   9.1e-23   79.8   0.6   1   1   1.2e-24   1.2e-22   79.4   0.6     6    68    12    75     7    79 0.93 -
109756at50557_103372_0:00251e|STRG.3082.3:171-860|+    -            230 100045at50557        -            240   1.1e-22   79.5   0.6   1   1   1.4e-24   1.5e-22   79.1   0.6     6    68    12    75     7    79 0.93 -
109756at50557_103372_0:00251e|STRG.3082.1:171-914|+    -            248 100045at50557        -            240   1.3e-22   79.3   0.6   1   1   1.7e-24   1.8e-22   78.8   0.6     6    68    12    75     7    78 0.93 -
109756at50557_1629725_0:000447|STRG.6590.1:285-497|+   -             71 100045at50557        -            240   6.4e-22   77.0   0.5   1   1     7e-24   7.3e-22   76.8   0.5     8    69     1    64     1    69 0.91 -
108140at50557_29031_0:00184e|STRG.6590.2:9-425|+       -            139 100045at50557        -            240     1e-21   76.4   0.8   1   1   1.3e-23   1.3e-21   76.0   0.8     8    76     2    72     1    77 0.91 -
74932at50557_103372_0:0007c3|STRG.15435.1:0-1115|+     -            372 100045at50557        -            240   9.6e-19   66.6   0.2   1   1   1.4e-20   1.5e-18   66.0   0.2     4    69    37   103    34   115 0.92 -
74932at50557_64838_0:002280|STRG.3633.1:166-1167|+     -            334 100045at50557        -            240   6.1e-18   64.0   0.2   1   1   8.2e-20   8.6e-18   63.5   0.2     5    69     4    68     1    73 0.91 -
74932at50557_64838_0:002280|STRG.3633.2:3-998|+        -            332 100045at50557        -            240   9.9e-18   63.3   0.2   1   1   1.3e-19   1.4e-17   62.8   0.2     5    69     2    66     1    71 0.92 -
109756at50557_52612_0:003ea0|STRG.8003.1:244-465|+     -             74 100045at50557        -            240   3.9e-17   61.4   0.5   1   1   4.1e-19   4.2e-17   61.2   0.5     5    67     4    67     1    71 0.94 -
74932at50557_286706_0:00199c|STRG.12910.1:294-1307|+   -            338 100045at50557        -            240   2.4e-15   55.5   0.1   1   1   4.3e-17   4.5e-15   54.6   0.1     3    68     6    69     4    76 0.91 -
74932at50557_286706_0:00199c|STRG.12910.2:307-1320|+   -            338 100045at50557        -            240   2.4e-15   55.5   0.1   1   1   4.3e-17   4.5e-15   54.6   0.1     3    68     6    69     4    76 0.91 -
108140at50557_34720_0:001e92|STRG.14777.1:0-1925|+     -            642 100045at50557        -            240   2.6e-15   55.4   0.1   1   1   2.5e-17   2.6e-15   55.4   0.1     8    72     5    71     2    77 0.91 -
73951at50557_34720_0:00262d|STRG.18404.2:38-1732|+     -            528 100045at50557        -            240   2.9e-15   55.3   0.3   1   1     4e-17   4.2e-15   54.7   0.3     4    70    82   149    79   159 0.91 -
73951at50557_34720_0:00262d|STRG.18404.3:38-1621|+     -            528 100045at50557        -            240   2.9e-15   55.3   0.3   1   1     4e-17   4.2e-15   54.7   0.3     4    70    82   149    79   159 0.91 -
74932at50557_286706_0:00199c|STRG.12910.3:9-1004|+     -            332 100045at50557        -            240   6.8e-15   54.0   0.1   1   1   1.2e-16   1.2e-14   53.2   0.1     6    68     3    63     1    70 0.91 -
88846at50557_34720_0:00286f|STRG.19256.1:0-1301|+      -            434 100045at50557        -            240   1.7e-14   52.7   0.1   1   1   1.6e-16   1.7e-14   52.7   0.1     4    70    38   104    35   109 0.92 -
127306at50557_64793_0:0016b5|STRG.4074.1:0-524|+       -            175 100045at50557        -            240   2.8e-14   52.0   0.3   1   1   3.5e-16   3.7e-14   51.6   0.3     3    72    13    83    11    93 0.91 -
25981at50557_456900_0:000c28|STRG.18381.2:4-2055|+     -            684 100045at50557        -            240   5.3e-13   47.8   0.0   1   1   1.5e-14   1.5e-12   46.3   0.0     2    69    25    90    24    93 0.90 -
25981at50557_456900_0:000c28|STRG.18381.1:1-2103|+     -            701 100045at50557        -            240   5.5e-13   47.8   0.0   1   1   1.5e-14   1.6e-12   46.3   0.0     2    69    42   107    41   110 0.90 -
41065at50557_133901_0:001440|STRG.10823.1:120-1454|+   -            445 100045at50557        -            240     6e-13   47.7   1.4   1   2       6.1   6.4e+02   -1.5   0.5   208   220   291   310   208   332 0.57 -
41065at50557_133901_0:001440|STRG.10823.1:120-1454|+   -            445 100045at50557        -            240     6e-13   47.7   1.4   2   2   5.7e-15     6e-13   47.7   1.4     3    68   340   411   338   415 0.82 -
25981at50557_456900_0:000c28|STRG.18381.4:0-2279|+     -            760 100045at50557        -            240   6.4e-13   47.6   0.0   1   1   1.7e-14   1.8e-12   46.1   0.0     2    69   101   166   100   169 0.90 -
126448at50557_568069_0:001ed1|STRG.8823.2:129-866|+    -            246 100045at50557        -            240   1.3e-12   46.6   2.0   1   2   1.2e-14   1.3e-12   46.6   2.0     5   109    15   128    12   138 0.79 -
126448at50557_568069_0:001ed1|STRG.8823.2:129-866|+    -            246 100045at50557        -            240   1.3e-12   46.6   2.0   2   2       2.4   2.6e+02   -0.2   2.0    95   127   183   215   159   241 0.58 -
125026at50557_454923_0:000298|STRG.14178.1:2102-2491|+ -            130 100045at50557        -            240   4.2e-12   44.9   0.0   1   1   4.3e-14   4.6e-12   44.8   0.0     4    74    42   112    39   130 0.86 -
100045at50557_7395_0:004563|STRG.11987.1:9-290|+       -             94 100045at50557        -            240   1.5e-11   43.0   0.3   1   1   1.7e-13   1.8e-11   42.8   0.3     5    73     2    69     1    78 0.89 -
41065at50557_7536_0:00279b|STRG.10260.1:81-377|+       -             99 100045at50557        -            240   2.6e-11   42.3   0.1   1   1   2.7e-13   2.8e-11   42.2   0.1     7    68     2    63     1    79 0.92 -
25981at50557_456900_0:000c28|STRG.18381.3:11-1948|+    -            646 100045at50557        -            240   1.1e-10   40.2   0.1   1   1   3.2e-12   3.4e-10   38.7   0.1    17    69     3    52     1    55 0.94 -
41065at50557_103372_0:000e4c|STRG.1874.1:0-1442|+      -            481 100045at50557        -            240     2e-10   39.4   1.9   1   2       8.1   8.5e+02   -1.9   0.0    75   105   332   362   325   377 0.58 -
41065at50557_103372_0:000e4c|STRG.1874.1:0-1442|+      -            481 100045at50557        -            240     2e-10   39.4   1.9   2   2   1.9e-12     2e-10   39.4   1.9     4    68   376   444   372   458 0.86 -
125026at50557_411798_0:00322d|STRG.10122.1:7-783|+     -            259 100045at50557        -            240   1.6e-09   36.4   4.7   1   1   1.5e-11   1.6e-09   36.4   4.7     5    92    56   143    52   164 0.76 -
60993at50557_103372_0:00057c|STRG.10622.1:0-1682|+     -            561 100045at50557        -            240   1.6e-08   33.1   0.4   1   1   1.5e-10   1.6e-08   33.1   0.4     4   100    12   115     9   129 0.75 -
109756at50557_378494_0:003794|STRG.6795.1:3525-3716|+  -             64 100045at50557        -            240   1.4e-06   26.8   0.1   1   1   1.5e-08   1.5e-06   26.7   0.1    18    55    12    52     5    62 0.75 -
109756at50557_378494_0:003794|STRG.6795.2:3372-3563|+  -             64 100045at50557        -            240   1.4e-06   26.8   0.1   1   1   1.5e-08   1.5e-06   26.7   0.1    18    55    12    52     5    62 0.75 -
135254at50557_13249_0:000902|STRG.5674.1:138-353|+     -             72 100045at50557        -            240   1.7e-05   23.3   0.0   1   1   1.7e-07   1.8e-05   23.2   0.0   135   198    13    72     2    72 0.85 -
135254at50557_13249_0:000902|STRG.5674.3:138-353|+     -             72 100045at50557        -            240   1.7e-05   23.3   0.0   1   1   1.7e-07   1.8e-05   23.2   0.0   135   198    13    72     2    72 0.85 -
135254at50557_13249_0:000902|STRG.5674.4:138-353|+     -             72 100045at50557        -            240   1.7e-05   23.3   0.0   1   1   1.7e-07   1.8e-05   23.2   0.0   135   198    13    72     2    72 0.85 -
74932at50557_64838_0:002280|STRG.6421.1:75-617|+       -            181 100045at50557        -            240   2.2e-05   22.9   0.1   1   1     3e-07   3.1e-05   22.4   0.1     5    69    17    81    14    88 0.90 -
83433at50557_108931_0:0027fa|STRG.7379.2:1287-2126|+   -            280 100045at50557        -            240   2.2e-05   22.9   4.6   1   3     0.036       3.8    5.8   0.2   153   205    22    78    10    99 0.77 -
83433at50557_108931_0:0027fa|STRG.7379.2:1287-2126|+   -            280 100045at50557        -            240   2.2e-05   22.9   4.6   2   3   0.00049     0.052   11.9   0.0   146   194   108   160    87   169 0.75 -
83433at50557_108931_0:0027fa|STRG.7379.2:1287-2126|+   -            280 100045at50557        -            240   2.2e-05   22.9   4.6   3   3     0.036       3.8    5.8   0.3   114   199   177   268   169   278 0.67 -
117816at50557_69004_0:00324f|STRG.7379.1:661-1704|+    -            348 100045at50557        -            240   2.9e-05   22.5   3.4   1   3     0.062       6.5    5.0   0.1   153   203   101   155    89   164 0.75 -
117816at50557_69004_0:00324f|STRG.7379.1:661-1704|+    -            348 100045at50557        -            240   2.9e-05   22.5   3.4   2   3   0.00092     0.096   11.0   1.7   146   201   187   246   165   283 0.69 -
117816at50557_69004_0:00324f|STRG.7379.1:661-1704|+    -            348 100045at50557        -            240   2.9e-05   22.5   3.4   3   3     0.092       9.7    4.4   0.3   114   197   256   345   248   348 0.64 -
74932at50557_64838_0:002280|STRG.6421.2:75-833|+       -            253 100045at50557        -            240     4e-05   22.1   0.1   1   1   5.9e-07   6.2e-05   21.4   0.1     5    69    17    81    14    87 0.90 -
74932at50557_64838_0:002280|STRG.6421.4:75-833|+       -            253 100045at50557        -            240     4e-05   22.1   0.1   1   1   5.9e-07   6.2e-05   21.4   0.1     5    69    17    81    14    87 0.90 -
96874at50557_34720_0:002015|STRG.15353.1:0-1115|+      -            372 100045at50557        -            240   5.3e-05   21.6   0.1   1   1   7.5e-07   7.8e-05   21.1   0.1     4    64   298   363   296   368 0.85 -
129956at50557_441921_0:0017da|STRG.6134.2:155-397|+    -             81 100045at50557        -            240   0.00037   18.9   0.0   1   1   3.6e-06   0.00037   18.9   0.0   151   196    23    68     4    79 0.87 -
129956at50557_441921_0:0017da|STRG.6134.3:155-397|+    -             81 100045at50557        -            240   0.00037   18.9   0.0   1   1   3.6e-06   0.00037   18.9   0.0   151   196    23    68     4    79 0.87 -
129956at50557_441921_0:0017da|STRG.6134.4:155-397|+    -             81 100045at50557        -            240   0.00037   18.9   0.0   1   1   3.6e-06   0.00037   18.9   0.0   151   196    23    68     4    79 0.87 -
129956at50557_441921_0:0017da|STRG.6134.5:155-397|+    -             81 100045at50557        -            240   0.00037   18.9   0.0   1   1   3.6e-06   0.00037   18.9   0.0   151   196    23    68     4    79 0.87 -
129956at50557_441921_0:0017da|STRG.6134.6:155-397|+    -             81 100045at50557        -            240   0.00037   18.9   0.0   1   1   3.6e-06   0.00037   18.9   0.0   151   196    23    68     4    79 0.87 -
129956at50557_441921_0:0017da|STRG.6134.8:155-397|+    -             81 100045at50557        -            240   0.00037   18.9   0.0   1   1   3.6e-06   0.00037   18.9   0.0   151   196    23    68     4    79 0.87 -
129956at50557_441921_0:0017da|STRG.6134.9:155-397|+    -             81 100045at50557        -            240   0.00037   18.9   0.0   1   1   3.6e-06   0.00037   18.9   0.0   151   196    23    68     4    79 0.87 -
117816at50557_69004_0:00324f|STRG.17078.4:446-1009|+   -            188 100045at50557        -            240   0.00055   18.3   0.0   1   2    0.0015      0.16   10.2   0.0   156   200    15    64     8    79 0.81 -
117816at50557_69004_0:00324f|STRG.17078.4:446-1009|+   -            188 100045at50557        -            240   0.00055   18.3   0.0   2   2     0.027       2.8    6.2   0.0   128   193   108   176    98   181 0.74 -
129956at50557_7176_0:003daf|STRG.19297.1:259-501|+     -             81 100045at50557        -            240   0.00081   17.8   0.0   1   1   8.9e-06   0.00094   17.6   0.0   152   194    11    58     5    70 0.78 -
83433at50557_133901_0:001dd1|STRG.9408.1:113-673|+     -            187 100045at50557        -            240    0.0024   16.2   0.0   1   2      0.15        16    3.7   0.0   155   176    30    51    23    78 0.70 -
83433at50557_133901_0:001dd1|STRG.9408.1:113-673|+     -            187 100045at50557        -            240    0.0024   16.2   0.0   2   2    0.0012      0.12   10.6   0.0   148   188   114   159   103   179 0.80 -
129956at50557_37344_0:0029cb|STRG.1794.2:309-551|+     -             81 100045at50557        -            240    0.0034   15.7   0.0   1   1   3.8e-05    0.0039   15.5   0.0   150   199     9    63     4    73 0.83 -
104832at50557_315563_0:002a5b|STRG.3804.1:1238-1861|+  -            208 100045at50557        -            240    0.0042   15.4   0.0   1   2       2.1   2.2e+02   -0.0   0.0   149   175    63    89    53   123 0.74 -
104832at50557_315563_0:002a5b|STRG.3804.1:1238-1861|+  -            208 100045at50557        -            240    0.0042   15.4   0.0   2   2   0.00022     0.023   13.0   0.0   156   200   149   192   141   205 0.86 -
104832at50557_315563_0:002a5b|STRG.3804.3:1238-1861|+  -            208 100045at50557        -            240    0.0042   15.4   0.0   1   2       2.1   2.2e+02   -0.0   0.0   149   175    63    89    53   123 0.74 -
104832at50557_315563_0:002a5b|STRG.3804.3:1238-1861|+  -            208 100045at50557        -            240    0.0042   15.4   0.0   2   2   0.00022     0.023   13.0   0.0   156   200   149   192   141   205 0.86 -
104832at50557_315563_0:002a5b|STRG.3804.4:1238-1861|+  -            208 100045at50557        -            240    0.0042   15.4   0.0   1   2       2.1   2.2e+02   -0.0   0.0   149   175    63    89    53   123 0.74 -
104832at50557_315563_0:002a5b|STRG.3804.4:1238-1861|+  -            208 100045at50557        -            240    0.0042   15.4   0.0   2   2   0.00022     0.023   13.0   0.0   156   200   149   192   141   205 0.86 -
104832at50557_315563_0:002a5b|STRG.3804.5:1290-1913|+  -            208 100045at50557        -            240    0.0042   15.4   0.0   1   2       2.1   2.2e+02   -0.0   0.0   149   175    63    89    53   123 0.74 -
104832at50557_315563_0:002a5b|STRG.3804.5:1290-1913|+  -            208 100045at50557        -            240    0.0042   15.4   0.0   2   2   0.00022     0.023   13.0   0.0   156   200   149   192   141   205 0.86 -
129956at50557_441921_0:0017da|STRG.8491.1:15-239|+     -             75 100045at50557        -            240    0.0045   15.3   0.0   1   1   4.7e-05     0.005   15.2   0.0   153   194    19    60    12    71 0.89 -
129956at50557_441921_0:0017da|STRG.7379.1:1207-1437|+  -             77 100045at50557        -            240    0.0054   15.1   0.0   1   1   5.9e-05    0.0062   14.9   0.0   149   194     8    57     2    69 0.79 -
117816at50557_29058_0:000b65|STRG.19865.10:520-993|+   -            158 100045at50557        -            240    0.0059   14.9   0.1   1   2       0.2        21    3.3   0.0   155   208     9    67     2    95 0.70 -
117816at50557_29058_0:000b65|STRG.19865.10:520-993|+   -            158 100045at50557        -            240    0.0059   14.9   0.1   2   2    0.0014      0.14   10.4   0.0   153   199    93   144    75   156 0.79 -
117816at50557_29058_0:000b65|STRG.19865.1:1542-2015|+  -            158 100045at50557        -            240    0.0059   14.9   0.1   1   2       0.2        21    3.3   0.0   155   208     9    67     2    95 0.70 -
117816at50557_29058_0:000b65|STRG.19865.1:1542-2015|+  -            158 100045at50557        -            240    0.0059   14.9   0.1   2   2    0.0014      0.14   10.4   0.0   153   199    93   144    75   156 0.79 -
117816at50557_29058_0:000b65|STRG.19865.2:1666-2139|+  -            158 100045at50557        -            240    0.0059   14.9   0.1   1   2       0.2        21    3.3   0.0   155   208     9    67     2    95 0.70 -
117816at50557_29058_0:000b65|STRG.19865.2:1666-2139|+  -            158 100045at50557        -            240    0.0059   14.9   0.1   2   2    0.0014      0.14   10.4   0.0   153   199    93   144    75   156 0.79 -
117816at50557_29058_0:000b65|STRG.19865.4:1531-2004|+  -            158 100045at50557        -            240    0.0059   14.9   0.1   1   2       0.2        21    3.3   0.0   155   208     9    67     2    95 0.70 -
117816at50557_29058_0:000b65|STRG.19865.4:1531-2004|+  -            158 100045at50557        -            240    0.0059   14.9   0.1   2   2    0.0014      0.14   10.4   0.0   153   199    93   144    75   156 0.79 -
117816at50557_29058_0:000b65|STRG.19865.5:395-868|+    -            158 100045at50557        -            240    0.0059   14.9   0.1   1   2       0.2        21    3.3   0.0   155   208     9    67     2    95 0.70 -
117816at50557_29058_0:000b65|STRG.19865.5:395-868|+    -            158 100045at50557        -            240    0.0059   14.9   0.1   2   2    0.0014      0.14   10.4   0.0   153   199    93   144    75   156 0.79 -
117816at50557_29058_0:000b65|STRG.19865.6:875-1348|+   -            158 100045at50557        -            240    0.0059   14.9   0.1   1   2       0.2        21    3.3   0.0   155   208     9    67     2    95 0.70 -
117816at50557_29058_0:000b65|STRG.19865.6:875-1348|+   -            158 100045at50557        -            240    0.0059   14.9   0.1   2   2    0.0014      0.14   10.4   0.0   153   199    93   144    75   156 0.79 -
117816at50557_29058_0:000b65|STRG.19865.7:347-820|+    -            158 100045at50557        -            240    0.0059   14.9   0.1   1   2       0.2        21    3.3   0.0   155   208     9    67     2    95 0.70 -
117816at50557_29058_0:000b65|STRG.19865.7:347-820|+    -            158 100045at50557        -            240    0.0059   14.9   0.1   2   2    0.0014      0.14   10.4   0.0   153   199    93   144    75   156 0.79 -
117816at50557_29058_0:000b65|STRG.19865.8:520-993|+    -            158 100045at50557        -            240    0.0059   14.9   0.1   1   2       0.2        21    3.3   0.0   155   208     9    67     2    95 0.70 -
117816at50557_29058_0:000b65|STRG.19865.8:520-993|+    -            158 100045at50557        -            240    0.0059   14.9   0.1   2   2    0.0014      0.14   10.4   0.0   153   199    93   144    75   156 0.79 -
129956at50557_7370_0:002364|STRG.16907.2:219-470|+     -             84 100045at50557        -            240    0.0066   14.8   0.0   1   1   6.7e-05     0.007   14.7   0.0   149   199    10    65     4    80 0.81 -
129956at50557_64459_0:001a3e|STRG.17078.1:493-906|+    -            138 100045at50557        -            240    0.0074   14.6   0.0   1   2   0.00014     0.014   13.7   0.0   156   210    15    76     8   107 0.73 -
129956at50557_64459_0:001a3e|STRG.17078.1:493-906|+    -            138 100045at50557        -            240    0.0074   14.6   0.0   2   2       3.3   3.5e+02   -0.7   0.0   128   167    87   124    75   130 0.66 -
129956at50557_64459_0:001a3e|STRG.17078.6:1746-2159|+  -            138 100045at50557        -            240    0.0074   14.6   0.0   1   2   0.00014     0.014   13.7   0.0   156   210    15    76     8   107 0.73 -
129956at50557_64459_0:001a3e|STRG.17078.6:1746-2159|+  -            138 100045at50557        -            240    0.0074   14.6   0.0   2   2       3.3   3.5e+02   -0.7   0.0   128   167    87   124    75   130 0.66 -
129956at50557_74873_0:002c71|STRG.8384.1:0-236|+       -             79 100045at50557        -            240     0.012   14.0   0.0   1   1   0.00011     0.012   14.0   0.0   150   200    19    70     5    78 0.80 -
2744at50557_103372_0:002a6a|STRG.546.1:45-4772|+       -           1576 100045at50557        -            240     0.021   13.2   0.0   1   1   0.00042     0.044   12.1   0.0    18    61   653   693   634   697 0.77 -
129956at50557_67767_0:0003b6|STRG.17078.5:2059-2316|+  -             86 100045at50557        -            240     0.022   13.1   0.0   1   1   0.00022     0.023   13.0   0.0   155   200    14    64     7    80 0.82 -
117816at50557_7493_0:002cdd|STRG.17276.1:966-1442|+    -            159 100045at50557        -            240     0.025   12.9   0.0   1   2       0.2        21    3.3   0.0   159   209    18    72     9    93 0.68 -
117816at50557_7493_0:002cdd|STRG.17276.1:966-1442|+    -            159 100045at50557        -            240     0.025   12.9   0.0   2   2    0.0089      0.93    7.8   0.0   154   198   101   150    93   155 0.79 -
129956at50557_7160_0:003f5c|STRG.19976.1:551-763|+     -             71 100045at50557        -            240     0.026   12.8   0.0   1   1   0.00029     0.031   12.6   0.0   155   199    12    61     8    69 0.75 -
129956at50557_7160_0:003f5c|STRG.19976.2:551-763|+     -             71 100045at50557        -            240     0.026   12.8   0.0   1   1   0.00029     0.031   12.6   0.0   155   199    12    61     8    69 0.75 -
2744at50557_1507135_0:0021e2|STRG.546.2:286-6976|+     -           2224 100045at50557        -            240     0.028   12.7   0.0   1   1   0.00061     0.064   11.6   0.0    18    61  1301  1341  1282  1345 0.77 -
129956at50557_441921_0:0017da|STRG.7378.1:579-809|+    -             77 100045at50557        -            240     0.031   12.6   0.0   1   1   0.00034     0.036   12.4   0.0   149   194     8    57     2    68 0.75 -
60261at50557_103372_0:0007d1|STRG.17256.1:0-1274|+     -            425 100045at50557        -            240     0.098   10.9   0.0   1   1    0.0015      0.16   10.2   0.0   155   194   247   285   241   302 0.90 -
#
# Program:         hmmsearch
# Version:         3.4 (Aug 2023)
# Pipeline mode:   SEARCH
# Query file:      /data/projet1/projet_tutore/busco_downloads/lineages/insecta_odb10/hmms/100045at50557.hmm
# Target file:     annotation_analysis/annotation_gca/T_septentrionalis/busco_output/run_insecta_odb10/metaeuk_output/initial_results/assembled_transcripts.fasta.modified.fas
# Option settings: hmmsearch --domtblout annotation_analysis/annotation_gca/T_septentrionalis/busco_output/run_insecta_odb10/hmmer_output/initial_run_results/100045at50557.out --cpu 1 /data/projet1/projet_tutore/busco_downloads/lineages/insecta_odb10/hmms/100045at50557.hmm annotation_analysis/annotation_gca/T_septentrionalis/busco_output/run_insecta_odb10/metaeuk_output/initial_results/assembled_transcripts.fasta.modified.fas 
# Current dir:     /data/projet1/projet_tutore
# Date:            Sun Oct 13 13:52:03 2024
# [ok]
