#                                                                                                              --- full sequence --- -------------- this domain -------------   hmm coord   ali coord   env coord
# target name                                          accession   tlen query name           accession   qlen   E-value  score  bias   #  of  c-Evalue  i-Evalue  score  bias  from    to  from    to  from    to  acc description of target
#                                  ------------------- ---------- ----- -------------------- ---------- ----- --------- ------ ----- --- --- --------- --------- ------ ----- ----- ----- ----- ----- ----- ----- ---- ---------------------
104016at50557_520822_0:000af5|STRG.10860.1:252-1376|+  -            375 104016at50557        -            220   3.6e-54  182.3   7.5   1   3   0.00039     0.049   11.9   0.1     1    31    50    80    50    83 0.93 -
104016at50557_520822_0:000af5|STRG.10860.1:252-1376|+  -            375 104016at50557        -            220   3.6e-54  182.3   7.5   2   3   3.1e-27   3.9e-25   87.4   0.2    17   147    81   260    78   267 0.82 -
104016at50557_520822_0:000af5|STRG.10860.1:252-1376|+  -            375 104016at50557        -            220   3.6e-54  182.3   7.5   3   3   1.1e-23   1.3e-21   75.8   0.4   148   218   281   359   272   362 0.89 -
13553at50557_34720_0:0020c1|STRG.15687.2:95-1969|+     -            625 104016at50557        -            220   3.1e-08   32.1   1.3   1   5       4.6   5.7e+02   -1.4   0.0    85   103   117   134   104   152 0.74 -
13553at50557_34720_0:0020c1|STRG.15687.2:95-1969|+     -            625 104016at50557        -            220   3.1e-08   32.1   1.3   2   5     0.014       1.8    6.7   0.1    77   107   154   184   119   195 0.81 -
13553at50557_34720_0:0020c1|STRG.15687.2:95-1969|+     -            625 104016at50557        -            220   3.1e-08   32.1   1.3   3   5     0.017       2.2    6.5   0.0   149   181   157   191   155   222 0.54 -
13553at50557_34720_0:0020c1|STRG.15687.2:95-1969|+     -            625 104016at50557        -            220   3.1e-08   32.1   1.3   4   5   4.1e-05    0.0052   15.1   0.0    43   105   454   518   416   525 0.81 -
13553at50557_34720_0:0020c1|STRG.15687.2:95-1969|+     -            625 104016at50557        -            220   3.1e-08   32.1   1.3   5   5     0.043       5.3    5.2   0.0   156   204   547   600   537   606 0.82 -
13553at50557_64793_0:0003df|STRG.15687.3:95-2661|+     -            854 104016at50557        -            220   9.3e-08   30.6   0.8   1   4         7   8.8e+02   -2.0   0.0    85   102   117   133   108   149 0.71 -
13553at50557_64793_0:0003df|STRG.15687.3:95-2661|+     -            854 104016at50557        -            220   9.3e-08   30.6   0.8   2   4     0.018       2.2    6.5   0.0    78   108   155   185   141   212 0.78 -
13553at50557_64793_0:0003df|STRG.15687.3:95-2661|+     -            854 104016at50557        -            220   9.3e-08   30.6   0.8   3   4   6.3e-05    0.0079   14.4   0.0    43   105   454   518   416   525 0.81 -
13553at50557_64793_0:0003df|STRG.15687.3:95-2661|+     -            854 104016at50557        -            220   9.3e-08   30.6   0.8   4   4     0.063       7.9    4.6   0.0   156   204   547   600   537   606 0.82 -
13553at50557_34720_0:0020c1|STRG.15687.4:0-2663|+      -            888 104016at50557        -            220     1e-07   30.4   0.7   1   5       7.1   8.9e+02   -2.1   0.0    85   102   117   133   104   149 0.73 -
13553at50557_34720_0:0020c1|STRG.15687.4:0-2663|+      -            888 104016at50557        -            220     1e-07   30.4   0.7   2   5     0.022       2.7    6.2   0.0    78   107   155   184   143   198 0.76 -
13553at50557_34720_0:0020c1|STRG.15687.4:0-2663|+      -            888 104016at50557        -            220     1e-07   30.4   0.7   3   5     0.027       3.3    5.9   0.0   149   180   157   190   155   222 0.54 -
13553at50557_34720_0:0020c1|STRG.15687.4:0-2663|+      -            888 104016at50557        -            220     1e-07   30.4   0.7   4   5   6.7e-05    0.0083   14.4   0.0    43   105   454   518   416   525 0.81 -
13553at50557_34720_0:0020c1|STRG.15687.4:0-2663|+      -            888 104016at50557        -            220     1e-07   30.4   0.7   5   5     0.066       8.2    4.6   0.0   156   204   547   600   537   606 0.82 -
80377at50557_30019_0:0008bb|STRG.11985.1:1377-2237|+   -            287 104016at50557        -            220   1.5e-07   29.9   1.7   1   5    0.0002     0.025   12.8   0.1    23   102    15    91     6    97 0.66 -
80377at50557_30019_0:0008bb|STRG.11985.1:1377-2237|+   -            287 104016at50557        -            220   1.5e-07   29.9   1.7   2   5      0.53        66    1.6   0.0    78    99   107   128    93   133 0.58 -
80377at50557_30019_0:0008bb|STRG.11985.1:1377-2237|+   -            287 104016at50557        -            220   1.5e-07   29.9   1.7   3   5       0.4        50    2.0   0.0   159   202   121   167   107   183 0.51 -
80377at50557_30019_0:0008bb|STRG.11985.1:1377-2237|+   -            287 104016at50557        -            220   1.5e-07   29.9   1.7   4   5      0.13        16    3.6   0.0   183   208   188   213   166   222 0.75 -
80377at50557_30019_0:0008bb|STRG.11985.1:1377-2237|+   -            287 104016at50557        -            220   1.5e-07   29.9   1.7   5   5     0.049       6.1    5.0   0.0    76   103   224   252   214   287 0.49 -
80377at50557_30019_0:0008bb|STRG.11985.2:1377-2237|+   -            287 104016at50557        -            220   1.5e-07   29.9   1.7   1   5    0.0002     0.025   12.8   0.1    23   102    15    91     6    97 0.66 -
80377at50557_30019_0:0008bb|STRG.11985.2:1377-2237|+   -            287 104016at50557        -            220   1.5e-07   29.9   1.7   2   5      0.53        66    1.6   0.0    78    99   107   128    93   133 0.58 -
80377at50557_30019_0:0008bb|STRG.11985.2:1377-2237|+   -            287 104016at50557        -            220   1.5e-07   29.9   1.7   3   5       0.4        50    2.0   0.0   159   202   121   167   107   183 0.51 -
80377at50557_30019_0:0008bb|STRG.11985.2:1377-2237|+   -            287 104016at50557        -            220   1.5e-07   29.9   1.7   4   5      0.13        16    3.6   0.0   183   208   188   213   166   222 0.75 -
80377at50557_30019_0:0008bb|STRG.11985.2:1377-2237|+   -            287 104016at50557        -            220   1.5e-07   29.9   1.7   5   5     0.049       6.1    5.0   0.0    76   103   224   252   214   287 0.49 -
80377at50557_30019_0:0008bb|STRG.11985.3:1033-1893|+   -            287 104016at50557        -            220   1.5e-07   29.9   1.7   1   5    0.0002     0.025   12.8   0.1    23   102    15    91     6    97 0.66 -
80377at50557_30019_0:0008bb|STRG.11985.3:1033-1893|+   -            287 104016at50557        -            220   1.5e-07   29.9   1.7   2   5      0.53        66    1.6   0.0    78    99   107   128    93   133 0.58 -
80377at50557_30019_0:0008bb|STRG.11985.3:1033-1893|+   -            287 104016at50557        -            220   1.5e-07   29.9   1.7   3   5       0.4        50    2.0   0.0   159   202   121   167   107   183 0.51 -
80377at50557_30019_0:0008bb|STRG.11985.3:1033-1893|+   -            287 104016at50557        -            220   1.5e-07   29.9   1.7   4   5      0.13        16    3.6   0.0   183   208   188   213   166   222 0.75 -
80377at50557_30019_0:0008bb|STRG.11985.3:1033-1893|+   -            287 104016at50557        -            220   1.5e-07   29.9   1.7   5   5     0.049       6.1    5.0   0.0    76   103   224   252   214   287 0.49 -
80377at50557_30019_0:0008bb|STRG.11985.4:1597-2457|+   -            287 104016at50557        -            220   1.5e-07   29.9   1.7   1   5    0.0002     0.025   12.8   0.1    23   102    15    91     6    97 0.66 -
80377at50557_30019_0:0008bb|STRG.11985.4:1597-2457|+   -            287 104016at50557        -            220   1.5e-07   29.9   1.7   2   5      0.53        66    1.6   0.0    78    99   107   128    93   133 0.58 -
80377at50557_30019_0:0008bb|STRG.11985.4:1597-2457|+   -            287 104016at50557        -            220   1.5e-07   29.9   1.7   3   5       0.4        50    2.0   0.0   159   202   121   167   107   183 0.51 -
80377at50557_30019_0:0008bb|STRG.11985.4:1597-2457|+   -            287 104016at50557        -            220   1.5e-07   29.9   1.7   4   5      0.13        16    3.6   0.0   183   208   188   213   166   222 0.75 -
80377at50557_30019_0:0008bb|STRG.11985.4:1597-2457|+   -            287 104016at50557        -            220   1.5e-07   29.9   1.7   5   5     0.049       6.1    5.0   0.0    76   103   224   252   214   287 0.49 -
80377at50557_30019_0:0008bb|STRG.11985.5:1377-2237|+   -            287 104016at50557        -            220   1.5e-07   29.9   1.7   1   5    0.0002     0.025   12.8   0.1    23   102    15    91     6    97 0.66 -
80377at50557_30019_0:0008bb|STRG.11985.5:1377-2237|+   -            287 104016at50557        -            220   1.5e-07   29.9   1.7   2   5      0.53        66    1.6   0.0    78    99   107   128    93   133 0.58 -
80377at50557_30019_0:0008bb|STRG.11985.5:1377-2237|+   -            287 104016at50557        -            220   1.5e-07   29.9   1.7   3   5       0.4        50    2.0   0.0   159   202   121   167   107   183 0.51 -
80377at50557_30019_0:0008bb|STRG.11985.5:1377-2237|+   -            287 104016at50557        -            220   1.5e-07   29.9   1.7   4   5      0.13        16    3.6   0.0   183   208   188   213   166   222 0.75 -
80377at50557_30019_0:0008bb|STRG.11985.5:1377-2237|+   -            287 104016at50557        -            220   1.5e-07   29.9   1.7   5   5     0.049       6.1    5.0   0.0    76   103   224   252   214   287 0.49 -
80377at50557_30019_0:0008bb|STRG.11985.8:921-1781|+    -            287 104016at50557        -            220   1.5e-07   29.9   1.7   1   5    0.0002     0.025   12.8   0.1    23   102    15    91     6    97 0.66 -
80377at50557_30019_0:0008bb|STRG.11985.8:921-1781|+    -            287 104016at50557        -            220   1.5e-07   29.9   1.7   2   5      0.53        66    1.6   0.0    78    99   107   128    93   133 0.58 -
80377at50557_30019_0:0008bb|STRG.11985.8:921-1781|+    -            287 104016at50557        -            220   1.5e-07   29.9   1.7   3   5       0.4        50    2.0   0.0   159   202   121   167   107   183 0.51 -
80377at50557_30019_0:0008bb|STRG.11985.8:921-1781|+    -            287 104016at50557        -            220   1.5e-07   29.9   1.7   4   5      0.13        16    3.6   0.0   183   208   188   213   166   222 0.75 -
80377at50557_30019_0:0008bb|STRG.11985.8:921-1781|+    -            287 104016at50557        -            220   1.5e-07   29.9   1.7   5   5     0.049       6.1    5.0   0.0    76   103   224   252   214   287 0.49 -
13553at50557_64793_0:0003df|STRG.15687.1:95-2738|+     -            851 104016at50557        -            220   6.9e-07   27.7   0.5   1   4         7   8.7e+02   -2.0   0.0    85   102   117   133   108   149 0.71 -
13553at50557_64793_0:0003df|STRG.15687.1:95-2738|+     -            851 104016at50557        -            220   6.9e-07   27.7   0.5   2   4     0.018       2.2    6.5   0.0    78   108   155   185   141   212 0.78 -
13553at50557_64793_0:0003df|STRG.15687.1:95-2738|+     -            851 104016at50557        -            220   6.9e-07   27.7   0.5   3   4   0.00057     0.072   11.3   0.0    43    99   454   512   416   521 0.80 -
13553at50557_64793_0:0003df|STRG.15687.1:95-2738|+     -            851 104016at50557        -            220   6.9e-07   27.7   0.5   4   4     0.063       7.8    4.7   0.0   156   204   544   597   534   603 0.82 -
14512at50557_103372_0:0005b9|STRG.10595.3:359-2671|+   -            771 104016at50557        -            220     1e-06   27.1   0.0   1   4    0.0077      0.96    7.6   0.0    26    98    20    94    13    98 0.69 -
14512at50557_103372_0:0005b9|STRG.10595.3:359-2671|+   -            771 104016at50557        -            220     1e-06   27.1   0.0   2   4   0.00035     0.044   12.0   0.0    27   107    64   145    62   155 0.74 -
14512at50557_103372_0:0005b9|STRG.10595.3:359-2671|+   -            771 104016at50557        -            220     1e-06   27.1   0.0   3   4      0.26        33    2.6   0.0    78    99   158   179   144   187 0.78 -
14512at50557_103372_0:0005b9|STRG.10595.3:359-2671|+   -            771 104016at50557        -            220     1e-06   27.1   0.0   4   4       0.2        26    3.0   0.0    84   177   164   190   158   233 0.51 -
80377at50557_77166_0:002f29|STRG.16282.1:593-1507|+    -            305 104016at50557        -            220   1.2e-06   27.0   0.2   1   3     2e-05    0.0025   16.1   0.0    56    98    13    55    10    67 0.91 -
80377at50557_77166_0:002f29|STRG.16282.1:593-1507|+    -            305 104016at50557        -            220   1.2e-06   27.0   0.2   2   3     0.016         2    6.6   0.0   183   211   122   150    94   159 0.71 -
80377at50557_77166_0:002f29|STRG.16282.1:593-1507|+    -            305 104016at50557        -            220   1.2e-06   27.0   0.2   3   3       1.9   2.3e+02   -0.2   0.0    65    99   191   225   168   233 0.74 -
80377at50557_166361_0:002fc1|STRG.2287.1:501-1214|+    -            238 104016at50557        -            220   1.3e-06   26.8   0.0   1   3       2.1   2.7e+02   -0.4   0.0    71    96    11    36     1    45 0.71 -
80377at50557_166361_0:002fc1|STRG.2287.1:501-1214|+    -            238 104016at50557        -            220   1.3e-06   26.8   0.0   2   3   0.00023     0.028   12.6   0.0    23   100    64   144    55   154 0.86 -
80377at50557_166361_0:002fc1|STRG.2287.1:501-1214|+    -            238 104016at50557        -            220   1.3e-06   26.8   0.0   3   3   0.00072      0.09   11.0   0.0    19   100   149   233   145   236 0.77 -
14512at50557_103372_0:0005b9|STRG.10595.1:359-2938|+   -            860 104016at50557        -            220   1.7e-06   26.5   0.0   1   4    0.0089       1.1    7.4   0.0    26    98    20    94    13    98 0.69 -
14512at50557_103372_0:0005b9|STRG.10595.1:359-2938|+   -            860 104016at50557        -            220   1.7e-06   26.5   0.0   2   4    0.0005     0.062   11.5   0.0    29   107    66   145    63   154 0.72 -
14512at50557_103372_0:0005b9|STRG.10595.1:359-2938|+   -            860 104016at50557        -            220   1.7e-06   26.5   0.0   3   4      0.33        41    2.3   0.0    78    99   158   179   144   185 0.78 -
14512at50557_103372_0:0005b9|STRG.10595.1:359-2938|+   -            860 104016at50557        -            220   1.7e-06   26.5   0.0   4   4      0.23        29    2.8   0.0    84   177   164   190   158   233 0.51 -
14512at50557_103372_0:0005b9|STRG.10595.2:359-2995|+   -            879 104016at50557        -            220   1.9e-06   26.3   0.0   1   4    0.0091       1.1    7.4   0.0    26    98    20    94    13    98 0.69 -
14512at50557_103372_0:0005b9|STRG.10595.2:359-2995|+   -            879 104016at50557        -            220   1.9e-06   26.3   0.0   2   4   0.00078     0.098   10.9   0.0    60   114    99   152    93   178 0.73 -
14512at50557_103372_0:0005b9|STRG.10595.2:359-2995|+   -            879 104016at50557        -            220   1.9e-06   26.3   0.0   3   4      0.27        34    2.6   0.0    78    99   158   179   144   194 0.79 -
14512at50557_103372_0:0005b9|STRG.10595.2:359-2995|+   -            879 104016at50557        -            220   1.9e-06   26.3   0.0   4   4      0.24        30    2.8   0.0    84   177   164   190   158   233 0.51 -
80377at50557_166361_0:002fc1|STRG.949.1:108-659|+      -            184 104016at50557        -            220   5.8e-06   24.7   0.3   1   4       1.5   1.9e+02    0.1   0.0    80    99     1    20     1    35 0.83 -
80377at50557_166361_0:002fc1|STRG.949.1:108-659|+      -            184 104016at50557        -            220   5.8e-06   24.7   0.3   2   4       0.2        25    3.0   0.0    67    97    37    67    31    72 0.89 -
80377at50557_166361_0:002fc1|STRG.949.1:108-659|+      -            184 104016at50557        -            220   5.8e-06   24.7   0.3   3   4       3.5   4.3e+02   -1.0   0.0    78    99   106   127    90   131 0.80 -
80377at50557_166361_0:002fc1|STRG.949.1:108-659|+      -            184 104016at50557        -            220   5.8e-06   24.7   0.3   4   4   1.1e-05    0.0014   16.9   0.1   167   210   131   176   109   181 0.81 -
33043at50557_103372_0:000263|STRG.15997.2:192-2916|+   -            797 104016at50557        -            220   1.8e-05   23.1   7.1   1   8    0.0006     0.074   11.3   0.1    25   104    66   147    44   152 0.74 -
33043at50557_103372_0:000263|STRG.15997.2:192-2916|+   -            797 104016at50557        -            220   1.8e-05   23.1   7.1   2   8      0.28        34    2.5   0.0    27    99   153   228   148   230 0.83 -
33043at50557_103372_0:000263|STRG.15997.2:192-2916|+   -            797 104016at50557        -            220   1.8e-05   23.1   7.1   3   8      0.33        41    2.3   0.0    80   102   263   285   259   290 0.77 -
33043at50557_103372_0:000263|STRG.15997.2:192-2916|+   -            797 104016at50557        -            220   1.8e-05   23.1   7.1   4   8       9.6   1.2e+03   -2.5   0.0   179   206   309   336   308   349 0.81 -
33043at50557_103372_0:000263|STRG.15997.2:192-2916|+   -            797 104016at50557        -            220   1.8e-05   23.1   7.1   5   8       2.7   3.3e+02   -0.7   0.0    25    74   364   414   351   430 0.55 -
33043at50557_103372_0:000263|STRG.15997.2:192-2916|+   -            797 104016at50557        -            220   1.8e-05   23.1   7.1   6   8       6.4     8e+02   -1.9   0.0    67    98   432   464   419   491 0.67 -
33043at50557_103372_0:000263|STRG.15997.2:192-2916|+   -            797 104016at50557        -            220   1.8e-05   23.1   7.1   7   8       1.4   1.8e+02    0.2   0.0    62    96   480   514   471   519 0.84 -
33043at50557_103372_0:000263|STRG.15997.2:192-2916|+   -            797 104016at50557        -            220   1.8e-05   23.1   7.1   8   8      0.36        45    2.2   0.0    73   102   576   604   549   624 0.71 -
33043at50557_103372_0:000263|STRG.15997.3:192-2943|+   -            797 104016at50557        -            220   1.8e-05   23.1   7.1   1   8    0.0006     0.074   11.3   0.1    25   104    66   147    44   152 0.74 -
33043at50557_103372_0:000263|STRG.15997.3:192-2943|+   -            797 104016at50557        -            220   1.8e-05   23.1   7.1   2   8      0.28        34    2.5   0.0    27    99   153   228   148   230 0.83 -
33043at50557_103372_0:000263|STRG.15997.3:192-2943|+   -            797 104016at50557        -            220   1.8e-05   23.1   7.1   3   8      0.33        41    2.3   0.0    80   102   263   285   259   290 0.77 -
33043at50557_103372_0:000263|STRG.15997.3:192-2943|+   -            797 104016at50557        -            220   1.8e-05   23.1   7.1   4   8       9.6   1.2e+03   -2.5   0.0   179   206   309   336   308   349 0.81 -
33043at50557_103372_0:000263|STRG.15997.3:192-2943|+   -            797 104016at50557        -            220   1.8e-05   23.1   7.1   5   8       2.7   3.3e+02   -0.7   0.0    25    74   364   414   351   430 0.55 -
33043at50557_103372_0:000263|STRG.15997.3:192-2943|+   -            797 104016at50557        -            220   1.8e-05   23.1   7.1   6   8       6.4     8e+02   -1.9   0.0    67    98   432   464   419   491 0.67 -
33043at50557_103372_0:000263|STRG.15997.3:192-2943|+   -            797 104016at50557        -            220   1.8e-05   23.1   7.1   7   8       1.4   1.8e+02    0.2   0.0    62    96   480   514   471   519 0.84 -
33043at50557_103372_0:000263|STRG.15997.3:192-2943|+   -            797 104016at50557        -            220   1.8e-05   23.1   7.1   8   8      0.36        45    2.2   0.0    73   102   576   604   549   624 0.71 -
33043at50557_103372_0:000263|STRG.15997.1:192-2582|+   -            797 104016at50557        -            220   1.8e-05   23.1   7.1   1   8    0.0006     0.074   11.3   0.1    25   104    66   147    44   152 0.74 -
33043at50557_103372_0:000263|STRG.15997.1:192-2582|+   -            797 104016at50557        -            220   1.8e-05   23.1   7.1   2   8      0.28        34    2.5   0.0    27    99   153   228   148   230 0.83 -
33043at50557_103372_0:000263|STRG.15997.1:192-2582|+   -            797 104016at50557        -            220   1.8e-05   23.1   7.1   3   8      0.33        41    2.3   0.0    80   102   263   285   259   290 0.77 -
33043at50557_103372_0:000263|STRG.15997.1:192-2582|+   -            797 104016at50557        -            220   1.8e-05   23.1   7.1   4   8       9.6   1.2e+03   -2.5   0.0   179   206   309   336   308   349 0.81 -
33043at50557_103372_0:000263|STRG.15997.1:192-2582|+   -            797 104016at50557        -            220   1.8e-05   23.1   7.1   5   8       2.7   3.3e+02   -0.7   0.0    25    74   364   414   351   430 0.55 -
33043at50557_103372_0:000263|STRG.15997.1:192-2582|+   -            797 104016at50557        -            220   1.8e-05   23.1   7.1   6   8       6.4     8e+02   -1.9   0.0    67    98   432   464   419   491 0.67 -
33043at50557_103372_0:000263|STRG.15997.1:192-2582|+   -            797 104016at50557        -            220   1.8e-05   23.1   7.1   7   8       1.4   1.8e+02    0.2   0.0    62    96   480   514   471   519 0.84 -
33043at50557_103372_0:000263|STRG.15997.1:192-2582|+   -            797 104016at50557        -            220   1.8e-05   23.1   7.1   8   8      0.36        45    2.2   0.0    73   102   576   604   549   624 0.71 -
68325at50557_34720_0:0013d3|STRG.9650.1:0-1070|+       -            357 104016at50557        -            220   1.9e-05   23.0   0.0   1   3   6.8e-05    0.0085   14.3   0.0    78   150    81   156    43   160 0.77 -
68325at50557_34720_0:0013d3|STRG.9650.1:0-1070|+       -            357 104016at50557        -            220   1.9e-05   23.0   0.0   2   3     0.043       5.4    5.2   0.0    78   146   181   246   176   252 0.86 -
68325at50557_34720_0:0013d3|STRG.9650.1:0-1070|+       -            357 104016at50557        -            220   1.9e-05   23.0   0.0   3   3       5.1   6.4e+02   -1.6   0.0    22    43   319   340   301   349 0.68 -
80377at50557_104452_0:001b3f|STRG.11985.6:1226-1735|+  -            170 104016at50557        -            220   3.2e-05   22.3   0.2   1   3      0.23        29    2.8   0.0    77    99    17    39     3    43 0.80 -
80377at50557_104452_0:001b3f|STRG.11985.6:1226-1735|+  -            170 104016at50557        -            220   3.2e-05   22.3   0.2   2   3      0.22        27    2.9   0.0    78   100    98   120    84   130 0.61 -
80377at50557_104452_0:001b3f|STRG.11985.6:1226-1735|+  -            170 104016at50557        -            220   3.2e-05   22.3   0.2   3   3      0.23        29    2.8   0.0   159   204   112   160    99   168 0.54 -
71739at50557_66420_0:0008cd|STRG.10582.1:798-1385|+    -            196 104016at50557        -            220   3.2e-05   22.3   0.0   1   2      0.43        53    1.9   0.0    77   100    16    39    10    42 0.85 -
71739at50557_66420_0:0008cd|STRG.10582.1:798-1385|+    -            196 104016at50557        -            220   3.2e-05   22.3   0.0   2   2   3.7e-06   0.00046   18.5   0.0    24   151    46   171    39   196 0.81 -
80377at50557_38123_0:002ff9|STRG.2736.3:333-1727|+     -            465 104016at50557        -            220   0.00029   19.1   1.2   1   3   0.00043     0.054   11.7   0.0    23    98    30   106    21   112 0.86 -
80377at50557_38123_0:002ff9|STRG.2736.3:333-1727|+     -            465 104016at50557        -            220   0.00029   19.1   1.2   2   3      0.23        29    2.8   0.1    64   101   114   150   107   159 0.80 -
80377at50557_38123_0:002ff9|STRG.2736.3:333-1727|+     -            465 104016at50557        -            220   0.00029   19.1   1.2   3   3       3.3   4.1e+02   -1.0   0.0    61    98   230   267   223   279 0.83 -
22030at50557_1629725_0:000db0|STRG.11985.7:1433-1834|+ -            134 104016at50557        -            220   0.00032   19.0   0.1   1   3   0.00077     0.096   10.9   0.0    77   102    18    43     4    48 0.64 -
22030at50557_1629725_0:000db0|STRG.11985.7:1433-1834|+ -            134 104016at50557        -            220   0.00032   19.0   0.1   2   3      0.17        21    3.3   0.0    78   100    59    81    45    85 0.58 -
22030at50557_1629725_0:000db0|STRG.11985.7:1433-1834|+ -            134 104016at50557        -            220   0.00032   19.0   0.1   3   3      0.13        17    3.6   0.0   158   205    72   122    60   131 0.57 -
57752at50557_103372_0:000c5a|STRG.11653.2:0-1298|+     -            433 104016at50557        -            220   0.00036   18.8   0.2   1   3     0.039       4.8    5.3   0.0    64    98   122   156   114   162 0.85 -
57752at50557_103372_0:000c5a|STRG.11653.2:0-1298|+     -            433 104016at50557        -            220   0.00036   18.8   0.2   2   3     0.012       1.6    6.9   0.1    83   156   183   251   163   256 0.69 -
57752at50557_103372_0:000c5a|STRG.11653.2:0-1298|+     -            433 104016at50557        -            220   0.00036   18.8   0.2   3   3      0.71        89    1.2   0.0    78    99   262   283   251   299 0.63 -
80377at50557_38123_0:002ff9|STRG.2736.1:333-1874|+     -            514 104016at50557        -            220   0.00038   18.8   1.5   1   4   0.00055     0.068   11.4   0.0    23    97    30   105    22   110 0.86 -
80377at50557_38123_0:002ff9|STRG.2736.1:333-1874|+     -            514 104016at50557        -            220   0.00038   18.8   1.5   2   4     0.029       3.6    5.7   0.3    25   101    74   150    73   159 0.75 -
80377at50557_38123_0:002ff9|STRG.2736.1:333-1874|+     -            514 104016at50557        -            220   0.00038   18.8   1.5   3   4      0.22        27    2.9   0.1    65   101   115   150   111   192 0.68 -
80377at50557_38123_0:002ff9|STRG.2736.1:333-1874|+     -            514 104016at50557        -            220   0.00038   18.8   1.5   4   4       3.9   4.9e+02   -1.2   0.0    61    98   230   267   223   278 0.83 -
80377at50557_38123_0:002ff9|STRG.2736.2:325-1866|+     -            514 104016at50557        -            220   0.00038   18.8   1.5   1   4   0.00055     0.068   11.4   0.0    23    97    30   105    22   110 0.86 -
80377at50557_38123_0:002ff9|STRG.2736.2:325-1866|+     -            514 104016at50557        -            220   0.00038   18.8   1.5   2   4     0.029       3.6    5.7   0.3    25   101    74   150    73   159 0.75 -
80377at50557_38123_0:002ff9|STRG.2736.2:325-1866|+     -            514 104016at50557        -            220   0.00038   18.8   1.5   3   4      0.22        27    2.9   0.1    65   101   115   150   111   192 0.68 -
80377at50557_38123_0:002ff9|STRG.2736.2:325-1866|+     -            514 104016at50557        -            220   0.00038   18.8   1.5   4   4       3.9   4.9e+02   -1.2   0.0    61    98   230   267   223   278 0.83 -
80377at50557_38123_0:002ff9|STRG.2736.4:102-1643|+     -            514 104016at50557        -            220   0.00038   18.8   1.5   1   4   0.00055     0.068   11.4   0.0    23    97    30   105    22   110 0.86 -
80377at50557_38123_0:002ff9|STRG.2736.4:102-1643|+     -            514 104016at50557        -            220   0.00038   18.8   1.5   2   4     0.029       3.6    5.7   0.3    25   101    74   150    73   159 0.75 -
80377at50557_38123_0:002ff9|STRG.2736.4:102-1643|+     -            514 104016at50557        -            220   0.00038   18.8   1.5   3   4      0.22        27    2.9   0.1    65   101   115   150   111   192 0.68 -
80377at50557_38123_0:002ff9|STRG.2736.4:102-1643|+     -            514 104016at50557        -            220   0.00038   18.8   1.5   4   4       3.9   4.9e+02   -1.2   0.0    61    98   230   267   223   278 0.83 -
80377at50557_38123_0:002ff9|STRG.2736.5:246-1787|+     -            514 104016at50557        -            220   0.00038   18.8   1.5   1   4   0.00055     0.068   11.4   0.0    23    97    30   105    22   110 0.86 -
80377at50557_38123_0:002ff9|STRG.2736.5:246-1787|+     -            514 104016at50557        -            220   0.00038   18.8   1.5   2   4     0.029       3.6    5.7   0.3    25   101    74   150    73   159 0.75 -
80377at50557_38123_0:002ff9|STRG.2736.5:246-1787|+     -            514 104016at50557        -            220   0.00038   18.8   1.5   3   4      0.22        27    2.9   0.1    65   101   115   150   111   192 0.68 -
80377at50557_38123_0:002ff9|STRG.2736.5:246-1787|+     -            514 104016at50557        -            220   0.00038   18.8   1.5   4   4       3.9   4.9e+02   -1.2   0.0    61    98   230   267   223   278 0.83 -
57752at50557_103372_0:000c5a|STRG.11653.1:397-1758|+   -            454 104016at50557        -            220   0.00041   18.7   0.1   1   3     0.041       5.2    5.2   0.0    64    98   143   177   135   183 0.85 -
57752at50557_103372_0:000c5a|STRG.11653.1:397-1758|+   -            454 104016at50557        -            220   0.00041   18.7   0.1   2   3     0.013       1.6    6.9   0.1    83   156   204   272   181   277 0.70 -
57752at50557_103372_0:000c5a|STRG.11653.1:397-1758|+   -            454 104016at50557        -            220   0.00041   18.7   0.1   3   3      0.76        95    1.1   0.0    78    99   283   304   272   320 0.63 -
43553at50557_79782_0:002ee3|STRG.1233.1:273-1064|+     -            264 104016at50557        -            220   0.00044   18.5   0.1   1   3     0.024       3.1    6.0   0.0    74   106    66    98    16   102 0.85 -
43553at50557_79782_0:002ee3|STRG.1233.1:273-1064|+     -            264 104016at50557        -            220   0.00044   18.5   0.1   2   3      0.56        69    1.6   0.0    79   100   118   139   114   145 0.77 -
43553at50557_79782_0:002ee3|STRG.1233.1:273-1064|+     -            264 104016at50557        -            220   0.00044   18.5   0.1   3   3     0.021       2.6    6.2   0.0    64    99   145   180   142   193 0.83 -
43553at50557_136037_0:001d49|STRG.1233.2:37-822|+      -            262 104016at50557        -            220   0.00044   18.5   0.1   1   3     0.032         4    5.6   0.0    77   106    67    96    46   100 0.84 -
43553at50557_136037_0:001d49|STRG.1233.2:37-822|+      -            262 104016at50557        -            220   0.00044   18.5   0.1   2   3      0.55        69    1.6   0.0    79   100   116   137   112   143 0.77 -
43553at50557_136037_0:001d49|STRG.1233.2:37-822|+      -            262 104016at50557        -            220   0.00044   18.5   0.1   3   3      0.02       2.5    6.3   0.0    64    99   143   178   140   192 0.83 -
48053at50557_104421_0:0017a2|STRG.1421.1:6-1523|+      -            506 104016at50557        -            220   0.00045   18.5   0.8   1   5       2.6   3.3e+02   -0.7   0.0   182   202   279   299   239   315 0.61 -
48053at50557_104421_0:0017a2|STRG.1421.1:6-1523|+      -            506 104016at50557        -            220   0.00045   18.5   0.8   2   5      0.25        31    2.7   0.0   182   207   321   346   311   356 0.88 -
48053at50557_104421_0:0017a2|STRG.1421.1:6-1523|+      -            506 104016at50557        -            220   0.00045   18.5   0.8   3   5      0.51        64    1.7   0.0    79   100   365   386   363   390 0.87 -
48053at50557_104421_0:0017a2|STRG.1421.1:6-1523|+      -            506 104016at50557        -            220   0.00045   18.5   0.8   4   5     0.022       2.7    6.2   0.0    65   142   393   464   388   481 0.74 -
48053at50557_104421_0:0017a2|STRG.1421.1:6-1523|+      -            506 104016at50557        -            220   0.00045   18.5   0.8   5   5      0.85   1.1e+02    1.0   0.0   181   196   488   503   469   506 0.85 -
80377at50557_456900_0:000374|STRG.1267.1:0-1046|+      -            349 104016at50557        -            220   0.00046   18.5   0.2   1   4       4.4   5.5e+02   -1.4   0.0    56   100    92   135    76   143 0.73 -
80377at50557_456900_0:000374|STRG.1267.1:0-1046|+      -            349 104016at50557        -            220   0.00046   18.5   0.2   2   4   7.8e-05    0.0097   14.2   0.1    59   105   178   224   168   235 0.87 -
80377at50557_456900_0:000374|STRG.1267.1:0-1046|+      -            349 104016at50557        -            220   0.00046   18.5   0.2   3   4       9.7   1.2e+03   -2.5   0.0    85    94   246   255   238   258 0.68 -
80377at50557_456900_0:000374|STRG.1267.1:0-1046|+      -            349 104016at50557        -            220   0.00046   18.5   0.2   4   4       3.1   3.8e+02   -0.9   0.0   160   195   302   344   289   349 0.51 -
43553at50557_136037_0:001d49|STRG.1233.4:37-933|+      -            299 104016at50557        -            220   0.00049   18.4   0.1   1   4     0.039       4.9    5.3   0.0    77   106    67    96    47   100 0.84 -
43553at50557_136037_0:001d49|STRG.1233.4:37-933|+      -            299 104016at50557        -            220   0.00049   18.4   0.1   2   4      0.64        80    1.4   0.0    79   100   116   137   111   143 0.78 -
43553at50557_136037_0:001d49|STRG.1233.4:37-933|+      -            299 104016at50557        -            220   0.00049   18.4   0.1   3   4     0.025       3.1    6.0   0.0    64    99   143   178   139   191 0.83 -
43553at50557_136037_0:001d49|STRG.1233.4:37-933|+      -            299 104016at50557        -            220   0.00049   18.4   0.1   4   4       7.2   8.9e+02   -2.1   0.0    79    97   244   262   238   268 0.78 -
74508at50557_7394_0:0023c7|STRG.11028.1:15-890|+       -            292 104016at50557        -            220   0.00058   18.2   0.1   1   4     0.082        10    4.3   0.0    26   100    11    85     3    93 0.56 -
74508at50557_7394_0:0023c7|STRG.11028.1:15-890|+       -            292 104016at50557        -            220   0.00058   18.2   0.1   2   4     0.028       3.5    5.8   0.0    42    94    71   120    69   128 0.86 -
74508at50557_7394_0:0023c7|STRG.11028.1:15-890|+       -            292 104016at50557        -            220   0.00058   18.2   0.1   3   4      0.23        28    2.8   0.0    80   102   145   167   134   176 0.56 -
74508at50557_7394_0:0023c7|STRG.11028.1:15-890|+       -            292 104016at50557        -            220   0.00058   18.2   0.1   4   4      0.18        23    3.1   0.0    68    98   232   262   209   286 0.77 -
80377at50557_454923_0:001015|STRG.3236.1:148-927|+     -            260 104016at50557        -            220    0.0012   17.2   0.1   1   3      0.22        27    2.9   0.0    82   121    70   109    56   112 0.80 -
80377at50557_454923_0:001015|STRG.3236.1:148-927|+     -            260 104016at50557        -            220    0.0012   17.2   0.1   2   3    0.0036      0.44    8.7   0.0    24   101   138   218   128   224 0.74 -
80377at50557_454923_0:001015|STRG.3236.1:148-927|+     -            260 104016at50557        -            220    0.0012   17.2   0.1   3   3       3.8   4.7e+02   -1.2   0.0    89    99   246   256   243   258 0.83 -
14512at50557_29053_0:0002b6|STRG.2402.1:12-722|+       -            237 104016at50557        -            220    0.0015   16.8   0.0   1   4    0.0047      0.58    8.3   0.0    64   102     7    45     4    51 0.90 -
14512at50557_29053_0:0002b6|STRG.2402.1:12-722|+       -            237 104016at50557        -            220    0.0015   16.8   0.0   2   4       3.1   3.8e+02   -0.9   0.0   184   204    65    85    58   101 0.68 -
14512at50557_29053_0:0002b6|STRG.2402.1:12-722|+       -            237 104016at50557        -            220    0.0015   16.8   0.0   3   4      0.27        33    2.6   0.0   182   199   105   122   101   129 0.85 -
14512at50557_29053_0:0002b6|STRG.2402.1:12-722|+       -            237 104016at50557        -            220    0.0015   16.8   0.0   4   4       1.6     2e+02    0.0   0.0    79    98   178   197   160   204 0.81 -
71739at50557_103372_0:00145d|STRG.17862.2:112-1044|+   -            311 104016at50557        -            220     0.002   16.4   0.1   1   2      0.07       8.7    4.5   0.0    64   100    51    87     9    96 0.82 -
71739at50557_103372_0:00145d|STRG.17862.2:112-1044|+   -            311 104016at50557        -            220     0.002   16.4   0.1   2   2    0.0019      0.23    9.6   0.0    52   104   155   207   143   222 0.76 -
71739at50557_103372_0:00145d|STRG.17862.1:0-965|+      -            322 104016at50557        -            220    0.0021   16.3   0.1   1   2     0.076       9.5    4.4   0.0    64   100    47    83     6    92 0.83 -
71739at50557_103372_0:00145d|STRG.17862.1:0-965|+      -            322 104016at50557        -            220    0.0021   16.3   0.1   2   2     0.002      0.25    9.5   0.0    52   104   151   203   139   217 0.76 -
116554at50557_307491_0:000d5d|STRG.12448.1:364-1149|+  -            262 104016at50557        -            220    0.0026   16.0   0.0   1   3      0.47        58    1.8   0.0   126   164    53    91    49    95 0.85 -
116554at50557_307491_0:000d5d|STRG.12448.1:364-1149|+  -            262 104016at50557        -            220    0.0026   16.0   0.0   2   3     0.056         7    4.8   0.0   149   166    96   113    92   122 0.72 -
116554at50557_307491_0:000d5d|STRG.12448.1:364-1149|+  -            262 104016at50557        -            220    0.0026   16.0   0.0   3   3     0.054       6.8    4.9   0.0    77    99   141   163   127   176 0.82 -
40115at50557_103372_0:0021d6|STRG.3637.2:3810-4820|+   -            337 104016at50557        -            220    0.0028   15.9   0.1   1   4     0.042       5.2    5.2   0.0    70    97    28    55    13    68 0.79 -
40115at50557_103372_0:0021d6|STRG.3637.2:3810-4820|+   -            337 104016at50557        -            220    0.0028   15.9   0.1   2   4       2.1   2.6e+02   -0.3   0.0    57    82    77   102    59   116 0.76 -
40115at50557_103372_0:0021d6|STRG.3637.2:3810-4820|+   -            337 104016at50557        -            220    0.0028   15.9   0.1   3   4       1.5   1.9e+02    0.1   0.0    78   111   224   257   215   265 0.73 -
40115at50557_103372_0:0021d6|STRG.3637.2:3810-4820|+   -            337 104016at50557        -            220    0.0028   15.9   0.1   4   4      0.16        20    3.3   0.0    55    73   310   328   294   333 0.81 -
40115at50557_103372_0:0021d6|STRG.3637.4:3357-4367|+   -            337 104016at50557        -            220    0.0028   15.9   0.1   1   4     0.042       5.2    5.2   0.0    70    97    28    55    13    68 0.79 -
40115at50557_103372_0:0021d6|STRG.3637.4:3357-4367|+   -            337 104016at50557        -            220    0.0028   15.9   0.1   2   4       2.1   2.6e+02   -0.3   0.0    57    82    77   102    59   116 0.76 -
40115at50557_103372_0:0021d6|STRG.3637.4:3357-4367|+   -            337 104016at50557        -            220    0.0028   15.9   0.1   3   4       1.5   1.9e+02    0.1   0.0    78   111   224   257   215   265 0.73 -
40115at50557_103372_0:0021d6|STRG.3637.4:3357-4367|+   -            337 104016at50557        -            220    0.0028   15.9   0.1   4   4      0.16        20    3.3   0.0    55    73   310   328   294   333 0.81 -
78072at50557_39758_0:003b38|STRG.20010.1:778-1608|+    -            277 104016at50557        -            220     0.003   15.8   0.0   1   1   4.4e-05    0.0055   15.0   0.0    44   147    21   128     4   141 0.75 -
78072at50557_39758_0:003b38|STRG.20010.2:539-1369|+    -            277 104016at50557        -            220     0.003   15.8   0.0   1   1   4.4e-05    0.0055   15.0   0.0    44   147    21   128     4   141 0.75 -
78072at50557_39758_0:003b38|STRG.20010.3:216-1046|+    -            277 104016at50557        -            220     0.003   15.8   0.0   1   1   4.4e-05    0.0055   15.0   0.0    44   147    21   128     4   141 0.75 -
49370at50557_456900_0:00265d|STRG.19222.2:0-1568|+     -            523 104016at50557        -            220    0.0034   15.6   0.0   1   3      0.17        21    3.2   0.0    68   100   369   401   359   408 0.85 -
49370at50557_456900_0:00265d|STRG.19222.2:0-1568|+     -            523 104016at50557        -            220    0.0034   15.6   0.0   2   3    0.0072      0.89    7.7   0.0    80   102   423   445   421   506 0.82 -
49370at50557_456900_0:00265d|STRG.19222.2:0-1568|+     -            523 104016at50557        -            220    0.0034   15.6   0.0   3   3       2.2   2.7e+02   -0.4   0.0    64    93   492   521   485   523 0.89 -
49370at50557_456900_0:00265d|STRG.19222.1:235-1800|+   -            522 104016at50557        -            220    0.0038   15.5   0.0   1   3      0.17        21    3.2   0.0    68   100   369   401   359   408 0.85 -
49370at50557_456900_0:00265d|STRG.19222.1:235-1800|+   -            522 104016at50557        -            220    0.0038   15.5   0.0   2   3    0.0064       0.8    7.9   0.0    80   103   423   446   420   508 0.79 -
49370at50557_456900_0:00265d|STRG.19222.1:235-1800|+   -            522 104016at50557        -            220    0.0038   15.5   0.0   3   3         3   3.7e+02   -0.8   0.0    64    92   492   520   487   521 0.89 -
80377at50557_319348_0:0016a3|STRG.6069.1:2157-2915|+   -            253 104016at50557        -            220    0.0057   14.9   0.0   1   2     0.011       1.4    7.1   0.0    78   165    28   111     7   145 0.74 -
80377at50557_319348_0:0016a3|STRG.6069.1:2157-2915|+   -            253 104016at50557        -            220    0.0057   14.9   0.0   2   2     0.074       9.3    4.4   0.0    25   106   143   224   132   237 0.72 -
80377at50557_319348_0:0016a3|STRG.6069.2:2154-2912|+   -            253 104016at50557        -            220    0.0057   14.9   0.0   1   2     0.011       1.4    7.1   0.0    78   165    28   111     7   145 0.74 -
80377at50557_319348_0:0016a3|STRG.6069.2:2154-2912|+   -            253 104016at50557        -            220    0.0057   14.9   0.0   2   2     0.074       9.3    4.4   0.0    25   106   143   224   132   237 0.72 -
80377at50557_319348_0:0016a3|STRG.6069.3:1874-2632|+   -            253 104016at50557        -            220    0.0057   14.9   0.0   1   2     0.011       1.4    7.1   0.0    78   165    28   111     7   145 0.74 -
80377at50557_319348_0:0016a3|STRG.6069.3:1874-2632|+   -            253 104016at50557        -            220    0.0057   14.9   0.0   2   2     0.074       9.3    4.4   0.0    25   106   143   224   132   237 0.72 -
90358at50557_34720_0:001602|STRG.10598.1:210-1466|+    -            419 104016at50557        -            220    0.0073   14.6   0.3   1   5    0.0087       1.1    7.5   0.0    67   141    77   147    64   154 0.79 -
90358at50557_34720_0:001602|STRG.10598.1:210-1466|+    -            419 104016at50557        -            220    0.0073   14.6   0.3   2   5      0.17        21    3.3   0.0    77   103   130   156   117   166 0.83 -
90358at50557_34720_0:001602|STRG.10598.1:210-1466|+    -            419 104016at50557        -            220    0.0073   14.6   0.3   3   5         6   7.5e+02   -1.8   0.0   150   165   217   232   214   239 0.60 -
90358at50557_34720_0:001602|STRG.10598.1:210-1466|+    -            419 104016at50557        -            220    0.0073   14.6   0.3   4   5       1.2   1.5e+02    0.4   0.0   151   198   321   373   312   384 0.62 -
90358at50557_34720_0:001602|STRG.10598.1:210-1466|+    -            419 104016at50557        -            220    0.0073   14.6   0.3   5   5       6.6   8.3e+02   -2.0   0.0    42    75   384   417   379   419 0.79 -
71739at50557_30019_0:000544|STRG.11291.1:21-878|+      -            286 104016at50557        -            220     0.011   14.0   0.1   1   3      0.94   1.2e+02    0.8   0.0    64   100    52    88    47    92 0.84 -
71739at50557_30019_0:000544|STRG.11291.1:21-878|+      -            286 104016at50557        -            220     0.011   14.0   0.1   2   3   0.00062     0.078   11.2   0.0    12    99    82   171    73   175 0.82 -
71739at50557_30019_0:000544|STRG.11291.1:21-878|+      -            286 104016at50557        -            220     0.011   14.0   0.1   3   3       5.7   7.1e+02   -1.7   0.0    82   178   235   264   219   268 0.53 -
78072at50557_39758_0:003b38|STRG.18912.1:654-1193|+    -            180 104016at50557        -            220     0.012   13.9   0.0   1   3       8.5   1.1e+03   -2.3   0.0    64    74    32    42    26    52 0.67 -
78072at50557_39758_0:003b38|STRG.18912.1:654-1193|+    -            180 104016at50557        -            220     0.012   13.9   0.0   2   3    0.0003     0.038   12.2   0.0    24    96    60   139    35   142 0.78 -
78072at50557_39758_0:003b38|STRG.18912.1:654-1193|+    -            180 104016at50557        -            220     0.012   13.9   0.0   3   3       9.5   1.2e+03   -2.5   0.0    22    39   153   170   147   173 0.75 -
58729at50557_103372_0:00194e|STRG.5987.3:96-1487|+     -            464 104016at50557        -            220     0.013   13.8   0.1   1   3       1.3   1.6e+02    0.4   0.0    79    98    34    53    30    64 0.84 -
58729at50557_103372_0:00194e|STRG.5987.3:96-1487|+     -            464 104016at50557        -            220     0.013   13.8   0.1   2   3      0.76        95    1.1   0.0    79   102   119   142    82   154 0.68 -
58729at50557_103372_0:00194e|STRG.5987.3:96-1487|+     -            464 104016at50557        -            220     0.013   13.8   0.1   3   3    0.0075      0.94    7.7   0.0   182   206   201   225   166   240 0.79 -
40115at50557_103372_0:0021d6|STRG.3637.1:4073-5059|+   -            329 104016at50557        -            220     0.013   13.7   0.2   1   5      0.04         5    5.3   0.0    70    97    28    55    13    69 0.79 -
40115at50557_103372_0:0021d6|STRG.3637.1:4073-5059|+   -            329 104016at50557        -            220     0.013   13.7   0.2   2   5         2   2.5e+02   -0.3   0.0    57    82    77   102    59   116 0.76 -
40115at50557_103372_0:0021d6|STRG.3637.1:4073-5059|+   -            329 104016at50557        -            220     0.013   13.7   0.2   3   5         4     5e+02   -1.2   0.0    49    77   134   161   114   168 0.68 -
40115at50557_103372_0:0021d6|STRG.3637.1:4073-5059|+   -            329 104016at50557        -            220     0.013   13.7   0.2   4   5       1.4   1.8e+02    0.2   0.0    78   111   224   257   215   268 0.74 -
40115at50557_103372_0:0021d6|STRG.3637.1:4073-5059|+   -            329 104016at50557        -            220     0.013   13.7   0.2   5   5      0.84     1e+02    1.0   0.0    56    72   311   327   294   329 0.78 -
119132at50557_103372_0:001108|STRG.4266.1:0-986|+      -            329 104016at50557        -            220     0.015   13.5   0.0   1   1   0.00029     0.037   12.3   0.0    68   149   121   195   115   199 0.84 -
80377at50557_1629725_0:001dca|STRG.18295.2:198-740|+   -            181 104016at50557        -            220     0.016   13.5   0.4   1   3    0.0076      0.95    7.7   0.1    26   104     3    83     1    91 0.76 -
80377at50557_1629725_0:001dca|STRG.18295.2:198-740|+   -            181 104016at50557        -            220     0.016   13.5   0.4   2   3       0.2        25    3.0   0.0    78    95   113   130   108   137 0.90 -
80377at50557_1629725_0:001dca|STRG.18295.2:198-740|+   -            181 104016at50557        -            220     0.016   13.5   0.4   3   3       3.3   4.2e+02   -1.0   0.0    72    98   148   176   123   178 0.65 -
58729at50557_103372_0:00194e|STRG.5987.4:152-1699|+    -            516 104016at50557        -            220     0.017   13.3   0.1   1   3       1.4   1.7e+02    0.3   0.0    79    98    94   113    88   123 0.84 -
58729at50557_103372_0:00194e|STRG.5987.4:152-1699|+    -            516 104016at50557        -            220     0.017   13.3   0.1   2   3      0.91   1.1e+02    0.8   0.0    79   102   179   202   143   213 0.68 -
58729at50557_103372_0:00194e|STRG.5987.4:152-1699|+    -            516 104016at50557        -            220     0.017   13.3   0.1   3   3    0.0091       1.1    7.4   0.0   182   206   261   285   227   299 0.81 -
58729at50557_103372_0:00194e|STRG.5987.2:0-1571|+      -            524 104016at50557        -            220     0.018   13.3   0.1   1   3       1.4   1.8e+02    0.2   0.0    79    98    94   113    88   123 0.84 -
58729at50557_103372_0:00194e|STRG.5987.2:0-1571|+      -            524 104016at50557        -            220     0.018   13.3   0.1   2   3      0.93   1.2e+02    0.8   0.0    79   102   179   202   143   213 0.68 -
58729at50557_103372_0:00194e|STRG.5987.2:0-1571|+      -            524 104016at50557        -            220     0.018   13.3   0.1   3   3    0.0093       1.2    7.4   0.0   182   206   261   285   227   299 0.81 -
33043at50557_7038_0:0032a9|STRG.16108.1:78-1970|+      -            631 104016at50557        -            220     0.018   13.2  11.9   1   4       4.3   5.4e+02   -1.4   0.1    79   103   139   162    93   195 0.61 -
33043at50557_7038_0:0032a9|STRG.16108.1:78-1970|+      -            631 104016at50557        -            220     0.018   13.2  11.9   2   4    0.0095       1.2    7.3   0.1    25   100   300   376   289   384 0.78 -
33043at50557_7038_0:0032a9|STRG.16108.1:78-1970|+      -            631 104016at50557        -            220     0.018   13.2  11.9   3   4     0.003      0.38    9.0   0.4    23   165   425   564   417   573 0.70 -
33043at50557_7038_0:0032a9|STRG.16108.1:78-1970|+      -            631 104016at50557        -            220     0.018   13.2  11.9   4   4      0.17        21    3.2   0.0    48    96   538   585   517   594 0.79 -
57752at50557_38123_0:002253|STRG.10261.2:552-1097|+    -            182 104016at50557        -            220     0.025   12.8   0.0   1   4     0.079       9.9    4.3   0.0   150   181     3    36     1    38 0.83 -
57752at50557_38123_0:002253|STRG.10261.2:552-1097|+    -            182 104016at50557        -            220     0.025   12.8   0.0   2   4      0.19        24    3.1   0.0   151   171    47    67    37    74 0.58 -
57752at50557_38123_0:002253|STRG.10261.2:552-1097|+    -            182 104016at50557        -            220     0.025   12.8   0.0   3   4       0.5        62    1.7   0.0    63    94    71   102    63   114 0.81 -
57752at50557_38123_0:002253|STRG.10261.2:552-1097|+    -            182 104016at50557        -            220     0.025   12.8   0.0   4   4       4.4   5.4e+02   -1.4   0.0    87   105   140   158    95   163 0.52 -
57752at50557_38123_0:002253|STRG.10261.3:675-1220|+    -            182 104016at50557        -            220     0.025   12.8   0.0   1   4     0.079       9.9    4.3   0.0   150   181     3    36     1    38 0.83 -
57752at50557_38123_0:002253|STRG.10261.3:675-1220|+    -            182 104016at50557        -            220     0.025   12.8   0.0   2   4      0.19        24    3.1   0.0   151   171    47    67    37    74 0.58 -
57752at50557_38123_0:002253|STRG.10261.3:675-1220|+    -            182 104016at50557        -            220     0.025   12.8   0.0   3   4       0.5        62    1.7   0.0    63    94    71   102    63   114 0.81 -
57752at50557_38123_0:002253|STRG.10261.3:675-1220|+    -            182 104016at50557        -            220     0.025   12.8   0.0   4   4       4.4   5.4e+02   -1.4   0.0    87   105   140   158    95   163 0.52 -
12735at50557_34720_0:000d5c|STRG.6436.1:206-3091|+     -            962 104016at50557        -            220     0.032   12.5   0.0   1   3      0.09        11    4.1   0.0    56   104   536   584   531   593 0.86 -
12735at50557_34720_0:000d5c|STRG.6436.1:206-3091|+     -            962 104016at50557        -            220     0.032   12.5   0.0   2   3     0.093        12    4.1   0.0   182   204   652   674   629   687 0.79 -
12735at50557_34720_0:000d5c|STRG.6436.1:206-3091|+     -            962 104016at50557        -            220     0.032   12.5   0.0   3   3       4.8     6e+02   -1.5   0.0   182   205   694   717   693   730 0.75 -
12735at50557_34720_0:000d5c|STRG.6436.2:0-3008|+       -           1003 104016at50557        -            220     0.036   12.3   0.0   1   3     0.095        12    4.1   0.0    56   104   577   625   572   634 0.86 -
12735at50557_34720_0:000d5c|STRG.6436.2:0-3008|+       -           1003 104016at50557        -            220     0.036   12.3   0.0   2   3     0.097        12    4.0   0.0   182   204   693   715   670   728 0.79 -
12735at50557_34720_0:000d5c|STRG.6436.2:0-3008|+       -           1003 104016at50557        -            220     0.036   12.3   0.0   3   3         5   6.3e+02   -1.6   0.0   182   205   735   758   734   771 0.75 -
33043at50557_1507135_0:0016cf|STRG.2736.3:1733-2311|+  -            193 104016at50557        -            220     0.045   12.0   0.1   1   3     0.017       2.2    6.5   0.0    70    97    82   109    54   121 0.86 -
33043at50557_1507135_0:0016cf|STRG.2736.3:1733-2311|+  -            193 104016at50557        -            220     0.045   12.0   0.1   2   3       1.4   1.8e+02    0.2   0.0    59    81   134   156   113   163 0.65 -
33043at50557_1507135_0:0016cf|STRG.2736.3:1733-2311|+  -            193 104016at50557        -            220     0.045   12.0   0.1   3   3      0.33        41    2.3   0.1   126   141   175   190   131   193 0.66 -
25500at50557_13686_0:0020f5|STRG.12295.1:163-1968|+    -            602 104016at50557        -            220     0.054   11.7   2.1   1   4       3.7   4.6e+02   -1.1   0.0    80   100    73    93    55    98 0.69 -
25500at50557_13686_0:0020f5|STRG.12295.1:163-1968|+    -            602 104016at50557        -            220     0.054   11.7   2.1   2   4       1.8   2.2e+02   -0.1   0.0    82   106   250   273   231   323 0.67 -
25500at50557_13686_0:0020f5|STRG.12295.1:163-1968|+    -            602 104016at50557        -            220     0.054   11.7   2.1   3   4       0.7        87    1.2   0.0    12    96   267   350   256   364 0.67 -
25500at50557_13686_0:0020f5|STRG.12295.1:163-1968|+    -            602 104016at50557        -            220     0.054   11.7   2.1   4   4     0.014       1.8    6.7   0.1     9    45   556   592   548   597 0.84 -
#
# Program:         hmmsearch
# Version:         3.4 (Aug 2023)
# Pipeline mode:   SEARCH
# Query file:      /data/projet1/projet_tutore/busco_downloads/lineages/insecta_odb10/hmms/104016at50557.hmm
# Target file:     annotation_analysis/annotation_gca/T_septentrionalis/busco_output/run_insecta_odb10/metaeuk_output/initial_results/assembled_transcripts.fasta.modified.fas
# Option settings: hmmsearch --domtblout annotation_analysis/annotation_gca/T_septentrionalis/busco_output/run_insecta_odb10/hmmer_output/initial_run_results/104016at50557.out --cpu 1 /data/projet1/projet_tutore/busco_downloads/lineages/insecta_odb10/hmms/104016at50557.hmm annotation_analysis/annotation_gca/T_septentrionalis/busco_output/run_insecta_odb10/metaeuk_output/initial_results/assembled_transcripts.fasta.modified.fas 
# Current dir:     /data/projet1/projet_tutore
# Date:            Sun Oct 13 13:52:11 2024
# [ok]
