#                                                                                                               --- full sequence --- -------------- this domain -------------   hmm coord   ali coord   env coord
# target name                                           accession   tlen query name           accession   qlen   E-value  score  bias   #  of  c-Evalue  i-Evalue  score  bias  from    to  from    to  from    to  acc description of target
#                                   ------------------- ---------- ----- -------------------- ---------- ----- --------- ------ ----- --- --- --------- --------- ------ ----- ----- ----- ----- ----- ----- ----- ---- ---------------------
107216at50557_103372_0:00094d|STRG.18724.1:353-997|+    -            215 107216at50557        -            149   4.3e-89  294.8   3.8   1   1   2.1e-87   1.1e-85  283.8   3.8     1   149     6   181     6   181 0.93 -
107216at50557_103372_0:00094d|STRG.18724.2:353-997|+    -            215 107216at50557        -            149   4.3e-89  294.8   3.8   1   1   2.1e-87   1.1e-85  283.8   3.8     1   149     6   181     6   181 0.93 -
107216at50557_103372_0:00094d|STRG.18724.3:57-662|+     -            202 107216at50557        -            149   1.8e-83  276.6   3.2   1   2     4e-06   0.00021   20.0   0.0     9    28     1    20     1    33 0.87 -
107216at50557_103372_0:00094d|STRG.18724.3:57-662|+     -            202 107216at50557        -            149   1.8e-83  276.6   3.2   2   2   3.3e-79   1.7e-77  257.2   1.1    26   149    38   168    22   168 0.93 -
107216at50557_103372_0:00094d|STRG.186.1:0-407|+        -            136 107216at50557        -            149     1e-57  193.0   0.4   1   1   2.4e-59   1.2e-57  192.7   0.4    55   149     1   102     1   102 0.97 -
107216at50557_103372_0:00094d|STRG.12139.1:143-709|+    -            189 107216at50557        -            149   2.2e-45  153.0   2.3   1   1   3.7e-44   1.9e-42  143.4   2.3     3   144     1   169     1   173 0.88 -
104262at50557_132113_0:00109a|STRG.3897.1:197-706|+     -            170 107216at50557        -            149   7.9e-42  141.4   0.8   1   2   2.8e-08   1.5e-06   27.0   0.0     2    27    12    37    11    51 0.90 -
104262at50557_132113_0:00109a|STRG.3897.1:197-706|+     -            170 107216at50557        -            149   7.9e-42  141.4   0.8   2   2   5.9e-35   3.1e-33  113.6   0.2    27   133    57   170    40   170 0.90 -
104262at50557_132113_0:00109a|STRG.3897.2:197-706|+     -            170 107216at50557        -            149   7.9e-42  141.4   0.8   1   2   2.8e-08   1.5e-06   27.0   0.0     2    27    12    37    11    51 0.90 -
104262at50557_132113_0:00109a|STRG.3897.2:197-706|+     -            170 107216at50557        -            149   7.9e-42  141.4   0.8   2   2   5.9e-35   3.1e-33  113.6   0.2    27   133    57   170    40   170 0.90 -
104262at50557_132113_0:00109a|STRG.3897.3:197-706|+     -            170 107216at50557        -            149   7.9e-42  141.4   0.8   1   2   2.8e-08   1.5e-06   27.0   0.0     2    27    12    37    11    51 0.90 -
104262at50557_132113_0:00109a|STRG.3897.3:197-706|+     -            170 107216at50557        -            149   7.9e-42  141.4   0.8   2   2   5.9e-35   3.1e-33  113.6   0.2    27   133    57   170    40   170 0.90 -
104262at50557_39758_0:003743|STRG.8006.1:6-617|+        -            204 107216at50557        -            149   1.8e-40  137.1   2.3   1   2   3.4e-07   1.8e-05   23.5   0.0     2    29     2    29     1    42 0.85 -
104262at50557_39758_0:003743|STRG.8006.1:6-617|+        -            204 107216at50557        -            149   1.8e-40  137.1   2.3   2   2   6.5e-35   3.4e-33  113.4   0.7    27   143    47   170    40   175 0.89 -
107216at50557_51655_0:0016fc|STRG.14620.1:1771-2367|+   -            199 107216at50557        -            149   2.1e-40  136.8   0.3   1   1   1.2e-38     6e-37  125.6   0.3     2   140     5   171     4   178 0.83 -
107216at50557_103372_0:00094d|STRG.12139.3:0-527|+      -            176 107216at50557        -            149   5.2e-40  135.6   0.7   1   1   2.1e-41   1.1e-39  134.5   0.6    27   144    32   156    19   159 0.92 -
104262at50557_411798_0:001745|STRG.18960.1:3-518|+      -            172 107216at50557        -            149   2.5e-39  133.3   2.0   1   2   2.9e-06   0.00015   20.4   0.0     2    27     4    29     3    43 0.87 -
104262at50557_411798_0:001745|STRG.18960.1:3-518|+      -            172 107216at50557        -            149   2.5e-39  133.3   2.0   2   2   1.2e-34   6.1e-33  112.6   0.7    27   138    49   167    33   171 0.89 -
107216at50557_121845_0:004a6e|STRG.12139.2:134-717|+    -            190 107216at50557        -            149   5.2e-39  132.3   2.2   1   2   4.4e-06   0.00023   19.9   0.0     2    27     3    28     2    44 0.91 -
107216at50557_121845_0:004a6e|STRG.12139.2:134-717|+    -            190 107216at50557        -            149   5.2e-39  132.3   2.2   2   2   1.5e-34     8e-33  112.2   0.5    27   144    48   166    41   170 0.92 -
107216at50557_7038_0:002032|STRG.14620.2:794-1357|+     -            188 107216at50557        -            149   4.7e-38  129.2   0.2   1   2   0.00074     0.038   12.6   0.0     5    27    15    37    11    43 0.88 -
107216at50557_7038_0:002032|STRG.14620.2:794-1357|+     -            188 107216at50557        -            149   4.7e-38  129.2   0.2   2   2   2.4e-35   1.2e-33  114.9   0.1    27   140    58   178    44   185 0.88 -
107216at50557_110193_0:000c8b|STRG.9147.1:30-608|+      -            193 107216at50557        -            149   2.2e-37  127.1   1.8   1   1   3.9e-36     2e-34  117.4   1.8     2   149     8   184     7   184 0.83 -
107216at50557_7004_0:001b36|STRG.14280.1:3-566|+        -            188 107216at50557        -            149   1.4e-35  121.2   0.2   1   2   4.8e-06   0.00025   19.7   0.0     1    27     1    27     1    32 0.94 -
107216at50557_7004_0:001b36|STRG.14280.1:3-566|+        -            188 107216at50557        -            149   1.4e-35  121.2   0.2   2   2   9.1e-31   4.7e-29  100.0   0.1    27   142    47   168    33   175 0.87 -
107216at50557_29031_0:0026ef|STRG.16996.1:20-436|+      -            139 107216at50557        -            149     2e-34  117.4   0.1   1   1   4.5e-36   2.3e-34  117.2   0.1    28   144    11   134     5   139 0.92 -
109573at50557_103372_0:0023c7|STRG.19317.1:0-653|+      -            218 107216at50557        -            149   1.2e-33  114.8   0.2   1   2   3.8e-05     0.002   16.8   0.1     3    31     6    31     4    39 0.90 -
109573at50557_103372_0:0023c7|STRG.19317.1:0-653|+      -            218 107216at50557        -            149   1.2e-33  114.8   0.2   2   2   1.2e-29   6.4e-28   96.3   0.0    24   144    48   179    33   183 0.82 -
104262at50557_103372_0:002a03|STRG.10410.2:442-1107|+   -            222 107216at50557        -            149   2.4e-33  113.9   3.2   1   2   0.00014    0.0075   14.9   0.1     2    27    15    40    14    54 0.90 -
104262at50557_103372_0:002a03|STRG.10410.2:442-1107|+   -            222 107216at50557        -            149   2.4e-33  113.9   3.2   2   2   1.3e-30   6.6e-29   99.5   0.8    29   141    62   181    44   187 0.88 -
104262at50557_103372_0:002a03|STRG.10410.3:190-849|+    -            220 107216at50557        -            149   2.4e-33  113.9   3.2   1   2   0.00014    0.0074   15.0   0.1     2    27    13    38    12    52 0.90 -
104262at50557_103372_0:002a03|STRG.10410.3:190-849|+    -            220 107216at50557        -            149   2.4e-33  113.9   3.2   2   2   1.3e-30   6.5e-29   99.5   0.8    29   141    60   179    42   185 0.88 -
104262at50557_103372_0:002a03|STRG.10410.1:1-1102|+     -            238 107216at50557        -            149     3e-33  113.6   3.2   1   2   0.00015     0.008   14.9   0.1     2    27    31    56    29    70 0.90 -
104262at50557_103372_0:002a03|STRG.10410.1:1-1102|+     -            238 107216at50557        -            149     3e-33  113.6   3.2   2   2   1.5e-30     8e-29   99.2   0.8    30   141    79   197    60   203 0.88 -
104262at50557_64793_0:001dc9|STRG.10410.6:0-779|+       -            260 107216at50557        -            149     4e-33  113.2   3.2   1   2   0.00017    0.0088   14.7   0.1     2    27    53    78    51    93 0.90 -
104262at50557_64793_0:001dc9|STRG.10410.6:0-779|+       -            260 107216at50557        -            149     4e-33  113.2   3.2   2   2     2e-30     1e-28   98.9   0.8    30   141   101   219    82   225 0.88 -
104262at50557_64793_0:001dc9|STRG.10410.5:634-1742|+    -            260 107216at50557        -            149     4e-33  113.2   3.2   1   2   0.00017    0.0088   14.7   0.1     2    27    53    78    51    93 0.90 -
104262at50557_64793_0:001dc9|STRG.10410.5:634-1742|+    -            260 107216at50557        -            149     4e-33  113.2   3.2   2   2     2e-30     1e-28   98.9   0.8    30   141   101   219    82   225 0.88 -
104262at50557_64793_0:001dc9|STRG.10410.4:634-1622|+    -            260 107216at50557        -            149   4.1e-33  113.2   3.2   1   2   0.00017    0.0088   14.7   0.1     2    27    53    78    51    93 0.90 -
104262at50557_64793_0:001dc9|STRG.10410.4:634-1622|+    -            260 107216at50557        -            149   4.1e-33  113.2   3.2   2   2     2e-30     1e-28   98.9   0.8    30   141   101   219    82   225 0.88 -
106023at50557_456900_0:0019f7|STRG.15057.1:924-1571|+   -            216 107216at50557        -            149   6.4e-31  106.0   1.5   1   1   1.1e-29   5.5e-28   96.5   1.5     7   137    23   180    19   187 0.79 -
106023at50557_456900_0:0019f7|STRG.15057.3:1051-1698|+  -            216 107216at50557        -            149   6.4e-31  106.0   1.5   1   1   1.1e-29   5.5e-28   96.5   1.5     7   137    23   180    19   187 0.79 -
106023at50557_456900_0:0019f7|STRG.15057.4:151-886|+    -            216 107216at50557        -            149   6.4e-31  106.0   1.5   1   1   1.1e-29   5.5e-28   96.5   1.5     7   137    23   180    19   187 0.79 -
106023at50557_456900_0:0019f7|STRG.15057.5:1851-2501|+  -            217 107216at50557        -            149   6.5e-31  106.0   1.5   1   1   1.1e-29   5.6e-28   96.5   1.5     7   137    24   181    20   188 0.79 -
106023at50557_34720_0:001fd2|STRG.15057.6:1951-2935|+   -            232 107216at50557        -            149   8.2e-31  105.7   1.5   1   1   1.3e-29   6.8e-28   96.2   1.5     7   137    39   196    35   203 0.78 -
106023at50557_609295_0:001bec|STRG.15057.2:32-934|+     -            301 107216at50557        -            149   1.9e-30  104.5   1.6   1   1   2.8e-29   1.4e-27   95.2   1.6     8   137   109   265   104   272 0.78 -
109573at50557_7004_0:003472|STRG.12139.2:325-702|+      -            126 107216at50557        -            149   3.3e-30  103.7   0.4   1   1   7.6e-32     4e-30  103.5   0.4    45   144     1   107     1   111 0.92 -
104262at50557_610380_0:000ef5|STRG.8367.3:3-623|+       -            207 107216at50557        -            149   9.1e-30  102.3   0.7   1   2   0.00033     0.017   13.8   0.1     2    27     1    26     1    48 0.83 -
104262at50557_610380_0:000ef5|STRG.8367.3:3-623|+       -            207 107216at50557        -            149   9.1e-30  102.3   0.7   2   2   5.1e-27   2.6e-25   87.8   0.1    31   143    55   175    27   180 0.81 -
104262at50557_104421_0:0019e6|STRG.16833.1:9-494|+      -            162 107216at50557        -            149   1.5e-28   98.4   0.1   1   2     0.024       1.3    7.7   0.0     5    27     4    26     1    39 0.86 -
104262at50557_104421_0:0019e6|STRG.16833.1:9-494|+      -            162 107216at50557        -            149   1.5e-28   98.4   0.1   2   2   1.9e-27   9.9e-26   89.2   0.0    27   133    46   159    32   162 0.90 -
107216at50557_7038_0:002032|STRG.14620.3:389-775|+      -            129 107216at50557        -            149     2e-28   98.0   1.1   1   2   0.00042     0.022   13.4   0.0     5    27    15    37    11    43 0.88 -
107216at50557_7038_0:002032|STRG.14620.3:389-775|+      -            129 107216at50557        -            149     2e-28   98.0   1.1   2   2     1e-25   5.3e-24   83.6   0.3    27    96    58   129    45   129 0.91 -
109797at50557_83485_0:000ec1|STRG.6890.1:452-1357|+     -            302 107216at50557        -            149   3.9e-26   90.5   0.0   1   1   1.6e-25   8.3e-24   82.9   0.0     2   135    22   179    21   187 0.83 -
108755at50557_456900_0:000c82|STRG.10032.1:0-634|+      -            207 107216at50557        -            149   7.3e-26   89.6   1.3   1   2      0.03       1.6    7.4   0.0     7    39    14    46    11    50 0.87 -
108755at50557_456900_0:000c82|STRG.10032.1:0-634|+      -            207 107216at50557        -            149   7.3e-26   89.6   1.3   2   2   5.5e-25   2.9e-23   81.2   0.4    27   137    54   171    47   180 0.87 -
108755at50557_178035_0:0020de|STRG.10032.2:235-861|+    -            209 107216at50557        -            149   7.5e-26   89.6   1.3   1   2     0.031       1.6    7.4   0.0     7    39    14    46    11    50 0.87 -
108755at50557_178035_0:0020de|STRG.10032.2:235-861|+    -            209 107216at50557        -            149   7.5e-26   89.6   1.3   2   2   5.6e-25   2.9e-23   81.2   0.4    27   137    54   171    47   180 0.87 -
106023at50557_7038_0:002188|STRG.4649.1:3-548|+         -            182 107216at50557        -            149     1e-25   89.1   1.1   1   1   6.1e-25   3.2e-23   81.1   1.1    27   144    43   167     3   172 0.79 -
106023at50557_37001_0:0016d5|STRG.6758.1:3-512|+        -            170 107216at50557        -            149   4.4e-25   87.1   0.0   1   2   9.2e-05    0.0048   15.6   0.1     4    38     5    39     2    46 0.78 -
106023at50557_37001_0:0016d5|STRG.6758.1:3-512|+        -            170 107216at50557        -            149   4.4e-25   87.1   0.0   2   2   1.9e-21     1e-19   69.7   0.0    27   136    48   168    42   170 0.84 -
106023at50557_39758_0:004d29|STRG.6758.2:122-658|+      -            179 107216at50557        -            149   5.6e-25   86.8   0.0   1   2    0.0001    0.0052   15.5   0.1     4    38    14    48    11    55 0.78 -
106023at50557_39758_0:004d29|STRG.6758.2:122-658|+      -            179 107216at50557        -            149   5.6e-25   86.8   0.0   2   2     2e-21     1e-19   69.7   0.0    27   136    57   177    48   179 0.83 -
104262at50557_411798_0:001745|STRG.1308.1:128-718|+     -            197 107216at50557        -            149   9.7e-24   82.7   0.1   1   1   2.6e-25   1.3e-23   82.3   0.1    27   141    28   149    15   153 0.86 -
106023at50557_7038_0:002188|STRG.4649.2:226-729|+       -            168 107216at50557        -            149   2.1e-23   81.7   0.1   1   1   4.9e-25   2.5e-23   81.4   0.1    27   144    29   153     1   158 0.89 -
129498at50557_103372_0:001a9c|STRG.12999.1:4163-4861|+  -            233 107216at50557        -            149   4.5e-23   80.6   0.9   1   2     0.026       1.3    7.6   0.0     5    27    10    32     7    47 0.81 -
129498at50557_103372_0:001a9c|STRG.12999.1:4163-4861|+  -            233 107216at50557        -            149   4.5e-23   80.6   0.9   2   2   4.4e-22   2.3e-20   71.8   0.2    27   137    52   169    41   180 0.86 -
129498at50557_103372_0:001a9c|STRG.12999.3:0-698|+      -            233 107216at50557        -            149   4.5e-23   80.6   0.9   1   2     0.026       1.3    7.6   0.0     5    27    10    32     7    47 0.81 -
129498at50557_103372_0:001a9c|STRG.12999.3:0-698|+      -            233 107216at50557        -            149   4.5e-23   80.6   0.9   2   2   4.4e-22   2.3e-20   71.8   0.2    27   137    52   169    41   180 0.86 -
109797at50557_456900_0:0023c9|STRG.6890.2:32-843|+      -            244 107216at50557        -            149   1.9e-21   75.3   0.0   1   1   6.4e-23   3.3e-21   74.5   0.0    26   135     6   121     2   130 0.88 -
108271at50557_64793_0:001833|STRG.13660.3:0-602|+       -            201 107216at50557        -            149   9.8e-21   73.0   0.3   1   1   2.9e-20   1.5e-18   65.9   0.3    25   141    49   173     7   181 0.77 -
108271at50557_64793_0:001833|STRG.13660.2:651-1268|+    -            206 107216at50557        -            149   1.1e-20   72.8   0.3   1   1   3.1e-20   1.6e-18   65.8   0.3    25   141    54   178    12   186 0.77 -
108271at50557_64793_0:001833|STRG.13660.1:71-694|+      -            208 107216at50557        -            149   1.1e-20   72.8   0.3   1   1   3.2e-20   1.7e-18   65.7   0.3    25   141    56   180    14   188 0.77 -
107216at50557_51655_0:0016fc|STRG.12147.1:785-1288|+    -            168 107216at50557        -            149   5.3e-20   70.6   0.0   1   2   0.00021     0.011   14.4   0.0     5    27     7    29     3    44 0.86 -
107216at50557_51655_0:0016fc|STRG.12147.1:785-1288|+    -            168 107216at50557        -            149   5.3e-20   70.6   0.0   2   2   9.9e-17   5.1e-15   54.4   0.0    27   133    49   168    40   168 0.80 -
107216at50557_51655_0:0016fc|STRG.12147.2:785-1288|+    -            168 107216at50557        -            149   5.3e-20   70.6   0.0   1   2   0.00021     0.011   14.4   0.0     5    27     7    29     3    44 0.86 -
107216at50557_51655_0:0016fc|STRG.12147.2:785-1288|+    -            168 107216at50557        -            149   5.3e-20   70.6   0.0   2   2   9.9e-17   5.1e-15   54.4   0.0    27   133    49   168    40   168 0.80 -
107216at50557_51655_0:0016fc|STRG.12147.3:785-1288|+    -            168 107216at50557        -            149   5.3e-20   70.6   0.0   1   2   0.00021     0.011   14.4   0.0     5    27     7    29     3    44 0.86 -
107216at50557_51655_0:0016fc|STRG.12147.3:785-1288|+    -            168 107216at50557        -            149   5.3e-20   70.6   0.0   2   2   9.9e-17   5.1e-15   54.4   0.0    27   133    49   168    40   168 0.80 -
107216at50557_51655_0:0016fc|STRG.12147.4:57-560|+      -            168 107216at50557        -            149   5.3e-20   70.6   0.0   1   2   0.00021     0.011   14.4   0.0     5    27     7    29     3    44 0.86 -
107216at50557_51655_0:0016fc|STRG.12147.4:57-560|+      -            168 107216at50557        -            149   5.3e-20   70.6   0.0   2   2   9.9e-17   5.1e-15   54.4   0.0    27   133    49   168    40   168 0.80 -
107216at50557_51655_0:0016fc|STRG.12147.5:57-560|+      -            168 107216at50557        -            149   5.3e-20   70.6   0.0   1   2   0.00021     0.011   14.4   0.0     5    27     7    29     3    44 0.86 -
107216at50557_51655_0:0016fc|STRG.12147.5:57-560|+      -            168 107216at50557        -            149   5.3e-20   70.6   0.0   2   2   9.9e-17   5.1e-15   54.4   0.0    27   133    49   168    40   168 0.80 -
108271at50557_28612_0:005172|STRG.4894.1:39-596|+       -            186 107216at50557        -            149   3.1e-18   64.9   0.3   1   1     7e-18   3.6e-16   58.2   0.3    28   140    40   161     1   165 0.75 -
104262at50557_28612_0:0030d7|STRG.3488.1:170-805|+      -            212 107216at50557        -            149   2.6e-17   61.9   0.0   1   2     0.018      0.95    8.1   0.0     3    37     5    39     3    45 0.83 -
104262at50557_28612_0:0030d7|STRG.3488.1:170-805|+      -            212 107216at50557        -            149   2.6e-17   61.9   0.0   2   2   7.6e-16   3.9e-14   51.5   0.0    33   141    56   177    37   183 0.78 -
104262at50557_28612_0:0030d7|STRG.3488.2:678-1313|+     -            212 107216at50557        -            149   2.6e-17   61.9   0.0   1   2     0.018      0.95    8.1   0.0     3    37     5    39     3    45 0.83 -
104262at50557_28612_0:0030d7|STRG.3488.2:678-1313|+     -            212 107216at50557        -            149   2.6e-17   61.9   0.0   2   2   7.6e-16   3.9e-14   51.5   0.0    33   141    56   177    37   183 0.78 -
108755at50557_166423_0:001b2a|STRG.14620.4:121-438|+    -            106 107216at50557        -            149   2.8e-17   61.8   0.1   1   1   6.1e-19   3.2e-17   61.6   0.1    63   140     1    85     1    92 0.86 -
104262at50557_28612_0:0030d7|STRG.3488.4:48-713|+       -            222 107216at50557        -            149   3.2e-17   61.6   0.0   1   2      0.02         1    8.0   0.0     3    37    15    49    13    55 0.83 -
104262at50557_28612_0:0030d7|STRG.3488.4:48-713|+       -            222 107216at50557        -            149   3.2e-17   61.6   0.0   2   2   8.2e-16   4.2e-14   51.4   0.0    33   141    66   187    47   195 0.78 -
129498at50557_37001_0:002409|STRG.8349.1:12-702|+       -            186 107216at50557        -            149   3.4e-17   61.5   0.8   1   1   3.9e-17     2e-15   55.7   0.8    24   102    36   115     1   164 0.80 -
129498at50557_37001_0:002409|STRG.8349.3:12-601|+       -            186 107216at50557        -            149   3.4e-17   61.5   0.8   1   1   3.9e-17     2e-15   55.7   0.8    24   102    36   115     1   164 0.80 -
104262at50557_64793_0:001dc9|STRG.3488.3:1571-2266|+    -            232 107216at50557        -            149   3.8e-17   61.3   0.0   1   2     0.021       1.1    7.9   0.0     3    37    25    59    23    65 0.83 -
104262at50557_64793_0:001dc9|STRG.3488.3:1571-2266|+    -            232 107216at50557        -            149   3.8e-17   61.3   0.0   2   2   9.5e-16   4.9e-14   51.2   0.0    33   141    76   197    57   204 0.78 -
104262at50557_64793_0:001dc9|STRG.3488.5:1482-2177|+    -            232 107216at50557        -            149   3.8e-17   61.3   0.0   1   2     0.021       1.1    7.9   0.0     3    37    25    59    23    65 0.83 -
104262at50557_64793_0:001dc9|STRG.3488.5:1482-2177|+    -            232 107216at50557        -            149   3.8e-17   61.3   0.0   2   2   9.5e-16   4.9e-14   51.2   0.0    33   141    76   197    57   204 0.78 -
129498at50557_37001_0:002409|STRG.8349.2:12-584|+       -            191 107216at50557        -            149     4e-17   61.3   0.7   1   2      0.17       8.7    5.0   0.0     7    27     2    22     1    30 0.90 -
129498at50557_37001_0:002409|STRG.8349.2:12-584|+       -            191 107216at50557        -            149     4e-17   61.3   0.7   2   2   6.7e-17   3.5e-15   55.0   0.2    25   102    42   120    33   169 0.88 -
104262at50557_411798_0:001745|STRG.3488.6:138-866|+     -            243 107216at50557        -            149   4.6e-17   61.1   0.0   1   2     0.021       1.1    7.9   0.0     3    37    36    70    34    79 0.84 -
104262at50557_411798_0:001745|STRG.3488.6:138-866|+     -            243 107216at50557        -            149   4.6e-17   61.1   0.0   2   2   1.1e-15   5.6e-14   51.1   0.0    33   141    87   208    68   215 0.78 -
108755at50557_121225_0:0004e7|STRG.5838.2:66-557|+      -            164 107216at50557        -            149   6.2e-17   60.7   0.2   1   2     0.002       0.1   11.2   0.0     7    49     4    46     2    53 0.87 -
108755at50557_121225_0:0004e7|STRG.5838.2:66-557|+      -            164 107216at50557        -            149   6.2e-17   60.7   0.2   2   2   8.6e-15   4.5e-13   48.1   0.0    35   102    52   121    40   137 0.86 -
108271at50557_166361_0:003235|STRG.9782.1:312-866|+     -            185 107216at50557        -            149   8.2e-17   60.2   0.5   1   2      0.97        50    2.5   0.1     7    25     1    19     1    28 0.85 -
108271at50557_166361_0:003235|STRG.9782.1:312-866|+     -            185 107216at50557        -            149   8.2e-17   60.2   0.5   2   2   2.9e-17   1.5e-15   56.1   0.0    26   142    39   163    30   167 0.86 -
108271at50557_166361_0:003235|STRG.9782.2:315-869|+     -            185 107216at50557        -            149   8.2e-17   60.2   0.5   1   2      0.97        50    2.5   0.1     7    25     1    19     1    28 0.85 -
108271at50557_166361_0:003235|STRG.9782.2:315-869|+     -            185 107216at50557        -            149   8.2e-17   60.2   0.5   2   2   2.9e-17   1.5e-15   56.1   0.0    26   142    39   163    30   167 0.86 -
108271at50557_166361_0:003235|STRG.9782.3:769-1323|+    -            185 107216at50557        -            149   8.2e-17   60.2   0.5   1   2      0.97        50    2.5   0.1     7    25     1    19     1    28 0.85 -
108271at50557_166361_0:003235|STRG.9782.3:769-1323|+    -            185 107216at50557        -            149   8.2e-17   60.2   0.5   2   2   2.9e-17   1.5e-15   56.1   0.0    26   142    39   163    30   167 0.86 -
108271at50557_166361_0:003235|STRG.9782.4:9-563|+       -            185 107216at50557        -            149   8.2e-17   60.2   0.5   1   2      0.97        50    2.5   0.1     7    25     1    19     1    28 0.85 -
108271at50557_166361_0:003235|STRG.9782.4:9-563|+       -            185 107216at50557        -            149   8.2e-17   60.2   0.5   2   2   2.9e-17   1.5e-15   56.1   0.0    26   142    39   163    30   167 0.86 -
129498at50557_7493_0:00132e|STRG.18236.1:367-843|+      -            159 107216at50557        -            149   1.2e-16   59.7   0.1   1   2      0.16       8.1    5.1   0.0     7    26     1    20     1    37 0.80 -
129498at50557_7493_0:00132e|STRG.18236.1:367-843|+      -            159 107216at50557        -            149   1.2e-16   59.7   0.1   2   2   2.9e-16   1.5e-14   52.9   0.0    34   133    48   151    37   157 0.87 -
129498at50557_7493_0:00132e|STRG.18236.2:27-503|+       -            159 107216at50557        -            149   1.2e-16   59.7   0.1   1   2      0.16       8.1    5.1   0.0     7    26     1    20     1    37 0.80 -
129498at50557_7493_0:00132e|STRG.18236.2:27-503|+       -            159 107216at50557        -            149   1.2e-16   59.7   0.1   2   2   2.9e-16   1.5e-14   52.9   0.0    34   133    48   151    37   157 0.87 -
129498at50557_7493_0:00132e|STRG.18236.3:972-1448|+     -            159 107216at50557        -            149   1.2e-16   59.7   0.1   1   2      0.16       8.1    5.1   0.0     7    26     1    20     1    37 0.80 -
129498at50557_7493_0:00132e|STRG.18236.3:972-1448|+     -            159 107216at50557        -            149   1.2e-16   59.7   0.1   2   2   2.9e-16   1.5e-14   52.9   0.0    34   133    48   151    37   157 0.87 -
129498at50557_7493_0:00132e|STRG.18236.4:580-1056|+     -            159 107216at50557        -            149   1.2e-16   59.7   0.1   1   2      0.16       8.1    5.1   0.0     7    26     1    20     1    37 0.80 -
129498at50557_7493_0:00132e|STRG.18236.4:580-1056|+     -            159 107216at50557        -            149   1.2e-16   59.7   0.1   2   2   2.9e-16   1.5e-14   52.9   0.0    34   133    48   151    37   157 0.87 -
106023at50557_7004_0:005025|STRG.8349.4:348-773|+       -            142 107216at50557        -            149   1.4e-15   56.2   0.2   1   1   3.2e-17   1.7e-15   56.0   0.2    25   102    13    91     6   139 0.88 -
108271at50557_43151_0:001e01|STRG.19891.1:39-596|+      -            186 107216at50557        -            149   1.8e-15   55.9   0.3   1   1     9e-16   4.7e-14   51.3   0.3    29   140    42   160     1   168 0.78 -
108271at50557_224129_0:0005ad|STRG.14640.1:9-551|+      -            181 107216at50557        -            149   3.1e-15   55.1   1.2   1   1   1.5e-14   7.7e-13   47.4   1.2    25   148    38   169     1   170 0.79 -
104262at50557_132113_0:00109a|STRG.9220.1:519-1067|+    -            183 107216at50557        -            149     9e-15   53.6   0.2   1   2     0.012      0.65    8.7   0.0     2    28     9    35     8    51 0.80 -
104262at50557_132113_0:00109a|STRG.9220.1:519-1067|+    -            183 107216at50557        -            149     9e-15   53.6   0.2   2   2   2.4e-13   1.3e-11   43.4   0.0    27   109    54   137    45   177 0.79 -
104262at50557_132113_0:00109a|STRG.9220.2:519-1067|+    -            183 107216at50557        -            149     9e-15   53.6   0.2   1   2     0.012      0.65    8.7   0.0     2    28     9    35     8    51 0.80 -
104262at50557_132113_0:00109a|STRG.9220.2:519-1067|+    -            183 107216at50557        -            149     9e-15   53.6   0.2   2   2   2.4e-13   1.3e-11   43.4   0.0    27   109    54   137    45   177 0.79 -
108271at50557_40932_0:00088c|STRG.2411.1:475-1018|+     -            167 107216at50557        -            149   1.3e-14   53.1   0.1   1   2     0.021       1.1    7.9   0.1     7    26     2    21     1    35 0.89 -
108271at50557_40932_0:00088c|STRG.2411.1:475-1018|+     -            167 107216at50557        -            149   1.3e-14   53.1   0.1   2   2   2.1e-13   1.1e-11   43.6   0.0    27   140    41   162    30   165 0.83 -
108271at50557_40932_0:00088c|STRG.2411.3:475-1091|+     -            167 107216at50557        -            149   1.3e-14   53.1   0.1   1   2     0.021       1.1    7.9   0.1     7    26     2    21     1    35 0.89 -
108271at50557_40932_0:00088c|STRG.2411.3:475-1091|+     -            167 107216at50557        -            149   1.3e-14   53.1   0.1   2   2   2.1e-13   1.1e-11   43.6   0.0    27   140    41   162    30   165 0.83 -
108271at50557_40932_0:00088c|STRG.2411.4:135-635|+      -            167 107216at50557        -            149   1.3e-14   53.1   0.1   1   2     0.021       1.1    7.9   0.1     7    26     2    21     1    35 0.89 -
108271at50557_40932_0:00088c|STRG.2411.4:135-635|+      -            167 107216at50557        -            149   1.3e-14   53.1   0.1   2   2   2.1e-13   1.1e-11   43.6   0.0    27   140    41   162    30   165 0.83 -
108755at50557_28612_0:002c6d|STRG.7759.1:27-620|+       -            198 107216at50557        -            149   2.4e-13   49.0   0.1   1   2       0.3        16    4.2   0.0     8    27     1    20     1    31 0.90 -
108755at50557_28612_0:002c6d|STRG.7759.1:27-620|+       -            198 107216at50557        -            149   2.4e-13   49.0   0.1   2   2   2.9e-13   1.5e-11   43.1   0.0    16   106    33   122    24   172 0.78 -
109573at50557_136037_0:001d92|STRG.11774.2:757-1092|+   -            112 107216at50557        -            149   4.2e-13   48.2   0.1   1   1   8.9e-15   4.6e-13   48.1   0.1    41   138     1   108     1   112 0.83 -
107216at50557_37001_0:0036b4|STRG.11774.1:273-662|+     -            130 107216at50557        -            149   5.4e-13   47.9   0.1   1   1   1.3e-14   6.6e-13   47.6   0.1    41   138     1   108     1   115 0.83 -
107216at50557_51655_0:0016fc|STRG.9220.3:0-341|+        -            114 107216at50557        -            149   5.8e-13   47.8   0.2   1   2      0.22        11    4.6   0.0     9    28     1    20     1    36 0.80 -
107216at50557_51655_0:0016fc|STRG.9220.3:0-341|+        -            114 107216at50557        -            149   5.8e-13   47.8   0.2   2   2   6.8e-13   3.6e-11   42.0   0.0    27   101    39   114    27   114 0.82 -
108271at50557_197043_0:002be2|STRG.5226.1:15-521|+      -            169 107216at50557        -            149   1.5e-12   46.4   0.2   1   1   7.4e-13   3.8e-11   41.8   0.2    25   140    36   159     1   165 0.86 -
104262at50557_6973_0:00268c|STRG.8367.2:649-1164|+      -            162 107216at50557        -            149   3.2e-12   45.4   0.5   1   2    0.0002      0.01   14.5   0.1     2    27     1    26     1    51 0.82 -
104262at50557_6973_0:00268c|STRG.8367.2:649-1164|+      -            162 107216at50557        -            149   3.2e-12   45.4   0.5   2   2   4.9e-09   2.5e-07   29.4   0.0    91   143    73   130    52   135 0.81 -
104262at50557_6973_0:00268c|STRG.8367.1:397-902|+       -            163 107216at50557        -            149   3.5e-12   45.2   0.5   1   2    0.0002     0.011   14.4   0.1     2    27     1    26     1    51 0.82 -
104262at50557_6973_0:00268c|STRG.8367.1:397-902|+       -            163 107216at50557        -            149   3.5e-12   45.2   0.5   2   2   4.7e-09   2.5e-07   29.5   0.0    91   143    74   131    47   136 0.81 -
104262at50557_34740_0:0027f7|STRG.831.3:2020-2661|+     -            214 107216at50557        -            149   3.8e-12   45.1   0.1   1   2    0.0052      0.27    9.9   0.0     7    27    11    31     5    47 0.85 -
104262at50557_34740_0:0027f7|STRG.831.3:2020-2661|+     -            214 107216at50557        -            149   3.8e-12   45.1   0.1   2   2   3.3e-10   1.7e-08   33.2   0.0    33   130    58   165    45   185 0.81 -
104262at50557_34740_0:0027f7|STRG.831.7:6-647|+         -            214 107216at50557        -            149   3.8e-12   45.1   0.1   1   2    0.0052      0.27    9.9   0.0     7    27    11    31     5    47 0.85 -
104262at50557_34740_0:0027f7|STRG.831.7:6-647|+         -            214 107216at50557        -            149   3.8e-12   45.1   0.1   2   2   3.3e-10   1.7e-08   33.2   0.0    33   130    58   165    45   185 0.81 -
107216at50557_121225_0:0005b8|STRG.5838.1:153-374|+     -             74 107216at50557        -            149   4.1e-12   45.0   0.4   1   2   0.00094     0.049   12.3   0.0     8    50     1    43     1    49 0.88 -
107216at50557_121225_0:0005b8|STRG.5838.1:153-374|+     -             74 107216at50557        -            149   4.1e-12   45.0   0.4   2   2     7e-10   3.6e-08   32.2   0.1    35    61    48    74    38    74 0.87 -
115559at50557_286306_0:000620|STRG.16600.2:493-1098|+   -            202 107216at50557        -            149   4.4e-11   41.7   0.5   1   1   1.7e-12   8.9e-11   40.7   0.3    29   143    68   190    51   196 0.85 -
115559at50557_286306_0:000620|STRG.16600.3:126-731|+    -            202 107216at50557        -            149   4.4e-11   41.7   0.5   1   1   1.7e-12   8.9e-11   40.7   0.3    29   143    68   190    51   196 0.85 -
115559at50557_286306_0:000620|STRG.16600.4:150-755|+    -            202 107216at50557        -            149   4.4e-11   41.7   0.5   1   1   1.7e-12   8.9e-11   40.7   0.3    29   143    68   190    51   196 0.85 -
140221at50557_568069_0:001a32|STRG.19422.1:740-1204|+   -            155 107216at50557        -            149   5.9e-11   41.2   0.0   1   2       2.6   1.3e+02    1.1   0.0     8    27     1    20     1    26 0.89 -
140221at50557_568069_0:001a32|STRG.19422.1:740-1204|+   -            155 107216at50557        -            149   5.9e-11   41.2   0.0   2   2   1.1e-11   5.7e-10   38.0   0.0    27   103    39   117    26   130 0.84 -
140221at50557_568069_0:001a32|STRG.19422.2:142-606|+    -            155 107216at50557        -            149   5.9e-11   41.2   0.0   1   2       2.6   1.3e+02    1.1   0.0     8    27     1    20     1    26 0.89 -
140221at50557_568069_0:001a32|STRG.19422.2:142-606|+    -            155 107216at50557        -            149   5.9e-11   41.2   0.0   2   2   1.1e-11   5.7e-10   38.0   0.0    27   103    39   117    26   130 0.84 -
140221at50557_568069_0:001a32|STRG.19422.3:1195-1659|+  -            155 107216at50557        -            149   5.9e-11   41.2   0.0   1   2       2.6   1.3e+02    1.1   0.0     8    27     1    20     1    26 0.89 -
140221at50557_568069_0:001a32|STRG.19422.3:1195-1659|+  -            155 107216at50557        -            149   5.9e-11   41.2   0.0   2   2   1.1e-11   5.7e-10   38.0   0.0    27   103    39   117    26   130 0.84 -
140221at50557_568069_0:001a32|STRG.19422.4:136-600|+    -            155 107216at50557        -            149   5.9e-11   41.2   0.0   1   2       2.6   1.3e+02    1.1   0.0     8    27     1    20     1    26 0.89 -
140221at50557_568069_0:001a32|STRG.19422.4:136-600|+    -            155 107216at50557        -            149   5.9e-11   41.2   0.0   2   2   1.1e-11   5.7e-10   38.0   0.0    27   103    39   117    26   130 0.84 -
140221at50557_568069_0:001a32|STRG.19422.5:227-691|+    -            155 107216at50557        -            149   5.9e-11   41.2   0.0   1   2       2.6   1.3e+02    1.1   0.0     8    27     1    20     1    26 0.89 -
140221at50557_568069_0:001a32|STRG.19422.5:227-691|+    -            155 107216at50557        -            149   5.9e-11   41.2   0.0   2   2   1.1e-11   5.7e-10   38.0   0.0    27   103    39   117    26   130 0.84 -
140221at50557_568069_0:001a32|STRG.19422.6:495-959|+    -            155 107216at50557        -            149   5.9e-11   41.2   0.0   1   2       2.6   1.3e+02    1.1   0.0     8    27     1    20     1    26 0.89 -
140221at50557_568069_0:001a32|STRG.19422.6:495-959|+    -            155 107216at50557        -            149   5.9e-11   41.2   0.0   2   2   1.1e-11   5.7e-10   38.0   0.0    27   103    39   117    26   130 0.84 -
140221at50557_568069_0:001a32|STRG.19422.7:18-482|+     -            155 107216at50557        -            149   5.9e-11   41.2   0.0   1   2       2.6   1.3e+02    1.1   0.0     8    27     1    20     1    26 0.89 -
140221at50557_568069_0:001a32|STRG.19422.7:18-482|+     -            155 107216at50557        -            149   5.9e-11   41.2   0.0   2   2   1.1e-11   5.7e-10   38.0   0.0    27   103    39   117    26   130 0.84 -
105221at50557_103372_0:000728|STRG.3722.1:0-587|+       -            196 107216at50557        -            149   7.4e-11   40.9   0.0   1   1     2e-10   1.1e-08   33.9   0.0    25   144    45   176     3   181 0.72 -
41766at50557_286306_0:004435|STRG.831.3:173-2730|+      -            737 107216at50557        -            149   1.2e-10   40.2   0.1   1   1   1.1e-09   5.6e-08   31.6   0.1     7   129   511   664   505   678 0.69 -
140221at50557_568069_0:001a32|STRG.2623.1:0-479|+       -            160 107216at50557        -            149   2.8e-10   39.1   0.0   1   1   6.9e-10   3.6e-08   32.2   0.0    27   105    43   123     2   139 0.76 -
140221at50557_568069_0:001a32|STRG.1069.1:222-698|+     -            159 107216at50557        -            149   3.1e-10   38.9   0.0   1   2     0.027       1.4    7.6   0.0     7    27     3    23     1    28 0.90 -
140221at50557_568069_0:001a32|STRG.1069.1:222-698|+     -            159 107216at50557        -            149   3.1e-10   38.9   0.0   2   2   5.4e-09   2.8e-07   29.3   0.0    27   120    42   137    32   159 0.81 -
140221at50557_568069_0:001a32|STRG.10963.4:0-488|+      -            163 107216at50557        -            149   5.6e-09   34.8   0.0   1   2      0.27        14    4.3   0.0     7    28     7    28     5    42 0.90 -
140221at50557_568069_0:001a32|STRG.10963.4:0-488|+      -            163 107216at50557        -            149   5.6e-09   34.8   0.0   2   2   9.6e-09     5e-07   28.5   0.0    29   120    48   141    42   150 0.82 -
140221at50557_568069_0:001a32|STRG.10963.1:1157-1648|+  -            164 107216at50557        -            149   5.7e-09   34.8   0.0   1   2      0.27        14    4.3   0.0     7    28     8    29     6    43 0.90 -
140221at50557_568069_0:001a32|STRG.10963.1:1157-1648|+  -            164 107216at50557        -            149   5.7e-09   34.8   0.0   2   2   9.8e-09   5.1e-07   28.5   0.0    29   120    49   142    43   151 0.82 -
140221at50557_568069_0:001a32|STRG.10963.2:1495-1986|+  -            164 107216at50557        -            149   5.7e-09   34.8   0.0   1   2      0.27        14    4.3   0.0     7    28     8    29     6    43 0.90 -
140221at50557_568069_0:001a32|STRG.10963.2:1495-1986|+  -            164 107216at50557        -            149   5.7e-09   34.8   0.0   2   2   9.8e-09   5.1e-07   28.5   0.0    29   120    49   142    43   151 0.82 -
104262at50557_13164_0:00360e|STRG.831.6:471-983|+       -            171 107216at50557        -            149   8.2e-09   34.3   0.0   1   1     2e-10     1e-08   34.0   0.0    33   129    35   141    24   156 0.81 -
140221at50557_568069_0:001a32|STRG.10772.1:211-657|+    -            149 107216at50557        -            149   1.1e-08   33.8   0.0   1   1   1.2e-09   6.2e-08   31.4   0.0    28   105    41   120     1   148 0.86 -
140221at50557_568069_0:001a32|STRG.10772.2:33-479|+     -            149 107216at50557        -            149   1.1e-08   33.8   0.0   1   1   1.2e-09   6.2e-08   31.4   0.0    28   105    41   120     1   148 0.86 -
108271at50557_1629725_0:00106a|STRG.2411.2:448-959|+    -            128 107216at50557        -            149   2.5e-08   32.7   0.6   1   1     1e-07   5.4e-06   25.1   0.6     6   107    10   128     8   128 0.67 -
111939at50557_103372_0:001457|STRG.2242.1:0-557|+       -            186 107216at50557        -            149     3e-08   32.5   0.0   1   1   6.7e-10   3.5e-08   32.2   0.0    31   121    61   154    36   179 0.84 -
118237at50557_7070_0:00080a|STRG.19661.5:27-497|+       -            157 107216at50557        -            149   3.9e-08   32.1   0.1   1   1   9.1e-10   4.7e-08   31.8   0.1    29   119    42   135    13   139 0.80 -
118237at50557_56086_0:002463|STRG.19661.1:288-797|+     -            170 107216at50557        -            149   4.8e-08   31.8   0.1   1   1   1.2e-09     6e-08   31.5   0.1    29   119    55   148    26   152 0.80 -
118237at50557_56086_0:002463|STRG.19661.2:293-802|+     -            170 107216at50557        -            149   4.8e-08   31.8   0.1   1   1   1.2e-09     6e-08   31.5   0.1    29   119    55   148    26   152 0.80 -
118237at50557_56086_0:002463|STRG.19661.3:219-728|+     -            170 107216at50557        -            149   4.8e-08   31.8   0.1   1   1   1.2e-09     6e-08   31.5   0.1    29   119    55   148    26   152 0.80 -
118237at50557_56086_0:002463|STRG.19661.4:185-694|+     -            170 107216at50557        -            149   4.8e-08   31.8   0.1   1   1   1.2e-09     6e-08   31.5   0.1    29   119    55   148    26   152 0.80 -
108271at50557_7460_0:001bde|STRG.2411.2:729-1201|+      -            119 107216at50557        -            149   6.2e-08   31.4   0.0   1   1   1.5e-09   7.6e-08   31.2   0.0    45   140    12   115     6   118 0.81 -
104262at50557_52612_0:00098c|STRG.8367.1:606-902|+      -             99 107216at50557        -            149     1e-07   30.7   0.0   1   1   2.5e-09   1.3e-07   30.4   0.0    92   143    11    67     2    72 0.85 -
105221at50557_224129_0:000e95|STRG.11041.1:275-763|+    -            163 107216at50557        -            149   1.2e-07   30.5   0.4   1   2      0.59        31    3.2   0.0     7    27     6    26     1    41 0.85 -
105221at50557_224129_0:000e95|STRG.11041.1:275-763|+    -            163 107216at50557        -            149   1.2e-07   30.5   0.4   2   2   6.4e-08   3.3e-06   25.8   0.1    29   137    47   163    38   163 0.76 -
105221at50557_224129_0:000e95|STRG.11041.2:272-760|+    -            163 107216at50557        -            149   1.2e-07   30.5   0.4   1   2      0.59        31    3.2   0.0     7    27     6    26     1    41 0.85 -
105221at50557_224129_0:000e95|STRG.11041.2:272-760|+    -            163 107216at50557        -            149   1.2e-07   30.5   0.4   2   2   6.4e-08   3.3e-06   25.8   0.1    29   137    47   163    38   163 0.76 -
105221at50557_224129_0:000e95|STRG.11041.3:426-914|+    -            163 107216at50557        -            149   1.2e-07   30.5   0.4   1   2      0.59        31    3.2   0.0     7    27     6    26     1    41 0.85 -
105221at50557_224129_0:000e95|STRG.11041.3:426-914|+    -            163 107216at50557        -            149   1.2e-07   30.5   0.4   2   2   6.4e-08   3.3e-06   25.8   0.1    29   137    47   163    38   163 0.76 -
105221at50557_224129_0:000e95|STRG.11041.4:423-911|+    -            163 107216at50557        -            149   1.2e-07   30.5   0.4   1   2      0.59        31    3.2   0.0     7    27     6    26     1    41 0.85 -
105221at50557_224129_0:000e95|STRG.11041.4:423-911|+    -            163 107216at50557        -            149   1.2e-07   30.5   0.4   2   2   6.4e-08   3.3e-06   25.8   0.1    29   137    47   163    38   163 0.76 -
108271at50557_7536_0:004142|STRG.4390.2:420-959|+       -            180 107216at50557        -            149     5e-07   28.5   0.0   1   2      0.14       7.2    5.3   0.0     8    27     1    20     1    31 0.91 -
108271at50557_7536_0:004142|STRG.4390.2:420-959|+       -            180 107216at50557        -            149     5e-07   28.5   0.0   2   2   1.3e-06   6.8e-05   21.6   0.0    22   110    34   125    26   169 0.74 -
140221at50557_568069_0:001a32|STRG.19500.1:47-526|+     -            160 107216at50557        -            149   5.1e-06   25.2   0.0   1   2      0.11       5.5    5.6   0.0     7    28     4    25     2    39 0.90 -
140221at50557_568069_0:001a32|STRG.19500.1:47-526|+     -            160 107216at50557        -            149   5.1e-06   25.2   0.0   2   2   2.2e-05    0.0012   17.6   0.0    30   113    46   131    30   141 0.71 -
140221at50557_568069_0:001a32|STRG.19500.2:170-649|+    -            160 107216at50557        -            149   5.1e-06   25.2   0.0   1   2      0.11       5.5    5.6   0.0     7    28     4    25     2    39 0.90 -
140221at50557_568069_0:001a32|STRG.19500.2:170-649|+    -            160 107216at50557        -            149   5.1e-06   25.2   0.0   2   2   2.2e-05    0.0012   17.6   0.0    30   113    46   131    30   141 0.71 -
129498at50557_108931_0:001f24|STRG.14969.1:137-652|+    -            172 107216at50557        -            149   7.8e-06   24.6   0.0   1   3     0.083       4.3    6.0   0.0     8    24     1    17     1    30 0.87 -
129498at50557_108931_0:001f24|STRG.14969.1:137-652|+    -            172 107216at50557        -            149   7.8e-06   24.6   0.0   2   3   0.00017    0.0091   14.7   0.0    37    82    55   102    42   109 0.88 -
129498at50557_108931_0:001f24|STRG.14969.1:137-652|+    -            172 107216at50557        -            149   7.8e-06   24.6   0.0   3   3         5   2.6e+02    0.2   0.0     8    25   136   153   126   164 0.75 -
108755at50557_7375_0:003bec|STRG.831.8:281-610|+        -            110 107216at50557        -            149   8.4e-06   24.5   0.0   1   1     2e-07     1e-05   24.2   0.0    63   130     5    82     3    97 0.76 -
140221at50557_568069_0:001a32|STRG.15873.1:295-774|+    -            160 107216at50557        -            149   9.8e-06   24.3   0.0   1   1   2.4e-05    0.0012   17.5   0.0    30   111    46   129     2   139 0.70 -
140221at50557_568069_0:001a32|STRG.15873.2:0-479|+      -            160 107216at50557        -            149   9.8e-06   24.3   0.0   1   1   2.4e-05    0.0012   17.5   0.0    30   111    46   129     2   139 0.70 -
107216at50557_7394_0:0010f2|STRG.8224.1:804-1400|+      -            199 107216at50557        -            149   1.1e-05   24.1   0.0   1   3      0.11       5.5    5.6   0.0     4    25     5    26     2    62 0.81 -
107216at50557_7394_0:0010f2|STRG.8224.1:804-1400|+      -            199 107216at50557        -            149   1.1e-05   24.1   0.0   2   3    0.0004     0.021   13.5   0.0    27   104    63   140    42   159 0.76 -
107216at50557_7394_0:0010f2|STRG.8224.1:804-1400|+      -            199 107216at50557        -            149   1.1e-05   24.1   0.0   3   3       1.3        69    2.1   0.0    97   135   161   199   156   199 0.91 -
107216at50557_7394_0:0010f2|STRG.8224.3:1196-1792|+     -            199 107216at50557        -            149   1.1e-05   24.1   0.0   1   3      0.11       5.5    5.6   0.0     4    25     5    26     2    62 0.81 -
107216at50557_7394_0:0010f2|STRG.8224.3:1196-1792|+     -            199 107216at50557        -            149   1.1e-05   24.1   0.0   2   3    0.0004     0.021   13.5   0.0    27   104    63   140    42   159 0.76 -
107216at50557_7394_0:0010f2|STRG.8224.3:1196-1792|+     -            199 107216at50557        -            149   1.1e-05   24.1   0.0   3   3       1.3        69    2.1   0.0    97   135   161   199   156   199 0.91 -
107216at50557_7394_0:0010f2|STRG.8224.4:900-1496|+      -            199 107216at50557        -            149   1.1e-05   24.1   0.0   1   3      0.11       5.5    5.6   0.0     4    25     5    26     2    62 0.81 -
107216at50557_7394_0:0010f2|STRG.8224.4:900-1496|+      -            199 107216at50557        -            149   1.1e-05   24.1   0.0   2   3    0.0004     0.021   13.5   0.0    27   104    63   140    42   159 0.76 -
107216at50557_7394_0:0010f2|STRG.8224.4:900-1496|+      -            199 107216at50557        -            149   1.1e-05   24.1   0.0   3   3       1.3        69    2.1   0.0    97   135   161   199   156   199 0.91 -
108271at50557_13249_0:001644|STRG.10132.1:1942-2427|+   -            162 107216at50557        -            149   1.2e-05   24.0   0.0   1   2       3.1   1.6e+02    0.9   0.0     8    27     1    20     1    26 0.90 -
108271at50557_13249_0:001644|STRG.10132.1:1942-2427|+   -            162 107216at50557        -            149   1.2e-05   24.0   0.0   2   2   1.7e-06   8.9e-05   21.2   0.0    19   139    31   159    22   162 0.76 -
108271at50557_166361_0:003235|STRG.17341.1:1384-1875|+  -            164 107216at50557        -            149   3.1e-05   22.7   0.1   1   1   0.00012    0.0061   15.2   0.1    89   140   107   163     1   164 0.86 -
105221at50557_29053_0:00200e|STRG.10316.1:21-521|+      -            167 107216at50557        -            149   7.4e-05   21.5   0.0   1   1   1.6e-05   0.00081   18.1   0.0    32   106    44   122     1   165 0.79 -
118237at50557_121845_0:0047c3|STRG.19737.1:152-670|+    -            173 107216at50557        -            149   8.4e-05   21.3   0.0   1   1     2e-06   0.00011   20.9   0.0    29   116    55   145    29   153 0.81 -
118237at50557_121845_0:0047c3|STRG.19737.2:447-1038|+   -            173 107216at50557        -            149   8.4e-05   21.3   0.0   1   1     2e-06   0.00011   20.9   0.0    29   116    55   145    29   153 0.81 -
118237at50557_121845_0:0047c3|STRG.19737.3:152-743|+    -            173 107216at50557        -            149   8.4e-05   21.3   0.0   1   1     2e-06   0.00011   20.9   0.0    29   116    55   145    29   153 0.81 -
118237at50557_411798_0:000ee6|STRG.2125.2:0-620|+       -            207 107216at50557        -            149   9.7e-05   21.1   0.0   1   1   2.8e-06   0.00014   20.5   0.0    33   110    70   150    64   163 0.80 -
115559at50557_42026_0:0013f7|STRG.2545.1:767-1258|+     -            164 107216at50557        -            149   0.00012   20.7   0.2   1   3      0.34        18    4.0   0.0     8    27    10    29     6    36 0.87 -
115559at50557_42026_0:0013f7|STRG.2545.1:767-1258|+     -            164 107216at50557        -            149   0.00012   20.7   0.2   2   3     0.031       1.6    7.4   0.0    80   115    39    74    29   100 0.76 -
115559at50557_42026_0:0013f7|STRG.2545.1:767-1258|+     -            164 107216at50557        -            149   0.00012   20.7   0.2   3   3     0.034       1.8    7.2   0.0    72   131    93   158    79   164 0.64 -
115559at50557_42026_0:0013f7|STRG.2545.2:1467-1958|+    -            164 107216at50557        -            149   0.00012   20.7   0.2   1   3      0.34        18    4.0   0.0     8    27    10    29     6    36 0.87 -
115559at50557_42026_0:0013f7|STRG.2545.2:1467-1958|+    -            164 107216at50557        -            149   0.00012   20.7   0.2   2   3     0.031       1.6    7.4   0.0    80   115    39    74    29   100 0.76 -
115559at50557_42026_0:0013f7|STRG.2545.2:1467-1958|+    -            164 107216at50557        -            149   0.00012   20.7   0.2   3   3     0.034       1.8    7.2   0.0    72   131    93   158    79   164 0.64 -
118237at50557_28612_0:004a80|STRG.11943.1:51-539|+      -            163 107216at50557        -            149   0.00013   20.7   0.0   1   1   2.9e-06   0.00015   20.4   0.0    29   118    38   130    15   142 0.80 -
118237at50557_144034_0:0012bb|STRG.2125.1:221-631|+     -            137 107216at50557        -            149   0.00013   20.7   0.0   1   1   3.3e-06   0.00017   20.3   0.0    39   111     6    81     2    95 0.80 -
104262at50557_88501_0:0010fe|STRG.8692.1:48-665|+       -            206 107216at50557        -            149   0.00018   20.2   0.6   1   3      0.32        17    4.1   0.0     4    27    25    48    22    73 0.86 -
104262at50557_88501_0:0010fe|STRG.8692.1:48-665|+       -            206 107216at50557        -            149   0.00018   20.2   0.6   2   3       4.2   2.2e+02    0.4   0.1    26    49    69    92    57    98 0.79 -
104262at50557_88501_0:0010fe|STRG.8692.1:48-665|+       -            206 107216at50557        -            149   0.00018   20.2   0.6   3   3   0.00078     0.041   12.6   0.0    55   109   123   175   115   190 0.83 -
118237at50557_121845_0:0047c3|STRG.11450.1:139-654|+    -            172 107216at50557        -            149   0.00028   19.6   0.3   1   1   1.2e-05   0.00064   18.4   0.3    29   118    49   141    11   165 0.80 -
118237at50557_121845_0:0047c3|STRG.11450.3:139-663|+    -            175 107216at50557        -            149    0.0003   19.5   0.2   1   1   1.4e-05    0.0007   18.3   0.2    29   118    49   141    11   163 0.81 -
108271at50557_35570_0:000679|STRG.9738.1:102-581|+      -            160 107216at50557        -            149   0.00038   19.2   0.0   1   2     0.037       1.9    7.1   0.0     8    28     1    21     1    34 0.92 -
108271at50557_35570_0:000679|STRG.9738.1:102-581|+      -            160 107216at50557        -            149   0.00038   19.2   0.0   2   2    0.0039       0.2   10.3   0.0    79   136    87   151    61   160 0.62 -
104262at50557_378494_0:000a18|STRG.9147.2:291-425|+     -             45 107216at50557        -            149    0.0004   19.1   0.0   1   1   9.6e-06    0.0005   18.8   0.0    96   133     1    45     1    45 0.78 -
117348at50557_7091_0:000076|STRG.12875.1:176-562|+      -            129 107216at50557        -            149   0.00042   19.0   0.0   1   1   9.2e-06   0.00048   18.8   0.0    33   111     8    92     2   111 0.81 -
117348at50557_104452_0:003894|STRG.12875.2:146-655|+    -            170 107216at50557        -            149   0.00045   18.9   0.0   1   1   1.5e-05   0.00078   18.1   0.0    33   111    49   133     6   142 0.82 -
117348at50557_7425_0:0012b0|STRG.11450.2:115-802|+      -            172 107216at50557        -            149   0.00065   18.4   0.3   1   1   3.6e-05    0.0019   16.9   0.3    29   117    57   140    19   156 0.79 -
118237at50557_7539_0:0029ad|STRG.10570.1:387-842|+      -            152 107216at50557        -            149    0.0066   15.1   0.1   1   1   0.00016    0.0083   14.8   0.1    29   109    36   119     8   136 0.69 -
118237at50557_7539_0:0029ad|STRG.10570.2:160-615|+      -            152 107216at50557        -            149    0.0066   15.1   0.1   1   1   0.00016    0.0083   14.8   0.1    29   109    36   119     8   136 0.69 -
118237at50557_7070_0:00080a|STRG.10809.1:1146-1622|+    -            159 107216at50557        -            149    0.0068   15.1   0.3   1   2       4.3   2.2e+02    0.4   0.0     8    26     2    20     1    25 0.87 -
118237at50557_7070_0:00080a|STRG.10809.1:1146-1622|+    -            159 107216at50557        -            149    0.0068   15.1   0.3   2   2   0.00069     0.036   12.7   0.0    38   111    48   124    34   142 0.78 -
105221at50557_67767_0:00134b|STRG.3723.1:47-280|+       -             78 107216at50557        -            149     0.014   14.0   0.0   1   1   0.00029     0.015   13.9   0.0    95   145     2    59     1    63 0.65 -
118237at50557_1155016_0:0017e6|STRG.10809.2:1143-1478|+ -            112 107216at50557        -            149     0.026   13.2   0.1   1   2       2.4   1.3e+02    1.2   0.0     8    26     2    20     1    26 0.88 -
118237at50557_1155016_0:0017e6|STRG.10809.2:1143-1478|+ -            112 107216at50557        -            149     0.026   13.2   0.1   2   2    0.0039       0.2   10.3   0.0    38    70    48    80    33   111 0.79 -
118237at50557_13164_0:001264|STRG.8138.1:39-512|+       -            158 107216at50557        -            149     0.039   12.6   0.0   1   1   0.00097     0.051   12.2   0.0    26   119    38   135    20   143 0.78 -
117348at50557_110193_0:002167|STRG.11998.2:30-506|+     -            159 107216at50557        -            149     0.042   12.5   0.1   1   1    0.0012     0.061   12.0   0.1    30    69    33    72    22   131 0.80 -
117348at50557_56086_0:0035e5|STRG.2629.4:69-593|+       -            175 107216at50557        -            149     0.044   12.5   0.0   1   1     0.001     0.054   12.2   0.0    28   102    35   112    11   140 0.75 -
118237at50557_7070_0:00080a|STRG.11998.1:118-663|+      -            182 107216at50557        -            149     0.052   12.2   0.1   1   1    0.0016     0.084   11.5   0.1    30    69    58    97    46   154 0.81 -
129498at50557_45779_0:0039a1|STRG.15689.2:203-499|+     -             99 107216at50557        -            149     0.054   12.2   0.0   1   1    0.0015      0.08   11.6   0.0    27    70    47    92    37    98 0.84 -
#
# Program:         hmmsearch
# Version:         3.4 (Aug 2023)
# Pipeline mode:   SEARCH
# Query file:      /data/projet1/projet_tutore/busco_downloads/lineages/insecta_odb10/hmms/107216at50557.hmm
# Target file:     annotation_analysis/annotation_gca/T_septentrionalis/busco_output/run_insecta_odb10/metaeuk_output/initial_results/assembled_transcripts.fasta.modified.fas
# Option settings: hmmsearch --domtblout annotation_analysis/annotation_gca/T_septentrionalis/busco_output/run_insecta_odb10/hmmer_output/initial_run_results/107216at50557.out --cpu 1 /data/projet1/projet_tutore/busco_downloads/lineages/insecta_odb10/hmms/107216at50557.hmm annotation_analysis/annotation_gca/T_septentrionalis/busco_output/run_insecta_odb10/metaeuk_output/initial_results/assembled_transcripts.fasta.modified.fas 
# Current dir:     /data/projet1/projet_tutore
# Date:            Sun Oct 13 13:52:15 2024
# [ok]
