#                                                                                                              --- full sequence --- -------------- this domain -------------   hmm coord   ali coord   env coord
# target name                                          accession   tlen query name           accession   qlen   E-value  score  bias   #  of  c-Evalue  i-Evalue  score  bias  from    to  from    to  from    to  acc description of target
#                                  ------------------- ---------- ----- -------------------- ---------- ----- --------- ------ ----- --- --- --------- --------- ------ ----- ----- ----- ----- ----- ----- ----- ---- ---------------------
108271at50557_64793_0:001833|STRG.13660.3:0-602|+      -            201 108271at50557        -            151     6e-92  304.2   0.9   1   1   2.5e-93   1.3e-91  303.0   0.9     1   151    11   176    11   176 0.97 -
108271at50557_64793_0:001833|STRG.13660.2:651-1268|+   -            206 108271at50557        -            151   6.6e-92  304.0   0.9   1   1   2.8e-93   1.5e-91  302.9   0.9     1   151    16   181    16   181 0.97 -
108271at50557_64793_0:001833|STRG.13660.1:71-694|+     -            208 108271at50557        -            151   6.8e-92  304.0   0.9   1   1   2.8e-93   1.5e-91  302.9   0.9     1   151    18   183    18   183 0.97 -
108271at50557_166361_0:003235|STRG.9782.1:312-866|+    -            185 108271at50557        -            151     1e-54  183.3   0.6   1   1   4.1e-56   2.2e-54  182.2   0.6     3   151     2   165     1   165 0.91 -
108271at50557_166361_0:003235|STRG.9782.2:315-869|+    -            185 108271at50557        -            151     1e-54  183.3   0.6   1   1   4.1e-56   2.2e-54  182.2   0.6     3   151     2   165     1   165 0.91 -
108271at50557_166361_0:003235|STRG.9782.3:769-1323|+   -            185 108271at50557        -            151     1e-54  183.3   0.6   1   1   4.1e-56   2.2e-54  182.2   0.6     3   151     2   165     1   165 0.91 -
108271at50557_166361_0:003235|STRG.9782.4:9-563|+      -            185 108271at50557        -            151     1e-54  183.3   0.6   1   1   4.1e-56   2.2e-54  182.2   0.6     3   151     2   165     1   165 0.91 -
108271at50557_224129_0:0005ad|STRG.14640.1:9-551|+     -            181 108271at50557        -            151   2.3e-49  165.9   2.9   1   1   1.2e-50   6.2e-49  164.5   2.9     3   150     2   164     1   165 0.88 -
108271at50557_43151_0:001e01|STRG.19891.1:39-596|+     -            186 108271at50557        -            151     2e-48  162.8   0.4   1   1   8.5e-50   4.5e-48  161.7   0.4     3   148     2   162     1   165 0.94 -
108271at50557_40932_0:00088c|STRG.2411.1:475-1018|+    -            167 108271at50557        -            151   1.2e-45  153.8   0.1   1   1   4.5e-47   2.4e-45  152.9   0.1     2   150     2   165     1   166 0.93 -
108271at50557_40932_0:00088c|STRG.2411.3:475-1091|+    -            167 108271at50557        -            151   1.2e-45  153.8   0.1   1   1   4.5e-47   2.4e-45  152.9   0.1     2   150     2   165     1   166 0.93 -
108271at50557_40932_0:00088c|STRG.2411.4:135-635|+     -            167 108271at50557        -            151   1.2e-45  153.8   0.1   1   1   4.5e-47   2.4e-45  152.9   0.1     2   150     2   165     1   166 0.93 -
108271at50557_197043_0:002be2|STRG.5226.1:15-521|+     -            169 108271at50557        -            151   1.7e-40  137.2   0.1   1   1   6.8e-42   3.6e-40  136.1   0.1     4   147     1   159     1   162 0.91 -
108271at50557_28612_0:005172|STRG.4894.1:39-596|+      -            186 108271at50557        -            151   1.3e-39  134.3   0.4   1   1   4.5e-41   2.4e-39  133.4   0.4     3   149     1   163     1   165 0.91 -
108271at50557_1629725_0:00106a|STRG.2411.2:448-959|+   -            128 108271at50557        -            151   6.1e-36  122.3   0.1   1   1   1.3e-37     7e-36  122.2   0.1     2   120    11   128    10   128 0.97 -
107216at50557_110193_0:000c8b|STRG.9147.1:30-608|+     -            193 108271at50557        -            151   1.1e-26   92.2   0.6   1   1   7.3e-28   3.9e-26   90.5   0.6     1   150    12   178    12   179 0.83 -
107216at50557_103372_0:00094d|STRG.18724.1:353-997|+   -            215 108271at50557        -            151   2.8e-25   87.7   0.1   1   1   1.3e-26   6.7e-25   86.5   0.1     1   147    11   172    11   176 0.87 -
107216at50557_103372_0:00094d|STRG.18724.2:353-997|+   -            215 108271at50557        -            151   2.8e-25   87.7   0.1   1   1   1.3e-26   6.7e-25   86.5   0.1     1   147    11   172    11   176 0.87 -
115559at50557_286306_0:000620|STRG.16600.2:493-1098|+  -            202 108271at50557        -            151   6.5e-25   86.6   1.0   1   1   2.7e-26   1.4e-24   85.5   1.0     3   149    28   189    26   191 0.89 -
115559at50557_286306_0:000620|STRG.16600.3:126-731|+   -            202 108271at50557        -            151   6.5e-25   86.6   1.0   1   1   2.7e-26   1.4e-24   85.5   1.0     3   149    28   189    26   191 0.89 -
115559at50557_286306_0:000620|STRG.16600.4:150-755|+   -            202 108271at50557        -            151   6.5e-25   86.6   1.0   1   1   2.7e-26   1.4e-24   85.5   1.0     3   149    28   189    26   191 0.89 -
104262at50557_132113_0:00109a|STRG.3897.1:197-706|+    -            170 108271at50557        -            151   1.2e-24   85.6   0.2   1   1   5.9e-26   3.2e-24   84.3   0.2     1   140    16   170    16   170 0.84 -
104262at50557_132113_0:00109a|STRG.3897.2:197-706|+    -            170 108271at50557        -            151   1.2e-24   85.6   0.2   1   1   5.9e-26   3.2e-24   84.3   0.2     1   140    16   170    16   170 0.84 -
104262at50557_132113_0:00109a|STRG.3897.3:197-706|+    -            170 108271at50557        -            151   1.2e-24   85.6   0.2   1   1   5.9e-26   3.2e-24   84.3   0.2     1   140    16   170    16   170 0.84 -
105221at50557_103372_0:000728|STRG.3722.1:0-587|+      -            196 108271at50557        -            151   1.8e-24   85.1   0.0   1   1   1.1e-25   5.8e-24   83.5   0.0     3   145     9   169     8   175 0.82 -
107216at50557_103372_0:00094d|STRG.18724.3:57-662|+    -            202 108271at50557        -            151   5.2e-24   83.6   0.0   1   1   2.4e-25   1.3e-23   82.4   0.0     4   147     1   159     1   163 0.87 -
104262at50557_39758_0:003743|STRG.8006.1:6-617|+       -            204 108271at50557        -            151   1.3e-23   82.3   0.3   1   1   4.5e-25   2.4e-23   81.5   0.3     1   150     6   170     6   171 0.86 -
107216at50557_103372_0:00094d|STRG.12139.1:143-709|+   -            189 108271at50557        -            151   5.1e-23   80.4   0.0   1   1   2.8e-24   1.5e-22   78.9   0.0     1   149     4   167     4   169 0.85 -
108271at50557_7460_0:001bde|STRG.2411.2:729-1201|+     -            119 108271at50557        -            151   1.3e-22   79.1   0.0   1   1   4.8e-24   2.5e-22   78.1   0.0    56   150     9   118     1   119 0.87 -
104262at50557_411798_0:001745|STRG.18960.1:3-518|+     -            172 108271at50557        -            151   1.7e-22   78.7   0.2   1   1   6.9e-24   3.7e-22   77.6   0.2     1   147     8   169     8   172 0.88 -
105221at50557_121845_0:0034ac|STRG.12679.1:526-1059|+  -            178 108271at50557        -            151   5.9e-22   77.0   0.1   1   1   3.7e-22     2e-20   72.0   0.1     3   143     8   178     6   178 0.79 -
105221at50557_121845_0:0034ac|STRG.12679.2:691-1224|+  -            178 108271at50557        -            151   5.9e-22   77.0   0.1   1   1   3.7e-22     2e-20   72.0   0.1     3   143     8   178     6   178 0.79 -
105221at50557_121845_0:0034ac|STRG.12679.3:228-761|+   -            178 108271at50557        -            151   5.9e-22   77.0   0.1   1   1   3.7e-22     2e-20   72.0   0.1     3   143     8   178     6   178 0.79 -
129498at50557_103372_0:001a9c|STRG.12999.1:4163-4861|+ -            233 108271at50557        -            151   1.4e-21   75.8   1.6   1   1   4.1e-23   2.2e-21   75.1   0.4     3   150    13   175    11   176 0.85 -
129498at50557_103372_0:001a9c|STRG.12999.3:0-698|+     -            233 108271at50557        -            151   1.4e-21   75.8   1.6   1   1   4.1e-23   2.2e-21   75.1   0.4     3   150    13   175    11   176 0.85 -
106023at50557_456900_0:0019f7|STRG.15057.1:924-1571|+  -            216 108271at50557        -            151   1.4e-21   75.8   0.1   1   1   6.3e-23   3.4e-21   74.5   0.1     3   146    24   182    22   187 0.83 -
106023at50557_456900_0:0019f7|STRG.15057.3:1051-1698|+ -            216 108271at50557        -            151   1.4e-21   75.8   0.1   1   1   6.3e-23   3.4e-21   74.5   0.1     3   146    24   182    22   187 0.83 -
106023at50557_456900_0:0019f7|STRG.15057.4:151-886|+   -            216 108271at50557        -            151   1.4e-21   75.8   0.1   1   1   6.3e-23   3.4e-21   74.5   0.1     3   146    24   182    22   187 0.83 -
106023at50557_456900_0:0019f7|STRG.15057.5:1851-2501|+ -            217 108271at50557        -            151   1.4e-21   75.7   0.1   1   1   6.4e-23   3.4e-21   74.5   0.1     3   146    25   183    23   188 0.83 -
104262at50557_103372_0:002a03|STRG.10410.3:190-849|+   -            220 108271at50557        -            151   1.5e-21   75.6   0.6   1   1   5.8e-23   3.1e-21   74.6   0.6     1   147    17   178    17   182 0.85 -
104262at50557_103372_0:002a03|STRG.10410.2:442-1107|+  -            222 108271at50557        -            151   1.6e-21   75.6   0.6   1   1     6e-23   3.2e-21   74.6   0.6     1   147    19   180    19   184 0.85 -
106023at50557_34720_0:001fd2|STRG.15057.6:1951-2935|+  -            232 108271at50557        -            151   1.7e-21   75.4   0.1   1   1     8e-23   4.2e-21   74.2   0.1     3   146    40   198    38   203 0.83 -
106023at50557_37001_0:0016d5|STRG.6758.1:3-512|+       -            170 108271at50557        -            151   1.9e-21   75.3   0.0   1   1   7.7e-23   4.1e-21   74.2   0.0     2   143     8   168     7   170 0.83 -
104262at50557_103372_0:002a03|STRG.10410.1:1-1102|+    -            238 108271at50557        -            151     2e-21   75.3   0.6   1   1   7.4e-23   3.9e-21   74.3   0.6     1   147    35   196    35   200 0.85 -
104262at50557_64793_0:001dc9|STRG.10410.4:634-1622|+   -            260 108271at50557        -            151   2.3e-21   75.1   0.6   1   1   9.6e-23   5.1e-21   73.9   0.6     1   147    57   218    57   222 0.85 -
104262at50557_64793_0:001dc9|STRG.10410.6:0-779|+      -            260 108271at50557        -            151   2.3e-21   75.1   0.6   1   1   9.6e-23   5.1e-21   73.9   0.6     1   147    57   218    57   222 0.85 -
108755at50557_456900_0:000c82|STRG.10032.1:0-634|+     -            207 108271at50557        -            151   2.3e-21   75.1   0.5   1   1   1.3e-22   6.9e-21   73.5   0.5     3   141    15   168    13   174 0.86 -
104262at50557_64793_0:001dc9|STRG.10410.5:634-1742|+   -            260 108271at50557        -            151   2.3e-21   75.0   0.6   1   1   9.6e-23   5.1e-21   73.9   0.6     1   147    57   218    57   222 0.85 -
108755at50557_178035_0:0020de|STRG.10032.2:235-861|+   -            209 108271at50557        -            151   2.3e-21   75.0   0.5   1   1   1.3e-22   7.1e-21   73.4   0.5     3   141    15   168    13   174 0.86 -
106023at50557_39758_0:004d29|STRG.6758.2:122-658|+     -            179 108271at50557        -            151   2.4e-21   75.0   0.0   1   1   9.3e-23   4.9e-21   73.9   0.0     2   143    17   177    16   179 0.83 -
106023at50557_609295_0:001bec|STRG.15057.2:32-934|+    -            301 108271at50557        -            151   3.9e-21   74.3   0.1   1   1   1.7e-22   8.9e-21   73.1   0.1     3   146   109   267   107   272 0.83 -
105221at50557_224129_0:000e95|STRG.11041.1:275-763|+   -            163 108271at50557        -            151   5.2e-21   73.9   0.3   1   1   3.3e-22   1.8e-20   72.2   0.3     2   143     6   162     5   163 0.82 -
105221at50557_224129_0:000e95|STRG.11041.2:272-760|+   -            163 108271at50557        -            151   5.2e-21   73.9   0.3   1   1   3.3e-22   1.8e-20   72.2   0.3     2   143     6   162     5   163 0.82 -
105221at50557_224129_0:000e95|STRG.11041.3:426-914|+   -            163 108271at50557        -            151   5.2e-21   73.9   0.3   1   1   3.3e-22   1.8e-20   72.2   0.3     2   143     6   162     5   163 0.82 -
105221at50557_224129_0:000e95|STRG.11041.4:423-911|+   -            163 108271at50557        -            151   5.2e-21   73.9   0.3   1   1   3.3e-22   1.8e-20   72.2   0.3     2   143     6   162     5   163 0.82 -
107216at50557_51655_0:0016fc|STRG.14620.1:1771-2367|+  -            199 108271at50557        -            151   9.3e-21   73.1   0.0   1   1   3.5e-22   1.9e-20   72.1   0.0     1   151     9   175     9   175 0.83 -
107216at50557_7038_0:002032|STRG.14620.2:794-1357|+    -            188 108271at50557        -            151   2.4e-20   71.7   0.0   1   1   9.1e-22   4.8e-20   70.7   0.0     2   151    17   182    16   182 0.83 -
107216at50557_7004_0:001b36|STRG.14280.1:3-566|+       -            188 108271at50557        -            151     3e-20   71.4   0.0   1   1   1.3e-21   6.8e-20   70.2   0.0     1   148     6   167     6   172 0.83 -
107216at50557_103372_0:00094d|STRG.12139.3:0-527|+     -            176 108271at50557        -            151   5.8e-20   70.5   0.0   1   1   3.3e-21   1.7e-19   68.9   0.0    11   149     1   154     1   156 0.84 -
140221at50557_568069_0:001a32|STRG.1069.1:222-698|+    -            159 108271at50557        -            151   1.6e-19   69.1   0.0   1   2     2e-20     1e-18   66.4   0.0     3   120     4   124     3   141 0.86 -
140221at50557_568069_0:001a32|STRG.1069.1:222-698|+    -            159 108271at50557        -            151   1.6e-19   69.1   0.0   2   2       3.6   1.9e+02    0.6   0.0   119   130   147   158   140   159 0.84 -
108271at50557_7536_0:004142|STRG.4390.2:420-959|+      -            180 108271at50557        -            151   6.1e-19   67.2   0.0   1   1   1.4e-20   7.7e-19   66.8   0.0     3   121     1   123     1   164 0.93 -
104262at50557_132113_0:00109a|STRG.9220.1:519-1067|+   -            183 108271at50557        -            151   6.5e-19   67.1   0.1   1   1   1.7e-20   8.9e-19   66.6   0.1     3   118    15   133    13   138 0.89 -
104262at50557_132113_0:00109a|STRG.9220.2:519-1067|+   -            183 108271at50557        -            151   6.5e-19   67.1   0.1   1   1   1.7e-20   8.9e-19   66.6   0.1     3   118    15   133    13   138 0.89 -
140221at50557_568069_0:001a32|STRG.19500.1:47-526|+    -            160 108271at50557        -            151   1.3e-18   66.1   0.0   1   1     4e-20   2.1e-18   65.4   0.0     3   117     5   122     3   151 0.88 -
140221at50557_568069_0:001a32|STRG.19500.2:170-649|+   -            160 108271at50557        -            151   1.3e-18   66.1   0.0   1   1     4e-20   2.1e-18   65.4   0.0     3   117     5   122     3   151 0.88 -
107216at50557_51655_0:0016fc|STRG.12147.1:785-1288|+   -            168 108271at50557        -            151   3.9e-18   64.5   0.1   1   1   4.1e-19   2.2e-17   62.1   0.1     2   138     9   166     8   168 0.80 -
107216at50557_51655_0:0016fc|STRG.12147.2:785-1288|+   -            168 108271at50557        -            151   3.9e-18   64.5   0.1   1   1   4.1e-19   2.2e-17   62.1   0.1     2   138     9   166     8   168 0.80 -
107216at50557_51655_0:0016fc|STRG.12147.3:785-1288|+   -            168 108271at50557        -            151   3.9e-18   64.5   0.1   1   1   4.1e-19   2.2e-17   62.1   0.1     2   138     9   166     8   168 0.80 -
107216at50557_51655_0:0016fc|STRG.12147.4:57-560|+     -            168 108271at50557        -            151   3.9e-18   64.5   0.1   1   1   4.1e-19   2.2e-17   62.1   0.1     2   138     9   166     8   168 0.80 -
107216at50557_51655_0:0016fc|STRG.12147.5:57-560|+     -            168 108271at50557        -            151   3.9e-18   64.5   0.1   1   1   4.1e-19   2.2e-17   62.1   0.1     2   138     9   166     8   168 0.80 -
140221at50557_568069_0:001a32|STRG.10772.1:211-657|+   -            149 108271at50557        -            151   4.2e-18   64.4   0.0   1   1   1.3e-18     7e-17   60.5   0.0     3   121     2   123     1   149 0.83 -
140221at50557_568069_0:001a32|STRG.10772.2:33-479|+    -            149 108271at50557        -            151   4.2e-18   64.4   0.0   1   1   1.3e-18     7e-17   60.5   0.0     3   121     2   123     1   149 0.83 -
140221at50557_568069_0:001a32|STRG.10963.4:0-488|+     -            163 108271at50557        -            151   4.7e-18   64.3   0.0   1   1   1.2e-19   6.3e-18   63.9   0.0     3   138     8   147     7   162 0.82 -
140221at50557_568069_0:001a32|STRG.10963.1:1157-1648|+ -            164 108271at50557        -            151   4.8e-18   64.3   0.0   1   1   1.2e-19   6.5e-18   63.8   0.0     3   138     9   148     8   163 0.82 -
140221at50557_568069_0:001a32|STRG.10963.2:1495-1986|+ -            164 108271at50557        -            151   4.8e-18   64.3   0.0   1   1   1.2e-19   6.5e-18   63.8   0.0     3   138     9   148     8   163 0.82 -
140221at50557_568069_0:001a32|STRG.15873.1:295-774|+   -            160 108271at50557        -            151   7.3e-18   63.7   0.0   1   1   2.7e-19   1.4e-17   62.7   0.0     3   117     5   122     3   134 0.89 -
140221at50557_568069_0:001a32|STRG.15873.2:0-479|+     -            160 108271at50557        -            151   7.3e-18   63.7   0.0   1   1   2.7e-19   1.4e-17   62.7   0.0     3   117     5   122     3   134 0.89 -
107216at50557_121845_0:004a6e|STRG.12139.2:134-717|+   -            190 108271at50557        -            151   1.3e-17   62.9   0.1   1   1   7.3e-19   3.9e-17   61.3   0.1     1   149     7   164     7   166 0.83 -
140221at50557_568069_0:001a32|STRG.19422.1:740-1204|+  -            155 108271at50557        -            151   1.3e-17   62.9   0.0   1   1   3.2e-19   1.7e-17   62.5   0.0     3   116     1   117     1   123 0.91 -
140221at50557_568069_0:001a32|STRG.19422.2:142-606|+   -            155 108271at50557        -            151   1.3e-17   62.9   0.0   1   1   3.2e-19   1.7e-17   62.5   0.0     3   116     1   117     1   123 0.91 -
140221at50557_568069_0:001a32|STRG.19422.3:1195-1659|+ -            155 108271at50557        -            151   1.3e-17   62.9   0.0   1   1   3.2e-19   1.7e-17   62.5   0.0     3   116     1   117     1   123 0.91 -
140221at50557_568069_0:001a32|STRG.19422.4:136-600|+   -            155 108271at50557        -            151   1.3e-17   62.9   0.0   1   1   3.2e-19   1.7e-17   62.5   0.0     3   116     1   117     1   123 0.91 -
140221at50557_568069_0:001a32|STRG.19422.5:227-691|+   -            155 108271at50557        -            151   1.3e-17   62.9   0.0   1   1   3.2e-19   1.7e-17   62.5   0.0     3   116     1   117     1   123 0.91 -
140221at50557_568069_0:001a32|STRG.19422.6:495-959|+   -            155 108271at50557        -            151   1.3e-17   62.9   0.0   1   1   3.2e-19   1.7e-17   62.5   0.0     3   116     1   117     1   123 0.91 -
140221at50557_568069_0:001a32|STRG.19422.7:18-482|+    -            155 108271at50557        -            151   1.3e-17   62.9   0.0   1   1   3.2e-19   1.7e-17   62.5   0.0     3   116     1   117     1   123 0.91 -
107216at50557_51655_0:0016fc|STRG.9220.3:0-341|+       -            114 108271at50557        -            151   1.6e-17   62.6   0.0   1   1   3.3e-19   1.7e-17   62.4   0.0     4   114     1   114     1   114 0.90 -
140221at50557_568069_0:001a32|STRG.2623.1:0-479|+      -            160 108271at50557        -            151   1.6e-17   62.6   0.0   1   1   4.7e-19   2.5e-17   61.9   0.0     3   118     5   123     3   130 0.89 -
108271at50557_103372_0:0020f5|STRG.13225.2:346-1002|+  -            219 108271at50557        -            151   3.7e-17   61.4   0.0   1   1   5.8e-18   3.1e-16   58.4   0.0     3   149    15   189    13   191 0.76 -
108271at50557_34740_0:0010fd|STRG.13225.1:1464-2102|+  -            213 108271at50557        -            151   4.4e-17   61.1   0.0   1   1     7e-18   3.7e-16   58.1   0.0     3   148    39   212    37   213 0.76 -
105221at50557_29053_0:00200e|STRG.10316.1:21-521|+     -            167 108271at50557        -            151   2.7e-16   58.5   0.0   1   1   1.1e-17   5.9e-16   57.5   0.0     4   121     2   125     1   132 0.86 -
108271at50557_13249_0:001644|STRG.10132.1:1942-2427|+  -            162 108271at50557        -            151   2.9e-16   58.5   0.0   1   1     7e-18   3.7e-16   58.1   0.0     3   121     1   122     1   127 0.85 -
104262at50557_610380_0:000ef5|STRG.8367.3:3-623|+      -            207 108271at50557        -            151   3.4e-16   58.3   0.0   1   1   1.7e-17   9.1e-16   56.9   0.0     3   147     7   172     5   177 0.77 -
108271at50557_166361_0:003235|STRG.17341.1:1384-1875|+ -            164 108271at50557        -            151   1.1e-15   56.6   0.1   1   1   3.7e-17     2e-15   55.8   0.1     3   147     2   163     1   164 0.76 -
104262at50557_411798_0:001745|STRG.1308.1:128-718|+    -            197 108271at50557        -            151   1.3e-15   56.3   0.4   1   1   6.6e-17   3.5e-15   55.0   0.4    16   148     2   149     1   151 0.78 -
106023at50557_7038_0:002188|STRG.4649.1:3-548|+        -            182 108271at50557        -            151   1.5e-15   56.2   0.0   1   1     4e-17   2.1e-15   55.7   0.0     3   121     6   126     4   161 0.81 -
109573at50557_103372_0:0023c7|STRG.19317.1:0-653|+     -            218 108271at50557        -            151   3.3e-15   55.1   0.0   1   1     2e-16     1e-14   53.4   0.0     3   149    11   177     9   179 0.80 -
107216at50557_29031_0:0026ef|STRG.16996.1:20-436|+     -            139 108271at50557        -            151   4.9e-15   54.5   0.0   1   1   2.6e-16   1.4e-14   53.0   0.0    42   147    11   130     5   133 0.80 -
129498at50557_7493_0:00132e|STRG.18236.1:367-843|+     -            159 108271at50557        -            151   5.5e-15   54.3   0.0   1   1   1.5e-16   8.1e-15   53.8   0.0     3   146     2   157     1   159 0.77 -
129498at50557_7493_0:00132e|STRG.18236.2:27-503|+      -            159 108271at50557        -            151   5.5e-15   54.3   0.0   1   1   1.5e-16   8.1e-15   53.8   0.0     3   146     2   157     1   159 0.77 -
129498at50557_7493_0:00132e|STRG.18236.3:972-1448|+    -            159 108271at50557        -            151   5.5e-15   54.3   0.0   1   1   1.5e-16   8.1e-15   53.8   0.0     3   146     2   157     1   159 0.77 -
129498at50557_7493_0:00132e|STRG.18236.4:580-1056|+    -            159 108271at50557        -            151   5.5e-15   54.3   0.0   1   1   1.5e-16   8.1e-15   53.8   0.0     3   146     2   157     1   159 0.77 -
104262at50557_104421_0:0019e6|STRG.16833.1:9-494|+     -            162 108271at50557        -            151   8.9e-15   53.6   0.0   1   1   2.1e-16   1.1e-14   53.3   0.0     2   143     6   147     5   162 0.82 -
108271at50557_246812_0:0007b3|STRG.13225.3:324-836|+   -            171 108271at50557        -            151   3.4e-14   51.8   0.0   1   1   1.4e-15   7.4e-14   50.7   0.0     3   115     1   126     1   166 0.80 -
108755at50557_28612_0:002c6d|STRG.7759.1:27-620|+      -            198 108271at50557        -            151   3.7e-12   45.1   0.0   1   1   6.3e-13   3.3e-11   42.0   0.0     3   116     1   119     1   170 0.83 -
108755at50557_121225_0:0004e7|STRG.5838.2:66-557|+     -            164 108271at50557        -            151   1.5e-11   43.2   0.0   1   1   3.3e-13   1.8e-11   42.9   0.0     2   115     4   121     3   145 0.89 -
115559at50557_42026_0:0013f7|STRG.2545.1:767-1258|+    -            164 108271at50557        -            151   3.2e-11   42.1   0.1   1   1   1.1e-12   5.7e-11   41.3   0.1     2   121     9   130     8   164 0.75 -
115559at50557_42026_0:0013f7|STRG.2545.2:1467-1958|+   -            164 108271at50557        -            151   3.2e-11   42.1   0.1   1   1   1.1e-12   5.7e-11   41.3   0.1     2   121     9   130     8   164 0.75 -
107216at50557_7038_0:002032|STRG.14620.3:389-775|+     -            129 108271at50557        -            151   4.3e-11   41.7   0.0   1   1   8.9e-13   4.7e-11   41.5   0.0     2    98    17   116    16   129 0.78 -
109573at50557_7004_0:003472|STRG.12139.2:325-702|+     -            126 108271at50557        -            151   4.4e-11   41.7   0.1   1   1   2.9e-12   1.5e-10   39.9   0.1    59   149     1   105     1   107 0.81 -
106023at50557_7038_0:002188|STRG.4649.2:226-729|+      -            168 108271at50557        -            151   6.7e-11   41.1   0.0   1   1   1.7e-12   9.3e-11   40.6   0.0    23   121    10   112     1   146 0.76 -
104262at50557_34740_0:0027f7|STRG.831.3:2020-2661|+    -            214 108271at50557        -            151   6.8e-11   41.0   0.0   1   1   2.1e-12   1.1e-10   40.4   0.0     3   121    12   138    10   176 0.81 -
104262at50557_34740_0:0027f7|STRG.831.7:6-647|+        -            214 108271at50557        -            151   6.8e-11   41.0   0.0   1   1   2.1e-12   1.1e-10   40.4   0.0     3   121    12   138    10   176 0.81 -
129498at50557_37001_0:002409|STRG.8349.2:12-584|+      -            191 108271at50557        -            151   8.2e-11   40.8   0.1   1   1   9.4e-12     5e-10   38.2   0.1     3   122     3   127     2   172 0.83 -
108271at50557_35570_0:000679|STRG.9738.1:102-581|+     -            160 108271at50557        -            151   1.1e-10   40.3   0.0   1   1   5.1e-12   2.7e-10   39.1   0.0     3   140     1   139     1   159 0.84 -
129498at50557_37001_0:002409|STRG.8349.1:12-702|+      -            186 108271at50557        -            151   3.6e-10   38.7   0.1   1   1   4.3e-11   2.3e-09   36.1   0.1     3   122     3   122     2   167 0.82 -
129498at50557_37001_0:002409|STRG.8349.3:12-601|+      -            186 108271at50557        -            151   3.6e-10   38.7   0.1   1   1   4.3e-11   2.3e-09   36.1   0.1     3   122     3   122     2   167 0.82 -
41766at50557_286306_0:004435|STRG.831.3:173-2730|+     -            737 108271at50557        -            151   9.6e-10   37.3   0.0   1   1   3.3e-11   1.7e-09   36.5   0.0     3   121   512   638   510   675 0.82 -
109797at50557_83485_0:000ec1|STRG.6890.1:452-1357|+    -            302 108271at50557        -            151   1.5e-09   36.7   0.0   1   1   4.1e-11   2.2e-09   36.2   0.0     3   121    28   147    26   165 0.80 -
104262at50557_28612_0:0030d7|STRG.3488.1:170-805|+     -            212 108271at50557        -            151   1.6e-09   36.6   0.0   1   1   1.2e-10   6.2e-09   34.7   0.0     1   121     8   137     8   179 0.77 -
104262at50557_28612_0:0030d7|STRG.3488.2:678-1313|+    -            212 108271at50557        -            151   1.6e-09   36.6   0.0   1   1   1.2e-10   6.2e-09   34.7   0.0     1   121     8   137     8   179 0.77 -
104262at50557_28612_0:0030d7|STRG.3488.4:48-713|+      -            222 108271at50557        -            151   1.9e-09   36.4   0.0   1   1   1.3e-10     7e-09   34.5   0.0     1   121    18   147    18   190 0.76 -
104262at50557_64793_0:001dc9|STRG.3488.3:1571-2266|+   -            232 108271at50557        -            151   2.2e-09   36.1   0.0   1   1   1.5e-10     8e-09   34.3   0.0     1   121    28   157    28   200 0.76 -
104262at50557_64793_0:001dc9|STRG.3488.5:1482-2177|+   -            232 108271at50557        -            151   2.2e-09   36.1   0.0   1   1   1.5e-10     8e-09   34.3   0.0     1   121    28   157    28   200 0.76 -
104262at50557_411798_0:001745|STRG.3488.6:138-866|+    -            243 108271at50557        -            151   2.6e-09   35.9   0.0   1   1   1.7e-10   9.2e-09   34.1   0.0     1   121    39   168    39   211 0.77 -
107216at50557_103372_0:00094d|STRG.186.1:0-407|+       -            136 108271at50557        -            151   3.6e-09   35.4   0.0   1   1   1.9e-10     1e-08   34.0   0.0    69   147     1    93     1    98 0.84 -
28600at50557_520822_0:000c07|STRG.6896.1:438-1517|+    -            360 108271at50557        -            151   7.3e-09   34.4   0.1   1   1   3.5e-10   1.9e-08   33.1   0.1     3   142    13   167    12   174 0.81 -
109797at50557_456900_0:0023c9|STRG.6890.2:32-843|+     -            244 108271at50557        -            151   1.1e-08   33.9   0.0   1   1   2.8e-10   1.5e-08   33.4   0.0    40   121     6    89     1   107 0.87 -
115559at50557_29031_0:001e69|STRG.4895.1:2-97|-        -             32 108271at50557        -            151   1.6e-08   33.3   0.0   1   1   3.1e-10   1.6e-08   33.3   0.0     5    33     2    30     1    32 0.95 -
107216at50557_121225_0:0005b8|STRG.5838.1:153-374|+    -             74 108271at50557        -            151     2e-08   33.0   0.0   1   1   4.1e-10   2.2e-08   32.9   0.0     3    75     1    74     1    74 0.94 -
108755at50557_166423_0:001b2a|STRG.14620.4:121-438|+   -            106 108271at50557        -            151   6.6e-07   28.1   0.0   1   1   3.2e-08   1.7e-06   26.8   0.0    94   151    22    89     4    89 0.78 -
104262at50557_6973_0:00268c|STRG.8367.1:397-902|+      -            163 108271at50557        -            151     7e-07   28.0   0.2   1   2      0.11       5.9    5.5   0.0     3    48     7    53     5    66 0.85 -
104262at50557_6973_0:00268c|STRG.8367.1:397-902|+      -            163 108271at50557        -            151     7e-07   28.0   0.2   2   2   4.5e-06   0.00024   19.8   0.1   105   147    75   128    55   133 0.76 -
104262at50557_6973_0:00268c|STRG.8367.2:649-1164|+     -            162 108271at50557        -            151   7.8e-07   27.9   0.2   1   2      0.12       6.4    5.4   0.0     3    48     7    53     5    60 0.84 -
104262at50557_6973_0:00268c|STRG.8367.2:649-1164|+     -            162 108271at50557        -            151   7.8e-07   27.9   0.2   2   2     6e-06   0.00032   19.4   0.1   105   147    74   127    69   132 0.74 -
104262at50557_88501_0:0010fe|STRG.8692.1:48-665|+      -            206 108271at50557        -            151   1.2e-06   27.3   0.0   1   2    0.0024      0.13   10.9   0.0     3    35    29    61    27    94 0.83 -
104262at50557_88501_0:0010fe|STRG.8692.1:48-665|+      -            206 108271at50557        -            151   1.2e-06   27.3   0.0   2   2   0.00017    0.0093   14.6   0.0    70   126   124   181    99   200 0.83 -
106023at50557_7004_0:005025|STRG.8349.4:348-773|+      -            142 108271at50557        -            151   1.5e-06   26.9   0.1   1   1     2e-07   1.1e-05   24.1   0.1    40   122    14    98     9   142 0.80 -
104262at50557_13164_0:00360e|STRG.831.6:471-983|+      -            171 108271at50557        -            151     2e-06   26.6   0.0   1   1   5.4e-08   2.9e-06   26.0   0.0    19   121     5   115     1   153 0.78 -
104262at50557_52612_0:00098c|STRG.8367.1:606-902|+     -             99 108271at50557        -            151   2.5e-05   22.9   0.1   1   1   1.8e-06   9.6e-05   21.1   0.1   105   147    11    64     6    70 0.74 -
118237at50557_411798_0:000ee6|STRG.2125.2:0-620|+      -            207 108271at50557        -            151   0.00012   20.7   0.0   1   1   3.3e-06   0.00018   20.2   0.0     4   121    26   148    24   152 0.79 -
105221at50557_67767_0:00134b|STRG.3723.1:47-280|+      -             78 108271at50557        -            151   0.00049   18.8   0.0   1   1   2.6e-05    0.0014   17.3   0.0   124   145    30    51     1    59 0.67 -
111939at50557_103372_0:001457|STRG.2242.1:0-557|+      -            186 108271at50557        -            151   0.00055   18.6   0.0   1   1   1.6e-05   0.00086   18.0   0.0     6   115    25   135    21   175 0.82 -
118237at50557_121845_0:0047c3|STRG.19737.1:152-670|+   -            173 108271at50557        -            151    0.0011   17.7   0.0   1   1   3.2e-05    0.0017   17.0   0.0     3   116    19   132    18   140 0.79 -
118237at50557_121845_0:0047c3|STRG.19737.2:447-1038|+  -            173 108271at50557        -            151    0.0011   17.7   0.0   1   1   3.2e-05    0.0017   17.0   0.0     3   116    19   132    18   140 0.79 -
118237at50557_121845_0:0047c3|STRG.19737.3:152-743|+   -            173 108271at50557        -            151    0.0011   17.7   0.0   1   1   3.2e-05    0.0017   17.0   0.0     3   116    19   132    18   140 0.79 -
118237at50557_7070_0:00080a|STRG.19661.5:27-497|+      -            157 108271at50557        -            151    0.0014   17.3   0.0   1   1   3.5e-05    0.0019   16.9   0.0    46   118    45   121     5   127 0.76 -
118237at50557_56086_0:002463|STRG.19661.1:288-797|+    -            170 108271at50557        -            151    0.0017   17.0   0.0   1   1   4.4e-05    0.0023   16.6   0.0    46   118    58   134    18   140 0.77 -
118237at50557_56086_0:002463|STRG.19661.2:293-802|+    -            170 108271at50557        -            151    0.0017   17.0   0.0   1   1   4.4e-05    0.0023   16.6   0.0    46   118    58   134    18   140 0.77 -
118237at50557_56086_0:002463|STRG.19661.3:219-728|+    -            170 108271at50557        -            151    0.0017   17.0   0.0   1   1   4.4e-05    0.0023   16.6   0.0    46   118    58   134    18   140 0.77 -
118237at50557_56086_0:002463|STRG.19661.4:185-694|+    -            170 108271at50557        -            151    0.0017   17.0   0.0   1   1   4.4e-05    0.0023   16.6   0.0    46   118    58   134    18   140 0.77 -
104262at50557_378494_0:000a18|STRG.9147.2:291-425|+    -             45 108271at50557        -            151    0.0018   17.0   0.3   1   1   0.00019      0.01   14.5   0.3   109   140     1    45     1    45 0.70 -
118237at50557_7539_0:0029ad|STRG.10570.1:387-842|+     -            152 108271at50557        -            151    0.0018   16.9   0.0   1   1   4.1e-05    0.0022   16.7   0.0     4   116     1   113     1   133 0.82 -
118237at50557_7539_0:0029ad|STRG.10570.2:160-615|+     -            152 108271at50557        -            151    0.0018   16.9   0.0   1   1   4.1e-05    0.0022   16.7   0.0     4   116     1   113     1   133 0.82 -
109573at50557_136037_0:001d92|STRG.11774.2:757-1092|+  -            112 108271at50557        -            151    0.0022   16.6   0.0   1   1   7.7e-05    0.0041   15.8   0.0    55   144     1   107     1   112 0.68 -
107216at50557_37001_0:0036b4|STRG.11774.1:273-662|+    -            130 108271at50557        -            151    0.0025   16.5   0.0   1   1   9.1e-05    0.0048   15.6   0.0    55   147     1   110     1   114 0.68 -
118237at50557_144034_0:0012bb|STRG.2125.1:221-631|+    -            137 108271at50557        -            151    0.0035   16.0   0.0   1   1   8.7e-05    0.0046   15.6   0.0    53   121     6    78     1    83 0.78 -
129498at50557_108931_0:001f24|STRG.14969.1:137-652|+   -            172 108271at50557        -            151     0.009   14.7   0.0   1   2    0.0073      0.39    9.4   0.0     3    89     1    93     1   107 0.73 -
129498at50557_108931_0:001f24|STRG.14969.1:137-652|+   -            172 108271at50557        -            151     0.009   14.7   0.0   2   2      0.81        43    2.7   0.0   101   118   126   143   121   171 0.73 -
28600at50557_39758_0:00020c|STRG.6895.1:0-194|+        -             65 108271at50557        -            151     0.013   14.2   0.0   1   1   0.00027     0.014   14.0   0.0    99   122     4    27     1    38 0.84 -
28600at50557_39758_0:00020c|STRG.6895.2:0-194|+        -             65 108271at50557        -            151     0.013   14.2   0.0   1   1   0.00027     0.014   14.0   0.0    99   122     4    27     1    38 0.84 -
28600at50557_39758_0:00020c|STRG.6895.3:0-194|+        -             65 108271at50557        -            151     0.013   14.2   0.0   1   1   0.00027     0.014   14.0   0.0    99   122     4    27     1    38 0.84 -
108755at50557_7375_0:003bec|STRG.831.8:281-610|+       -            110 108271at50557        -            151     0.014   14.1   0.0   1   1   0.00045     0.024   13.3   0.0    83   121    15    55     4    93 0.69 -
28081at50557_103372_0:002b40|STRG.9793.1:0-2021|+      -            674 108271at50557        -            151     0.028   13.1   0.0   1   2      0.89        47    2.6   0.0    57    81   137   161   111   169 0.85 -
28081at50557_103372_0:002b40|STRG.9793.1:0-2021|+      -            674 108271at50557        -            151     0.028   13.1   0.0   2   2      0.05       2.7    6.7   0.0    64   102   205   242   198   249 0.86 -
118237at50557_7070_0:00080a|STRG.11998.1:118-663|+     -            182 108271at50557        -            151     0.075   11.7   0.0   1   1     0.002       0.1   11.2   0.0     4   114    22   132    19   139 0.68 -
#
# Program:         hmmsearch
# Version:         3.4 (Aug 2023)
# Pipeline mode:   SEARCH
# Query file:      /data/projet1/projet_tutore/busco_downloads/lineages/insecta_odb10/hmms/108271at50557.hmm
# Target file:     annotation_analysis/annotation_gca/T_septentrionalis/busco_output/run_insecta_odb10/metaeuk_output/initial_results/assembled_transcripts.fasta.modified.fas
# Option settings: hmmsearch --domtblout annotation_analysis/annotation_gca/T_septentrionalis/busco_output/run_insecta_odb10/hmmer_output/initial_run_results/108271at50557.out --cpu 1 /data/projet1/projet_tutore/busco_downloads/lineages/insecta_odb10/hmms/108271at50557.hmm annotation_analysis/annotation_gca/T_septentrionalis/busco_output/run_insecta_odb10/metaeuk_output/initial_results/assembled_transcripts.fasta.modified.fas 
# Current dir:     /data/projet1/projet_tutore
# Date:            Sun Oct 13 13:52:16 2024
# [ok]
