#                                                                                                            --- full sequence --- -------------- this domain -------------   hmm coord   ali coord   env coord
# target name                                        accession   tlen query name           accession   qlen   E-value  score  bias   #  of  c-Evalue  i-Evalue  score  bias  from    to  from    to  from    to  acc description of target
#                                ------------------- ---------- ----- -------------------- ---------- ----- --------- ------ ----- --- --- --------- --------- ------ ----- ----- ----- ----- ----- ----- ----- ---- ---------------------
109167at50557_456900_0:0002ff|STRG.1928.1:0-1007|+   -            336 109167at50557        -            275  2.7e-135  449.0   5.4   1   2   1.2e-68   9.9e-66  220.8   2.3     1   141     1   149     1   164 0.91 -
109167at50557_456900_0:0002ff|STRG.1928.1:0-1007|+   -            336 109167at50557        -            275  2.7e-135  449.0   5.4   2   2   2.7e-71   2.3e-68  229.5   0.1   123   275   177   334   158   334 0.93 -
109167at50557_133901_0:00175b|STRG.7779.1:33-668|+   -            212 109167at50557        -            275   2.1e-31  108.2   4.2   1   1   2.8e-34   2.4e-31  108.0   4.2    11   205     1   212     1   212 0.80 -
42720at50557_64793_0:001e6a|STRG.16756.2:89-2449|+   -            787 109167at50557        -            275    0.0026   16.1   0.1   1   2       6.9   5.9e+03   -4.7   1.7   180   222   185   225   173   241 0.47 -
42720at50557_64793_0:001e6a|STRG.16756.2:89-2449|+   -            787 109167at50557        -            275    0.0026   16.1   0.1   2   2   3.1e-06    0.0026   16.1   0.1    52   111   288   352   249   370 0.82 -
42720at50557_64793_0:001e6a|STRG.16756.3:198-2573|+  -            792 109167at50557        -            275    0.0026   16.1   0.1   1   2         7   5.9e+03   -4.8   1.7   180   222   190   230   178   246 0.47 -
42720at50557_64793_0:001e6a|STRG.16756.3:198-2573|+  -            792 109167at50557        -            275    0.0026   16.1   0.1   2   2   3.1e-06    0.0026   16.1   0.1    52   111   293   357   254   375 0.82 -
42720at50557_64793_0:001e6a|STRG.16756.1:89-3063|+   -            797 109167at50557        -            275    0.0027   16.1   0.1   1   2         7   5.9e+03   -4.8   1.7   180   222   195   235   183   251 0.47 -
42720at50557_64793_0:001e6a|STRG.16756.1:89-3063|+   -            797 109167at50557        -            275    0.0027   16.1   0.1   2   2   3.1e-06    0.0027   16.1   0.1    52   111   298   362   259   380 0.82 -
109167at50557_113334_0:0039ff|STRG.10818.1:179-571|+ -            131 109167at50557        -            275    0.0071   14.7   0.0   1   1     1e-05    0.0086   14.4   0.0    25   111    21   116    10   128 0.75 -
109167at50557_113334_0:0039ff|STRG.10818.2:21-413|+  -            131 109167at50557        -            275    0.0071   14.7   0.0   1   1     1e-05    0.0086   14.4   0.0    25   111    21   116    10   128 0.75 -
109776at50557_7176_0:003c1e|STRG.16399.2:270-896|+   -            209 109167at50557        -            275     0.032   12.5   0.1   1   3    0.0013       1.1    7.5   0.0   152   174    41    63     4    93 0.73 -
109776at50557_7176_0:003c1e|STRG.16399.2:270-896|+   -            209 109167at50557        -            275     0.032   12.5   0.1   2   3     0.096        81    1.3   0.0   153   173   110   130   104   139 0.86 -
109776at50557_7176_0:003c1e|STRG.16399.2:270-896|+   -            209 109167at50557        -            275     0.032   12.5   0.1   3   3       1.5   1.2e+03   -2.5   0.0   154   170   179   195   175   201 0.80 -
109776at50557_7176_0:003c1e|STRG.16399.5:270-896|+   -            209 109167at50557        -            275     0.032   12.5   0.1   1   3    0.0013       1.1    7.5   0.0   152   174    41    63     4    93 0.73 -
109776at50557_7176_0:003c1e|STRG.16399.5:270-896|+   -            209 109167at50557        -            275     0.032   12.5   0.1   2   3     0.096        81    1.3   0.0   153   173   110   130   104   139 0.86 -
109776at50557_7176_0:003c1e|STRG.16399.5:270-896|+   -            209 109167at50557        -            275     0.032   12.5   0.1   3   3       1.5   1.2e+03   -2.5   0.0   154   170   179   195   175   201 0.80 -
109776at50557_7176_0:003c1e|STRG.16399.6:270-896|+   -            209 109167at50557        -            275     0.032   12.5   0.1   1   3    0.0013       1.1    7.5   0.0   152   174    41    63     4    93 0.73 -
109776at50557_7176_0:003c1e|STRG.16399.6:270-896|+   -            209 109167at50557        -            275     0.032   12.5   0.1   2   3     0.096        81    1.3   0.0   153   173   110   130   104   139 0.86 -
109776at50557_7176_0:003c1e|STRG.16399.6:270-896|+   -            209 109167at50557        -            275     0.032   12.5   0.1   3   3       1.5   1.2e+03   -2.5   0.0   154   170   179   195   175   201 0.80 -
#
# Program:         hmmsearch
# Version:         3.4 (Aug 2023)
# Pipeline mode:   SEARCH
# Query file:      /data/projet1/projet_tutore/busco_downloads/lineages/insecta_odb10/hmms/109167at50557.hmm
# Target file:     annotation_analysis/annotation_gca/T_septentrionalis/busco_output/run_insecta_odb10/metaeuk_output/initial_results/assembled_transcripts.fasta.modified.fas
# Option settings: hmmsearch --domtblout annotation_analysis/annotation_gca/T_septentrionalis/busco_output/run_insecta_odb10/hmmer_output/initial_run_results/109167at50557.out --cpu 1 /data/projet1/projet_tutore/busco_downloads/lineages/insecta_odb10/hmms/109167at50557.hmm annotation_analysis/annotation_gca/T_septentrionalis/busco_output/run_insecta_odb10/metaeuk_output/initial_results/assembled_transcripts.fasta.modified.fas 
# Current dir:     /data/projet1/projet_tutore
# Date:            Sun Oct 13 13:52:20 2024
# [ok]
