#                                                                                                           --- full sequence --- -------------- this domain -------------   hmm coord   ali coord   env coord
# target name                                       accession   tlen query name           accession   qlen   E-value  score  bias   #  of  c-Evalue  i-Evalue  score  bias  from    to  from    to  from    to  acc description of target
#                               ------------------- ---------- ----- -------------------- ---------- ----- --------- ------ ----- --- --- --------- --------- ------ ----- ----- ----- ----- ----- ----- ----- ---- ---------------------
111812at50557_34720_0:001b38|STRG.13153.2:219-818|+ -            200 111812at50557        -            170   7.1e-92  304.6   6.7   1   2   2.4e-54   2.3e-51  172.7   1.3     1    99     1   106     1   119 0.92 -
111812at50557_34720_0:001b38|STRG.13153.2:219-818|+ -            200 111812at50557        -            170   7.1e-92  304.6   6.7   2   2   6.1e-43   5.7e-40  135.6   0.4    90   170   116   197   110   197 0.93 -
111812at50557_34720_0:001b38|STRG.13153.1:219-680|+ -            154 111812at50557        -            170   1.5e-64  215.7   6.3   1   2   1.2e-54   1.1e-51  173.8   1.4     1    99     1   106     1   119 0.92 -
111812at50557_34720_0:001b38|STRG.13153.1:219-680|+ -            154 111812at50557        -            170   1.5e-64  215.7   6.3   2   2     3e-15   2.8e-12   45.5   0.2    90   127   116   154   108   154 0.87 -
111812at50557_34720_0:001b38|STRG.13153.3:219-680|+ -            154 111812at50557        -            170   1.5e-64  215.7   6.3   1   2   1.2e-54   1.1e-51  173.8   1.4     1    99     1   106     1   119 0.92 -
111812at50557_34720_0:001b38|STRG.13153.3:219-680|+ -            154 111812at50557        -            170   1.5e-64  215.7   6.3   2   2     3e-15   2.8e-12   45.5   0.2    90   127   116   154   108   154 0.87 -
113908at50557_219809_0:001c43|STRG.9776.1:235-720|+ -            162 111812at50557        -            170   4.3e-13   48.2   0.8   1   2      0.12   1.2e+02    1.2   0.0    55    91    11    46     6    54 0.79 -
113908at50557_219809_0:001c43|STRG.9776.1:235-720|+ -            162 111812at50557        -            170   4.3e-13   48.2   0.8   2   2     3e-15   2.8e-12   45.5   0.2    99   164    76   141    58   146 0.90 -
113908at50557_219809_0:001c43|STRG.9776.3:108-593|+ -            162 111812at50557        -            170   4.3e-13   48.2   0.8   1   2      0.12   1.2e+02    1.2   0.0    55    91    11    46     6    54 0.79 -
113908at50557_219809_0:001c43|STRG.9776.3:108-593|+ -            162 111812at50557        -            170   4.3e-13   48.2   0.8   2   2     3e-15   2.8e-12   45.5   0.2    99   164    76   141    58   146 0.90 -
113908at50557_219809_0:001c43|STRG.9776.2:258-845|+ -            196 111812at50557        -            170   5.7e-13   47.8   0.5   1   2      0.13   1.2e+02    1.1   0.0    55    91    45    80    20    88 0.82 -
113908at50557_219809_0:001c43|STRG.9776.2:258-845|+ -            196 111812at50557        -            170   5.7e-13   47.8   0.5   2   2   4.7e-15   4.4e-12   44.9   0.2    99   164   110   175    92   180 0.90 -
113908at50557_103372_0:0024c5|STRG.707.1:261-1363|+ -            213 111812at50557        -            170   1.6e-09   36.5   3.6   1   2   0.00043      0.41    9.2   0.1    54    98    55    98    47   128 0.84 -
113908at50557_103372_0:0024c5|STRG.707.1:261-1363|+ -            213 111812at50557        -            170   1.6e-09   36.5   3.6   2   2   7.6e-10   7.2e-07   27.9   1.6   104   167   126   189    97   192 0.84 -
113908at50557_103372_0:0024c5|STRG.707.2:261-1040|+ -            213 111812at50557        -            170   1.6e-09   36.5   3.6   1   2   0.00043      0.41    9.2   0.1    54    98    55    98    47   128 0.84 -
113908at50557_103372_0:0024c5|STRG.707.2:261-1040|+ -            213 111812at50557        -            170   1.6e-09   36.5   3.6   2   2   7.6e-10   7.2e-07   27.9   1.6   104   167   126   189    97   192 0.84 -
113908at50557_103372_0:0024c5|STRG.707.3:0-638|+    -            213 111812at50557        -            170   1.6e-09   36.5   3.6   1   2   0.00043      0.41    9.2   0.1    54    98    55    98    47   128 0.84 -
113908at50557_103372_0:0024c5|STRG.707.3:0-638|+    -            213 111812at50557        -            170   1.6e-09   36.5   3.6   2   2   7.6e-10   7.2e-07   27.9   1.6   104   167   126   189    97   192 0.84 -
#
# Program:         hmmsearch
# Version:         3.4 (Aug 2023)
# Pipeline mode:   SEARCH
# Query file:      /data/projet1/projet_tutore/busco_downloads/lineages/insecta_odb10/hmms/111812at50557.hmm
# Target file:     annotation_analysis/annotation_gca/T_septentrionalis/busco_output/run_insecta_odb10/metaeuk_output/initial_results/assembled_transcripts.fasta.modified.fas
# Option settings: hmmsearch --domtblout annotation_analysis/annotation_gca/T_septentrionalis/busco_output/run_insecta_odb10/hmmer_output/initial_run_results/111812at50557.out --cpu 1 /data/projet1/projet_tutore/busco_downloads/lineages/insecta_odb10/hmms/111812at50557.hmm annotation_analysis/annotation_gca/T_septentrionalis/busco_output/run_insecta_odb10/metaeuk_output/initial_results/assembled_transcripts.fasta.modified.fas 
# Current dir:     /data/projet1/projet_tutore
# Date:            Sun Oct 13 13:52:25 2024
# [ok]
