#                                                                                                             --- full sequence --- -------------- this domain -------------   hmm coord   ali coord   env coord
# target name                                         accession   tlen query name           accession   qlen   E-value  score  bias   #  of  c-Evalue  i-Evalue  score  bias  from    to  from    to  from    to  acc description of target
#                                 ------------------- ---------- ----- -------------------- ---------- ----- --------- ------ ----- --- --- --------- --------- ------ ----- ----- ----- ----- ----- ----- ----- ---- ---------------------
116739at50557_34720_0:0023dc|STRG.17161.1:0-1151|+    -            384 116739at50557        -            213     6e-96  318.8  17.4   1   5   3.6e-08   1.5e-05   23.4   0.2     1    31     1    40     1    69 0.80 -
116739at50557_34720_0:0023dc|STRG.17161.1:0-1151|+    -            384 116739at50557        -            213     6e-96  318.8  17.4   2   5   1.7e-06   0.00069   17.9   0.1    33    53    96   116    92   148 0.90 -
116739at50557_34720_0:0023dc|STRG.17161.1:0-1151|+    -            384 116739at50557        -            213     6e-96  318.8  17.4   3   5   0.00035      0.14   10.4   0.1    43    68   158   183   141   185 0.80 -
116739at50557_34720_0:0023dc|STRG.17161.1:0-1151|+    -            384 116739at50557        -            213     6e-96  318.8  17.4   4   5   2.3e-28   9.1e-26   89.5   0.7    65   114   199   248   191   251 0.94 -
116739at50557_34720_0:0023dc|STRG.17161.1:0-1151|+    -            384 116739at50557        -            213     6e-96  318.8  17.4   5   5   3.3e-58   1.3e-55  187.0   0.1   112   213   275   382   271   382 0.97 -
116739at50557_29031_0:000129|STRG.17078.1:1600-1908|+ -            103 116739at50557        -            213     1e-22   79.5   1.9   1   1   3.1e-25   1.3e-22   79.2   1.9   123   211     2    99     1   101 0.86 -
116739at50557_29031_0:000129|STRG.17078.4:1616-1924|+ -            103 116739at50557        -            213     1e-22   79.5   1.9   1   1   3.1e-25   1.3e-22   79.2   1.9   123   211     2    99     1   101 0.86 -
116739at50557_29031_0:000129|STRG.17078.5:3229-3537|+ -            103 116739at50557        -            213     1e-22   79.5   1.9   1   1   3.1e-25   1.3e-22   79.2   1.9   123   211     2    99     1   101 0.86 -
116739at50557_29031_0:000129|STRG.17078.6:2853-3161|+ -            103 116739at50557        -            213     1e-22   79.5   1.9   1   1   3.1e-25   1.3e-22   79.2   1.9   123   211     2    99     1   101 0.86 -
117816at50557_69004_0:00324f|STRG.7378.1:33-1076|+    -            348 116739at50557        -            213   2.1e-06   26.2   1.5   1   3    0.0034       1.4    7.2   0.1   137   203    93   163    71   173 0.78 -
117816at50557_69004_0:00324f|STRG.7378.1:33-1076|+    -            348 116739at50557        -            213   2.1e-06   26.2   1.5   2   3   0.00013     0.052   11.8   0.0   139   194   188   247   168   268 0.81 -
117816at50557_69004_0:00324f|STRG.7378.1:33-1076|+    -            348 116739at50557        -            213   2.1e-06   26.2   1.5   3   3     0.014       5.5    5.2   0.0   139   191   292   347   285   348 0.69 -
83433at50557_108931_0:0027fa|STRG.7379.2:1287-2126|+  -            280 116739at50557        -            213   1.1e-05   23.9   0.8   1   3    0.0052       2.1    6.6   0.1   138   203    15    84     5    94 0.77 -
83433at50557_108931_0:0027fa|STRG.7379.2:1287-2126|+  -            280 116739at50557        -            213   1.1e-05   23.9   0.8   2   3      0.02       8.3    4.6   0.0   142   193   112   167    89   182 0.74 -
83433at50557_108931_0:0027fa|STRG.7379.2:1287-2126|+  -            280 116739at50557        -            213   1.1e-05   23.9   0.8   3   3   0.00052      0.21    9.8   0.0   139   197   213   274   205   279 0.72 -
101501at50557_34720_0:0002e2|STRG.1408.3:373-2223|+   -            617 116739at50557        -            213   0.00014   20.2   0.2   1   2   4.2e-06    0.0017   16.7   0.0   167   202    85   120    57   131 0.81 -
101501at50557_34720_0:0002e2|STRG.1408.3:373-2223|+   -            617 116739at50557        -            213   0.00014   20.2   0.2   2   2       0.7   2.8e+02   -0.4   0.0   150   181   407   443   383   452 0.68 -
101501at50557_34720_0:0002e2|STRG.1408.4:0-2342|+     -            781 116739at50557        -            213   0.00015   20.2   0.1   1   2   5.7e-06    0.0023   16.3   0.0   167   202    85   120    57   131 0.81 -
101501at50557_34720_0:0002e2|STRG.1408.4:0-2342|+     -            781 116739at50557        -            213   0.00015   20.2   0.1   2   2      0.98   3.9e+02   -0.9   0.0   150   181   407   443   385   451 0.68 -
101501at50557_34720_0:0002e2|STRG.1408.2:11-2182|+    -            724 116739at50557        -            213    0.0003   19.2   1.3   1   3   5.8e-06    0.0023   16.2   0.0   167   202    28    63     4    74 0.82 -
101501at50557_34720_0:0002e2|STRG.1408.2:11-2182|+    -            724 116739at50557        -            213    0.0003   19.2   1.3   2   3      0.86   3.5e+02   -0.7   0.0   150   181   350   386   327   395 0.68 -
101501at50557_34720_0:0002e2|STRG.1408.2:11-2182|+    -            724 116739at50557        -            213    0.0003   19.2   1.3   3   3       8.9   3.6e+03   -4.0   0.1    26    53   576   603   572   607 0.76 -
117816at50557_69004_0:00324f|STRG.7379.1:661-1704|+   -            348 116739at50557        -            213   0.00049   18.5   1.0   1   3     0.006       2.4    6.4   0.1   138   203    94   163    73   173 0.78 -
117816at50557_69004_0:00324f|STRG.7379.1:661-1704|+   -            348 116739at50557        -            213   0.00049   18.5   1.0   2   3      0.03        12    4.1   0.0   147   194   197   247   176   267 0.74 -
117816at50557_69004_0:00324f|STRG.7379.1:661-1704|+   -            348 116739at50557        -            213   0.00049   18.5   1.0   3   3     0.014       5.5    5.2   0.0   139   191   292   347   285   348 0.69 -
104832at50557_315563_0:002a5b|STRG.3804.1:1238-1861|+ -            208 116739at50557        -            213   0.00076   17.8   0.1   1   2   0.00026      0.11   10.8   0.0   154   203    76   127    57   134 0.84 -
104832at50557_315563_0:002a5b|STRG.3804.1:1238-1861|+ -            208 116739at50557        -            213   0.00076   17.8   0.1   2   2     0.016       6.5    5.0   0.0   154   204   155   204   149   207 0.86 -
104832at50557_315563_0:002a5b|STRG.3804.3:1238-1861|+ -            208 116739at50557        -            213   0.00076   17.8   0.1   1   2   0.00026      0.11   10.8   0.0   154   203    76   127    57   134 0.84 -
104832at50557_315563_0:002a5b|STRG.3804.3:1238-1861|+ -            208 116739at50557        -            213   0.00076   17.8   0.1   2   2     0.016       6.5    5.0   0.0   154   204   155   204   149   207 0.86 -
104832at50557_315563_0:002a5b|STRG.3804.4:1238-1861|+ -            208 116739at50557        -            213   0.00076   17.8   0.1   1   2   0.00026      0.11   10.8   0.0   154   203    76   127    57   134 0.84 -
104832at50557_315563_0:002a5b|STRG.3804.4:1238-1861|+ -            208 116739at50557        -            213   0.00076   17.8   0.1   2   2     0.016       6.5    5.0   0.0   154   204   155   204   149   207 0.86 -
104832at50557_315563_0:002a5b|STRG.3804.5:1290-1913|+ -            208 116739at50557        -            213   0.00076   17.8   0.1   1   2   0.00026      0.11   10.8   0.0   154   203    76   127    57   134 0.84 -
104832at50557_315563_0:002a5b|STRG.3804.5:1290-1913|+ -            208 116739at50557        -            213   0.00076   17.8   0.1   2   2     0.016       6.5    5.0   0.0   154   204   155   204   149   207 0.86 -
42720at50557_52612_0:002ed6|STRG.10756.1:1436-1594|+  -             53 116739at50557        -            213   0.00081   17.7   0.3   1   1   2.1e-06   0.00086   17.6   0.3    72   106    14    48     3    51 0.85 -
42720at50557_52612_0:002ed6|STRG.10756.2:325-483|+    -             53 116739at50557        -            213   0.00081   17.7   0.3   1   1   2.1e-06   0.00086   17.6   0.3    72   106    14    48     3    51 0.85 -
42720at50557_52612_0:002ed6|STRG.10756.3:180-338|+    -             53 116739at50557        -            213   0.00081   17.7   0.3   1   1   2.1e-06   0.00086   17.6   0.3    72   106    14    48     3    51 0.85 -
129956at50557_441921_0:0017da|STRG.7378.1:579-809|+   -             77 116739at50557        -            213    0.0037   15.6   0.1   1   1   9.1e-06    0.0037   15.6   0.1   141   193     8    64     1    73 0.81 -
129956at50557_29053_0:00060a|STRG.18741.5:83-391|+    -            103 116739at50557        -            213    0.0062   14.8   0.1   1   1   1.6e-05    0.0064   14.8   0.1   131   208    15    97     1   101 0.80 -
18619at50557_34720_0:00073e|STRG.3673.1:0-2447|+      -            816 116739at50557        -            213     0.011   14.0   0.0   1   1   5.9e-05     0.024   12.9   0.0    66    98   156   188   150   211 0.85 -
#
# Program:         hmmsearch
# Version:         3.4 (Aug 2023)
# Pipeline mode:   SEARCH
# Query file:      /data/projet1/projet_tutore/busco_downloads/lineages/insecta_odb10/hmms/116739at50557.hmm
# Target file:     annotation_analysis/annotation_gca/T_septentrionalis/busco_output/run_insecta_odb10/metaeuk_output/initial_results/assembled_transcripts.fasta.modified.fas
# Option settings: hmmsearch --domtblout annotation_analysis/annotation_gca/T_septentrionalis/busco_output/run_insecta_odb10/hmmer_output/initial_run_results/116739at50557.out --cpu 1 /data/projet1/projet_tutore/busco_downloads/lineages/insecta_odb10/hmms/116739at50557.hmm annotation_analysis/annotation_gca/T_septentrionalis/busco_output/run_insecta_odb10/metaeuk_output/initial_results/assembled_transcripts.fasta.modified.fas 
# Current dir:     /data/projet1/projet_tutore
# Date:            Sun Oct 13 13:52:31 2024
# [ok]
