#                                                                                                            --- full sequence --- -------------- this domain -------------   hmm coord   ali coord   env coord
# target name                                        accession   tlen query name           accession   qlen   E-value  score  bias   #  of  c-Evalue  i-Evalue  score  bias  from    to  from    to  from    to  acc description of target
#                                ------------------- ---------- ----- -------------------- ---------- ----- --------- ------ ----- --- --- --------- --------- ------ ----- ----- ----- ----- ----- ----- ----- ---- ---------------------
121008at50557_34720_0:000d4e|STRG.6454.4:312-860|+   -            183 121008at50557        -            148   9.8e-70  232.2   0.2   1   1   1.6e-71   1.9e-68  228.0   0.2     1   148     2   175     2   175 0.87 -
121008at50557_34720_0:000d4e|STRG.6454.5:0-590|+     -            197 121008at50557        -            148   1.4e-69  231.7   0.2   1   1     2e-71   2.5e-68  227.6   0.2     1   148     2   175     2   175 0.87 -
121008at50557_34720_0:000d4e|STRG.6454.6:0-697|+     -            197 121008at50557        -            148   1.4e-69  231.7   0.2   1   1     2e-71   2.5e-68  227.6   0.2     1   148     2   175     2   175 0.87 -
121008at50557_34720_0:000d4e|STRG.6454.2:7313-7828|+ -            172 121008at50557        -            148     2e-65  218.2   0.3   1   1   3.3e-67     4e-64  214.0   0.3    11   148     1   164     1   164 0.86 -
121008at50557_6973_0:0028aa|STRG.15171.1:12-272|+    -             87 121008at50557        -            148   3.6e-07   29.2   0.0   1   1   2.9e-10   3.6e-07   29.2   0.0    26    87     5    66     1    87 0.85 -
122927at50557_34720_0:0018cc|STRG.11840.1:0-610|+    -            171 121008at50557        -            148     0.015   14.2   0.0   1   1   1.6e-05     0.019   13.8   0.0    26    91    27    92     4   106 0.80 -
122927at50557_34720_0:0018cc|STRG.11840.2:0-512|+    -            171 121008at50557        -            148     0.015   14.2   0.0   1   1   1.6e-05     0.019   13.8   0.0    26    91    27    92     4   106 0.80 -
#
# Program:         hmmsearch
# Version:         3.4 (Aug 2023)
# Pipeline mode:   SEARCH
# Query file:      /data/projet1/projet_tutore/busco_downloads/lineages/insecta_odb10/hmms/121008at50557.hmm
# Target file:     annotation_analysis/annotation_gca/T_septentrionalis/busco_output/run_insecta_odb10/metaeuk_output/initial_results/assembled_transcripts.fasta.modified.fas
# Option settings: hmmsearch --domtblout annotation_analysis/annotation_gca/T_septentrionalis/busco_output/run_insecta_odb10/hmmer_output/initial_run_results/121008at50557.out --cpu 1 /data/projet1/projet_tutore/busco_downloads/lineages/insecta_odb10/hmms/121008at50557.hmm annotation_analysis/annotation_gca/T_septentrionalis/busco_output/run_insecta_odb10/metaeuk_output/initial_results/assembled_transcripts.fasta.modified.fas 
# Current dir:     /data/projet1/projet_tutore
# Date:            Sun Oct 13 13:52:40 2024
# [ok]
