#                                                                                                              --- full sequence --- -------------- this domain -------------   hmm coord   ali coord   env coord
# target name                                          accession   tlen query name           accession   qlen   E-value  score  bias   #  of  c-Evalue  i-Evalue  score  bias  from    to  from    to  from    to  acc description of target
#                                  ------------------- ---------- ----- -------------------- ---------- ----- --------- ------ ----- --- --- --------- --------- ------ ----- ----- ----- ----- ----- ----- ----- ---- ---------------------
135113at50557_34720_0:0026ed|STRG.18603.3:231-1632|+   -            386 135113at50557        -            228   4.1e-68  228.0  10.3   1   3      0.39        62    1.7   0.0     1    15    35    49    35    64 0.76 -
135113at50557_34720_0:0026ed|STRG.18603.3:231-1632|+   -            386 135113at50557        -            228   4.1e-68  228.0  10.3   2   3     7e-27   1.1e-24   85.9   0.6    11    84    92   179    88   187 0.85 -
135113at50557_34720_0:0026ed|STRG.18603.3:231-1632|+   -            386 135113at50557        -            228   4.1e-68  228.0  10.3   3   3   8.4e-44   1.3e-41  141.2   2.3    81   221   196   371   191   386 0.85 -
135113at50557_34720_0:0026ed|STRG.18603.2:53-1493|+    -            399 135113at50557        -            228     5e-68  227.7  10.3   1   3       0.4        65    1.6   0.0     1    15    48    62    48    77 0.76 -
135113at50557_34720_0:0026ed|STRG.18603.2:53-1493|+    -            399 135113at50557        -            228     5e-68  227.7  10.3   2   3   7.4e-27   1.2e-24   85.8   0.6    11    84   105   192   101   200 0.85 -
135113at50557_34720_0:0026ed|STRG.18603.2:53-1493|+    -            399 135113at50557        -            228     5e-68  227.7  10.3   3   3   9.4e-44   1.5e-41  141.1   2.4    81   221   209   384   204   399 0.85 -
135113at50557_34720_0:0026ed|STRG.18603.4:0-1196|+     -            399 135113at50557        -            228     5e-68  227.7  10.3   1   3       0.4        65    1.6   0.0     1    15    48    62    48    77 0.76 -
135113at50557_34720_0:0026ed|STRG.18603.4:0-1196|+     -            399 135113at50557        -            228     5e-68  227.7  10.3   2   3   7.4e-27   1.2e-24   85.8   0.6    11    84   105   192   101   200 0.85 -
135113at50557_34720_0:0026ed|STRG.18603.4:0-1196|+     -            399 135113at50557        -            228     5e-68  227.7  10.3   3   3   9.4e-44   1.5e-41  141.1   2.4    81   221   209   384   204   399 0.85 -
135113at50557_34720_0:0026ed|STRG.18603.1:256-1236|+   -            327 135113at50557        -            228   9.3e-68  226.8   9.4   1   2   5.6e-27   8.9e-25   86.2   0.7    11    84    33   120    30   128 0.85 -
135113at50557_34720_0:0026ed|STRG.18603.1:256-1236|+   -            327 135113at50557        -            228   9.3e-68  226.8   9.4   2   2   5.5e-44   8.8e-42  141.8   2.4    81   221   137   312   131   327 0.85 -
36185at50557_77166_0:001a90|STRG.5961.2:1297-2340|+    -            348 135113at50557        -            228   7.4e-06   24.3   0.0   1   1   7.5e-08   1.2e-05   23.6   0.0    21    93   164   241   149   257 0.74 -
36185at50557_77166_0:001a90|STRG.5961.3:387-1430|+     -            348 135113at50557        -            228   7.4e-06   24.3   0.0   1   1   7.5e-08   1.2e-05   23.6   0.0    21    93   164   241   149   257 0.74 -
36185at50557_77166_0:001a90|STRG.5961.1:1297-2358|+    -            354 135113at50557        -            228   7.6e-06   24.3   0.0   1   1   7.7e-08   1.2e-05   23.6   0.0    21    93   164   241   149   257 0.74 -
25937at50557_286706_0:0011e5|STRG.2202.1:172-1638|+    -            489 135113at50557        -            228   2.9e-05   22.4   0.1   1   3    0.0024      0.39    8.9   0.0    34    66     5    35     4    66 0.84 -
25937at50557_286706_0:0011e5|STRG.2202.1:172-1638|+    -            489 135113at50557        -            228   2.9e-05   22.4   0.1   2   3       2.1   3.4e+02   -0.7   0.1   136   172   210   246   204   269 0.76 -
25937at50557_286706_0:0011e5|STRG.2202.1:172-1638|+    -            489 135113at50557        -            228   2.9e-05   22.4   0.1   3   3    0.0016      0.25    9.5   0.0    33    57   318   342   288   349 0.81 -
36185at50557_34720_0:000ec6|STRG.7249.2:0-2180|+       -            727 135113at50557        -            228   3.7e-05   22.0   0.0   1   2      0.91   1.5e+02    0.4   0.0   104   145   226   267   217   295 0.83 -
36185at50557_34720_0:000ec6|STRG.7249.2:0-2180|+       -            727 135113at50557        -            228   3.7e-05   22.0   0.0   2   2   3.1e-06   0.00049   18.3   0.0    20    88   309   381   297   393 0.74 -
89456at50557_34720_0:000c24|STRG.6096.1:0-1019|+       -            340 135113at50557        -            228    0.0008   17.7   0.1   1   1   8.1e-06    0.0013   17.0   0.1    21    86    44   117    26   227 0.75 -
107216at50557_103372_0:00094d|STRG.18724.1:353-997|+   -            215 135113at50557        -            228     0.001   17.3   0.1   1   1   1.2e-05    0.0019   16.5   0.0    26    64     6    45     1    56 0.84 -
107216at50557_103372_0:00094d|STRG.18724.2:353-997|+   -            215 135113at50557        -            228     0.001   17.3   0.1   1   1   1.2e-05    0.0019   16.5   0.0    26    64     6    45     1    56 0.84 -
107216at50557_51655_0:0016fc|STRG.12147.1:785-1288|+   -            168 135113at50557        -            228    0.0018   16.5   0.1   1   1   1.7e-05    0.0027   15.9   0.1    30    63     8    41     2    50 0.84 -
107216at50557_51655_0:0016fc|STRG.12147.2:785-1288|+   -            168 135113at50557        -            228    0.0018   16.5   0.1   1   1   1.7e-05    0.0027   15.9   0.1    30    63     8    41     2    50 0.84 -
107216at50557_51655_0:0016fc|STRG.12147.3:785-1288|+   -            168 135113at50557        -            228    0.0018   16.5   0.1   1   1   1.7e-05    0.0027   15.9   0.1    30    63     8    41     2    50 0.84 -
107216at50557_51655_0:0016fc|STRG.12147.4:57-560|+     -            168 135113at50557        -            228    0.0018   16.5   0.1   1   1   1.7e-05    0.0027   15.9   0.1    30    63     8    41     2    50 0.84 -
107216at50557_51655_0:0016fc|STRG.12147.5:57-560|+     -            168 135113at50557        -            228    0.0018   16.5   0.1   1   1   1.7e-05    0.0027   15.9   0.1    30    63     8    41     2    50 0.84 -
36185at50557_56086_0:003183|STRG.1185.1:511-1455|+     -            315 135113at50557        -            228    0.0027   15.9   0.2   1   2       4.3   6.8e+02   -1.7   0.0   100   144     8    51     4    82 0.76 -
36185at50557_56086_0:003183|STRG.1185.1:511-1455|+     -            315 135113at50557        -            228    0.0027   15.9   0.2   2   2   5.2e-05    0.0083   14.3   0.1    31    87   127   188   109   198 0.70 -
36185at50557_56086_0:003183|STRG.1185.2:510-1454|+     -            315 135113at50557        -            228    0.0027   15.9   0.2   1   2       4.3   6.8e+02   -1.7   0.0   100   144     8    51     4    82 0.76 -
36185at50557_56086_0:003183|STRG.1185.2:510-1454|+     -            315 135113at50557        -            228    0.0027   15.9   0.2   2   2   5.2e-05    0.0083   14.3   0.1    31    87   127   188   109   198 0.70 -
36185at50557_56086_0:003183|STRG.1185.3:396-1340|+     -            315 135113at50557        -            228    0.0027   15.9   0.2   1   2       4.3   6.8e+02   -1.7   0.0   100   144     8    51     4    82 0.76 -
36185at50557_56086_0:003183|STRG.1185.3:396-1340|+     -            315 135113at50557        -            228    0.0027   15.9   0.2   2   2   5.2e-05    0.0083   14.3   0.1    31    87   127   188   109   198 0.70 -
108271at50557_43151_0:001e01|STRG.19891.1:39-596|+     -            186 135113at50557        -            228    0.0031   15.8   0.2   1   1   4.8e-05    0.0077   14.4   0.2    35   163     5   135     2   154 0.82 -
106023at50557_39758_0:004d29|STRG.6758.2:122-658|+     -            179 135113at50557        -            228    0.0041   15.3   0.0   1   1   2.6e-05    0.0042   15.3   0.0    30    74    16    60     2   153 0.77 -
106023at50557_37001_0:0016d5|STRG.6758.1:3-512|+       -            170 135113at50557        -            228    0.0054   14.9   0.0   1   1   3.4e-05    0.0055   14.9   0.0    31    74     8    51     2   144 0.77 -
107216at50557_103372_0:00094d|STRG.18724.3:57-662|+    -            202 135113at50557        -            228    0.0089   14.2   0.2   1   2    0.0001     0.016   13.4   0.0    35    64     3    32     1    43 0.89 -
107216at50557_103372_0:00094d|STRG.18724.3:57-662|+    -            202 135113at50557        -            228    0.0089   14.2   0.2   2   2       9.5   1.5e+03   -2.9   0.0   106   127   106   127   104   168 0.54 -
25937at50557_286306_0:0024f1|STRG.4195.1:407-2239|+    -            611 135113at50557        -            228      0.01   14.0   0.6   1   2    0.0015      0.23    9.6   0.2    32    53   116   137   115   142 0.91 -
25937at50557_286306_0:0024f1|STRG.4195.1:407-2239|+    -            611 135113at50557        -            228      0.01   14.0   0.6   2   2      0.28        45    2.1   0.0    29    54   382   407   366   421 0.80 -
117348at50557_37344_0:00207e|STRG.2629.1:292-654|+     -            121 135113at50557        -            228     0.017   13.3   0.0   1   1   0.00015     0.025   12.8   0.0    31    53    16    38     6    67 0.83 -
89456at50557_2015173_0:001860|STRG.6380.1:145-771|+    -            209 135113at50557        -            228     0.018   13.2   0.0   1   1   0.00021     0.033   12.4   0.0    31    53     9    31     7    39 0.88 -
89456at50557_609295_0:001f5d|STRG.6380.2:530-1132|+    -            201 135113at50557        -            228     0.022   13.0   0.0   1   1   0.00024     0.038   12.2   0.0    32    53     2    23     1    31 0.88 -
104262at50557_132113_0:00109a|STRG.3897.1:197-706|+    -            170 135113at50557        -            228     0.023   12.9   0.0   1   1   0.00019      0.03   12.5   0.0    28   146    13   134     3   155 0.68 -
104262at50557_132113_0:00109a|STRG.3897.2:197-706|+    -            170 135113at50557        -            228     0.023   12.9   0.0   1   1   0.00019      0.03   12.5   0.0    28   146    13   134     3   155 0.68 -
104262at50557_132113_0:00109a|STRG.3897.3:197-706|+    -            170 135113at50557        -            228     0.023   12.9   0.0   1   1   0.00019      0.03   12.5   0.0    28   146    13   134     3   155 0.68 -
105221at50557_224129_0:000e95|STRG.11041.1:275-763|+   -            163 135113at50557        -            228     0.029   12.5   0.1   1   2    0.0005     0.079   11.1   0.0    33    63     8    38     5    45 0.87 -
105221at50557_224129_0:000e95|STRG.11041.1:275-763|+   -            163 135113at50557        -            228     0.029   12.5   0.1   2   2       3.5   5.6e+02   -1.5   0.0   135   147   110   122    74   156 0.53 -
105221at50557_224129_0:000e95|STRG.11041.2:272-760|+   -            163 135113at50557        -            228     0.029   12.5   0.1   1   2    0.0005     0.079   11.1   0.0    33    63     8    38     5    45 0.87 -
105221at50557_224129_0:000e95|STRG.11041.2:272-760|+   -            163 135113at50557        -            228     0.029   12.5   0.1   2   2       3.5   5.6e+02   -1.5   0.0   135   147   110   122    74   156 0.53 -
105221at50557_224129_0:000e95|STRG.11041.3:426-914|+   -            163 135113at50557        -            228     0.029   12.5   0.1   1   2    0.0005     0.079   11.1   0.0    33    63     8    38     5    45 0.87 -
105221at50557_224129_0:000e95|STRG.11041.3:426-914|+   -            163 135113at50557        -            228     0.029   12.5   0.1   2   2       3.5   5.6e+02   -1.5   0.0   135   147   110   122    74   156 0.53 -
105221at50557_224129_0:000e95|STRG.11041.4:423-911|+   -            163 135113at50557        -            228     0.029   12.5   0.1   1   2    0.0005     0.079   11.1   0.0    33    63     8    38     5    45 0.87 -
105221at50557_224129_0:000e95|STRG.11041.4:423-911|+   -            163 135113at50557        -            228     0.029   12.5   0.1   2   2       3.5   5.6e+02   -1.5   0.0   135   147   110   122    74   156 0.53 -
111718at50557_34720_0:00177f|STRG.11514.3:209-1186|+   -            326 135113at50557        -            228     0.031   12.5   0.0   1   1   0.00041     0.066   11.4   0.0    15    54   125   164   116   172 0.82 -
25937at50557_1629725_0:000a4d|STRG.6730.10:1876-2487|+ -            204 135113at50557        -            228     0.035   12.3   0.1   1   1   0.00038      0.06   11.5   0.1    32    70    11    52     4    61 0.77 -
25937at50557_1629725_0:000a4d|STRG.6730.2:1876-2487|+  -            204 135113at50557        -            228     0.035   12.3   0.1   1   1   0.00038      0.06   11.5   0.1    32    70    11    52     4    61 0.77 -
25937at50557_1629725_0:000a4d|STRG.6730.3:1876-2487|+  -            204 135113at50557        -            228     0.035   12.3   0.1   1   1   0.00038      0.06   11.5   0.1    32    70    11    52     4    61 0.77 -
25937at50557_1629725_0:000a4d|STRG.6730.5:1897-2508|+  -            204 135113at50557        -            228     0.035   12.3   0.1   1   1   0.00038      0.06   11.5   0.1    32    70    11    52     4    61 0.77 -
25937at50557_1629725_0:000a4d|STRG.6730.7:1876-2487|+  -            204 135113at50557        -            228     0.035   12.3   0.1   1   1   0.00038      0.06   11.5   0.1    32    70    11    52     4    61 0.77 -
25937at50557_1629725_0:000a4d|STRG.6730.8:1876-2487|+  -            204 135113at50557        -            228     0.035   12.3   0.1   1   1   0.00038      0.06   11.5   0.1    32    70    11    52     4    61 0.77 -
25937at50557_1629725_0:000a4d|STRG.6730.9:1876-2487|+  -            204 135113at50557        -            228     0.035   12.3   0.1   1   1   0.00038      0.06   11.5   0.1    32    70    11    52     4    61 0.77 -
107632at50557_38123_0:001c0e|STRG.2817.1:830-2368|+    -            513 135113at50557        -            228     0.036   12.2   0.1   1   1   0.00042     0.067   11.4   0.1    35    56    39    58    36    74 0.82 -
107632at50557_38123_0:001c0e|STRG.2817.2:901-2439|+    -            513 135113at50557        -            228     0.036   12.2   0.1   1   1   0.00042     0.067   11.4   0.1    35    56    39    58    36    74 0.82 -
25937at50557_13164_0:003806|STRG.10735.1:645-2039|+    -            465 135113at50557        -            228     0.037   12.2   0.2   1   2     0.074        12    4.0   0.0    34    83     5    52     4    70 0.71 -
25937at50557_13164_0:003806|STRG.10735.1:645-2039|+    -            465 135113at50557        -            228     0.037   12.2   0.2   2   2     0.022       3.6    5.7   0.1    33    62   320   349   302   353 0.85 -
89456at50557_454923_0:00266c|STRG.1950.1:153-998|+     -            282 135113at50557        -            228     0.044   12.0   0.0   1   1   0.00047     0.076   11.2   0.0    33    53    13    33    10    45 0.85 -
107632at50557_38123_0:001c0e|STRG.5158.1:386-1798|+    -            471 135113at50557        -            228     0.052   11.7   0.2   1   1   0.00067      0.11   10.7   0.2    33    52    42    61    39    68 0.91 -
89456at50557_30025_0:000362|STRG.10696.1:910-1428|+    -            173 135113at50557        -            228     0.091   10.9   0.0   1   2    0.0015      0.23    9.6   0.0    35    53    12    30     8    38 0.90 -
89456at50557_30025_0:000362|STRG.10696.1:910-1428|+    -            173 135113at50557        -            228     0.091   10.9   0.0   2   2       6.2     1e+03   -2.3   0.0    24    34    84    94    79   100 0.80 -
89456at50557_30025_0:000362|STRG.10696.2:621-1139|+    -            173 135113at50557        -            228     0.091   10.9   0.0   1   2    0.0015      0.23    9.6   0.0    35    53    12    30     8    38 0.90 -
89456at50557_30025_0:000362|STRG.10696.2:621-1139|+    -            173 135113at50557        -            228     0.091   10.9   0.0   2   2       6.2     1e+03   -2.3   0.0    24    34    84    94    79   100 0.80 -
89456at50557_30025_0:000362|STRG.10696.3:597-1115|+    -            173 135113at50557        -            228     0.091   10.9   0.0   1   2    0.0015      0.23    9.6   0.0    35    53    12    30     8    38 0.90 -
89456at50557_30025_0:000362|STRG.10696.3:597-1115|+    -            173 135113at50557        -            228     0.091   10.9   0.0   2   2       6.2     1e+03   -2.3   0.0    24    34    84    94    79   100 0.80 -
108271at50557_7536_0:004142|STRG.4390.2:420-959|+      -            180 135113at50557        -            228     0.097   10.8   0.0   1   1    0.0012      0.18    9.9   0.0    33   152     2   123     1   146 0.66 -
117348at50557_104452_0:003894|STRG.12875.2:146-655|+   -            170 135113at50557        -            228      0.14   10.3   0.8   1   1    0.0052      0.83    7.8   0.8    33    62     8    32     3   130 0.60 -
#
# Program:         hmmsearch
# Version:         3.4 (Aug 2023)
# Pipeline mode:   SEARCH
# Query file:      /data/projet1/projet_tutore/busco_downloads/lineages/insecta_odb10/hmms/135113at50557.hmm
# Target file:     annotation_analysis/annotation_gca/T_septentrionalis/busco_output/run_insecta_odb10/metaeuk_output/initial_results/assembled_transcripts.fasta.modified.fas
# Option settings: hmmsearch --domtblout annotation_analysis/annotation_gca/T_septentrionalis/busco_output/run_insecta_odb10/hmmer_output/initial_run_results/135113at50557.out --cpu 1 /data/projet1/projet_tutore/busco_downloads/lineages/insecta_odb10/hmms/135113at50557.hmm annotation_analysis/annotation_gca/T_septentrionalis/busco_output/run_insecta_odb10/metaeuk_output/initial_results/assembled_transcripts.fasta.modified.fas 
# Current dir:     /data/projet1/projet_tutore
# Date:            Sun Oct 13 13:52:54 2024
# [ok]
