#                                                                                                            --- full sequence --- -------------- this domain -------------   hmm coord   ali coord   env coord
# target name                                        accession   tlen query name           accession   qlen   E-value  score  bias   #  of  c-Evalue  i-Evalue  score  bias  from    to  from    to  from    to  acc description of target
#                                ------------------- ---------- ----- -------------------- ---------- ----- --------- ------ ----- --- --- --------- --------- ------ ----- ----- ----- ----- ----- ----- ----- ---- ---------------------
135200at50557_34720_0:000bd2|STRG.6186.1:280-1242|+  -            321 135200at50557        -            203   2.9e-40  136.9   9.6   1   3   8.2e-34   7.7e-31  106.2   0.2     3   116    14   149    12   187 0.85 -
135200at50557_34720_0:000bd2|STRG.6186.1:280-1242|+  -            321 135200at50557        -            203   2.9e-40  136.9   9.6   2   3     0.019        18    3.7   0.3   132   145   200   213   191   216 0.89 -
135200at50557_34720_0:000bd2|STRG.6186.1:280-1242|+  -            321 135200at50557        -            203   2.9e-40  136.9   9.6   3   3   8.6e-09   8.1e-06   24.4   0.5   144   196   228   302   225   315 0.68 -
135200at50557_34720_0:000bd2|STRG.6186.2:44-1006|+   -            321 135200at50557        -            203   2.9e-40  136.9   9.6   1   3   8.2e-34   7.7e-31  106.2   0.2     3   116    14   149    12   187 0.85 -
135200at50557_34720_0:000bd2|STRG.6186.2:44-1006|+   -            321 135200at50557        -            203   2.9e-40  136.9   9.6   2   3     0.019        18    3.7   0.3   132   145   200   213   191   216 0.89 -
135200at50557_34720_0:000bd2|STRG.6186.2:44-1006|+   -            321 135200at50557        -            203   2.9e-40  136.9   9.6   3   3   8.6e-09   8.1e-06   24.4   0.5   144   196   228   302   225   315 0.68 -
135200at50557_34720_0:000bd2|STRG.6186.3:0-962|+     -            321 135200at50557        -            203   2.9e-40  136.9   9.6   1   3   8.2e-34   7.7e-31  106.2   0.2     3   116    14   149    12   187 0.85 -
135200at50557_34720_0:000bd2|STRG.6186.3:0-962|+     -            321 135200at50557        -            203   2.9e-40  136.9   9.6   2   3     0.019        18    3.7   0.3   132   145   200   213   191   216 0.89 -
135200at50557_34720_0:000bd2|STRG.6186.3:0-962|+     -            321 135200at50557        -            203   2.9e-40  136.9   9.6   3   3   8.6e-09   8.1e-06   24.4   0.5   144   196   228   302   225   315 0.68 -
139760at50557_568069_0:0033f1|STRG.9211.1:249-1010|+ -            254 135200at50557        -            203   3.9e-13   48.3   0.3   1   2     1e-15   9.4e-13   47.1   0.1    50   114    16    92     4   138 0.81 -
139760at50557_568069_0:0033f1|STRG.9211.1:249-1010|+ -            254 135200at50557        -            203   3.9e-13   48.3   0.3   2   2       2.9   2.8e+03   -3.4   0.0   146   168   166   188   164   192 0.68 -
135200at50557_7091_0:00009d|STRG.15159.2:45-752|+    -            236 135200at50557        -            203   4.2e-07   28.7   0.7   1   3   2.6e-08   2.4e-05   22.9   0.1    54   115     2    75     1    92 0.76 -
135200at50557_7091_0:00009d|STRG.15159.2:45-752|+    -            236 135200at50557        -            203   4.2e-07   28.7   0.7   2   3     0.072        68    1.9   0.0   126   146   112   132   101   141 0.83 -
135200at50557_7091_0:00009d|STRG.15159.2:45-752|+    -            236 135200at50557        -            203   4.2e-07   28.7   0.7   3   3      0.24   2.3e+02    0.1   0.0   167   188   184   205   152   212 0.82 -
67606at50557_39758_0:001cfc|STRG.4235.3:334-1098|+   -            255 135200at50557        -            203     0.042   12.3   0.0   1   1     8e-05     0.076   11.5   0.0    67   141    54   125    46   134 0.79 -
67606at50557_79782_0:0000ae|STRG.4235.1:811-1689|+   -            293 135200at50557        -            203     0.044   12.3   0.0   1   1   0.00011     0.099   11.1   0.0    67   141    91   162    83   170 0.79 -
67606at50557_79782_0:0000ae|STRG.4235.2:527-1405|+   -            293 135200at50557        -            203     0.044   12.3   0.0   1   1   0.00011     0.099   11.1   0.0    67   141    91   162    83   170 0.79 -
67606at50557_79782_0:0000ae|STRG.4235.4:411-1289|+   -            293 135200at50557        -            203     0.044   12.3   0.0   1   1   0.00011     0.099   11.1   0.0    67   141    91   162    83   170 0.79 -
#
# Program:         hmmsearch
# Version:         3.4 (Aug 2023)
# Pipeline mode:   SEARCH
# Query file:      /data/projet1/projet_tutore/busco_downloads/lineages/insecta_odb10/hmms/135200at50557.hmm
# Target file:     annotation_analysis/annotation_gca/T_septentrionalis/busco_output/run_insecta_odb10/metaeuk_output/initial_results/assembled_transcripts.fasta.modified.fas
# Option settings: hmmsearch --domtblout annotation_analysis/annotation_gca/T_septentrionalis/busco_output/run_insecta_odb10/hmmer_output/initial_run_results/135200at50557.out --cpu 1 /data/projet1/projet_tutore/busco_downloads/lineages/insecta_odb10/hmms/135200at50557.hmm annotation_analysis/annotation_gca/T_septentrionalis/busco_output/run_insecta_odb10/metaeuk_output/initial_results/assembled_transcripts.fasta.modified.fas 
# Current dir:     /data/projet1/projet_tutore
# Date:            Sun Oct 13 13:52:54 2024
# [ok]
