#                                                                                                            --- full sequence --- -------------- this domain -------------   hmm coord   ali coord   env coord
# target name                                        accession   tlen query name           accession   qlen   E-value  score  bias   #  of  c-Evalue  i-Evalue  score  bias  from    to  from    to  from    to  acc description of target
#                                ------------------- ---------- ----- -------------------- ---------- ----- --------- ------ ----- --- --- --------- --------- ------ ----- ----- ----- ----- ----- ----- ----- ---- ---------------------
140706at50557_307658_0:00219e|STRG.11057.1:0-314|+   -            105 140706at50557        -             78   1.1e-45  152.4   2.6   1   2   6.5e-31   4.6e-28   96.0   0.4     1    51     7    57     7    59 0.96 -
140706at50557_307658_0:00219e|STRG.11057.1:0-314|+   -            105 140706at50557        -             78   1.1e-45  152.4   2.6   2   2     1e-18   7.1e-16   56.9   0.1    45    78    67   101    60   101 0.93 -
152308at50557_103372_0:0026d9|STRG.8164.1:155-382|+  -             76 140706at50557        -             78   2.5e-14   51.9   0.3   1   1   1.3e-16   9.5e-14   50.1   0.3    11    66     8    71     3    76 0.85 -
149193at50557_13686_0:001c78|STRG.5863.2:0-263|+     -             88 140706at50557        -             78   2.8e-05   22.9   0.1   1   2   1.3e-06    0.0009   18.1   0.0    10    52     7    50     3    59 0.84 -
149193at50557_13686_0:001c78|STRG.5863.2:0-263|+     -             88 140706at50557        -             78   2.8e-05   22.9   0.1   2   2     0.052        37    3.4   0.0    48    67    67    86    58    88 0.86 -
149193at50557_13686_0:001c78|STRG.5863.1:143-436|+   -             98 140706at50557        -             78   3.9e-05   22.5   0.0   1   2   1.7e-06    0.0012   17.7   0.0    10    52    17    60    13    67 0.83 -
149193at50557_13686_0:001c78|STRG.5863.1:143-436|+   -             98 140706at50557        -             78   3.9e-05   22.5   0.0   2   2     0.065        46    3.0   0.0    48    67    77    96    70    98 0.85 -
140938at50557_103372_0:002606|STRG.5198.1:143-655|+  -            138 140706at50557        -             78    0.0012   17.8   0.2   1   1   1.1e-05    0.0075   15.2   0.2    14    65    16    78    11    91 0.74 -
140938at50557_103372_0:002606|STRG.5198.2:0-413|+    -            138 140706at50557        -             78    0.0012   17.8   0.2   1   1   1.1e-05    0.0075   15.2   0.2    14    65    16    78    11    91 0.74 -
147931at50557_103372_0:000dcb|STRG.15264.1:0-272|+   -             91 140706at50557        -             78     0.006   15.5   0.0   1   1   9.5e-06    0.0067   15.3   0.0    16    50    22    56    14    84 0.87 -
150643at50557_69004_0:0019de|STRG.18993.1:136-324|+  -             63 140706at50557        -             78    0.0092   14.9   0.1   1   1   2.8e-05      0.02   13.8   0.1    17    52     7    42     2    63 0.74 -
150643at50557_69004_0:0019de|STRG.18993.2:33-221|+   -             63 140706at50557        -             78    0.0092   14.9   0.1   1   1   2.8e-05      0.02   13.8   0.1    17    52     7    42     2    63 0.74 -
150643at50557_326594_0:001b62|STRG.19486.1:0-233|+   -             78 140706at50557        -             78     0.034   13.1   0.0   1   1   5.8e-05     0.041   12.8   0.0     5    50     3    49     1    76 0.81 -
147931at50557_125945_0:001cab|STRG.18977.1:110-352|+ -             81 140706at50557        -             78     0.051   12.5   0.0   1   1   9.8e-05      0.07   12.1   0.0    30    48    37    55     5    81 0.73 -
147726at50557_7038_0:0007d8|STRG.13802.1:103-333|+   -             77 140706at50557        -             78     0.051   12.5   0.0   1   2   0.00064      0.45    9.5   0.0    15    47    12    44     5    51 0.83 -
147726at50557_7038_0:0007d8|STRG.13802.1:103-333|+   -             77 140706at50557        -             78     0.051   12.5   0.0   2   2      0.25   1.8e+02    1.2   0.0    49    61    64    76    61    77 0.84 -
#
# Program:         hmmsearch
# Version:         3.4 (Aug 2023)
# Pipeline mode:   SEARCH
# Query file:      /data/projet1/projet_tutore/busco_downloads/lineages/insecta_odb10/hmms/140706at50557.hmm
# Target file:     annotation_analysis/annotation_gca/T_septentrionalis/busco_output/run_insecta_odb10/metaeuk_output/initial_results/assembled_transcripts.fasta.modified.fas
# Option settings: hmmsearch --domtblout annotation_analysis/annotation_gca/T_septentrionalis/busco_output/run_insecta_odb10/hmmer_output/initial_run_results/140706at50557.out --cpu 1 /data/projet1/projet_tutore/busco_downloads/lineages/insecta_odb10/hmms/140706at50557.hmm annotation_analysis/annotation_gca/T_septentrionalis/busco_output/run_insecta_odb10/metaeuk_output/initial_results/assembled_transcripts.fasta.modified.fas 
# Current dir:     /data/projet1/projet_tutore
# Date:            Sun Oct 13 13:53:05 2024
# [ok]
