#                                                                                                            --- full sequence --- -------------- this domain -------------   hmm coord   ali coord   env coord
# target name                                        accession   tlen query name           accession   qlen   E-value  score  bias   #  of  c-Evalue  i-Evalue  score  bias  from    to  from    to  from    to  acc description of target
#                                ------------------- ---------- ----- -------------------- ---------- ----- --------- ------ ----- --- --- --------- --------- ------ ----- ----- ----- ----- ----- ----- ----- ---- ---------------------
18453at50557_411798_0:002eea|STRG.1808.1:548-2683|+  -            712 18453at50557         -            486    1e-238  792.1  21.4   1   3   2.4e-55   1.5e-52  178.0   0.0     1   112    15   139    15   163 0.93 -
18453at50557_411798_0:002eea|STRG.1808.1:548-2683|+  -            712 18453at50557         -            486    1e-238  792.1  21.4   2   3  2.5e-141  1.6e-138  461.6  14.6   118   399   211   559   205   563 0.86 -
18453at50557_411798_0:002eea|STRG.1808.1:548-2683|+  -            712 18453at50557         -            486    1e-238  792.1  21.4   3   3   8.1e-48   5.3e-45  153.2   0.1   396   486   595   690   580   690 0.91 -
18453at50557_144034_0:000e71|STRG.1808.2:0-2291|+    -            764 18453at50557         -            486  1.1e-238  792.0  20.9   1   3   2.6e-55   1.7e-52  177.9   0.0     1   112    67   191    67   215 0.93 -
18453at50557_144034_0:000e71|STRG.1808.2:0-2291|+    -            764 18453at50557         -            486  1.1e-238  792.0  20.9   2   3    2e-141  1.3e-138  461.9  14.0   118   399   263   611   257   615 0.86 -
18453at50557_144034_0:000e71|STRG.1808.2:0-2291|+    -            764 18453at50557         -            486  1.1e-238  792.0  20.9   3   3     9e-48   5.9e-45  153.0   0.1   396   486   647   742   632   742 0.91 -
18453at50557_286706_0:000c3a|STRG.2259.1:605-2008|+  -            468 18453at50557         -            486   6.8e-20   70.4   0.2   1   3   8.6e-09   5.6e-06   24.5   0.0    29    94    34    98    23   118 0.85 -
18453at50557_286706_0:000c3a|STRG.2259.1:605-2008|+  -            468 18453at50557         -            486   6.8e-20   70.4   0.2   2   3   1.6e-05     0.011   13.7   0.4   125   213   227   334   210   358 0.67 -
18453at50557_286706_0:000c3a|STRG.2259.1:605-2008|+  -            468 18453at50557         -            486   6.8e-20   70.4   0.2   3   3   6.9e-09   4.5e-06   24.8   0.0   265   327   365   428   346   466 0.82 -
18453at50557_79782_0:0020f7|STRG.20089.1:2526-3629|+ -            368 18453at50557         -            486   1.3e-15   56.3   8.1   1   3   1.3e-05    0.0087   14.0   0.5    56   149     7   100     1   131 0.79 -
18453at50557_79782_0:0020f7|STRG.20089.1:2526-3629|+ -            368 18453at50557         -            486   1.3e-15   56.3   8.1   2   3   6.1e-06     0.004   15.1   1.8   125   222   143   260    98   283 0.58 -
18453at50557_79782_0:0020f7|STRG.20089.1:2526-3629|+ -            368 18453at50557         -            486   1.3e-15   56.3   8.1   3   3   3.3e-10   2.1e-07   29.2   0.0   271   320   285   334   275   368 0.85 -
18453at50557_79782_0:0020f7|STRG.20089.4:2852-3955|+ -            368 18453at50557         -            486   1.3e-15   56.3   8.1   1   3   1.3e-05    0.0087   14.0   0.5    56   149     7   100     1   131 0.79 -
18453at50557_79782_0:0020f7|STRG.20089.4:2852-3955|+ -            368 18453at50557         -            486   1.3e-15   56.3   8.1   2   3   6.1e-06     0.004   15.1   1.8   125   222   143   260    98   283 0.58 -
18453at50557_79782_0:0020f7|STRG.20089.4:2852-3955|+ -            368 18453at50557         -            486   1.3e-15   56.3   8.1   3   3   3.3e-10   2.1e-07   29.2   0.0   271   320   285   334   275   368 0.85 -
18453at50557_79782_0:0020f7|STRG.20089.5:3546-4625|+ -            360 18453at50557         -            486   1.1e-14   53.2   7.9   1   3   0.00016      0.11   10.4   0.5    67   148    10    91     1   114 0.79 -
18453at50557_79782_0:0020f7|STRG.20089.5:3546-4625|+ -            360 18453at50557         -            486   1.1e-14   53.2   7.9   2   3   5.2e-06    0.0034   15.3   1.6   125   222   135   252    89   274 0.58 -
18453at50557_79782_0:0020f7|STRG.20089.5:3546-4625|+ -            360 18453at50557         -            486   1.1e-14   53.2   7.9   3   3   3.2e-10   2.1e-07   29.2   0.0   271   320   277   326   267   360 0.85 -
18453at50557_79782_0:0020f7|STRG.20089.6:3453-4532|+ -            360 18453at50557         -            486   1.1e-14   53.2   7.9   1   3   0.00016      0.11   10.4   0.5    67   148    10    91     1   114 0.79 -
18453at50557_79782_0:0020f7|STRG.20089.6:3453-4532|+ -            360 18453at50557         -            486   1.1e-14   53.2   7.9   2   3   5.2e-06    0.0034   15.3   1.6   125   222   135   252    89   274 0.58 -
18453at50557_79782_0:0020f7|STRG.20089.6:3453-4532|+ -            360 18453at50557         -            486   1.1e-14   53.2   7.9   3   3   3.2e-10   2.1e-07   29.2   0.0   271   320   277   326   267   360 0.85 -
18453at50557_79782_0:0020f7|STRG.20089.7:2488-3567|+ -            360 18453at50557         -            486   1.1e-14   53.2   7.9   1   3   0.00016      0.11   10.4   0.5    67   148    10    91     1   114 0.79 -
18453at50557_79782_0:0020f7|STRG.20089.7:2488-3567|+ -            360 18453at50557         -            486   1.1e-14   53.2   7.9   2   3   5.2e-06    0.0034   15.3   1.6   125   222   135   252    89   274 0.58 -
18453at50557_79782_0:0020f7|STRG.20089.7:2488-3567|+ -            360 18453at50557         -            486   1.1e-14   53.2   7.9   3   3   3.2e-10   2.1e-07   29.2   0.0   271   320   277   326   267   360 0.85 -
18453at50557_378494_0:000019|STRG.8596.1:1-615|+     -            205 18453at50557         -            486     2e-13   49.1   1.7   1   2   7.7e-06     0.005   14.8   0.4   169   242    43   119    13   123 0.74 -
18453at50557_378494_0:000019|STRG.8596.1:1-615|+     -            205 18453at50557         -            486     2e-13   49.1   1.7   2   2   1.3e-11   8.7e-09   33.7   0.0   271   350   124   205   119   205 0.89 -
8717at50557_34720_0:00064e|STRG.3120.3:1-3525|+      -           1175 18453at50557         -            486     2e-10   39.1   0.5   1   3     3e-05      0.02   12.8   0.0    43   163   241   365   232   377 0.76 -
8717at50557_34720_0:00064e|STRG.3120.3:1-3525|+      -           1175 18453at50557         -            486     2e-10   39.1   0.5   2   3   1.3e-07   8.5e-05   20.6   0.1   173   245   772   849   748   851 0.87 -
8717at50557_34720_0:00064e|STRG.3120.3:1-3525|+      -           1175 18453at50557         -            486     2e-10   39.1   0.5   3   3     0.045        29    2.3   0.0   268   304   850   885   844   898 0.79 -
8717at50557_103372_0:0008b5|STRG.3120.2:1-3696|+     -           1232 18453at50557         -            486   2.4e-10   38.9   0.5   1   3   3.2e-05     0.021   12.7   0.0    43   163   241   365   232   377 0.76 -
8717at50557_103372_0:0008b5|STRG.3120.2:1-3696|+     -           1232 18453at50557         -            486   2.4e-10   38.9   0.5   2   3   1.4e-07     9e-05   20.5   0.1   173   245   772   849   748   851 0.87 -
8717at50557_103372_0:0008b5|STRG.3120.2:1-3696|+     -           1232 18453at50557         -            486   2.4e-10   38.9   0.5   3   3     0.047        31    2.3   0.0   268   304   850   885   844   898 0.79 -
8717at50557_34720_0:00064e|STRG.3120.1:1-3789|+      -           1263 18453at50557         -            486   2.7e-10   38.7   0.5   1   3   3.3e-05     0.022   12.7   0.0    43   163   241   365   232   377 0.76 -
8717at50557_34720_0:00064e|STRG.3120.1:1-3789|+      -           1263 18453at50557         -            486   2.7e-10   38.7   0.5   2   3   1.5e-07   9.8e-05   20.4   0.1   173   245   772   849   752   851 0.87 -
8717at50557_34720_0:00064e|STRG.3120.1:1-3789|+      -           1263 18453at50557         -            486   2.7e-10   38.7   0.5   3   3     0.051        33    2.2   0.0   268   304   850   885   844   897 0.79 -
8717at50557_197043_0:000907|STRG.3110.1:1059-1787|+  -            243 18453at50557         -            486   2.2e-05   22.5   0.2   1   1   1.3e-07   8.7e-05   20.6   0.2   174   215   118   159     8   238 0.72 -
#
# Program:         hmmsearch
# Version:         3.4 (Aug 2023)
# Pipeline mode:   SEARCH
# Query file:      /data/projet1/projet_tutore/busco_downloads/lineages/insecta_odb10/hmms/18453at50557.hmm
# Target file:     annotation_analysis/annotation_gca/T_septentrionalis/busco_output/run_insecta_odb10/metaeuk_output/initial_results/assembled_transcripts.fasta.modified.fas
# Option settings: hmmsearch --domtblout annotation_analysis/annotation_gca/T_septentrionalis/busco_output/run_insecta_odb10/hmmer_output/initial_run_results/18453at50557.out --cpu 1 /data/projet1/projet_tutore/busco_downloads/lineages/insecta_odb10/hmms/18453at50557.hmm annotation_analysis/annotation_gca/T_septentrionalis/busco_output/run_insecta_odb10/metaeuk_output/initial_results/assembled_transcripts.fasta.modified.fas 
# Current dir:     /data/projet1/projet_tutore
# Date:            Sun Oct 13 13:53:31 2024
# [ok]
