#                                                                                                             --- full sequence --- -------------- this domain -------------   hmm coord   ali coord   env coord
# target name                                         accession   tlen query name           accession   qlen   E-value  score  bias   #  of  c-Evalue  i-Evalue  score  bias  from    to  from    to  from    to  acc description of target
#                                 ------------------- ---------- ----- -------------------- ---------- ----- --------- ------ ----- --- --- --------- --------- ------ ----- ----- ----- ----- ----- ----- ----- ---- ---------------------
2101at50557_34720_0:000e5a|STRG.6989.2:2-8776|+       -           2887 2101at50557          -           1411         0 1371.7  51.5   1   6   6.2e-17   3.1e-14   50.6   2.5   330   424     1   135     1   211 0.72 -
2101at50557_34720_0:000e5a|STRG.6989.2:2-8776|+       -           2887 2101at50557          -           1411         0 1371.7  51.5   2   6   2.3e-61   1.1e-58  197.8   5.1   478   656   312   534   212   644 0.84 -
2101at50557_34720_0:000e5a|STRG.6989.2:2-8776|+       -           2887 2101at50557          -           1411         0 1371.7  51.5   3   6   2.7e-09   1.3e-06   25.3   0.2   698   752   729   794   707   808 0.81 -
2101at50557_34720_0:000e5a|STRG.6989.2:2-8776|+       -           2887 2101at50557          -           1411         0 1371.7  51.5   4   6   1.2e-05    0.0058   13.2   0.1   734   810   824   901   809   913 0.63 -
2101at50557_34720_0:000e5a|STRG.6989.2:2-8776|+       -           2887 2101at50557          -           1411         0 1371.7  51.5   5   6   5.7e-93   2.8e-90  302.6   0.0   794  1008   918  1175   901  1186 0.82 -
2101at50557_34720_0:000e5a|STRG.6989.2:2-8776|+       -           2887 2101at50557          -           1411         0 1371.7  51.5   6   6  3.7e-243  1.8e-240  800.2   3.4   995  1411  1273  1731  1269  1731 0.92 -
2101at50557_34720_0:000e5a|STRG.6989.1:2-8806|+       -           2935 2101at50557          -           1411         0 1370.9  52.1   1   7   7.5e-17   3.7e-14   50.3   2.6   330   424     1   135     1   195 0.72 -
2101at50557_34720_0:000e5a|STRG.6989.1:2-8806|+       -           2935 2101at50557          -           1411         0 1370.9  52.1   2   7   2.8e-16   1.4e-13   48.4   0.0   478   522   312   356   295   365 0.89 -
2101at50557_34720_0:000e5a|STRG.6989.1:2-8806|+       -           2935 2101at50557          -           1411         0 1370.9  52.1   3   7   8.1e-50     4e-47  159.6   1.8   514   656   374   534   365   642 0.86 -
2101at50557_34720_0:000e5a|STRG.6989.1:2-8806|+       -           2935 2101at50557          -           1411         0 1370.9  52.1   4   7   2.7e-09   1.4e-06   25.3   0.2   698   752   729   794   707   808 0.81 -
2101at50557_34720_0:000e5a|STRG.6989.1:2-8806|+       -           2935 2101at50557          -           1411         0 1370.9  52.1   5   7   1.2e-05    0.0059   13.2   0.1   734   810   824   901   809   913 0.63 -
2101at50557_34720_0:000e5a|STRG.6989.1:2-8806|+       -           2935 2101at50557          -           1411         0 1370.9  52.1   6   7   5.8e-93   2.9e-90  302.5   0.0   794  1008   918  1175   901  1186 0.82 -
2101at50557_34720_0:000e5a|STRG.6989.1:2-8806|+       -           2935 2101at50557          -           1411         0 1370.9  52.1   7   7  3.8e-243  1.9e-240  800.2   3.4   995  1411  1273  1731  1269  1731 0.92 -
2101at50557_307491_0:000f2d|STRG.19736.1:5826-7091|+  -            422 2101at50557          -           1411   3.1e-63  212.9   2.3   1   2     0.082        41    0.5   0.5  1023  1041     1    19     1    25 0.87 -
2101at50557_307491_0:000f2d|STRG.19736.1:5826-7091|+  -            422 2101at50557          -           1411   3.1e-63  212.9   2.3   2   2   2.5e-65   1.3e-62  210.9   0.0  1079  1411    35   383    27   383 0.81 -
2101at50557_307491_0:000f2d|STRG.19736.2:5709-6974|+  -            422 2101at50557          -           1411   3.1e-63  212.9   2.3   1   2     0.082        41    0.5   0.5  1023  1041     1    19     1    25 0.87 -
2101at50557_307491_0:000f2d|STRG.19736.2:5709-6974|+  -            422 2101at50557          -           1411   3.1e-63  212.9   2.3   2   2   2.5e-65   1.3e-62  210.9   0.0  1079  1411    35   383    27   383 0.81 -
2101at50557_307491_0:000f2d|STRG.19736.3:5727-6992|+  -            422 2101at50557          -           1411   3.1e-63  212.9   2.3   1   2     0.082        41    0.5   0.5  1023  1041     1    19     1    25 0.87 -
2101at50557_307491_0:000f2d|STRG.19736.3:5727-6992|+  -            422 2101at50557          -           1411   3.1e-63  212.9   2.3   2   2   2.5e-65   1.3e-62  210.9   0.0  1079  1411    35   383    27   383 0.81 -
2101at50557_56086_0:003b59|STRG.13490.1:2244-2945|+   -            234 2101at50557          -           1411   6.2e-43  145.7   0.1   1   2   2.9e-17   1.5e-14   51.7   0.0  1165  1250     1    94     1   107 0.84 -
2101at50557_56086_0:003b59|STRG.13490.1:2244-2945|+   -            234 2101at50557          -           1411   6.2e-43  145.7   0.1   2   2   1.7e-29   8.2e-27   92.3   0.1  1325  1402   157   234   152   234 0.97 -
2101at50557_56086_0:003b59|STRG.13490.2:2241-2942|+   -            234 2101at50557          -           1411   6.2e-43  145.7   0.1   1   2   2.9e-17   1.5e-14   51.7   0.0  1165  1250     1    94     1   107 0.84 -
2101at50557_56086_0:003b59|STRG.13490.2:2241-2942|+   -            234 2101at50557          -           1411   6.2e-43  145.7   0.1   2   2   1.7e-29   8.2e-27   92.3   0.1  1325  1402   157   234   152   234 0.97 -
2101at50557_38123_0:0034b2|STRG.11063.1:3629-4264|+   -            212 2101at50557          -           1411   1.5e-39  134.5   0.0   1   2   4.7e-06    0.0023   14.5   0.0  1228  1253     2    27     1    30 0.90 -
2101at50557_38123_0:0034b2|STRG.11063.1:3629-4264|+   -            212 2101at50557          -           1411   1.5e-39  134.5   0.0   2   2   2.7e-37   1.4e-34  118.0   0.0  1325  1411    94   180    90   180 0.97 -
2101at50557_38123_0:0034b2|STRG.11063.2:3203-3838|+   -            212 2101at50557          -           1411   1.5e-39  134.5   0.0   1   2   4.7e-06    0.0023   14.5   0.0  1228  1253     2    27     1    30 0.90 -
2101at50557_38123_0:0034b2|STRG.11063.2:3203-3838|+   -            212 2101at50557          -           1411   1.5e-39  134.5   0.0   2   2   2.7e-37   1.4e-34  118.0   0.0  1325  1411    94   180    90   180 0.97 -
2101at50557_38123_0:0034b2|STRG.11063.3:3678-4313|+   -            212 2101at50557          -           1411   1.5e-39  134.5   0.0   1   2   4.7e-06    0.0023   14.5   0.0  1228  1253     2    27     1    30 0.90 -
2101at50557_38123_0:0034b2|STRG.11063.3:3678-4313|+   -            212 2101at50557          -           1411   1.5e-39  134.5   0.0   2   2   2.7e-37   1.4e-34  118.0   0.0  1325  1411    94   180    90   180 0.97 -
2101at50557_307491_0:000f2d|STRG.6090.1:10271-11329|+ -            353 2101at50557          -           1411   2.9e-28   97.1   0.0   1   1   7.9e-31   3.9e-28   96.6   0.0  1123  1399     9   310     4   313 0.86 -
2101at50557_307491_0:000f2d|STRG.6090.2:10267-11325|+ -            353 2101at50557          -           1411   2.9e-28   97.1   0.0   1   1   7.9e-31   3.9e-28   96.6   0.0  1123  1399     9   310     4   313 0.86 -
2101at50557_307491_0:000f2d|STRG.6090.3:10317-11375|+ -            353 2101at50557          -           1411   2.9e-28   97.1   0.0   1   1   7.9e-31   3.9e-28   96.6   0.0  1123  1399     9   310     4   313 0.86 -
2101at50557_56086_0:003b59|STRG.4223.2:1854-2438|+    -            195 2101at50557          -           1411   4.9e-12   43.3   0.0   1   2   0.00021       0.1    9.1   0.0  1180  1250    20    93     2    97 0.85 -
2101at50557_56086_0:003b59|STRG.4223.2:1854-2438|+    -            195 2101at50557          -           1411   4.9e-12   43.3   0.0   2   2   1.8e-11   8.9e-09   32.5   0.0  1332  1373   126   166   123   192 0.91 -
2101at50557_378494_0:00006e|STRG.6988.1:1247-2077|+   -            277 2101at50557          -           1411     4e-10   37.0  14.2   1   3     1e-08   5.1e-06   23.4   0.1   148   183     6    42     3    47 0.88 -
2101at50557_378494_0:00006e|STRG.6988.1:1247-2077|+   -            277 2101at50557          -           1411     4e-10   37.0  14.2   2   3    0.0024       1.2    5.6   2.5   181   285    62   163    55   183 0.56 -
2101at50557_378494_0:00006e|STRG.6988.1:1247-2077|+   -            277 2101at50557          -           1411     4e-10   37.0  14.2   3   3   4.1e-06     0.002   14.7   1.3   189   257   199   277   191   277 0.75 -
2101at50557_56086_0:003b59|STRG.4223.1:2203-2703|+    -            167 2101at50557          -           1411   2.1e-09   34.6   0.6   1   2   0.00014     0.072    9.6   0.0  1180  1250    20    93     2    97 0.85 -
2101at50557_56086_0:003b59|STRG.4223.1:2203-2703|+    -            167 2101at50557          -           1411   2.1e-09   34.6   0.6   2   2     1e-08     5e-06   23.4   0.3  1332  1362   126   156   123   163 0.88 -
2101at50557_56086_0:003b59|STRG.1286.1:2334-2924|+    -            197 2101at50557          -           1411   3.8e-09   33.7   0.3   1   2    0.0059       2.9    4.3   0.0  1175  1257     6    93     1   112 0.82 -
2101at50557_56086_0:003b59|STRG.1286.1:2334-2924|+    -            197 2101at50557          -           1411   3.8e-09   33.7   0.3   2   2   3.4e-10   1.7e-07   28.2   0.0  1326  1397   121   193   108   197 0.80 -
#
# Program:         hmmsearch
# Version:         3.4 (Aug 2023)
# Pipeline mode:   SEARCH
# Query file:      /data/projet1/projet_tutore/busco_downloads/lineages/insecta_odb10/hmms/2101at50557.hmm
# Target file:     annotation_analysis/annotation_gca/T_septentrionalis/busco_output/run_insecta_odb10/metaeuk_output/initial_results/assembled_transcripts.fasta.modified.fas
# Option settings: hmmsearch --domtblout annotation_analysis/annotation_gca/T_septentrionalis/busco_output/run_insecta_odb10/hmmer_output/initial_run_results/2101at50557.out --cpu 1 /data/projet1/projet_tutore/busco_downloads/lineages/insecta_odb10/hmms/2101at50557.hmm annotation_analysis/annotation_gca/T_septentrionalis/busco_output/run_insecta_odb10/metaeuk_output/initial_results/assembled_transcripts.fasta.modified.fas 
# Current dir:     /data/projet1/projet_tutore
# Date:            Sun Oct 13 13:53:48 2024
# [ok]
