#                                                                                                              --- full sequence --- -------------- this domain -------------   hmm coord   ali coord   env coord
# target name                                          accession   tlen query name           accession   qlen   E-value  score  bias   #  of  c-Evalue  i-Evalue  score  bias  from    to  from    to  from    to  acc description of target
#                                  ------------------- ---------- ----- -------------------- ---------- ----- --------- ------ ----- --- --- --------- --------- ------ ----- ----- ----- ----- ----- ----- ----- ---- ---------------------
21787at50557_103372_0:002183|STRG.8879.1:0-2522|+      -            841 21787at50557         -            534  7.7e-246  816.1   7.0   1   2   0.00028     0.067   11.1   0.0    71    95   242   266   230   286 0.80 -
21787at50557_103372_0:002183|STRG.8879.1:0-2522|+      -            841 21787at50557         -            534  7.7e-246  816.1   7.0   2   2  2.1e-243  5.1e-241  800.2   4.8    59   534   291   820   282   820 0.87 -
21787at50557_103372_0:002183|STRG.8879.2:0-2592|+      -            841 21787at50557         -            534  7.7e-246  816.1   7.0   1   2   0.00028     0.067   11.1   0.0    71    95   242   266   230   286 0.80 -
21787at50557_103372_0:002183|STRG.8879.2:0-2592|+      -            841 21787at50557         -            534  7.7e-246  816.1   7.0   2   2  2.1e-243  5.1e-241  800.2   4.8    59   534   291   820   282   820 0.87 -
21787at50557_52612_0:002557|STRG.13317.1:5408-6214|+   -            269 21787at50557         -            534   1.5e-64  217.8   0.1   1   1   7.4e-67   1.7e-64  217.6   0.1   288   521    34   266     6   269 0.92 -
21787at50557_52612_0:002557|STRG.13317.2:5135-5941|+   -            269 21787at50557         -            534   1.5e-64  217.8   0.1   1   1   7.4e-67   1.7e-64  217.6   0.1   288   521    34   266     6   269 0.92 -
21787at50557_52612_0:002557|STRG.13317.3:4522-5328|+   -            269 21787at50557         -            534   1.5e-64  217.8   0.1   1   1   7.4e-67   1.7e-64  217.6   0.1   288   521    34   266     6   269 0.92 -
21787at50557_52612_0:002557|STRG.13317.4:4364-5170|+   -            269 21787at50557         -            534   1.5e-64  217.8   0.1   1   1   7.4e-67   1.7e-64  217.6   0.1   288   521    34   266     6   269 0.92 -
21787at50557_52612_0:002557|STRG.10234.1:1164-1904|+   -            247 21787at50557         -            534   8.2e-59  198.9   0.0   1   1     4e-61   9.4e-59  198.7   0.0   299   524    11   245     2   247 0.89 -
21787at50557_123851_0:0009c4|STRG.14397.1:1283-2038|+  -            252 21787at50557         -            534   1.3e-55  188.3   0.1   1   1   7.5e-58   1.8e-55  187.9   0.1   297   524    13   252     4   252 0.86 -
21787at50557_123851_0:0009c4|STRG.14397.2:917-1672|+   -            252 21787at50557         -            534   1.3e-55  188.3   0.1   1   1   7.5e-58   1.8e-55  187.9   0.1   297   524    13   252     4   252 0.86 -
21787at50557_123851_0:0009c4|STRG.14397.3:1155-1910|+  -            252 21787at50557         -            534   1.3e-55  188.3   0.1   1   1   7.5e-58   1.8e-55  187.9   0.1   297   524    13   252     4   252 0.86 -
21787at50557_77166_0:00286f|STRG.13968.1:979-1812|+    -            278 21787at50557         -            534   6.4e-52  176.1   1.7   1   1   8.8e-54   2.1e-51  174.4   1.7   296   524    11   273     3   278 0.80 -
21787at50557_77166_0:00286f|STRG.13968.2:1246-2079|+   -            278 21787at50557         -            534   6.4e-52  176.1   1.7   1   1   8.8e-54   2.1e-51  174.4   1.7   296   524    11   273     3   278 0.80 -
21787at50557_77166_0:00286f|STRG.13968.3:1081-1914|+   -            278 21787at50557         -            534   6.4e-52  176.1   1.7   1   1   8.8e-54   2.1e-51  174.4   1.7   296   524    11   273     3   278 0.80 -
21787at50557_77166_0:00286f|STRG.13968.4:1650-2483|+   -            278 21787at50557         -            534   6.4e-52  176.1   1.7   1   1   8.8e-54   2.1e-51  174.4   1.7   296   524    11   273     3   278 0.80 -
21787at50557_123851_0:0009c4|STRG.13844.1:2447-3232|+  -            262 21787at50557         -            534   4.7e-51  173.3   0.1   1   1   2.3e-53   5.3e-51  173.1   0.1   292   524    19   250     5   261 0.87 -
21787at50557_123851_0:0009c4|STRG.13844.2:2429-3214|+  -            262 21787at50557         -            534   4.7e-51  173.3   0.1   1   1   2.3e-53   5.3e-51  173.1   0.1   292   524    19   250     5   261 0.87 -
21787at50557_307491_0:004719|STRG.4703.1:3845-4507|+   -            221 21787at50557         -            534   4.3e-50  170.1   0.2   1   1   2.2e-52   5.1e-50  169.8   0.2   300   515    11   221     3   221 0.94 -
21787at50557_123851_0:0009c4|STRG.4103.1:3740-4471|+   -            244 21787at50557         -            534   1.2e-49  168.7   0.4   1   1   5.6e-52   1.3e-49  168.5   0.4   288   518     9   235     3   244 0.90 -
21787at50557_123851_0:0009c4|STRG.4103.2:3533-4264|+   -            244 21787at50557         -            534   1.2e-49  168.7   0.4   1   1   5.6e-52   1.3e-49  168.5   0.4   288   518     9   235     3   244 0.90 -
21787at50557_123851_0:0009c4|STRG.4103.3:3737-4468|+   -            244 21787at50557         -            534   1.2e-49  168.7   0.4   1   1   5.6e-52   1.3e-49  168.5   0.4   288   518     9   235     3   244 0.90 -
21787at50557_123851_0:0009c4|STRG.4103.4:3236-3967|+   -            244 21787at50557         -            534   1.2e-49  168.7   0.4   1   1   5.6e-52   1.3e-49  168.5   0.4   288   518     9   235     3   244 0.90 -
21787at50557_123851_0:0009c4|STRG.5539.1:3333-4163|+   -            277 21787at50557         -            534   2.2e-49  167.8   0.4   1   1     1e-51   2.5e-49  167.6   0.4   297   523    52   276     4   277 0.88 -
21787at50557_56086_0:000f6d|STRG.3755.1:488-1207|+     -            240 21787at50557         -            534   1.2e-45  155.4   0.0   1   1   5.5e-48   1.3e-45  155.3   0.0   288   521     4   239     1   240 0.88 -
21787at50557_56086_0:000f6d|STRG.3755.2:488-1207|+     -            240 21787at50557         -            534   1.2e-45  155.4   0.0   1   1   5.5e-48   1.3e-45  155.3   0.0   288   521     4   239     1   240 0.88 -
21787at50557_1507135_0:00034b|STRG.4273.1:298-1122|+   -            275 21787at50557         -            534   3.3e-43  147.4   0.6   1   1   1.5e-45   3.7e-43  147.2   0.6   294   521    49   272     6   275 0.86 -
21787at50557_1507135_0:00034b|STRG.4273.2:298-1122|+   -            275 21787at50557         -            534   3.3e-43  147.4   0.6   1   1   1.5e-45   3.7e-43  147.2   0.6   294   521    49   272     6   275 0.86 -
21787at50557_1507135_0:00034b|STRG.4273.3:298-1122|+   -            275 21787at50557         -            534   3.3e-43  147.4   0.6   1   1   1.5e-45   3.7e-43  147.2   0.6   294   521    49   272     6   275 0.86 -
21787at50557_1507135_0:00034b|STRG.4273.4:2766-3590|+  -            275 21787at50557         -            534   3.3e-43  147.4   0.6   1   1   1.5e-45   3.7e-43  147.2   0.6   294   521    49   272     6   275 0.86 -
21787at50557_1507135_0:00034b|STRG.4273.5:3130-3954|+  -            275 21787at50557         -            534   3.3e-43  147.4   0.6   1   1   1.5e-45   3.7e-43  147.2   0.6   294   521    49   272     6   275 0.86 -
21787at50557_1507135_0:00034b|STRG.4273.6:2965-3789|+  -            275 21787at50557         -            534   3.3e-43  147.4   0.6   1   1   1.5e-45   3.7e-43  147.2   0.6   294   521    49   272     6   275 0.86 -
21787at50557_1507135_0:00034b|STRG.4273.7:2898-3722|+  -            275 21787at50557         -            534   3.3e-43  147.4   0.6   1   1   1.5e-45   3.7e-43  147.2   0.6   294   521    49   272     6   275 0.86 -
21787at50557_1507135_0:00034b|STRG.12510.1:3614-4528|+ -            305 21787at50557         -            534   7.9e-41  139.5   0.0   1   1   3.9e-43   9.2e-41  139.3   0.0   295   518    80   304    54   305 0.88 -
21787at50557_307491_0:004719|STRG.2254.1:1109-1768|+   -            220 21787at50557         -            534   1.6e-40  138.5   0.0   1   1   7.7e-43   1.8e-40  138.3   0.0   299   518     7   220     2   220 0.95 -
21787at50557_307491_0:004719|STRG.16392.1:4563-5318|+  -            252 21787at50557         -            534   4.3e-24   84.3   0.2   1   1   1.9e-26   4.4e-24   84.3   0.2   296   478    39   220     5   252 0.82 -
21787at50557_29053_0:00139e|STRG.13968.5:209-628|+     -            140 21787at50557         -            534   4.7e-19   67.7   0.0   1   1   3.7e-21   8.6e-19   66.8   0.0   430   528    20   133     5   139 0.81 -
136030at50557_103372_0:002306|STRG.4987.1:0-635|+      -            212 21787at50557         -            534    0.0053   14.7   0.1   1   1   3.1e-05    0.0072   14.3   0.1    49   190    69   209    53   212 0.76 -
#
# Program:         hmmsearch
# Version:         3.4 (Aug 2023)
# Pipeline mode:   SEARCH
# Query file:      /data/projet1/projet_tutore/busco_downloads/lineages/insecta_odb10/hmms/21787at50557.hmm
# Target file:     annotation_analysis/annotation_gca/T_septentrionalis/busco_output/run_insecta_odb10/metaeuk_output/initial_results/assembled_transcripts.fasta.modified.fas
# Option settings: hmmsearch --domtblout annotation_analysis/annotation_gca/T_septentrionalis/busco_output/run_insecta_odb10/hmmer_output/initial_run_results/21787at50557.out --cpu 1 /data/projet1/projet_tutore/busco_downloads/lineages/insecta_odb10/hmms/21787at50557.hmm annotation_analysis/annotation_gca/T_septentrionalis/busco_output/run_insecta_odb10/metaeuk_output/initial_results/assembled_transcripts.fasta.modified.fas 
# Current dir:     /data/projet1/projet_tutore
# Date:            Sun Oct 13 13:53:49 2024
# [ok]
