#                                                                                                             --- full sequence --- -------------- this domain -------------   hmm coord   ali coord   env coord
# target name                                         accession   tlen query name           accession   qlen   E-value  score  bias   #  of  c-Evalue  i-Evalue  score  bias  from    to  from    to  from    to  acc description of target
#                                 ------------------- ---------- ----- -------------------- ---------- ----- --------- ------ ----- --- --- --------- --------- ------ ----- ----- ----- ----- ----- ----- ----- ---- ---------------------
31358at50557_103372_0:0003fa|STRG.16687.1:399-4169|+  -           1257 31358at50557         -            595  1.1e-257  855.2  35.9   1   4   2.8e-78   6.9e-76  254.9   3.3    16   198   209   431   200   434 0.87 -
31358at50557_103372_0:0003fa|STRG.16687.1:399-4169|+  -           1257 31358at50557         -            595  1.1e-257  855.2  35.9   2   4     2e-06    0.0005   17.6   0.5   197   234   499   552   491   557 0.81 -
31358at50557_103372_0:0003fa|STRG.16687.1:399-4169|+  -           1257 31358at50557         -            595  1.1e-257  855.2  35.9   3   4  4.2e-174    1e-171  571.3  14.5   221   585   562   962   553   967 0.91 -
31358at50557_103372_0:0003fa|STRG.16687.1:399-4169|+  -           1257 31358at50557         -            595  1.1e-257  855.2  35.9   4   4   2.1e-07   5.1e-05   20.8   0.1   548   595   966  1022   961  1022 0.80 -
31358at50557_103372_0:0003fa|STRG.16687.2:0-3884|+    -           1295 31358at50557         -            595  1.3e-257  855.0  35.9   1   4   2.9e-78   7.1e-76  254.8   3.2    16   198   247   469   238   472 0.87 -
31358at50557_103372_0:0003fa|STRG.16687.2:0-3884|+    -           1295 31358at50557         -            595  1.3e-257  855.0  35.9   2   4   2.1e-06   0.00051   17.5   0.6   197   234   537   590   529   595 0.81 -
31358at50557_103372_0:0003fa|STRG.16687.2:0-3884|+    -           1295 31358at50557         -            595  1.3e-257  855.0  35.9   3   4  4.3e-174    1e-171  571.3  14.4   221   585   600  1000   591  1005 0.91 -
31358at50557_103372_0:0003fa|STRG.16687.2:0-3884|+    -           1295 31358at50557         -            595  1.3e-257  855.0  35.9   4   4   2.2e-07   5.3e-05   20.8   0.1   548   595  1004  1060   999  1060 0.80 -
31358at50557_123851_0:00056b|STRG.20203.1:2668-3213|+ -            182 31358at50557         -            595   4.5e-49  166.3   0.4   1   1     2e-51   4.9e-49  166.2   0.4   284   458     2   182     1   182 0.94 -
31358at50557_123851_0:00056b|STRG.20203.2:2591-3136|+ -            182 31358at50557         -            595   4.5e-49  166.3   0.4   1   1     2e-51   4.9e-49  166.2   0.4   284   458     2   182     1   182 0.94 -
31358at50557_123851_0:00056b|STRG.20203.3:1691-2236|+ -            182 31358at50557         -            595   4.5e-49  166.3   0.4   1   1     2e-51   4.9e-49  166.2   0.4   284   458     2   182     1   182 0.94 -
31358at50557_123851_0:00056b|STRG.11711.3:676-1242|+  -            189 31358at50557         -            595   6.7e-45  152.5   0.4   1   1     3e-47   7.3e-45  152.4   0.4   285   465     3   189     1   189 0.93 -
31358at50557_123851_0:00056b|STRG.11711.4:396-962|+   -            189 31358at50557         -            595   6.7e-45  152.5   0.4   1   1     3e-47   7.3e-45  152.4   0.4   285   465     3   189     1   189 0.93 -
30640at50557_246812_0:002bdf|STRG.5521.1:425-1192|+   -            256 31358at50557         -            595   6.9e-31  106.2   0.3   1   1   3.5e-33   8.4e-31  106.0   0.3   274   484    38   255    32   256 0.87 -
30640at50557_246812_0:002bdf|STRG.5521.2:105-872|+    -            256 31358at50557         -            595   6.9e-31  106.2   0.3   1   1   3.5e-33   8.4e-31  106.0   0.3   274   484    38   255    32   256 0.87 -
30640at50557_7536_0:0024c3|STRG.16674.1:359-1030|+    -            224 31358at50557         -            595   1.2e-30  105.4   0.0   1   1   5.3e-33   1.3e-30  105.4   0.0   284   484    15   223     1   224 0.84 -
30640at50557_7536_0:0024c3|STRG.189.1:108-779|+       -            224 31358at50557         -            595   1.2e-30  105.4   0.0   1   1   5.3e-33   1.3e-30  105.4   0.0   284   484    15   223     1   224 0.84 -
30640at50557_123851_0:0040fd|STRG.15324.1:491-1213|+  -            241 31358at50557         -            595   3.1e-30  104.1   1.5   1   1   1.5e-32   3.5e-30  103.9   1.5   275   504     2   241     1   241 0.84 -
30640at50557_123851_0:0040fd|STRG.15324.2:249-971|+   -            241 31358at50557         -            595   3.1e-30  104.1   1.5   1   1   1.5e-32   3.5e-30  103.9   1.5   275   504     2   241     1   241 0.84 -
30640at50557_123851_0:0040fd|STRG.11786.1:1191-1922|+ -            244 31358at50557         -            595   9.1e-27   92.7   0.1   1   1   6.3e-29   1.5e-26   91.9   0.1   286   506    10   237     2   243 0.76 -
30640at50557_103372_0:0017a1|STRG.12227.1:0-2381|+    -            794 31358at50557         -            595     2e-24   84.9   1.0   1   1   1.3e-26   3.1e-24   84.3   1.0   270   537   133   411   126   417 0.83 -
30640at50557_7536_0:0024c3|STRG.11786.2:1461-2075|+   -            205 31358at50557         -            595   1.1e-19   69.2   0.1   1   1   7.6e-22   1.8e-19   68.5   0.1   286   478     6   205     2   205 0.74 -
31358at50557_123851_0:00056b|STRG.3789.1:1610-2161|+  -            184 31358at50557         -            595   6.7e-19   66.7   0.1   1   1     3e-21   7.4e-19   66.5   0.1   292   464     2   183     1   184 0.83 -
31358at50557_123851_0:00056b|STRG.3789.2:1095-1646|+  -            184 31358at50557         -            595   6.7e-19   66.7   0.1   1   1     3e-21   7.4e-19   66.5   0.1   292   464     2   183     1   184 0.83 -
50587at50557_7038_0:0025fd|STRG.2818.1:1109-2002|+    -            298 31358at50557         -            595   1.3e-13   49.2   2.3   1   2       1.2   2.8e+02   -1.4   0.0   289   319    15    45     6    60 0.80 -
50587at50557_7038_0:0025fd|STRG.2818.1:1109-2002|+    -            298 31358at50557         -            595   1.3e-13   49.2   2.3   2   2   1.3e-15   3.2e-13   47.9   2.5   297   504    50   263    26   274 0.87 -
50587at50557_7038_0:0025fd|STRG.2818.2:915-1808|+     -            298 31358at50557         -            595   1.3e-13   49.2   2.3   1   2       1.2   2.8e+02   -1.4   0.0   289   319    15    45     6    60 0.80 -
50587at50557_7038_0:0025fd|STRG.2818.2:915-1808|+     -            298 31358at50557         -            595   1.3e-13   49.2   2.3   2   2   1.3e-15   3.2e-13   47.9   2.5   297   504    50   263    26   274 0.87 -
50587at50557_7038_0:0025fd|STRG.2818.3:915-1808|+     -            298 31358at50557         -            595   1.3e-13   49.2   2.3   1   2       1.2   2.8e+02   -1.4   0.0   289   319    15    45     6    60 0.80 -
50587at50557_7038_0:0025fd|STRG.2818.3:915-1808|+     -            298 31358at50557         -            595   1.3e-13   49.2   2.3   2   2   1.3e-15   3.2e-13   47.9   2.5   297   504    50   263    26   274 0.87 -
50587at50557_7038_0:0025fd|STRG.2818.4:915-1808|+     -            298 31358at50557         -            595   1.3e-13   49.2   2.3   1   2       1.2   2.8e+02   -1.4   0.0   289   319    15    45     6    60 0.80 -
50587at50557_7038_0:0025fd|STRG.2818.4:915-1808|+     -            298 31358at50557         -            595   1.3e-13   49.2   2.3   2   2   1.3e-15   3.2e-13   47.9   2.5   297   504    50   263    26   274 0.87 -
50587at50557_7038_0:0025fd|STRG.2818.5:978-1871|+     -            298 31358at50557         -            595   1.3e-13   49.2   2.3   1   2       1.2   2.8e+02   -1.4   0.0   289   319    15    45     6    60 0.80 -
50587at50557_7038_0:0025fd|STRG.2818.5:978-1871|+     -            298 31358at50557         -            595   1.3e-13   49.2   2.3   2   2   1.3e-15   3.2e-13   47.9   2.5   297   504    50   263    26   274 0.87 -
50587at50557_38123_0:00124c|STRG.14769.1:712-1386|+   -            225 31358at50557         -            595   5.2e-13   47.2   0.5   1   1   2.7e-15   6.5e-13   46.9   0.5   326   469    75   222    22   224 0.76 -
50587at50557_38123_0:00124c|STRG.14769.2:463-1428|+   -            322 31358at50557         -            595   1.5e-12   45.7   0.5   1   1   7.8e-15   1.9e-12   45.4   0.5   327   469   173   319   119   321 0.76 -
50587at50557_38123_0:00124c|STRG.14769.3:264-1229|+   -            322 31358at50557         -            595   1.5e-12   45.7   0.5   1   1   7.8e-15   1.9e-12   45.4   0.5   327   469   173   319   119   321 0.76 -
50587at50557_224129_0:0010db|STRG.13553.2:9-1094|+    -            362 31358at50557         -            595   4.4e-09   34.3   0.3   1   1   2.8e-11   6.7e-09   33.6   0.3   384   513   221   355   173   360 0.68 -
50587at50557_30025_0:00311b|STRG.13553.1:301-1440|+   -            380 31358at50557         -            595   4.9e-09   34.1   0.3   1   1   3.1e-11   7.5e-09   33.5   0.3   384   513   239   373   191   378 0.68 -
28081at50557_103372_0:002b40|STRG.9793.1:0-2021|+     -            674 31358at50557         -            595   1.3e-08   32.7   0.2   1   1   9.3e-11   2.3e-08   31.9   0.2   402   494   144   237   136   259 0.85 -
50587at50557_133901_0:003c0d|STRG.524.1:5350-6159|+   -            270 31358at50557         -            595   9.1e-05   20.0   0.3   1   1   4.9e-07   0.00012   19.6   0.3   334   460   104   234    97   269 0.78 -
50587at50557_133901_0:003c0d|STRG.524.2:1236-2045|+   -            270 31358at50557         -            595   9.1e-05   20.0   0.3   1   1   4.9e-07   0.00012   19.6   0.3   334   460   104   234    97   269 0.78 -
50587at50557_64793_0:000780|STRG.14863.1:1-1230|+     -            410 31358at50557         -            595    0.0015   16.0   1.5   1   2       0.2        48    1.1   0.0   328   388   161   220    95   224 0.84 -
50587at50557_64793_0:000780|STRG.14863.1:1-1230|+     -            410 31358at50557         -            595    0.0015   16.0   1.5   2   2   4.3e-05      0.01   13.2   1.0   405   505   263   369   246   381 0.79 -
50587at50557_64793_0:000780|STRG.14863.2:1-1472|+     -            410 31358at50557         -            595    0.0018   15.7   1.1   1   2       0.2        48    1.1   0.0   328   388   161   220    95   224 0.84 -
50587at50557_64793_0:000780|STRG.14863.2:1-1472|+     -            410 31358at50557         -            595    0.0018   15.7   1.1   2   2   5.7e-05     0.014   12.8   0.7   417   505   276   369   246   381 0.79 -
50587at50557_7004_0:004919|STRG.4130.1:1447-1815|+    -            123 31358at50557         -            595     0.004   14.6   0.0   1   1   1.7e-05    0.0041   14.5   0.0   283   384    17   118     3   123 0.79 -
50587at50557_7004_0:004919|STRG.4130.2:1259-1627|+    -            123 31358at50557         -            595     0.004   14.6   0.0   1   1   1.7e-05    0.0041   14.5   0.0   283   384    17   118     3   123 0.79 -
#
# Program:         hmmsearch
# Version:         3.4 (Aug 2023)
# Pipeline mode:   SEARCH
# Query file:      /data/projet1/projet_tutore/busco_downloads/lineages/insecta_odb10/hmms/31358at50557.hmm
# Target file:     annotation_analysis/annotation_gca/T_septentrionalis/busco_output/run_insecta_odb10/metaeuk_output/initial_results/assembled_transcripts.fasta.modified.fas
# Option settings: hmmsearch --domtblout annotation_analysis/annotation_gca/T_septentrionalis/busco_output/run_insecta_odb10/hmmer_output/initial_run_results/31358at50557.out --cpu 1 /data/projet1/projet_tutore/busco_downloads/lineages/insecta_odb10/hmms/31358at50557.hmm annotation_analysis/annotation_gca/T_septentrionalis/busco_output/run_insecta_odb10/metaeuk_output/initial_results/assembled_transcripts.fasta.modified.fas 
# Current dir:     /data/projet1/projet_tutore
# Date:            Sun Oct 13 13:54:19 2024
# [ok]
