#                                                                                                             --- full sequence --- -------------- this domain -------------   hmm coord   ali coord   env coord
# target name                                         accession   tlen query name           accession   qlen   E-value  score  bias   #  of  c-Evalue  i-Evalue  score  bias  from    to  from    to  from    to  acc description of target
#                                 ------------------- ---------- ----- -------------------- ---------- ----- --------- ------ ----- --- --- --------- --------- ------ ----- ----- ----- ----- ----- ----- ----- ---- ---------------------
38891at50557_34720_0:0025f9|STRG.18496.1:0-1732|-     -            518 38891at50557         -            400  5.1e-150  498.8   3.5   1   2   1.1e-81   1.8e-78  263.2   0.1     1   227     9   286     9   291 0.84 -
38891at50557_34720_0:0025f9|STRG.18496.1:0-1732|-     -            518 38891at50557         -            400  5.1e-150  498.8   3.5   2   2   3.7e-73   6.2e-70  235.1   2.0   198   399   292   517   276   518 0.88 -
38891at50557_1629725_0:000e59|STRG.5713.1:1197-1796|+ -            200 38891at50557         -            400   1.7e-13   49.2   0.4   1   1   1.5e-16   2.6e-13   48.6   0.4   217   361    11   188     4   200 0.65 -
38891at50557_110193_0:0008d3|STRG.14946.3:3-821|+     -            273 38891at50557         -            400   2.7e-06   25.5   0.7   1   3   1.4e-05     0.024   12.5   0.0     6    46     8    49     4    57 0.85 -
38891at50557_110193_0:0008d3|STRG.14946.3:3-821|+     -            273 38891at50557         -            400   2.7e-06   25.5   0.7   2   3    0.0005      0.85    7.4   0.1    64   128    99   181    95   196 0.61 -
38891at50557_110193_0:0008d3|STRG.14946.3:3-821|+     -            273 38891at50557         -            400   2.7e-06   25.5   0.7   3   3      0.13   2.1e+02   -0.5   0.0   134   182   211   264   186   269 0.72 -
38891at50557_307658_0:00127c|STRG.14946.1:145-939|+   -            265 38891at50557         -            400   3.7e-06   25.1   0.6   1   3   1.4e-05     0.023   12.6   0.0     6    46    10    51     6    59 0.85 -
38891at50557_307658_0:00127c|STRG.14946.1:145-939|+   -            265 38891at50557         -            400   3.7e-06   25.1   0.6   2   3   0.00049      0.83    7.5   0.1    64   128   101   183    98   197 0.60 -
38891at50557_307658_0:00127c|STRG.14946.1:145-939|+   -            265 38891at50557         -            400   3.7e-06   25.1   0.6   3   3      0.33   5.6e+02   -1.9   0.0   134   171   213   253   184   264 0.68 -
38891at50557_52612_0:003fb7|STRG.14946.2:145-687|+    -            181 38891at50557         -            400   9.9e-06   23.7   0.7   1   2   6.4e-06     0.011   13.7   0.0     5    46     9    51     5    60 0.85 -
38891at50557_52612_0:003fb7|STRG.14946.2:145-687|+    -            181 38891at50557         -            400   9.9e-06   23.7   0.7   2   2   0.00099       1.7    6.4   0.2    64    92   101   128    96   181 0.64 -
#
# Program:         hmmsearch
# Version:         3.4 (Aug 2023)
# Pipeline mode:   SEARCH
# Query file:      /data/projet1/projet_tutore/busco_downloads/lineages/insecta_odb10/hmms/38891at50557.hmm
# Target file:     annotation_analysis/annotation_gca/T_septentrionalis/busco_output/run_insecta_odb10/metaeuk_output/initial_results/assembled_transcripts.fasta.modified.fas
# Option settings: hmmsearch --domtblout annotation_analysis/annotation_gca/T_septentrionalis/busco_output/run_insecta_odb10/hmmer_output/initial_run_results/38891at50557.out --cpu 1 /data/projet1/projet_tutore/busco_downloads/lineages/insecta_odb10/hmms/38891at50557.hmm annotation_analysis/annotation_gca/T_septentrionalis/busco_output/run_insecta_odb10/metaeuk_output/initial_results/assembled_transcripts.fasta.modified.fas 
# Current dir:     /data/projet1/projet_tutore
# Date:            Sun Oct 13 13:54:39 2024
# [ok]
