#                                                                                                             --- full sequence --- -------------- this domain -------------   hmm coord   ali coord   env coord
# target name                                         accession   tlen query name           accession   qlen   E-value  score  bias   #  of  c-Evalue  i-Evalue  score  bias  from    to  from    to  from    to  acc description of target
#                                 ------------------- ---------- ----- -------------------- ---------- ----- --------- ------ ----- --- --- --------- --------- ------ ----- ----- ----- ----- ----- ----- ----- ---- ---------------------
41050at50557_103372_0:00103f|STRG.4733.7:607-2456|+   -            511 41050at50557         -            380  1.2e-197  655.4  28.6   1   3    1e-112  2.6e-110  368.0   8.0     1   193    98   292    98   293 0.98 -
41050at50557_103372_0:00103f|STRG.4733.7:607-2456|+   -            511 41050at50557         -            380  1.2e-197  655.4  28.6   2   3   7.9e-14     2e-11   42.5   2.2    92   154   294   357   292   359 0.74 -
41050at50557_103372_0:00103f|STRG.4733.7:607-2456|+   -            511 41050at50557         -            380  1.2e-197  655.4  28.6   3   3   6.7e-79   1.7e-76  256.7   5.4   229   380   354   511   349   511 0.94 -
41050at50557_103372_0:00103f|STRG.4733.9:845-2694|+   -            511 41050at50557         -            380  1.2e-197  655.4  28.6   1   3    1e-112  2.6e-110  368.0   8.0     1   193    98   292    98   293 0.98 -
41050at50557_103372_0:00103f|STRG.4733.9:845-2694|+   -            511 41050at50557         -            380  1.2e-197  655.4  28.6   2   3   7.9e-14     2e-11   42.5   2.2    92   154   294   357   292   359 0.74 -
41050at50557_103372_0:00103f|STRG.4733.9:845-2694|+   -            511 41050at50557         -            380  1.2e-197  655.4  28.6   3   3   6.7e-79   1.7e-76  256.7   5.4   229   380   354   511   349   511 0.94 -
41050at50557_103372_0:00103f|STRG.4733.2:49-1904|+    -            513 41050at50557         -            380  1.3e-197  655.3  28.6   1   3    1e-112  2.6e-110  368.0   8.0     1   193   100   294   100   295 0.98 -
41050at50557_103372_0:00103f|STRG.4733.2:49-1904|+    -            513 41050at50557         -            380  1.3e-197  655.3  28.6   2   3     8e-14     2e-11   42.5   2.2    92   154   296   359   294   361 0.74 -
41050at50557_103372_0:00103f|STRG.4733.2:49-1904|+    -            513 41050at50557         -            380  1.3e-197  655.3  28.6   3   3   6.8e-79   1.7e-76  256.7   5.4   229   380   356   513   351   513 0.94 -
41050at50557_103372_0:00103f|STRG.4733.8:235-1745|+   -            398 41050at50557         -            380    6e-188  623.5  30.3   1   3  9.9e-103  2.5e-100  335.1   9.5    17   193     1   179     1   180 0.98 -
41050at50557_103372_0:00103f|STRG.4733.8:235-1745|+   -            398 41050at50557         -            380    6e-188  623.5  30.3   2   3   4.8e-14   1.2e-11   43.2   2.4    92   154   181   244   178   246 0.65 -
41050at50557_103372_0:00103f|STRG.4733.8:235-1745|+   -            398 41050at50557         -            380    6e-188  623.5  30.3   3   3   4.4e-79   1.1e-76  257.3   5.5   229   380   241   398   236   398 0.94 -
41050at50557_103372_0:00103f|STRG.4733.10:845-2323|+  -            306 41050at50557         -            380  1.3e-112  375.6   9.3   1   1    6e-115  1.5e-112  375.3   9.3     1   202    98   304    98   306 0.97 -
41050at50557_88501_0:002003|STRG.4733.5:162-776|+     -            205 41050at50557         -            380   3.4e-84  282.0   9.1   1   2   9.7e-09   2.4e-06   25.8   0.4   131   284     2    51     1    53 0.44 -
41050at50557_88501_0:002003|STRG.4733.5:162-776|+     -            205 41050at50557         -            380   3.4e-84  282.0   9.1   2   2   9.2e-80   2.3e-77  259.5   5.3   232   380    51   205    45   205 0.95 -
41050at50557_6973_0:005e20|STRG.4733.6:162-584|+      -            141 41050at50557         -            380   2.8e-69  232.9   4.7   1   1   1.2e-71   3.1e-69  232.8   4.7   246   380     1   141     1   141 0.96 -
42648at50557_326594_0:0008b2|STRG.16497.1:586-1599|+  -            338 41050at50557         -            380   7.7e-47  159.1  13.4   1   3   3.9e-13   9.7e-11   40.2   0.2     4   133     7   134     4   142 0.84 -
42648at50557_326594_0:0008b2|STRG.16497.1:586-1599|+  -            338 41050at50557         -            380   7.7e-47  159.1  13.4   2   3   1.4e-22   3.4e-20   71.4   1.9    62   193   132   270   131   271 0.89 -
42648at50557_326594_0:0008b2|STRG.16497.1:586-1599|+  -            338 41050at50557         -            380   7.7e-47  159.1  13.4   3   3   5.8e-22   1.4e-19   69.3   0.5    67   184   220   338   218   338 0.92 -
42648at50557_326594_0:0008b2|STRG.16497.2:805-1818|+  -            338 41050at50557         -            380   7.7e-47  159.1  13.4   1   3   3.9e-13   9.7e-11   40.2   0.2     4   133     7   134     4   142 0.84 -
42648at50557_326594_0:0008b2|STRG.16497.2:805-1818|+  -            338 41050at50557         -            380   7.7e-47  159.1  13.4   2   3   1.4e-22   3.4e-20   71.4   1.9    62   193   132   270   131   271 0.89 -
42648at50557_326594_0:0008b2|STRG.16497.2:805-1818|+  -            338 41050at50557         -            380   7.7e-47  159.1  13.4   3   3   5.8e-22   1.4e-19   69.3   0.5    67   184   220   338   218   338 0.92 -
42648at50557_326594_0:0008b2|STRG.16497.3:267-1280|+  -            338 41050at50557         -            380   7.7e-47  159.1  13.4   1   3   3.9e-13   9.7e-11   40.2   0.2     4   133     7   134     4   142 0.84 -
42648at50557_326594_0:0008b2|STRG.16497.3:267-1280|+  -            338 41050at50557         -            380   7.7e-47  159.1  13.4   2   3   1.4e-22   3.4e-20   71.4   1.9    62   193   132   270   131   271 0.89 -
42648at50557_326594_0:0008b2|STRG.16497.3:267-1280|+  -            338 41050at50557         -            380   7.7e-47  159.1  13.4   3   3   5.8e-22   1.4e-19   69.3   0.5    67   184   220   338   218   338 0.92 -
41050at50557_62324_0:0015db|STRG.8713.1:936-1895|+    -            320 41050at50557         -            380   9.9e-27   92.9  24.1   1   4   1.2e-18     3e-16   58.4   8.2     5   141     1   140     1   155 0.88 -
41050at50557_62324_0:0015db|STRG.8713.1:936-1895|+    -            320 41050at50557         -            380   9.9e-27   92.9  24.1   2   4   1.8e-05    0.0046   15.0   5.6    64   132    87   156    79   180 0.71 -
41050at50557_62324_0:0015db|STRG.8713.1:936-1895|+    -            320 41050at50557         -            380   9.9e-27   92.9  24.1   3   4   1.6e-06    0.0004   18.5   0.7   104   173   181   252   142   259 0.71 -
41050at50557_62324_0:0015db|STRG.8713.1:936-1895|+    -            320 41050at50557         -            380   9.9e-27   92.9  24.1   4   4   2.7e-08   6.8e-06   24.3   2.6    71   137   252   319   245   320 0.81 -
42648at50557_104421_0:001a18|STRG.7845.1:408-1463|+   -            352 41050at50557         -            380     1e-24   86.2  11.2   1   3   6.3e-08   1.6e-05   23.1   0.4   125   195    98   165    88   170 0.88 -
42648at50557_104421_0:001a18|STRG.7845.1:408-1463|+   -            352 41050at50557         -            380     1e-24   86.2  11.2   2   3   2.9e-17   7.3e-15   53.8   2.2    72   197   144   271   142   273 0.92 -
42648at50557_104421_0:001a18|STRG.7845.1:408-1463|+   -            352 41050at50557         -            380     1e-24   86.2  11.2   3   3   7.8e-08   1.9e-05   22.8   0.3   250   329   272   348   270   352 0.51 -
41050at50557_28612_0:003878|STRG.5715.1:559-1698|+    -            380 41050at50557         -            380   2.3e-19   68.6  26.0   1   4   1.2e-07   3.1e-05   22.1   6.1     6   145     2   150     1   156 0.87 -
41050at50557_28612_0:003878|STRG.5715.1:559-1698|+    -            380 41050at50557         -            380   2.3e-19   68.6  26.0   2   4   1.1e-07   2.7e-05   22.3  10.2   120   281    73   231    73   233 0.84 -
41050at50557_28612_0:003878|STRG.5715.1:559-1698|+    -            380 41050at50557         -            380   2.3e-19   68.6  26.0   3   4   1.1e-12   2.8e-10   38.7   2.9    59   166   216   323   215   335 0.88 -
41050at50557_28612_0:003878|STRG.5715.1:559-1698|+    -            380 41050at50557         -            380   2.3e-19   68.6  26.0   4   4    0.0017      0.43    8.5   0.2   235   273   335   373   325   379 0.65 -
41050at50557_28612_0:003878|STRG.5715.2:387-1526|+    -            380 41050at50557         -            380   2.3e-19   68.6  26.0   1   4   1.2e-07   3.1e-05   22.1   6.1     6   145     2   150     1   156 0.87 -
41050at50557_28612_0:003878|STRG.5715.2:387-1526|+    -            380 41050at50557         -            380   2.3e-19   68.6  26.0   2   4   1.1e-07   2.7e-05   22.3  10.2   120   281    73   231    73   233 0.84 -
41050at50557_28612_0:003878|STRG.5715.2:387-1526|+    -            380 41050at50557         -            380   2.3e-19   68.6  26.0   3   4   1.1e-12   2.8e-10   38.7   2.9    59   166   216   323   215   335 0.88 -
41050at50557_28612_0:003878|STRG.5715.2:387-1526|+    -            380 41050at50557         -            380   2.3e-19   68.6  26.0   4   4    0.0017      0.43    8.5   0.2   235   273   335   373   325   379 0.65 -
41766at50557_144034_0:000df6|STRG.831.1:169-1731|+    -            521 41050at50557         -            380   1.8e-18   65.7   6.4   1   2   4.9e-13   1.2e-10   39.9   0.1     3   108    41   152    39   167 0.86 -
41766at50557_144034_0:000df6|STRG.831.1:169-1731|+    -            521 41050at50557         -            380   1.8e-18   65.7   6.4   2   2   1.2e-08   3.1e-06   25.4   1.6   112   333   217   444   213   445 0.81 -
41766at50557_144034_0:000df6|STRG.831.2:164-1699|+    -            512 41050at50557         -            380   2.2e-18   65.4   6.8   1   2   4.8e-13   1.2e-10   39.9   0.1     3   108    32   143    30   158 0.86 -
41766at50557_144034_0:000df6|STRG.831.2:164-1699|+    -            512 41050at50557         -            380   2.2e-18   65.4   6.8   2   2   1.1e-08   2.8e-06   25.6   1.7   112   333   208   435   202   438 0.82 -
41766at50557_286306_0:004435|STRG.831.5:0-1493|+      -            498 41050at50557         -            380   2.6e-18   65.2   7.1   1   3   4.5e-13   1.1e-10   40.0   0.1     3   108    34   145    32   161 0.85 -
41766at50557_286306_0:004435|STRG.831.5:0-1493|+      -            498 41050at50557         -            380   2.6e-18   65.2   7.1   2   3   1.2e-08     3e-06   25.4   1.7   112   333   210   437   205   438 0.82 -
41766at50557_286306_0:004435|STRG.831.5:0-1493|+      -            498 41050at50557         -            380   2.6e-18   65.2   7.1   3   3      0.53   1.3e+02    0.3   0.0    89   101   425   438   409   473 0.50 -
41766at50557_286306_0:004435|STRG.831.3:173-2730|+    -            737 41050at50557         -            380   7.7e-18   63.6   6.1   1   2   8.5e-13   2.1e-10   39.1   0.1     3   108    29   140    27   155 0.86 -
41766at50557_286306_0:004435|STRG.831.3:173-2730|+    -            737 41050at50557         -            380   7.7e-18   63.6   6.1   2   2   1.9e-08   4.8e-06   24.8   1.4   112   333   205   432   199   435 0.82 -
42648at50557_217634_0:001f21|STRG.14875.1:2582-3325|+ -            248 41050at50557         -            380     3e-17   61.7  12.0   1   3   2.1e-07   5.1e-05   21.4   0.3     6    51    13    58     8    75 0.89 -
42648at50557_217634_0:001f21|STRG.14875.1:2582-3325|+ -            248 41050at50557         -            380     3e-17   61.7  12.0   2   3    0.0003     0.074   11.0   0.2    70   109    97   135    93   142 0.89 -
42648at50557_217634_0:001f21|STRG.14875.1:2582-3325|+ -            248 41050at50557         -            380     3e-17   61.7  12.0   3   3     1e-11   2.5e-09   35.6   1.9   245   335   156   243   135   248 0.79 -
42648at50557_217634_0:001f21|STRG.14875.2:2518-3261|+ -            248 41050at50557         -            380     3e-17   61.7  12.0   1   3   2.1e-07   5.1e-05   21.4   0.3     6    51    13    58     8    75 0.89 -
42648at50557_217634_0:001f21|STRG.14875.2:2518-3261|+ -            248 41050at50557         -            380     3e-17   61.7  12.0   2   3    0.0003     0.074   11.0   0.2    70   109    97   135    93   142 0.89 -
42648at50557_217634_0:001f21|STRG.14875.2:2518-3261|+ -            248 41050at50557         -            380     3e-17   61.7  12.0   3   3     1e-11   2.5e-09   35.6   1.9   245   335   156   243   135   248 0.79 -
42648at50557_217634_0:001f21|STRG.14875.3:2088-2831|+ -            248 41050at50557         -            380     3e-17   61.7  12.0   1   3   2.1e-07   5.1e-05   21.4   0.3     6    51    13    58     8    75 0.89 -
42648at50557_217634_0:001f21|STRG.14875.3:2088-2831|+ -            248 41050at50557         -            380     3e-17   61.7  12.0   2   3    0.0003     0.074   11.0   0.2    70   109    97   135    93   142 0.89 -
42648at50557_217634_0:001f21|STRG.14875.3:2088-2831|+ -            248 41050at50557         -            380     3e-17   61.7  12.0   3   3     1e-11   2.5e-09   35.6   1.9   245   335   156   243   135   248 0.79 -
41050at50557_7165_0:002282|STRG.1270.2:690-1754|+     -            355 41050at50557         -            380   4.2e-13   48.0  27.7   1   3   5.9e-07   0.00015   19.9   0.1     3    47    35    79    33    96 0.95 -
41050at50557_7165_0:002282|STRG.1270.2:690-1754|+     -            355 41050at50557         -            380   4.2e-13   48.0  27.7   2   3   0.00012     0.031   12.2  17.6    88   188   145   244   127   245 0.88 -
41050at50557_7165_0:002282|STRG.1270.2:690-1754|+     -            355 41050at50557         -            380   4.2e-13   48.0  27.7   3   3   2.2e-08   5.6e-06   24.6   2.7    71   169   228   325   219   337 0.72 -
41766at50557_28612_0:004867|STRG.831.4:457-1060|+     -            189 41050at50557         -            380   6.9e-12   44.0   0.1   1   1   5.4e-14   1.4e-11   43.0   0.1     3   108    31   142    29   158 0.86 -
42648at50557_197043_0:000759|STRG.1270.1:893-1711|+   -            273 41050at50557         -            380   9.5e-12   43.5  27.8   1   3   4.8e-06    0.0012   16.9   0.1     5    47     1    43     1    65 0.94 -
42648at50557_197043_0:000759|STRG.1270.1:893-1711|+   -            273 41050at50557         -            380   9.5e-12   43.5  27.8   2   3   7.8e-05      0.02   12.9  17.7    88   188   109   208    91   209 0.88 -
42648at50557_197043_0:000759|STRG.1270.1:893-1711|+   -            273 41050at50557         -            380   9.5e-12   43.5  27.8   3   3   3.1e-08   7.8e-06   24.1   2.1    71   140   192   263   183   273 0.63 -
41050at50557_113334_0:003566|STRG.15743.1:511-654|+   -             48 41050at50557         -            380   3.7e-09   35.0   0.1   1   1   1.5e-11   3.7e-09   35.0   0.1     4    45     2    43     1    48 0.94 -
42648at50557_35570_0:00151e|STRG.11758.1:1770-2717|+  -            316 41050at50557         -            380   1.2e-08   33.3  11.6   1   2   8.4e-09   2.1e-06   26.0   1.7    13   152     1   142     1   149 0.87 -
42648at50557_35570_0:00151e|STRG.11758.1:1770-2717|+  -            316 41050at50557         -            380   1.2e-08   33.3  11.6   2   2   0.00021     0.052   11.5   2.7    70   130   159   224   156   266 0.74 -
42648at50557_35570_0:00151e|STRG.11758.3:781-1728|+   -            316 41050at50557         -            380   1.2e-08   33.3  11.6   1   2   8.4e-09   2.1e-06   26.0   1.7    13   152     1   142     1   149 0.87 -
42648at50557_35570_0:00151e|STRG.11758.3:781-1728|+   -            316 41050at50557         -            380   1.2e-08   33.3  11.6   2   2   0.00021     0.052   11.5   2.7    70   130   159   224   156   266 0.74 -
42648at50557_610380_0:000109|STRG.11999.6:743-1480|+  -            246 41050at50557         -            380    0.0073   14.3   9.3   1   2   5.3e-05     0.013   13.5   5.1    72   173    95   204    60   212 0.75 -
42648at50557_610380_0:000109|STRG.11999.6:743-1480|+  -            246 41050at50557         -            380    0.0073   14.3   9.3   2   2      0.18        45    1.8   0.1    87   108   226   246   206   246 0.85 -
42648at50557_610380_0:000109|STRG.11999.7:559-1296|+  -            246 41050at50557         -            380    0.0073   14.3   9.3   1   2   5.3e-05     0.013   13.5   5.1    72   173    95   204    60   212 0.75 -
42648at50557_610380_0:000109|STRG.11999.7:559-1296|+  -            246 41050at50557         -            380    0.0073   14.3   9.3   2   2      0.18        45    1.8   0.1    87   108   226   246   206   246 0.85 -
93865at50557_83485_0:001da3|STRG.16959.2:0-761|+      -            254 41050at50557         -            380     0.047   11.6   0.1   1   1   0.00024     0.061   11.3   0.1     5    40     8    43     4    58 0.84 -
93865at50557_83485_0:001da3|STRG.16959.1:158-984|+    -            270 41050at50557         -            380     0.053   11.5   0.1   1   1   0.00028     0.069   11.1   0.1     5    39    24    58    20    73 0.84 -
8280at50557_113334_0:00096f|STRG.5327.1:483-2069|+    -            529 41050at50557         -            380       3.3    5.6   9.5   1   4       1.2   3.1e+02   -0.9   0.0    93   124   149   179   130   199 0.67 -
8280at50557_113334_0:00096f|STRG.5327.1:483-2069|+    -            529 41050at50557         -            380       3.3    5.6   9.5   2   4     0.011       2.7    5.8   0.3    70   129   250   309   247   340 0.82 -
8280at50557_113334_0:00096f|STRG.5327.1:483-2069|+    -            529 41050at50557         -            380       3.3    5.6   9.5   3   4      0.92   2.3e+02   -0.5   0.1    68   104   369   404   363   408 0.79 -
8280at50557_113334_0:00096f|STRG.5327.1:483-2069|+    -            529 41050at50557         -            380       3.3    5.6   9.5   4   4      0.15        37    2.1   0.1   194   236   447   489   419   515 0.63 -
8280at50557_113334_0:00096f|STRG.5327.2:488-2074|+    -            529 41050at50557         -            380       3.3    5.6   9.5   1   4       1.2   3.1e+02   -0.9   0.0    93   124   149   179   130   199 0.67 -
8280at50557_113334_0:00096f|STRG.5327.2:488-2074|+    -            529 41050at50557         -            380       3.3    5.6   9.5   2   4     0.011       2.7    5.8   0.3    70   129   250   309   247   340 0.82 -
8280at50557_113334_0:00096f|STRG.5327.2:488-2074|+    -            529 41050at50557         -            380       3.3    5.6   9.5   3   4      0.92   2.3e+02   -0.5   0.1    68   104   369   404   363   408 0.79 -
8280at50557_113334_0:00096f|STRG.5327.2:488-2074|+    -            529 41050at50557         -            380       3.3    5.6   9.5   4   4      0.15        37    2.1   0.1   194   236   447   489   419   515 0.63 -
8280at50557_113334_0:00096f|STRG.5327.3:159-1745|+    -            529 41050at50557         -            380       3.3    5.6   9.5   1   4       1.2   3.1e+02   -0.9   0.0    93   124   149   179   130   199 0.67 -
8280at50557_113334_0:00096f|STRG.5327.3:159-1745|+    -            529 41050at50557         -            380       3.3    5.6   9.5   2   4     0.011       2.7    5.8   0.3    70   129   250   309   247   340 0.82 -
8280at50557_113334_0:00096f|STRG.5327.3:159-1745|+    -            529 41050at50557         -            380       3.3    5.6   9.5   3   4      0.92   2.3e+02   -0.5   0.1    68   104   369   404   363   408 0.79 -
8280at50557_113334_0:00096f|STRG.5327.3:159-1745|+    -            529 41050at50557         -            380       3.3    5.6   9.5   4   4      0.15        37    2.1   0.1   194   236   447   489   419   515 0.63 -
#
# Program:         hmmsearch
# Version:         3.4 (Aug 2023)
# Pipeline mode:   SEARCH
# Query file:      /data/projet1/projet_tutore/busco_downloads/lineages/insecta_odb10/hmms/41050at50557.hmm
# Target file:     annotation_analysis/annotation_gca/T_septentrionalis/busco_output/run_insecta_odb10/metaeuk_output/initial_results/assembled_transcripts.fasta.modified.fas
# Option settings: hmmsearch --domtblout annotation_analysis/annotation_gca/T_septentrionalis/busco_output/run_insecta_odb10/hmmer_output/initial_run_results/41050at50557.out --cpu 1 /data/projet1/projet_tutore/busco_downloads/lineages/insecta_odb10/hmms/41050at50557.hmm annotation_analysis/annotation_gca/T_septentrionalis/busco_output/run_insecta_odb10/metaeuk_output/initial_results/assembled_transcripts.fasta.modified.fas 
# Current dir:     /data/projet1/projet_tutore
# Date:            Sun Oct 13 13:54:45 2024
# [ok]
