#                                                                                                             --- full sequence --- -------------- this domain -------------   hmm coord   ali coord   env coord
# target name                                         accession   tlen query name           accession   qlen   E-value  score  bias   #  of  c-Evalue  i-Evalue  score  bias  from    to  from    to  from    to  acc description of target
#                                 ------------------- ---------- ----- -------------------- ---------- ----- --------- ------ ----- --- --- --------- --------- ------ ----- ----- ----- ----- ----- ----- ----- ---- ---------------------
43304at50557_34720_0:00174e|STRG.11265.1:0-2216|+     -            739 43304at50557         -            376  5.5e-162  537.8  16.5   1   2   9.3e-22   1.1e-19   69.4   0.1     2    53   151   206   150   209 0.87 -
43304at50557_34720_0:00174e|STRG.11265.1:0-2216|+     -            739 43304at50557         -            376  5.5e-162  537.8  16.5   2   2  5.8e-141  7.2e-139  461.7  12.2    53   365   254   640   250   647 0.87 -
43304at50557_34720_0:00174e|STRG.11265.2:0-2231|+     -            744 43304at50557         -            376  5.7e-162  537.7  16.5   1   2   9.4e-22   1.2e-19   69.4   0.1     2    53   151   206   150   209 0.87 -
43304at50557_34720_0:00174e|STRG.11265.2:0-2231|+     -            744 43304at50557         -            376  5.7e-162  537.7  16.5   2   2  5.9e-141  7.3e-139  461.7  12.2    53   365   259   645   255   652 0.87 -
65449at50557_7237_0:000776|STRG.9810.1:15-1172|+      -            386 43304at50557         -            376   1.2e-67  227.4   0.8   1   1   1.3e-69   1.6e-67  226.9   0.8     7   312    22   351    18   382 0.84 -
29312at50557_116153_0:001f21|STRG.11241.1:602-1690|+  -            363 43304at50557         -            376   8.4e-65  217.9   1.7   1   1   9.6e-67   1.2e-64  217.4   1.7     7   322    21   361    12   363 0.85 -
65449at50557_7274_0:002e60|STRG.8836.1:11-1513|+      -            501 43304at50557         -            376   8.6e-61  204.7   0.1   1   1   9.6e-63   1.2e-60  204.3   0.1     8   311    34   362    25   412 0.83 -
29312at50557_34720_0:0009c1|STRG.4761.1:0-2303|+      -            768 43304at50557         -            376   2.3e-56  190.2   0.0   1   1   3.8e-58   4.7e-56  189.1   0.0     6   313   274   606   266   644 0.81 -
65449at50557_42026_0:002fbc|STRG.6856.1:123-1436|+    -            438 43304at50557         -            376   4.1e-56  189.3   0.1   1   1   4.6e-58   5.7e-56  188.9   0.1     8   327    21   370    13   408 0.78 -
35385at50557_37001_0:001231|STRG.14120.2:6-1328|+     -            441 43304at50557         -            376   6.8e-56  188.6   0.0   1   1   6.9e-58   8.5e-56  188.3   0.0     7   312    66   397    60   425 0.84 -
35385at50557_37001_0:001231|STRG.14120.1:224-1558|+   -            445 43304at50557         -            376     7e-56  188.6   0.0   1   1   7.1e-58   8.7e-56  188.3   0.0     7   312    70   401    64   429 0.84 -
46658at50557_28612_0:0048c7|STRG.7557.1:93-1241|+     -            383 43304at50557         -            376   1.8e-55  187.3   0.3   1   2       5.2   6.4e+02   -2.2   0.0    34    51     5    22     3    26 0.83 -
46658at50557_28612_0:0048c7|STRG.7557.1:93-1241|+     -            383 43304at50557         -            376   1.8e-55  187.3   0.3   2   2   3.5e-57   4.3e-55  186.0   0.2     6   306    25   346    16   353 0.85 -
35385at50557_35570_0:00290c|STRG.3302.1:884-2128|+    -            415 43304at50557         -            376   2.7e-55  186.7   0.0   1   1     2e-56   2.5e-54  183.5   0.0     6   328    29   393    24   399 0.82 -
35385at50557_37001_0:001231|STRG.2096.1:1364-2593|+   -            410 43304at50557         -            376   3.6e-55  186.2   0.2   1   2   1.6e-37   1.9e-35  121.3   0.1     8   154    41   198    34   203 0.87 -
35385at50557_37001_0:001231|STRG.2096.1:1364-2593|+   -            410 43304at50557         -            376   3.6e-55  186.2   0.2   2   2     8e-20   9.9e-18   63.0   0.0   193   314   267   398   218   409 0.79 -
35385at50557_37001_0:001231|STRG.2096.3:1203-2432|+   -            410 43304at50557         -            376   3.6e-55  186.2   0.2   1   2   1.6e-37   1.9e-35  121.3   0.1     8   154    41   198    34   203 0.87 -
35385at50557_37001_0:001231|STRG.2096.3:1203-2432|+   -            410 43304at50557         -            376   3.6e-55  186.2   0.2   2   2     8e-20   9.9e-18   63.0   0.0   193   314   267   398   218   409 0.79 -
35385at50557_7375_0:0001af|STRG.10700.1:294-1628|+    -            445 43304at50557         -            376   6.6e-55  185.4   0.0   1   1   6.8e-57   8.3e-55  185.0   0.0     7   324    70   413    64   434 0.81 -
35385at50557_7375_0:0001af|STRG.10700.2:294-2122|+    -            445 43304at50557         -            376   3.2e-54  183.1   0.0   1   1   3.3e-56   4.1e-54  182.8   0.0     7   324    70   413    64   434 0.81 -
35385at50557_37001_0:001231|STRG.14122.1:519-1847|+   -            443 43304at50557         -            376   1.5e-53  180.9   0.0   1   1   1.5e-55   1.8e-53  180.6   0.0     7   314    72   405    66   437 0.83 -
18450at50557_144034_0:001371|STRG.16149.1:3-2858|+    -            952 43304at50557         -            376   1.1e-52  178.0   0.0   1   1   1.4e-54   1.7e-52  177.5   0.0     6   308   310   638   304   653 0.84 -
35385at50557_7370_0:001aad|STRG.9379.1:679-2733|+     -            685 43304at50557         -            376   2.4e-52  176.9   0.0   1   1   2.5e-54   3.1e-52  176.6   0.0     7   312   110   441   104   496 0.83 -
35385at50557_7370_0:001aad|STRG.9379.2:679-2733|+     -            685 43304at50557         -            376   2.4e-52  176.9   0.0   1   1   2.5e-54   3.1e-52  176.6   0.0     7   312   110   441   104   496 0.83 -
35385at50557_7370_0:001aad|STRG.9379.3:342-2396|+     -            685 43304at50557         -            376   2.4e-52  176.9   0.0   1   1   2.5e-54   3.1e-52  176.6   0.0     7   312   110   441   104   496 0.83 -
46658at50557_28612_0:0048c7|STRG.3957.1:218-1402|+    -            395 43304at50557         -            376   5.2e-52  175.8   0.9   1   1   5.1e-54   6.3e-52  175.6   0.9     6   328    36   381    27   390 0.84 -
46658at50557_28612_0:0048c7|STRG.3957.2:218-1402|+    -            395 43304at50557         -            376   5.2e-52  175.8   0.9   1   1   5.1e-54   6.3e-52  175.6   0.9     6   328    36   381    27   390 0.84 -
46658at50557_28612_0:0048c7|STRG.3957.3:218-2572|+    -            395 43304at50557         -            376   5.2e-52  175.8   0.9   1   1   5.1e-54   6.3e-52  175.6   0.9     6   328    36   381    27   390 0.84 -
35385at50557_7370_0:001aad|STRG.6736.1:1012-2319|+    -            436 43304at50557         -            376     1e-51  174.9   0.0   1   1   1.1e-53   1.3e-51  174.5   0.0     5   313    76   408    72   432 0.83 -
35385at50557_7370_0:001aad|STRG.6736.2:1194-2501|+    -            436 43304at50557         -            376     1e-51  174.9   0.0   1   1   1.1e-53   1.3e-51  174.5   0.0     5   313    76   408    72   432 0.83 -
35385at50557_7370_0:001aad|STRG.6736.4:567-1874|+     -            436 43304at50557         -            376     1e-51  174.9   0.0   1   1   1.1e-53   1.3e-51  174.5   0.0     5   313    76   408    72   432 0.83 -
35385at50557_7370_0:001aad|STRG.6736.3:1322-2602|+    -            427 43304at50557         -            376   1.2e-51  174.7   0.0   1   1   1.3e-53   1.5e-51  174.3   0.0     5   313    76   408    72   421 0.84 -
46658at50557_211228_0:001f32|STRG.15721.1:185-1279|+  -            365 43304at50557         -            376   1.4e-50  171.2   0.5   1   1   1.3e-52   1.6e-50  170.9   0.5     7   326    20   357    14   364 0.85 -
46658at50557_211228_0:001f32|STRG.15721.2:185-1279|+  -            365 43304at50557         -            376   1.4e-50  171.2   0.5   1   1   1.3e-52   1.6e-50  170.9   0.5     7   326    20   357    14   364 0.85 -
46658at50557_211228_0:001f32|STRG.15721.3:177-1271|+  -            365 43304at50557         -            376   1.4e-50  171.2   0.5   1   1   1.3e-52   1.6e-50  170.9   0.5     7   326    20   357    14   364 0.85 -
18450at50557_1155016_0:0026c2|STRG.8105.1:1096-2298|+ -            401 43304at50557         -            376     8e-50  168.6   0.1   1   2   2.6e-33   3.2e-31  107.4   0.0     4   165    31   209    28   221 0.83 -
18450at50557_1155016_0:0026c2|STRG.8105.1:1096-2298|+ -            401 43304at50557         -            376     8e-50  168.6   0.1   2   2   1.2e-18   1.4e-16   59.2   0.0   216   308   271   370   251   388 0.85 -
35385at50557_2015173_0:000073|STRG.309.1:1-1221|+     -            407 43304at50557         -            376     1e-49  168.2   0.1   1   1   1.1e-51   1.4e-49  167.9   0.1    25   331     4   342     1   353 0.80 -
46658at50557_1155016_0:0008f1|STRG.11029.1:105-1208|+ -            368 43304at50557         -            376   1.5e-49  167.7   0.5   1   1   1.5e-51   1.9e-49  167.4   0.5     7   322    20   353    14   364 0.82 -
46658at50557_83485_0:000f8c|STRG.18079.2:499-1689|+   -            397 43304at50557         -            376   3.6e-49  166.5   1.1   1   1   3.5e-51   4.3e-49  166.2   1.1     7   311    29   349    23   380 0.83 -
46658at50557_83485_0:000f8c|STRG.18079.4:0-1331|+     -            444 43304at50557         -            376   5.1e-49  166.0   1.1   1   1   5.1e-51   6.3e-49  165.7   1.1     7   311    76   396    70   427 0.83 -
46658at50557_219809_0:0017ae|STRG.18079.1:515-1864|+  -            450 43304at50557         -            376   5.3e-49  165.9   1.1   1   1   5.4e-51   6.6e-49  165.6   1.1     7   311    82   402    76   433 0.83 -
46658at50557_219809_0:0017ae|STRG.18079.3:490-1839|+  -            450 43304at50557         -            376   5.3e-49  165.9   1.1   1   1   5.4e-51   6.6e-49  165.6   1.1     7   311    82   402    76   433 0.83 -
65449at50557_7220_0:002055|STRG.20007.1:1133-2944|+   -            604 43304at50557         -            376   4.5e-46  156.3   1.2   1   3   3.1e-28   3.8e-26   90.7   0.0     8   154     7   163     3   168 0.85 -
65449at50557_7220_0:002055|STRG.20007.1:1133-2944|+   -            604 43304at50557         -            376   4.5e-46  156.3   1.2   2   3       1.5   1.9e+02   -0.4   0.1   319   354   242   277   235   298 0.58 -
65449at50557_7220_0:002055|STRG.20007.1:1133-2944|+   -            604 43304at50557         -            376   4.5e-46  156.3   1.2   3   3   1.2e-19   1.5e-17   62.5   0.0   237   341   396   507   394   537 0.82 -
25910at50557_103372_0:001a63|STRG.12973.3:3-2180|+    -            726 43304at50557         -            376   8.9e-40  135.6   0.4   1   3     2e-09   2.5e-07   28.8   0.0     8    51    21    63    14    68 0.89 -
25910at50557_103372_0:001a63|STRG.12973.3:3-2180|+    -            726 43304at50557         -            376   8.9e-40  135.6   0.4   2   3   2.5e-18   3.1e-16   58.1   0.1    55   165   285   407   280   439 0.78 -
25910at50557_103372_0:001a63|STRG.12973.3:3-2180|+    -            726 43304at50557         -            376   8.9e-40  135.6   0.4   3   3     2e-14   2.5e-12   45.2   0.0   214   312   502   610   485   618 0.80 -
25910at50557_103372_0:001a63|STRG.12973.1:151-2337|+  -            729 43304at50557         -            376   9.1e-40  135.5   0.4   1   3     2e-09   2.5e-07   28.8   0.0     8    51    24    66    17    71 0.89 -
25910at50557_103372_0:001a63|STRG.12973.1:151-2337|+  -            729 43304at50557         -            376   9.1e-40  135.5   0.4   2   3   2.5e-18   3.1e-16   58.1   0.1    55   165   288   410   283   442 0.78 -
25910at50557_103372_0:001a63|STRG.12973.1:151-2337|+  -            729 43304at50557         -            376   9.1e-40  135.5   0.4   3   3   2.1e-14   2.5e-12   45.2   0.0   214   312   505   613   488   621 0.80 -
25910at50557_103372_0:001a63|STRG.12973.2:151-2403|+  -            729 43304at50557         -            376   9.1e-40  135.5   0.4   1   3     2e-09   2.5e-07   28.8   0.0     8    51    24    66    17    71 0.89 -
25910at50557_103372_0:001a63|STRG.12973.2:151-2403|+  -            729 43304at50557         -            376   9.1e-40  135.5   0.4   2   3   2.5e-18   3.1e-16   58.1   0.1    55   165   288   410   283   442 0.78 -
25910at50557_103372_0:001a63|STRG.12973.2:151-2403|+  -            729 43304at50557         -            376   9.1e-40  135.5   0.4   3   3   2.1e-14   2.5e-12   45.2   0.0   214   312   505   613   488   621 0.80 -
57791at50557_34720_0:001e64|STRG.14517.1:233-2176|+   -            648 43304at50557         -            376   3.9e-38  130.2   5.8   1   3     0.061       7.5    4.2   1.9   140   197    12    70     3   104 0.81 -
57791at50557_34720_0:001e64|STRG.14517.1:233-2176|+   -            648 43304at50557         -            376   3.9e-38  130.2   5.8   2   3   3.8e-20   4.6e-18   64.1   0.0    25   141   226   356   223   427 0.77 -
57791at50557_34720_0:001e64|STRG.14517.1:233-2176|+   -            648 43304at50557         -            376   3.9e-38  130.2   5.8   3   3   1.9e-19   2.3e-17   61.8   0.1   196   312   443   572   437   635 0.78 -
57791at50557_34720_0:001e64|STRG.14517.2:0-1967|+     -            656 43304at50557         -            376   3.9e-38  130.2   5.8   1   3     0.063       7.7    4.1   2.0   140   197    20    78    10   112 0.81 -
57791at50557_34720_0:001e64|STRG.14517.2:0-1967|+     -            656 43304at50557         -            376   3.9e-38  130.2   5.8   2   3   3.8e-20   4.7e-18   64.1   0.0    25   141   234   364   231   435 0.77 -
57791at50557_34720_0:001e64|STRG.14517.2:0-1967|+     -            656 43304at50557         -            376   3.9e-38  130.2   5.8   3   3   1.9e-19   2.4e-17   61.8   0.1   196   312   451   580   445   643 0.78 -
46658at50557_121225_0:00147e|STRG.15694.1:152-1389|+  -            373 43304at50557         -            376   6.1e-38  129.5   0.1   1   1   7.1e-40   8.7e-38  129.0   0.1     4   312    28   349    25   363 0.82 -
46658at50557_28612_0:0048c7|STRG.15694.2:149-1285|+   -            379 43304at50557         -            376     5e-37  126.5   0.9   1   1   2.4e-38   2.9e-36  124.0   0.9     4   312    29   362    26   373 0.77 -
123578at50557_7168_0:0013fb|STRG.12862.1:138-1556|+   -            473 43304at50557         -            376   1.5e-36  124.9   0.4   1   1   2.9e-38   3.5e-36  123.7   0.3     6   301    95   429    89   437 0.77 -
18450at50557_121845_0:000f40|STRG.2096.2:1343-2287|+  -            315 43304at50557         -            376   6.2e-36  122.9   0.1   1   1   8.4e-38     1e-35  122.2   0.1     8   154    49   206    42   211 0.87 -
18450at50557_121845_0:000f40|STRG.2096.4:1176-2120|+  -            315 43304at50557         -            376   6.2e-36  122.9   0.1   1   1   8.4e-38     1e-35  122.2   0.1     8   154    49   206    42   211 0.87 -
68043at50557_34720_0:001307|STRG.9205.1:0-1676|+      -            559 43304at50557         -            376   1.3e-33  115.3   0.0   1   1   1.7e-35   2.1e-33  114.6   0.0     8   320   156   494   150   547 0.76 -
68043at50557_34720_0:001307|STRG.9205.2:0-1676|+      -            559 43304at50557         -            376   1.3e-33  115.3   0.0   1   1   1.7e-35   2.1e-33  114.6   0.0     8   320   156   494   150   547 0.76 -
46658at50557_174628_0:001983|STRG.18571.1:4-999|+     -            332 43304at50557         -            376   8.9e-27   92.8   0.5   1   1   8.9e-29   1.1e-26   92.5   0.5    26   320     2   326     1   331 0.77 -
46658at50557_174628_0:001983|STRG.18571.3:4-999|+     -            332 43304at50557         -            376   8.9e-27   92.8   0.5   1   1   8.9e-29   1.1e-26   92.5   0.5    26   320     2   326     1   331 0.77 -
35385at50557_1155016_0:002498|STRG.19937.1:5-370|+    -            122 43304at50557         -            376     3e-26   91.1   0.2   1   1   2.8e-28   3.4e-26   90.9   0.2   206   312     2   117     1   120 0.84 -
65449at50557_34720_0:000b83|STRG.5710.1:1-2237|+      -            421 43304at50557         -            376   2.6e-25   88.0   0.1   1   1   4.5e-27   5.6e-25   86.9   0.1   129   343     2   234     1   266 0.71 -
29312at50557_28612_0:006022|STRG.10700.3:315-887|+    -            191 43304at50557         -            376   7.5e-24   83.2   0.0   1   1   7.9e-26   9.7e-24   82.8   0.0     7   120    63   182    57   188 0.89 -
46658at50557_7260_0:0034ab|STRG.18571.2:4-1014|+      -            337 43304at50557         -            376   7.8e-24   83.1   0.3   1   1   7.8e-26   9.6e-24   82.8   0.3    26   320     2   331     1   336 0.76 -
41619at50557_34720_0:0004fb|STRG.2499.1:0-1415|+      -            472 43304at50557         -            376   9.9e-24   82.8   1.1   1   2   2.2e-16   2.7e-14   51.7   0.8    52   257     9   228     3   243 0.80 -
41619at50557_34720_0:0004fb|STRG.2499.1:0-1415|+      -            472 43304at50557         -            376   9.9e-24   82.8   1.1   2   2   1.8e-09   2.2e-07   29.0   0.0   268   322   268   323   250   363 0.79 -
19244at50557_116153_0:001e22|STRG.1195.1:27-1052|+    -            342 43304at50557         -            376   1.9e-13   48.9   0.0   1   2   3.1e-09   3.8e-07   28.2   0.0    11   143     9   145     4   193 0.72 -
19244at50557_116153_0:001e22|STRG.1195.1:27-1052|+    -            342 43304at50557         -            376   1.9e-13   48.9   0.0   2   2   2.3e-06   0.00028   18.7   0.0   216   303   241   335   233   341 0.83 -
65449at50557_1629725_0:001b14|STRG.20007.2:593-1057|+ -            155 43304at50557         -            376   4.2e-12   44.5   0.0   1   1   4.2e-14   5.1e-12   44.2   0.0   266   342     1    78     1   110 0.85 -
46658at50557_38123_0:00176e|STRG.19938.1:650-838|+    -             63 43304at50557         -            376     2e-10   39.0   0.1   1   1   1.6e-12     2e-10   39.0   0.1    79   122     9    52     1    63 0.83 -
19244at50557_29053_0:002948|STRG.1547.2:1560-2747|+   -            396 43304at50557         -            376   3.1e-08   31.8   0.0   1   1   2.3e-09   2.8e-07   28.6   0.0    24   314    21   334     8   364 0.64 -
19244at50557_29053_0:002948|STRG.524.1:660-1889|+     -            410 43304at50557         -            376   2.3e-07   28.9   0.0   1   2    0.0013      0.16    9.7   0.0    16    48    38    69    25   159 0.83 -
19244at50557_29053_0:002948|STRG.524.1:660-1889|+     -            410 43304at50557         -            376   2.3e-07   28.9   0.0   2   2   6.1e-06   0.00075   17.3   0.0   260   316   305   361   251   404 0.75 -
68043at50557_133901_0:001e43|STRG.2336.1:1645-2883|+  -            413 43304at50557         -            376   1.5e-05   23.0   0.5   1   2   1.2e-07   1.5e-05   23.0   0.5    10   135    22   157    16   180 0.81 -
68043at50557_133901_0:001e43|STRG.2336.1:1645-2883|+  -            413 43304at50557         -            376   1.5e-05   23.0   0.5   2   2       3.7   4.6e+02   -1.7   0.0   208   240   253   285   239   290 0.78 -
68043at50557_133901_0:001e43|STRG.2336.2:1645-2883|+  -            413 43304at50557         -            376   1.5e-05   23.0   0.5   1   2   1.2e-07   1.5e-05   23.0   0.5    10   135    22   157    16   180 0.81 -
68043at50557_133901_0:001e43|STRG.2336.2:1645-2883|+  -            413 43304at50557         -            376   1.5e-05   23.0   0.5   2   2       3.7   4.6e+02   -1.7   0.0   208   240   253   285   239   290 0.78 -
68043at50557_133901_0:001e43|STRG.2336.3:1275-2513|+  -            413 43304at50557         -            376   1.5e-05   23.0   0.5   1   2   1.2e-07   1.5e-05   23.0   0.5    10   135    22   157    16   180 0.81 -
68043at50557_133901_0:001e43|STRG.2336.3:1275-2513|+  -            413 43304at50557         -            376   1.5e-05   23.0   0.5   2   2       3.7   4.6e+02   -1.7   0.0   208   240   253   285   239   290 0.78 -
19244at50557_34720_0:002014|STRG.15272.2:134-4588|+   -           1485 43304at50557         -            376   2.1e-05   22.5   0.4   1   1   1.5e-06   0.00018   19.3   0.4    17   309   801  1133   786  1152 0.71 -
19244at50557_34720_0:002014|STRG.15272.1:116-4681|+   -           1522 43304at50557         -            376   2.2e-05   22.4   0.4   1   1   1.6e-06   0.00019   19.3   0.4    17   309   838  1170   823  1189 0.71 -
18575at50557_69319_0:001431|STRG.17476.1:897-2744|+   -            616 43304at50557         -            376    0.0058   14.4   0.1   1   2     0.062       7.7    4.1   0.1    22   165    29   175    13   185 0.69 -
18575at50557_69319_0:001431|STRG.17476.1:897-2744|+   -            616 43304at50557         -            376    0.0058   14.4   0.1   2   2    0.0044      0.54    7.9   0.0   242   285   285   334   251   341 0.76 -
94422at50557_34720_0:001449|STRG.9916.2:0-803|+       -            268 43304at50557         -            376    0.0065   14.3   0.0   1   1   8.8e-05     0.011   13.5   0.0    91   135   202   246   176   259 0.87 -
#
# Program:         hmmsearch
# Version:         3.4 (Aug 2023)
# Pipeline mode:   SEARCH
# Query file:      /data/projet1/projet_tutore/busco_downloads/lineages/insecta_odb10/hmms/43304at50557.hmm
# Target file:     annotation_analysis/annotation_gca/T_septentrionalis/busco_output/run_insecta_odb10/metaeuk_output/initial_results/assembled_transcripts.fasta.modified.fas
# Option settings: hmmsearch --domtblout annotation_analysis/annotation_gca/T_septentrionalis/busco_output/run_insecta_odb10/hmmer_output/initial_run_results/43304at50557.out --cpu 1 /data/projet1/projet_tutore/busco_downloads/lineages/insecta_odb10/hmms/43304at50557.hmm annotation_analysis/annotation_gca/T_septentrionalis/busco_output/run_insecta_odb10/metaeuk_output/initial_results/assembled_transcripts.fasta.modified.fas 
# Current dir:     /data/projet1/projet_tutore
# Date:            Sun Oct 13 13:54:55 2024
# [ok]
