#                                                                                                            --- full sequence --- -------------- this domain -------------   hmm coord   ali coord   env coord
# target name                                        accession   tlen query name           accession   qlen   E-value  score  bias   #  of  c-Evalue  i-Evalue  score  bias  from    to  from    to  from    to  acc description of target
#                                ------------------- ---------- ----- -------------------- ---------- ----- --------- ------ ----- --- --- --------- --------- ------ ----- ----- ----- ----- ----- ----- ----- ---- ---------------------
44960at50557_103372_0:001285|STRG.10959.1:0-1484|+   -            495 44960at50557         -            350  7.9e-164  543.5  11.2   1   2   9.5e-05      0.16    9.7   0.0     1    24    27    52    27    59 0.86 -
44960at50557_103372_0:001285|STRG.10959.1:0-1484|+   -            495 44960at50557         -            350  7.9e-164  543.5  11.2   2   2    2e-160  3.4e-157  521.7  11.0    16   345    81   465    69   475 0.89 -
44960at50557_103372_0:001285|STRG.10959.2:268-1752|+ -            495 44960at50557         -            350  7.9e-164  543.5  11.2   1   2   9.5e-05      0.16    9.7   0.0     1    24    27    52    27    59 0.86 -
44960at50557_103372_0:001285|STRG.10959.2:268-1752|+ -            495 44960at50557         -            350  7.9e-164  543.5  11.2   2   2    2e-160  3.4e-157  521.7  11.0    16   345    81   465    69   475 0.89 -
44960at50557_79782_0:0020ab|STRG.8898.3:420-1220|+   -            267 44960at50557         -            350   3.5e-30  104.0   3.0   1   1   3.2e-33   5.4e-30  103.4   3.0   119   343     1   251     1   257 0.86 -
44960at50557_69820_0:0016a6|STRG.8898.2:320-1384|+   -            316 44960at50557         -            350   1.1e-28   99.0   2.4   1   1   9.9e-32   1.7e-28   98.4   2.4   118   343    60   304     8   310 0.84 -
44960at50557_6973_0:004ddd|STRG.8898.1:605-1150|+    -            182 44960at50557         -            350   1.2e-26   92.3   2.3   1   1   8.7e-30   1.5e-26   92.1   2.3   175   343     2   179     1   181 0.90 -
#
# Program:         hmmsearch
# Version:         3.4 (Aug 2023)
# Pipeline mode:   SEARCH
# Query file:      /data/projet1/projet_tutore/busco_downloads/lineages/insecta_odb10/hmms/44960at50557.hmm
# Target file:     annotation_analysis/annotation_gca/T_septentrionalis/busco_output/run_insecta_odb10/metaeuk_output/initial_results/assembled_transcripts.fasta.modified.fas
# Option settings: hmmsearch --domtblout annotation_analysis/annotation_gca/T_septentrionalis/busco_output/run_insecta_odb10/hmmer_output/initial_run_results/44960at50557.out --cpu 1 /data/projet1/projet_tutore/busco_downloads/lineages/insecta_odb10/hmms/44960at50557.hmm annotation_analysis/annotation_gca/T_septentrionalis/busco_output/run_insecta_odb10/metaeuk_output/initial_results/assembled_transcripts.fasta.modified.fas 
# Current dir:     /data/projet1/projet_tutore
# Date:            Sun Oct 13 13:54:59 2024
# [ok]
