#                                                                                                            --- full sequence --- -------------- this domain -------------   hmm coord   ali coord   env coord
# target name                                        accession   tlen query name           accession   qlen   E-value  score  bias   #  of  c-Evalue  i-Evalue  score  bias  from    to  from    to  from    to  acc description of target
#                                ------------------- ---------- ----- -------------------- ---------- ----- --------- ------ ----- --- --- --------- --------- ------ ----- ----- ----- ----- ----- ----- ----- ---- ---------------------
45491at50557_609295_0:000fab|STRG.18682.1:327-2444|+ -            706 45491at50557         -            479  1.1e-246  818.2  47.3   1   3   1.8e-78   5.1e-75  252.1   5.5     1   129    56   198    56   203 0.91 -
45491at50557_609295_0:000fab|STRG.18682.1:327-2444|+ -            706 45491at50557         -            479  1.1e-246  818.2  47.3   2   3  1.5e-132  4.3e-129  430.4  25.7   128   394   307   579   291   596 0.95 -
45491at50557_609295_0:000fab|STRG.18682.1:327-2444|+ -            706 45491at50557         -            479  1.1e-246  818.2  47.3   3   3   1.7e-46   4.7e-43  146.7   1.4   388   479   607   706   584   706 0.89 -
45491at50557_609295_0:000fab|STRG.18682.2:107-2104|+ -            666 45491at50557         -            479  1.4e-241  801.4  47.0   1   3   1.6e-78   4.6e-75  252.3   5.5     1   129    19   161    19   166 0.91 -
45491at50557_609295_0:000fab|STRG.18682.2:107-2104|+ -            666 45491at50557         -            479  1.4e-241  801.4  47.0   2   3  2.3e-127  6.5e-124  413.3  25.5   128   394   270   539   254   556 0.94 -
45491at50557_609295_0:000fab|STRG.18682.2:107-2104|+ -            666 45491at50557         -            479  1.4e-241  801.4  47.0   3   3   1.5e-46   4.3e-43  146.8   1.5   388   479   567   666   543   666 0.89 -
45491at50557_609295_0:000fab|STRG.18682.3:327-2384|+ -            686 45491at50557         -            479  5.6e-230  763.1  53.0   1   4   1.7e-78   4.8e-75  252.2   5.5     1   129    56   198    56   203 0.91 -
45491at50557_609295_0:000fab|STRG.18682.3:327-2384|+ -            686 45491at50557         -            479  5.6e-230  763.1  53.0   2   4   3.9e-98   1.1e-94  316.9  14.3   129   309   308   492   301   493 0.96 -
45491at50557_609295_0:000fab|STRG.18682.3:327-2384|+ -            686 45491at50557         -            479  5.6e-230  763.1  53.0   3   4   3.8e-22   1.1e-18   66.4   9.6   328   394   492   559   491   577 0.89 -
45491at50557_609295_0:000fab|STRG.18682.3:327-2384|+ -            686 45491at50557         -            479  5.6e-230  763.1  53.0   4   4   1.6e-46   4.7e-43  146.7   1.4   388   479   587   686   565   686 0.90 -
#
# Program:         hmmsearch
# Version:         3.4 (Aug 2023)
# Pipeline mode:   SEARCH
# Query file:      /data/projet1/projet_tutore/busco_downloads/lineages/insecta_odb10/hmms/45491at50557.hmm
# Target file:     annotation_analysis/annotation_gca/T_septentrionalis/busco_output/run_insecta_odb10/metaeuk_output/initial_results/assembled_transcripts.fasta.modified.fas
# Option settings: hmmsearch --domtblout annotation_analysis/annotation_gca/T_septentrionalis/busco_output/run_insecta_odb10/hmmer_output/initial_run_results/45491at50557.out --cpu 1 /data/projet1/projet_tutore/busco_downloads/lineages/insecta_odb10/hmms/45491at50557.hmm annotation_analysis/annotation_gca/T_septentrionalis/busco_output/run_insecta_odb10/metaeuk_output/initial_results/assembled_transcripts.fasta.modified.fas 
# Current dir:     /data/projet1/projet_tutore
# Date:            Sun Oct 13 13:55:02 2024
# [ok]
