#                                                                                                             --- full sequence --- -------------- this domain -------------   hmm coord   ali coord   env coord
# target name                                         accession   tlen query name           accession   qlen   E-value  score  bias   #  of  c-Evalue  i-Evalue  score  bias  from    to  from    to  from    to  acc description of target
#                                 ------------------- ---------- ----- -------------------- ---------- ----- --------- ------ ----- --- --- --------- --------- ------ ----- ----- ----- ----- ----- ----- ----- ---- ---------------------
57791at50557_34720_0:001e64|STRG.14517.2:0-1967|+     -            656 57791at50557         -            422  7.5e-131  435.6   2.3   1   3       0.3        30    2.0   4.7     1    53     1    63     1    83 0.51 -
57791at50557_34720_0:001e64|STRG.14517.2:0-1967|+     -            656 57791at50557         -            422  7.5e-131  435.6   2.3   2   3       1.6   1.6e+02   -0.4   2.0    17    63    84   133    75   156 0.71 -
57791at50557_34720_0:001e64|STRG.14517.2:0-1967|+     -            656 57791at50557         -            422  7.5e-131  435.6   2.3   3   3  7.4e-133  7.5e-131  435.6   2.3    25   421   146   641   138   642 0.80 -
57791at50557_34720_0:001e64|STRG.14517.1:233-2176|+   -            648 57791at50557         -            422    9e-131  435.3   2.7   1   3      0.91        92    0.4   3.7    10    53    14    55    10    75 0.65 -
57791at50557_34720_0:001e64|STRG.14517.1:233-2176|+   -            648 57791at50557         -            422    9e-131  435.3   2.7   2   3       2.2   2.2e+02   -0.9   2.6    17    63    76   125    70   149 0.69 -
57791at50557_34720_0:001e64|STRG.14517.1:233-2176|+   -            648 57791at50557         -            422    9e-131  435.3   2.7   3   3    9e-133    9e-131  435.3   2.7    25   421   138   633   129   634 0.80 -
29312at50557_116153_0:001f21|STRG.11241.1:602-1690|+  -            363 57791at50557         -            422   2.9e-69  232.6   0.1   1   1   3.7e-71   3.7e-69  232.3   0.1    57   387    13   362     4   363 0.86 -
65449at50557_7237_0:000776|STRG.9810.1:15-1172|+      -            386 57791at50557         -            422   1.4e-61  207.3   0.2   1   1   2.2e-63   2.3e-61  206.7   0.2    59   396    16   371     8   383 0.83 -
65449at50557_7220_0:002055|STRG.20007.1:1133-2944|+   -            604 57791at50557         -            422   2.5e-58  196.6   0.0   1   3   2.7e-31   2.8e-29  100.9   0.0    61   195     2   149     1   154 0.89 -
65449at50557_7220_0:002055|STRG.20007.1:1133-2944|+   -            604 57791at50557         -            422   2.5e-58  196.6   0.0   2   3   0.00034     0.034   11.7   0.0   211   247   271   307   247   353 0.78 -
65449at50557_7220_0:002055|STRG.20007.1:1133-2944|+   -            604 57791at50557         -            422   2.5e-58  196.6   0.0   3   3   5.1e-25   5.2e-23   80.3   0.0   306   405   408   506   396   521 0.89 -
65449at50557_7274_0:002e60|STRG.8836.1:11-1513|+      -            501 57791at50557         -            422   5.2e-57  192.3   0.0   1   1   6.9e-59     7e-57  191.9   0.0    51   391    21   378    10   410 0.82 -
29312at50557_34720_0:0009c1|STRG.4761.1:0-2303|+      -            768 57791at50557         -            422   1.6e-56  190.6   0.0   1   1     4e-58     4e-56  189.3   0.0    57   387   267   616   261   635 0.84 -
68043at50557_34720_0:001307|STRG.9205.1:0-1676|+      -            559 57791at50557         -            422   3.6e-55  186.2   0.0   1   2     4e-28     4e-26   90.5   0.0    23   222   114   324    93   332 0.78 -
68043at50557_34720_0:001307|STRG.9205.1:0-1676|+      -            559 57791at50557         -            422   3.6e-55  186.2   0.0   2   2   5.2e-29   5.2e-27   93.4   0.0   278   412   384   524   366   534 0.81 -
68043at50557_34720_0:001307|STRG.9205.2:0-1676|+      -            559 57791at50557         -            422   3.6e-55  186.2   0.0   1   2     4e-28     4e-26   90.5   0.0    23   222   114   324    93   332 0.78 -
68043at50557_34720_0:001307|STRG.9205.2:0-1676|+      -            559 57791at50557         -            422   3.6e-55  186.2   0.0   2   2   5.2e-29   5.2e-27   93.4   0.0   278   412   384   524   366   534 0.81 -
46658at50557_83485_0:000f8c|STRG.18079.2:499-1689|+   -            397 57791at50557         -            422   1.9e-50  170.7   0.2   1   1   2.5e-52   2.6e-50  170.2   0.2    62   380    26   354    21   368 0.88 -
18450at50557_1155016_0:0026c2|STRG.8105.1:1096-2298|+ -            401 57791at50557         -            422   2.1e-50  170.5   0.0   1   1   5.3e-52   5.3e-50  169.2   0.0    57   378    26   376    20   392 0.79 -
46658at50557_28612_0:0048c7|STRG.7557.1:93-1241|+     -            383 57791at50557         -            422   2.6e-50  170.2   0.0   1   1   3.5e-52   3.6e-50  169.8   0.0    62   380    23   356    16   363 0.84 -
46658at50557_83485_0:000f8c|STRG.18079.4:0-1331|+     -            444 57791at50557         -            422   2.7e-50  170.2   0.2   1   1   3.6e-52   3.7e-50  169.7   0.2    62   380    73   401    65   415 0.88 -
46658at50557_219809_0:0017ae|STRG.18079.1:515-1864|+  -            450 57791at50557         -            422   2.8e-50  170.1   0.2   1   1   3.8e-52   3.8e-50  169.7   0.2    62   380    79   407    71   421 0.88 -
46658at50557_219809_0:0017ae|STRG.18079.3:490-1839|+  -            450 57791at50557         -            422   2.8e-50  170.1   0.2   1   1   3.8e-52   3.8e-50  169.7   0.2    62   380    79   407    71   421 0.88 -
65449at50557_42026_0:002fbc|STRG.6856.1:123-1436|+    -            438 57791at50557         -            422   3.1e-49  166.7   0.0   1   1   4.6e-51   4.6e-49  166.1   0.0    57   388    12   362     6   393 0.81 -
35385at50557_7370_0:001aad|STRG.6736.1:1012-2319|+    -            436 57791at50557         -            422   1.4e-47  161.2   0.0   1   1     2e-49   2.1e-47  160.7   0.0    57   390    70   421    59   432 0.83 -
35385at50557_7370_0:001aad|STRG.6736.2:1194-2501|+    -            436 57791at50557         -            422   1.4e-47  161.2   0.0   1   1     2e-49   2.1e-47  160.7   0.0    57   390    70   421    59   432 0.83 -
35385at50557_7370_0:001aad|STRG.6736.4:567-1874|+     -            436 57791at50557         -            422   1.4e-47  161.2   0.0   1   1     2e-49   2.1e-47  160.7   0.0    57   390    70   421    59   432 0.83 -
35385at50557_7370_0:001aad|STRG.6736.3:1322-2602|+    -            427 57791at50557         -            422   1.8e-47  160.8   0.0   1   1   2.6e-49   2.6e-47  160.3   0.0    57   389    70   420    59   426 0.83 -
18450at50557_144034_0:001371|STRG.16149.1:3-2858|+    -            952 57791at50557         -            422   4.3e-47  159.6   0.0   1   1   7.5e-49   7.6e-47  158.8   0.0    54   392   300   658   280   685 0.85 -
35385at50557_37001_0:001231|STRG.2096.1:1364-2593|+   -            410 57791at50557         -            422   4.5e-47  159.5   0.0   1   2   2.9e-22   2.9e-20   71.2   0.0    61   196    36   185    29   197 0.84 -
35385at50557_37001_0:001231|STRG.2096.1:1364-2593|+   -            410 57791at50557         -            422   4.5e-47  159.5   0.0   2   2   8.1e-27   8.2e-25   86.2   0.0   208   385   221   405   208   409 0.80 -
35385at50557_37001_0:001231|STRG.2096.3:1203-2432|+   -            410 57791at50557         -            422   4.5e-47  159.5   0.0   1   2   2.9e-22   2.9e-20   71.2   0.0    61   196    36   185    29   197 0.84 -
35385at50557_37001_0:001231|STRG.2096.3:1203-2432|+   -            410 57791at50557         -            422   4.5e-47  159.5   0.0   2   2   8.1e-27   8.2e-25   86.2   0.0   208   385   221   405   208   409 0.80 -
46658at50557_211228_0:001f32|STRG.15721.1:185-1279|+  -            365 57791at50557         -            422     6e-47  159.1   0.1   1   1   8.1e-49   8.2e-47  158.7   0.1    66   389    21   356     6   363 0.83 -
46658at50557_211228_0:001f32|STRG.15721.2:185-1279|+  -            365 57791at50557         -            422     6e-47  159.1   0.1   1   1   8.1e-49   8.2e-47  158.7   0.1    66   389    21   356     6   363 0.83 -
46658at50557_211228_0:001f32|STRG.15721.3:177-1271|+  -            365 57791at50557         -            422     6e-47  159.1   0.1   1   1   8.1e-49   8.2e-47  158.7   0.1    66   389    21   356     6   363 0.83 -
35385at50557_7375_0:0001af|STRG.10700.1:294-1628|+    -            445 57791at50557         -            422   7.3e-47  158.9   0.0   1   1   4.5e-48   4.5e-46  156.2   0.0    58   391    63   416    57   432 0.84 -
43304at50557_34720_0:00174e|STRG.11265.1:0-2216|+     -            739 57791at50557         -            422   4.6e-46  156.2   5.3   1   3   2.4e-05    0.0024   15.5   0.0    57   106   152   202   133   207 0.85 -
43304at50557_34720_0:00174e|STRG.11265.1:0-2216|+     -            739 57791at50557         -            422   4.6e-46  156.2   5.3   2   3   1.1e-17   1.2e-15   56.1   0.0   108   224   254   379   250   390 0.81 -
43304at50557_34720_0:00174e|STRG.11265.1:0-2216|+     -            739 57791at50557         -            422   4.6e-46  156.2   5.3   3   3   2.2e-26   2.3e-24   84.8   0.0   266   388   450   577   413   582 0.87 -
43304at50557_34720_0:00174e|STRG.11265.2:0-2231|+     -            744 57791at50557         -            422   4.8e-46  156.2   5.3   1   3   2.4e-05    0.0024   15.5   0.0    57   106   152   202   133   207 0.85 -
43304at50557_34720_0:00174e|STRG.11265.2:0-2231|+     -            744 57791at50557         -            422   4.8e-46  156.2   5.3   2   3   1.2e-17   1.2e-15   56.1   0.0   108   224   259   384   255   395 0.81 -
43304at50557_34720_0:00174e|STRG.11265.2:0-2231|+     -            744 57791at50557         -            422   4.8e-46  156.2   5.3   3   3   2.3e-26   2.3e-24   84.7   0.0   266   388   455   582   418   587 0.87 -
35385at50557_7375_0:0001af|STRG.10700.2:294-2122|+    -            445 57791at50557         -            422   5.7e-46  155.9   0.0   1   1   3.5e-47   3.5e-45  153.3   0.0    58   391    63   416    57   432 0.84 -
35385at50557_35570_0:00290c|STRG.3302.1:884-2128|+    -            415 57791at50557         -            422     6e-46  155.8   0.0   1   2   1.3e-09   1.3e-07   29.5   0.0    56   105    21    70     4    73 0.86 -
35385at50557_35570_0:00290c|STRG.3302.1:884-2128|+    -            415 57791at50557         -            422     6e-46  155.8   0.0   2   2   3.3e-38   3.3e-36  123.7   0.0   112   388    96   389    94   397 0.83 -
35385at50557_37001_0:001231|STRG.14122.1:519-1847|+   -            443 57791at50557         -            422   1.6e-45  154.4   0.0   1   1   2.6e-47   2.6e-45  153.7   0.0    60   389    67   416    61   439 0.85 -
35385at50557_7370_0:001aad|STRG.9379.1:679-2733|+     -            685 57791at50557         -            422   1.8e-45  154.2   0.0   1   1   3.6e-47   3.6e-45  153.3   0.0    56   391   101   456    90   486 0.84 -
35385at50557_7370_0:001aad|STRG.9379.2:679-2733|+     -            685 57791at50557         -            422   1.8e-45  154.2   0.0   1   1   3.6e-47   3.6e-45  153.3   0.0    56   391   101   456    90   486 0.84 -
35385at50557_7370_0:001aad|STRG.9379.3:342-2396|+     -            685 57791at50557         -            422   1.8e-45  154.2   0.0   1   1   3.6e-47   3.6e-45  153.3   0.0    56   391   101   456    90   486 0.84 -
35385at50557_2015173_0:000073|STRG.309.1:1-1221|+     -            407 57791at50557         -            422     4e-45  153.1   0.0   1   1   5.8e-47   5.8e-45  152.6   0.0    82   385     4   331     1   360 0.80 -
35385at50557_37001_0:001231|STRG.14120.2:6-1328|+     -            441 57791at50557         -            422   4.2e-44  149.8   0.0   1   1   8.1e-46   8.2e-44  148.8   0.0    59   391    60   412    54   427 0.86 -
35385at50557_37001_0:001231|STRG.14120.1:224-1558|+   -            445 57791at50557         -            422   4.3e-44  149.7   0.0   1   1   8.4e-46   8.5e-44  148.8   0.0    59   391    64   416    58   431 0.86 -
46658at50557_1155016_0:0008f1|STRG.11029.1:105-1208|+ -            368 57791at50557         -            422   1.8e-43  147.7   0.1   1   1   2.7e-45   2.7e-43  147.1   0.1    65   388    20   355    12   365 0.83 -
46658at50557_28612_0:0048c7|STRG.3957.1:218-1402|+    -            395 57791at50557         -            422     1e-39  135.3   0.9   1   1   4.5e-41   4.6e-39  133.2   0.9    63   381    35   368    26   385 0.79 -
46658at50557_28612_0:0048c7|STRG.3957.2:218-1402|+    -            395 57791at50557         -            422     1e-39  135.3   0.9   1   1   4.5e-41   4.6e-39  133.2   0.9    63   381    35   368    26   385 0.79 -
46658at50557_28612_0:0048c7|STRG.3957.3:218-2572|+    -            395 57791at50557         -            422     1e-39  135.3   0.9   1   1   4.5e-41   4.6e-39  133.2   0.9    63   381    35   368    26   385 0.79 -
46658at50557_28612_0:0048c7|STRG.15694.2:149-1285|+   -            379 57791at50557         -            422   8.3e-39  132.3   0.0   1   1   1.2e-40   1.2e-38  131.8   0.0    59   388    26   374    19   377 0.82 -
46658at50557_121225_0:00147e|STRG.15694.1:152-1389|+  -            373 57791at50557         -            422   1.7e-38  131.3   0.0   1   1   2.4e-40   2.4e-38  130.8   0.0    59   388    25   361    18   368 0.84 -
41619at50557_34720_0:0004fb|STRG.2499.1:0-1415|+      -            472 57791at50557         -            422   1.6e-37  128.1   0.9   1   2     3e-25   3.1e-23   81.0   2.0   102   330     4   244     1   247 0.80 -
41619at50557_34720_0:0004fb|STRG.2499.1:0-1415|+      -            472 57791at50557         -            422   1.6e-37  128.1   0.9   2   2   5.5e-14   5.6e-12   43.9   0.0   331   388   268   325   264   351 0.85 -
25910at50557_103372_0:001a63|STRG.12973.3:3-2180|+    -            726 57791at50557         -            422   3.5e-37  126.9   0.0   1   3   2.7e-07   2.7e-05   21.9   0.0    62   106    17    61     9    65 0.88 -
25910at50557_103372_0:001a63|STRG.12973.3:3-2180|+    -            726 57791at50557         -            422   3.5e-37  126.9   0.0   2   3   1.6e-13   1.7e-11   42.4   0.0   110   223   285   407   281   417 0.79 -
25910at50557_103372_0:001a63|STRG.12973.3:3-2180|+    -            726 57791at50557         -            422   3.5e-37  126.9   0.0   3   3   1.7e-18   1.7e-16   58.8   0.0   308   377   542   611   493   617 0.89 -
25910at50557_103372_0:001a63|STRG.12973.1:151-2337|+  -            729 57791at50557         -            422   3.6e-37  126.9   0.0   1   3   2.7e-07   2.7e-05   21.9   0.0    62   106    20    64    12    68 0.88 -
25910at50557_103372_0:001a63|STRG.12973.1:151-2337|+  -            729 57791at50557         -            422   3.6e-37  126.9   0.0   2   3   1.7e-13   1.7e-11   42.4   0.0   110   223   288   410   284   420 0.79 -
25910at50557_103372_0:001a63|STRG.12973.1:151-2337|+  -            729 57791at50557         -            422   3.6e-37  126.9   0.0   3   3   1.7e-18   1.7e-16   58.8   0.0   308   377   545   614   496   620 0.89 -
25910at50557_103372_0:001a63|STRG.12973.2:151-2403|+  -            729 57791at50557         -            422   3.6e-37  126.9   0.0   1   3   2.7e-07   2.7e-05   21.9   0.0    62   106    20    64    12    68 0.88 -
25910at50557_103372_0:001a63|STRG.12973.2:151-2403|+  -            729 57791at50557         -            422   3.6e-37  126.9   0.0   2   3   1.7e-13   1.7e-11   42.4   0.0   110   223   288   410   284   420 0.79 -
25910at50557_103372_0:001a63|STRG.12973.2:151-2403|+  -            729 57791at50557         -            422   3.6e-37  126.9   0.0   3   3   1.7e-18   1.7e-16   58.8   0.0   308   377   545   614   496   620 0.89 -
46658at50557_174628_0:001983|STRG.18571.1:4-999|+     -            332 57791at50557         -            422   2.8e-33  114.1   0.1   1   1   3.8e-35   3.9e-33  113.6   0.1    89   378     8   315     2   327 0.79 -
46658at50557_174628_0:001983|STRG.18571.3:4-999|+     -            332 57791at50557         -            422   2.8e-33  114.1   0.1   1   1   3.8e-35   3.9e-33  113.6   0.1    89   378     8   315     2   327 0.79 -
123578at50557_7168_0:0013fb|STRG.12862.1:138-1556|+   -            473 57791at50557         -            422   1.7e-31  108.2   0.5   1   2   2.5e-16   2.5e-14   51.7   0.0    48   209    85   252    45   279 0.74 -
123578at50557_7168_0:0013fb|STRG.12862.1:138-1556|+   -            473 57791at50557         -            422   1.7e-31  108.2   0.5   2   2   3.1e-17   3.1e-15   54.6   0.1   273   369   333   433   322   461 0.83 -
46658at50557_7260_0:0034ab|STRG.18571.2:4-1014|+      -            337 57791at50557         -            422   5.2e-30  103.3   0.0   1   1   7.2e-32   7.2e-30  102.9   0.0    89   378     8   320     2   332 0.79 -
65449at50557_34720_0:000b83|STRG.5710.1:1-2237|+      -            421 57791at50557         -            422   2.5e-28   97.8   0.0   1   1   2.5e-30   2.5e-28   97.8   0.0   183   410     1   237     1   249 0.76 -
35385at50557_1155016_0:002498|STRG.19937.1:5-370|+    -            122 57791at50557         -            422   9.3e-27   92.6   0.1   1   1   9.6e-29   9.7e-27   92.6   0.1   270   380     5   121     1   122 0.84 -
18450at50557_121845_0:000f40|STRG.2096.2:1343-2287|+  -            315 57791at50557         -            422   7.2e-22   76.5   0.0   1   2   1.5e-22   1.5e-20   72.1   0.0    61   196    44   193    36   205 0.84 -
18450at50557_121845_0:000f40|STRG.2096.2:1343-2287|+  -            315 57791at50557         -            422   7.2e-22   76.5   0.0   2   2      0.25        25    2.3   0.0   208   263   229   278   216   311 0.82 -
18450at50557_121845_0:000f40|STRG.2096.4:1176-2120|+  -            315 57791at50557         -            422   7.2e-22   76.5   0.0   1   2   1.5e-22   1.5e-20   72.1   0.0    61   196    44   193    36   205 0.84 -
18450at50557_121845_0:000f40|STRG.2096.4:1176-2120|+  -            315 57791at50557         -            422   7.2e-22   76.5   0.0   2   2      0.25        25    2.3   0.0   208   263   229   278   216   311 0.82 -
19244at50557_29053_0:002948|STRG.1547.2:1560-2747|+   -            396 57791at50557         -            422   4.1e-19   67.4   0.0   1   1   5.5e-21   5.6e-19   67.0   0.0    67   392     7   348     2   374 0.77 -
19244at50557_116153_0:001e22|STRG.1195.1:27-1052|+    -            342 57791at50557         -            422   7.6e-18   63.3   0.1   1   2   1.6e-10   1.6e-08   32.5   0.0    71   194    11   141     6   162 0.76 -
19244at50557_116153_0:001e22|STRG.1195.1:27-1052|+    -            342 57791at50557         -            422   7.6e-18   63.3   0.1   2   2   2.1e-09   2.1e-07   28.9   0.0   302   368   270   336   243   339 0.87 -
65449at50557_1629725_0:001b14|STRG.20007.2:593-1057|+ -            155 57791at50557         -            422   3.9e-17   60.9   0.0   1   1   4.5e-19   4.6e-17   60.7   0.0   329   406     1    77     1    91 0.88 -
19244at50557_29053_0:002948|STRG.524.1:660-1889|+     -            410 57791at50557         -            422   2.9e-15   54.8   0.2   1   2   6.6e-08   6.7e-06   23.9   0.1    43   189     7   159     2   169 0.81 -
19244at50557_29053_0:002948|STRG.524.1:660-1889|+     -            410 57791at50557         -            422   2.9e-15   54.8   0.2   2   2   1.8e-09   1.8e-07   29.1   0.0   307   387   289   369   232   389 0.78 -
19244at50557_34720_0:002014|STRG.15272.2:134-4588|+   -           1485 57791at50557         -            422     1e-14   53.0   0.1   1   2   1.4e-05    0.0014   16.2   0.0    67   192   793   925   772   937 0.72 -
19244at50557_34720_0:002014|STRG.15272.2:134-4588|+   -           1485 57791at50557         -            422     1e-14   53.0   0.1   2   2   7.3e-11   7.3e-09   33.6   0.1   306   365  1065  1125  1053  1144 0.84 -
19244at50557_34720_0:002014|STRG.15272.1:116-4681|+   -           1522 57791at50557         -            422   1.1e-14   52.9   0.1   1   2   1.4e-05    0.0015   16.2   0.0    67   192   830   962   809   974 0.72 -
19244at50557_34720_0:002014|STRG.15272.1:116-4681|+   -           1522 57791at50557         -            422   1.1e-14   52.9   0.1   2   2   7.5e-11   7.6e-09   33.6   0.1   306   365  1102  1162  1090  1181 0.84 -
29312at50557_28612_0:006022|STRG.10700.3:315-887|+    -            191 57791at50557         -            422     8e-14   50.0   0.0   1   1     1e-15   1.1e-13   49.6   0.0    58   175    56   181    50   188 0.83 -
68043at50557_133901_0:001e43|STRG.2336.1:1645-2883|+  -            413 57791at50557         -            422   2.1e-09   35.4   2.0   1   3   3.1e-05    0.0031   15.1   0.6    62   170    16   132     1   161 0.68 -
68043at50557_133901_0:001e43|STRG.2336.1:1645-2883|+  -            413 57791at50557         -            422   2.1e-09   35.4   2.0   2   3     0.076       7.7    3.9   0.1   262   296   246   280   234   290 0.91 -
68043at50557_133901_0:001e43|STRG.2336.1:1645-2883|+  -            413 57791at50557         -            422   2.1e-09   35.4   2.0   3   3     7e-05    0.0071   13.9   0.0   305   344   328   367   311   379 0.90 -
68043at50557_133901_0:001e43|STRG.2336.2:1645-2883|+  -            413 57791at50557         -            422   2.1e-09   35.4   2.0   1   3   3.1e-05    0.0031   15.1   0.6    62   170    16   132     1   161 0.68 -
68043at50557_133901_0:001e43|STRG.2336.2:1645-2883|+  -            413 57791at50557         -            422   2.1e-09   35.4   2.0   2   3     0.076       7.7    3.9   0.1   262   296   246   280   234   290 0.91 -
68043at50557_133901_0:001e43|STRG.2336.2:1645-2883|+  -            413 57791at50557         -            422   2.1e-09   35.4   2.0   3   3     7e-05    0.0071   13.9   0.0   305   344   328   367   311   379 0.90 -
68043at50557_133901_0:001e43|STRG.2336.3:1275-2513|+  -            413 57791at50557         -            422   2.1e-09   35.4   2.0   1   3   3.1e-05    0.0031   15.1   0.6    62   170    16   132     1   161 0.68 -
68043at50557_133901_0:001e43|STRG.2336.3:1275-2513|+  -            413 57791at50557         -            422   2.1e-09   35.4   2.0   2   3     0.076       7.7    3.9   0.1   262   296   246   280   234   290 0.91 -
68043at50557_133901_0:001e43|STRG.2336.3:1275-2513|+  -            413 57791at50557         -            422   2.1e-09   35.4   2.0   3   3     7e-05    0.0071   13.9   0.0   305   344   328   367   311   379 0.90 -
46658at50557_38123_0:00176e|STRG.19938.1:650-838|+    -             63 57791at50557         -            422   5.1e-08   30.9   0.0   1   1   5.4e-10   5.5e-08   30.8   0.0   137   186    13    63     7    63 0.73 -
4831at50557_197043_0:000faa|STRG.18555.1:342-1853|+   -            504 57791at50557         -            422   6.1e-06   24.0   0.2   1   2   9.3e-06   0.00094   16.8   0.0   112   243    69   197    40   224 0.74 -
4831at50557_197043_0:000faa|STRG.18555.1:342-1853|+   -            504 57791at50557         -            422   6.1e-06   24.0   0.2   2   2     0.033       3.4    5.1   0.1   323   374   390   441   368   488 0.71 -
20404at50557_28612_0:0004a6|STRG.6187.5:1045-3961|+   -            433 57791at50557         -            422   1.6e-05   22.7   0.4   1   2   5.9e-05     0.006   14.2   0.8   145   255   122   229    89   265 0.73 -
20404at50557_28612_0:0004a6|STRG.6187.5:1045-3961|+   -            433 57791at50557         -            422   1.6e-05   22.7   0.4   2   2     0.016       1.6    6.2   0.0   240   362   270   408   258   411 0.71 -
20404at50557_121225_0:000da0|STRG.6187.3:2692-5526|+  -            945 57791at50557         -            422   0.00011   19.9   0.3   1   2   0.00014     0.014   12.9   0.2   146   255   101   207    67   231 0.72 -
20404at50557_121225_0:000da0|STRG.6187.3:2692-5526|+  -            945 57791at50557         -            422   0.00011   19.9   0.3   2   2     0.056       5.7    4.4   0.0   240   362   782   920   771   933 0.72 -
20404at50557_121225_0:000da0|STRG.6187.1:2521-5367|+  -            949 57791at50557         -            422   0.00011   19.9   0.3   1   2   0.00014     0.015   12.9   0.2   146   255   101   207    67   231 0.72 -
20404at50557_121225_0:000da0|STRG.6187.1:2521-5367|+  -            949 57791at50557         -            422   0.00011   19.9   0.3   2   2     0.057       5.7    4.4   0.0   240   362   786   924   775   937 0.72 -
20404at50557_121225_0:000da0|STRG.6187.2:2692-5538|+  -            949 57791at50557         -            422   0.00011   19.9   0.3   1   2   0.00014     0.015   12.9   0.2   146   255   101   207    67   231 0.72 -
20404at50557_121225_0:000da0|STRG.6187.2:2692-5538|+  -            949 57791at50557         -            422   0.00011   19.9   0.3   2   2     0.057       5.7    4.4   0.0   240   362   786   924   775   937 0.72 -
20404at50557_7397_0:0023dd|STRG.6187.4:2518-5385|+    -            956 57791at50557         -            422   0.00011   19.9   0.3   1   2   0.00015     0.015   12.9   0.2   146   255    90   196    56   220 0.72 -
20404at50557_7397_0:0023dd|STRG.6187.4:2518-5385|+    -            956 57791at50557         -            422   0.00011   19.9   0.3   2   2     0.057       5.8    4.3   0.0   240   362   793   931   782   944 0.72 -
4831at50557_7460_0:0006ff|STRG.4925.3:68-2110|+       -            681 57791at50557         -            422   0.00023   18.9   0.1   1   2   0.00067     0.067   10.7   0.1   146   252   186   289    40   303 0.87 -
4831at50557_7460_0:0006ff|STRG.4925.3:68-2110|+       -            681 57791at50557         -            422   0.00023   18.9   0.1   2   2     0.016       1.6    6.2   0.0   322   369   482   529   461   580 0.84 -
4831at50557_7460_0:0006ff|STRG.4925.1:4884-7100|+     -            739 57791at50557         -            422   0.00027   18.6   0.1   1   2   0.00077     0.077   10.5   0.1   146   252   244   347    98   361 0.87 -
4831at50557_7460_0:0006ff|STRG.4925.1:4884-7100|+     -            739 57791at50557         -            422   0.00027   18.6   0.1   2   2     0.018       1.8    6.0   0.0   322   369   540   587   519   638 0.85 -
4831at50557_7460_0:0006ff|STRG.4925.2:4884-7100|+     -            739 57791at50557         -            422   0.00027   18.6   0.1   1   2   0.00077     0.077   10.5   0.1   146   252   244   347    98   361 0.87 -
4831at50557_7460_0:0006ff|STRG.4925.2:4884-7100|+     -            739 57791at50557         -            422   0.00027   18.6   0.1   2   2     0.018       1.8    6.0   0.0   322   369   540   587   519   638 0.85 -
20404at50557_680683_0:002da3|STRG.2278.1:1752-4172|+  -            807 57791at50557         -            422     0.021   12.4   1.8   1   2    0.0089      0.89    7.0   0.4   151   244   106   197   100   225 0.83 -
20404at50557_680683_0:002da3|STRG.2278.1:1752-4172|+  -            807 57791at50557         -            422     0.021   12.4   1.8   2   2      0.07       7.1    4.1   0.0   304   369   690   756   677   775 0.76 -
20404at50557_680683_0:002da3|STRG.2278.2:1582-4002|+  -            807 57791at50557         -            422     0.021   12.4   1.8   1   2    0.0089      0.89    7.0   0.4   151   244   106   197   100   225 0.83 -
20404at50557_680683_0:002da3|STRG.2278.2:1582-4002|+  -            807 57791at50557         -            422     0.021   12.4   1.8   2   2      0.07       7.1    4.1   0.0   304   369   690   756   677   775 0.76 -
20404at50557_680683_0:002da3|STRG.2278.3:1833-4253|+  -            807 57791at50557         -            422     0.021   12.4   1.8   1   2    0.0089      0.89    7.0   0.4   151   244   106   197   100   225 0.83 -
20404at50557_680683_0:002da3|STRG.2278.3:1833-4253|+  -            807 57791at50557         -            422     0.021   12.4   1.8   2   2      0.07       7.1    4.1   0.0   304   369   690   756   677   775 0.76 -
4831at50557_123851_0:0002c4|STRG.19874.1:1950-4169|+  -            740 57791at50557         -            422     0.058   10.9   0.1   1   1    0.0013      0.13    9.8   0.0   308   382   493   572   442   589 0.80 -
4831at50557_123851_0:0002c4|STRG.19874.2:1959-4178|+  -            740 57791at50557         -            422     0.058   10.9   0.1   1   1    0.0013      0.13    9.8   0.0   308   382   493   572   442   589 0.80 -
4831at50557_123851_0:0002c4|STRG.19874.3:2211-4430|+  -            740 57791at50557         -            422     0.058   10.9   0.1   1   1    0.0013      0.13    9.8   0.0   308   382   493   572   442   589 0.80 -
4831at50557_123851_0:0002c4|STRG.19874.4:2099-4318|+  -            740 57791at50557         -            422     0.058   10.9   0.1   1   1    0.0013      0.13    9.8   0.0   308   382   493   572   442   589 0.80 -
4831at50557_123851_0:0002c4|STRG.19874.5:1867-4086|+  -            740 57791at50557         -            422     0.058   10.9   0.1   1   1    0.0013      0.13    9.8   0.0   308   382   493   572   442   589 0.80 -
#
# Program:         hmmsearch
# Version:         3.4 (Aug 2023)
# Pipeline mode:   SEARCH
# Query file:      /data/projet1/projet_tutore/busco_downloads/lineages/insecta_odb10/hmms/57791at50557.hmm
# Target file:     annotation_analysis/annotation_gca/T_septentrionalis/busco_output/run_insecta_odb10/metaeuk_output/initial_results/assembled_transcripts.fasta.modified.fas
# Option settings: hmmsearch --domtblout annotation_analysis/annotation_gca/T_septentrionalis/busco_output/run_insecta_odb10/hmmer_output/initial_run_results/57791at50557.out --cpu 1 /data/projet1/projet_tutore/busco_downloads/lineages/insecta_odb10/hmms/57791at50557.hmm annotation_analysis/annotation_gca/T_septentrionalis/busco_output/run_insecta_odb10/metaeuk_output/initial_results/assembled_transcripts.fasta.modified.fas 
# Current dir:     /data/projet1/projet_tutore
# Date:            Sun Oct 13 13:55:52 2024
# [ok]
