#                                                                                                              --- full sequence --- -------------- this domain -------------   hmm coord   ali coord   env coord
# target name                                          accession   tlen query name           accession   qlen   E-value  score  bias   #  of  c-Evalue  i-Evalue  score  bias  from    to  from    to  from    to  acc description of target
#                                  ------------------- ---------- ----- -------------------- ---------- ----- --------- ------ ----- --- --- --------- --------- ------ ----- ----- ----- ----- ----- ----- ----- ---- ---------------------
58189at50557_103372_0:000235|STRG.16009.1:1-756|+      -            252 58189at50557         -            171   9.5e-77  255.4   3.9   1   2   1.3e-42   4.2e-40  136.1   0.0     1    91     6   116     6   119 0.91 -
58189at50557_103372_0:000235|STRG.16009.1:1-756|+      -            252 58189at50557         -            171   9.5e-77  255.4   3.9   2   2   2.8e-36   9.2e-34  115.5   1.6    88   171   150   252   138   252 0.81 -
58189at50557_121225_0:000d00|STRG.3154.1:12816-13856|+ -            347 58189at50557         -            171   6.3e-10   37.9   1.1   1   2     4e-08   1.3e-05   23.9   0.0     2    89   122   228   121   243 0.79 -
58189at50557_121225_0:000d00|STRG.3154.1:12816-13856|+ -            347 58189at50557         -            171   6.3e-10   37.9   1.1   2   2   0.00014     0.044   12.4   0.2   111   151   301   342   291   347 0.81 -
58189at50557_121225_0:000d00|STRG.3154.4:15303-16343|+ -            347 58189at50557         -            171   6.3e-10   37.9   1.1   1   2     4e-08   1.3e-05   23.9   0.0     2    89   122   228   121   243 0.79 -
58189at50557_121225_0:000d00|STRG.3154.4:15303-16343|+ -            347 58189at50557         -            171   6.3e-10   37.9   1.1   2   2   0.00014     0.044   12.4   0.2   111   151   301   342   291   347 0.81 -
58189at50557_121225_0:000d00|STRG.3154.5:15185-16225|+ -            347 58189at50557         -            171   6.3e-10   37.9   1.1   1   2     4e-08   1.3e-05   23.9   0.0     2    89   122   228   121   243 0.79 -
58189at50557_121225_0:000d00|STRG.3154.5:15185-16225|+ -            347 58189at50557         -            171   6.3e-10   37.9   1.1   2   2   0.00014     0.044   12.4   0.2   111   151   301   342   291   347 0.81 -
31793at50557_7004_0:0042c4|STRG.12690.1:1049-1870|+    -            274 58189at50557         -            171   4.5e-08   31.9   0.1   1   1   9.9e-10   3.2e-07   29.1   0.1    17    92   154   250   146   252 0.88 -
31793at50557_7004_0:0042c4|STRG.12690.2:1019-1840|+    -            274 58189at50557         -            171   4.5e-08   31.9   0.1   1   1   9.9e-10   3.2e-07   29.1   0.1    17    92   154   250   146   252 0.88 -
31793at50557_7004_0:0042c4|STRG.12690.3:973-1794|+     -            274 58189at50557         -            171   4.5e-08   31.9   0.1   1   1   9.9e-10   3.2e-07   29.1   0.1    17    92   154   250   146   252 0.88 -
31793at50557_7004_0:0042c4|STRG.12690.4:911-1732|+     -            274 58189at50557         -            171   4.5e-08   31.9   0.1   1   1   9.9e-10   3.2e-07   29.1   0.1    17    92   154   250   146   252 0.88 -
31793at50557_51655_0:0011f1|STRG.12685.4:799-1476|+    -            226 58189at50557         -            171   5.3e-08   31.7   0.3   1   1   1.5e-09   4.8e-07   28.6   0.3    13    91   122   221   112   224 0.85 -
31793at50557_7004_0:0042c4|STRG.12685.1:959-1819|+     -            287 58189at50557         -            171   1.9e-07   29.8   0.0   1   1   4.6e-09   1.5e-06   26.9   0.0    17    92   154   250   146   252 0.87 -
31793at50557_7004_0:0042c4|STRG.12685.2:815-1675|+     -            287 58189at50557         -            171   1.9e-07   29.8   0.0   1   1   4.6e-09   1.5e-06   26.9   0.0    17    92   154   250   146   252 0.87 -
31793at50557_7004_0:0042c4|STRG.12685.3:803-1663|+     -            287 58189at50557         -            171   1.9e-07   29.8   0.0   1   1   4.6e-09   1.5e-06   26.9   0.0    17    92   154   250   146   252 0.87 -
31793at50557_307491_0:003733|STRG.6482.1:371-1294|+    -            308 58189at50557         -            171   4.4e-07   28.7   1.0   1   2       7.9   2.6e+03   -3.1   0.0    78    96    79    97    75   105 0.74 -
31793at50557_307491_0:003733|STRG.6482.1:371-1294|+    -            308 58189at50557         -            171   4.4e-07   28.7   1.0   2   2   3.5e-08   1.1e-05   24.1   0.8     9    91   182   284   169   291 0.72 -
31793at50557_307491_0:003733|STRG.6482.2:288-1211|+    -            308 58189at50557         -            171   4.4e-07   28.7   1.0   1   2       7.9   2.6e+03   -3.1   0.0    78    96    79    97    75   105 0.74 -
31793at50557_307491_0:003733|STRG.6482.2:288-1211|+    -            308 58189at50557         -            171   4.4e-07   28.7   1.0   2   2   3.5e-08   1.1e-05   24.1   0.8     9    91   182   284   169   291 0.72 -
31793at50557_7004_0:0042c4|STRG.1881.1:189-1019|+      -            277 58189at50557         -            171   4.7e-07   28.6   1.9   1   1   1.1e-08   3.7e-06   25.7   1.9    10    91   167   268   154   271 0.78 -
22348at50557_103372_0:002a7b|STRG.693.3:75-1835|+      -            587 58189at50557         -            171   2.2e-05   23.2   0.0   1   1   2.5e-07   8.1e-05   21.3   0.0    14    92   380   471   368   479 0.82 -
22348at50557_103372_0:002a7b|STRG.693.1:293-2392|+     -            700 58189at50557         -            171   2.2e-05   23.2   0.6   1   2       2.7   8.8e+02   -1.6   0.0    89   118   415   445   405   461 0.71 -
22348at50557_103372_0:002a7b|STRG.693.1:293-2392|+     -            700 58189at50557         -            171   2.2e-05   23.2   0.6   2   2   3.2e-07   0.00011   20.9   0.0    14    92   493   584   481   592 0.82 -
22348at50557_103372_0:002a7b|STRG.693.2:293-2407|+     -            705 58189at50557         -            171   2.9e-05   22.8   0.1   1   1   3.3e-07   0.00011   20.9   0.0    14    92   498   589   486   597 0.82 -
31793at50557_7004_0:0042c4|STRG.19592.1:558-1394|+     -            279 58189at50557         -            171   4.2e-05   22.2   0.0   1   1   3.1e-07    0.0001   21.0   0.0    12    90   151   249   135   255 0.67 -
31793at50557_7004_0:0042c4|STRG.19592.2:429-1265|+     -            279 58189at50557         -            171   4.2e-05   22.2   0.0   1   1   3.1e-07    0.0001   21.0   0.0    12    90   151   249   135   255 0.67 -
31793at50557_456900_0:001971|STRG.6484.1:41-1828|+     -            596 58189at50557         -            171   0.00038   19.1   0.3   1   1   9.6e-06    0.0031   16.1   0.3    15    91   183   279   166   302 0.79 -
22348at50557_535359_0:00183a|STRG.16284.1:204-1853|+   -            550 58189at50557         -            171   0.00076   18.1   0.0   1   1   5.5e-06    0.0018   16.9   0.0     2    89   380   487   379   493 0.79 -
22348at50557_39758_0:0000a5|STRG.15075.2:1490-1900|+   -            137 58189at50557         -            171    0.0081   14.8   0.2   1   1   0.00032       0.1   11.2   0.2     2    91     8   116     7   125 0.67 -
8602at50557_34720_0:0017b2|STRG.11808.2:1-2496|+       -            832 58189at50557         -            171     0.012   14.3   0.1   1   2     0.013       4.1    6.0   0.0     8    91   490   590   485   598 0.74 -
8602at50557_34720_0:0017b2|STRG.11808.2:1-2496|+       -            832 58189at50557         -            171     0.012   14.3   0.1   2   2     0.014       4.6    5.8   0.1   114   163   693   744   665   754 0.67 -
22348at50557_680683_0:002a76|STRG.15075.1:265-1926|+   -            554 58189at50557         -            171     0.041   12.5   0.8   1   2      0.31     1e+02    1.5   0.0    67   139   189   260   178   264 0.78 -
22348at50557_680683_0:002a76|STRG.15075.1:265-1926|+   -            554 58189at50557         -            171     0.041   12.5   0.8   2   2    0.0073       2.4    6.8   0.2     2    91   418   526   417   535 0.61 -
22348at50557_680683_0:002a76|STRG.15075.3:660-2321|+   -            554 58189at50557         -            171     0.041   12.5   0.8   1   2      0.31     1e+02    1.5   0.0    67   139   189   260   178   264 0.78 -
22348at50557_680683_0:002a76|STRG.15075.3:660-2321|+   -            554 58189at50557         -            171     0.041   12.5   0.8   2   2    0.0073       2.4    6.8   0.2     2    91   418   526   417   535 0.61 -
#
# Program:         hmmsearch
# Version:         3.4 (Aug 2023)
# Pipeline mode:   SEARCH
# Query file:      /data/projet1/projet_tutore/busco_downloads/lineages/insecta_odb10/hmms/58189at50557.hmm
# Target file:     annotation_analysis/annotation_gca/T_septentrionalis/busco_output/run_insecta_odb10/metaeuk_output/initial_results/assembled_transcripts.fasta.modified.fas
# Option settings: hmmsearch --domtblout annotation_analysis/annotation_gca/T_septentrionalis/busco_output/run_insecta_odb10/hmmer_output/initial_run_results/58189at50557.out --cpu 1 /data/projet1/projet_tutore/busco_downloads/lineages/insecta_odb10/hmms/58189at50557.hmm annotation_analysis/annotation_gca/T_septentrionalis/busco_output/run_insecta_odb10/metaeuk_output/initial_results/assembled_transcripts.fasta.modified.fas 
# Current dir:     /data/projet1/projet_tutore
# Date:            Sun Oct 13 13:55:54 2024
# [ok]
