#                                                                                                               --- full sequence --- -------------- this domain -------------   hmm coord   ali coord   env coord
# target name                                           accession   tlen query name           accession   qlen   E-value  score  bias   #  of  c-Evalue  i-Evalue  score  bias  from    to  from    to  from    to  acc description of target
#                                   ------------------- ---------- ----- -------------------- ---------- ----- --------- ------ ----- --- --- --------- --------- ------ ----- ----- ----- ----- ----- ----- ----- ---- ---------------------
60961at50557_34720_0:0017d0|STRG.11926.1:83-1414|+      -            444 60961at50557         -            337  2.3e-172  571.6   0.0   1   2   1.2e-46   3.3e-44  150.2   0.0     1    98    38   142    38   151 0.96 -
60961at50557_34720_0:0017d0|STRG.11926.1:83-1414|+      -            444 60961at50557         -            337  2.3e-172  571.6   0.0   2   2  1.5e-128  4.2e-126  419.5   0.0    93   337   163   440   144   440 0.91 -
60961at50557_41427_0:00202e|STRG.1517.1:654-1757|+      -            368 60961at50557         -            337   1.8e-48  164.2   0.5   1   3   1.2e-15   3.3e-13   48.3   0.0    97   179    16   103     5   131 0.78 -
60961at50557_41427_0:00202e|STRG.1517.1:654-1757|+      -            368 60961at50557         -            337   1.8e-48  164.2   0.5   2   3   6.1e-21   1.7e-18   65.7   0.0    96   198   139   249   129   261 0.79 -
60961at50557_41427_0:00202e|STRG.1517.1:654-1757|+      -            368 60961at50557         -            337   1.8e-48  164.2   0.5   3   3   2.1e-15     6e-13   47.5   0.0    98   189   266   367   250   368 0.79 -
60961at50557_41427_0:00202e|STRG.1517.2:39-1142|+       -            368 60961at50557         -            337   1.8e-48  164.2   0.5   1   3   1.2e-15   3.3e-13   48.3   0.0    97   179    16   103     5   131 0.78 -
60961at50557_41427_0:00202e|STRG.1517.2:39-1142|+       -            368 60961at50557         -            337   1.8e-48  164.2   0.5   2   3   6.1e-21   1.7e-18   65.7   0.0    96   198   139   249   129   261 0.79 -
60961at50557_41427_0:00202e|STRG.1517.2:39-1142|+       -            368 60961at50557         -            337   1.8e-48  164.2   0.5   3   3   2.1e-15     6e-13   47.5   0.0    98   189   266   367   250   368 0.79 -
60961at50557_54969_0:0007af|STRG.8003.2:1024-1737|+     -            238 60961at50557         -            337   1.6e-33  115.1   0.0   1   2     2e-12   5.7e-10   37.7   0.0    19    86     1    67     1    87 0.82 -
60961at50557_54969_0:0007af|STRG.8003.2:1024-1737|+     -            238 60961at50557         -            337   1.6e-33  115.1   0.0   2   2   8.1e-24   2.3e-21   75.1   0.0     2   130    91   238    90   238 0.83 -
60961at50557_54969_0:0007af|STRG.8003.3:1097-1810|+     -            238 60961at50557         -            337   1.6e-33  115.1   0.0   1   2     2e-12   5.7e-10   37.7   0.0    19    86     1    67     1    87 0.82 -
60961at50557_54969_0:0007af|STRG.8003.3:1097-1810|+     -            238 60961at50557         -            337   1.6e-33  115.1   0.0   2   2   8.1e-24   2.3e-21   75.1   0.0     2   130    91   238    90   238 0.83 -
60961at50557_7130_0:0029dd|STRG.8003.1:1555-2187|+      -            211 60961at50557         -            337   3.6e-32  110.7   0.0   1   2   2.5e-13   7.2e-11   40.6   0.0    17    86     2    70     1    90 0.82 -
60961at50557_7130_0:0029dd|STRG.8003.1:1555-2187|+      -            211 60961at50557         -            337   3.6e-32  110.7   0.0   2   2     1e-21   2.9e-19   68.2   0.0     2    83    94   179    93   205 0.89 -
65618at50557_110193_0:0020cd|STRG.7386.1:99-788|+       -            230 60961at50557         -            337   6.1e-26   90.2   0.0   1   1   2.8e-28   7.9e-26   89.8   0.0   104   194     1   100     1   166 0.80 -
60961at50557_319348_0:004156|STRG.19423.1:48-1088|+     -            347 60961at50557         -            337   8.3e-24   83.2   0.1   1   1   1.2e-25   3.4e-23   81.2   0.1     2   303     6   331     5   338 0.74 -
60961at50557_168631_0:0009c7|STRG.8003.1:523-834|+      -            104 60961at50557         -            337   2.2e-19   68.6   0.1   1   1   8.5e-22   2.4e-19   68.5   0.1     3    87     8    92     6   104 0.93 -
60961at50557_104452_0:000511|STRG.8003.2:4-309|+        -            102 60961at50557         -            337   2.7e-19   68.3   0.1   1   1     1e-21     3e-19   68.2   0.1     3    88     1    86     1   101 0.92 -
65618at50557_34720_0:0013ce|STRG.9664.1:419-1889|+      -            442 60961at50557         -            337   5.1e-19   67.4   0.0   1   2   1.3e-20   3.5e-18   64.7   0.0   100   191    41   137    28   163 0.80 -
65618at50557_34720_0:0013ce|STRG.9664.1:419-1889|+      -            442 60961at50557         -            337   5.1e-19   67.4   0.0   2   2      0.49   1.4e+02    0.2   0.0   218   280   280   338   251   367 0.82 -
65618at50557_34720_0:0013ce|STRG.9664.2:419-2077|+      -            442 60961at50557         -            337   5.1e-19   67.4   0.0   1   2   1.3e-20   3.5e-18   64.7   0.0   100   191    41   137    28   163 0.80 -
65618at50557_34720_0:0013ce|STRG.9664.2:419-2077|+      -            442 60961at50557         -            337   5.1e-19   67.4   0.0   2   2      0.49   1.4e+02    0.2   0.0   218   280   280   338   251   367 0.82 -
60961at50557_168631_0:0009c7|STRG.15897.1:560-874|+     -            105 60961at50557         -            337   1.4e-15   56.1   0.1   1   1     6e-18   1.7e-15   55.8   0.1     1    83    11    98     3   103 0.58 -
60961at50557_168631_0:0009c7|STRG.15897.2:549-863|+     -            105 60961at50557         -            337   1.4e-15   56.1   0.1   1   1     6e-18   1.7e-15   55.8   0.1     1    83    11    98     3   103 0.58 -
60961at50557_168631_0:0009c7|STRG.15897.3:370-684|+     -            105 60961at50557         -            337   1.4e-15   56.1   0.1   1   1     6e-18   1.7e-15   55.8   0.1     1    83    11    98     3   103 0.58 -
60961at50557_168631_0:0009c7|STRG.15897.4:622-936|+     -            105 60961at50557         -            337   1.4e-15   56.1   0.1   1   1     6e-18   1.7e-15   55.8   0.1     1    83    11    98     3   103 0.58 -
60961at50557_168631_0:0009c7|STRG.15897.5:398-712|+     -            105 60961at50557         -            337   1.4e-15   56.1   0.1   1   1     6e-18   1.7e-15   55.8   0.1     1    83    11    98     3   103 0.58 -
138527at50557_1049336_0:004c49|STRG.19423.1:1035-1319|+ -             95 60961at50557         -            337   2.1e-15   55.6   0.0   1   1     8e-18   2.3e-15   55.4   0.0    98   168    20    95     7    95 0.80 -
138527at50557_217634_0:002b14|STRG.1517.1:1407-1742|+   -            112 60961at50557         -            337   1.6e-13   49.3   0.0   1   1   6.3e-16   1.8e-13   49.2   0.0    98   184    15   111     4   112 0.79 -
138527at50557_217634_0:002b14|STRG.1517.2:792-1127|+    -            112 60961at50557         -            337   1.6e-13   49.3   0.0   1   1   6.3e-16   1.8e-13   49.2   0.0    98   184    15   111     4   112 0.79 -
65618at50557_64459_0:000660|STRG.7742.1:223-1068|+      -            282 60961at50557         -            337   3.4e-10   38.4   0.0   1   1   1.7e-12   4.8e-10   37.9   0.0     5    84     2    85     1   156 0.81 -
65618at50557_64459_0:000660|STRG.7742.2:223-1116|+      -            298 60961at50557         -            337   4.1e-10   38.1   0.0   1   1   2.3e-12   6.4e-10   37.5   0.0     5    84     2    85     1   124 0.79 -
138527at50557_34720_0:0000ba|STRG.405.2:0-416|+         -            139 60961at50557         -            337   5.5e-10   37.7   0.0   1   1   2.3e-12   6.4e-10   37.5   0.0     8    77    40   109    32   128 0.91 -
138527at50557_34720_0:0000ba|STRG.405.1:493-801|+       -            103 60961at50557         -            337   3.9e-09   34.9   0.0   1   1   1.5e-11   4.2e-09   34.8   0.0     8    71    40   103    23   103 0.90 -
138527at50557_29053_0:0022e2|STRG.1545.2:167-499|+      -            111 60961at50557         -            337     2e-08   32.6   0.0   1   1   7.6e-11   2.1e-08   32.5   0.0     7    78    11    85     7   105 0.81 -
138527at50557_35570_0:000e7c|STRG.1545.4:0-233|+        -             78 60961at50557         -            337   3.6e-08   31.7   0.0   1   1   1.5e-10   4.2e-08   31.5   0.0    17    77    10    69     2    76 0.89 -
138527at50557_29053_0:0022e2|STRG.1545.1:164-463|+      -            100 60961at50557         -            337   3.8e-08   31.7   0.0   1   1   1.4e-10   4.1e-08   31.6   0.0    16    78    13    74     2    94 0.85 -
138527at50557_1049336_0:004c49|STRG.404.1:320-517|+     -             66 60961at50557         -            337   2.3e-06   25.8   0.0   1   1   8.9e-09   2.5e-06   25.7   0.0    23    79     4    59     1    64 0.83 -
138527at50557_121225_0:001e16|STRG.10512.1:66-422|+     -            119 60961at50557         -            337   1.3e-05   23.3   0.0   1   1     5e-08   1.4e-05   23.2   0.0     8    78     9    78     4   110 0.87 -
92898at50557_103372_0:00055a|STRG.10599.1:361-1164|+    -            268 60961at50557         -            337   0.00018   19.6   0.0   1   1   8.5e-07   0.00024   19.2   0.0     2    78   124   203   123   213 0.77 -
#
# Program:         hmmsearch
# Version:         3.4 (Aug 2023)
# Pipeline mode:   SEARCH
# Query file:      /data/projet1/projet_tutore/busco_downloads/lineages/insecta_odb10/hmms/60961at50557.hmm
# Target file:     annotation_analysis/annotation_gca/T_septentrionalis/busco_output/run_insecta_odb10/metaeuk_output/initial_results/assembled_transcripts.fasta.modified.fas
# Option settings: hmmsearch --domtblout annotation_analysis/annotation_gca/T_septentrionalis/busco_output/run_insecta_odb10/hmmer_output/initial_run_results/60961at50557.out --cpu 1 /data/projet1/projet_tutore/busco_downloads/lineages/insecta_odb10/hmms/60961at50557.hmm annotation_analysis/annotation_gca/T_septentrionalis/busco_output/run_insecta_odb10/metaeuk_output/initial_results/assembled_transcripts.fasta.modified.fas 
# Current dir:     /data/projet1/projet_tutore
# Date:            Sun Oct 13 13:56:02 2024
# [ok]
