#                                                                                                          --- full sequence --- -------------- this domain -------------   hmm coord   ali coord   env coord
# target name                                      accession   tlen query name           accession   qlen   E-value  score  bias   #  of  c-Evalue  i-Evalue  score  bias  from    to  from    to  from    to  acc description of target
#                              ------------------- ---------- ----- -------------------- ---------- ----- --------- ------ ----- --- --- --------- --------- ------ ----- ----- ----- ----- ----- ----- ----- ---- ---------------------
65366at50557_34720_0:001073|STRG.8010.1:0-1202|+   -            401 65366at50557         -            318  2.2e-131  436.8   3.5   1   1  2.4e-134  2.9e-131  436.4   3.5     1   318    26   398    26   398 0.88 -
65366at50557_38123_0:0007b0|STRG.3311.4:234-746|+  -            171 65366at50557         -            318   6.8e-28   96.8   0.0   1   1   7.1e-31   8.6e-28   96.4   0.0    98   226    25   168    10   170 0.79 -
65366at50557_38123_0:0007b0|STRG.3311.1:300-833|+  -            178 65366at50557         -            318   7.7e-28   96.6   0.0   1   1   8.2e-31   9.9e-28   96.2   0.0    98   226    32   175    17   177 0.79 -
65366at50557_38123_0:0007b0|STRG.3311.2:341-874|+  -            178 65366at50557         -            318   7.7e-28   96.6   0.0   1   1   8.2e-31   9.9e-28   96.2   0.0    98   226    32   175    17   177 0.79 -
65366at50557_38123_0:0007b0|STRG.3311.3:488-1021|+ -            178 65366at50557         -            318   7.7e-28   96.6   0.0   1   1   8.2e-31   9.9e-28   96.2   0.0    98   226    32   175    17   177 0.79 -
65366at50557_38123_0:0007b0|STRG.3312.1:287-799|+  -            171 65366at50557         -            318   4.2e-27   94.2   0.0   1   1   4.1e-30     5e-27   93.9   0.0    91   229    15   170     9   171 0.79 -
65366at50557_38123_0:0007b0|STRG.3312.2:287-775|+  -            163 65366at50557         -            318   3.1e-26   91.3   0.0   1   1   2.9e-29   3.5e-26   91.1   0.0    91   219    15   161     9   163 0.77 -
#
# Program:         hmmsearch
# Version:         3.4 (Aug 2023)
# Pipeline mode:   SEARCH
# Query file:      /data/projet1/projet_tutore/busco_downloads/lineages/insecta_odb10/hmms/65366at50557.hmm
# Target file:     annotation_analysis/annotation_gca/T_septentrionalis/busco_output/run_insecta_odb10/metaeuk_output/initial_results/assembled_transcripts.fasta.modified.fas
# Option settings: hmmsearch --domtblout annotation_analysis/annotation_gca/T_septentrionalis/busco_output/run_insecta_odb10/hmmer_output/initial_run_results/65366at50557.out --cpu 1 /data/projet1/projet_tutore/busco_downloads/lineages/insecta_odb10/hmms/65366at50557.hmm annotation_analysis/annotation_gca/T_septentrionalis/busco_output/run_insecta_odb10/metaeuk_output/initial_results/assembled_transcripts.fasta.modified.fas 
# Current dir:     /data/projet1/projet_tutore
# Date:            Sun Oct 13 13:56:10 2024
# [ok]
