#                                                                                                               --- full sequence --- -------------- this domain -------------   hmm coord   ali coord   env coord
# target name                                           accession   tlen query name           accession   qlen   E-value  score  bias   #  of  c-Evalue  i-Evalue  score  bias  from    to  from    to  from    to  acc description of target
#                                   ------------------- ---------- ----- -------------------- ---------- ----- --------- ------ ----- --- --- --------- --------- ------ ----- ----- ----- ----- ----- ----- ----- ---- ---------------------
68581at50557_166423_0:000f4f|STRG.19683.3:3-1157|+      -            385 68581at50557         -            288  1.4e-164  544.9  10.1   1   2  4.1e-100   3.5e-98  327.0   6.4     1   190     8   246     8   267 0.88 -
68581at50557_166423_0:000f4f|STRG.19683.3:3-1157|+      -            385 68581at50557         -            288  1.4e-164  544.9  10.1   2   2   5.4e-64   4.5e-62  208.5   0.1   187   288   275   377   271   377 0.98 -
68581at50557_166423_0:000f4f|STRG.19683.2:154-1495|+    -            401 68581at50557         -            288  1.7e-164  544.6  10.1   1   2  4.6e-100   3.8e-98  326.9   6.3     1   190    24   262    24   283 0.88 -
68581at50557_166423_0:000f4f|STRG.19683.2:154-1495|+    -            401 68581at50557         -            288  1.7e-164  544.6  10.1   2   2   5.8e-64   4.9e-62  208.4   0.1   187   288   291   393   287   393 0.98 -
68581at50557_166423_0:000f4f|STRG.19683.1:577-1671|+    -            365 68581at50557         -            288  1.2e-155  515.6  10.9   1   2  3.7e-100   3.1e-98  327.2   6.4     1   190     8   246     8   267 0.88 -
68581at50557_166423_0:000f4f|STRG.19683.1:577-1671|+    -            365 68581at50557         -            288  1.2e-155  515.6  10.9   2   2   3.4e-55   2.9e-53  179.6   0.1   187   276   275   365   271   365 0.98 -
91571at50557_7038_0:00203c|STRG.2345.1:1751-2665|+      -            305 68581at50557         -            288   1.8e-28   98.2   0.6   1   3   1.6e-07   1.3e-05   23.2   0.1   190   272     3    95     1   109 0.84 -
91571at50557_7038_0:00203c|STRG.2345.1:1751-2665|+      -            305 68581at50557         -            288   1.8e-28   98.2   0.6   2   3   1.8e-15   1.5e-13   49.2   0.0   188   273   113   199   103   205 0.93 -
91571at50557_7038_0:00203c|STRG.2345.1:1751-2665|+      -            305 68581at50557         -            288   1.8e-28   98.2   0.6   3   3     2e-07   1.6e-05   22.9   0.0    72   117   241   294   225   300 0.82 -
91571at50557_7038_0:00203c|STRG.2345.2:1588-2502|+      -            305 68581at50557         -            288   1.8e-28   98.2   0.6   1   3   1.6e-07   1.3e-05   23.2   0.1   190   272     3    95     1   109 0.84 -
91571at50557_7038_0:00203c|STRG.2345.2:1588-2502|+      -            305 68581at50557         -            288   1.8e-28   98.2   0.6   2   3   1.8e-15   1.5e-13   49.2   0.0   188   273   113   199   103   205 0.93 -
91571at50557_7038_0:00203c|STRG.2345.2:1588-2502|+      -            305 68581at50557         -            288   1.8e-28   98.2   0.6   3   3     2e-07   1.6e-05   22.9   0.0    72   117   241   294   225   300 0.82 -
98332at50557_132113_0:00196c|STRG.6009.2:957-1760|+     -            257 68581at50557         -            288   9.1e-27   92.6   0.0   1   2   7.3e-23   6.1e-21   73.5   0.0   133   272     5   140     2   153 0.84 -
98332at50557_132113_0:00196c|STRG.6009.2:957-1760|+     -            257 68581at50557         -            288   9.1e-27   92.6   0.0   2   2   1.6e-05    0.0013   16.6   0.0     1    49   155   208   155   215 0.81 -
98332at50557_132113_0:00196c|STRG.6009.3:957-2121|+     -            257 68581at50557         -            288     6e-25   86.7   0.0   1   2   4.9e-21   4.1e-19   67.5   0.0   133   272     5   140     2   153 0.84 -
98332at50557_132113_0:00196c|STRG.6009.3:957-2121|+     -            257 68581at50557         -            288     6e-25   86.7   0.0   2   2   1.4e-05    0.0012   16.8   0.0     1    49   155   208   155   223 0.80 -
98332at50557_132113_0:00196c|STRG.6009.1:127-858|+      -            233 68581at50557         -            288   2.4e-23   81.4   0.0   1   2   2.2e-19   1.8e-17   62.1   0.0   159   272     7   116     1   128 0.85 -
98332at50557_132113_0:00196c|STRG.6009.1:127-858|+      -            233 68581at50557         -            288   2.4e-23   81.4   0.0   2   2   1.3e-05    0.0011   16.9   0.0     1    49   131   184   131   191 0.81 -
98332at50557_133901_0:000b7a|STRG.9215.2:6159-6575|+    -            139 68581at50557         -            288   2.7e-22   78.0   0.2   1   1   3.6e-24     3e-22   77.8   0.2   132   266     1   139     1   139 0.87 -
98332at50557_133901_0:000b7a|STRG.9215.3:1450-1866|+    -            139 68581at50557         -            288   2.7e-22   78.0   0.2   1   1   3.6e-24     3e-22   77.8   0.2   132   266     1   139     1   139 0.87 -
98332at50557_133901_0:000b7a|STRG.9215.4:848-1264|+     -            139 68581at50557         -            288   2.7e-22   78.0   0.2   1   1   3.6e-24     3e-22   77.8   0.2   132   266     1   139     1   139 0.87 -
98332at50557_133901_0:000b7a|STRG.9215.5:848-1264|+     -            139 68581at50557         -            288   2.7e-22   78.0   0.2   1   1   3.6e-24     3e-22   77.8   0.2   132   266     1   139     1   139 0.87 -
15817at50557_610380_0:002a13|STRG.9784.1:1-2604|+       -            868 68581at50557         -            288   6.6e-22   76.7   0.1   1   2     4e-08   3.4e-06   25.1   0.1   193   268     1    77     1    85 0.93 -
15817at50557_610380_0:002a13|STRG.9784.1:1-2604|+       -            868 68581at50557         -            288   6.6e-22   76.7   0.1   2   2   1.7e-15   1.4e-13   49.3   0.0   135   271   109   248    97   256 0.88 -
15817at50557_610380_0:002a13|STRG.9784.2:1-2665|+       -            868 68581at50557         -            288   6.6e-22   76.7   0.1   1   2     4e-08   3.4e-06   25.1   0.1   193   268     1    77     1    85 0.93 -
15817at50557_610380_0:002a13|STRG.9784.2:1-2665|+       -            868 68581at50557         -            288   6.6e-22   76.7   0.1   2   2   1.7e-15   1.4e-13   49.3   0.0   135   271   109   248    97   256 0.88 -
68581at50557_166361_0:00349c|STRG.16830.2:9-659|+       -            217 68581at50557         -            288   9.8e-18   63.0   0.0   1   2   1.8e-06   0.00015   19.7   0.0    72   117     1    51     1    89 0.79 -
68581at50557_166361_0:00349c|STRG.16830.2:9-659|+       -            217 68581at50557         -            288   9.8e-18   63.0   0.0   2   2   3.5e-13   2.9e-11   41.7   0.0    73   182    96   215    75   217 0.85 -
68581at50557_166361_0:00349c|STRG.16830.1:345-971|+     -            209 68581at50557         -            288   1.6e-17   62.3   0.0   1   2   3.3e-06   0.00028   18.8   0.0    72   116     1    50     1    76 0.87 -
68581at50557_166361_0:00349c|STRG.16830.1:345-971|+     -            209 68581at50557         -            288   1.6e-17   62.3   0.0   2   2   3.6e-13     3e-11   41.7   0.0    73   182    88   207    80   209 0.84 -
68581at50557_168631_0:0016a9|STRG.11521.1:4067-4522|+   -            152 68581at50557         -            288   3.4e-14   51.4   0.8   1   2   1.7e-05    0.0014   16.5   0.2    75   115    23    73    15    80 0.76 -
68581at50557_168631_0:0016a9|STRG.11521.1:4067-4522|+   -            152 68581at50557         -            288   3.4e-14   51.4   0.8   2   2   2.4e-11     2e-09   35.7   0.1    37   115    63   151    57   152 0.77 -
68581at50557_168631_0:0016a9|STRG.11521.2:4163-4618|+   -            152 68581at50557         -            288   3.4e-14   51.4   0.8   1   2   1.7e-05    0.0014   16.5   0.2    75   115    23    73    15    80 0.76 -
68581at50557_168631_0:0016a9|STRG.11521.2:4163-4618|+   -            152 68581at50557         -            288   3.4e-14   51.4   0.8   2   2   2.4e-11     2e-09   35.7   0.1    37   115    63   151    57   152 0.77 -
68581at50557_168631_0:0016a9|STRG.11521.3:4136-4591|+   -            152 68581at50557         -            288   3.4e-14   51.4   0.8   1   2   1.7e-05    0.0014   16.5   0.2    75   115    23    73    15    80 0.76 -
68581at50557_168631_0:0016a9|STRG.11521.3:4136-4591|+   -            152 68581at50557         -            288   3.4e-14   51.4   0.8   2   2   2.4e-11     2e-09   35.7   0.1    37   115    63   151    57   152 0.77 -
98332at50557_13164_0:002b29|STRG.18947.1:415-834|+      -            140 68581at50557         -            288     5e-13   47.6   0.0   1   1     6e-15   5.1e-13   47.5   0.0   133   243     1   118     1   140 0.74 -
98332at50557_13164_0:002b29|STRG.18947.2:283-702|+      -            140 68581at50557         -            288     5e-13   47.6   0.0   1   1     6e-15   5.1e-13   47.5   0.0   133   243     1   118     1   140 0.74 -
98332at50557_13164_0:002b29|STRG.18947.3:165-584|+      -            140 68581at50557         -            288     5e-13   47.6   0.0   1   1     6e-15   5.1e-13   47.5   0.0   133   243     1   118     1   140 0.74 -
68581at50557_13037_0:002f45|STRG.11521.1:3185-3889|+    -            235 68581at50557         -            288   5.1e-12   44.2   0.0   1   3    0.0013      0.11   10.4   0.0   133   184     1    53     1    68 0.81 -
68581at50557_13037_0:002f45|STRG.11521.1:3185-3889|+    -            235 68581at50557         -            288   5.1e-12   44.2   0.0   2   3   5.6e-06   0.00047   18.1   0.0   139   186   126   171   109   180 0.83 -
68581at50557_13037_0:002f45|STRG.11521.1:3185-3889|+    -            235 68581at50557         -            288   5.1e-12   44.2   0.0   3   3   0.00039     0.033   12.0   0.0     2    49   184   235   183   235 0.69 -
68581at50557_13037_0:002f45|STRG.11521.2:3281-3985|+    -            235 68581at50557         -            288   5.1e-12   44.2   0.0   1   3    0.0013      0.11   10.4   0.0   133   184     1    53     1    68 0.81 -
68581at50557_13037_0:002f45|STRG.11521.2:3281-3985|+    -            235 68581at50557         -            288   5.1e-12   44.2   0.0   2   3   5.6e-06   0.00047   18.1   0.0   139   186   126   171   109   180 0.83 -
68581at50557_13037_0:002f45|STRG.11521.2:3281-3985|+    -            235 68581at50557         -            288   5.1e-12   44.2   0.0   3   3   0.00039     0.033   12.0   0.0     2    49   184   235   183   235 0.69 -
68581at50557_13037_0:002f45|STRG.11521.3:3254-3958|+    -            235 68581at50557         -            288   5.1e-12   44.2   0.0   1   3    0.0013      0.11   10.4   0.0   133   184     1    53     1    68 0.81 -
68581at50557_13037_0:002f45|STRG.11521.3:3254-3958|+    -            235 68581at50557         -            288   5.1e-12   44.2   0.0   2   3   5.6e-06   0.00047   18.1   0.0   139   186   126   171   109   180 0.83 -
68581at50557_13037_0:002f45|STRG.11521.3:3254-3958|+    -            235 68581at50557         -            288   5.1e-12   44.2   0.0   3   3   0.00039     0.033   12.0   0.0     2    49   184   235   183   235 0.69 -
84585at50557_199890_0:0017fa|STRG.9806.1:1002-3617|+    -            872 68581at50557         -            288   8.4e-11   40.2   0.0   1   3   2.1e-05    0.0018   16.2   0.0    65   182   106   225    92   234 0.71 -
84585at50557_199890_0:0017fa|STRG.9806.1:1002-3617|+    -            872 68581at50557         -            288   8.4e-11   40.2   0.0   2   3   3.8e-06   0.00032   18.6   0.0    68   115   428   483   401   490 0.71 -
84585at50557_199890_0:0017fa|STRG.9806.1:1002-3617|+    -            872 68581at50557         -            288   8.4e-11   40.2   0.0   3   3      0.74        62    1.3   0.0    82   107   831   856   794   871 0.83 -
84585at50557_199890_0:0017fa|STRG.9806.2:1002-3620|+    -            873 68581at50557         -            288   9.3e-11   40.1   0.0   1   3   2.2e-05    0.0018   16.2   0.0    65   182   106   225    92   234 0.71 -
84585at50557_199890_0:0017fa|STRG.9806.2:1002-3620|+    -            873 68581at50557         -            288   9.3e-11   40.1   0.0   2   3   4.3e-06   0.00036   18.5   0.0    68   115   428   483   401   489 0.70 -
84585at50557_199890_0:0017fa|STRG.9806.2:1002-3620|+    -            873 68581at50557         -            288   9.3e-11   40.1   0.0   3   3      0.74        62    1.3   0.0    82   107   832   857   795   872 0.83 -
98332at50557_319348_0:002488|STRG.18325.1:1200-1601|+   -            134 68581at50557         -            288   9.4e-11   40.1   0.0   1   1   1.3e-12   1.1e-10   39.9   0.0    63   181    16   134     1   134 0.82 -
98332at50557_319348_0:002488|STRG.18325.2:936-1337|+    -            134 68581at50557         -            288   9.4e-11   40.1   0.0   1   1   1.3e-12   1.1e-10   39.9   0.0    63   181    16   134     1   134 0.82 -
98332at50557_1629725_0:002182|STRG.18062.1:3114-3365|+  -             84 68581at50557         -            288   1.6e-10   39.3   0.0   1   1     2e-12   1.7e-10   39.3   0.0   189   263     4    82     2    84 0.81 -
98332at50557_28612_0:0024af|STRG.8677.1:1367-1849|+     -            161 68581at50557         -            288     9e-10   36.9   0.0   1   2   6.6e-07   5.6e-05   21.1   0.0   193   274     1    93     1   107 0.77 -
98332at50557_28612_0:0024af|STRG.8677.1:1367-1849|+     -            161 68581at50557         -            288     9e-10   36.9   0.0   2   2   8.8e-05    0.0074   14.2   0.0   135   180   114   160   106   161 0.56 -
98332at50557_28612_0:0024af|STRG.8677.2:2271-2753|+     -            161 68581at50557         -            288     9e-10   36.9   0.0   1   2   6.6e-07   5.6e-05   21.1   0.0   193   274     1    93     1   107 0.77 -
98332at50557_28612_0:0024af|STRG.8677.2:2271-2753|+     -            161 68581at50557         -            288     9e-10   36.9   0.0   2   2   8.8e-05    0.0074   14.2   0.0   135   180   114   160   106   161 0.56 -
98332at50557_28612_0:0024af|STRG.8677.3:3639-4121|+     -            161 68581at50557         -            288     9e-10   36.9   0.0   1   2   6.6e-07   5.6e-05   21.1   0.0   193   274     1    93     1   107 0.77 -
98332at50557_28612_0:0024af|STRG.8677.3:3639-4121|+     -            161 68581at50557         -            288     9e-10   36.9   0.0   2   2   8.8e-05    0.0074   14.2   0.0   135   180   114   160   106   161 0.56 -
98332at50557_28612_0:0024af|STRG.8677.4:2437-2919|+     -            161 68581at50557         -            288     9e-10   36.9   0.0   1   2   6.6e-07   5.6e-05   21.1   0.0   193   274     1    93     1   107 0.77 -
98332at50557_28612_0:0024af|STRG.8677.4:2437-2919|+     -            161 68581at50557         -            288     9e-10   36.9   0.0   2   2   8.8e-05    0.0074   14.2   0.0   135   180   114   160   106   161 0.56 -
98332at50557_1629725_0:002182|STRG.5252.1:1885-2172|+   -             96 68581at50557         -            288   2.4e-09   35.4   0.0   1   1   3.2e-11   2.7e-09   35.3   0.0   189   270     2    84     1    91 0.85 -
98332at50557_1629725_0:002182|STRG.5252.2:4991-5278|+   -             96 68581at50557         -            288   2.4e-09   35.4   0.0   1   1   3.2e-11   2.7e-09   35.3   0.0   189   270     2    84     1    91 0.85 -
68581at50557_168631_0:0016a9|STRG.1998.1:1467-1958|+    -            164 68581at50557         -            288   2.2e-08   32.3   0.0   1   2   1.9e-05    0.0016   16.4   0.0   133   184     1    53     1    63 0.79 -
68581at50557_168631_0:0016a9|STRG.1998.1:1467-1958|+    -            164 68581at50557         -            288   2.2e-08   32.3   0.0   2   2   0.00012    0.0097   13.8   0.0    71   177   114   163    87   164 0.56 -
68581at50557_168631_0:0016a9|STRG.1998.3:1377-1868|+    -            164 68581at50557         -            288   2.2e-08   32.3   0.0   1   2   1.9e-05    0.0016   16.4   0.0   133   184     1    53     1    63 0.79 -
68581at50557_168631_0:0016a9|STRG.1998.3:1377-1868|+    -            164 68581at50557         -            288   2.2e-08   32.3   0.0   2   2   0.00012    0.0097   13.8   0.0    71   177   114   163    87   164 0.56 -
78158at50557_34720_0:001320|STRG.9055.1:0-1997|+        -            666 68581at50557         -            288   3.9e-08   31.5   0.0   1   1   8.3e-10     7e-08   30.7   0.0   183   271   476   568   450   578 0.84 -
68581at50557_104452_0:00171a|STRG.10408.1:2418-2828|+   -            137 68581at50557         -            288   5.3e-08   31.0   0.0   1   1   7.1e-10     6e-08   30.9   0.0    71   121    12    68     6   137 0.70 -
68581at50557_104452_0:00171a|STRG.10408.2:2892-3302|+   -            137 68581at50557         -            288   5.3e-08   31.0   0.0   1   1   7.1e-10     6e-08   30.9   0.0    71   121    12    68     6   137 0.70 -
91571at50557_2015173_0:000792|STRG.10979.1:0-809|+      -            270 68581at50557         -            288   7.7e-08   30.5   0.1   1   2    0.0065      0.54    8.0   0.0   199   267     2    75     1    90 0.80 -
91571at50557_2015173_0:000792|STRG.10979.1:0-809|+      -            270 68581at50557         -            288   7.7e-08   30.5   0.1   2   2   1.2e-06    0.0001   20.3   0.0   131   186    95   150    86   157 0.78 -
68581at50557_45779_0:003c15|STRG.3472.1:1335-1475|+     -             47 68581at50557         -            288   8.5e-07   27.1   0.0   1   1   1.1e-08   9.1e-07   27.0   0.0    75   115     1    46     1    47 0.89 -
68581at50557_45779_0:003c15|STRG.3472.2:1450-1590|+     -             47 68581at50557         -            288   8.5e-07   27.1   0.0   1   1   1.1e-08   9.1e-07   27.0   0.0    75   115     1    46     1    47 0.89 -
68581at50557_45779_0:003c15|STRG.3472.3:1391-1531|+     -             47 68581at50557         -            288   8.5e-07   27.1   0.0   1   1   1.1e-08   9.1e-07   27.0   0.0    75   115     1    46     1    47 0.89 -
68581at50557_45779_0:003c15|STRG.3472.4:1610-1750|+     -             47 68581at50557         -            288   8.5e-07   27.1   0.0   1   1   1.1e-08   9.1e-07   27.0   0.0    75   115     1    46     1    47 0.89 -
68581at50557_45779_0:003c15|STRG.3472.5:1203-1343|+     -             47 68581at50557         -            288   8.5e-07   27.1   0.0   1   1   1.1e-08   9.1e-07   27.0   0.0    75   115     1    46     1    47 0.89 -
98332at50557_37001_0:001c0d|STRG.10689.10:2371-2643|+   -             91 68581at50557         -            288   1.8e-06   26.0   0.0   1   1   6.5e-08   5.5e-06   24.4   0.0    39   114    13    90     1    91 0.81 -
98332at50557_37001_0:001c0d|STRG.10689.11:2776-3048|+   -             91 68581at50557         -            288   1.8e-06   26.0   0.0   1   1   6.5e-08   5.5e-06   24.4   0.0    39   114    13    90     1    91 0.81 -
98332at50557_37001_0:001c0d|STRG.10689.12:6207-6479|+   -             91 68581at50557         -            288   1.8e-06   26.0   0.0   1   1   6.5e-08   5.5e-06   24.4   0.0    39   114    13    90     1    91 0.81 -
98332at50557_37001_0:001c0d|STRG.10689.1:1839-2111|+    -             91 68581at50557         -            288   1.8e-06   26.0   0.0   1   1   6.5e-08   5.5e-06   24.4   0.0    39   114    13    90     1    91 0.81 -
98332at50557_37001_0:001c0d|STRG.10689.2:7436-7708|+    -             91 68581at50557         -            288   1.8e-06   26.0   0.0   1   1   6.5e-08   5.5e-06   24.4   0.0    39   114    13    90     1    91 0.81 -
98332at50557_37001_0:001c0d|STRG.10689.3:2230-2502|+    -             91 68581at50557         -            288   1.8e-06   26.0   0.0   1   1   6.5e-08   5.5e-06   24.4   0.0    39   114    13    90     1    91 0.81 -
98332at50557_37001_0:001c0d|STRG.10689.4:1639-1911|+    -             91 68581at50557         -            288   1.8e-06   26.0   0.0   1   1   6.5e-08   5.5e-06   24.4   0.0    39   114    13    90     1    91 0.81 -
98332at50557_37001_0:001c0d|STRG.10689.5:1019-1291|+    -             91 68581at50557         -            288   1.8e-06   26.0   0.0   1   1   6.5e-08   5.5e-06   24.4   0.0    39   114    13    90     1    91 0.81 -
98332at50557_37001_0:001c0d|STRG.10689.6:7484-7756|+    -             91 68581at50557         -            288   1.8e-06   26.0   0.0   1   1   6.5e-08   5.5e-06   24.4   0.0    39   114    13    90     1    91 0.81 -
98332at50557_37001_0:001c0d|STRG.10689.7:1571-1843|+    -             91 68581at50557         -            288   1.8e-06   26.0   0.0   1   1   6.5e-08   5.5e-06   24.4   0.0    39   114    13    90     1    91 0.81 -
98332at50557_37001_0:001c0d|STRG.10689.8:925-1197|+     -             91 68581at50557         -            288   1.8e-06   26.0   0.0   1   1   6.5e-08   5.5e-06   24.4   0.0    39   114    13    90     1    91 0.81 -
98332at50557_37001_0:001c0d|STRG.10689.9:7343-7615|+    -             91 68581at50557         -            288   1.8e-06   26.0   0.0   1   1   6.5e-08   5.5e-06   24.4   0.0    39   114    13    90     1    91 0.81 -
31374at50557_286306_0:0033df|STRG.19482.1:395-2332|+    -            646 68581at50557         -            288   2.5e-06   25.5   0.0   1   1   4.9e-08   4.2e-06   24.8   0.0     3    64     9    78     5   192 0.77 -
96740at50557_34720_0:001539|STRG.10246.2:335-1503|+     -            356 68581at50557         -            288   5.8e-06   24.4   0.1   1   3       0.1       8.4    4.1   0.0   139   187    83   130    71   205 0.82 -
96740at50557_34720_0:001539|STRG.10246.2:335-1503|+     -            356 68581at50557         -            288   5.8e-06   24.4   0.1   2   3   0.00038     0.032   12.1   0.0   132   182   225   276   217   317 0.82 -
96740at50557_34720_0:001539|STRG.10246.2:335-1503|+     -            356 68581at50557         -            288   5.8e-06   24.4   0.1   3   3     0.061       5.1    4.9   0.0    68    89   328   350   310   355 0.70 -
96740at50557_34720_0:001539|STRG.10246.1:335-1432|+     -            366 68581at50557         -            288   6.6e-06   24.2   0.0   1   3      0.11       9.2    4.0   0.0   139   187    83   130    71   199 0.83 -
96740at50557_34720_0:001539|STRG.10246.1:335-1432|+     -            366 68581at50557         -            288   6.6e-06   24.2   0.0   2   3   0.00042     0.035   11.9   0.0   132   182   234   285   229   326 0.81 -
96740at50557_34720_0:001539|STRG.10246.1:335-1432|+     -            366 68581at50557         -            288   6.6e-06   24.2   0.0   3   3     0.068       5.7    4.7   0.0    68    89   337   359   322   364 0.70 -
98332at50557_1155016_0:002d21|STRG.14169.1:1708-1866|+  -             53 68581at50557         -            288   1.1e-05   23.5   0.0   1   1   1.5e-07   1.2e-05   23.3   0.0    75   116     4    50     2    53 0.85 -
98332at50557_1155016_0:002d21|STRG.14169.2:3285-3443|+  -             53 68581at50557         -            288   1.1e-05   23.5   0.0   1   1   1.5e-07   1.2e-05   23.3   0.0    75   116     4    50     2    53 0.85 -
65263at50557_34720_0:000624|STRG.3235.2:201-1707|+      -            443 68581at50557         -            288   1.4e-05   23.1   0.0   1   1   2.8e-07   2.3e-05   22.4   0.0   185   267   336   416   321   431 0.85 -
68581at50557_45779_0:003c15|STRG.5367.1:3277-3411|+     -             45 68581at50557         -            288   1.5e-05   23.0   0.2   1   1   1.9e-07   1.6e-05   22.9   0.2     7    46     1    45     1    45 0.84 -
68581at50557_45779_0:003c15|STRG.5367.2:2937-3071|+     -             45 68581at50557         -            288   1.5e-05   23.0   0.2   1   1   1.9e-07   1.6e-05   22.9   0.2     7    46     1    45     1    45 0.84 -
65263at50557_34720_0:000624|STRG.3235.1:201-1529|+      -            443 68581at50557         -            288   4.4e-05   21.5   0.0   1   1   8.6e-07   7.3e-05   20.8   0.0   185   266   336   415   321   430 0.83 -
91571at50557_7536_0:000906|STRG.10980.1:0-188|-         -             63 68581at50557         -            288   5.5e-05   21.1   0.0   1   1   7.2e-07     6e-05   21.0   0.0   193   242     1    51     1    59 0.90 -
98332at50557_1155016_0:002d21|STRG.13301.1:851-1000|+   -             50 68581at50557         -            288   6.4e-05   20.9   0.0   1   1   8.1e-07   6.8e-05   20.9   0.0   133   180     3    49     1    50 0.62 -
98332at50557_1155016_0:002d21|STRG.13301.2:851-1000|+   -             50 68581at50557         -            288   6.4e-05   20.9   0.0   1   1   8.1e-07   6.8e-05   20.9   0.0   133   180     3    49     1    50 0.62 -
98332at50557_1155016_0:002d21|STRG.13301.3:851-1000|+   -             50 68581at50557         -            288   6.4e-05   20.9   0.0   1   1   8.1e-07   6.8e-05   20.9   0.0   133   180     3    49     1    50 0.62 -
98332at50557_1155016_0:002d21|STRG.18420.1:3354-3506|+  -             51 68581at50557         -            288   0.00013   19.9   0.0   1   1   1.6e-06   0.00014   19.8   0.0    75   115     5    50     1    51 0.68 -
98332at50557_197043_0:002812|STRG.19054.1:2309-2482|+   -             58 68581at50557         -            288   0.00025   19.0   0.0   1   1   3.4e-06   0.00028   18.8   0.0   133   181     5    52     2    57 0.72 -
98332at50557_197043_0:002812|STRG.19054.2:3106-3279|+   -             58 68581at50557         -            288   0.00025   19.0   0.0   1   1   3.4e-06   0.00028   18.8   0.0   133   181     5    52     2    57 0.72 -
98332at50557_197043_0:002812|STRG.19054.3:2368-2541|+   -             58 68581at50557         -            288   0.00025   19.0   0.0   1   1   3.4e-06   0.00028   18.8   0.0   133   181     5    52     2    57 0.72 -
98332at50557_197043_0:002812|STRG.19054.4:2368-2541|+   -             58 68581at50557         -            288   0.00025   19.0   0.0   1   1   3.4e-06   0.00028   18.8   0.0   133   181     5    52     2    57 0.72 -
98332at50557_197043_0:002812|STRG.19054.5:3106-3279|+   -             58 68581at50557         -            288   0.00025   19.0   0.0   1   1   3.4e-06   0.00028   18.8   0.0   133   181     5    52     2    57 0.72 -
98332at50557_197043_0:002812|STRG.19054.6:2463-2636|+   -             58 68581at50557         -            288   0.00025   19.0   0.0   1   1   3.4e-06   0.00028   18.8   0.0   133   181     5    52     2    57 0.72 -
98332at50557_7004_0:00518d|STRG.1016.1:1454-1708|+      -             85 68581at50557         -            288   0.00026   18.9   0.0   1   1   3.5e-06   0.00029   18.8   0.0   193   267     1    85     1    85 0.77 -
98332at50557_7004_0:00518d|STRG.1016.2:2135-2389|+      -             85 68581at50557         -            288   0.00026   18.9   0.0   1   1   3.5e-06   0.00029   18.8   0.0   193   267     1    85     1    85 0.77 -
98332at50557_7004_0:00518d|STRG.1016.3:1351-1605|+      -             85 68581at50557         -            288   0.00026   18.9   0.0   1   1   3.5e-06   0.00029   18.8   0.0   193   267     1    85     1    85 0.77 -
54067at50557_168631_0:001e78|STRG.11321.1:523-759|+     -             79 68581at50557         -            288   0.00046   18.1   0.0   1   1   5.6e-06   0.00047   18.1   0.0   188   236    29    77    14    79 0.82 -
54067at50557_168631_0:001e78|STRG.11321.2:629-865|+     -             79 68581at50557         -            288   0.00046   18.1   0.0   1   1   5.6e-06   0.00047   18.1   0.0   188   236    29    77    14    79 0.82 -
54067at50557_168631_0:001e78|STRG.11321.3:523-759|+     -             79 68581at50557         -            288   0.00046   18.1   0.0   1   1   5.6e-06   0.00047   18.1   0.0   188   236    29    77    14    79 0.82 -
54067at50557_168631_0:001e78|STRG.11321.4:312-548|+     -             79 68581at50557         -            288   0.00046   18.1   0.0   1   1   5.6e-06   0.00047   18.1   0.0   188   236    29    77    14    79 0.82 -
54067at50557_103372_0:001461|STRG.2318.1:5-2026|+       -            674 68581at50557         -            288    0.0019   16.1   0.0   1   1   3.6e-05     0.003   15.4   0.0   188   243    25    81    15   121 0.76 -
54067at50557_103372_0:001461|STRG.2318.2:124-2256|+     -            711 68581at50557         -            288     0.002   16.0   0.0   1   1   3.9e-05    0.0032   15.3   0.0   188   243    62   118    52   158 0.76 -
54067at50557_103372_0:001461|STRG.2318.3:213-2564|+     -            784 68581at50557         -            288    0.0023   15.8   0.0   1   1   4.4e-05    0.0037   15.2   0.0   188   243   135   191   125   231 0.76 -
54067at50557_103372_0:001461|STRG.2318.5:403-2754|+     -            784 68581at50557         -            288    0.0023   15.8   0.0   1   1   4.4e-05    0.0037   15.2   0.0   188   243   135   191   125   231 0.76 -
54067at50557_64793_0:000888|STRG.2318.4:588-3008|+      -            807 68581at50557         -            288    0.0024   15.8   0.0   1   1   4.6e-05    0.0039   15.1   0.0   188   243   158   214   148   254 0.76 -
98332at50557_1218281_0:000682|STRG.6018.1:455-583|+     -             43 68581at50557         -            288    0.0029   15.5   0.0   1   1   3.5e-05     0.003   15.5   0.0   140   181     3    43     1    43 0.82 -
54067at50557_168631_0:001e78|STRG.7785.1:654-872|+      -             73 68581at50557         -            288    0.0032   15.3   0.0   1   1   3.9e-05    0.0033   15.3   0.0   188   235    24    71    10    73 0.75 -
109797at50557_1049336_0:0031df|STRG.16325.1:1092-1499|+ -            136 68581at50557         -            288     0.004   15.0   0.0   1   1   5.6e-05    0.0047   14.8   0.0   194   245     1    52     1    82 0.81 -
68581at50557_104452_0:00171a|STRG.9957.1:3294-3809|+    -            172 68581at50557         -            288     0.005   14.7   0.0   1   2    0.0039      0.32    8.8   0.0   136   186    34    83     1    91 0.74 -
68581at50557_104452_0:00171a|STRG.9957.1:3294-3809|+    -            172 68581at50557         -            288     0.005   14.7   0.0   2   2     0.088       7.4    4.3   0.0   141   183   131   172   109   172 0.84 -
68581at50557_104452_0:00171a|STRG.9957.2:3510-4025|+    -            172 68581at50557         -            288     0.005   14.7   0.0   1   2    0.0039      0.32    8.8   0.0   136   186    34    83     1    91 0.74 -
68581at50557_104452_0:00171a|STRG.9957.2:3510-4025|+    -            172 68581at50557         -            288     0.005   14.7   0.0   2   2     0.088       7.4    4.3   0.0   141   183   131   172   109   172 0.84 -
68581at50557_29031_0:00220d|STRG.1293.1:607-861|+       -             85 68581at50557         -            288     0.016   13.1   0.0   1   1   0.00019     0.016   13.1   0.0    71   175    36    82    10    85 0.56 -
68581at50557_29031_0:00220d|STRG.1293.2:396-650|+       -             85 68581at50557         -            288     0.016   13.1   0.0   1   1   0.00019     0.016   13.1   0.0    71   175    36    82    10    85 0.56 -
98332at50557_77166_0:00193f|STRG.7063.1:441-980|+       -            180 68581at50557         -            288     0.021   12.7   0.0   1   2     0.012      0.99    7.2   0.0    79   107     1    29     1    71 0.88 -
98332at50557_77166_0:00193f|STRG.7063.1:441-980|+       -            180 68581at50557         -            288     0.021   12.7   0.0   2   2      0.12        10    3.9   0.0    62   166   122   165   104   180 0.44 -
98332at50557_1155016_0:002d21|STRG.18705.1:18-161|+     -             48 68581at50557         -            288     0.064   11.1   0.0   1   1   0.00076     0.064   11.1   0.0   138   176     8    47     1    48 0.62 -
91571at50557_1155016_0:0060c2|STRG.16288.1:575-838|+    -             88 68581at50557         -            288     0.071   10.9   0.0   1   1   0.00089     0.075   10.9   0.0   141   184    31    75    14    84 0.82 -
#
# Program:         hmmsearch
# Version:         3.4 (Aug 2023)
# Pipeline mode:   SEARCH
# Query file:      /data/projet1/projet_tutore/busco_downloads/lineages/insecta_odb10/hmms/68581at50557.hmm
# Target file:     annotation_analysis/annotation_gca/T_septentrionalis/busco_output/run_insecta_odb10/metaeuk_output/initial_results/assembled_transcripts.fasta.modified.fas
# Option settings: hmmsearch --domtblout annotation_analysis/annotation_gca/T_septentrionalis/busco_output/run_insecta_odb10/hmmer_output/initial_run_results/68581at50557.out --cpu 1 /data/projet1/projet_tutore/busco_downloads/lineages/insecta_odb10/hmms/68581at50557.hmm annotation_analysis/annotation_gca/T_septentrionalis/busco_output/run_insecta_odb10/metaeuk_output/initial_results/assembled_transcripts.fasta.modified.fas 
# Current dir:     /data/projet1/projet_tutore
# Date:            Sun Oct 13 13:56:18 2024
# [ok]
