#                                                                                                             --- full sequence --- -------------- this domain -------------   hmm coord   ali coord   env coord
# target name                                         accession   tlen query name           accession   qlen   E-value  score  bias   #  of  c-Evalue  i-Evalue  score  bias  from    to  from    to  from    to  acc description of target
#                                 ------------------- ---------- ----- -------------------- ---------- ----- --------- ------ ----- --- --- --------- --------- ------ ----- ----- ----- ----- ----- ----- ----- ---- ---------------------
68878at50557_456900_0:00124f|STRG.5868.1:1021-2739|+  -            573 68878at50557         -            147   3.1e-87  289.1   2.0   1   2   1.4e-83   1.3e-81  270.9   0.3     1   123    17   139    17   145 0.99 -
68878at50557_456900_0:00124f|STRG.5868.1:1021-2739|+  -            573 68878at50557         -            147   3.1e-87  289.1   2.0   2   2     2e-05    0.0018   17.3   0.1   122   142   195   215   190   219 0.86 -
68878at50557_456900_0:00124f|STRG.5868.4:385-2103|+   -            573 68878at50557         -            147   3.1e-87  289.1   2.0   1   2   1.4e-83   1.3e-81  270.9   0.3     1   123    17   139    17   145 0.99 -
68878at50557_456900_0:00124f|STRG.5868.4:385-2103|+   -            573 68878at50557         -            147   3.1e-87  289.1   2.0   2   2     2e-05    0.0018   17.3   0.1   122   142   195   215   190   219 0.86 -
68878at50557_456900_0:00124f|STRG.5868.5:751-2469|+   -            573 68878at50557         -            147   3.1e-87  289.1   2.0   1   2   1.4e-83   1.3e-81  270.9   0.3     1   123    17   139    17   145 0.99 -
68878at50557_456900_0:00124f|STRG.5868.5:751-2469|+   -            573 68878at50557         -            147   3.1e-87  289.1   2.0   2   2     2e-05    0.0018   17.3   0.1   122   142   195   215   190   219 0.86 -
68878at50557_286306_0:000f1f|STRG.5868.2:665-2455|+   -            597 68878at50557         -            147   3.6e-87  288.8   2.0   1   2   1.5e-83   1.4e-81  270.8   0.3     1   123    81   203    81   209 0.99 -
68878at50557_286306_0:000f1f|STRG.5868.2:665-2455|+   -            597 68878at50557         -            147   3.6e-87  288.8   2.0   2   2   2.1e-05    0.0019   17.3   0.1   122   142   259   279   254   283 0.86 -
68878at50557_166423_0:001a36|STRG.5868.3:857-3671|+   -            743 68878at50557         -            147   5.8e-87  288.2   2.0   1   2   2.2e-83   1.9e-81  270.3   0.3     1   123    17   139    17   145 0.99 -
68878at50557_166423_0:001a36|STRG.5868.3:857-3671|+   -            743 68878at50557         -            147   5.8e-87  288.2   2.0   2   2   2.7e-05    0.0024   16.9   0.1   122   142   195   215   190   219 0.86 -
68878at50557_29031_0:000dd0|STRG.15343.1:371-730|+    -            120 68878at50557         -            147   1.5e-54  183.1   0.1   1   1     2e-56   1.8e-54  182.8   0.1     4   121     1   118     1   119 0.99 -
68878at50557_29031_0:000dd0|STRG.15343.2:371-730|+    -            120 68878at50557         -            147   1.5e-54  183.1   0.1   1   1     2e-56   1.8e-54  182.8   0.1     4   121     1   118     1   119 0.99 -
68878at50557_29031_0:000dd0|STRG.15202.1:102-461|+    -            120 68878at50557         -            147   1.2e-53  180.1   0.1   1   1   1.5e-55   1.3e-53  180.0   0.1     1   117     1   118     1   120 0.97 -
68878at50557_29031_0:000dd0|STRG.15202.2:0-359|+      -            120 68878at50557         -            147   1.2e-53  180.1   0.1   1   1   1.5e-55   1.3e-53  180.0   0.1     1   117     1   118     1   120 0.97 -
68878at50557_121845_0:001d53|STRG.20123.1:453-902|+   -            150 68878at50557         -            147   2.9e-52  175.6   0.0   1   1   3.8e-54   3.4e-52  175.4   0.0     1   119     1   119     1   133 0.97 -
68878at50557_121845_0:001d53|STRG.20123.2:453-902|+   -            150 68878at50557         -            147   2.9e-52  175.6   0.0   1   1   3.8e-54   3.4e-52  175.4   0.0     1   119     1   119     1   133 0.97 -
68878at50557_29031_0:000dd0|STRG.17679.1:516-854|+    -            113 68878at50557         -            147   6.3e-51  171.3   0.1   1   1   7.9e-53     7e-51  171.1   0.1     4   116     1   113     1   113 0.99 -
68878at50557_29031_0:000dd0|STRG.17679.2:516-854|+    -            113 68878at50557         -            147   6.3e-51  171.3   0.1   1   1   7.9e-53     7e-51  171.1   0.1     4   116     1   113     1   113 0.99 -
68878at50557_29031_0:000dd0|STRG.17679.3:516-854|+    -            113 68878at50557         -            147   6.3e-51  171.3   0.1   1   1   7.9e-53     7e-51  171.1   0.1     4   116     1   113     1   113 0.99 -
68878at50557_29031_0:000dd0|STRG.17679.4:466-804|+    -            113 68878at50557         -            147   6.3e-51  171.3   0.1   1   1   7.9e-53     7e-51  171.1   0.1     4   116     1   113     1   113 0.99 -
68878at50557_29031_0:000dd0|STRG.17679.5:179-517|+    -            113 68878at50557         -            147   6.3e-51  171.3   0.1   1   1   7.9e-53     7e-51  171.1   0.1     4   116     1   113     1   113 0.99 -
68878at50557_29031_0:000dd0|STRG.17679.6:179-517|+    -            113 68878at50557         -            147   6.3e-51  171.3   0.1   1   1   7.9e-53     7e-51  171.1   0.1     4   116     1   113     1   113 0.99 -
68878at50557_29031_0:000dd0|STRG.17679.7:179-517|+    -            113 68878at50557         -            147   6.3e-51  171.3   0.1   1   1   7.9e-53     7e-51  171.1   0.1     4   116     1   113     1   113 0.99 -
68878at50557_29031_0:000dd0|STRG.17679.8:179-517|+    -            113 68878at50557         -            147   6.3e-51  171.3   0.1   1   1   7.9e-53     7e-51  171.1   0.1     4   116     1   113     1   113 0.99 -
105732at50557_246812_0:0033b1|STRG.16638.1:172-1512|+ -            447 68878at50557         -            147   1.2e-48  163.8   1.5   1   2   5.2e-49   4.6e-47  158.7   0.1     4   126     1   123     1   141 0.92 -
105732at50557_246812_0:0033b1|STRG.16638.1:172-1512|+ -            447 68878at50557         -            147   1.2e-48  163.8   1.5   2   2      0.23        20    4.2   0.2   113   133   268   288   266   301 0.84 -
70122at50557_197043_0:006b82|STRG.16555.1:58-405|+    -            116 68878at50557         -            147   4.5e-48  162.0   0.1   1   1   5.5e-50   4.9e-48  161.9   0.1     3   116     3   116     1   116 0.98 -
70122at50557_197043_0:006b82|STRG.16555.2:58-405|+    -            116 68878at50557         -            147   4.5e-48  162.0   0.1   1   1   5.5e-50   4.9e-48  161.9   0.1     3   116     3   116     1   116 0.98 -
70122at50557_411798_0:0024d5|STRG.7751.1:1398-2645|+  -            416 68878at50557         -            147   1.1e-46  157.5   0.2   1   1   2.1e-48   1.8e-46  156.8   0.2     3   122     4   123     2   140 0.94 -
70122at50557_411798_0:0024d5|STRG.7751.2:449-1696|+   -            416 68878at50557         -            147   1.1e-46  157.5   0.2   1   1   2.1e-48   1.8e-46  156.8   0.2     3   122     4   123     2   140 0.94 -
70122at50557_456900_0:000ad6|STRG.7751.3:298-1554|+   -            419 68878at50557         -            147   1.2e-46  157.4   0.2   1   1   2.1e-48   1.9e-46  156.8   0.2     3   122     4   123     2   140 0.95 -
70122at50557_456900_0:000ad6|STRG.7751.4:194-1462|+   -            423 68878at50557         -            147   1.2e-46  157.4   0.2   1   1   2.2e-48   1.9e-46  156.7   0.2     3   122     4   123     2   140 0.95 -
70122at50557_197043_0:006b82|STRG.16638.2:172-507|+   -            112 68878at50557         -            147   1.8e-46  156.8   0.1   1   1   2.3e-48     2e-46  156.6   0.1     4   115     1   112     1   112 0.99 -
70122at50557_197043_0:006b82|STRG.16638.3:15-350|+    -            112 68878at50557         -            147   1.8e-46  156.8   0.1   1   1   2.3e-48     2e-46  156.6   0.1     4   115     1   112     1   112 0.99 -
68878at50557_197043_0:003784|STRG.8999.1:9-446|+      -            146 68878at50557         -            147   6.3e-46  155.0   0.0   1   1   8.2e-48   7.3e-46  154.9   0.0     2   123     3   127     2   145 0.90 -
70122at50557_197043_0:006b82|STRG.17678.2:922-1281|+  -            120 68878at50557         -            147   1.9e-45  153.5   0.3   1   1   2.3e-47     2e-45  153.4   0.3     4   121     1   119     1   120 0.97 -
70122at50557_197043_0:006b82|STRG.17678.6:905-1264|+  -            120 68878at50557         -            147   1.9e-45  153.5   0.3   1   1   2.3e-47     2e-45  153.4   0.3     4   121     1   119     1   120 0.97 -
68878at50557_1629725_0:001c2f|STRG.17430.2:892-1611|+ -            240 68878at50557         -            147   1.4e-44  150.7   0.0   1   1   2.1e-46   1.8e-44  150.3   0.0     3   127    22   146    20   180 0.90 -
70122at50557_286706_0:000bf4|STRG.9100.3:347-1552|+   -            402 68878at50557         -            147   1.8e-44  150.3   0.2   1   1   3.5e-46   3.1e-44  149.6   0.2     2   127     6   132     5   152 0.93 -
70122at50557_286706_0:000bf4|STRG.9100.2:347-1555|+   -            403 68878at50557         -            147   1.8e-44  150.3   0.2   1   1   3.5e-46   3.1e-44  149.6   0.2     2   127     6   132     5   152 0.93 -
70122at50557_79782_0:0022b6|STRG.9100.4:0-1253|+      -            418 68878at50557         -            147     2e-44  150.2   0.2   1   1   3.7e-46   3.3e-44  149.5   0.2     2   127     2   128     1   148 0.93 -
70122at50557_56086_0:00188d|STRG.9100.5:0-353|+       -            118 68878at50557         -            147     3e-44  149.6   0.2   1   1   3.7e-46   3.3e-44  149.5   0.2     2   116     2   116     1   118 0.98 -
70122at50557_7091_0:0008c7|STRG.9100.1:368-1615|+     -            416 68878at50557         -            147   6.3e-44  148.6   0.2   1   1   1.2e-45     1e-43  147.8   0.2     5   127     2   125     1   145 0.94 -
68878at50557_307491_0:0030a6|STRG.17430.5:141-1175|+  -            345 68878at50557         -            147   9.6e-44  148.0   0.0   1   1   1.5e-45   1.3e-43  147.5   0.0     4   127     1   124     1   148 0.90 -
68878at50557_29031_0:000dd0|STRG.17430.1:552-896|+    -            115 68878at50557         -            147   1.1e-43  147.7   0.1   1   1   1.4e-45   1.3e-43  147.6   0.1     4   118     1   115     1   115 0.99 -
68878at50557_29031_0:000dd0|STRG.17430.3:320-664|+    -            115 68878at50557         -            147   1.1e-43  147.7   0.1   1   1   1.4e-45   1.3e-43  147.6   0.1     4   118     1   115     1   115 0.99 -
68878at50557_29031_0:000dd0|STRG.17430.4:320-664|+    -            115 68878at50557         -            147   1.1e-43  147.7   0.1   1   1   1.4e-45   1.3e-43  147.6   0.1     4   118     1   115     1   115 0.99 -
70122at50557_286706_0:000bf4|STRG.12378.3:635-1687|+  -            351 68878at50557         -            147   1.6e-42  144.0   0.0   1   1   3.1e-44   2.8e-42  143.2   0.0     4   120     4   120     2   130 0.97 -
70122at50557_246812_0:0007a3|STRG.12378.1:644-1387|+  -            248 68878at50557         -            147   1.7e-42  144.0   0.0   1   1   2.9e-44   2.6e-42  143.3   0.0     4   120     1   117     1   127 0.97 -
68878at50557_121845_0:001d53|STRG.15278.1:158-499|+   -            114 68878at50557         -            147   3.9e-42  142.7   0.3   1   1   4.8e-44   4.3e-42  142.6   0.3     3   114     3   114     1   114 0.99 -
68878at50557_121845_0:001d53|STRG.15278.2:105-446|+   -            114 68878at50557         -            147   3.9e-42  142.7   0.3   1   1   4.8e-44   4.3e-42  142.6   0.3     3   114     3   114     1   114 0.99 -
68878at50557_121845_0:001d53|STRG.15278.3:166-507|+   -            114 68878at50557         -            147   3.9e-42  142.7   0.3   1   1   4.8e-44   4.3e-42  142.6   0.3     3   114     3   114     1   114 0.99 -
70122at50557_34740_0:00443e|STRG.12378.4:36-1181|+    -            382 68878at50557         -            147   4.1e-42  142.7   0.0   1   1   7.6e-44   6.7e-42  142.0   0.0     4   120     1   117     1   127 0.97 -
70122at50557_7130_0:001fba|STRG.12378.2:644-1888|+    -            415 68878at50557         -            147   4.5e-42  142.6   0.0   1   1   8.9e-44   7.9e-42  141.8   0.0     4   120     1   117     1   127 0.97 -
70122at50557_56086_0:00188d|STRG.15848.1:13-360|+     -            116 68878at50557         -            147   3.4e-40  136.5   0.1   1   1   4.4e-42   3.9e-40  136.3   0.1     2   115     3   116     2   116 0.99 -
70122at50557_56086_0:00188d|STRG.15848.2:13-360|+     -            116 68878at50557         -            147   3.4e-40  136.5   0.1   1   1   4.4e-42   3.9e-40  136.3   0.1     2   115     3   116     2   116 0.99 -
70122at50557_56086_0:00188d|STRG.15848.3:13-360|+     -            116 68878at50557         -            147   3.4e-40  136.5   0.1   1   1   4.4e-42   3.9e-40  136.3   0.1     2   115     3   116     2   116 0.99 -
70122at50557_56086_0:00188d|STRG.15848.4:0-347|+      -            116 68878at50557         -            147   3.4e-40  136.5   0.1   1   1   4.4e-42   3.9e-40  136.3   0.1     2   115     3   116     2   116 0.99 -
70122at50557_56086_0:00188d|STRG.999.1:429-779|+      -            117 68878at50557         -            147   6.9e-40  135.5   0.2   1   1   9.4e-42   8.3e-40  135.2   0.2     4   115     4   115     2   117 0.98 -
70122at50557_56086_0:00188d|STRG.999.2:329-679|+      -            117 68878at50557         -            147   6.9e-40  135.5   0.2   1   1   9.4e-42   8.3e-40  135.2   0.2     4   115     4   115     2   117 0.98 -
70122at50557_56086_0:00188d|STRG.999.3:329-679|+      -            117 68878at50557         -            147   6.9e-40  135.5   0.2   1   1   9.4e-42   8.3e-40  135.2   0.2     4   115     4   115     2   117 0.98 -
70122at50557_56086_0:00188d|STRG.999.4:789-1139|+     -            117 68878at50557         -            147   6.9e-40  135.5   0.2   1   1   9.4e-42   8.3e-40  135.2   0.2     4   115     4   115     2   117 0.98 -
70122at50557_56086_0:00188d|STRG.999.5:789-1139|+     -            117 68878at50557         -            147   6.9e-40  135.5   0.2   1   1   9.4e-42   8.3e-40  135.2   0.2     4   115     4   115     2   117 0.98 -
70122at50557_56086_0:00188d|STRG.999.6:482-832|+      -            117 68878at50557         -            147   6.9e-40  135.5   0.2   1   1   9.4e-42   8.3e-40  135.2   0.2     4   115     4   115     2   117 0.98 -
70122at50557_197043_0:006b82|STRG.18550.1:3725-4048|+ -            108 68878at50557         -            147   1.7e-37  127.7   0.1   1   1   2.1e-39   1.8e-37  127.6   0.1     7   114     1   108     1   108 1.00 -
70122at50557_197043_0:006b82|STRG.18550.2:3731-4054|+ -            108 68878at50557         -            147   1.7e-37  127.7   0.1   1   1   2.1e-39   1.8e-37  127.6   0.1     7   114     1   108     1   108 1.00 -
70122at50557_197043_0:006b82|STRG.18550.3:2950-3273|+ -            108 68878at50557         -            147   1.7e-37  127.7   0.1   1   1   2.1e-39   1.8e-37  127.6   0.1     7   114     1   108     1   108 1.00 -
70122at50557_197043_0:006b82|STRG.16419.1:203-529|+   -            109 68878at50557         -            147   1.1e-36  125.1   0.0   1   1   1.4e-38   1.2e-36  124.9   0.0     7   114     1   108     1   109 0.99 -
70122at50557_197043_0:006b82|STRG.16419.2:203-529|+   -            109 68878at50557         -            147   1.1e-36  125.1   0.0   1   1   1.4e-38   1.2e-36  124.9   0.0     7   114     1   108     1   109 0.99 -
70122at50557_197043_0:006b82|STRG.16419.3:203-529|+   -            109 68878at50557         -            147   1.1e-36  125.1   0.0   1   1   1.4e-38   1.2e-36  124.9   0.0     7   114     1   108     1   109 0.99 -
70122at50557_56086_0:00188d|STRG.12296.2:807-1163|+   -            119 68878at50557         -            147   1.1e-32  112.1   0.0   1   1   1.5e-34   1.3e-32  111.9   0.0     4   117     1   115     1   117 0.97 -
70122at50557_56086_0:00188d|STRG.12296.5:372-728|+    -            119 68878at50557         -            147   1.1e-32  112.1   0.0   1   1   1.5e-34   1.3e-32  111.9   0.0     4   117     1   115     1   117 0.97 -
70122at50557_197043_0:006b82|STRG.12296.1:394-741|+   -            116 68878at50557         -            147   1.3e-32  111.9   0.0   1   1   1.6e-34   1.4e-32  111.8   0.0     4   116     1   114     1   116 0.97 -
70122at50557_197043_0:006b82|STRG.12296.3:391-738|+   -            116 68878at50557         -            147   1.3e-32  111.9   0.0   1   1   1.6e-34   1.4e-32  111.8   0.0     4   116     1   114     1   116 0.97 -
70122at50557_197043_0:006b82|STRG.12296.4:432-779|+   -            116 68878at50557         -            147   1.3e-32  111.9   0.0   1   1   1.6e-34   1.4e-32  111.8   0.0     4   116     1   114     1   116 0.97 -
70122at50557_56086_0:00188d|STRG.3880.1:243-575|+     -            111 68878at50557         -            147   9.6e-30  102.6   0.1   1   1   1.2e-31     1e-29  102.4   0.1     4   114     1   111     1   111 0.98 -
70122at50557_56086_0:00188d|STRG.3880.2:243-575|+     -            111 68878at50557         -            147   9.6e-30  102.6   0.1   1   1   1.2e-31     1e-29  102.4   0.1     4   114     1   111     1   111 0.98 -
70122at50557_56086_0:00188d|STRG.3880.3:243-575|+     -            111 68878at50557         -            147   9.6e-30  102.6   0.1   1   1   1.2e-31     1e-29  102.4   0.1     4   114     1   111     1   111 0.98 -
70122at50557_197043_0:006b82|STRG.17519.2:514-885|+   -            124 68878at50557         -            147   2.4e-26   91.5   0.0   1   1   3.1e-28   2.8e-26   91.3   0.0     4   118     1   115     1   123 0.96 -
73720at50557_29031_0:000293|STRG.16179.1:51-428|+     -            126 68878at50557         -            147   4.7e-23   80.9   0.1   1   1   5.7e-25   5.1e-23   80.7   0.1    20   116     4   101     1   121 0.94 -
70122at50557_197043_0:006b82|STRG.17678.7:49-321|+    -             91 68878at50557         -            147   6.3e-23   80.4   0.0   1   1   8.1e-25   7.2e-23   80.3   0.0    46   121    14    90     8    91 0.95 -
68878at50557_121845_0:001d53|STRG.4136.1:1-219|-      -             73 68878at50557         -            147   5.8e-22   77.3   0.0   1   1     7e-24   6.2e-22   77.2   0.0     3    73     3    73     1    73 0.97 -
106896at50557_34720_0:0025d6|STRG.18036.1:527-1954|+  -            476 68878at50557         -            147   2.5e-21   75.2   0.2   1   1   6.5e-23   5.8e-21   74.1   0.0    42   127     3    90     1   107 0.87 -
70122at50557_56086_0:00188d|STRG.16864.1:374-694|+    -            107 68878at50557         -            147     3e-20   71.8   0.1   1   1   3.7e-22   3.2e-20   71.6   0.1     8   114     1   107     1   107 0.98 -
70122at50557_56086_0:00188d|STRG.16864.3:371-691|+    -            107 68878at50557         -            147     3e-20   71.8   0.1   1   1   3.7e-22   3.2e-20   71.6   0.1     8   114     1   107     1   107 0.98 -
40442at50557_1155016_0:000337|STRG.13473.1:661-1257|+ -            199 68878at50557         -            147   4.1e-13   48.6   0.1   1   1   8.9e-15   7.9e-13   47.7   0.0    32   116     1    87     1   104 0.88 -
40442at50557_1155016_0:000337|STRG.13473.2:240-836|+  -            199 68878at50557         -            147   4.1e-13   48.6   0.1   1   1   8.9e-15   7.9e-13   47.7   0.0    32   116     1    87     1   104 0.88 -
70122at50557_56086_0:00188d|STRG.17519.1:160-351|+    -             64 68878at50557         -            147   1.4e-12   46.9   0.0   1   1   1.6e-14   1.4e-12   46.8   0.0    63   117     4    58     1    63 0.94 -
39871at50557_103372_0:000e6e|STRG.1889.1:449-1906|+   -            486 68878at50557         -            147   6.8e-12   44.6   0.0   1   1   1.5e-13   1.3e-11   43.7   0.0     8   122    10   125     4   149 0.81 -
39871at50557_103372_0:000e6e|STRG.1889.2:77-1534|+    -            486 68878at50557         -            147   6.8e-12   44.6   0.0   1   1   1.5e-13   1.3e-11   43.7   0.0     8   122    10   125     4   149 0.81 -
39871at50557_103372_0:000e6e|STRG.1889.3:0-1454|+     -            485 68878at50557         -            147   6.8e-12   44.6   0.0   1   1   1.5e-13   1.3e-11   43.7   0.0     8   122     9   124     3   148 0.81 -
68878at50557_121845_0:001d53|STRG.6803.2:1308-1559|+  -             84 68878at50557         -            147   2.3e-11   42.9   0.0   1   1   2.7e-13   2.4e-11   42.9   0.0    32   111     1    82     1    84 0.88 -
40442at50557_1155016_0:000337|STRG.6803.3:1790-2434|+ -            215 68878at50557         -            147   2.3e-11   42.9   0.5   1   2   7.2e-13   6.4e-11   41.5   0.1    31   115     1    87     1   100 0.88 -
40442at50557_1155016_0:000337|STRG.6803.3:1790-2434|+ -            215 68878at50557         -            147   2.3e-11   42.9   0.5   2   2        10   8.8e+02   -1.1   0.1    17    33   126   142   111   165 0.74 -
40442at50557_1629725_0:00075c|STRG.7016.1:308-640|+   -            111 68878at50557         -            147   2.5e-10   39.6   0.0   1   1   3.3e-12   2.9e-10   39.3   0.0    18   112     1    97     1   104 0.88 -
68878at50557_29031_0:000dd0|STRG.7183.1:195-518|+     -            108 68878at50557         -            147   9.7e-10   37.7   0.0   1   1   1.3e-11   1.1e-09   37.5   0.0    26   114    14   105     2   108 0.85 -
70122at50557_56086_0:00188d|STRG.7183.3:93-410|+      -            106 68878at50557         -            147   4.4e-09   35.5   0.0   1   1     6e-11   5.3e-09   35.3   0.0    27   111    13   100     2   105 0.85 -
70122at50557_56086_0:00188d|STRG.16864.5:315-512|+    -             66 68878at50557         -            147   8.4e-07   28.1   0.0   1   1   9.5e-09   8.4e-07   28.1   0.0    62   114    14    66     1    66 0.89 -
40442at50557_103372_0:0005ec|STRG.15650.1:174-1759|+  -            502 68878at50557         -            147   3.9e-05   22.7   0.1   1   1   8.9e-07   7.8e-05   21.7   0.1    22   116    50   149    36   158 0.83 -
70122at50557_13686_0:000d36|STRG.18743.1:648-1232|+   -            195 68878at50557         -            147     4e-05   22.7   0.0   1   2    0.0004     0.035   13.1   0.0    30   101     7    82     1    91 0.78 -
70122at50557_13686_0:000d36|STRG.18743.1:648-1232|+   -            195 68878at50557         -            147     4e-05   22.7   0.0   2   2     0.021       1.9    7.5   0.0    42    61   142   161   139   170 0.86 -
70122at50557_13686_0:000d36|STRG.18743.2:666-1250|+   -            195 68878at50557         -            147     4e-05   22.7   0.0   1   2    0.0004     0.035   13.1   0.0    30   101     7    82     1    91 0.78 -
70122at50557_13686_0:000d36|STRG.18743.2:666-1250|+   -            195 68878at50557         -            147     4e-05   22.7   0.0   2   2     0.021       1.9    7.5   0.0    42    61   142   161   139   170 0.86 -
116554at50557_29031_0:00078e|STRG.10909.1:250-1716|+  -            489 68878at50557         -            147    0.0043   16.1   0.0   1   1   8.7e-05    0.0077   15.3   0.0    69   123    12    63     1    77 0.80 -
28503at50557_69004_0:0020b1|STRG.9796.3:12-3365|+     -           1118 68878at50557         -            147    0.0097   14.9   0.1   1   1   0.00033     0.029   13.4   0.1    16   116    46   142    41   147 0.75 -
#
# Program:         hmmsearch
# Version:         3.4 (Aug 2023)
# Pipeline mode:   SEARCH
# Query file:      /data/projet1/projet_tutore/busco_downloads/lineages/insecta_odb10/hmms/68878at50557.hmm
# Target file:     annotation_analysis/annotation_gca/T_septentrionalis/busco_output/run_insecta_odb10/metaeuk_output/initial_results/assembled_transcripts.fasta.modified.fas
# Option settings: hmmsearch --domtblout annotation_analysis/annotation_gca/T_septentrionalis/busco_output/run_insecta_odb10/hmmer_output/initial_run_results/68878at50557.out --cpu 1 /data/projet1/projet_tutore/busco_downloads/lineages/insecta_odb10/hmms/68878at50557.hmm annotation_analysis/annotation_gca/T_septentrionalis/busco_output/run_insecta_odb10/metaeuk_output/initial_results/assembled_transcripts.fasta.modified.fas 
# Current dir:     /data/projet1/projet_tutore
# Date:            Sun Oct 13 13:56:19 2024
# [ok]
