#                                                                                                               --- full sequence --- -------------- this domain -------------   hmm coord   ali coord   env coord
# target name                                           accession   tlen query name           accession   qlen   E-value  score  bias   #  of  c-Evalue  i-Evalue  score  bias  from    to  from    to  from    to  acc description of target
#                                   ------------------- ---------- ----- -------------------- ---------- ----- --------- ------ ----- --- --- --------- --------- ------ ----- ----- ----- ----- ----- ----- ----- ---- ---------------------
75864at50557_34720_0:001ac3|STRG.12748.1:718-1917|+     -            400 75864at50557         -            256  2.7e-122  405.8  43.8   1   3   1.5e-71   1.2e-68  230.0  14.1     1   136     1   140     1   173 0.89 -
75864at50557_34720_0:001ac3|STRG.12748.1:718-1917|+     -            400 75864at50557         -            256  2.7e-122  405.8  43.8   2   3     3e-18   2.6e-15   55.3   9.3   144   196   228   290   211   301 0.84 -
75864at50557_34720_0:001ac3|STRG.12748.1:718-1917|+     -            400 75864at50557         -            256  2.7e-122  405.8  43.8   3   3     1e-41   8.8e-39  132.2   4.5   185   256   324   395   304   395 0.91 -
75864at50557_34720_0:001ac3|STRG.12748.2:54-1229|+      -            392 75864at50557         -            256    4e-115  382.3  41.3   1   3   2.3e-64   1.9e-61  206.4  11.6    10   136     2   132     1   162 0.88 -
75864at50557_34720_0:001ac3|STRG.12748.2:54-1229|+      -            392 75864at50557         -            256    4e-115  382.3  41.3   2   3   2.9e-18   2.5e-15   55.3   9.3   144   196   220   282   203   293 0.84 -
75864at50557_34720_0:001ac3|STRG.12748.2:54-1229|+      -            392 75864at50557         -            256    4e-115  382.3  41.3   3   3     1e-41   8.5e-39  132.2   4.5   185   256   316   387   296   387 0.91 -
88774at50557_108931_0:004403|STRG.3742.2:147-896|+      -            250 75864at50557         -            256   7.7e-55  184.8   0.7   1   1   1.1e-57   9.4e-55  184.5   0.7     2   251     3   248     2   250 0.81 -
88774at50557_103372_0:0014bd|STRG.2019.1:165-1168|+     -            306 75864at50557         -            256   1.3e-38  131.7  10.3   1   1   2.7e-41   2.3e-38  130.8  10.3     3   250    15   278    13   283 0.78 -
88774at50557_103372_0:0014bd|STRG.2019.2:0-917|+        -            306 75864at50557         -            256   1.3e-38  131.7  10.3   1   1   2.7e-41   2.3e-38  130.8  10.3     3   250    15   278    13   283 0.78 -
88774at50557_123851_0:000b67|STRG.3742.1:727-999|+      -             91 75864at50557         -            256   3.8e-29  100.6   1.0   1   1   4.7e-32     4e-29  100.5   1.0   190   251    28    89     4    91 0.84 -
75864at50557_52612_0:001b15|STRG.3742.1:153-476|+       -            108 75864at50557         -            256   8.1e-21   73.3   6.3   1   1     1e-23   8.9e-21   73.2   6.3     2   104     1   107     1   108 0.93 -
134311at50557_1155016_0:0016e4|STRG.19935.1:4242-6455|+ -            738 75864at50557         -            256   3.9e-14   51.4   2.2   1   2      0.26   2.2e+02   -0.2   0.4   116   155   412   450   396   458 0.61 -
134311at50557_1155016_0:0016e4|STRG.19935.1:4242-6455|+ -            738 75864at50557         -            256   3.9e-14   51.4   2.2   2   2   4.6e-17   3.9e-14   51.4   2.2   204   251   690   737   612   738 0.77 -
134311at50557_1155016_0:0016e4|STRG.19935.2:4238-6451|+ -            738 75864at50557         -            256   3.9e-14   51.4   2.2   1   2      0.26   2.2e+02   -0.2   0.4   116   155   412   450   396   458 0.61 -
134311at50557_1155016_0:0016e4|STRG.19935.2:4238-6451|+ -            738 75864at50557         -            256   3.9e-14   51.4   2.2   2   2   4.6e-17   3.9e-14   51.4   2.2   204   251   690   737   612   738 0.77 -
134311at50557_1155016_0:0016e4|STRG.19935.3:3510-5723|+ -            738 75864at50557         -            256   3.9e-14   51.4   2.2   1   2      0.26   2.2e+02   -0.2   0.4   116   155   412   450   396   458 0.61 -
134311at50557_1155016_0:0016e4|STRG.19935.3:3510-5723|+ -            738 75864at50557         -            256   3.9e-14   51.4   2.2   2   2   4.6e-17   3.9e-14   51.4   2.2   204   251   690   737   612   738 0.77 -
#
# Program:         hmmsearch
# Version:         3.4 (Aug 2023)
# Pipeline mode:   SEARCH
# Query file:      /data/projet1/projet_tutore/busco_downloads/lineages/insecta_odb10/hmms/75864at50557.hmm
# Target file:     annotation_analysis/annotation_gca/T_septentrionalis/busco_output/run_insecta_odb10/metaeuk_output/initial_results/assembled_transcripts.fasta.modified.fas
# Option settings: hmmsearch --domtblout annotation_analysis/annotation_gca/T_septentrionalis/busco_output/run_insecta_odb10/hmmer_output/initial_run_results/75864at50557.out --cpu 1 /data/projet1/projet_tutore/busco_downloads/lineages/insecta_odb10/hmms/75864at50557.hmm annotation_analysis/annotation_gca/T_septentrionalis/busco_output/run_insecta_odb10/metaeuk_output/initial_results/assembled_transcripts.fasta.modified.fas 
# Current dir:     /data/projet1/projet_tutore
# Date:            Sun Oct 13 13:56:37 2024
# [ok]
