#                                                                                                           --- full sequence --- -------------- this domain -------------   hmm coord   ali coord   env coord
# target name                                       accession   tlen query name           accession   qlen   E-value  score  bias   #  of  c-Evalue  i-Evalue  score  bias  from    to  from    to  from    to  acc description of target
#                               ------------------- ---------- ----- -------------------- ---------- ----- --------- ------ ----- --- --- --------- --------- ------ ----- ----- ----- ----- ----- ----- ----- ---- ---------------------
8312at50557_34720_0:00291d|STRG.19649.2:0-3956|+    -           1319 8312at50557          -            724  1.1e-181  604.4  61.7   1   6   1.6e-59   3.5e-56  189.5   1.5    19   207   105   341    92   355 0.83 -
8312at50557_34720_0:00291d|STRG.19649.2:0-3956|+    -           1319 8312at50557          -            724  1.1e-181  604.4  61.7   2   6   3.9e-08   8.2e-05   19.7   0.0   181   242   348   414   341   454 0.77 -
8312at50557_34720_0:00291d|STRG.19649.2:0-3956|+    -           1319 8312at50557          -            724  1.1e-181  604.4  61.7   3   6   2.1e-05     0.044   10.7   0.8   245   289   585   635   528   638 0.72 -
8312at50557_34720_0:00291d|STRG.19649.2:0-3956|+    -           1319 8312at50557          -            724  1.1e-181  604.4  61.7   4   6   7.7e-44   1.6e-40  137.7   9.8   287   404   673   796   662   864 0.89 -
8312at50557_34720_0:00291d|STRG.19649.2:0-3956|+    -           1319 8312at50557          -            724  1.1e-181  604.4  61.7   5   6   1.4e-66   2.9e-63  212.9  16.3   420   661   870  1154   845  1164 0.82 -
8312at50557_34720_0:00291d|STRG.19649.2:0-3956|+    -           1319 8312at50557          -            724  1.1e-181  604.4  61.7   6   6   4.3e-18     9e-15   52.6   1.5   662   712  1190  1240  1178  1251 0.86 -
8312at50557_34720_0:00291d|STRG.19649.3:253-2448|+  -            732 8312at50557          -            724   7.5e-81  271.1  17.8   1   5   1.1e-59   2.4e-56  190.0   2.3    19   206   105   340    94   351 0.83 -
8312at50557_34720_0:00291d|STRG.19649.3:253-2448|+  -            732 8312at50557          -            724   7.5e-81  271.1  17.8   2   5   1.7e-08   3.6e-05   20.9   0.0   180   242   347   414   339   454 0.77 -
8312at50557_34720_0:00291d|STRG.19649.3:253-2448|+  -            732 8312at50557          -            724   7.5e-81  271.1  17.8   3   5       0.2   4.2e+02   -2.5   0.2   184   203   492   511   481   588 0.76 -
8312at50557_34720_0:00291d|STRG.19649.3:253-2448|+  -            732 8312at50557          -            724   7.5e-81  271.1  17.8   4   5     1e-05     0.022   11.7   0.8   245   289   585   635   527   638 0.71 -
8312at50557_34720_0:00291d|STRG.19649.3:253-2448|+  -            732 8312at50557          -            724   7.5e-81  271.1  17.8   5   5   2.3e-19   4.8e-16   56.8   0.0   287   341   673   731   659   732 0.88 -
8312at50557_1049336_0:003914|STRG.19649.1:61-1497|+ -            479 8312at50557          -            724   4.1e-79  265.3  30.3   1   3    0.0057        12    2.6   0.2   394   414     3    23     1    61 0.71 -
8312at50557_1049336_0:003914|STRG.19649.1:61-1497|+ -            479 8312at50557          -            724   4.1e-79  265.3  30.3   2   3   2.3e-67   4.9e-64  215.5  17.0   420   661    65   349    39   359 0.82 -
8312at50557_1049336_0:003914|STRG.19649.1:61-1497|+ -            479 8312at50557          -            724   4.1e-79  265.3  30.3   3   3   1.1e-18   2.3e-15   54.6   1.5   662   713   385   436   371   447 0.86 -
80377at50557_568069_0:004eea|STRG.1411.1:60-914|+   -            285 8312at50557          -            724    0.0013   15.8   0.1   1   1   1.3e-06    0.0028   14.6   0.1   113   178    87   152    75   162 0.79 -
#
# Program:         hmmsearch
# Version:         3.4 (Aug 2023)
# Pipeline mode:   SEARCH
# Query file:      /data/projet1/projet_tutore/busco_downloads/lineages/insecta_odb10/hmms/8312at50557.hmm
# Target file:     annotation_analysis/annotation_gca/T_septentrionalis/busco_output/run_insecta_odb10/metaeuk_output/initial_results/assembled_transcripts.fasta.modified.fas
# Option settings: hmmsearch --domtblout annotation_analysis/annotation_gca/T_septentrionalis/busco_output/run_insecta_odb10/hmmer_output/initial_run_results/8312at50557.out --cpu 1 /data/projet1/projet_tutore/busco_downloads/lineages/insecta_odb10/hmms/8312at50557.hmm annotation_analysis/annotation_gca/T_septentrionalis/busco_output/run_insecta_odb10/metaeuk_output/initial_results/assembled_transcripts.fasta.modified.fas 
# Current dir:     /data/projet1/projet_tutore
# Date:            Sun Oct 13 13:56:55 2024
# [ok]
