#                                                                                                           --- full sequence --- -------------- this domain -------------   hmm coord   ali coord   env coord
# target name                                       accession   tlen query name           accession   qlen   E-value  score  bias   #  of  c-Evalue  i-Evalue  score  bias  from    to  from    to  from    to  acc description of target
#                               ------------------- ---------- ----- -------------------- ---------- ----- --------- ------ ----- --- --- --------- --------- ------ ----- ----- ----- ----- ----- ----- ----- ---- ---------------------
83548at50557_103372_0:002b6f|STRG.9966.3:234-1151|+ -            306 83548at50557         -            255  5.6e-128  424.4   4.3   1   2   1.1e-58   1.5e-55  187.0   0.0    11   131    30   158     9   163 0.86 -
83548at50557_103372_0:002b6f|STRG.9966.3:234-1151|+ -            306 83548at50557         -            255  5.6e-128  424.4   4.3   2   2   4.3e-74     6e-71  237.5   1.8   127   255   172   301   160   301 0.95 -
83548at50557_103372_0:002b6f|STRG.9966.1:369-1349|+ -            327 83548at50557         -            255  7.9e-128  423.9   4.3   1   1  1.3e-128  1.9e-125  416.1   4.3    11   255    51   322    30   322 0.88 -
83548at50557_103372_0:002b6f|STRG.9966.2:369-1349|+ -            327 83548at50557         -            255  7.9e-128  423.9   4.3   1   1  1.3e-128  1.9e-125  416.1   4.3    11   255    51   322    30   322 0.88 -
83548at50557_103372_0:002b6f|STRG.9966.4:0-980|+    -            327 83548at50557         -            255  7.9e-128  423.9   4.3   1   1  1.3e-128  1.9e-125  416.1   4.3    11   255    51   322    30   322 0.88 -
96170at50557_103372_0:001dcf|STRG.16585.1:68-826|+  -            253 83548at50557         -            255   4.2e-17   61.1   0.0   1   1   3.6e-20   5.1e-17   60.8   0.0    25   222    19   226     3   249 0.85 -
44088at50557_7536_0:00280d|STRG.9600.1:12-494|+     -            161 83548at50557         -            255     0.047   11.8   0.0   1   1   4.7e-05     0.066   11.3   0.0   162   205   103   150    86   158 0.71 -
#
# Program:         hmmsearch
# Version:         3.4 (Aug 2023)
# Pipeline mode:   SEARCH
# Query file:      /data/projet1/projet_tutore/busco_downloads/lineages/insecta_odb10/hmms/83548at50557.hmm
# Target file:     annotation_analysis/annotation_gca/T_septentrionalis/busco_output/run_insecta_odb10/metaeuk_output/initial_results/assembled_transcripts.fasta.modified.fas
# Option settings: hmmsearch --domtblout annotation_analysis/annotation_gca/T_septentrionalis/busco_output/run_insecta_odb10/hmmer_output/initial_run_results/83548at50557.out --cpu 1 /data/projet1/projet_tutore/busco_downloads/lineages/insecta_odb10/hmms/83548at50557.hmm annotation_analysis/annotation_gca/T_septentrionalis/busco_output/run_insecta_odb10/metaeuk_output/initial_results/assembled_transcripts.fasta.modified.fas 
# Current dir:     /data/projet1/projet_tutore
# Date:            Sun Oct 13 13:56:56 2024
# [ok]
