#                                                                                                           --- full sequence --- -------------- this domain -------------   hmm coord   ali coord   env coord
# target name                                       accession   tlen query name           accession   qlen   E-value  score  bias   #  of  c-Evalue  i-Evalue  score  bias  from    to  from    to  from    to  acc description of target
#                               ------------------- ---------- ----- -------------------- ---------- ----- --------- ------ ----- --- --- --------- --------- ------ ----- ----- ----- ----- ----- ----- ----- ---- ---------------------
86246at50557_103372_0:001964|STRG.6104.1:988-2124|+ -            379 86246at50557         -            201   5.4e-53  178.6   2.3   1   3   4.3e-15   5.2e-12   44.8   0.0     8    91    31   122    24   124 0.85 -
86246at50557_103372_0:001964|STRG.6104.1:988-2124|+ -            379 86246at50557         -            201   5.4e-53  178.6   2.3   2   3   1.6e-40   1.9e-37  127.8   1.8    78   169   248   349   207   360 0.82 -
86246at50557_103372_0:001964|STRG.6104.1:988-2124|+ -            379 86246at50557         -            201   5.4e-53  178.6   2.3   3   3     0.046        56    2.2   0.0   163   180   362   379   360   379 0.90 -
86246at50557_103372_0:001964|STRG.6104.2:407-1543|+ -            379 86246at50557         -            201   5.4e-53  178.6   2.3   1   3   4.3e-15   5.2e-12   44.8   0.0     8    91    31   122    24   124 0.85 -
86246at50557_103372_0:001964|STRG.6104.2:407-1543|+ -            379 86246at50557         -            201   5.4e-53  178.6   2.3   2   3   1.6e-40   1.9e-37  127.8   1.8    78   169   248   349   207   360 0.82 -
86246at50557_103372_0:001964|STRG.6104.2:407-1543|+ -            379 86246at50557         -            201   5.4e-53  178.6   2.3   3   3     0.046        56    2.2   0.0   163   180   362   379   360   379 0.90 -
86246at50557_103372_0:001964|STRG.6104.3:119-1320|+ -            379 86246at50557         -            201   5.4e-53  178.6   2.3   1   3   4.3e-15   5.2e-12   44.8   0.0     8    91    31   122    24   124 0.85 -
86246at50557_103372_0:001964|STRG.6104.3:119-1320|+ -            379 86246at50557         -            201   5.4e-53  178.6   2.3   2   3   1.6e-40   1.9e-37  127.8   1.8    78   169   248   349   207   360 0.82 -
86246at50557_103372_0:001964|STRG.6104.3:119-1320|+ -            379 86246at50557         -            201   5.4e-53  178.6   2.3   3   3     0.046        56    2.2   0.0   163   180   362   379   360   379 0.90 -
86246at50557_103372_0:001964|STRG.6104.4:959-2095|+ -            379 86246at50557         -            201   5.4e-53  178.6   2.3   1   3   4.3e-15   5.2e-12   44.8   0.0     8    91    31   122    24   124 0.85 -
86246at50557_103372_0:001964|STRG.6104.4:959-2095|+ -            379 86246at50557         -            201   5.4e-53  178.6   2.3   2   3   1.6e-40   1.9e-37  127.8   1.8    78   169   248   349   207   360 0.82 -
86246at50557_103372_0:001964|STRG.6104.4:959-2095|+ -            379 86246at50557         -            201   5.4e-53  178.6   2.3   3   3     0.046        56    2.2   0.0   163   180   362   379   360   379 0.90 -
86246at50557_103372_0:001964|STRG.6104.5:883-2019|+ -            379 86246at50557         -            201   5.4e-53  178.6   2.3   1   3   4.3e-15   5.2e-12   44.8   0.0     8    91    31   122    24   124 0.85 -
86246at50557_103372_0:001964|STRG.6104.5:883-2019|+ -            379 86246at50557         -            201   5.4e-53  178.6   2.3   2   3   1.6e-40   1.9e-37  127.8   1.8    78   169   248   349   207   360 0.82 -
86246at50557_103372_0:001964|STRG.6104.5:883-2019|+ -            379 86246at50557         -            201   5.4e-53  178.6   2.3   3   3     0.046        56    2.2   0.0   163   180   362   379   360   379 0.90 -
110423at50557_34720_0:0016bc|STRG.10962.1:0-891|+   -            270 86246at50557         -            201   1.6e-08   33.3   0.1   1   1   3.4e-11   4.1e-08   32.0   0.1   122   184   187   257   171   267 0.78 -
110423at50557_34720_0:0016bc|STRG.10962.2:0-1072|+  -            270 86246at50557         -            201   1.6e-08   33.3   0.1   1   1   3.4e-11   4.1e-08   32.0   0.1   122   184   187   257   171   267 0.78 -
#
# Program:         hmmsearch
# Version:         3.4 (Aug 2023)
# Pipeline mode:   SEARCH
# Query file:      /data/projet1/projet_tutore/busco_downloads/lineages/insecta_odb10/hmms/86246at50557.hmm
# Target file:     annotation_analysis/annotation_gca/T_septentrionalis/busco_output/run_insecta_odb10/metaeuk_output/initial_results/assembled_transcripts.fasta.modified.fas
# Option settings: hmmsearch --domtblout annotation_analysis/annotation_gca/T_septentrionalis/busco_output/run_insecta_odb10/hmmer_output/initial_run_results/86246at50557.out --cpu 1 /data/projet1/projet_tutore/busco_downloads/lineages/insecta_odb10/hmms/86246at50557.hmm annotation_analysis/annotation_gca/T_septentrionalis/busco_output/run_insecta_odb10/metaeuk_output/initial_results/assembled_transcripts.fasta.modified.fas 
# Current dir:     /data/projet1/projet_tutore
# Date:            Sun Oct 13 13:57:05 2024
# [ok]
