#                                                                                                             --- full sequence --- -------------- this domain -------------   hmm coord   ali coord   env coord
# target name                                         accession   tlen query name           accession   qlen   E-value  score  bias   #  of  c-Evalue  i-Evalue  score  bias  from    to  from    to  from    to  acc description of target
#                                 ------------------- ---------- ----- -------------------- ---------- ----- --------- ------ ----- --- --- --------- --------- ------ ----- ----- ----- ----- ----- ----- ----- ---- ---------------------
888at50557_286306_0:0023c1|STRG.16678.1:312-8045|+    -           2578 888at50557           -           1806         0 2894.2  67.6   1   7         0         0 1397.9  22.8     1   819    70  1042    70  1055 0.90 -
888at50557_286306_0:0023c1|STRG.16678.1:312-8045|+    -           2578 888at50557           -           1806         0 2894.2  67.6   2   7   3.8e-17   6.4e-15   52.4   1.0   813   889  1092  1189  1083  1199 0.81 -
888at50557_286306_0:0023c1|STRG.16678.1:312-8045|+    -           2578 888at50557           -           1806         0 2894.2  67.6   3   7     0.042       7.2    2.5   0.3   881   912  1207  1243  1200  1298 0.65 -
888at50557_286306_0:0023c1|STRG.16678.1:312-8045|+    -           2578 888at50557           -           1806         0 2894.2  67.6   4   7   0.00087      0.15    8.1   0.5   926   965  1311  1370  1305  1376 0.61 -
888at50557_286306_0:0023c1|STRG.16678.1:312-8045|+    -           2578 888at50557           -           1806         0 2894.2  67.6   5   7   3.2e-74   5.4e-72  241.6   0.1   951  1147  1392  1638  1378  1642 0.79 -
888at50557_286306_0:0023c1|STRG.16678.1:312-8045|+    -           2578 888at50557           -           1806         0 2894.2  67.6   6   7  2.6e-203  4.4e-201  669.6   7.2  1127  1442  1641  1979  1634  1984 0.94 -
888at50557_286306_0:0023c1|STRG.16678.1:312-8045|+    -           2578 888at50557           -           1806         0 2894.2  67.6   7   7  1.1e-163  1.9e-161  538.3   0.2  1431  1799  1990  2435  1979  2443 0.88 -
888at50557_286306_0:0023c1|STRG.16678.2:0-7745|+      -           2582 888at50557           -           1806         0 2888.8  68.9   1   7         0         0 1397.9  22.8     1   819    70  1042    70  1055 0.90 -
888at50557_286306_0:0023c1|STRG.16678.2:0-7745|+      -           2582 888at50557           -           1806         0 2888.8  68.9   2   7   3.6e-17   6.1e-15   52.5   1.0   813   889  1092  1189  1083  1199 0.81 -
888at50557_286306_0:0023c1|STRG.16678.2:0-7745|+      -           2582 888at50557           -           1806         0 2888.8  68.9   3   7     0.042       7.1    2.5   0.3   881   912  1207  1243  1200  1298 0.65 -
888at50557_286306_0:0023c1|STRG.16678.2:0-7745|+      -           2582 888at50557           -           1806         0 2888.8  68.9   4   7     0.001      0.18    7.8   0.9   926   966  1311  1371  1305  1389 0.67 -
888at50557_286306_0:0023c1|STRG.16678.2:0-7745|+      -           2582 888at50557           -           1806         0 2888.8  68.9   5   7   3.1e-74   5.3e-72  241.7   0.1   951  1147  1392  1638  1377  1642 0.79 -
888at50557_286306_0:0023c1|STRG.16678.2:0-7745|+      -           2582 888at50557           -           1806         0 2888.8  68.9   6   7  2.8e-203  4.7e-201  669.5   7.3  1127  1442  1641  1979  1635  1987 0.94 -
888at50557_286306_0:0023c1|STRG.16678.2:0-7745|+      -           2582 888at50557           -           1806         0 2888.8  68.9   7   7  2.8e-162  4.8e-160  533.6   0.5  1431  1799  1990  2439  1980  2447 0.88 -
888at50557_29053_0:002a53|STRG.3904.1:3360-8000|+     -           1547 888at50557           -           1806   6.8e-73  244.6  16.0   1   4   1.6e-08   2.7e-06   23.8   0.1   487   676    19   211     8   224 0.77 -
888at50557_29053_0:002a53|STRG.3904.1:3360-8000|+     -           1547 888at50557           -           1806   6.8e-73  244.6  16.0   2   4   1.3e-51   2.2e-49  166.7   0.4   988  1332   817  1160   780  1169 0.85 -
888at50557_29053_0:002a53|STRG.3904.1:3360-8000|+     -           1547 888at50557           -           1806   6.8e-73  244.6  16.0   3   4     3e-16   5.1e-14   49.4   0.4  1335  1431  1192  1290  1183  1299 0.84 -
888at50557_29053_0:002a53|STRG.3904.1:3360-8000|+     -           1547 888at50557           -           1806   6.8e-73  244.6  16.0   4   4   2.4e-05    0.0041   13.3   1.0  1433  1604  1337  1544  1332  1547 0.67 -
888at50557_29053_0:002a53|STRG.3904.2:3360-8000|+     -           1547 888at50557           -           1806   6.8e-73  244.6  16.0   1   4   1.6e-08   2.7e-06   23.8   0.1   487   676    19   211     8   224 0.77 -
888at50557_29053_0:002a53|STRG.3904.2:3360-8000|+     -           1547 888at50557           -           1806   6.8e-73  244.6  16.0   2   4   1.3e-51   2.2e-49  166.7   0.4   988  1332   817  1160   780  1169 0.85 -
888at50557_29053_0:002a53|STRG.3904.2:3360-8000|+     -           1547 888at50557           -           1806   6.8e-73  244.6  16.0   3   4     3e-16   5.1e-14   49.4   0.4  1335  1431  1192  1290  1183  1299 0.84 -
888at50557_29053_0:002a53|STRG.3904.2:3360-8000|+     -           1547 888at50557           -           1806   6.8e-73  244.6  16.0   4   4   2.4e-05    0.0041   13.3   1.0  1433  1604  1337  1544  1332  1547 0.67 -
888at50557_29053_0:002a53|STRG.3904.3:2721-7361|+     -           1547 888at50557           -           1806   6.8e-73  244.6  16.0   1   4   1.6e-08   2.7e-06   23.8   0.1   487   676    19   211     8   224 0.77 -
888at50557_29053_0:002a53|STRG.3904.3:2721-7361|+     -           1547 888at50557           -           1806   6.8e-73  244.6  16.0   2   4   1.3e-51   2.2e-49  166.7   0.4   988  1332   817  1160   780  1169 0.85 -
888at50557_29053_0:002a53|STRG.3904.3:2721-7361|+     -           1547 888at50557           -           1806   6.8e-73  244.6  16.0   3   4     3e-16   5.1e-14   49.4   0.4  1335  1431  1192  1290  1183  1299 0.84 -
888at50557_29053_0:002a53|STRG.3904.3:2721-7361|+     -           1547 888at50557           -           1806   6.8e-73  244.6  16.0   4   4   2.4e-05    0.0041   13.3   1.0  1433  1604  1337  1544  1332  1547 0.67 -
70721at50557_28612_0:004029|STRG.12228.3:583-1905|+   -            331 888at50557           -           1806     4e-43  145.9   1.7   1   1   2.9e-45   4.9e-43  145.6   1.7  1089  1392    10   304     5   330 0.86 -
888at50557_123851_0:001c4b|STRG.12228.1:935-2155|+    -            407 888at50557           -           1806   4.7e-38  129.1   5.8   1   2     2e-33   3.4e-31  106.4   0.3  1093  1331     1   238     1   247 0.89 -
888at50557_123851_0:001c4b|STRG.12228.1:935-2155|+    -            407 888at50557           -           1806   4.7e-38  129.1   5.8   2   2   5.3e-09     9e-07   25.4   1.0  1344  1402   329   385   324   407 0.71 -
888at50557_123851_0:001c4b|STRG.12228.2:962-2182|+    -            407 888at50557           -           1806   4.7e-38  129.1   5.8   1   2     2e-33   3.4e-31  106.4   0.3  1093  1331     1   238     1   247 0.89 -
888at50557_123851_0:001c4b|STRG.12228.2:962-2182|+    -            407 888at50557           -           1806   4.7e-38  129.1   5.8   2   2   5.3e-09     9e-07   25.4   1.0  1344  1402   329   385   324   407 0.71 -
888at50557_123851_0:001c4b|STRG.13444.1:453-1427|+    -            325 888at50557           -           1806     5e-35  119.1   0.5   1   1   3.6e-37     6e-35  118.8   0.5  1088  1380    36   325    24   325 0.90 -
70721at50557_7038_0:001749|STRG.16031.1:0-869|+       -            290 888at50557           -           1806   2.1e-27   93.8   3.1   1   1   1.5e-29   2.5e-27   93.5   3.1  1183  1430    55   284    17   288 0.86 -
70721at50557_7038_0:001749|STRG.16031.2:0-869|+       -            290 888at50557           -           1806   2.1e-27   93.8   3.1   1   1   1.5e-29   2.5e-27   93.5   3.1  1183  1430    55   284    17   288 0.86 -
70721at50557_7038_0:001749|STRG.16031.3:0-869|+       -            290 888at50557           -           1806   2.1e-27   93.8   3.1   1   1   1.5e-29   2.5e-27   93.5   3.1  1183  1430    55   284    17   288 0.86 -
13582at50557_456900_0:001283|STRG.17173.3:549-3302|+  -            918 888at50557           -           1806     8e-25   85.2   0.8   1   2   1.1e-06   0.00019   17.7   0.0  1091  1134   182   225   177   310 0.69 -
13582at50557_456900_0:001283|STRG.17173.3:549-3302|+  -            918 888at50557           -           1806     8e-25   85.2   0.8   2   2   4.4e-21   7.4e-19   65.5   0.7  1250  1384   498   628   495   644 0.90 -
13582at50557_456900_0:001283|STRG.17173.4:0-2753|+    -            918 888at50557           -           1806     8e-25   85.2   0.8   1   2   1.1e-06   0.00019   17.7   0.0  1091  1134   182   225   177   310 0.69 -
13582at50557_456900_0:001283|STRG.17173.4:0-2753|+    -            918 888at50557           -           1806     8e-25   85.2   0.8   2   2   4.4e-21   7.4e-19   65.5   0.7  1250  1384   498   628   495   644 0.90 -
39032at50557_7395_0:00370d|STRG.1743.1:1911-2966|+    -            352 888at50557           -           1806   2.8e-24   83.4   1.1   1   1   5.4e-26   9.2e-24   81.7   1.1  1083  1385    15   337     9   348 0.73 -
70721at50557_2015173_0:0020d8|STRG.11155.1:492-1589|+ -            366 888at50557           -           1806   8.7e-24   81.8   3.0   1   1   6.9e-25   1.2e-22   78.1   3.0  1089  1381    30   331    23   341 0.79 -
39032at50557_217634_0:0017e3|STRG.19806.1:421-1335|+  -            305 888at50557           -           1806   1.7e-23   80.9   0.5   1   1   1.2e-25     2e-23   80.6   0.5  1095  1381     1   288     1   297 0.79 -
39032at50557_217634_0:0017e3|STRG.19806.2:421-1341|+  -            307 888at50557           -           1806   2.8e-23   80.1   0.4   1   1     2e-25   3.4e-23   79.9   0.4  1095  1381     1   290     1   299 0.81 -
39032at50557_64793_0:00254a|STRG.17307.1:2-1351|+     -            450 888at50557           -           1806   1.1e-22   78.2   0.2   1   1   3.2e-24   5.4e-22   75.9   0.2  1087  1387   101   431    83   436 0.77 -
39032at50557_568069_0:004da2|STRG.19806.3:421-1346|+  -            296 888at50557           -           1806   6.7e-22   75.6   0.5   1   1     6e-24     1e-21   74.9   0.5  1095  1381     1   279     1   288 0.80 -
39032at50557_7375_0:003306|STRG.10872.10:2123-3139|+  -            339 888at50557           -           1806   1.1e-21   74.9   0.1   1   2   3.1e-08   5.2e-06   22.9   0.0  1092  1243     5   156     2   166 0.72 -
39032at50557_7375_0:003306|STRG.10872.10:2123-3139|+  -            339 888at50557           -           1806   1.1e-21   74.9   0.1   2   2   8.9e-17   1.5e-14   51.2   0.1  1217  1381   159   320   138   326 0.85 -
39032at50557_7375_0:003306|STRG.10872.12:1611-2627|+  -            339 888at50557           -           1806   1.1e-21   74.9   0.1   1   2   3.1e-08   5.2e-06   22.9   0.0  1092  1243     5   156     2   166 0.72 -
39032at50557_7375_0:003306|STRG.10872.12:1611-2627|+  -            339 888at50557           -           1806   1.1e-21   74.9   0.1   2   2   8.9e-17   1.5e-14   51.2   0.1  1217  1381   159   320   138   326 0.85 -
39032at50557_7375_0:003306|STRG.10872.13:1522-2538|+  -            339 888at50557           -           1806   1.1e-21   74.9   0.1   1   2   3.1e-08   5.2e-06   22.9   0.0  1092  1243     5   156     2   166 0.72 -
39032at50557_7375_0:003306|STRG.10872.13:1522-2538|+  -            339 888at50557           -           1806   1.1e-21   74.9   0.1   2   2   8.9e-17   1.5e-14   51.2   0.1  1217  1381   159   320   138   326 0.85 -
39032at50557_7375_0:003306|STRG.10872.14:1824-2840|+  -            339 888at50557           -           1806   1.1e-21   74.9   0.1   1   2   3.1e-08   5.2e-06   22.9   0.0  1092  1243     5   156     2   166 0.72 -
39032at50557_7375_0:003306|STRG.10872.14:1824-2840|+  -            339 888at50557           -           1806   1.1e-21   74.9   0.1   2   2   8.9e-17   1.5e-14   51.2   0.1  1217  1381   159   320   138   326 0.85 -
39032at50557_7375_0:003306|STRG.10872.1:2030-3046|+   -            339 888at50557           -           1806   1.1e-21   74.9   0.1   1   2   3.1e-08   5.2e-06   22.9   0.0  1092  1243     5   156     2   166 0.72 -
39032at50557_7375_0:003306|STRG.10872.1:2030-3046|+   -            339 888at50557           -           1806   1.1e-21   74.9   0.1   2   2   8.9e-17   1.5e-14   51.2   0.1  1217  1381   159   320   138   326 0.85 -
39032at50557_7375_0:003306|STRG.10872.5:1598-2614|+   -            339 888at50557           -           1806   1.1e-21   74.9   0.1   1   2   3.1e-08   5.2e-06   22.9   0.0  1092  1243     5   156     2   166 0.72 -
39032at50557_7375_0:003306|STRG.10872.5:1598-2614|+   -            339 888at50557           -           1806   1.1e-21   74.9   0.1   2   2   8.9e-17   1.5e-14   51.2   0.1  1217  1381   159   320   138   326 0.85 -
39032at50557_7370_0:00052f|STRG.10872.4:586-1749|+    -            388 888at50557           -           1806   1.3e-21   74.6   0.1   1   2   2.8e-08   4.8e-06   23.0   0.0  1091  1243    53   205    45   215 0.72 -
39032at50557_7370_0:00052f|STRG.10872.4:586-1749|+    -            388 888at50557           -           1806   1.3e-21   74.6   0.1   2   2   1.3e-16   2.2e-14   50.7   0.1  1217  1381   208   369   188   375 0.86 -
39032at50557_39758_0:003ea1|STRG.10872.11:1363-2370|+ -            336 888at50557           -           1806   2.2e-21   73.8   0.1   1   2   6.2e-08     1e-05   21.9   0.0  1092  1243     1   152     1   162 0.72 -
39032at50557_39758_0:003ea1|STRG.10872.11:1363-2370|+ -            336 888at50557           -           1806   2.2e-21   73.8   0.1   2   2   1.1e-16   1.9e-14   50.9   0.1  1222  1381   160   316   144   322 0.86 -
39032at50557_39758_0:003ea1|STRG.10872.2:797-1804|+   -            336 888at50557           -           1806   2.2e-21   73.8   0.1   1   2   6.2e-08     1e-05   21.9   0.0  1092  1243     1   152     1   162 0.72 -
39032at50557_39758_0:003ea1|STRG.10872.2:797-1804|+   -            336 888at50557           -           1806   2.2e-21   73.8   0.1   2   2   1.1e-16   1.9e-14   50.9   0.1  1222  1381   160   316   144   322 0.86 -
39032at50557_39758_0:003ea1|STRG.10872.3:1137-2144|+  -            336 888at50557           -           1806   2.2e-21   73.8   0.1   1   2   6.2e-08     1e-05   21.9   0.0  1092  1243     1   152     1   162 0.72 -
39032at50557_39758_0:003ea1|STRG.10872.3:1137-2144|+  -            336 888at50557           -           1806   2.2e-21   73.8   0.1   2   2   1.1e-16   1.9e-14   50.9   0.1  1222  1381   160   316   144   322 0.86 -
39032at50557_39758_0:003ea1|STRG.10872.6:1229-2236|+  -            336 888at50557           -           1806   2.2e-21   73.8   0.1   1   2   6.2e-08     1e-05   21.9   0.0  1092  1243     1   152     1   162 0.72 -
39032at50557_39758_0:003ea1|STRG.10872.6:1229-2236|+  -            336 888at50557           -           1806   2.2e-21   73.8   0.1   2   2   1.1e-16   1.9e-14   50.9   0.1  1222  1381   160   316   144   322 0.86 -
39032at50557_39758_0:003ea1|STRG.10872.7:1406-2413|+  -            336 888at50557           -           1806   2.2e-21   73.8   0.1   1   2   6.2e-08     1e-05   21.9   0.0  1092  1243     1   152     1   162 0.72 -
39032at50557_39758_0:003ea1|STRG.10872.7:1406-2413|+  -            336 888at50557           -           1806   2.2e-21   73.8   0.1   2   2   1.1e-16   1.9e-14   50.9   0.1  1222  1381   160   316   144   322 0.86 -
39032at50557_39758_0:003ea1|STRG.10872.8:1024-2031|+  -            336 888at50557           -           1806   2.2e-21   73.8   0.1   1   2   6.2e-08     1e-05   21.9   0.0  1092  1243     1   152     1   162 0.72 -
39032at50557_39758_0:003ea1|STRG.10872.8:1024-2031|+  -            336 888at50557           -           1806   2.2e-21   73.8   0.1   2   2   1.1e-16   1.9e-14   50.9   0.1  1222  1381   160   316   144   322 0.86 -
39032at50557_39758_0:003ea1|STRG.10872.9:1089-2096|+  -            336 888at50557           -           1806   2.2e-21   73.8   0.1   1   2   6.2e-08     1e-05   21.9   0.0  1092  1243     1   152     1   162 0.72 -
39032at50557_39758_0:003ea1|STRG.10872.9:1089-2096|+  -            336 888at50557           -           1806   2.2e-21   73.8   0.1   2   2   1.1e-16   1.9e-14   50.9   0.1  1222  1381   160   316   144   322 0.86 -
70721at50557_7213_0:002d3b|STRG.4721.1:1221-2393|+    -            391 888at50557           -           1806     2e-19   67.3   5.6   1   2   2.5e-07   4.3e-05   19.8   0.2  1095  1206     1   102     1   105 0.78 -
70721at50557_7213_0:002d3b|STRG.4721.1:1221-2393|+    -            391 888at50557           -           1806     2e-19   67.3   5.6   2   2     3e-16     5e-14   49.4   1.3  1209  1391   196   379   174   382 0.75 -
13582at50557_7536_0:000536|STRG.12105.1:1090-2934|+   -            615 888at50557           -           1806   2.1e-16   57.3   0.2   1   3   0.00011     0.019   11.1   0.0  1092  1117     1    26     1   131 0.68 -
13582at50557_7536_0:000536|STRG.12105.1:1090-2934|+   -            615 888at50557           -           1806   2.1e-16   57.3   0.2   2   3   2.2e-12   3.8e-10   36.6   0.0  1249  1330   435   517   417   530 0.90 -
13582at50557_7536_0:000536|STRG.12105.1:1090-2934|+   -            615 888at50557           -           1806   2.1e-16   57.3   0.2   3   3    0.0031      0.53    6.3   0.0  1343  1381   555   596   549   606 0.83 -
39032at50557_7176_0:002c71|STRG.17802.4:239-3075|+    -            319 888at50557           -           1806   2.1e-14   50.7   3.6   1   2     0.002      0.34    6.9   0.0  1091  1119     4    32     2    45 0.83 -
39032at50557_7176_0:002c71|STRG.17802.4:239-3075|+    -            319 888at50557           -           1806   2.1e-14   50.7   3.6   2   2   3.4e-14   5.7e-12   42.6   2.1  1196  1388   124   306   105   315 0.84 -
70721at50557_93721_0:00496d|STRG.14943.1:1938-3095|+  -            386 888at50557           -           1806     2e-11   40.8   2.1   1   2       0.2        35    0.2   0.1  1095  1114     1    20     1    30 0.87 -
70721at50557_93721_0:00496d|STRG.14943.1:1938-3095|+  -            386 888at50557           -           1806     2e-11   40.8   2.1   2   2   2.2e-13   3.7e-11   39.9   0.3  1236  1381   204   351   198   358 0.86 -
70721at50557_93721_0:00496d|STRG.14943.2:1584-2741|+  -            386 888at50557           -           1806     2e-11   40.8   2.1   1   2       0.2        35    0.2   0.1  1095  1114     1    20     1    30 0.87 -
70721at50557_93721_0:00496d|STRG.14943.2:1584-2741|+  -            386 888at50557           -           1806     2e-11   40.8   2.1   2   2   2.2e-13   3.7e-11   39.9   0.3  1236  1381   204   351   198   358 0.86 -
13582at50557_39758_0:0038ff|STRG.17802.3:161-3036|+   -            629 888at50557           -           1806     3e-10   36.9   2.1   1   2    0.0035      0.59    6.1   0.0  1091  1119    25    53    20    65 0.82 -
13582at50557_39758_0:0038ff|STRG.17802.3:161-3036|+   -            629 888at50557           -           1806     3e-10   36.9   2.1   2   2   5.3e-10     9e-08   28.7   1.5  1208  1388   432   612   423   621 0.80 -
116675at50557_286306_0:000e85|STRG.6136.1:0-1382|+    -            461 888at50557           -           1806   1.6e-09   34.5   0.0   1   2   0.00058     0.098    8.7   0.0  1084  1118    27    61    23    78 0.82 -
116675at50557_286306_0:000e85|STRG.6136.1:0-1382|+    -            461 888at50557           -           1806   1.6e-09   34.5   0.0   2   2   1.9e-08   3.2e-06   23.6   0.0  1220  1373   268   441   245   453 0.74 -
39032at50557_79782_0:0019dd|STRG.12705.1:666-1781|+   -            372 888at50557           -           1806   9.1e-07   25.4   0.0   1   2     4e-07   6.8e-05   19.2   0.0  1073  1133    73   138    43   213 0.74 -
39032at50557_79782_0:0019dd|STRG.12705.1:666-1781|+   -            372 888at50557           -           1806   9.1e-07   25.4   0.0   2   2     0.012         2    4.3   0.0  1246  1325   292   367   287   369 0.88 -
39032at50557_456900_0:001fa5|STRG.17802.1:2009-2956|+ -            316 888at50557           -           1806     2e-06   24.2   3.1   1   1   2.6e-08   4.3e-06   23.1   3.1  1250  1388   179   303   163   312 0.83 -
39032at50557_456900_0:001fa5|STRG.17802.2:961-1908|+  -            316 888at50557           -           1806     2e-06   24.2   3.1   1   1   2.6e-08   4.3e-06   23.1   3.1  1250  1388   179   303   163   312 0.83 -
39032at50557_7070_0:002768|STRG.13988.1:828-1964|+    -            379 888at50557           -           1806   5.2e-06   22.9   5.3   1   2   0.00032     0.054    9.5   0.6  1095  1208     1   116     1   253 0.66 -
39032at50557_7070_0:002768|STRG.13988.1:828-1964|+    -            379 888at50557           -           1806   5.2e-06   22.9   5.3   2   2   9.7e-06    0.0017   14.6   0.4  1298  1387   263   353   246   367 0.75 -
39032at50557_7070_0:002768|STRG.13988.2:914-2050|+    -            379 888at50557           -           1806   5.2e-06   22.9   5.3   1   2   0.00032     0.054    9.5   0.6  1095  1208     1   116     1   253 0.66 -
39032at50557_7070_0:002768|STRG.13988.2:914-2050|+    -            379 888at50557           -           1806   5.2e-06   22.9   5.3   2   2   9.7e-06    0.0017   14.6   0.4  1298  1387   263   353   246   367 0.75 -
39032at50557_7070_0:002768|STRG.13988.3:846-1982|+    -            379 888at50557           -           1806   5.2e-06   22.9   5.3   1   2   0.00032     0.054    9.5   0.6  1095  1208     1   116     1   253 0.66 -
39032at50557_7070_0:002768|STRG.13988.3:846-1982|+    -            379 888at50557           -           1806   5.2e-06   22.9   5.3   2   2   9.7e-06    0.0017   14.6   0.4  1298  1387   263   353   246   367 0.75 -
39032at50557_7070_0:002768|STRG.13988.4:846-1982|+    -            379 888at50557           -           1806   5.2e-06   22.9   5.3   1   2   0.00032     0.054    9.5   0.6  1095  1208     1   116     1   253 0.66 -
39032at50557_7070_0:002768|STRG.13988.4:846-1982|+    -            379 888at50557           -           1806   5.2e-06   22.9   5.3   2   2   9.7e-06    0.0017   14.6   0.4  1298  1387   263   353   246   367 0.75 -
39032at50557_7070_0:002768|STRG.13988.5:306-1442|+    -            379 888at50557           -           1806   5.2e-06   22.9   5.3   1   2   0.00032     0.054    9.5   0.6  1095  1208     1   116     1   253 0.66 -
39032at50557_7070_0:002768|STRG.13988.5:306-1442|+    -            379 888at50557           -           1806   5.2e-06   22.9   5.3   2   2   9.7e-06    0.0017   14.6   0.4  1298  1387   263   353   246   367 0.75 -
39032at50557_121845_0:003af0|STRG.3129.1:474-1466|+   -            331 888at50557           -           1806   0.00042   16.6   0.1   1   2      0.11        19    1.1   0.0  1092  1126     1    35     1    42 0.89 -
39032at50557_121845_0:003af0|STRG.3129.1:474-1466|+   -            331 888at50557           -           1806   0.00042   16.6   0.1   2   2   2.3e-05    0.0039   13.3   0.1  1280  1382   214   314   197   325 0.81 -
#
# Program:         hmmsearch
# Version:         3.4 (Aug 2023)
# Pipeline mode:   SEARCH
# Query file:      /data/projet1/projet_tutore/busco_downloads/lineages/insecta_odb10/hmms/888at50557.hmm
# Target file:     annotation_analysis/annotation_gca/T_septentrionalis/busco_output/run_insecta_odb10/metaeuk_output/initial_results/assembled_transcripts.fasta.modified.fas
# Option settings: hmmsearch --domtblout annotation_analysis/annotation_gca/T_septentrionalis/busco_output/run_insecta_odb10/hmmer_output/initial_run_results/888at50557.out --cpu 1 /data/projet1/projet_tutore/busco_downloads/lineages/insecta_odb10/hmms/888at50557.hmm annotation_analysis/annotation_gca/T_septentrionalis/busco_output/run_insecta_odb10/metaeuk_output/initial_results/assembled_transcripts.fasta.modified.fas 
# Current dir:     /data/projet1/projet_tutore
# Date:            Sun Oct 13 13:57:10 2024
# [ok]
