#                                                                                                              --- full sequence --- -------------- this domain -------------   hmm coord   ali coord   env coord
# target name                                          accession   tlen query name           accession   qlen   E-value  score  bias   #  of  c-Evalue  i-Evalue  score  bias  from    to  from    to  from    to  acc description of target
#                                  ------------------- ---------- ----- -------------------- ---------- ----- --------- ------ ----- --- --- --------- --------- ------ ----- ----- ----- ----- ----- ----- ----- ---- ---------------------
96740at50557_34720_0:001539|STRG.10246.2:335-1503|+    -            356 96740at50557         -            289    2e-132  439.6   0.5   1   2   8.7e-73   9.4e-71  237.2   0.0     1   159     1   182     1   187 0.89 -
96740at50557_34720_0:001539|STRG.10246.2:335-1503|+    -            356 96740at50557         -            289    2e-132  439.6   0.5   2   2   1.6e-61   1.7e-59  200.2   0.5   128   252   186   356   179   356 0.92 -
96740at50557_34720_0:001539|STRG.10246.1:335-1432|+    -            366 96740at50557         -            289  6.8e-129  428.0   0.4   1   2     1e-72   1.1e-70  237.0   0.0     1   159     1   182     1   186 0.89 -
96740at50557_34720_0:001539|STRG.10246.1:335-1432|+    -            366 96740at50557         -            289  6.8e-129  428.0   0.4   2   2   5.6e-58     6e-56  188.6   0.4   128   253   186   366   179   366 0.89 -
68581at50557_166423_0:000f4f|STRG.19683.2:154-1495|+   -            401 96740at50557         -            289   1.1e-13   49.9   1.4   1   2   5.6e-07     6e-05   21.2   1.0   164   280    26   177     6   181 0.46 -
68581at50557_166423_0:000f4f|STRG.19683.2:154-1495|+   -            401 96740at50557         -            289   1.1e-13   49.9   1.4   2   2   2.9e-07   3.1e-05   22.1   0.0   160   214   197   253   178   266 0.84 -
68581at50557_166423_0:000f4f|STRG.19683.1:577-1671|+   -            365 96740at50557         -            289   1.1e-13   49.8   1.3   1   3      0.29        31    2.4   0.1   228   248    10    30     2    34 0.85 -
68581at50557_166423_0:000f4f|STRG.19683.1:577-1671|+   -            365 96740at50557         -            289   1.1e-13   49.8   1.3   2   3   1.9e-06    0.0002   19.5   0.1    91   213    45   161    31   166 0.42 -
68581at50557_166423_0:000f4f|STRG.19683.1:577-1671|+   -            365 96740at50557         -            289   1.1e-13   49.8   1.3   3   3   2.8e-07     3e-05   22.2   0.0   162   214   183   237   164   250 0.86 -
96740at50557_110193_0:0006ca|STRG.4265.1:637-1203|+    -            189 96740at50557         -            289   1.3e-13   49.7   0.0   1   2   1.7e-05    0.0018   16.4   0.0    60   108     4    51     1    56 0.87 -
96740at50557_110193_0:0006ca|STRG.4265.1:637-1203|+    -            189 96740at50557         -            289   1.3e-13   49.7   0.0   2   2     4e-10   4.3e-08   31.5   0.0   165   211   138   184    94   187 0.84 -
96740at50557_110193_0:0006ca|STRG.4265.3:1266-1832|+   -            189 96740at50557         -            289   1.3e-13   49.7   0.0   1   2   1.7e-05    0.0018   16.4   0.0    60   108     4    51     1    56 0.87 -
96740at50557_110193_0:0006ca|STRG.4265.3:1266-1832|+   -            189 96740at50557         -            289   1.3e-13   49.7   0.0   2   2     4e-10   4.3e-08   31.5   0.0   165   211   138   184    94   187 0.84 -
96740at50557_110193_0:0006ca|STRG.4265.4:1064-1630|+   -            189 96740at50557         -            289   1.3e-13   49.7   0.0   1   2   1.7e-05    0.0018   16.4   0.0    60   108     4    51     1    56 0.87 -
96740at50557_110193_0:0006ca|STRG.4265.4:1064-1630|+   -            189 96740at50557         -            289   1.3e-13   49.7   0.0   2   2     4e-10   4.3e-08   31.5   0.0   165   211   138   184    94   187 0.84 -
68581at50557_166423_0:000f4f|STRG.19683.3:3-1157|+     -            385 96740at50557         -            289   1.4e-13   49.6   1.2   1   3      0.27        29    2.6   0.1   228   248    10    30     2    36 0.85 -
68581at50557_166423_0:000f4f|STRG.19683.3:3-1157|+     -            385 96740at50557         -            289   1.4e-13   49.6   1.2   2   3   2.4e-06   0.00026   19.1   0.1    94   215    48   163    40   179 0.68 -
68581at50557_166423_0:000f4f|STRG.19683.3:3-1157|+     -            385 96740at50557         -            289   1.4e-13   49.6   1.2   3   3   2.9e-07   3.1e-05   22.1   0.0   160   214   181   237   162   246 0.84 -
84585at50557_199890_0:0017fa|STRG.9806.1:1002-3617|+   -            872 96740at50557         -            289   1.1e-10   40.0   0.2   1   3   0.00093       0.1   10.6   0.1   157   240   105   184    83   225 0.71 -
84585at50557_199890_0:0017fa|STRG.9806.1:1002-3617|+   -            872 96740at50557         -            289   1.1e-10   40.0   0.2   2   3   5.2e-06   0.00056   18.0   0.0   227   285   431   487   415   490 0.87 -
84585at50557_199890_0:0017fa|STRG.9806.1:1002-3617|+   -            872 96740at50557         -            289   1.1e-10   40.0   0.2   3   3     0.013       1.4    6.8   0.0   124   214   779   871   744   872 0.67 -
84585at50557_199890_0:0017fa|STRG.9806.2:1002-3620|+   -            873 96740at50557         -            289   1.2e-10   39.9   0.2   1   3   0.00094       0.1   10.6   0.1   157   240   105   184    83   225 0.71 -
84585at50557_199890_0:0017fa|STRG.9806.2:1002-3620|+   -            873 96740at50557         -            289   1.2e-10   39.9   0.2   2   3   5.7e-06   0.00061   17.9   0.0   227   284   431   486   415   490 0.87 -
84585at50557_199890_0:0017fa|STRG.9806.2:1002-3620|+   -            873 96740at50557         -            289   1.2e-10   39.9   0.2   3   3     0.013       1.4    6.8   0.0   124   214   780   872   745   873 0.67 -
98332at50557_132113_0:00196c|STRG.6009.2:957-1760|+    -            257 96740at50557         -            289   1.5e-10   39.6   0.1   1   2   7.1e-08   7.6e-06   24.1   0.0    58   106     6    54     2    67 0.89 -
98332at50557_132113_0:00196c|STRG.6009.2:957-1760|+    -            257 96740at50557         -            289   1.5e-10   39.6   0.1   2   2   0.00015     0.016   13.3   0.0   162   214   155   206   121   213 0.68 -
68581at50557_13037_0:002f45|STRG.11521.1:3185-3889|+   -            235 96740at50557         -            289   2.9e-10   38.6   0.9   1   1    0.0013      0.14   10.2   0.0   167   219     2    55     1    68 0.84 -
68581at50557_13037_0:002f45|STRG.11521.2:3281-3985|+   -            235 96740at50557         -            289   2.9e-10   38.6   0.9   1   1    0.0013      0.14   10.2   0.0   167   219     2    55     1    68 0.84 -
68581at50557_13037_0:002f45|STRG.11521.3:3254-3958|+   -            235 96740at50557         -            289   2.9e-10   38.6   0.9   1   1    0.0013      0.14   10.2   0.0   167   219     2    55     1    68 0.84 -
68581at50557_168631_0:0016a9|STRG.11521.1:4067-4522|+  -            152 96740at50557         -            289   1.2e-09   36.6   0.1   1   2   0.00086     0.093   10.7   0.0   224   286    14    78     3    81 0.70 -
68581at50557_168631_0:0016a9|STRG.11521.1:4067-4522|+  -            152 96740at50557         -            289   1.2e-09   36.6   0.1   2   2   4.7e-08     5e-06   24.7   0.0   157   214    94   151    77   152 0.81 -
68581at50557_168631_0:0016a9|STRG.11521.2:4163-4618|+  -            152 96740at50557         -            289   1.2e-09   36.6   0.1   1   2   0.00086     0.093   10.7   0.0   224   286    14    78     3    81 0.70 -
68581at50557_168631_0:0016a9|STRG.11521.2:4163-4618|+  -            152 96740at50557         -            289   1.2e-09   36.6   0.1   2   2   4.7e-08     5e-06   24.7   0.0   157   214    94   151    77   152 0.81 -
68581at50557_168631_0:0016a9|STRG.11521.3:4136-4591|+  -            152 96740at50557         -            289   1.2e-09   36.6   0.1   1   2   0.00086     0.093   10.7   0.0   224   286    14    78     3    81 0.70 -
68581at50557_168631_0:0016a9|STRG.11521.3:4136-4591|+  -            152 96740at50557         -            289   1.2e-09   36.6   0.1   2   2   4.7e-08     5e-06   24.7   0.0   157   214    94   151    77   152 0.81 -
96740at50557_52612_0:0005e5|STRG.4265.2:1266-1724|+    -            153 96740at50557         -            289   1.1e-08   33.5   0.1   1   2   1.1e-05    0.0012   16.9   0.0    60   108     4    51     1    56 0.87 -
96740at50557_52612_0:0005e5|STRG.4265.2:1266-1724|+    -            153 96740at50557         -            289   1.1e-08   33.5   0.1   2   2   5.1e-05    0.0055   14.8   0.1   193   211   135   153   126   153 0.88 -
68581at50557_166361_0:00349c|STRG.16830.2:9-659|+      -            217 96740at50557         -            289   6.6e-08   30.9   0.1   1   3    0.0062      0.66    7.9   0.0   230   284     2    52     1    57 0.64 -
68581at50557_166361_0:00349c|STRG.16830.2:9-659|+      -            217 96740at50557         -            289   6.6e-08   30.9   0.1   2   3     0.011       1.2    7.1   0.0   146   223    74   153    50   157 0.73 -
68581at50557_166361_0:00349c|STRG.16830.2:9-659|+      -            217 96740at50557         -            289   6.6e-08   30.9   0.1   3   3   0.00011     0.012   13.7   0.0   157   214   156   214   149   216 0.86 -
68581at50557_166361_0:00349c|STRG.16830.1:345-971|+    -            209 96740at50557         -            289   1.2e-07   30.1   0.2   1   3    0.0094         1    7.3   0.0   230   252     2    24     1    58 0.63 -
68581at50557_166361_0:00349c|STRG.16830.1:345-971|+    -            209 96740at50557         -            289   1.2e-07   30.1   0.2   2   3     0.012       1.3    6.9   0.0   147   223    67   145    34   149 0.76 -
68581at50557_166361_0:00349c|STRG.16830.1:345-971|+    -            209 96740at50557         -            289   1.2e-07   30.1   0.2   3   3   9.3e-05      0.01   13.9   0.0   157   214   148   206   140   208 0.86 -
98332at50557_13164_0:002b29|STRG.18947.1:415-834|+     -            140 96740at50557         -            289     2e-07   29.3   0.2   1   1   2.2e-09   2.4e-07   29.1   0.2   167   215     2    51     1    78 0.92 -
98332at50557_13164_0:002b29|STRG.18947.2:283-702|+     -            140 96740at50557         -            289     2e-07   29.3   0.2   1   1   2.2e-09   2.4e-07   29.1   0.2   167   215     2    51     1    78 0.92 -
98332at50557_13164_0:002b29|STRG.18947.3:165-584|+     -            140 96740at50557         -            289     2e-07   29.3   0.2   1   1   2.2e-09   2.4e-07   29.1   0.2   167   215     2    51     1    78 0.92 -
98332at50557_133901_0:000b7a|STRG.9215.2:6159-6575|+   -            139 96740at50557         -            289   2.7e-07   28.9   0.1   1   1   4.2e-09   4.6e-07   28.1   0.1   229   281     1    51     1    60 0.65 -
98332at50557_133901_0:000b7a|STRG.9215.3:1450-1866|+   -            139 96740at50557         -            289   2.7e-07   28.9   0.1   1   1   4.2e-09   4.6e-07   28.1   0.1   229   281     1    51     1    60 0.65 -
98332at50557_133901_0:000b7a|STRG.9215.4:848-1264|+    -            139 96740at50557         -            289   2.7e-07   28.9   0.1   1   1   4.2e-09   4.6e-07   28.1   0.1   229   281     1    51     1    60 0.65 -
98332at50557_133901_0:000b7a|STRG.9215.5:848-1264|+    -            139 96740at50557         -            289   2.7e-07   28.9   0.1   1   1   4.2e-09   4.6e-07   28.1   0.1   229   281     1    51     1    60 0.65 -
68581at50557_168631_0:0016a9|STRG.1998.1:1467-1958|+   -            164 96740at50557         -            289   3.8e-07   28.4   0.0   1   2   3.7e-05     0.004   15.2   0.0   231   281     2    50     1    61 0.71 -
68581at50557_168631_0:0016a9|STRG.1998.1:1467-1958|+   -            164 96740at50557         -            289   3.8e-07   28.4   0.0   2   2   0.00047     0.051   11.6   0.0   145   211    95   164    71   164 0.73 -
68581at50557_168631_0:0016a9|STRG.1998.3:1377-1868|+   -            164 96740at50557         -            289   3.8e-07   28.4   0.0   1   2   3.7e-05     0.004   15.2   0.0   231   281     2    50     1    61 0.71 -
68581at50557_168631_0:0016a9|STRG.1998.3:1377-1868|+   -            164 96740at50557         -            289   3.8e-07   28.4   0.0   2   2   0.00047     0.051   11.6   0.0   145   211    95   164    71   164 0.73 -
98332at50557_132113_0:00196c|STRG.6009.3:957-2121|+    -            257 96740at50557         -            289   3.8e-07   28.4   0.0   1   2   0.00015     0.016   13.2   0.0    58   106     6    54     1    81 0.69 -
98332at50557_132113_0:00196c|STRG.6009.3:957-2121|+    -            257 96740at50557         -            289   3.8e-07   28.4   0.0   2   2   0.00013     0.014   13.4   0.1   162   214   155   206    96   213 0.74 -
68581at50557_104452_0:00171a|STRG.10408.1:2418-2828|+  -            137 96740at50557         -            289   5.5e-07   27.9   0.0   1   1   6.2e-09   6.7e-07   27.6   0.0   160   223     8    71     4    98 0.88 -
68581at50557_104452_0:00171a|STRG.10408.2:2892-3302|+  -            137 96740at50557         -            289   5.5e-07   27.9   0.0   1   1   6.2e-09   6.7e-07   27.6   0.0   160   223     8    71     4    98 0.88 -
98332at50557_319348_0:002488|STRG.18325.1:1200-1601|+  -            134 96740at50557         -            289     6e-07   27.8   0.2   1   2   0.00018     0.019   13.0   0.0   229   263    23    55     1    72 0.64 -
98332at50557_319348_0:002488|STRG.18325.1:1200-1601|+  -            134 96740at50557         -            289     6e-07   27.8   0.2   2   2   0.00011     0.012   13.6   0.0   165   198    86   119    72   134 0.82 -
98332at50557_319348_0:002488|STRG.18325.2:936-1337|+   -            134 96740at50557         -            289     6e-07   27.8   0.2   1   2   0.00018     0.019   13.0   0.0   229   263    23    55     1    72 0.64 -
98332at50557_319348_0:002488|STRG.18325.2:936-1337|+   -            134 96740at50557         -            289     6e-07   27.8   0.2   2   2   0.00011     0.012   13.6   0.0   165   198    86   119    72   134 0.82 -
91571at50557_2015173_0:000792|STRG.10979.1:0-809|+     -            270 96740at50557         -            289   1.9e-06   26.1   0.1   1   1   3.7e-08     4e-06   25.0   0.0   159   222    90   153    74   158 0.85 -
98332at50557_77166_0:00193f|STRG.7063.1:441-980|+      -            180 96740at50557         -            289   2.8e-06   25.6   0.2   1   2   1.6e-05    0.0017   16.4   0.1   176   223     5    52     1   116 0.75 -
98332at50557_77166_0:00193f|STRG.7063.1:441-980|+      -            180 96740at50557         -            289   2.8e-06   25.6   0.2   2   2    0.0053      0.57    8.1   0.0   144   197   111   164   103   180 0.83 -
68581at50557_45779_0:003c15|STRG.5367.1:3277-3411|+    -             45 96740at50557         -            289   7.3e-06   24.2   0.0   1   1     7e-08   7.5e-06   24.1   0.0   168   213     1    45     1    45 0.88 -
68581at50557_45779_0:003c15|STRG.5367.2:2937-3071|+    -             45 96740at50557         -            289   7.3e-06   24.2   0.0   1   1     7e-08   7.5e-06   24.1   0.0   168   213     1    45     1    45 0.88 -
98332at50557_132113_0:00196c|STRG.6009.1:127-858|+     -            233 96740at50557         -            289     2e-05   22.7   0.1   1   2    0.0091      0.98    7.4   0.0   187   220     2    35     1    52 0.77 -
98332at50557_132113_0:00196c|STRG.6009.1:127-858|+     -            233 96740at50557         -            289     2e-05   22.7   0.1   2   2   0.00012     0.013   13.5   0.0   162   214   131   182    97   189 0.68 -
98332at50557_1155016_0:002d21|STRG.14169.1:1708-1866|+ -             53 96740at50557         -            289    0.0004   18.5   0.0   1   1   4.2e-06   0.00045   18.3   0.0   167   214     3    49     2    53 0.90 -
98332at50557_1155016_0:002d21|STRG.14169.2:3285-3443|+ -             53 96740at50557         -            289    0.0004   18.5   0.0   1   1   4.2e-06   0.00045   18.3   0.0   167   214     3    49     2    53 0.90 -
98332at50557_1155016_0:002d21|STRG.13301.1:851-1000|+  -             50 96740at50557         -            289   0.00053   18.1   0.0   1   1   5.1e-06   0.00055   18.0   0.0   167   214     4    50     1    50 0.90 -
98332at50557_1155016_0:002d21|STRG.13301.2:851-1000|+  -             50 96740at50557         -            289   0.00053   18.1   0.0   1   1   5.1e-06   0.00055   18.0   0.0   167   214     4    50     1    50 0.90 -
98332at50557_1155016_0:002d21|STRG.13301.3:851-1000|+  -             50 96740at50557         -            289   0.00053   18.1   0.0   1   1   5.1e-06   0.00055   18.0   0.0   167   214     4    50     1    50 0.90 -
98332at50557_1155016_0:002d21|STRG.15605.1:5525-5677|+ -             51 96740at50557         -            289   0.00096   17.2   1.1   1   1   9.6e-06     0.001   17.1   1.1   168   214     6    51     3    51 0.93 -
98332at50557_1155016_0:002d21|STRG.15605.2:1501-1653|+ -             51 96740at50557         -            289   0.00096   17.2   1.1   1   1   9.6e-06     0.001   17.1   1.1   168   214     6    51     3    51 0.93 -
98332at50557_1155016_0:002d21|STRG.15605.3:405-557|+   -             51 96740at50557         -            289   0.00096   17.2   1.1   1   1   9.6e-06     0.001   17.1   1.1   168   214     6    51     3    51 0.93 -
98332at50557_1155016_0:002d21|STRG.15605.4:1383-1535|+ -             51 96740at50557         -            289   0.00096   17.2   1.1   1   1   9.6e-06     0.001   17.1   1.1   168   214     6    51     3    51 0.93 -
31374at50557_286306_0:0033df|STRG.19482.1:395-2332|+   -            646 96740at50557         -            289    0.0018   16.3   0.1   1   1   3.6e-05    0.0038   15.3   0.1   230   282    11    62     2    70 0.53 -
47at50557_76194_0:0008ee|STRG.11995.5:705-5714|+       -           1670 96740at50557         -            289    0.0022   16.1   0.0   1   1   4.3e-05    0.0046   15.0   0.0   135   217  1514  1593  1483  1615 0.78 -
98332at50557_1155016_0:002d21|STRG.18705.1:18-161|+    -             48 96740at50557         -            289    0.0029   15.6   0.0   1   1   2.7e-05    0.0029   15.6   0.0   231   270     3    42     1    48 0.76 -
71152at50557_103372_0:00095c|STRG.3775.1:75-1487|+     -            471 96740at50557         -            289     0.003   15.6   1.2   1   2       8.2   8.8e+02   -2.3   0.1   118   124   245   251   197   294 0.55 -
71152at50557_103372_0:00095c|STRG.3775.1:75-1487|+     -            471 96740at50557         -            289     0.003   15.6   1.2   2   2   6.7e-05    0.0072   14.4   0.1   133   214   380   463   302   470 0.79 -
98332at50557_1155016_0:002d21|STRG.18420.1:3354-3506|+ -             51 96740at50557         -            289    0.0045   15.0   0.0   1   1   4.5e-05    0.0048   14.9   0.0   167   214     4    50     1    51 0.87 -
98332at50557_197043_0:002812|STRG.19054.1:2309-2482|+  -             58 96740at50557         -            289    0.0048   15.0   0.0   1   1   4.6e-05     0.005   14.9   0.0   168   215     7    53     3    58 0.89 -
98332at50557_197043_0:002812|STRG.19054.2:3106-3279|+  -             58 96740at50557         -            289    0.0048   15.0   0.0   1   1   4.6e-05     0.005   14.9   0.0   168   215     7    53     3    58 0.89 -
98332at50557_197043_0:002812|STRG.19054.3:2368-2541|+  -             58 96740at50557         -            289    0.0048   15.0   0.0   1   1   4.6e-05     0.005   14.9   0.0   168   215     7    53     3    58 0.89 -
98332at50557_197043_0:002812|STRG.19054.4:2368-2541|+  -             58 96740at50557         -            289    0.0048   15.0   0.0   1   1   4.6e-05     0.005   14.9   0.0   168   215     7    53     3    58 0.89 -
98332at50557_197043_0:002812|STRG.19054.5:3106-3279|+  -             58 96740at50557         -            289    0.0048   15.0   0.0   1   1   4.6e-05     0.005   14.9   0.0   168   215     7    53     3    58 0.89 -
98332at50557_197043_0:002812|STRG.19054.6:2463-2636|+  -             58 96740at50557         -            289    0.0048   15.0   0.0   1   1   4.6e-05     0.005   14.9   0.0   168   215     7    53     3    58 0.89 -
71152at50557_103372_0:00095c|STRG.3775.2:24-1262|+     -            387 96740at50557         -            289    0.0051   14.9   0.2   1   2       8.4     9e+02   -2.4   0.1   118   134   161   177   129   208 0.49 -
71152at50557_103372_0:00095c|STRG.3775.2:24-1262|+     -            387 96740at50557         -            289    0.0051   14.9   0.2   2   2   4.8e-05    0.0051   14.9   0.2   133   214   296   379   217   386 0.79 -
98332at50557_37001_0:001c0d|STRG.10689.10:2371-2643|+  -             91 96740at50557         -            289      0.01   13.9   0.0   1   1   9.3e-05      0.01   13.9   0.0   158   210    36    87    17    91 0.80 -
98332at50557_37001_0:001c0d|STRG.10689.11:2776-3048|+  -             91 96740at50557         -            289      0.01   13.9   0.0   1   1   9.3e-05      0.01   13.9   0.0   158   210    36    87    17    91 0.80 -
98332at50557_37001_0:001c0d|STRG.10689.12:6207-6479|+  -             91 96740at50557         -            289      0.01   13.9   0.0   1   1   9.3e-05      0.01   13.9   0.0   158   210    36    87    17    91 0.80 -
98332at50557_37001_0:001c0d|STRG.10689.1:1839-2111|+   -             91 96740at50557         -            289      0.01   13.9   0.0   1   1   9.3e-05      0.01   13.9   0.0   158   210    36    87    17    91 0.80 -
98332at50557_37001_0:001c0d|STRG.10689.2:7436-7708|+   -             91 96740at50557         -            289      0.01   13.9   0.0   1   1   9.3e-05      0.01   13.9   0.0   158   210    36    87    17    91 0.80 -
98332at50557_37001_0:001c0d|STRG.10689.3:2230-2502|+   -             91 96740at50557         -            289      0.01   13.9   0.0   1   1   9.3e-05      0.01   13.9   0.0   158   210    36    87    17    91 0.80 -
98332at50557_37001_0:001c0d|STRG.10689.4:1639-1911|+   -             91 96740at50557         -            289      0.01   13.9   0.0   1   1   9.3e-05      0.01   13.9   0.0   158   210    36    87    17    91 0.80 -
98332at50557_37001_0:001c0d|STRG.10689.5:1019-1291|+   -             91 96740at50557         -            289      0.01   13.9   0.0   1   1   9.3e-05      0.01   13.9   0.0   158   210    36    87    17    91 0.80 -
98332at50557_37001_0:001c0d|STRG.10689.6:7484-7756|+   -             91 96740at50557         -            289      0.01   13.9   0.0   1   1   9.3e-05      0.01   13.9   0.0   158   210    36    87    17    91 0.80 -
98332at50557_37001_0:001c0d|STRG.10689.7:1571-1843|+   -             91 96740at50557         -            289      0.01   13.9   0.0   1   1   9.3e-05      0.01   13.9   0.0   158   210    36    87    17    91 0.80 -
98332at50557_37001_0:001c0d|STRG.10689.8:925-1197|+    -             91 96740at50557         -            289      0.01   13.9   0.0   1   1   9.3e-05      0.01   13.9   0.0   158   210    36    87    17    91 0.80 -
98332at50557_37001_0:001c0d|STRG.10689.9:7343-7615|+   -             91 96740at50557         -            289      0.01   13.9   0.0   1   1   9.3e-05      0.01   13.9   0.0   158   210    36    87    17    91 0.80 -
68581at50557_45779_0:003c15|STRG.3472.1:1335-1475|+    -             47 96740at50557         -            289     0.023   12.7   0.3   1   1   0.00022     0.024   12.7   0.3   168   214     1    46     1    47 0.85 -
68581at50557_45779_0:003c15|STRG.3472.2:1450-1590|+    -             47 96740at50557         -            289     0.023   12.7   0.3   1   1   0.00022     0.024   12.7   0.3   168   214     1    46     1    47 0.85 -
68581at50557_45779_0:003c15|STRG.3472.3:1391-1531|+    -             47 96740at50557         -            289     0.023   12.7   0.3   1   1   0.00022     0.024   12.7   0.3   168   214     1    46     1    47 0.85 -
68581at50557_45779_0:003c15|STRG.3472.4:1610-1750|+    -             47 96740at50557         -            289     0.023   12.7   0.3   1   1   0.00022     0.024   12.7   0.3   168   214     1    46     1    47 0.85 -
68581at50557_45779_0:003c15|STRG.3472.5:1203-1343|+    -             47 96740at50557         -            289     0.023   12.7   0.3   1   1   0.00022     0.024   12.7   0.3   168   214     1    46     1    47 0.85 -
15817at50557_610380_0:002a13|STRG.9784.1:1-2604|+      -            868 96740at50557         -            289     0.031   12.3   0.0   1   1   0.00054     0.058   11.4   0.0   235   277   111   151    92   157 0.83 -
15817at50557_610380_0:002a13|STRG.9784.2:1-2665|+      -            868 96740at50557         -            289     0.031   12.3   0.0   1   1   0.00054     0.058   11.4   0.0   235   277   111   151    92   157 0.83 -
#
# Program:         hmmsearch
# Version:         3.4 (Aug 2023)
# Pipeline mode:   SEARCH
# Query file:      /data/projet1/projet_tutore/busco_downloads/lineages/insecta_odb10/hmms/96740at50557.hmm
# Target file:     annotation_analysis/annotation_gca/T_septentrionalis/busco_output/run_insecta_odb10/metaeuk_output/initial_results/assembled_transcripts.fasta.modified.fas
# Option settings: hmmsearch --domtblout annotation_analysis/annotation_gca/T_septentrionalis/busco_output/run_insecta_odb10/hmmer_output/initial_run_results/96740at50557.out --cpu 1 /data/projet1/projet_tutore/busco_downloads/lineages/insecta_odb10/hmms/96740at50557.hmm annotation_analysis/annotation_gca/T_septentrionalis/busco_output/run_insecta_odb10/metaeuk_output/initial_results/assembled_transcripts.fasta.modified.fas 
# Current dir:     /data/projet1/projet_tutore
# Date:            Sun Oct 13 13:57:33 2024
# [ok]
