#                                                                                                            --- full sequence --- -------------- this domain -------------   hmm coord   ali coord   env coord
# target name                                        accession   tlen query name           accession   qlen   E-value  score  bias   #  of  c-Evalue  i-Evalue  score  bias  from    to  from    to  from    to  acc description of target
#                                ------------------- ---------- ----- -------------------- ---------- ----- --------- ------ ----- --- --- --------- --------- ------ ----- ----- ----- ----- ----- ----- ----- ---- ---------------------
100901at50557_103372_0:000090|STRG.7770.2:119-1678|+ -            520 100901at50557        -            153   2.6e-62  208.2  12.7   1   3   6.1e-24   1.8e-20   72.3   0.2     1    57    87   148    87   159 0.90 -
100901at50557_103372_0:000090|STRG.7770.2:119-1678|+ -            520 100901at50557        -            153   2.6e-62  208.2  12.7   2   3     0.001         3    6.6   0.1    31    66   191   235   186   285 0.74 -
100901at50557_103372_0:000090|STRG.7770.2:119-1678|+ -            520 100901at50557        -            153   2.6e-62  208.2  12.7   3   3   9.9e-43   2.9e-39  133.3   4.3    65   153   343   445   333   445 0.88 -
100901at50557_103372_0:000090|STRG.7770.1:120-1784|+ -            555 100901at50557        -            153   5.9e-61  203.8  12.5   1   3   6.7e-24     2e-20   72.2   0.2     1    57    87   148    87   159 0.90 -
100901at50557_103372_0:000090|STRG.7770.1:120-1784|+ -            555 100901at50557        -            153   5.9e-61  203.8  12.5   2   3      0.02        59    2.4   0.1    50    66   254   270   244   319 0.82 -
100901at50557_103372_0:000090|STRG.7770.1:120-1784|+ -            555 100901at50557        -            153   5.9e-61  203.8  12.5   3   3   1.1e-42   3.2e-39  133.2   4.3    65   153   378   480   368   480 0.88 -
35300at50557_520822_0:00241c|STRG.14777.1:0-290|+    -             97 100901at50557        -            153     0.015   14.1   0.4   1   1   8.2e-06     0.024   13.4   0.4    19    82    11    71     3    94 0.69 -
#
# Program:         hmmsearch
# Version:         3.4 (Aug 2023)
# Pipeline mode:   SEARCH
# Query file:      /data/projet1/projet_tutore/busco_downloads/lineages/insecta_odb10/hmms/100901at50557.hmm
# Target file:     annotation_analysis/annotation_gcf/T_zeteki/busco_output/run_insecta_odb10/metaeuk_output/initial_results/assembled_transcripts.fasta.modified.fas
# Option settings: hmmsearch --domtblout annotation_analysis/annotation_gcf/T_zeteki/busco_output/run_insecta_odb10/hmmer_output/initial_run_results/100901at50557.out --cpu 1 /data/projet1/projet_tutore/busco_downloads/lineages/insecta_odb10/hmms/100901at50557.hmm annotation_analysis/annotation_gcf/T_zeteki/busco_output/run_insecta_odb10/metaeuk_output/initial_results/assembled_transcripts.fasta.modified.fas 
# Current dir:     /data/projet1/projet_tutore
# Date:            Sun Dec  1 20:20:55 2024
# [ok]
