#                                                                                                            --- full sequence --- -------------- this domain -------------   hmm coord   ali coord   env coord
# target name                                        accession   tlen query name           accession   qlen   E-value  score  bias   #  of  c-Evalue  i-Evalue  score  bias  from    to  from    to  from    to  acc description of target
#                                ------------------- ---------- ----- -------------------- ---------- ----- --------- ------ ----- --- --- --------- --------- ------ ----- ----- ----- ----- ----- ----- ----- ---- ---------------------
102771at50557_520822_0:0019d8|STRG.2899.1:215-1555|+ -            447 102771at50557        -            276  3.1e-109  363.2  19.8   1   4   2.2e-05     0.016   13.2   0.1     1    27    29    55    29    66 0.87 -
102771at50557_520822_0:0019d8|STRG.2899.1:215-1555|+ -            447 102771at50557        -            276  3.1e-109  363.2  19.8   2   4     6e-20   4.4e-17   61.0   0.4    17    67    69   119    63   126 0.92 -
102771at50557_520822_0:0019d8|STRG.2899.1:215-1555|+ -            447 102771at50557        -            276  3.1e-109  363.2  19.8   3   4   1.3e-84   9.2e-82  273.1   7.6    71   242   170   357   140   409 0.81 -
102771at50557_520822_0:0019d8|STRG.2899.1:215-1555|+ -            447 102771at50557        -            276  3.1e-109  363.2  19.8   4   4   3.6e-07   0.00026   19.1   0.0   253   276   424   447   415   447 0.88 -
102771at50557_168631_0:002104|STRG.2899.2:358-627|+  -             90 102771at50557        -            276   2.2e-11   42.3   0.7   1   2   9.7e-14   7.1e-11   40.6   0.2    34    67     1    34     1    41 0.92 -
102771at50557_168631_0:002104|STRG.2899.2:358-627|+  -             90 102771at50557        -            276   2.2e-11   42.3   0.7   2   2      0.16   1.2e+02    0.5   0.0    53    81    55    83    34    87 0.77 -
89121at50557_143948_0:00162b|STRG.8395.1:551-1597|+  -            349 102771at50557        -            276   3.2e-07   28.6   0.2   1   6    0.0081       5.9    4.8   0.0    33    56     9    32     2    42 0.85 -
89121at50557_143948_0:00162b|STRG.8395.1:551-1597|+  -            349 102771at50557        -            276   3.2e-07   28.6   0.2   2   6      0.05        37    2.2   0.0    29    56    92   119    66   141 0.79 -
89121at50557_143948_0:00162b|STRG.8395.1:551-1597|+  -            349 102771at50557        -            276   3.2e-07   28.6   0.2   3   6     0.058        42    2.0   0.0    33    56   165   187   134   201 0.72 -
89121at50557_143948_0:00162b|STRG.8395.1:551-1597|+  -            349 102771at50557        -            276   3.2e-07   28.6   0.2   4   6      0.13        92    0.9   0.0    32    62   197   227   188   243 0.81 -
89121at50557_143948_0:00162b|STRG.8395.1:551-1597|+  -            349 102771at50557        -            276   3.2e-07   28.6   0.2   5   6   0.00039      0.28    9.1   0.1    20    75   254   308   235   316 0.72 -
89121at50557_143948_0:00162b|STRG.8395.1:551-1597|+  -            349 102771at50557        -            276   3.2e-07   28.6   0.2   6   6     0.029        22    2.9   0.0    29    56   296   323   289   345 0.79 -
89121at50557_143948_0:00162b|STRG.8395.3:704-1750|+  -            349 102771at50557        -            276   3.2e-07   28.6   0.2   1   6    0.0081       5.9    4.8   0.0    33    56     9    32     2    42 0.85 -
89121at50557_143948_0:00162b|STRG.8395.3:704-1750|+  -            349 102771at50557        -            276   3.2e-07   28.6   0.2   2   6      0.05        37    2.2   0.0    29    56    92   119    66   141 0.79 -
89121at50557_143948_0:00162b|STRG.8395.3:704-1750|+  -            349 102771at50557        -            276   3.2e-07   28.6   0.2   3   6     0.058        42    2.0   0.0    33    56   165   187   134   201 0.72 -
89121at50557_143948_0:00162b|STRG.8395.3:704-1750|+  -            349 102771at50557        -            276   3.2e-07   28.6   0.2   4   6      0.13        92    0.9   0.0    32    62   197   227   188   243 0.81 -
89121at50557_143948_0:00162b|STRG.8395.3:704-1750|+  -            349 102771at50557        -            276   3.2e-07   28.6   0.2   5   6   0.00039      0.28    9.1   0.1    20    75   254   308   235   316 0.72 -
89121at50557_143948_0:00162b|STRG.8395.3:704-1750|+  -            349 102771at50557        -            276   3.2e-07   28.6   0.2   6   6     0.029        22    2.9   0.0    29    56   296   323   289   345 0.79 -
41050at50557_113334_0:003566|STRG.3666.1:768-911|+   -             48 102771at50557        -            276   2.2e-06   25.9   0.1   1   1   3.1e-09   2.3e-06   25.8   0.1    85   135     2    48     1    48 0.91 -
57156at50557_28612_0:002d5e|STRG.8395.2:1298-1921|+  -            208 102771at50557        -            276   4.3e-06   24.9   0.1   1   5      0.09        66    1.4   0.0    33    62     6    35     2    49 0.82 -
57156at50557_28612_0:002d5e|STRG.8395.2:1298-1921|+  -            208 102771at50557        -            276   4.3e-06   24.9   0.1   2   5      0.43   3.1e+02   -0.9   0.0    36    56    43    63    31    73 0.78 -
57156at50557_28612_0:002d5e|STRG.8395.2:1298-1921|+  -            208 102771at50557        -            276   4.3e-06   24.9   0.1   3   5    0.0002      0.14   10.1   0.1    22    74    64   115    46   122 0.71 -
57156at50557_28612_0:002d5e|STRG.8395.2:1298-1921|+  -            208 102771at50557        -            276   4.3e-06   24.9   0.1   4   5     0.015        11    3.9   0.0    28    56   103   131    96   144 0.79 -
57156at50557_28612_0:002d5e|STRG.8395.2:1298-1921|+  -            208 102771at50557        -            276   4.3e-06   24.9   0.1   5   5    0.0024       1.8    6.5   0.0    34    59   143   168   132   196 0.82 -
57156at50557_28612_0:002d5e|STRG.8395.4:1796-2419|+  -            208 102771at50557        -            276   4.3e-06   24.9   0.1   1   5      0.09        66    1.4   0.0    33    62     6    35     2    49 0.82 -
57156at50557_28612_0:002d5e|STRG.8395.4:1796-2419|+  -            208 102771at50557        -            276   4.3e-06   24.9   0.1   2   5      0.43   3.1e+02   -0.9   0.0    36    56    43    63    31    73 0.78 -
57156at50557_28612_0:002d5e|STRG.8395.4:1796-2419|+  -            208 102771at50557        -            276   4.3e-06   24.9   0.1   3   5    0.0002      0.14   10.1   0.1    22    74    64   115    46   122 0.71 -
57156at50557_28612_0:002d5e|STRG.8395.4:1796-2419|+  -            208 102771at50557        -            276   4.3e-06   24.9   0.1   4   5     0.015        11    3.9   0.0    28    56   103   131    96   144 0.79 -
57156at50557_28612_0:002d5e|STRG.8395.4:1796-2419|+  -            208 102771at50557        -            276   4.3e-06   24.9   0.1   5   5    0.0024       1.8    6.5   0.0    34    59   143   168   132   196 0.82 -
57156at50557_28612_0:002d5e|STRG.8395.5:784-1407|+   -            208 102771at50557        -            276   4.3e-06   24.9   0.1   1   5      0.09        66    1.4   0.0    33    62     6    35     2    49 0.82 -
57156at50557_28612_0:002d5e|STRG.8395.5:784-1407|+   -            208 102771at50557        -            276   4.3e-06   24.9   0.1   2   5      0.43   3.1e+02   -0.9   0.0    36    56    43    63    31    73 0.78 -
57156at50557_28612_0:002d5e|STRG.8395.5:784-1407|+   -            208 102771at50557        -            276   4.3e-06   24.9   0.1   3   5    0.0002      0.14   10.1   0.1    22    74    64   115    46   122 0.71 -
57156at50557_28612_0:002d5e|STRG.8395.5:784-1407|+   -            208 102771at50557        -            276   4.3e-06   24.9   0.1   4   5     0.015        11    3.9   0.0    28    56   103   131    96   144 0.79 -
57156at50557_28612_0:002d5e|STRG.8395.5:784-1407|+   -            208 102771at50557        -            276   4.3e-06   24.9   0.1   5   5    0.0024       1.8    6.5   0.0    34    59   143   168   132   196 0.82 -
89121at50557_41427_0:000114|STRG.12819.1:1861-2799|+ -            313 102771at50557        -            276     0.019   13.0   0.4   1   4   0.00094      0.69    7.9   0.0    19    58    12    52     8    76 0.81 -
89121at50557_41427_0:000114|STRG.12819.1:1861-2799|+ -            313 102771at50557        -            276     0.019   13.0   0.4   2   4      0.93   6.8e+02   -2.0   0.0    40    61   116   137   105   162 0.57 -
89121at50557_41427_0:000114|STRG.12819.1:1861-2799|+ -            313 102771at50557        -            276     0.019   13.0   0.4   3   4     0.093        69    1.3   0.0    23    64   167   208   147   226 0.82 -
89121at50557_41427_0:000114|STRG.12819.1:1861-2799|+ -            313 102771at50557        -            276     0.019   13.0   0.4   4   4      0.91   6.7e+02   -2.0   0.0     9    55   258   304   251   308 0.79 -
93865at50557_286306_0:003696|STRG.4932.1:73-851|+    -            253 102771at50557        -            276     0.087   10.8   0.3   1   1   0.00018      0.13   10.2   0.3    98   135    15    55    10    62 0.75 -
41050at50557_7539_0:001472|STRG.2141.1:684-1643|+    -            320 102771at50557        -            276     0.088   10.8   0.2   1   2   0.00047      0.35    8.8   0.1    83   129     7    49     2    58 0.82 -
41050at50557_7539_0:001472|STRG.2141.1:684-1643|+    -            320 102771at50557        -            276     0.088   10.8   0.2   2   2      0.97   7.2e+02   -2.0   0.0   103   130   280   307   276   317 0.84 -
93865at50557_83485_0:001da3|STRG.4932.2:19-828|+     -            270 102771at50557        -            276     0.094   10.7   0.3   1   1    0.0002      0.14   10.1   0.3    98   135    31    71    26    78 0.75 -
#
# Program:         hmmsearch
# Version:         3.4 (Aug 2023)
# Pipeline mode:   SEARCH
# Query file:      /data/projet1/projet_tutore/busco_downloads/lineages/insecta_odb10/hmms/102771at50557.hmm
# Target file:     annotation_analysis/annotation_gcf/T_zeteki/busco_output/run_insecta_odb10/metaeuk_output/initial_results/assembled_transcripts.fasta.modified.fas
# Option settings: hmmsearch --domtblout annotation_analysis/annotation_gcf/T_zeteki/busco_output/run_insecta_odb10/hmmer_output/initial_run_results/102771at50557.out --cpu 1 /data/projet1/projet_tutore/busco_downloads/lineages/insecta_odb10/hmms/102771at50557.hmm annotation_analysis/annotation_gcf/T_zeteki/busco_output/run_insecta_odb10/metaeuk_output/initial_results/assembled_transcripts.fasta.modified.fas 
# Current dir:     /data/projet1/projet_tutore
# Date:            Sun Dec  1 20:21:05 2024
# [ok]
