#                                                                                                             --- full sequence --- -------------- this domain -------------   hmm coord   ali coord   env coord
# target name                                         accession   tlen query name           accession   qlen   E-value  score  bias   #  of  c-Evalue  i-Evalue  score  bias  from    to  from    to  from    to  acc description of target
#                                 ------------------- ---------- ----- -------------------- ---------- ----- --------- ------ ----- --- --- --------- --------- ------ ----- ----- ----- ----- ----- ----- ----- ---- ---------------------
106025at50557_103372_0:001869|STRG.12083.1:162-809|+  -            216 106025at50557        -            190  2.4e-114  378.5   0.3   1   1  6.1e-117  2.7e-114  378.3   0.3     1   190    21   216    21   216 0.96 -
106025at50557_103372_0:001869|STRG.12083.2:388-1035|+ -            216 106025at50557        -            190  2.4e-114  378.5   0.3   1   1  6.1e-117  2.7e-114  378.3   0.3     1   190    21   216    21   216 0.96 -
106025at50557_103372_0:001869|STRG.12083.3:191-838|+  -            216 106025at50557        -            190  2.4e-114  378.5   0.3   1   1  6.1e-117  2.7e-114  378.3   0.3     1   190    21   216    21   216 0.96 -
125000at50557_103372_0:000d42|STRG.14740.1:137-772|+  -            212 106025at50557        -            190   1.6e-16   59.4   0.3   1   1   8.4e-19   3.7e-16   58.3   0.3     2   189    25   210    24   211 0.89 -
125000at50557_103372_0:000d42|STRG.14740.2:139-777|+  -            213 106025at50557        -            190   3.3e-15   55.2   0.3   1   1   1.7e-17   7.7e-15   54.0   0.3     2   189    25   211    24   212 0.87 -
106854at50557_166361_0:003608|STRG.6766.3:51-647|+    -            199 106025at50557        -            190   3.7e-13   48.5   0.0   1   1   1.1e-15   4.7e-13   48.1   0.0    58   187    65   198    10   199 0.78 -
106854at50557_7375_0:001ea6|STRG.6766.1:208-804|+     -            199 106025at50557        -            190   3.7e-13   48.5   0.0   1   1   1.1e-15   4.7e-13   48.1   0.0    58   187    65   198    10   199 0.78 -
106854at50557_7375_0:001ea6|STRG.6766.2:197-793|+     -            199 106025at50557        -            190   3.7e-13   48.5   0.0   1   1   1.1e-15   4.7e-13   48.1   0.0    58   187    65   198    10   199 0.78 -
106854at50557_7375_0:001ea6|STRG.6766.4:110-706|+     -            199 106025at50557        -            190   3.7e-13   48.5   0.0   1   1   1.1e-15   4.7e-13   48.1   0.0    58   187    65   198    10   199 0.78 -
106854at50557_103372_0:00027f|STRG.6573.2:271-897|+   -            209 106025at50557        -            190   3.6e-12   45.3   1.4   1   1   2.6e-14   1.1e-11   43.6   1.4     2   186    26   202    25   205 0.83 -
106854at50557_103372_0:00027f|STRG.6573.1:658-1630|+  -            209 106025at50557        -            190   4.5e-12   44.9   1.6   1   1   4.2e-14   1.9e-11   42.9   1.6     2   186    26   202    25   205 0.81 -
102079at50557_103372_0:0002b6|STRG.7556.1:149-838|+   -            230 106025at50557        -            190   0.00017   20.2   1.2   1   2       3.6   1.6e+03   -2.5   0.0     4    28    42    66    34    84 0.57 -
102079at50557_103372_0:0002b6|STRG.7556.1:149-838|+   -            230 106025at50557        -            190   0.00017   20.2   1.2   2   2   7.1e-07   0.00031   19.4   0.8   118   185   151   219   102   222 0.78 -
149673at50557_103372_0:000993|STRG.386.1:70-438|+     -            123 106025at50557        -            190     0.057   12.0   1.5   1   1   0.00016      0.07   11.7   1.5   114   188     3    77     1    79 0.87 -
11128at50557_67767_0:0028e3|STRG.10878.7:61-804|+     -            248 106025at50557        -            190      0.13   10.8   1.1   1   2         5   2.2e+03   -3.0   0.0   117   138    24    45    16    52 0.77 -
11128at50557_67767_0:0028e3|STRG.10878.7:61-804|+     -            248 106025at50557        -            190      0.13   10.8   1.1   2   2   0.00046       0.2   10.2   0.3   103   145   113   155   101   161 0.89 -
11128at50557_411798_0:002d1b|STRG.10878.3:108-3494|+  -           1129 106025at50557        -            190      0.62    8.6   5.6   1   2     0.092        40    2.7   0.8   109   137   545   573   527   582 0.86 -
11128at50557_411798_0:002d1b|STRG.10878.3:108-3494|+  -           1129 106025at50557        -            190      0.62    8.6   5.6   2   2    0.0037       1.6    7.3   0.3   103   145   905   947   895   953 0.89 -
11128at50557_411798_0:002d1b|STRG.10878.6:121-3258|+  -           1046 106025at50557        -            190      0.87    8.1   6.4   1   2      0.11        48    2.5   1.2   109   137   462   490   438   499 0.87 -
11128at50557_411798_0:002d1b|STRG.10878.6:121-3258|+  -           1046 106025at50557        -            190      0.87    8.1   6.4   2   2    0.0034       1.5    7.4   0.3   103   145   822   864   812   870 0.89 -
11128at50557_411798_0:002d1b|STRG.10878.1:495-3818|+  -           1108 106025at50557        -            190         1    7.9   6.3   1   2      0.11        51    2.4   1.2   109   137   524   552   501   561 0.87 -
11128at50557_411798_0:002d1b|STRG.10878.1:495-3818|+  -           1108 106025at50557        -            190         1    7.9   6.3   2   2    0.0036       1.6    7.3   0.3   103   145   884   926   874   932 0.89 -
11128at50557_411798_0:002d1b|STRG.10878.2:75-3398|+   -           1108 106025at50557        -            190         1    7.9   6.3   1   2      0.11        51    2.4   1.2   109   137   524   552   501   561 0.87 -
11128at50557_411798_0:002d1b|STRG.10878.2:75-3398|+   -           1108 106025at50557        -            190         1    7.9   6.3   2   2    0.0036       1.6    7.3   0.3   103   145   884   926   874   932 0.89 -
11128at50557_411798_0:002d1b|STRG.10878.4:43-3366|+   -           1108 106025at50557        -            190         1    7.9   6.3   1   2      0.11        51    2.4   1.2   109   137   524   552   501   561 0.87 -
11128at50557_411798_0:002d1b|STRG.10878.4:43-3366|+   -           1108 106025at50557        -            190         1    7.9   6.3   2   2    0.0036       1.6    7.3   0.3   103   145   884   926   874   932 0.89 -
11128at50557_411798_0:002d1b|STRG.10878.5:38-3382|+   -           1115 106025at50557        -            190         1    7.9   6.3   1   2      0.12        51    2.4   1.2   109   137   531   559   508   568 0.87 -
11128at50557_411798_0:002d1b|STRG.10878.5:38-3382|+   -           1115 106025at50557        -            190         1    7.9   6.3   2   2    0.0036       1.6    7.3   0.3   103   145   891   933   881   939 0.89 -
#
# Program:         hmmsearch
# Version:         3.4 (Aug 2023)
# Pipeline mode:   SEARCH
# Query file:      /data/projet1/projet_tutore/busco_downloads/lineages/insecta_odb10/hmms/106025at50557.hmm
# Target file:     annotation_analysis/annotation_gcf/T_zeteki/busco_output/run_insecta_odb10/metaeuk_output/initial_results/assembled_transcripts.fasta.modified.fas
# Option settings: hmmsearch --domtblout annotation_analysis/annotation_gcf/T_zeteki/busco_output/run_insecta_odb10/hmmer_output/initial_run_results/106025at50557.out --cpu 1 /data/projet1/projet_tutore/busco_downloads/lineages/insecta_odb10/hmms/106025at50557.hmm annotation_analysis/annotation_gcf/T_zeteki/busco_output/run_insecta_odb10/metaeuk_output/initial_results/assembled_transcripts.fasta.modified.fas 
# Current dir:     /data/projet1/projet_tutore
# Date:            Sun Dec  1 20:21:13 2024
# [ok]
