#                                                                                                              --- full sequence --- -------------- this domain -------------   hmm coord   ali coord   env coord
# target name                                          accession   tlen query name           accession   qlen   E-value  score  bias   #  of  c-Evalue  i-Evalue  score  bias  from    to  from    to  from    to  acc description of target
#                                  ------------------- ---------- ----- -------------------- ---------- ----- --------- ------ ----- --- --- --------- --------- ------ ----- ----- ----- ----- ----- ----- ----- ---- ---------------------
120473at50557_1041015_0:0012df|STRG.15298.2:778-1230|+ -            151 120473at50557        -             93   2.4e-57  190.1   0.9   1   2   3.1e-59     7e-57  188.6   0.5     5    88    27   111    16   114 0.94 -
120473at50557_1041015_0:0012df|STRG.15298.2:778-1230|+ -            151 120473at50557        -             93   2.4e-57  190.1   0.9   2   2         5   1.1e+03   -1.2   0.0    74    93   120   141   116   141 0.60 -
120473at50557_37344_0:000b45|STRG.15298.1:793-1275|+   -            161 120473at50557        -             93   2.5e-57  190.1   0.8   1   2   3.3e-59   7.4e-57  188.6   0.5     5    88    27   111    16   115 0.93 -
120473at50557_37344_0:000b45|STRG.15298.1:793-1275|+   -            161 120473at50557        -             93   2.5e-57  190.1   0.8   2   2       5.3   1.2e+03   -1.3   0.0    75    93   121   141   116   141 0.59 -
120473at50557_1041015_0:0012df|STRG.3480.1:386-784|+   -            133 120473at50557        -             93   1.2e-24   85.3   0.0   1   1   6.9e-27   1.6e-24   84.9   0.0     5    87    23   106    19   109 0.95 -
116934at50557_103372_0:000d14|STRG.7216.1:153-713|+    -            187 120473at50557        -             93   1.2e-24   85.2   0.0   1   1   8.7e-27     2e-24   84.6   0.0     6    88    55   138    51   141 0.95 -
120473at50557_1041015_0:0012df|STRG.9589.1:562-969|+   -            136 120473at50557        -             93   1.2e-21   75.7   0.0   1   1   7.2e-24   1.6e-21   75.3   0.0     7    88    23   105    19   108 0.93 -
120473at50557_1041015_0:0012df|STRG.9589.2:119-526|+   -            136 120473at50557        -             93   1.2e-21   75.7   0.0   1   1   7.2e-24   1.6e-21   75.3   0.0     7    88    23   105    19   108 0.93 -
120473at50557_1041015_0:0012df|STRG.9589.3:108-515|+   -            136 120473at50557        -             93   1.2e-21   75.7   0.0   1   1   7.2e-24   1.6e-21   75.3   0.0     7    88    23   105    19   108 0.93 -
116934at50557_286706_0:0006a3|STRG.422.1:960-1346|+    -            129 120473at50557        -             93   1.3e-20   72.3   0.0   1   1     1e-22   2.3e-20   71.6   0.0     5    87    21   104    18   108 0.95 -
116934at50557_286706_0:0006a3|STRG.422.2:1158-1544|+   -            129 120473at50557        -             93   1.3e-20   72.3   0.0   1   1     1e-22   2.3e-20   71.6   0.0     5    87    21   104    18   108 0.95 -
116934at50557_286706_0:0006a3|STRG.422.3:1719-2105|+   -            129 120473at50557        -             93   1.3e-20   72.3   0.0   1   1     1e-22   2.3e-20   71.6   0.0     5    87    21   104    18   108 0.95 -
120473at50557_1049336_0:000626|STRG.7035.1:255-704|+   -            150 120473at50557        -             93   5.9e-18   63.9   0.0   1   1   4.6e-20     1e-17   63.1   0.0     4    88    31   118    28   122 0.91 -
117699at50557_219809_0:0002bf|STRG.1444.2:10-579|+     -            190 120473at50557        -             93   1.3e-17   62.8   0.0   1   2   1.5e-19   3.3e-17   61.4   0.0    18    88    33   105    22   108 0.91 -
117699at50557_219809_0:0002bf|STRG.1444.2:10-579|+     -            190 120473at50557        -             93   1.3e-17   62.8   0.0   2   2       9.5   2.2e+03   -2.1   0.0    39    63   122   146   119   160 0.75 -
117699at50557_104421_0:002a75|STRG.1444.1:636-1235|+   -            200 120473at50557        -             93   1.4e-17   62.6   0.0   1   1   1.7e-19   3.7e-17   61.3   0.0    18    88    43   115    32   118 0.91 -
120473at50557_1041015_0:0012df|STRG.548.1:615-1097|+   -            161 120473at50557        -             93   2.2e-17   62.0   0.9   1   2   2.1e-18   4.7e-16   57.8   0.5     8    86    30   122    24   130 0.85 -
120473at50557_1041015_0:0012df|STRG.548.1:615-1097|+   -            161 120473at50557        -             93   2.2e-17   62.0   0.9   2   2       3.2   7.1e+02   -0.5   0.0    54    74   127   147   122   151 0.80 -
120473at50557_1049336_0:000626|STRG.5649.1:259-744|+   -            162 120473at50557        -             93   3.3e-17   61.4   0.2   1   1   1.9e-18   4.3e-16   57.9   0.2     7    86    30   123    25   127 0.80 -
120473at50557_1041015_0:0012df|STRG.393.1:196-684|+    -            163 120473at50557        -             93   1.2e-15   56.5   0.2   1   1   4.9e-17   1.1e-14   53.4   0.2     8    71    32    96    27   128 0.81 -
117699at50557_7394_0:002ded|STRG.13219.1:843-1235|+    -            131 120473at50557        -             93   3.4e-15   55.0   0.0   1   1   2.4e-17   5.5e-15   54.3   0.0    17    85    19    89     9    93 0.91 -
117699at50557_7394_0:002ded|STRG.13219.2:1464-1856|+   -            131 120473at50557        -             93   3.4e-15   55.0   0.0   1   1   2.4e-17   5.5e-15   54.3   0.0    17    85    19    89     9    93 0.91 -
117699at50557_7394_0:002ded|STRG.13219.3:884-1276|+    -            131 120473at50557        -             93   3.4e-15   55.0   0.0   1   1   2.4e-17   5.5e-15   54.3   0.0    17    85    19    89     9    93 0.91 -
117699at50557_7394_0:002ded|STRG.13219.4:842-1234|+    -            131 120473at50557        -             93   3.4e-15   55.0   0.0   1   1   2.4e-17   5.5e-15   54.3   0.0    17    85    19    89     9    93 0.91 -
117699at50557_7394_0:002ded|STRG.13219.5:863-1255|+    -            131 120473at50557        -             93   3.4e-15   55.0   0.0   1   1   2.4e-17   5.5e-15   54.3   0.0    17    85    19    89     9    93 0.91 -
116934at50557_121225_0:000e6c|STRG.1983.1:372-758|+    -            129 120473at50557        -             93   1.6e-14   52.9   0.0   1   1   9.2e-17   2.1e-14   52.5   0.0     7    86    41   123    35   127 0.91 -
117699at50557_28612_0:004e72|STRG.6609.1:126-506|+     -            127 120473at50557        -             93   2.3e-14   52.4   0.2   1   1   1.3e-16   2.9e-14   52.0   0.2     8    82    27   102    21   111 0.86 -
116934at50557_286706_0:0006a3|STRG.14972.1:1104-1598|+ -            165 120473at50557        -             93     3e-14   52.0   0.0   1   1   1.8e-16   4.1e-14   51.5   0.0     8    88    52   133    45   136 0.92 -
116934at50557_286706_0:0006a3|STRG.14972.2:978-1472|+  -            165 120473at50557        -             93     3e-14   52.0   0.0   1   1   1.8e-16   4.1e-14   51.5   0.0     8    88    52   133    45   136 0.92 -
120473at50557_28612_0:003609|STRG.5748.1:207-626|+     -            140 120473at50557        -             93   8.7e-14   50.5   0.0   1   2   1.1e-15   2.6e-13   49.0   0.0    14    86    30   103    21   108 0.92 -
120473at50557_28612_0:003609|STRG.5748.1:207-626|+     -            140 120473at50557        -             93   8.7e-14   50.5   0.0   2   2       4.5     1e+03   -1.0   0.0    24    44   114   134   103   138 0.70 -
116934at50557_108931_0:001c95|STRG.11001.1:280-690|+   -            137 120473at50557        -             93   2.1e-11   42.9   0.1   1   1   1.3e-13   2.9e-11   42.4   0.1    16    87    33   105    22   108 0.90 -
116934at50557_219809_0:000204|STRG.548.2:207-506|+     -            100 120473at50557        -             93   6.4e-10   38.1   0.6   1   2   1.4e-10   3.1e-08   32.7   0.3    36    86     2    66     1    70 0.79 -
116934at50557_219809_0:000204|STRG.548.2:207-506|+     -            100 120473at50557        -             93   6.4e-10   38.1   0.6   2   2       1.3   2.9e+02    0.7   0.0    54    74    71    91    65    95 0.80 -
120473at50557_28612_0:003609|STRG.12062.1:8639-8932|+  -             98 120473at50557        -             93   7.1e-10   37.9   0.0   1   1   4.4e-12   9.9e-10   37.5   0.0    18    73     2    62     1    87 0.80 -
120473at50557_28612_0:003609|STRG.12062.2:8591-8884|+  -             98 120473at50557        -             93   7.1e-10   37.9   0.0   1   1   4.4e-12   9.9e-10   37.5   0.0    18    73     2    62     1    87 0.80 -
117925at50557_103372_0:00113b|STRG.6590.1:599-1297|+   -            233 120473at50557        -             93   8.6e-10   37.7   0.1   1   1   7.9e-12   1.8e-09   36.7   0.1     6    87    34   117    31   123 0.84 -
128261at50557_103372_0:000077|STRG.7768.1:344-775|+    -            144 120473at50557        -             93   4.7e-08   32.1   0.0   1   1   2.8e-10   6.4e-08   31.7   0.0    11    84    44   121    36   127 0.78 -
117699at50557_7493_0:0020c6|STRG.3213.2:264-593|+      -            110 120473at50557        -             93   1.1e-07   30.9   0.0   1   1   6.1e-10   1.4e-07   30.6   0.0    19    72    31    85    22   107 0.79 -
117699at50557_7493_0:0020c6|STRG.3213.1:264-701|+      -            146 120473at50557        -             93   1.9e-07   30.2   0.0   1   1   1.3e-09   2.9e-07   29.5   0.0    19    72    31    85    23   108 0.79 -
117699at50557_7244_0:002000|STRG.13256.1:794-1162|+    -            123 120473at50557        -             93     1e-06   27.9   0.0   1   1   6.8e-09   1.5e-06   27.2   0.0    32    86    62   119    54   122 0.81 -
117699at50557_7244_0:002000|STRG.13256.2:766-1134|+    -            123 120473at50557        -             93     1e-06   27.9   0.0   1   1   6.8e-09   1.5e-06   27.2   0.0    32    86    62   119    54   122 0.81 -
117925at50557_37001_0:0022f0|STRG.11072.1:307-750|+    -            148 120473at50557        -             93   4.5e-06   25.8   0.0   1   1   4.9e-08   1.1e-05   24.5   0.0     5    83    35   115    30   122 0.80 -
120473at50557_133901_0:001b8f|STRG.2529.3:541-924|+    -            128 120473at50557        -             93     0.001   18.2   0.0   1   1   7.4e-06    0.0017   17.5   0.0    33    83    59   112    52   119 0.85 -
117699at50557_568069_0:00248d|STRG.2529.1:474-836|+    -            121 120473at50557        -             93    0.0011   18.2   0.0   1   1   7.4e-06    0.0017   17.5   0.0    33    83    63   116    55   120 0.85 -
#
# Program:         hmmsearch
# Version:         3.4 (Aug 2023)
# Pipeline mode:   SEARCH
# Query file:      /data/projet1/projet_tutore/busco_downloads/lineages/insecta_odb10/hmms/120473at50557.hmm
# Target file:     annotation_analysis/annotation_gcf/T_zeteki/busco_output/run_insecta_odb10/metaeuk_output/initial_results/assembled_transcripts.fasta.modified.fas
# Option settings: hmmsearch --domtblout annotation_analysis/annotation_gcf/T_zeteki/busco_output/run_insecta_odb10/hmmer_output/initial_run_results/120473at50557.out --cpu 1 /data/projet1/projet_tutore/busco_downloads/lineages/insecta_odb10/hmms/120473at50557.hmm annotation_analysis/annotation_gcf/T_zeteki/busco_output/run_insecta_odb10/metaeuk_output/initial_results/assembled_transcripts.fasta.modified.fas 
# Current dir:     /data/projet1/projet_tutore
# Date:            Sun Dec  1 20:22:17 2024
# [ok]
