#                                                                                                            --- full sequence --- -------------- this domain -------------   hmm coord   ali coord   env coord
# target name                                        accession   tlen query name           accession   qlen   E-value  score  bias   #  of  c-Evalue  i-Evalue  score  bias  from    to  from    to  from    to  acc description of target
#                                ------------------- ---------- ----- -------------------- ---------- ----- --------- ------ ----- --- --- --------- --------- ------ ----- ----- ----- ----- ----- ----- ----- ---- ---------------------
120896at50557_520822_0:001823|STRG.6810.2:93-968|+   -            292 120896at50557        -            231  1.2e-102  341.0   0.0   1   1  1.5e-105  1.5e-102  340.8   0.0     1   221     6   237     6   245 0.94 -
120896at50557_103372_0:001e82|STRG.6810.1:131-1162|+ -            334 120896at50557        -            231  1.8e-102  340.4   0.0   1   1  2.3e-105  2.3e-102  340.1   0.0     1   221     6   237     6   245 0.94 -
70279at50557_34720_0:000c85|STRG.12849.1:137-1303|+  -            389 120896at50557        -            231   1.7e-30  104.9   0.0   1   1   2.7e-33   2.6e-30  104.4   0.0     1   210     6   218     6   230 0.88 -
70279at50557_34720_0:000c85|STRG.12849.2:59-1225|+   -            389 120896at50557        -            231   1.7e-30  104.9   0.0   1   1   2.7e-33   2.6e-30  104.4   0.0     1   210     6   218     6   230 0.88 -
70279at50557_67767_0:000760|STRG.9177.1:133-789|+    -            219 120896at50557        -            231   2.2e-29  101.3   0.1   1   1   2.6e-32   2.6e-29  101.1   0.1    14   212     2   205     1   215 0.90 -
109102at50557_378494_0:003419|STRG.287.1:194-877|+   -            228 120896at50557        -            231   7.6e-08   30.9   0.1   1   2   6.6e-10   6.5e-07   27.8   0.0    18   158     1   138     1   150 0.86 -
109102at50557_378494_0:003419|STRG.287.1:194-877|+   -            228 120896at50557        -            231   7.6e-08   30.9   0.1   2   2     0.097        95    1.1   0.0   194   217   152   176   140   186 0.66 -
109102at50557_103372_0:00272e|STRG.12474.1:177-992|+ -            272 120896at50557        -            231   7.1e-06   24.4   0.0   1   1   1.4e-08   1.4e-05   23.5   0.0    16   157    11   153     6   175 0.69 -
109102at50557_7493_0:002d79|STRG.10356.1:1098-1538|+ -            147 120896at50557        -            231   0.00062   18.1   0.1   1   2   1.1e-06    0.0011   17.3   0.0    17    62     1    47     1    60 0.87 -
109102at50557_7493_0:002d79|STRG.10356.1:1098-1538|+ -            147 120896at50557        -            231   0.00062   18.1   0.1   2   2       2.2   2.1e+03   -3.3   0.0    30    45   115   130   113   133 0.77 -
109102at50557_7493_0:002d79|STRG.10356.2:1098-1535|+ -            146 120896at50557        -            231   0.00062   18.1   0.1   1   2   1.1e-06    0.0011   17.3   0.0    17    62     1    47     1    60 0.87 -
109102at50557_7493_0:002d79|STRG.10356.2:1098-1535|+ -            146 120896at50557        -            231   0.00062   18.1   0.1   2   2       2.2   2.1e+03   -3.3   0.0    30    45   114   129   112   132 0.77 -
#
# Program:         hmmsearch
# Version:         3.4 (Aug 2023)
# Pipeline mode:   SEARCH
# Query file:      /data/projet1/projet_tutore/busco_downloads/lineages/insecta_odb10/hmms/120896at50557.hmm
# Target file:     annotation_analysis/annotation_gcf/T_zeteki/busco_output/run_insecta_odb10/metaeuk_output/initial_results/assembled_transcripts.fasta.modified.fas
# Option settings: hmmsearch --domtblout annotation_analysis/annotation_gcf/T_zeteki/busco_output/run_insecta_odb10/hmmer_output/initial_run_results/120896at50557.out --cpu 1 /data/projet1/projet_tutore/busco_downloads/lineages/insecta_odb10/hmms/120896at50557.hmm annotation_analysis/annotation_gcf/T_zeteki/busco_output/run_insecta_odb10/metaeuk_output/initial_results/assembled_transcripts.fasta.modified.fas 
# Current dir:     /data/projet1/projet_tutore
# Date:            Sun Dec  1 20:22:19 2024
# [ok]
