#                                                                                                             --- full sequence --- -------------- this domain -------------   hmm coord   ali coord   env coord
# target name                                         accession   tlen query name           accession   qlen   E-value  score  bias   #  of  c-Evalue  i-Evalue  score  bias  from    to  from    to  from    to  acc description of target
#                                 ------------------- ---------- ----- -------------------- ---------- ----- --------- ------ ----- --- --- --------- --------- ------ ----- ----- ----- ----- ----- ----- ----- ---- ---------------------
124154at50557_34720_0:002008|STRG.15635.4:345-1517|+  -            391 124154at50557        -            228    3e-112  372.9  19.8   1   3   2.5e-19     1e-16   60.4   0.6     1    46     6    54     6    80 0.78 -
124154at50557_34720_0:002008|STRG.15635.4:345-1517|+  -            391 124154at50557        -            228    3e-112  372.9  19.8   2   3   2.3e-05    0.0092   14.7   0.0    47    81    82   116    64   124 0.76 -
124154at50557_34720_0:002008|STRG.15635.4:345-1517|+  -            391 124154at50557        -            228    3e-112  372.9  19.8   3   3   1.3e-90   5.3e-88  293.6  12.8    64   228   188   368   168   368 0.87 -
124154at50557_34720_0:002008|STRG.15635.5:154-1326|+  -            391 124154at50557        -            228    3e-112  372.9  19.8   1   3   2.5e-19     1e-16   60.4   0.6     1    46     6    54     6    80 0.78 -
124154at50557_34720_0:002008|STRG.15635.5:154-1326|+  -            391 124154at50557        -            228    3e-112  372.9  19.8   2   3   2.3e-05    0.0092   14.7   0.0    47    81    82   116    64   124 0.76 -
124154at50557_34720_0:002008|STRG.15635.5:154-1326|+  -            391 124154at50557        -            228    3e-112  372.9  19.8   3   3   1.3e-90   5.3e-88  293.6  12.8    64   228   188   368   168   368 0.87 -
124154at50557_34720_0:002008|STRG.15635.3:575-2172|+  -            410 124154at50557        -            228  2.2e-111  370.1  19.6   1   3   2.7e-19   1.1e-16   60.3   0.6     1    46    25    73    25    99 0.78 -
124154at50557_34720_0:002008|STRG.15635.3:575-2172|+  -            410 124154at50557        -            228  2.2e-111  370.1  19.6   2   3   2.5e-05    0.0099   14.6   0.0    47    81   101   135    83   143 0.76 -
124154at50557_34720_0:002008|STRG.15635.3:575-2172|+  -            410 124154at50557        -            228  2.2e-111  370.1  19.6   3   3   8.1e-90   3.3e-87  291.0  12.6    64   228   207   387   187   387 0.87 -
124154at50557_34720_0:002008|STRG.15635.2:476-1628|+  -            376 124154at50557        -            228   7.7e-99  329.0  16.9   1   3   2.4e-19   9.6e-17   60.4   0.7     1    47     6    55     6    82 0.78 -
124154at50557_34720_0:002008|STRG.15635.2:476-1628|+  -            376 124154at50557        -            228   7.7e-99  329.0  16.9   2   3     2e-05    0.0082   14.9   0.0    47    81    82   116    59   124 0.77 -
124154at50557_34720_0:002008|STRG.15635.2:476-1628|+  -            376 124154at50557        -            228   7.7e-99  329.0  16.9   3   3     4e-77   1.6e-74  249.5   9.7    64   204   188   344   168   358 0.84 -
124154at50557_456900_0:002d55|STRG.15635.6:561-1294|+ -            211 124154at50557        -            228   2.3e-91  304.6  11.6   1   2   2.4e-52   9.6e-50  168.4   3.8    66   158    10   102     2   107 0.94 -
124154at50557_456900_0:002d55|STRG.15635.6:561-1294|+ -            211 124154at50557        -            228   2.3e-91  304.6  11.6   2   2   4.3e-44   1.7e-41  141.4   1.5   146   228   106   188   100   188 0.96 -
124154at50557_34720_0:002008|STRG.15635.1:575-1734|+  -            323 124154at50557        -            228   9.2e-76  253.5  17.1   1   3     2e-19   7.9e-17   60.7   0.7     1    47    25    74    25    99 0.78 -
124154at50557_34720_0:002008|STRG.15635.1:575-1734|+  -            323 124154at50557        -            228   9.2e-76  253.5  17.1   2   3   1.7e-05     0.007   15.1   0.0    47    81   101   135    82   143 0.76 -
124154at50557_34720_0:002008|STRG.15635.1:575-1734|+  -            323 124154at50557        -            228   9.2e-76  253.5  17.1   3   3   7.3e-54   2.9e-51  173.4   9.8    64   164   207   323   187   323 0.82 -
124154at50557_7536_0:001d04|STRG.10461.1:2135-2353|+  -             73 124154at50557        -            228   1.9e-21   75.8   7.0   1   2   1.9e-14   7.6e-12   44.4   0.8    74   108     7    41     3    42 0.93 -
124154at50557_7536_0:001d04|STRG.10461.1:2135-2353|+  -             73 124154at50557        -            228   1.9e-21   75.8   7.0   2   2   9.7e-12   3.9e-09   35.6   0.8    78   108    43    73    40    73 0.96 -
124154at50557_7536_0:001d04|STRG.10461.2:2158-2376|+  -             73 124154at50557        -            228   1.9e-21   75.8   7.0   1   2   1.9e-14   7.6e-12   44.4   0.8    74   108     7    41     3    42 0.93 -
124154at50557_7536_0:001d04|STRG.10461.2:2158-2376|+  -             73 124154at50557        -            228   1.9e-21   75.8   7.0   2   2   9.7e-12   3.9e-09   35.6   0.8    78   108    43    73    40    73 0.96 -
124154at50557_7536_0:001d04|STRG.7127.1:1319-1561|+   -             81 124154at50557        -            228   8.4e-15   54.1   1.2   1   1   4.7e-17   1.9e-14   52.9   1.2    78   144     1    79     1    81 0.86 -
124154at50557_7536_0:001d04|STRG.7127.2:1319-1561|+   -             81 124154at50557        -            228   8.4e-15   54.1   1.2   1   1   4.7e-17   1.9e-14   52.9   1.2    78   144     1    79     1    81 0.86 -
124154at50557_7536_0:001d04|STRG.6408.3:61-273|+      -             71 124154at50557        -            228   1.1e-11   43.9   4.9   1   1   5.4e-14   2.1e-11   42.9   4.9    79   143     1    71     1    71 0.87 -
124154at50557_7536_0:001d04|STRG.6408.4:94-306|+      -             71 124154at50557        -            228   1.1e-11   43.9   4.9   1   1   5.4e-14   2.1e-11   42.9   4.9    79   143     1    71     1    71 0.87 -
14125at50557_38123_0:001218|STRG.7310.1:1805-1930|+   -             42 124154at50557        -            228   7.9e-09   34.5   0.1   1   1   2.1e-11   8.3e-09   34.5   0.1    74   108     6    40     3    42 0.93 -
14125at50557_38123_0:001218|STRG.3360.1:408-521|+     -             38 124154at50557        -            228   1.6e-06   27.0   0.0   1   1   4.1e-09   1.6e-06   27.0   0.0    78   108     7    37     1    38 0.93 -
14125at50557_38123_0:001218|STRG.3360.2:1073-1186|+   -             38 124154at50557        -            228   1.6e-06   27.0   0.0   1   1   4.1e-09   1.6e-06   27.0   0.0    78   108     7    37     1    38 0.93 -
14125at50557_38123_0:001218|STRG.3360.3:830-943|+     -             38 124154at50557        -            228   1.6e-06   27.0   0.0   1   1   4.1e-09   1.6e-06   27.0   0.0    78   108     7    37     1    38 0.93 -
14125at50557_38123_0:001218|STRG.3360.4:718-831|+     -             38 124154at50557        -            228   1.6e-06   27.0   0.0   1   1   4.1e-09   1.6e-06   27.0   0.0    78   108     7    37     1    38 0.93 -
14125at50557_38123_0:001218|STRG.3360.5:408-521|+     -             38 124154at50557        -            228   1.6e-06   27.0   0.0   1   1   4.1e-09   1.6e-06   27.0   0.0    78   108     7    37     1    38 0.93 -
14125at50557_38123_0:001218|STRG.3360.6:1073-1186|+   -             38 124154at50557        -            228   1.6e-06   27.0   0.0   1   1   4.1e-09   1.6e-06   27.0   0.0    78   108     7    37     1    38 0.93 -
14125at50557_38123_0:001218|STRG.2641.1:1053-1250|+   -             66 124154at50557        -            228   2.8e-06   26.2   0.1   1   2   1.4e-08   5.7e-06   25.2   0.0    79   108     1    30     1    48 0.88 -
14125at50557_38123_0:001218|STRG.2641.1:1053-1250|+   -             66 124154at50557        -            228   2.8e-06   26.2   0.1   2   2         1     4e+02   -0.5   0.0    72    85    51    64    31    66 0.57 -
14125at50557_38123_0:001218|STRG.2641.2:1298-1495|+   -             66 124154at50557        -            228   2.8e-06   26.2   0.1   1   2   1.4e-08   5.7e-06   25.2   0.0    79   108     1    30     1    48 0.88 -
14125at50557_38123_0:001218|STRG.2641.2:1298-1495|+   -             66 124154at50557        -            228   2.8e-06   26.2   0.1   2   2         1     4e+02   -0.5   0.0    72    85    51    64    31    66 0.57 -
14125at50557_38123_0:001218|STRG.2641.3:412-609|+     -             66 124154at50557        -            228   2.8e-06   26.2   0.1   1   2   1.4e-08   5.7e-06   25.2   0.0    79   108     1    30     1    48 0.88 -
14125at50557_38123_0:001218|STRG.2641.3:412-609|+     -             66 124154at50557        -            228   2.8e-06   26.2   0.1   2   2         1     4e+02   -0.5   0.0    72    85    51    64    31    66 0.57 -
#
# Program:         hmmsearch
# Version:         3.4 (Aug 2023)
# Pipeline mode:   SEARCH
# Query file:      /data/projet1/projet_tutore/busco_downloads/lineages/insecta_odb10/hmms/124154at50557.hmm
# Target file:     annotation_analysis/annotation_gcf/T_zeteki/busco_output/run_insecta_odb10/metaeuk_output/initial_results/assembled_transcripts.fasta.modified.fas
# Option settings: hmmsearch --domtblout annotation_analysis/annotation_gcf/T_zeteki/busco_output/run_insecta_odb10/hmmer_output/initial_run_results/124154at50557.out --cpu 1 /data/projet1/projet_tutore/busco_downloads/lineages/insecta_odb10/hmms/124154at50557.hmm annotation_analysis/annotation_gcf/T_zeteki/busco_output/run_insecta_odb10/metaeuk_output/initial_results/assembled_transcripts.fasta.modified.fas 
# Current dir:     /data/projet1/projet_tutore
# Date:            Sun Dec  1 20:22:25 2024
# [ok]
