#                                                                                                             --- full sequence --- -------------- this domain -------------   hmm coord   ali coord   env coord
# target name                                         accession   tlen query name           accession   qlen   E-value  score  bias   #  of  c-Evalue  i-Evalue  score  bias  from    to  from    to  from    to  acc description of target
#                                 ------------------- ---------- ----- -------------------- ---------- ----- --------- ------ ----- --- --- --------- --------- ------ ----- ----- ----- ----- ----- ----- ----- ---- ---------------------
124433at50557_103372_0:00278d|STRG.8824.2:120-560|+   -            147 124433at50557        -            137   2.7e-81  269.0   0.1   1   1   2.1e-84     3e-81  268.9   0.1     1   137    10   147    10   147 0.99 -
124433at50557_6973_0:005f34|STRG.8824.1:188-1175|+    -            149 124433at50557        -            137   2.9e-81  268.9   0.1   1   1   2.2e-84   3.2e-81  268.8   0.1     1   137    12   149    12   149 0.99 -
124433at50557_168631_0:00110f|STRG.8825.1:1049-1526|+ -            134 124433at50557        -            137   1.4e-62  208.4   0.2   1   1     1e-65   1.5e-62  208.3   0.2     6   136     2   133     1   134 0.98 -
115402at50557_34720_0:0028cd|STRG.6768.1:639-1319|+   -            227 124433at50557        -            137   3.6e-05   22.5   0.0   1   2       3.3   4.8e+03   -3.8   0.0     9    21    65    77    61    89 0.75 -
115402at50557_34720_0:0028cd|STRG.6768.1:639-1319|+   -            227 124433at50557        -            137   3.6e-05   22.5   0.0   2   2   4.7e-08   6.9e-05   21.6   0.0    40   114   117   189   104   217 0.75 -
115402at50557_34720_0:0028cd|STRG.6768.3:365-1045|+   -            227 124433at50557        -            137   3.6e-05   22.5   0.0   1   2       3.3   4.8e+03   -3.8   0.0     9    21    65    77    61    89 0.75 -
115402at50557_34720_0:0028cd|STRG.6768.3:365-1045|+   -            227 124433at50557        -            137   3.6e-05   22.5   0.0   2   2   4.7e-08   6.9e-05   21.6   0.0    40   114   117   189   104   217 0.75 -
115402at50557_34720_0:0028cd|STRG.6768.2:374-1057|+   -            228 124433at50557        -            137   3.9e-05   22.4   0.0   1   1   4.7e-08   6.9e-05   21.5   0.0    40   114   118   190   105   218 0.75 -
#
# Program:         hmmsearch
# Version:         3.4 (Aug 2023)
# Pipeline mode:   SEARCH
# Query file:      /data/projet1/projet_tutore/busco_downloads/lineages/insecta_odb10/hmms/124433at50557.hmm
# Target file:     annotation_analysis/annotation_gcf/T_zeteki/busco_output/run_insecta_odb10/metaeuk_output/initial_results/assembled_transcripts.fasta.modified.fas
# Option settings: hmmsearch --domtblout annotation_analysis/annotation_gcf/T_zeteki/busco_output/run_insecta_odb10/hmmer_output/initial_run_results/124433at50557.out --cpu 1 /data/projet1/projet_tutore/busco_downloads/lineages/insecta_odb10/hmms/124433at50557.hmm annotation_analysis/annotation_gcf/T_zeteki/busco_output/run_insecta_odb10/metaeuk_output/initial_results/assembled_transcripts.fasta.modified.fas 
# Current dir:     /data/projet1/projet_tutore
# Date:            Sun Dec  1 20:22:25 2024
# [ok]
