#                                                                                                           --- full sequence --- -------------- this domain -------------   hmm coord   ali coord   env coord
# target name                                       accession   tlen query name           accession   qlen   E-value  score  bias   #  of  c-Evalue  i-Evalue  score  bias  from    to  from    to  from    to  acc description of target
#                               ------------------- ---------- ----- -------------------- ---------- ----- --------- ------ ----- --- --- --------- --------- ------ ----- ----- ----- ----- ----- ----- ----- ---- ---------------------
133820at50557_103372_0:002097|STRG.6566.1:123-545|+ -            141 133820at50557        -             92   2.8e-48  161.2   0.7   1   2      0.17   2.2e+02    1.3   0.0    34    60    12    38     5    45 0.78 -
133820at50557_103372_0:002097|STRG.6566.1:123-545|+ -            141 133820at50557        -             92   2.8e-48  161.2   0.7   2   2   1.8e-50   2.3e-47  158.3   0.3     2    92    47   141    46   141 0.96 -
133820at50557_34720_0:000b0c|STRG.6566.3:62-358|+   -             99 133820at50557        -             92   5.8e-48  160.2   0.3   1   1   5.3e-51   6.7e-48  160.0   0.3     2    92     5    99     4    99 0.96 -
133820at50557_34720_0:000b0c|STRG.6566.4:127-423|+  -             99 133820at50557        -             92   5.8e-48  160.2   0.3   1   1   5.3e-51   6.7e-48  160.0   0.3     2    92     5    99     4    99 0.96 -
133820at50557_34720_0:000b0c|STRG.6566.5:125-367|+  -             81 133820at50557        -             92   1.9e-38  129.7   0.1   1   1   1.7e-41   2.1e-38  129.5   0.1    17    92     2    81     1    81 0.95 -
133820at50557_13686_0:0031ce|STRG.6566.2:250-489|+  -             80 133820at50557        -             92   3.2e-38  129.0   0.1   1   1   2.9e-41   3.6e-38  128.8   0.1    18    92     2    80     1    80 0.95 -
122192at50557_456900_0:00224a|STRG.7939.1:86-565|+  -            160 133820at50557        -             92     3e-05   23.3   0.1   1   1   3.9e-08   4.9e-05   22.6   0.1     7    57    71   120    63   151 0.82 -
122192at50557_456900_0:00224a|STRG.7939.2:123-602|+ -            160 133820at50557        -             92     3e-05   23.3   0.1   1   1   3.9e-08   4.9e-05   22.6   0.1     7    57    71   120    63   151 0.82 -
#
# Program:         hmmsearch
# Version:         3.4 (Aug 2023)
# Pipeline mode:   SEARCH
# Query file:      /data/projet1/projet_tutore/busco_downloads/lineages/insecta_odb10/hmms/133820at50557.hmm
# Target file:     annotation_analysis/annotation_gcf/T_zeteki/busco_output/run_insecta_odb10/metaeuk_output/initial_results/assembled_transcripts.fasta.modified.fas
# Option settings: hmmsearch --domtblout annotation_analysis/annotation_gcf/T_zeteki/busco_output/run_insecta_odb10/hmmer_output/initial_run_results/133820at50557.out --cpu 1 /data/projet1/projet_tutore/busco_downloads/lineages/insecta_odb10/hmms/133820at50557.hmm annotation_analysis/annotation_gcf/T_zeteki/busco_output/run_insecta_odb10/metaeuk_output/initial_results/assembled_transcripts.fasta.modified.fas 
# Current dir:     /data/projet1/projet_tutore
# Date:            Sun Dec  1 20:22:53 2024
# [ok]
