#                                                                                                            --- full sequence --- -------------- this domain -------------   hmm coord   ali coord   env coord
# target name                                        accession   tlen query name           accession   qlen   E-value  score  bias   #  of  c-Evalue  i-Evalue  score  bias  from    to  from    to  from    to  acc description of target
#                                ------------------- ---------- ----- -------------------- ---------- ----- --------- ------ ----- --- --- --------- --------- ------ ----- ----- ----- ----- ----- ----- ----- ---- ---------------------
135420at50557_103372_0:000c89|STRG.9564.1:126-2087|+ -            654 135420at50557        -            361     1e-81  274.0  37.0   1   4   1.4e-70   6.4e-67  225.4   5.8     2   184    20   236    19   251 0.85 -
135420at50557_103372_0:000c89|STRG.9564.1:126-2087|+ -            654 135420at50557        -            361     1e-81  274.0  37.0   2   4   1.1e-11   4.8e-08   31.7  11.8   145   303   246   428   237   437 0.64 -
135420at50557_103372_0:000c89|STRG.9564.1:126-2087|+ -            654 135420at50557        -            361     1e-81  274.0  37.0   3   4   4.9e-07    0.0022   16.4   0.9   288   342   454   510   440   518 0.87 -
135420at50557_103372_0:000c89|STRG.9564.1:126-2087|+ -            654 135420at50557        -            361     1e-81  274.0  37.0   4   4   0.00065       2.9    6.1   0.1   326   361   535   577   513   577 0.66 -
135420at50557_34720_0:0018cf|STRG.9564.2:67-1950|+   -            628 135420at50557        -            361   1.5e-77  260.3  35.2   1   4   3.4e-66   1.5e-62  211.0   4.4    10   184     2   210     1   226 0.85 -
135420at50557_34720_0:0018cf|STRG.9564.2:67-1950|+   -            628 135420at50557        -            361   1.5e-77  260.3  35.2   2   4   8.7e-12   3.8e-08   32.0  11.6   147   303   222   402   213   414 0.64 -
135420at50557_34720_0:0018cf|STRG.9564.2:67-1950|+   -            628 135420at50557        -            361   1.5e-77  260.3  35.2   3   4   4.8e-07    0.0021   16.4   0.9   288   342   428   484   416   492 0.87 -
135420at50557_34720_0:0018cf|STRG.9564.2:67-1950|+   -            628 135420at50557        -            361   1.5e-77  260.3  35.2   4   4   0.00058       2.6    6.2   0.2   325   361   508   551   484   551 0.67 -
#
# Program:         hmmsearch
# Version:         3.4 (Aug 2023)
# Pipeline mode:   SEARCH
# Query file:      /data/projet1/projet_tutore/busco_downloads/lineages/insecta_odb10/hmms/135420at50557.hmm
# Target file:     annotation_analysis/annotation_gcf/T_zeteki/busco_output/run_insecta_odb10/metaeuk_output/initial_results/assembled_transcripts.fasta.modified.fas
# Option settings: hmmsearch --domtblout annotation_analysis/annotation_gcf/T_zeteki/busco_output/run_insecta_odb10/hmmer_output/initial_run_results/135420at50557.out --cpu 1 /data/projet1/projet_tutore/busco_downloads/lineages/insecta_odb10/hmms/135420at50557.hmm annotation_analysis/annotation_gcf/T_zeteki/busco_output/run_insecta_odb10/metaeuk_output/initial_results/assembled_transcripts.fasta.modified.fas 
# Current dir:     /data/projet1/projet_tutore
# Date:            Sun Dec  1 20:22:55 2024
# [ok]
