#                                                                                                            --- full sequence --- -------------- this domain -------------   hmm coord   ali coord   env coord
# target name                                        accession   tlen query name           accession   qlen   E-value  score  bias   #  of  c-Evalue  i-Evalue  score  bias  from    to  from    to  from    to  acc description of target
#                                ------------------- ---------- ----- -------------------- ---------- ----- --------- ------ ----- --- --- --------- --------- ------ ----- ----- ----- ----- ----- ----- ----- ---- ---------------------
147931at50557_103372_0:000dcb|STRG.15616.1:65-337|+  -             91 147931at50557        -             72   7.6e-50  166.0   0.8   1   1   1.1e-52   8.7e-50  165.8   0.8     1    72    10    81    10    81 0.99 -
149193at50557_13686_0:001c78|STRG.1045.1:267-560|+   -             98 147931at50557        -             72   3.7e-09   35.6   0.2   1   1   6.5e-12   5.2e-09   35.1   0.2     5    51    16    62    13    74 0.92 -
147931at50557_125945_0:001cab|STRG.7747.3:144-386|+  -             81 147931at50557        -             72   9.6e-08   31.1   0.1   1   1   1.3e-10   1.1e-07   31.0   0.1    15    72    23    80     7    80 0.78 -
147931at50557_125945_0:001cab|STRG.7747.4:144-386|+  -             81 147931at50557        -             72   9.6e-08   31.1   0.1   1   1   1.3e-10   1.1e-07   31.0   0.1    15    72    23    80     7    80 0.78 -
147931at50557_125945_0:001cab|STRG.7747.5:144-386|+  -             81 147931at50557        -             72   9.6e-08   31.1   0.1   1   1   1.3e-10   1.1e-07   31.0   0.1    15    72    23    80     7    80 0.78 -
147726at50557_103372_0:00130a|STRG.13916.2:317-604|+ -             96 147931at50557        -             72   1.4e-05   24.2   0.4   1   1     3e-08   2.4e-05   23.4   0.3    16    71    12    68     5    69 0.81 -
147726at50557_7038_0:0007d8|STRG.2548.1:102-332|+    -             77 147931at50557        -             72   1.5e-05   24.0   0.2   1   1     3e-08   2.4e-05   23.4   0.2    13    51    13    51     6    77 0.72 -
152308at50557_103372_0:0026d9|STRG.12393.1:133-360|+ -             76 147931at50557        -             72   1.7e-05   23.9   0.1   1   1   2.6e-08   2.1e-05   23.6   0.1    13    70    13    67     4    69 0.70 -
147726at50557_103372_0:00130a|STRG.13916.1:319-600|+ -             94 147931at50557        -             72   2.2e-05   23.5   0.3   1   1   5.2e-08   4.2e-05   22.6   0.2    18    71    12    66     7    67 0.81 -
147640at50557_610380_0:0028d8|STRG.16833.1:116-472|+ -            119 147931at50557        -             72   6.1e-05   22.1   0.0   1   1   1.1e-07   8.9e-05   21.6   0.0    16    56    41    85    26    96 0.76 -
140706at50557_307658_0:00219e|STRG.16838.1:154-498|+ -            115 147931at50557        -             72     0.017   14.3   0.0   1   1   2.8e-05     0.023   13.9   0.0    17    53    36    72    25    85 0.82 -
#
# Program:         hmmsearch
# Version:         3.4 (Aug 2023)
# Pipeline mode:   SEARCH
# Query file:      /data/projet1/projet_tutore/busco_downloads/lineages/insecta_odb10/hmms/147931at50557.hmm
# Target file:     annotation_analysis/annotation_gcf/T_zeteki/busco_output/run_insecta_odb10/metaeuk_output/initial_results/assembled_transcripts.fasta.modified.fas
# Option settings: hmmsearch --domtblout annotation_analysis/annotation_gcf/T_zeteki/busco_output/run_insecta_odb10/hmmer_output/initial_run_results/147931at50557.out --cpu 1 /data/projet1/projet_tutore/busco_downloads/lineages/insecta_odb10/hmms/147931at50557.hmm annotation_analysis/annotation_gcf/T_zeteki/busco_output/run_insecta_odb10/metaeuk_output/initial_results/assembled_transcripts.fasta.modified.fas 
# Current dir:     /data/projet1/projet_tutore
# Date:            Sun Dec  1 20:23:28 2024
# [ok]
