#                                                                                                            --- full sequence --- -------------- this domain -------------   hmm coord   ali coord   env coord
# target name                                        accession   tlen query name           accession   qlen   E-value  score  bias   #  of  c-Evalue  i-Evalue  score  bias  from    to  from    to  from    to  acc description of target
#                                ------------------- ---------- ----- -------------------- ---------- ----- --------- ------ ----- --- --- --------- --------- ------ ----- ----- ----- ----- ----- ----- ----- ---- ---------------------
15445at50557_520822_0:00033e|STRG.932.2:109-3327|+   -           1018 15445at50557         -            744         0 1291.8  19.4   1   3  3.5e-235    1e-231  770.1   5.7     1   399     9   439     9   460 0.94 -
15445at50557_520822_0:00033e|STRG.932.2:109-3327|+   -           1018 15445at50557         -            744         0 1291.8  19.4   2   3  7.2e-111  2.1e-107  359.1   0.1   396   587   462   665   451   682 0.93 -
15445at50557_520822_0:00033e|STRG.932.2:109-3327|+   -           1018 15445at50557         -            744         0 1291.8  19.4   3   3   2.1e-50   6.3e-47  159.2   1.7   578   733   683   896   674   904 0.83 -
15445at50557_520822_0:00033e|STRG.932.1:70-3129|+    -           1020 15445at50557         -            744         0 1291.8  19.4   1   3  3.5e-235    1e-231  770.1   5.7     1   399     9   439     9   460 0.94 -
15445at50557_520822_0:00033e|STRG.932.1:70-3129|+    -           1020 15445at50557         -            744         0 1291.8  19.4   2   3  7.2e-111  2.1e-107  359.1   0.1   396   587   462   665   451   682 0.93 -
15445at50557_520822_0:00033e|STRG.932.1:70-3129|+    -           1020 15445at50557         -            744         0 1291.8  19.4   3   3   2.1e-50   6.3e-47  159.2   1.7   578   733   683   896   674   904 0.83 -
138217at50557_535359_0:00173e|STRG.14522.1:225-512|+ -             96 15445at50557         -            744      0.02   12.0   0.0   1   1   7.4e-06     0.022   11.9   0.0   175   246    14    87     2    92 0.81 -
#
# Program:         hmmsearch
# Version:         3.4 (Aug 2023)
# Pipeline mode:   SEARCH
# Query file:      /data/projet1/projet_tutore/busco_downloads/lineages/insecta_odb10/hmms/15445at50557.hmm
# Target file:     annotation_analysis/annotation_gcf/T_zeteki/busco_output/run_insecta_odb10/metaeuk_output/initial_results/assembled_transcripts.fasta.modified.fas
# Option settings: hmmsearch --domtblout annotation_analysis/annotation_gcf/T_zeteki/busco_output/run_insecta_odb10/hmmer_output/initial_run_results/15445at50557.out --cpu 1 /data/projet1/projet_tutore/busco_downloads/lineages/insecta_odb10/hmms/15445at50557.hmm annotation_analysis/annotation_gcf/T_zeteki/busco_output/run_insecta_odb10/metaeuk_output/initial_results/assembled_transcripts.fasta.modified.fas 
# Current dir:     /data/projet1/projet_tutore
# Date:            Sun Dec  1 20:23:33 2024
# [ok]
