#                                                                                                             --- full sequence --- -------------- this domain -------------   hmm coord   ali coord   env coord
# target name                                         accession   tlen query name           accession   qlen   E-value  score  bias   #  of  c-Evalue  i-Evalue  score  bias  from    to  from    to  from    to  acc description of target
#                                 ------------------- ---------- ----- -------------------- ---------- ----- --------- ------ ----- --- --- --------- --------- ------ ----- ----- ----- ----- ----- ----- ----- ---- ---------------------
17115at50557_103372_0:00051b|STRG.8426.1:127-2088|+   -            654 17115at50557         -            430  1.9e-174  579.4   7.3   1   2  4.7e-169  3.4e-166  552.2   4.6     1   397    41   528    41   533 0.87 -
17115at50557_103372_0:00051b|STRG.8426.1:127-2088|+   -            654 17115at50557         -            430  1.9e-174  579.4   7.3   2   2   8.2e-10     6e-07   27.5   0.0   391   421   547   577   531   582 0.78 -
17115at50557_103372_0:00051b|STRG.8426.2:127-2004|+   -            626 17115at50557         -            430  6.9e-160  531.5   9.3   1   3     2e-55   1.5e-52  177.8   0.0     1   167    41   258    41   259 0.84 -
17115at50557_103372_0:00051b|STRG.8426.2:127-2004|+   -            626 17115at50557         -            430  6.9e-160  531.5   9.3   2   3  2.1e-101   1.5e-98  329.3   4.2   188   397   257   500   255   509 0.89 -
17115at50557_103372_0:00051b|STRG.8426.2:127-2004|+   -            626 17115at50557         -            430  6.9e-160  531.5   9.3   3   3   7.4e-10   5.5e-07   27.7   0.0   391   421   519   549   503   555 0.78 -
17115at50557_7038_0:002c38|STRG.3907.2:480-2015|+     -            512 17115at50557         -            430   1.3e-59  201.0   0.6   1   2   9.4e-17   6.9e-14   50.4   0.0    19   172    29   197     6   211 0.79 -
17115at50557_7038_0:002c38|STRG.3907.2:480-2015|+     -            512 17115at50557         -            430   1.3e-59  201.0   0.6   2   2   3.8e-46   2.8e-43  147.2   1.9   212   397   286   482   277   490 0.85 -
17115at50557_7038_0:002c38|STRG.3907.4:472-2007|+     -            512 17115at50557         -            430   1.3e-59  201.0   0.6   1   2   9.4e-17   6.9e-14   50.4   0.0    19   172    29   197     6   211 0.79 -
17115at50557_7038_0:002c38|STRG.3907.4:472-2007|+     -            512 17115at50557         -            430   1.3e-59  201.0   0.6   2   2   3.8e-46   2.8e-43  147.2   1.9   212   397   286   482   277   490 0.85 -
17115at50557_224129_0:00150d|STRG.3907.3:580-2115|+   -            512 17115at50557         -            430     2e-59  200.4   1.4   1   2   9.4e-17   6.9e-14   50.4   0.0    19   172    27   195     4   209 0.79 -
17115at50557_224129_0:00150d|STRG.3907.3:580-2115|+   -            512 17115at50557         -            430     2e-59  200.4   1.4   2   2   9.1e-46   6.7e-43  146.0   3.3   212   397   284   480   275   511 0.86 -
17115at50557_224129_0:00150d|STRG.3907.5:586-2121|+   -            512 17115at50557         -            430     2e-59  200.4   1.4   1   2   9.4e-17   6.9e-14   50.4   0.0    19   172    27   195     4   209 0.79 -
17115at50557_224129_0:00150d|STRG.3907.5:586-2121|+   -            512 17115at50557         -            430     2e-59  200.4   1.4   2   2   9.1e-46   6.7e-43  146.0   3.3   212   397   284   480   275   511 0.86 -
17115at50557_224129_0:00150d|STRG.3907.6:707-2242|+   -            512 17115at50557         -            430     2e-59  200.4   1.4   1   2   9.4e-17   6.9e-14   50.4   0.0    19   172    27   195     4   209 0.79 -
17115at50557_224129_0:00150d|STRG.3907.6:707-2242|+   -            512 17115at50557         -            430     2e-59  200.4   1.4   2   2   9.1e-46   6.7e-43  146.0   3.3   212   397   284   480   275   511 0.86 -
17115at50557_454923_0:001146|STRG.1673.1:558-1997|+   -            480 17115at50557         -            430   3.3e-43  147.0   3.6   1   2   0.00031      0.23    9.1   0.1    69   119     1    51     1   128 0.75 -
17115at50557_454923_0:001146|STRG.1673.1:558-1997|+   -            480 17115at50557         -            430   3.3e-43  147.0   3.6   2   2   1.7e-43   1.2e-40  138.6   0.8   214   374   213   379   203   404 0.83 -
17115at50557_7493_0:000f73|STRG.4808.1:351-1778|+     -            476 17115at50557         -            430   1.4e-38  131.8  11.7   1   2    0.0023       1.7    6.3   0.7    66   165    11   137     5   158 0.62 -
17115at50557_7493_0:000f73|STRG.4808.1:351-1778|+     -            476 17115at50557         -            430   1.4e-38  131.8  11.7   2   2   2.6e-40   1.9e-37  128.0   4.5   212   407   259   468   247   473 0.82 -
17115at50557_7038_0:002c38|STRG.3907.1:480-1706|+     -            409 17115at50557         -            430   1.1e-37  128.8   0.0   1   2   5.7e-17   4.2e-14   51.1   0.0    19   172    29   197     6   211 0.79 -
17115at50557_7038_0:002c38|STRG.3907.1:480-1706|+     -            409 17115at50557         -            430   1.1e-37  128.8   0.0   2   2     2e-24   1.5e-21   75.7   0.1   212   316   286   393   277   399 0.87 -
17115at50557_133901_0:001edc|STRG.13814.1:4608-5705|+ -            366 17115at50557         -            430   1.9e-37  128.0   0.8   1   1   3.6e-40   2.6e-37  127.6   0.8   212   370    61   232    56   247 0.88 -
17115at50557_7425_0:0012c0|STRG.8093.1:272-1813|+     -            514 17115at50557         -            430   4.9e-36  123.4   0.5   1   2     0.087        64    1.1   0.0   133   172   168   215    64   228 0.69 -
17115at50557_7425_0:0012c0|STRG.8093.1:272-1813|+     -            514 17115at50557         -            430   4.9e-36  123.4   0.5   2   2   6.8e-38     5e-35  120.1   0.3   198   396   285   501   276   504 0.78 -
#
# Program:         hmmsearch
# Version:         3.4 (Aug 2023)
# Pipeline mode:   SEARCH
# Query file:      /data/projet1/projet_tutore/busco_downloads/lineages/insecta_odb10/hmms/17115at50557.hmm
# Target file:     annotation_analysis/annotation_gcf/T_zeteki/busco_output/run_insecta_odb10/metaeuk_output/initial_results/assembled_transcripts.fasta.modified.fas
# Option settings: hmmsearch --domtblout annotation_analysis/annotation_gcf/T_zeteki/busco_output/run_insecta_odb10/hmmer_output/initial_run_results/17115at50557.out --cpu 1 /data/projet1/projet_tutore/busco_downloads/lineages/insecta_odb10/hmms/17115at50557.hmm annotation_analysis/annotation_gcf/T_zeteki/busco_output/run_insecta_odb10/metaeuk_output/initial_results/assembled_transcripts.fasta.modified.fas 
# Current dir:     /data/projet1/projet_tutore
# Date:            Sun Dec  1 20:23:55 2024
# [ok]
