#                                                                                                           --- full sequence --- -------------- this domain -------------   hmm coord   ali coord   env coord
# target name                                       accession   tlen query name           accession   qlen   E-value  score  bias   #  of  c-Evalue  i-Evalue  score  bias  from    to  from    to  from    to  acc description of target
#                               ------------------- ---------- ----- -------------------- ---------- ----- --------- ------ ----- --- --- --------- --------- ------ ----- ----- ----- ----- ----- ----- ----- ---- ---------------------
18458at50557_286306_0:000122|STRG.9212.3:73-3027|+  -            985 18458at50557         -            517  3.7e-203  674.5  83.0   1   8      0.88   9.7e+02   -3.2  14.7     1    55     2    61     2    76 0.48 -
18458at50557_286306_0:000122|STRG.9212.3:73-3027|+  -            985 18458at50557         -            517  3.7e-203  674.5  83.0   2   8         8   8.8e+03  -12.0  16.6    12    60    66   117    57   133 0.58 -
18458at50557_286306_0:000122|STRG.9212.3:73-3027|+  -            985 18458at50557         -            517  3.7e-203  674.5  83.0   3   8    0.0003      0.34    8.2   9.4    16    67   167   217   151   223 0.60 -
18458at50557_286306_0:000122|STRG.9212.3:73-3027|+  -            985 18458at50557         -            517  3.7e-203  674.5  83.0   4   8   1.7e-53   1.9e-50  170.7   4.1    57   149   241   343   236   347 0.92 -
18458at50557_286306_0:000122|STRG.9212.3:73-3027|+  -            985 18458at50557         -            517  3.7e-203  674.5  83.0   5   8   3.7e-49   4.1e-46  156.4   5.4   146   231   404   489   389   503 0.92 -
18458at50557_286306_0:000122|STRG.9212.3:73-3027|+  -            985 18458at50557         -            517  3.7e-203  674.5  83.0   6   8   6.4e-22   7.1e-19   66.5   0.0   244   297   562   615   559   630 0.89 -
18458at50557_286306_0:000122|STRG.9212.3:73-3027|+  -            985 18458at50557         -            517  3.7e-203  674.5  83.0   7   8   2.6e-29   2.8e-26   90.9   0.0   292   381   653   763   638   792 0.86 -
18458at50557_286306_0:000122|STRG.9212.3:73-3027|+  -            985 18458at50557         -            517  3.7e-203  674.5  83.0   8   8   9.8e-68   1.1e-64  217.7   0.0   384   516   803   942   774   943 0.91 -
18458at50557_286306_0:000122|STRG.9212.4:73-2916|+  -            948 18458at50557         -            517  7.5e-201  666.9  73.4   1   7       4.9   5.4e+03   -5.7  17.5     1    55     2    61     2    82 0.49 -
18458at50557_286306_0:000122|STRG.9212.4:73-2916|+  -            948 18458at50557         -            517  7.5e-201  666.9  73.4   2   7         8   8.8e+03  -12.7  17.5    12    60    66   117    56   134 0.59 -
18458at50557_286306_0:000122|STRG.9212.4:73-2916|+  -            948 18458at50557         -            517  7.5e-201  666.9  73.4   3   7   1.7e-50   1.9e-47  160.8  15.4    55   149   202   306   124   310 0.81 -
18458at50557_286306_0:000122|STRG.9212.4:73-2916|+  -            948 18458at50557         -            517  7.5e-201  666.9  73.4   4   7   3.5e-49   3.9e-46  156.5   5.4   146   231   367   452   352   466 0.92 -
18458at50557_286306_0:000122|STRG.9212.4:73-2916|+  -            948 18458at50557         -            517  7.5e-201  666.9  73.4   5   7   6.1e-22   6.8e-19   66.6   0.0   244   297   525   578   522   593 0.89 -
18458at50557_286306_0:000122|STRG.9212.4:73-2916|+  -            948 18458at50557         -            517  7.5e-201  666.9  73.4   6   7   2.4e-29   2.7e-26   91.0   0.0   292   381   616   726   601   755 0.86 -
18458at50557_286306_0:000122|STRG.9212.4:73-2916|+  -            948 18458at50557         -            517  7.5e-201  666.9  73.4   7   7   9.3e-68     1e-64  217.8   0.0   384   516   766   905   737   906 0.91 -
18458at50557_286306_0:000122|STRG.9212.2:453-3245|+ -            931 18458at50557         -            517  2.8e-200  665.0  69.0   1   7         8   8.8e+03   -6.5  12.8    10    54     8    56     3    65 0.58 -
18458at50557_286306_0:000122|STRG.9212.2:453-3245|+ -            931 18458at50557         -            517  2.8e-200  665.0  69.0   2   7         8   8.8e+03  -14.9  19.9    11    60    48   100    37   118 0.60 -
18458at50557_286306_0:000122|STRG.9212.2:453-3245|+ -            931 18458at50557         -            517  2.8e-200  665.0  69.0   3   7   1.6e-50   1.7e-47  160.9  15.4    55   149   185   289   109   293 0.80 -
18458at50557_286306_0:000122|STRG.9212.2:453-3245|+ -            931 18458at50557         -            517  2.8e-200  665.0  69.0   4   7   3.4e-49   3.8e-46  156.5   5.4   146   231   350   435   335   449 0.92 -
18458at50557_286306_0:000122|STRG.9212.2:453-3245|+ -            931 18458at50557         -            517  2.8e-200  665.0  69.0   5   7     6e-22   6.6e-19   66.6   0.0   244   297   508   561   505   576 0.89 -
18458at50557_286306_0:000122|STRG.9212.2:453-3245|+ -            931 18458at50557         -            517  2.8e-200  665.0  69.0   6   7   2.4e-29   2.6e-26   91.1   0.0   292   381   599   709   584   738 0.86 -
18458at50557_286306_0:000122|STRG.9212.2:453-3245|+ -            931 18458at50557         -            517  2.8e-200  665.0  69.0   7   7     9e-68   9.9e-65  217.8   0.0   384   516   749   888   720   889 0.91 -
18458at50557_211228_0:0003bc|STRG.9212.1:181-2875|+ -            895 18458at50557         -            517  3.6e-190  631.7  72.0   1   6       1.4   1.5e+03   -3.9  15.7     1    55     2    61     2    80 0.49 -
18458at50557_211228_0:0003bc|STRG.9212.1:181-2875|+ -            895 18458at50557         -            517  3.6e-190  631.7  72.0   2   6         8   8.8e+03  -14.4  19.4    13    60    67   117    58   149 0.61 -
18458at50557_211228_0:0003bc|STRG.9212.1:181-2875|+ -            895 18458at50557         -            517  3.6e-190  631.7  72.0   3   6   1.7e-50   1.9e-47  160.8  15.6    55   149   202   306   124   310 0.81 -
18458at50557_211228_0:0003bc|STRG.9212.1:181-2875|+ -            895 18458at50557         -            517  3.6e-190  631.7  72.0   4   6   3.2e-49   3.6e-46  156.6   5.4   146   231   367   452   352   466 0.92 -
18458at50557_211228_0:0003bc|STRG.9212.1:181-2875|+ -            895 18458at50557         -            517  3.6e-190  631.7  72.0   5   6   5.7e-22   6.3e-19   66.7   0.0   244   297   525   578   522   593 0.89 -
18458at50557_211228_0:0003bc|STRG.9212.1:181-2875|+ -            895 18458at50557         -            517  3.6e-190  631.7  72.0   6   6   9.5e-84     1e-80  270.5   0.0   292   516   616   852   600   853 0.88 -
18458at50557_7536_0:0043c7|STRG.14488.1:318-974|+   -            219 18458at50557         -            517   9.1e-23   79.4   0.2   1   1   1.1e-24   1.2e-21   75.6   0.2   316   502     2   219     1   219 0.76 -
18458at50557_7536_0:0043c7|STRG.14488.2:435-1091|+  -            219 18458at50557         -            517   9.1e-23   79.4   0.2   1   1   1.1e-24   1.2e-21   75.6   0.2   316   502     2   219     1   219 0.76 -
39871at50557_7536_0:000d98|STRG.12388.1:1871-2107|+ -             79 18458at50557         -            517   0.00091   16.7   4.7   1   1   8.8e-07   0.00097   16.6   4.7    57   126    17    79     6    79 0.85 -
45419at50557_51655_0:002e4f|STRG.2284.1:1713-2015|+ -            101 18458at50557         -            517    0.0011   16.4   1.5   1   2     0.076        84    0.3   5.5    71   125     3    49     1    53 0.70 -
45419at50557_51655_0:002e4f|STRG.2284.1:1713-2015|+ -            101 18458at50557         -            517    0.0011   16.4   1.5   2   2     1e-06    0.0011   16.4   1.5    65   113    52    99    42   100 0.77 -
#
# Program:         hmmsearch
# Version:         3.4 (Aug 2023)
# Pipeline mode:   SEARCH
# Query file:      /data/projet1/projet_tutore/busco_downloads/lineages/insecta_odb10/hmms/18458at50557.hmm
# Target file:     annotation_analysis/annotation_gcf/T_zeteki/busco_output/run_insecta_odb10/metaeuk_output/initial_results/assembled_transcripts.fasta.modified.fas
# Option settings: hmmsearch --domtblout annotation_analysis/annotation_gcf/T_zeteki/busco_output/run_insecta_odb10/hmmer_output/initial_run_results/18458at50557.out --cpu 1 /data/projet1/projet_tutore/busco_downloads/lineages/insecta_odb10/hmms/18458at50557.hmm annotation_analysis/annotation_gcf/T_zeteki/busco_output/run_insecta_odb10/metaeuk_output/initial_results/assembled_transcripts.fasta.modified.fas 
# Current dir:     /data/projet1/projet_tutore
# Date:            Sun Dec  1 20:24:03 2024
# [ok]
