#                                                                                                              --- full sequence --- -------------- this domain -------------   hmm coord   ali coord   env coord
# target name                                          accession   tlen query name           accession   qlen   E-value  score  bias   #  of  c-Evalue  i-Evalue  score  bias  from    to  from    to  from    to  acc description of target
#                                  ------------------- ---------- ----- -------------------- ---------- ----- --------- ------ ----- --- --- --------- --------- ------ ----- ----- ----- ----- ----- ----- ----- ---- ---------------------
18450at50557_144034_0:001371|STRG.8891.1:225-3314|+    -           1030 18450at50557         -            733         0 1309.6  70.1   1   2   2.8e-09   3.2e-07   27.6  20.2     1    46   126   189   126   202 0.77 -
18450at50557_144034_0:001371|STRG.8891.1:225-3314|+    -           1030 18450at50557         -            733         0 1309.6  70.1   2   2         0         0 1296.6  23.2    48   732   248  1029   192  1030 0.88 -
29312at50557_34720_0:0009c1|STRG.14062.1:95-2398|+     -            768 18450at50557         -            733  1.8e-132  441.8   0.0   1   1  2.3e-134  2.6e-132  441.2   0.0    89   525   178   623   161   633 0.92 -
35385at50557_7370_0:001aad|STRG.7614.1:455-2416|+      -            654 18450at50557         -            733  1.8e-116  388.9   0.0   1   1  2.6e-118    3e-116  388.1   0.0   115   524    16   426     2   450 0.93 -
35385at50557_37001_0:001231|STRG.8754.1:638-1966|+     -            443 18450at50557         -            733  1.1e-114  383.0   0.0   1   1  1.1e-116  1.2e-114  382.8   0.0   115   544    10   440     4   443 0.92 -
35385at50557_37001_0:001231|STRG.8754.2:276-1604|+     -            443 18450at50557         -            733  1.1e-114  383.0   0.0   1   1  1.1e-116  1.2e-114  382.8   0.0   115   544    10   440     4   443 0.92 -
35385at50557_7375_0:0001af|STRG.11380.5:482-1801|+     -            440 18450at50557         -            733  4.2e-114  381.0   0.0   1   1  4.5e-116  5.2e-114  380.7   0.0   115   526     8   420     2   437 0.94 -
35385at50557_7375_0:0001af|STRG.11380.6:477-1796|+     -            440 18450at50557         -            733  4.2e-114  381.0   0.0   1   1  4.5e-116  5.2e-114  380.7   0.0   115   526     8   420     2   437 0.94 -
35385at50557_37001_0:001231|STRG.8753.4:335-1669|+     -            445 18450at50557         -            733  6.4e-114  380.4   0.0   1   1  6.9e-116  7.9e-114  380.1   0.0   115   527     8   421     4   444 0.94 -
35385at50557_7375_0:0001af|STRG.8753.5:311-3167|+      -            449 18450at50557         -            733  6.7e-114  380.3   0.0   1   1  7.4e-116  8.5e-114  380.0   0.0   115   526    16   428     5   438 0.95 -
35385at50557_37001_0:001231|STRG.8753.1:335-1666|+     -            444 18450at50557         -            733  7.7e-114  380.1   0.0   1   1  8.7e-116  9.9e-114  379.8   0.0   115   526     8   420     4   431 0.95 -
35385at50557_7375_0:0001af|STRG.11380.1:823-2628|+     -            440 18450at50557         -            733  2.2e-113  378.6   0.0   1   1  2.3e-115  2.6e-113  378.4   0.0   115   526     8   420     2   437 0.94 -
35385at50557_37001_0:001231|STRG.8753.3:335-2486|+     -            444 18450at50557         -            733  3.9e-113  377.8   0.0   1   1  4.5e-115  5.1e-113  377.4   0.0   115   526     8   420     4   431 0.95 -
35385at50557_37001_0:001231|STRG.8754.3:1676-2932|+    -            419 18450at50557         -            733  2.3e-110  368.7   0.0   1   1  2.2e-112  2.5e-110  368.5   0.0   132   544     3   416     1   419 0.91 -
35385at50557_7370_0:001aad|STRG.13463.1:1160-2437|+    -            426 18450at50557         -            733  5.1e-107  357.6   0.0   1   1  5.2e-109  5.9e-107  357.4   0.0   117   523     5   423     2   426 0.92 -
35385at50557_7370_0:001aad|STRG.13463.2:1130-2407|+    -            426 18450at50557         -            733  5.1e-107  357.6   0.0   1   1  5.2e-109  5.9e-107  357.4   0.0   117   523     5   423     2   426 0.92 -
35385at50557_7370_0:001aad|STRG.13463.3:1137-2414|+    -            426 18450at50557         -            733  5.1e-107  357.6   0.0   1   1  5.2e-109  5.9e-107  357.4   0.0   117   523     5   423     2   426 0.92 -
35385at50557_37001_0:001231|STRG.15246.1:1011-2240|+   -            410 18450at50557         -            733     4e-98  328.2   0.3   1   1     7e-98     8e-96  320.6   0.3   144   513     6   402     1   409 0.92 -
35385at50557_37001_0:001231|STRG.15246.2:1008-2237|+   -            410 18450at50557         -            733     4e-98  328.2   0.3   1   1     7e-98     8e-96  320.6   0.3   144   513     6   402     1   409 0.92 -
35385at50557_456900_0:001092|STRG.13922.1:146-2023|+   -            626 18450at50557         -            733   4.9e-93  311.4   2.6   1   1   5.7e-95   6.6e-93  310.9   2.6    40   511    66   545    47   558 0.88 -
35385at50557_456900_0:001092|STRG.13922.2:77-1954|+    -            626 18450at50557         -            733   4.9e-93  311.4   2.6   1   1   5.7e-95   6.6e-93  310.9   2.6    40   511    66   545    47   558 0.88 -
35385at50557_456900_0:001092|STRG.13922.3:35-1912|+    -            626 18450at50557         -            733   4.9e-93  311.4   2.6   1   1   5.7e-95   6.6e-93  310.9   2.6    40   511    66   545    47   558 0.88 -
35385at50557_37001_0:001231|STRG.11380.2:823-1902|+    -            360 18450at50557         -            733   4.5e-92  308.2   0.0   1   1   4.5e-94   5.2e-92  308.0   0.0   115   466     8   360     2   360 0.95 -
35385at50557_37001_0:001231|STRG.11380.3:823-1902|+    -            360 18450at50557         -            733   4.5e-92  308.2   0.0   1   1   4.5e-94   5.2e-92  308.0   0.0   115   466     8   360     2   360 0.95 -
35385at50557_37001_0:001231|STRG.11380.4:447-1526|+    -            360 18450at50557         -            733   4.5e-92  308.2   0.0   1   1   4.5e-94   5.2e-92  308.0   0.0   115   466     8   360     2   360 0.95 -
35385at50557_37001_0:001231|STRG.11380.7:213-1292|+    -            360 18450at50557         -            733   4.5e-92  308.2   0.0   1   1   4.5e-94   5.2e-92  308.0   0.0   115   466     8   360     2   360 0.95 -
18450at50557_1155016_0:0026c2|STRG.14400.1:1004-2206|+ -            401 18450at50557         -            733   1.4e-90  303.2   0.0   1   1   1.4e-92   1.6e-90  303.0   0.0   145   519     1   387     1   394 0.88 -
35385at50557_35570_0:00290c|STRG.6237.1:1048-2292|+    -            415 18450at50557         -            733   4.4e-89  298.3   0.0   1   1   4.5e-91   5.1e-89  298.1   0.0   174   519    27   389     1   402 0.88 -
43304at50557_568069_0:003ee6|STRG.1063.1:128-1432|+    -            435 18450at50557         -            733   1.2e-71  240.6   0.6   1   1   1.3e-73   1.5e-71  240.4   0.6   173   515    34   369    17   435 0.85 -
65449at50557_29030_0:002ae7|STRG.9651.1:87-1244|+      -            386 18450at50557         -            733   2.2e-70  236.4   1.2   1   1   2.5e-72   2.8e-70  236.1   1.2   174   514    19   358    12   381 0.90 -
46658at50557_28612_0:0048c7|STRG.8031.1:173-1294|+     -            374 18450at50557         -            733     6e-65  218.5   0.0   1   1     7e-67     8e-65  218.1   0.0   173   514    22   359    15   366 0.94 -
46658at50557_28612_0:0048c7|STRG.8031.2:145-1266|+     -            374 18450at50557         -            733     6e-65  218.5   0.0   1   1     7e-67     8e-65  218.1   0.0   173   514    22   359    15   366 0.94 -
46658at50557_211228_0:001f32|STRG.2777.1:222-1316|+    -            365 18450at50557         -            733     3e-63  212.9   2.0   1   1   3.4e-65   3.8e-63  212.5   2.0   174   520    17   356     6   362 0.91 -
29312at50557_116153_0:001f21|STRG.754.1:597-1736|+     -            380 18450at50557         -            733   2.4e-60  203.3   1.0   1   1   2.7e-62   3.1e-60  202.9   1.0   171   519    15   363     2   370 0.90 -
46658at50557_219809_0:0017ae|STRG.12806.1:520-1869|+   -            450 18450at50557         -            733   1.5e-59  200.7   1.3   1   1   1.7e-61     2e-59  200.3   1.3   172   510    77   406    66   417 0.94 -
46658at50557_219809_0:0017ae|STRG.12806.2:269-1618|+   -            450 18450at50557         -            733   1.5e-59  200.7   1.3   1   1   1.7e-61     2e-59  200.3   1.3   172   510    77   406    66   417 0.94 -
46658at50557_211228_0:001f32|STRG.12728.1:220-1293|+   -            358 18450at50557         -            733   1.6e-59  200.5   1.5   1   1   1.8e-61   2.1e-59  200.2   1.5   174   519    17   348     7   355 0.91 -
65449at50557_88501_0:00074b|STRG.10693.3:172-4761|+    -           1392 18450at50557         -            733   1.1e-58  197.8   0.1   1   1   9.4e-61   1.1e-58  197.8   0.1   162   525    11   379     3   399 0.90 -
65449at50557_88501_0:00074b|STRG.10693.1:466-6337|+    -           1391 18450at50557         -            733   1.4e-58  197.4   0.0   1   1   1.2e-60   1.4e-58  197.4   0.0   162   525    11   378     3   398 0.91 -
65449at50557_42026_0:002fbc|STRG.8663.1:610-1923|+     -            438 18450at50557         -            733     8e-58  194.9   0.1   1   1   9.2e-60   1.1e-57  194.5   0.1   171   511    14   354     6   365 0.90 -
65449at50557_42026_0:002fbc|STRG.8663.2:539-1852|+     -            438 18450at50557         -            733     8e-58  194.9   0.1   1   1   9.2e-60   1.1e-57  194.5   0.1   171   511    14   354     6   365 0.90 -
68043at50557_34720_0:001307|STRG.12248.1:138-1811|+    -            558 18450at50557         -            733   4.4e-57  192.5   0.2   1   1   4.9e-59   5.6e-57  192.1   0.2   115   512    88   489    31   546 0.81 -
46658at50557_28612_0:0048c7|STRG.9911.1:199-1383|+     -            395 18450at50557         -            733   8.5e-57  191.6   1.1   1   1   9.3e-59   1.1e-56  191.2   1.1   174   522    34   379    24   387 0.90 -
46658at50557_28612_0:0048c7|STRG.9911.2:199-2549|+     -            395 18450at50557         -            733   8.5e-57  191.6   1.1   1   1   9.3e-59   1.1e-56  191.2   1.1   174   522    34   379    24   387 0.90 -
46658at50557_28612_0:0048c7|STRG.9911.3:271-1455|+     -            395 18450at50557         -            733   8.5e-57  191.6   1.1   1   1   9.3e-59   1.1e-56  191.2   1.1   174   522    34   379    24   387 0.90 -
65449at50557_7220_0:002055|STRG.3764.1:1212-3023|+     -            604 18450at50557         -            733   1.1e-48  164.7   1.1   1   2     4e-32   4.6e-30  103.2   0.0   175   335     4   165     1   172 0.91 -
65449at50557_7220_0:002055|STRG.3764.1:1212-3023|+     -            604 18450at50557         -            733   1.1e-48  164.7   1.1   2   2   2.5e-18   2.8e-16   57.6   0.1   336   512   273   483   252   501 0.70 -
123578at50557_7168_0:0013fb|STRG.12649.1:394-1794|+    -            467 18450at50557         -            733   1.8e-45  154.1   0.1   1   1   2.1e-47   2.4e-45  153.7   0.1   170   498    86   428    74   457 0.86 -
25910at50557_103372_0:001a63|STRG.15108.1:0-2186|+     -            729 18450at50557         -            733   3.3e-45  153.2   0.0   1   3     2e-10   2.3e-08   31.4   0.0   174   238    20    86    13    92 0.86 -
25910at50557_103372_0:001a63|STRG.15108.1:0-2186|+     -            729 18450at50557         -            733   3.3e-45  153.2   0.0   2   3   8.9e-18     1e-15   55.7   0.0   227   388   284   452   277   457 0.81 -
25910at50557_103372_0:001a63|STRG.15108.1:0-2186|+     -            729 18450at50557         -            733   3.3e-45  153.2   0.0   3   3   9.8e-20   1.1e-17   62.2   0.0   405   510   508   616   481   633 0.84 -
43304at50557_34720_0:00174e|STRG.740.1:151-2355|+      -            735 18450at50557         -            733   9.8e-44  148.4   9.2   1   4   1.3e-13   1.5e-11   42.0   0.4   154   224   135   207    45   216 0.74 -
43304at50557_34720_0:00174e|STRG.740.1:151-2355|+      -            735 18450at50557         -            733   9.8e-44  148.4   9.2   2   4   1.2e-17   1.3e-15   55.3   0.0   229   347   253   378   228   421 0.84 -
43304at50557_34720_0:00174e|STRG.740.1:151-2355|+      -            735 18450at50557         -            733   9.8e-44  148.4   9.2   3   4   2.4e-17   2.8e-15   54.3   0.1   428   519   485   576   451   662 0.78 -
43304at50557_34720_0:00174e|STRG.740.1:151-2355|+      -            735 18450at50557         -            733   9.8e-44  148.4   9.2   4   4       2.2   2.6e+02   -1.8   0.1   573   594   687   708   673   732 0.69 -
43304at50557_34720_0:00174e|STRG.740.2:83-2287|+       -            735 18450at50557         -            733   9.8e-44  148.4   9.2   1   4   1.3e-13   1.5e-11   42.0   0.4   154   224   135   207    45   216 0.74 -
43304at50557_34720_0:00174e|STRG.740.2:83-2287|+       -            735 18450at50557         -            733   9.8e-44  148.4   9.2   2   4   1.2e-17   1.3e-15   55.3   0.0   229   347   253   378   228   421 0.84 -
43304at50557_34720_0:00174e|STRG.740.2:83-2287|+       -            735 18450at50557         -            733   9.8e-44  148.4   9.2   3   4   2.4e-17   2.8e-15   54.3   0.1   428   519   485   576   451   662 0.78 -
43304at50557_34720_0:00174e|STRG.740.2:83-2287|+       -            735 18450at50557         -            733   9.8e-44  148.4   9.2   4   4       2.2   2.6e+02   -1.8   0.1   573   594   687   708   673   732 0.69 -
65449at50557_217634_0:0037dd|STRG.11775.1:534-1582|+   -            331 18450at50557         -            733   8.8e-42  141.9   0.1   1   1   1.5e-43   1.7e-41  141.0   0.1   182   514     1   307     1   317 0.92 -
65449at50557_7237_0:000776|STRG.2926.1:552-1829|+      -            426 18450at50557         -            733   2.4e-40  137.2   0.0   1   1   2.9e-42   3.3e-40  136.7   0.0   228   510     8   292     3   314 0.86 -
41619at50557_34720_0:0004fb|STRG.15395.1:9-1574|+      -            522 18450at50557         -            733   5.4e-40  136.0   0.7   1   2     1e-39   1.2e-37  128.3   0.3   171   530     2   390     1   407 0.81 -
41619at50557_34720_0:0004fb|STRG.15395.1:9-1574|+      -            522 18450at50557         -            733   5.4e-40  136.0   0.7   2   2       4.6   5.3e+02   -2.8   0.0   233   253   469   489   454   492 0.79 -
46658at50557_174628_0:001983|STRG.15911.1:552-1661|+   -            370 18450at50557         -            733   5.5e-40  136.0   0.6   1   1   6.3e-42   7.2e-40  135.6   0.6   174   519    17   360     9   366 0.86 -
46658at50557_174628_0:001983|STRG.15911.2:335-1444|+   -            370 18450at50557         -            733   5.5e-40  136.0   0.6   1   1   6.3e-42   7.2e-40  135.6   0.6   174   519    17   360     9   366 0.86 -
41619at50557_211228_0:0019b4|STRG.15395.3:9-1521|+     -            497 18450at50557         -            733   7.4e-40  135.5   1.1   1   2   5.5e-32   6.3e-30  102.7   0.1   171   459     2   292     1   297 0.90 -
41619at50557_211228_0:0019b4|STRG.15395.3:9-1521|+     -            497 18450at50557         -            733   7.4e-40  135.5   1.1   2   2     2e-10   2.3e-08   31.4   0.1   448   538   305   390   294   448 0.76 -
41619at50557_91411_0:000658|STRG.15395.2:9-1720|+      -            499 18450at50557         -            733     1e-37  128.5   0.9   1   2   1.7e-37     2e-35  120.9   0.4   171   514     2   372     1   395 0.83 -
41619at50557_91411_0:000658|STRG.15395.2:9-1720|+      -            499 18450at50557         -            733     1e-37  128.5   0.9   2   2       4.4     5e+02   -2.8   0.0   233   253   448   468   433   471 0.79 -
65449at50557_7425_0:001950|STRG.11775.2:448-1376|+     -            301 18450at50557         -            733   1.2e-37  128.2   0.2   1   1   1.8e-39     2e-37  127.5   0.2   182   489    10   301     2   301 0.90 -
65449at50557_7425_0:001950|STRG.11775.3:420-1348|+     -            301 18450at50557         -            733   1.2e-37  128.2   0.2   1   1   1.8e-39     2e-37  127.5   0.2   182   489    10   301     2   301 0.90 -
46658at50557_77166_0:001153|STRG.5046.1:107-1293|+     -            375 18450at50557         -            733   9.1e-34  115.4   0.3   1   2   1.8e-11   2.1e-09   34.9   0.2   171   255    30   111    16   116 0.82 -
46658at50557_77166_0:001153|STRG.5046.1:107-1293|+     -            375 18450at50557         -            733   9.1e-34  115.4   0.3   2   2   6.2e-25   7.1e-23   79.4   0.0   281   510   113   346   110   363 0.86 -
29312at50557_1155016_0:000c58|STRG.9651.2:202-645|+    -            148 18450at50557         -            733   9.9e-27   92.1   0.1   1   1     1e-28   1.2e-26   91.9   0.1   393   512    18   137     8   146 0.91 -
46658at50557_168631_0:000a66|STRG.9911.2:2007-2549|+   -            181 18450at50557         -            733   4.8e-25   86.6   0.1   1   1   4.7e-27   5.4e-25   86.4   0.1   361   523     3   166     1   173 0.89 -
57791at50557_34720_0:001e64|STRG.639.2:98-2071|+       -            658 18450at50557         -            733   6.2e-25   86.2   0.0   1   2   1.1e-10   1.2e-08   32.3   0.0   194   359   235   414   225   436 0.78 -
57791at50557_34720_0:001e64|STRG.639.2:98-2071|+       -            658 18450at50557         -            733   6.2e-25   86.2   0.0   2   2   3.6e-19   4.1e-17   60.3   0.0   405   513   477   589   448   632 0.82 -
65449at50557_88501_0:00074b|STRG.10693.2:854-4609|+    -           1114 18450at50557         -            733   4.7e-13   46.9   0.0   1   1   4.1e-15   4.7e-13   46.9   0.0   426   525     4   101     1   121 0.85 -
41619at50557_121225_0:000d27|STRG.5565.1:654-1595|+    -            314 18450at50557         -            733   6.5e-12   43.1   0.0   1   1   7.1e-14   8.2e-12   42.8   0.0   177   416     9   264     5   283 0.79 -
68043at50557_7200_0:000154|STRG.6557.1:1437-2582|+     -            382 18450at50557         -            733   4.3e-11   40.5   0.2   1   2   9.5e-12   1.1e-09   35.8   0.1   188   353    15   186     1   257 0.77 -
68043at50557_7200_0:000154|STRG.6557.1:1437-2582|+     -            382 18450at50557         -            733   4.3e-11   40.5   0.2   2   2     0.081       9.3    3.0   0.0   395   470   271   347   263   361 0.75 -
19244at50557_116153_0:001e22|STRG.4780.1:200-1225|+    -            342 18450at50557         -            733   4.3e-10   37.1   0.0   1   2    0.0043      0.49    7.2   0.0   181   215     9    44     2    71 0.86 -
19244at50557_116153_0:001e22|STRG.4780.1:200-1225|+    -            342 18450at50557         -            733   4.3e-10   37.1   0.0   2   2   2.4e-09   2.8e-07   27.8   0.0   404   501   241   338   233   342 0.94 -
65449at50557_103372_0:002494|STRG.10693.5:0-641|+      -            214 18450at50557         -            733     1e-09   35.9   0.0   1   1   1.2e-11   1.4e-09   35.5   0.0   463   527     2    65     1    95 0.84 -
19244at50557_13037_0:00338e|STRG.15626.3:467-1915|+    -            483 18450at50557         -            733   8.6e-07   26.2   0.0   1   1     1e-08   1.1e-06   25.8   0.0   424   510    64   150     5   166 0.88 -
19244at50557_13037_0:00338e|STRG.15626.4:261-1709|+    -            483 18450at50557         -            733   8.6e-07   26.2   0.0   1   1     1e-08   1.1e-06   25.8   0.0   424   510    64   150     5   166 0.88 -
19244at50557_34720_0:002014|STRG.15626.2:387-4862|+    -           1492 18450at50557         -            733   1.3e-06   25.7   0.1   1   3       0.4        46    0.7   2.9     7    61   478   532   471   605 0.70 -
19244at50557_34720_0:002014|STRG.15626.2:387-4862|+    -           1492 18450at50557         -            733   1.3e-06   25.7   0.1   2   3       2.6     3e+02   -2.0   0.2    76   111   678   712   612   747 0.72 -
19244at50557_34720_0:002014|STRG.15626.2:387-4862|+    -           1492 18450at50557         -            733   1.3e-06   25.7   0.1   3   3   1.1e-08   1.3e-06   25.7   0.1   182   510   802  1145   786  1159 0.61 -
19244at50557_34720_0:002014|STRG.15626.1:103-4677|+    -           1525 18450at50557         -            733   1.3e-06   25.6   0.1   1   3      0.41        47    0.6   2.9     7    61   511   565   504   638 0.70 -
19244at50557_34720_0:002014|STRG.15626.1:103-4677|+    -           1525 18450at50557         -            733   1.3e-06   25.6   0.1   2   3       2.7   3.1e+02   -2.1   0.2    76   111   711   745   645   780 0.72 -
19244at50557_34720_0:002014|STRG.15626.1:103-4677|+    -           1525 18450at50557         -            733   1.3e-06   25.6   0.1   3   3   1.1e-08   1.3e-06   25.6   0.1   182   510   835  1178   819  1192 0.61 -
19244at50557_29053_0:002948|STRG.10400.1:1739-2926|+   -            396 18450at50557         -            733     2e-06   25.0   1.3   1   2      0.04       4.5    4.0   0.0   180   215     8    43     1    52 0.89 -
19244at50557_29053_0:002948|STRG.10400.1:1739-2926|+   -            396 18450at50557         -            733     2e-06   25.0   1.3   2   2   6.2e-07   7.1e-05   19.9   0.3   398   503   224   328   209   361 0.85 -
19244at50557_7536_0:001656|STRG.4385.1:438-1562|+      -            375 18450at50557         -            733   2.5e-05   21.4   1.7   1   2       0.3        35    1.1   0.1   190   214     1    25     1    36 0.92 -
19244at50557_7536_0:001656|STRG.4385.1:438-1562|+      -            375 18450at50557         -            733   2.5e-05   21.4   1.7   2   2   8.6e-07   9.8e-05   19.4   0.3   395   503   205   313   193   338 0.89 -
19244at50557_7536_0:001656|STRG.4385.2:438-1562|+      -            375 18450at50557         -            733   2.5e-05   21.4   1.7   1   2       0.3        35    1.1   0.1   190   214     1    25     1    36 0.92 -
19244at50557_7536_0:001656|STRG.4385.2:438-1562|+      -            375 18450at50557         -            733   2.5e-05   21.4   1.7   2   2   8.6e-07   9.8e-05   19.4   0.3   395   503   205   313   193   338 0.89 -
19244at50557_7536_0:001656|STRG.4385.3:989-2113|+      -            375 18450at50557         -            733   2.5e-05   21.4   1.7   1   2       0.3        35    1.1   0.1   190   214     1    25     1    36 0.92 -
19244at50557_7536_0:001656|STRG.4385.3:989-2113|+      -            375 18450at50557         -            733   2.5e-05   21.4   1.7   2   2   8.6e-07   9.8e-05   19.4   0.3   395   503   205   313   193   338 0.89 -
19244at50557_7536_0:001656|STRG.4385.4:438-1562|+      -            375 18450at50557         -            733   2.5e-05   21.4   1.7   1   2       0.3        35    1.1   0.1   190   214     1    25     1    36 0.92 -
19244at50557_7536_0:001656|STRG.4385.4:438-1562|+      -            375 18450at50557         -            733   2.5e-05   21.4   1.7   2   2   8.6e-07   9.8e-05   19.4   0.3   395   503   205   313   193   338 0.89 -
68043at50557_45779_0:0013b8|STRG.5113.1:4214-5305|+    -            364 18450at50557         -            733    0.0079   13.1   0.0   1   2    0.0017      0.19    8.5   0.0   181   314     1   127     1   136 0.67 -
68043at50557_45779_0:0013b8|STRG.5113.1:4214-5305|+    -            364 18450at50557         -            733    0.0079   13.1   0.0   2   2       0.1        11    2.7   0.0   432   475   291   334   264   363 0.77 -
#
# Program:         hmmsearch
# Version:         3.4 (Aug 2023)
# Pipeline mode:   SEARCH
# Query file:      /data/projet1/projet_tutore/busco_downloads/lineages/insecta_odb10/hmms/18450at50557.hmm
# Target file:     annotation_analysis/annotation_gcf/T_zeteki/busco_output/run_insecta_odb10/metaeuk_output/initial_results/assembled_transcripts.fasta.modified.fas
# Option settings: hmmsearch --domtblout annotation_analysis/annotation_gcf/T_zeteki/busco_output/run_insecta_odb10/hmmer_output/initial_run_results/18450at50557.out --cpu 1 /data/projet1/projet_tutore/busco_downloads/lineages/insecta_odb10/hmms/18450at50557.hmm annotation_analysis/annotation_gcf/T_zeteki/busco_output/run_insecta_odb10/metaeuk_output/initial_results/assembled_transcripts.fasta.modified.fas 
# Current dir:     /data/projet1/projet_tutore
# Date:            Sun Dec  1 20:24:02 2024
# [ok]
