#                                                                                                           --- full sequence --- -------------- this domain -------------   hmm coord   ali coord   env coord
# target name                                       accession   tlen query name           accession   qlen   E-value  score  bias   #  of  c-Evalue  i-Evalue  score  bias  from    to  from    to  from    to  acc description of target
#                               ------------------- ---------- ----- -------------------- ---------- ----- --------- ------ ----- --- --- --------- --------- ------ ----- ----- ----- ----- ----- ----- ----- ---- ---------------------
19276at50557_103372_0:000183|STRG.2592.1:318-2714|+ -            799 19276at50557         -            609    6e-246  816.8  38.6   1   3  2.3e-203    5e-200  665.1  33.2     1   459    26   546    26   560 0.89 -
19276at50557_103372_0:000183|STRG.2592.1:318-2714|+ -            799 19276at50557         -            609    6e-246  816.8  38.6   2   3   1.3e-24   2.9e-21   74.7   0.0   463   528   613   679   604   697 0.90 -
19276at50557_103372_0:000183|STRG.2592.1:318-2714|+ -            799 19276at50557         -            609    6e-246  816.8  38.6   3   3   1.4e-25   3.1e-22   77.9   0.0   527   609   706   797   699   797 0.91 -
19276at50557_103372_0:000183|STRG.2592.2:267-2663|+ -            799 19276at50557         -            609    6e-246  816.8  38.6   1   3  2.3e-203    5e-200  665.1  33.2     1   459    26   546    26   560 0.89 -
19276at50557_103372_0:000183|STRG.2592.2:267-2663|+ -            799 19276at50557         -            609    6e-246  816.8  38.6   2   3   1.3e-24   2.9e-21   74.7   0.0   463   528   613   679   604   697 0.90 -
19276at50557_103372_0:000183|STRG.2592.2:267-2663|+ -            799 19276at50557         -            609    6e-246  816.8  38.6   3   3   1.4e-25   3.1e-22   77.9   0.0   527   609   706   797   699   797 0.91 -
60694at50557_315563_0:000bf8|STRG.7941.1:167-6169|+ -           2001 19276at50557         -            609    0.0056   14.3   0.1   1   1   3.9e-06    0.0085   13.7   0.1   539   597   273   332   256   346 0.78 -
60694at50557_315563_0:000bf8|STRG.7941.2:167-6187|+ -           2007 19276at50557         -            609    0.0056   14.3   0.1   1   1   3.9e-06    0.0085   13.7   0.1   539   597   279   338   262   352 0.78 -
#
# Program:         hmmsearch
# Version:         3.4 (Aug 2023)
# Pipeline mode:   SEARCH
# Query file:      /data/projet1/projet_tutore/busco_downloads/lineages/insecta_odb10/hmms/19276at50557.hmm
# Target file:     annotation_analysis/annotation_gcf/T_zeteki/busco_output/run_insecta_odb10/metaeuk_output/initial_results/assembled_transcripts.fasta.modified.fas
# Option settings: hmmsearch --domtblout annotation_analysis/annotation_gcf/T_zeteki/busco_output/run_insecta_odb10/hmmer_output/initial_run_results/19276at50557.out --cpu 1 /data/projet1/projet_tutore/busco_downloads/lineages/insecta_odb10/hmms/19276at50557.hmm annotation_analysis/annotation_gcf/T_zeteki/busco_output/run_insecta_odb10/metaeuk_output/initial_results/assembled_transcripts.fasta.modified.fas 
# Current dir:     /data/projet1/projet_tutore
# Date:            Sun Dec  1 20:24:12 2024
# [ok]
