#                                                                                                              --- full sequence --- -------------- this domain -------------   hmm coord   ali coord   env coord
# target name                                          accession   tlen query name           accession   qlen   E-value  score  bias   #  of  c-Evalue  i-Evalue  score  bias  from    to  from    to  from    to  acc description of target
#                                  ------------------- ---------- ----- -------------------- ---------- ----- --------- ------ ----- --- --- --------- --------- ------ ----- ----- ----- ----- ----- ----- ----- ---- ---------------------
21787at50557_103372_0:002183|STRG.2965.1:224-3181|+    -            986 21787at50557         -            534  1.7e-251  834.8  13.6   1   3   5.7e-06    0.0011   16.9   0.3     6    52    46   118    41   146 0.63 -
21787at50557_103372_0:002183|STRG.2965.1:224-3181|+    -            986 21787at50557         -            534  1.7e-251  834.8  13.6   2   3   0.00048     0.097   10.6   0.0    71    94   387   410   380   424 0.78 -
21787at50557_103372_0:002183|STRG.2965.1:224-3181|+    -            986 21787at50557         -            534  1.7e-251  834.8  13.6   3   3  3.2e-243  6.5e-241  799.9   5.6    59   534   436   965   427   965 0.88 -
21787at50557_103372_0:002183|STRG.2965.2:224-3181|+    -            986 21787at50557         -            534  1.7e-251  834.8  13.6   1   3   5.7e-06    0.0011   16.9   0.3     6    52    46   118    41   146 0.63 -
21787at50557_103372_0:002183|STRG.2965.2:224-3181|+    -            986 21787at50557         -            534  1.7e-251  834.8  13.6   2   3   0.00048     0.097   10.6   0.0    71    94   387   410   380   424 0.78 -
21787at50557_103372_0:002183|STRG.2965.2:224-3181|+    -            986 21787at50557         -            534  1.7e-251  834.8  13.6   3   3  3.2e-243  6.5e-241  799.9   5.6    59   534   436   965   427   965 0.88 -
21787at50557_103372_0:002183|STRG.2965.3:224-3187|+    -            988 21787at50557         -            534  2.9e-249  827.5  13.3   1   3   5.7e-06    0.0011   16.9   0.3     6    52    46   118    41   146 0.63 -
21787at50557_103372_0:002183|STRG.2965.3:224-3187|+    -            988 21787at50557         -            534  2.9e-249  827.5  13.3   2   3   0.00028     0.055   11.4   0.0    70    95   386   411   348   432 0.80 -
21787at50557_103372_0:002183|STRG.2965.3:224-3187|+    -            988 21787at50557         -            534  2.9e-249  827.5  13.3   3   3  6.1e-241  1.2e-238  792.4   5.5    59   534   436   967   430   967 0.87 -
21787at50557_52612_0:002557|STRG.11278.1:5559-6365|+   -            269 21787at50557         -            534   1.6e-64  217.8   0.1   1   1     9e-67   1.8e-64  217.6   0.1   288   521    34   266     6   269 0.92 -
21787at50557_52612_0:002557|STRG.11278.2:3234-4040|+   -            269 21787at50557         -            534   1.6e-64  217.8   0.1   1   1     9e-67   1.8e-64  217.6   0.1   288   521    34   266     6   269 0.92 -
21787at50557_52612_0:002557|STRG.11278.3:4220-5026|+   -            269 21787at50557         -            534   1.6e-64  217.8   0.1   1   1     9e-67   1.8e-64  217.6   0.1   288   521    34   266     6   269 0.92 -
21787at50557_52612_0:002557|STRG.13706.2:1771-2508|+   -            246 21787at50557         -            534   1.9e-59  201.0   0.0   1   1   1.1e-61   2.2e-59  200.8   0.0   299   524    11   244     2   246 0.88 -
21787at50557_52612_0:002557|STRG.13706.3:2474-3211|+   -            246 21787at50557         -            534   1.9e-59  201.0   0.0   1   1   1.1e-61   2.2e-59  200.8   0.0   299   524    11   244     2   246 0.88 -
21787at50557_52612_0:002557|STRG.13706.5:2644-3381|+   -            246 21787at50557         -            534   1.9e-59  201.0   0.0   1   1   1.1e-61   2.2e-59  200.8   0.0   299   524    11   244     2   246 0.88 -
21787at50557_52612_0:002557|STRG.13706.9:2486-3223|+   -            246 21787at50557         -            534   1.9e-59  201.0   0.0   1   1   1.1e-61   2.2e-59  200.8   0.0   299   524    11   244     2   246 0.88 -
21787at50557_52612_0:002557|STRG.13706.1:540-1280|+    -            247 21787at50557         -            534   4.2e-59  199.9   0.0   1   1   2.4e-61   4.8e-59  199.7   0.0   299   524    11   245     2   247 0.89 -
21787at50557_52612_0:002557|STRG.13706.4:2486-3226|+   -            247 21787at50557         -            534   4.2e-59  199.9   0.0   1   1   2.4e-61   4.8e-59  199.7   0.0   299   524    11   245     2   247 0.89 -
21787at50557_52612_0:002557|STRG.13706.6:2102-2842|+   -            247 21787at50557         -            534   4.2e-59  199.9   0.0   1   1   2.4e-61   4.8e-59  199.7   0.0   299   524    11   245     2   247 0.89 -
21787at50557_52612_0:002557|STRG.13706.7:1966-2706|+   -            247 21787at50557         -            534   4.2e-59  199.9   0.0   1   1   2.4e-61   4.8e-59  199.7   0.0   299   524    11   245     2   247 0.89 -
21787at50557_52612_0:002557|STRG.13706.8:1746-2486|+   -            247 21787at50557         -            534   4.2e-59  199.9   0.0   1   1   2.4e-61   4.8e-59  199.7   0.0   299   524    11   245     2   247 0.89 -
21787at50557_123851_0:0009c4|STRG.10917.1:1486-2241|+  -            252 21787at50557         -            534   1.1e-55  188.7   0.1   1   1     7e-58   1.4e-55  188.3   0.1   297   524    13   252     4   252 0.86 -
21787at50557_123851_0:0009c4|STRG.10917.2:866-1621|+   -            252 21787at50557         -            534   1.1e-55  188.7   0.1   1   1     7e-58   1.4e-55  188.3   0.1   297   524    13   252     4   252 0.86 -
21787at50557_123851_0:0009c4|STRG.10917.3:947-1702|+   -            252 21787at50557         -            534   1.1e-55  188.7   0.1   1   1     7e-58   1.4e-55  188.3   0.1   297   524    13   252     4   252 0.86 -
21787at50557_133901_0:003c85|STRG.15383.1:1091-1942|+  -            284 21787at50557         -            534   3.2e-52  177.2   1.6   1   1   4.9e-54   9.8e-52  175.6   1.6   294   528     8   276     1   282 0.80 -
21787at50557_133901_0:003c85|STRG.15383.2:1004-1855|+  -            284 21787at50557         -            534   3.2e-52  177.2   1.6   1   1   4.9e-54   9.8e-52  175.6   1.6   294   528     8   276     1   282 0.80 -
21787at50557_123851_0:0009c4|STRG.2519.1:2349-3134|+   -            262 21787at50557         -            534   6.1e-51  172.9   0.1   1   1   3.5e-53     7e-51  172.8   0.1   292   524    19   250     5   261 0.87 -
21787at50557_123851_0:0009c4|STRG.2519.2:2422-3207|+   -            262 21787at50557         -            534   6.1e-51  172.9   0.1   1   1   3.5e-53     7e-51  172.8   0.1   292   524    19   250     5   261 0.87 -
21787at50557_123851_0:0009c4|STRG.2519.3:2021-2806|+   -            262 21787at50557         -            534   6.1e-51  172.9   0.1   1   1   3.5e-53     7e-51  172.8   0.1   292   524    19   250     5   261 0.87 -
21787at50557_123851_0:0009c4|STRG.2519.4:1977-2762|+   -            262 21787at50557         -            534   6.1e-51  172.9   0.1   1   1   3.5e-53     7e-51  172.8   0.1   292   524    19   250     5   261 0.87 -
21787at50557_123851_0:0009c4|STRG.2519.5:1953-2738|+   -            262 21787at50557         -            534   6.1e-51  172.9   0.1   1   1   3.5e-53     7e-51  172.8   0.1   292   524    19   250     5   261 0.87 -
21787at50557_307491_0:004719|STRG.14006.1:2881-3543|+  -            221 21787at50557         -            534   7.3e-50  169.4   0.1   1   1   4.4e-52   8.7e-50  169.1   0.1   300   515    11   221     3   221 0.94 -
21787at50557_123851_0:0009c4|STRG.7463.1:2643-3374|+   -            244 21787at50557         -            534   1.2e-49  168.7   0.4   1   1   6.9e-52   1.4e-49  168.5   0.4   288   518     9   235     3   244 0.90 -
21787at50557_123851_0:0009c4|STRG.7463.2:2139-2870|+   -            244 21787at50557         -            534   1.2e-49  168.7   0.4   1   1   6.9e-52   1.4e-49  168.5   0.4   288   518     9   235     3   244 0.90 -
21787at50557_123851_0:0009c4|STRG.7463.3:304-1035|+    -            244 21787at50557         -            534   1.2e-49  168.7   0.4   1   1   6.9e-52   1.4e-49  168.5   0.4   288   518     9   235     3   244 0.90 -
21787at50557_123851_0:0009c4|STRG.10848.1:3100-3930|+  -            277 21787at50557         -            534   1.6e-49  168.3   0.4   1   1   8.7e-52   1.7e-49  168.1   0.4   297   523    52   276     4   277 0.88 -
21787at50557_123851_0:0009c4|STRG.10848.2:829-1659|+   -            277 21787at50557         -            534   1.6e-49  168.3   0.4   1   1   8.7e-52   1.7e-49  168.1   0.4   297   523    52   276     4   277 0.88 -
21787at50557_56086_0:000f6d|STRG.16131.1:944-1675|+    -            244 21787at50557         -            534   1.1e-47  162.2   0.1   1   1   6.2e-50   1.2e-47  162.0   0.1   288   521     2   241     1   244 0.89 -
21787at50557_56086_0:000f6d|STRG.461.1:141-860|+       -            240 21787at50557         -            534   3.3e-45  154.0   0.0   1   1   1.8e-47   3.6e-45  153.9   0.0   288   521     4   239     1   240 0.88 -
21787at50557_1507135_0:00034b|STRG.11568.1:3319-4143|+ -            275 21787at50557         -            534   1.6e-43  148.5   0.6   1   1   8.9e-46   1.8e-43  148.3   0.6   294   521    49   272     6   275 0.85 -
21787at50557_1507135_0:00034b|STRG.11568.2:3314-4138|+ -            275 21787at50557         -            534   1.6e-43  148.5   0.6   1   1   8.9e-46   1.8e-43  148.3   0.6   294   521    49   272     6   275 0.85 -
21787at50557_1507135_0:00034b|STRG.11568.3:3274-4098|+ -            275 21787at50557         -            534   1.6e-43  148.5   0.6   1   1   8.9e-46   1.8e-43  148.3   0.6   294   521    49   272     6   275 0.85 -
21787at50557_1507135_0:00034b|STRG.11568.4:3274-4098|+ -            275 21787at50557         -            534   1.6e-43  148.5   0.6   1   1   8.9e-46   1.8e-43  148.3   0.6   294   521    49   272     6   275 0.85 -
21787at50557_1507135_0:00034b|STRG.11568.5:3274-4098|+ -            275 21787at50557         -            534   1.6e-43  148.5   0.6   1   1   8.9e-46   1.8e-43  148.3   0.6   294   521    49   272     6   275 0.85 -
21787at50557_1507135_0:00034b|STRG.11568.6:213-1037|+  -            275 21787at50557         -            534   1.6e-43  148.5   0.6   1   1   8.9e-46   1.8e-43  148.3   0.6   294   521    49   272     6   275 0.85 -
21787at50557_116153_0:00200a|STRG.11685.1:4166-5041|+  -            292 21787at50557         -            534   4.6e-42  143.7   0.0   1   1   2.6e-44   5.2e-42  143.5   0.0   289   521    57   291    36   292 0.87 -
21787at50557_307491_0:004719|STRG.4312.1:1229-1888|+   -            220 21787at50557         -            534   7.4e-40  136.4   0.0   1   1   4.2e-42   8.5e-40  136.2   0.0   299   518     7   220     2   220 0.94 -
21787at50557_307491_0:004719|STRG.4312.2:1111-1770|+   -            220 21787at50557         -            534   7.4e-40  136.4   0.0   1   1   4.2e-42   8.5e-40  136.2   0.0   299   518     7   220     2   220 0.94 -
21787at50557_307491_0:004719|STRG.6605.1:3009-3764|+   -            252 21787at50557         -            534   3.8e-23   81.2   0.2   1   1     2e-25     4e-23   81.1   0.2   296   478    39   220     4   252 0.81 -
136030at50557_103372_0:002306|STRG.3012.1:133-768|+    -            212 21787at50557         -            534     0.007   14.3   0.1   1   1   4.8e-05    0.0097   13.9   0.1    48   190    68   209    54   212 0.77 -
#
# Program:         hmmsearch
# Version:         3.4 (Aug 2023)
# Pipeline mode:   SEARCH
# Query file:      /data/projet1/projet_tutore/busco_downloads/lineages/insecta_odb10/hmms/21787at50557.hmm
# Target file:     annotation_analysis/annotation_gcf/T_zeteki/busco_output/run_insecta_odb10/metaeuk_output/initial_results/assembled_transcripts.fasta.modified.fas
# Option settings: hmmsearch --domtblout annotation_analysis/annotation_gcf/T_zeteki/busco_output/run_insecta_odb10/hmmer_output/initial_run_results/21787at50557.out --cpu 1 /data/projet1/projet_tutore/busco_downloads/lineages/insecta_odb10/hmms/21787at50557.hmm annotation_analysis/annotation_gcf/T_zeteki/busco_output/run_insecta_odb10/metaeuk_output/initial_results/assembled_transcripts.fasta.modified.fas 
# Current dir:     /data/projet1/projet_tutore
# Date:            Sun Dec  1 20:24:41 2024
# [ok]
