#                                                                                                              --- full sequence --- -------------- this domain -------------   hmm coord   ali coord   env coord
# target name                                          accession   tlen query name           accession   qlen   E-value  score  bias   #  of  c-Evalue  i-Evalue  score  bias  from    to  from    to  from    to  acc description of target
#                                  ------------------- ---------- ----- -------------------- ---------- ----- --------- ------ ----- --- --- --------- --------- ------ ----- ----- ----- ----- ----- ----- ----- ---- ---------------------
29312at50557_34720_0:0009c1|STRG.14062.1:95-2398|+     -            768 29312at50557         -            618         0 1110.9  10.0   1   2         0         0 1066.1   6.3    14   582    37   670    25   681 0.93 -
29312at50557_34720_0:0009c1|STRG.14062.1:95-2398|+     -            768 29312at50557         -            618         0 1110.9  10.0   2   2   5.2e-14   5.6e-12   43.6   0.1   563   611   678   726   669   731 0.89 -
18450at50557_144034_0:001371|STRG.8891.1:225-3314|+    -           1030 29312at50557         -            618  4.3e-145  483.2   1.2   1   2    0.0047       0.5    7.4   0.4    54    76   216   238   190   245 0.82 -
18450at50557_144034_0:001371|STRG.8891.1:225-3314|+    -           1030 29312at50557         -            618  4.3e-145  483.2   1.2   2   2    2e-144  2.2e-142  474.3   0.0   116   596   302   791   270   812 0.87 -
35385at50557_37001_0:001231|STRG.8754.1:638-1966|+     -            443 29312at50557         -            618  4.9e-121  403.8   0.0   1   1    5e-123  5.3e-121  403.7   0.0   137   549     7   433     1   443 0.93 -
35385at50557_37001_0:001231|STRG.8754.2:276-1604|+     -            443 29312at50557         -            618  4.9e-121  403.8   0.0   1   1    5e-123  5.3e-121  403.7   0.0   137   549     7   433     1   443 0.93 -
35385at50557_7370_0:001aad|STRG.7614.1:455-2416|+      -            654 29312at50557         -            618  1.4e-120  402.3   0.0   1   1  1.7e-122  1.8e-120  401.9   0.0   140   614    16   508     9   512 0.89 -
35385at50557_37001_0:001231|STRG.8753.4:335-1669|+     -            445 29312at50557         -            618  2.5e-120  401.5   0.0   1   1  2.7e-122    3e-120  401.2   0.0   140   560     8   442     3   445 0.93 -
35385at50557_7375_0:0001af|STRG.8753.5:311-3167|+      -            449 29312at50557         -            618  1.5e-119  398.9   0.0   1   1  1.6e-121  1.7e-119  398.7   0.0   140   556    16   446     7   449 0.93 -
35385at50557_37001_0:001231|STRG.8753.1:335-1666|+     -            444 29312at50557         -            618  2.4e-119  398.2   0.0   1   1  2.9e-121  3.1e-119  397.8   0.0   140   554     8   436     3   440 0.93 -
35385at50557_7375_0:0001af|STRG.11380.5:482-1801|+     -            440 29312at50557         -            618  6.5e-119  396.8   0.0   1   1  7.8e-121  8.4e-119  396.4   0.0   139   549     7   431     3   436 0.93 -
35385at50557_7375_0:0001af|STRG.11380.6:477-1796|+     -            440 29312at50557         -            618  6.5e-119  396.8   0.0   1   1  7.8e-121  8.4e-119  396.4   0.0   139   549     7   431     3   436 0.93 -
35385at50557_37001_0:001231|STRG.8753.3:335-2486|+     -            444 29312at50557         -            618  7.8e-119  396.5   0.0   1   1  9.2e-121  9.9e-119  396.2   0.0   140   554     8   436     3   440 0.93 -
35385at50557_7375_0:0001af|STRG.11380.1:823-2628|+     -            440 29312at50557         -            618  2.1e-118  395.1   0.0   1   1  2.5e-120  2.7e-118  394.8   0.0   139   549     7   431     3   436 0.93 -
35385at50557_37001_0:001231|STRG.8754.3:1676-2932|+    -            419 29312at50557         -            618  1.8e-115  385.4   0.0   1   1  1.8e-117    2e-115  385.3   0.0   157   549     3   409     1   419 0.93 -
35385at50557_7370_0:001aad|STRG.13463.1:1160-2437|+    -            426 29312at50557         -            618    1e-100  336.7   0.0   1   1  1.2e-102  1.3e-100  336.4   0.0   141   538     4   426     2   426 0.89 -
35385at50557_7370_0:001aad|STRG.13463.2:1130-2407|+    -            426 29312at50557         -            618    1e-100  336.7   0.0   1   1  1.2e-102  1.3e-100  336.4   0.0   141   538     4   426     2   426 0.89 -
35385at50557_7370_0:001aad|STRG.13463.3:1137-2414|+    -            426 29312at50557         -            618    1e-100  336.7   0.0   1   1  1.2e-102  1.3e-100  336.4   0.0   141   538     4   426     2   426 0.89 -
35385at50557_37001_0:001231|STRG.11380.2:823-1902|+    -            360 29312at50557         -            618  6.3e-100  334.1   0.0   1   1  6.9e-102  7.4e-100  333.8   0.0   139   478     7   360     3   360 0.92 -
35385at50557_37001_0:001231|STRG.11380.3:823-1902|+    -            360 29312at50557         -            618  6.3e-100  334.1   0.0   1   1  6.9e-102  7.4e-100  333.8   0.0   139   478     7   360     3   360 0.92 -
35385at50557_37001_0:001231|STRG.11380.4:447-1526|+    -            360 29312at50557         -            618  6.3e-100  334.1   0.0   1   1  6.9e-102  7.4e-100  333.8   0.0   139   478     7   360     3   360 0.92 -
35385at50557_37001_0:001231|STRG.11380.7:213-1292|+    -            360 29312at50557         -            618  6.3e-100  334.1   0.0   1   1  6.9e-102  7.4e-100  333.8   0.0   139   478     7   360     3   360 0.92 -
35385at50557_456900_0:001092|STRG.13922.1:146-2023|+   -            626 29312at50557         -            618   1.2e-95  319.9   0.0   1   1   1.7e-97   1.8e-95  319.3   0.0   136   551   140   574   124   598 0.89 -
35385at50557_456900_0:001092|STRG.13922.2:77-1954|+    -            626 29312at50557         -            618   1.2e-95  319.9   0.0   1   1   1.7e-97   1.8e-95  319.3   0.0   136   551   140   574   124   598 0.89 -
35385at50557_456900_0:001092|STRG.13922.3:35-1912|+    -            626 29312at50557         -            618   1.2e-95  319.9   0.0   1   1   1.7e-97   1.8e-95  319.3   0.0   136   551   140   574   124   598 0.89 -
35385at50557_37001_0:001231|STRG.15246.1:1011-2240|+   -            410 29312at50557         -            618   1.4e-92  309.8   0.0   1   2     7e-62   7.6e-60  201.7   0.0   164   356     2   198     1   205 0.94 -
35385at50557_37001_0:001231|STRG.15246.1:1011-2240|+   -            410 29312at50557         -            618   1.4e-92  309.8   0.0   2   2   5.4e-33   5.8e-31  106.3   0.0   357   525   226   402   214   409 0.90 -
35385at50557_37001_0:001231|STRG.15246.2:1008-2237|+   -            410 29312at50557         -            618   1.4e-92  309.8   0.0   1   2     7e-62   7.6e-60  201.7   0.0   164   356     2   198     1   205 0.94 -
35385at50557_37001_0:001231|STRG.15246.2:1008-2237|+   -            410 29312at50557         -            618   1.4e-92  309.8   0.0   2   2   5.4e-33   5.8e-31  106.3   0.0   357   525   226   402   214   409 0.90 -
35385at50557_35570_0:00290c|STRG.6237.1:1048-2292|+    -            415 29312at50557         -            618   3.6e-90  301.8   0.0   1   1   4.2e-92   4.5e-90  301.5   0.0   173   547     1   405     1   412 0.87 -
18450at50557_1155016_0:0026c2|STRG.14400.1:1004-2206|+ -            401 29312at50557         -            618   1.2e-85  286.8   0.0   1   1   1.3e-87   1.4e-85  286.7   0.0   169   543     1   399     1   401 0.88 -
43304at50557_568069_0:003ee6|STRG.1063.1:128-1432|+    -            435 29312at50557         -            618     9e-76  254.3   0.6   1   1     1e-77   1.1e-75  254.0   0.6   183   542    19   384     5   428 0.84 -
29312at50557_116153_0:001f21|STRG.754.1:597-1736|+     -            380 29312at50557         -            618   1.8e-71  240.1   0.4   1   1   1.9e-73     2e-71  239.9   0.4   183   535     2   367     1   380 0.88 -
65449at50557_29030_0:002ae7|STRG.9651.1:87-1244|+      -            386 29312at50557         -            618   2.8e-64  216.3   0.3   1   1   3.2e-66   3.4e-64  216.0   0.3   183   525     3   357     1   379 0.84 -
46658at50557_28612_0:0048c7|STRG.8031.1:173-1294|+     -            374 29312at50557         -            618   8.2e-64  214.8   0.0   1   1   1.1e-65   1.2e-63  214.3   0.0   184   523     8   356     2   365 0.86 -
46658at50557_28612_0:0048c7|STRG.8031.2:145-1266|+     -            374 29312at50557         -            618   8.2e-64  214.8   0.0   1   1   1.1e-65   1.2e-63  214.3   0.0   184   523     8   356     2   365 0.86 -
46658at50557_211228_0:001f32|STRG.2777.1:222-1316|+    -            365 29312at50557         -            618   7.6e-63  211.6   0.4   1   1   8.5e-65   9.1e-63  211.3   0.4   183   524     1   348     1   361 0.89 -
65449at50557_42026_0:002fbc|STRG.8663.1:610-1923|+     -            438 29312at50557         -            618   1.3e-59  200.9   0.0   1   1   1.6e-61   1.7e-59  200.5   0.0   193   516    11   347     1   367 0.82 -
65449at50557_42026_0:002fbc|STRG.8663.2:539-1852|+     -            438 29312at50557         -            618   1.3e-59  200.9   0.0   1   1   1.6e-61   1.7e-59  200.5   0.0   193   516    11   347     1   367 0.82 -
68043at50557_34720_0:001307|STRG.12248.1:138-1811|+    -            558 29312at50557         -            618   1.8e-58  197.1   0.1   1   1   2.2e-60   2.4e-58  196.7   0.1   150   558    97   523    85   554 0.84 -
65449at50557_7220_0:002055|STRG.3764.1:1212-3023|+     -            604 29312at50557         -            618   7.4e-58  195.1   1.7   1   4   1.8e-35     2e-33  114.4   0.0   201   356     5   163     1   190 0.92 -
65449at50557_7220_0:002055|STRG.3764.1:1212-3023|+     -            604 29312at50557         -            618   7.4e-58  195.1   1.7   2   4       3.9   4.2e+02   -2.3   0.5    57   113   169   224   161   244 0.65 -
65449at50557_7220_0:002055|STRG.3764.1:1212-3023|+     -            604 29312at50557         -            618   7.4e-58  195.1   1.7   3   4    0.0016      0.17    8.9   0.0   354   388   270   304   261   318 0.87 -
65449at50557_7220_0:002055|STRG.3764.1:1212-3023|+     -            604 29312at50557         -            618   7.4e-58  195.1   1.7   4   4   9.9e-22   1.1e-19   69.1   0.0   404   544   364   503   350   516 0.84 -
46658at50557_219809_0:0017ae|STRG.12806.1:520-1869|+   -            450 29312at50557         -            618   4.8e-57  192.4   0.1   1   1   5.9e-59   6.3e-57  192.0   0.1   181   531    61   415    42   432 0.87 -
46658at50557_219809_0:0017ae|STRG.12806.2:269-1618|+   -            450 29312at50557         -            618   4.8e-57  192.4   0.1   1   1   5.9e-59   6.3e-57  192.0   0.1   181   531    61   415    42   432 0.87 -
46658at50557_28612_0:0048c7|STRG.9911.1:199-1383|+     -            395 29312at50557         -            618   7.4e-57  191.8   0.2   1   1   8.5e-59   9.1e-57  191.5   0.2   171   540     6   385     3   393 0.84 -
46658at50557_28612_0:0048c7|STRG.9911.2:199-2549|+     -            395 29312at50557         -            618   7.4e-57  191.8   0.2   1   1   8.5e-59   9.1e-57  191.5   0.2   171   540     6   385     3   393 0.84 -
46658at50557_28612_0:0048c7|STRG.9911.3:271-1455|+     -            395 29312at50557         -            618   7.4e-57  191.8   0.2   1   1   8.5e-59   9.1e-57  191.5   0.2   171   540     6   385     3   393 0.84 -
65449at50557_88501_0:00074b|STRG.10693.3:172-4761|+    -           1392 29312at50557         -            618   1.3e-54  184.4   0.0   1   1   2.2e-56   2.3e-54  183.5   0.0   187   561    12   404     8   428 0.83 -
46658at50557_211228_0:001f32|STRG.12728.1:220-1293|+   -            358 29312at50557         -            618   1.6e-54  184.1   0.3   1   1   1.8e-56   1.9e-54  183.9   0.3   183   523     1   340     1   354 0.87 -
65449at50557_88501_0:00074b|STRG.10693.1:466-6337|+    -           1391 29312at50557         -            618   3.2e-54  183.1   0.0   1   1   5.5e-56   5.9e-54  182.2   0.0   187   561    12   403     8   427 0.83 -
43304at50557_34720_0:00174e|STRG.740.1:151-2355|+      -            735 29312at50557         -            618   1.9e-50  170.6   0.3   1   3     1e-13   1.1e-11   42.6   0.1   180   249   137   207   109   213 0.89 -
43304at50557_34720_0:00174e|STRG.740.1:151-2355|+      -            735 29312at50557         -            618   1.9e-50  170.6   0.3   2   3     4e-19   4.3e-17   60.5   0.0   257   355   256   357   244   380 0.85 -
43304at50557_34720_0:00174e|STRG.740.1:151-2355|+      -            735 29312at50557         -            618   1.9e-50  170.6   0.3   3   3     6e-20   6.4e-18   63.2   0.0   416   536   460   581   449   595 0.90 -
43304at50557_34720_0:00174e|STRG.740.2:83-2287|+       -            735 29312at50557         -            618   1.9e-50  170.6   0.3   1   3     1e-13   1.1e-11   42.6   0.1   180   249   137   207   109   213 0.89 -
43304at50557_34720_0:00174e|STRG.740.2:83-2287|+       -            735 29312at50557         -            618   1.9e-50  170.6   0.3   2   3     4e-19   4.3e-17   60.5   0.0   257   355   256   357   244   380 0.85 -
43304at50557_34720_0:00174e|STRG.740.2:83-2287|+       -            735 29312at50557         -            618   1.9e-50  170.6   0.3   3   3     6e-20   6.4e-18   63.2   0.0   416   536   460   581   449   595 0.90 -
25910at50557_103372_0:001a63|STRG.15108.1:0-2186|+     -            729 29312at50557         -            618     5e-50  169.2   0.0   1   3   1.2e-15   1.3e-13   49.0   0.1   181   261     2    83     1    97 0.90 -
25910at50557_103372_0:001a63|STRG.15108.1:0-2186|+     -            729 29312at50557         -            618     5e-50  169.2   0.0   2   3   7.9e-19   8.5e-17   59.5   0.0   253   401   285   446   277   452 0.82 -
25910at50557_103372_0:001a63|STRG.15108.1:0-2186|+     -            729 29312at50557         -            618     5e-50  169.2   0.0   3   3   4.1e-18   4.4e-16   57.1   0.0   416   520   506   614   466   656 0.90 -
65449at50557_217634_0:0037dd|STRG.11775.1:534-1582|+   -            331 29312at50557         -            618   7.1e-43  145.6   0.0   1   1   1.9e-44     2e-42  144.1   0.0   207   523     1   304     1   323 0.83 -
46658at50557_174628_0:001983|STRG.15911.1:552-1661|+   -            370 29312at50557         -            618   6.8e-42  142.4   0.1   1   1   7.5e-44   8.1e-42  142.1   0.1   186   535     4   364     1   368 0.85 -
46658at50557_174628_0:001983|STRG.15911.2:335-1444|+   -            370 29312at50557         -            618   6.8e-42  142.4   0.1   1   1   7.5e-44   8.1e-42  142.1   0.1   186   535     4   364     1   368 0.85 -
123578at50557_7168_0:0013fb|STRG.12649.1:394-1794|+    -            467 29312at50557         -            618   3.4e-41  140.1   0.1   1   1   1.4e-42   1.5e-40  137.9   0.1   180   510    71   428    21   434 0.81 -
65449at50557_7425_0:001950|STRG.11775.2:448-1376|+     -            301 29312at50557         -            618   3.1e-39  133.6   0.0   1   1   4.2e-41   4.5e-39  133.1   0.0   206   494     9   294     2   301 0.81 -
65449at50557_7425_0:001950|STRG.11775.3:420-1348|+     -            301 29312at50557         -            618   3.1e-39  133.6   0.0   1   1   4.2e-41   4.5e-39  133.1   0.0   206   494     9   294     2   301 0.81 -
41619at50557_211228_0:0019b4|STRG.15395.3:9-1521|+     -            497 29312at50557         -            618   6.3e-39  132.6   0.6   1   2     7e-33   7.5e-31  105.9   0.1   195   385     1   196     1   316 0.73 -
41619at50557_211228_0:0019b4|STRG.15395.3:9-1521|+     -            497 29312at50557         -            618   6.3e-39  132.6   0.6   2   2   1.6e-08   1.7e-06   25.5   0.1   474   563   318   405   286   428 0.77 -
41619at50557_34720_0:0004fb|STRG.15395.1:9-1574|+      -            522 29312at50557         -            618   2.9e-38  130.4   0.1   1   2   7.8e-33   8.4e-31  105.7   0.1   195   385     1   196     1   316 0.73 -
41619at50557_34720_0:0004fb|STRG.15395.1:9-1574|+      -            522 29312at50557         -            618   2.9e-38  130.4   0.1   2   2   1.3e-07   1.4e-05   22.4   0.0   474   534   318   378   299   386 0.88 -
41619at50557_91411_0:000658|STRG.15395.2:9-1720|+      -            499 29312at50557         -            618   1.3e-37  128.2   0.7   1   2   7.7e-31   8.3e-29   99.2   0.2   195   385     1   198     1   318 0.73 -
41619at50557_91411_0:000658|STRG.15395.2:9-1720|+      -            499 29312at50557         -            618   1.3e-37  128.2   0.7   2   2   3.7e-09     4e-07   27.5   0.1   474   556   320   402   298   419 0.89 -
65449at50557_7237_0:000776|STRG.2926.1:552-1829|+      -            426 29312at50557         -            618   3.1e-37  127.0   0.0   1   1   3.9e-39   4.2e-37  126.6   0.0   253   522     8   292     3   338 0.83 -
46658at50557_77166_0:001153|STRG.5046.1:107-1293|+     -            375 29312at50557         -            618   8.1e-34  115.7   0.0   1   2   1.2e-09   1.3e-07   29.1   0.1   183   271    17   100     6   112 0.81 -
46658at50557_77166_0:001153|STRG.5046.1:107-1293|+     -            375 29312at50557         -            618   8.1e-34  115.7   0.0   2   2   1.7e-26   1.8e-24   84.8   0.0   305   537   111   361    99   368 0.82 -
57791at50557_34720_0:001e64|STRG.639.2:98-2071|+       -            658 29312at50557         -            618   9.9e-27   92.3   9.7   1   3       2.2   2.4e+02   -1.5   4.0   424   471    63   110    60   144 0.83 -
57791at50557_34720_0:001e64|STRG.639.2:98-2071|+       -            658 29312at50557         -            618   9.9e-27   92.3   9.7   2   3   3.3e-13   3.6e-11   40.9   0.0   219   382   235   416   229   431 0.72 -
57791at50557_34720_0:001e64|STRG.639.2:98-2071|+       -            658 29312at50557         -            618   9.9e-27   92.3   9.7   3   3   3.2e-17   3.5e-15   54.2   0.4   433   547   495   609   464   654 0.77 -
29312at50557_1155016_0:000c58|STRG.9651.2:202-645|+    -            148 29312at50557         -            618   1.3e-21   75.4   0.4   1   1   1.4e-23   1.5e-21   75.2   0.4   413   525    25   138     9   145 0.87 -
46658at50557_168631_0:000a66|STRG.9911.2:2007-2549|+   -            181 29312at50557         -            618   1.8e-21   74.9   0.2   1   1   1.8e-23     2e-21   74.8   0.2   406   542    35   173     8   179 0.86 -
65449at50557_88501_0:00074b|STRG.10693.2:854-4609|+    -           1114 29312at50557         -            618   4.1e-15   53.9   0.0   1   1   6.8e-17   7.3e-15   53.1   0.0   438   561     4   126     1   150 0.83 -
41619at50557_121225_0:000d27|STRG.5565.1:654-1595|+    -            314 29312at50557         -            618   3.1e-11   41.1   0.0   1   1   4.1e-13   4.4e-11   40.6   0.0   202   451     9   285     4   295 0.78 -
19244at50557_116153_0:001e22|STRG.4780.1:200-1225|+    -            342 29312at50557         -            618   1.9e-08   31.9   0.0   1   2      0.98   1.1e+02   -0.3   0.0   207   242    10    46     7    51 0.79 -
19244at50557_116153_0:001e22|STRG.4780.1:200-1225|+    -            342 29312at50557         -            618   1.9e-08   31.9   0.0   2   2   1.4e-09   1.5e-07   28.9   0.0   419   510   243   335   231   340 0.92 -
65449at50557_103372_0:002494|STRG.10693.5:0-641|+      -            214 29312at50557         -            618   7.3e-07   26.7   0.0   1   1   8.8e-09   9.4e-07   26.3   0.0   475   563     2    90     1   113 0.80 -
19244at50557_7536_0:001656|STRG.4385.1:438-1562|+      -            375 29312at50557         -            618   9.8e-07   26.2   0.0   1   1   1.4e-08   1.5e-06   25.7   0.0   413   518   210   316   195   355 0.89 -
19244at50557_7536_0:001656|STRG.4385.2:438-1562|+      -            375 29312at50557         -            618   9.8e-07   26.2   0.0   1   1   1.4e-08   1.5e-06   25.7   0.0   413   518   210   316   195   355 0.89 -
19244at50557_7536_0:001656|STRG.4385.3:989-2113|+      -            375 29312at50557         -            618   9.8e-07   26.2   0.0   1   1   1.4e-08   1.5e-06   25.7   0.0   413   518   210   316   195   355 0.89 -
19244at50557_7536_0:001656|STRG.4385.4:438-1562|+      -            375 29312at50557         -            618   9.8e-07   26.2   0.0   1   1   1.4e-08   1.5e-06   25.7   0.0   413   518   210   316   195   355 0.89 -
68043at50557_7200_0:000154|STRG.6557.1:1437-2582|+     -            382 29312at50557         -            618     4e-06   24.2   0.2   1   2    0.0013      0.14    9.2   0.0   207   314     8   116     2   146 0.67 -
68043at50557_7200_0:000154|STRG.6557.1:1437-2582|+     -            382 29312at50557         -            618     4e-06   24.2   0.2   2   2   8.8e-05    0.0095   13.1   0.1   405   487   268   352   210   359 0.82 -
19244at50557_29053_0:002948|STRG.10400.1:1739-2926|+   -            396 29312at50557         -            618     1e-05   22.9   0.0   1   2         2   2.1e+02   -1.3   0.0   206   235     9    38     5    47 0.85 -
19244at50557_29053_0:002948|STRG.10400.1:1739-2926|+   -            396 29312at50557         -            618     1e-05   22.9   0.0   2   2   3.1e-07   3.3e-05   21.2   0.0   412   532   225   345   215   381 0.80 -
19244at50557_13037_0:00338e|STRG.15626.3:467-1915|+    -            483 29312at50557         -            618   0.00044   17.5   0.1   1   1   5.7e-06   0.00061   17.0   0.1   445   515    73   143    59   182 0.85 -
19244at50557_13037_0:00338e|STRG.15626.4:261-1709|+    -            483 29312at50557         -            618   0.00044   17.5   0.1   1   1   5.7e-06   0.00061   17.0   0.1   445   515    73   143    59   182 0.85 -
20404at50557_123851_0:0002fd|STRG.5439.1:2851-3402|+   -            184 29312at50557         -            618     0.017   12.2   0.0   1   1   0.00019      0.02   12.0   0.0   433   521    52   144    44   174 0.83 -
20404at50557_123851_0:0002fd|STRG.5439.2:6061-6612|+   -            184 29312at50557         -            618     0.017   12.2   0.0   1   1   0.00019      0.02   12.0   0.0   433   521    52   144    44   174 0.83 -
20404at50557_123851_0:0002fd|STRG.5439.3:6061-6612|+   -            184 29312at50557         -            618     0.017   12.2   0.0   1   1   0.00019      0.02   12.0   0.0   433   521    52   144    44   174 0.83 -
18575at50557_40932_0:001bb8|STRG.12362.1:528-2270|+    -            581 29312at50557         -            618     0.019   12.1   0.0   1   1   0.00031     0.033   11.3   0.0   418   493   252   333   245   340 0.78 -
18575at50557_40932_0:001bb8|STRG.12362.2:531-2273|+    -            581 29312at50557         -            618     0.019   12.1   0.0   1   1   0.00031     0.033   11.3   0.0   418   493   252   333   245   340 0.78 -
18575at50557_7004_0:00194b|STRG.12820.1:654-2921|+     -            756 29312at50557         -            618      0.03   11.4   0.1   1   2       5.4   5.8e+02   -2.7   0.0   212   242    19    50    11    56 0.75 -
18575at50557_7004_0:00194b|STRG.12820.1:654-2921|+     -            756 29312at50557         -            618      0.03   11.4   0.1   2   2   0.00071     0.076   10.1   0.1   419   488   441   510   417   541 0.87 -
18575at50557_7004_0:00194b|STRG.12820.2:665-2932|+     -            756 29312at50557         -            618      0.03   11.4   0.1   1   2       5.4   5.8e+02   -2.7   0.0   212   242    19    50    11    56 0.75 -
18575at50557_7004_0:00194b|STRG.12820.2:665-2932|+     -            756 29312at50557         -            618      0.03   11.4   0.1   2   2   0.00071     0.076   10.1   0.1   419   488   441   510   417   541 0.87 -
18575at50557_52612_0:001404|STRG.9831.2:214-1851|+     -            546 29312at50557         -            618     0.057   10.5   0.0   1   1   0.00074      0.08   10.0   0.0   442   490   257   305   212   353 0.81 -
#
# Program:         hmmsearch
# Version:         3.4 (Aug 2023)
# Pipeline mode:   SEARCH
# Query file:      /data/projet1/projet_tutore/busco_downloads/lineages/insecta_odb10/hmms/29312at50557.hmm
# Target file:     annotation_analysis/annotation_gcf/T_zeteki/busco_output/run_insecta_odb10/metaeuk_output/initial_results/assembled_transcripts.fasta.modified.fas
# Option settings: hmmsearch --domtblout annotation_analysis/annotation_gcf/T_zeteki/busco_output/run_insecta_odb10/hmmer_output/initial_run_results/29312at50557.out --cpu 1 /data/projet1/projet_tutore/busco_downloads/lineages/insecta_odb10/hmms/29312at50557.hmm annotation_analysis/annotation_gcf/T_zeteki/busco_output/run_insecta_odb10/metaeuk_output/initial_results/assembled_transcripts.fasta.modified.fas 
# Current dir:     /data/projet1/projet_tutore
# Date:            Sun Dec  1 20:25:29 2024
# [ok]
