#                                                                                                              --- full sequence --- -------------- this domain -------------   hmm coord   ali coord   env coord
# target name                                          accession   tlen query name           accession   qlen   E-value  score  bias   #  of  c-Evalue  i-Evalue  score  bias  from    to  from    to  from    to  acc description of target
#                                  ------------------- ---------- ----- -------------------- ---------- ----- --------- ------ ----- --- --- --------- --------- ------ ----- ----- ----- ----- ----- ----- ----- ---- ---------------------
32850at50557_103372_0:001251|STRG.11774.1:383-2743|+   -            787 32850at50557         -            623         0 1055.4  41.0   1   4  2.4e-235  1.9e-232  772.3  14.5     1   379     1   412     1   422 0.95 -
32850at50557_103372_0:001251|STRG.11774.1:383-2743|+   -            787 32850at50557         -            623         0 1055.4  41.0   2   4     0.072        58    1.0   0.0   372   391   433   452   414   458 0.78 -
32850at50557_103372_0:001251|STRG.11774.1:383-2743|+   -            787 32850at50557         -            623         0 1055.4  41.0   3   4   3.2e-21   2.6e-18   64.9   1.6   378   484   463   595   453   609 0.68 -
32850at50557_103372_0:001251|STRG.11774.1:383-2743|+   -            787 32850at50557         -            623         0 1055.4  41.0   4   4   6.9e-71   5.6e-68  229.0   8.0   459   623   603   773   585   773 0.87 -
32850at50557_103372_0:001251|STRG.11774.2:299-2659|+   -            787 32850at50557         -            623         0 1055.4  41.0   1   4  2.4e-235  1.9e-232  772.3  14.5     1   379     1   412     1   422 0.95 -
32850at50557_103372_0:001251|STRG.11774.2:299-2659|+   -            787 32850at50557         -            623         0 1055.4  41.0   2   4     0.072        58    1.0   0.0   372   391   433   452   414   458 0.78 -
32850at50557_103372_0:001251|STRG.11774.2:299-2659|+   -            787 32850at50557         -            623         0 1055.4  41.0   3   4   3.2e-21   2.6e-18   64.9   1.6   378   484   463   595   453   609 0.68 -
32850at50557_103372_0:001251|STRG.11774.2:299-2659|+   -            787 32850at50557         -            623         0 1055.4  41.0   4   4   6.9e-71   5.6e-68  229.0   8.0   459   623   603   773   585   773 0.87 -
32850at50557_307491_0:00115b|STRG.7969.1:247-1504|+    -            301 32850at50557         -            623   4.9e-75  252.3  27.9   1   5   2.4e-40     2e-37  128.1   9.1   109   183     1    77     1    79 0.96 -
32850at50557_307491_0:00115b|STRG.7969.1:247-1504|+    -            301 32850at50557         -            623   4.9e-75  252.3  27.9   2   5   1.3e-30     1e-27   96.0   4.6   222   287    78   143    76   144 0.98 -
32850at50557_307491_0:00115b|STRG.7969.1:247-1504|+    -            301 32850at50557         -            623   4.9e-75  252.3  27.9   3   5   1.6e-12   1.3e-09   36.2   0.0   334   379   143   197   142   207 0.83 -
32850at50557_307491_0:00115b|STRG.7969.1:247-1504|+    -            301 32850at50557         -            623   4.9e-75  252.3  27.9   4   5      0.02        16    2.8   0.0   372   391   218   237   198   247 0.78 -
32850at50557_307491_0:00115b|STRG.7969.1:247-1504|+    -            301 32850at50557         -            623   4.9e-75  252.3  27.9   5   5      0.24   1.9e+02   -0.7   0.0   381   413   265   297   231   300 0.45 -
32850at50557_307491_0:00115b|STRG.7969.2:196-1453|+    -            301 32850at50557         -            623   4.9e-75  252.3  27.9   1   5   2.4e-40     2e-37  128.1   9.1   109   183     1    77     1    79 0.96 -
32850at50557_307491_0:00115b|STRG.7969.2:196-1453|+    -            301 32850at50557         -            623   4.9e-75  252.3  27.9   2   5   1.3e-30     1e-27   96.0   4.6   222   287    78   143    76   144 0.98 -
32850at50557_307491_0:00115b|STRG.7969.2:196-1453|+    -            301 32850at50557         -            623   4.9e-75  252.3  27.9   3   5   1.6e-12   1.3e-09   36.2   0.0   334   379   143   197   142   207 0.83 -
32850at50557_307491_0:00115b|STRG.7969.2:196-1453|+    -            301 32850at50557         -            623   4.9e-75  252.3  27.9   4   5      0.02        16    2.8   0.0   372   391   218   237   198   247 0.78 -
32850at50557_307491_0:00115b|STRG.7969.2:196-1453|+    -            301 32850at50557         -            623   4.9e-75  252.3  27.9   5   5      0.24   1.9e+02   -0.7   0.0   381   413   265   297   231   300 0.45 -
32850at50557_307491_0:00115b|STRG.7969.3:248-1505|+    -            301 32850at50557         -            623   4.9e-75  252.3  27.9   1   5   2.4e-40     2e-37  128.1   9.1   109   183     1    77     1    79 0.96 -
32850at50557_307491_0:00115b|STRG.7969.3:248-1505|+    -            301 32850at50557         -            623   4.9e-75  252.3  27.9   2   5   1.3e-30     1e-27   96.0   4.6   222   287    78   143    76   144 0.98 -
32850at50557_307491_0:00115b|STRG.7969.3:248-1505|+    -            301 32850at50557         -            623   4.9e-75  252.3  27.9   3   5   1.6e-12   1.3e-09   36.2   0.0   334   379   143   197   142   207 0.83 -
32850at50557_307491_0:00115b|STRG.7969.3:248-1505|+    -            301 32850at50557         -            623   4.9e-75  252.3  27.9   4   5      0.02        16    2.8   0.0   372   391   218   237   198   247 0.78 -
32850at50557_307491_0:00115b|STRG.7969.3:248-1505|+    -            301 32850at50557         -            623   4.9e-75  252.3  27.9   5   5      0.24   1.9e+02   -0.7   0.0   381   413   265   297   231   300 0.45 -
32850at50557_168631_0:000ff4|STRG.34.1:0-266|+         -             89 32850at50557         -            623   9.5e-44  148.9   1.8   1   1   1.3e-46     1e-43  148.8   1.8   198   285     1    89     1    89 0.98 -
54056at50557_34720_0:000cf5|STRG.13126.3:568-2415|+    -            616 32850at50557         -            623   1.1e-18   66.1   8.6   1   2   2.4e-10   1.9e-07   29.0   0.4     6    74    83   153    81   155 0.90 -
54056at50557_34720_0:000cf5|STRG.13126.3:568-2415|+    -            616 32850at50557         -            623   1.1e-18   66.1   8.6   2   2   4.8e-14   3.8e-11   41.2   2.7    23   111   154   243   152   252 0.86 -
54056at50557_34720_0:000cf5|STRG.13126.1:343-2340|+    -            666 32850at50557         -            623   1.4e-18   65.8   8.6   1   2   2.6e-10   2.1e-07   28.9   0.4     6    74    46   116    44   118 0.90 -
54056at50557_34720_0:000cf5|STRG.13126.1:343-2340|+    -            666 32850at50557         -            623   1.4e-18   65.8   8.6   2   2   5.3e-14   4.3e-11   41.1   2.7    23   111   117   206   115   215 0.86 -
54056at50557_34720_0:000cf5|STRG.13126.2:583-2691|+    -            703 32850at50557         -            623   1.6e-18   65.6   8.6   1   2   2.8e-10   2.3e-07   28.8   0.4     6    74    83   153    81   155 0.90 -
54056at50557_34720_0:000cf5|STRG.13126.2:583-2691|+    -            703 32850at50557         -            623   1.6e-18   65.6   8.6   2   2   5.8e-14   4.6e-11   41.0   2.7    23   111   154   243   152   252 0.86 -
124342at50557_13686_0:001e21|STRG.765.1:173-721|+      -            183 32850at50557         -            623   0.00061   17.5   0.0   1   1   8.6e-07   0.00069   17.3   0.0   203   300    27   131    21   153 0.74 -
54056at50557_1218281_0:00254d|STRG.12587.1:1146-1556|+ -            137 32850at50557         -            623     0.031   11.8   4.1   1   2   0.00015      0.12    9.8   4.3    10    84     5    77     1   111 0.76 -
54056at50557_1218281_0:00254d|STRG.12587.1:1146-1556|+ -            137 32850at50557         -            623     0.031   11.8   4.1   2   2     0.015        12    3.3   0.3     8    73    56   124    50   136 0.79 -
#
# Program:         hmmsearch
# Version:         3.4 (Aug 2023)
# Pipeline mode:   SEARCH
# Query file:      /data/projet1/projet_tutore/busco_downloads/lineages/insecta_odb10/hmms/32850at50557.hmm
# Target file:     annotation_analysis/annotation_gcf/T_zeteki/busco_output/run_insecta_odb10/metaeuk_output/initial_results/assembled_transcripts.fasta.modified.fas
# Option settings: hmmsearch --domtblout annotation_analysis/annotation_gcf/T_zeteki/busco_output/run_insecta_odb10/hmmer_output/initial_run_results/32850at50557.out --cpu 1 /data/projet1/projet_tutore/busco_downloads/lineages/insecta_odb10/hmms/32850at50557.hmm annotation_analysis/annotation_gcf/T_zeteki/busco_output/run_insecta_odb10/metaeuk_output/initial_results/assembled_transcripts.fasta.modified.fas 
# Current dir:     /data/projet1/projet_tutore
# Date:            Sun Dec  1 20:25:47 2024
# [ok]
