#                                                                                                            --- full sequence --- -------------- this domain -------------   hmm coord   ali coord   env coord
# target name                                        accession   tlen query name           accession   qlen   E-value  score  bias   #  of  c-Evalue  i-Evalue  score  bias  from    to  from    to  from    to  acc description of target
#                                ------------------- ---------- ----- -------------------- ---------- ----- --------- ------ ----- --- --- --------- --------- ------ ----- ----- ----- ----- ----- ----- ----- ---- ---------------------
33226at50557_103372_0:0016ba|STRG.8578.1:406-1926|+  -            507 33226at50557         -            358  3.4e-196  650.3   2.9   1   1  3.5e-198  4.4e-195  646.6   2.9     6   358    90   480    87   480 0.94 -
33226at50557_166361_0:002ddf|STRG.16619.1:525-1565|+ -            347 33226at50557         -            358   3.6e-64  216.0   0.2   1   1   3.3e-67   4.1e-64  215.8   0.2    36   357     3   342     1   343 0.87 -
33226at50557_166361_0:002ddf|STRG.16619.2:915-1955|+ -            347 33226at50557         -            358   3.6e-64  216.0   0.2   1   1   3.3e-67   4.1e-64  215.8   0.2    36   357     3   342     1   343 0.87 -
33226at50557_166361_0:002ddf|STRG.16619.3:677-1663|+ -            329 33226at50557         -            358   2.5e-60  203.4   0.2   1   1   2.4e-63     3e-60  203.1   0.2    57   357    10   324     2   325 0.87 -
33226at50557_110193_0:001c1a|STRG.16619.4:677-1543|+ -            289 33226at50557         -            358     2e-55  187.2   0.3   1   1   1.9e-58   2.4e-55  187.0   0.3    57   324    10   289     2   289 0.87 -
33226at50557_7130_0:00146c|STRG.3571.1:485-1771|+    -            429 33226at50557         -            358   9.9e-48  161.9   1.0   1   1   1.4e-50   1.7e-47  161.1   0.9    47   356    87   424    69   426 0.84 -
33226at50557_110193_0:001c1a|STRG.3292.1:219-1118|+  -            300 33226at50557         -            358   1.9e-31  108.4   0.1   1   1   1.3e-32   1.6e-29  102.0   0.1    41   275    28   281     9   297 0.86 -
#
# Program:         hmmsearch
# Version:         3.4 (Aug 2023)
# Pipeline mode:   SEARCH
# Query file:      /data/projet1/projet_tutore/busco_downloads/lineages/insecta_odb10/hmms/33226at50557.hmm
# Target file:     annotation_analysis/annotation_gcf/T_zeteki/busco_output/run_insecta_odb10/metaeuk_output/initial_results/assembled_transcripts.fasta.modified.fas
# Option settings: hmmsearch --domtblout annotation_analysis/annotation_gcf/T_zeteki/busco_output/run_insecta_odb10/hmmer_output/initial_run_results/33226at50557.out --cpu 1 /data/projet1/projet_tutore/busco_downloads/lineages/insecta_odb10/hmms/33226at50557.hmm annotation_analysis/annotation_gcf/T_zeteki/busco_output/run_insecta_odb10/metaeuk_output/initial_results/assembled_transcripts.fasta.modified.fas 
# Current dir:     /data/projet1/projet_tutore
# Date:            Sun Dec  1 20:25:50 2024
# [ok]
