#                                                                                                             --- full sequence --- -------------- this domain -------------   hmm coord   ali coord   env coord
# target name                                         accession   tlen query name           accession   qlen   E-value  score  bias   #  of  c-Evalue  i-Evalue  score  bias  from    to  from    to  from    to  acc description of target
#                                 ------------------- ---------- ----- -------------------- ---------- ----- --------- ------ ----- --- --- --------- --------- ------ ----- ----- ----- ----- ----- ----- ----- ---- ---------------------
39392at50557_103372_0:000839|STRG.2737.1:362-1975|+   -            538 39392at50557         -            462  5.2e-224  743.2   0.9   1   1  3.1e-226  1.7e-223  741.5   0.9     1   462     1   538     1   538 0.92 -
39392at50557_103372_0:000839|STRG.2737.3:396-2027|+   -            538 39392at50557         -            462  5.2e-224  743.2   0.9   1   1  3.1e-226  1.7e-223  741.5   0.9     1   462     1   538     1   538 0.92 -
39392at50557_103372_0:000839|STRG.2737.4:159-1772|+   -            538 39392at50557         -            462  5.2e-224  743.2   0.9   1   1  3.1e-226  1.7e-223  741.5   0.9     1   462     1   538     1   538 0.92 -
39392at50557_7070_0:000e0a|STRG.2737.2:225-1827|+     -            532 39392at50557         -            462  1.8e-218  724.9   0.9   1   1  1.1e-220    6e-218  723.2   0.9     1   460     1   532     1   532 0.91 -
39392at50557_1507135_0:0018f8|STRG.2737.2:1135-1833|+ -            233 39392at50557         -            462   5.1e-82  275.0   0.1   1   1   4.1e-84   2.3e-81  272.9   0.1   271   462     1   233     1   233 0.88 -
101448at50557_456900_0:0024dd|STRG.16538.1:87-1085|+  -            333 39392at50557         -            462   8.9e-35  119.3   0.1   1   2   5.8e-32   3.2e-29  101.0   0.0    14   184    14   182     4   263 0.87 -
101448at50557_456900_0:0024dd|STRG.16538.1:87-1085|+  -            333 39392at50557         -            462   8.9e-35  119.3   0.1   2   2   1.9e-06    0.0011   16.8   0.0   396   456   264   325   227   331 0.75 -
101448at50557_568069_0:002eb6|STRG.10285.1:887-2020|+ -            378 39392at50557         -            462   3.6e-22   77.7   0.0   1   2   3.6e-21     2e-18   65.4   0.0    18   179     8   165     4   173 0.90 -
101448at50557_568069_0:002eb6|STRG.10285.1:887-2020|+ -            378 39392at50557         -            462   3.6e-22   77.7   0.0   2   2   0.00018       0.1   10.3   0.0   406   452   332   378   317   378 0.89 -
53261at50557_520822_0:0000dd|STRG.7626.1:26-1987|+    -            654 39392at50557         -            462   5.4e-17   60.7   0.1   1   1   1.6e-19   8.7e-17   60.0   0.1    33   168    17   152     9   167 0.86 -
60951at50557_29031_0:002586|STRG.11081.1:247-1533|+   -            429 39392at50557         -            462   3.9e-12   44.7   0.7   1   2   7.3e-14     4e-11   41.3   0.0    30   133    33   134    29   186 0.82 -
60951at50557_29031_0:002586|STRG.11081.1:247-1533|+   -            429 39392at50557         -            462   3.9e-12   44.7   0.7   2   2     0.082        45    1.6   0.1   418   453   280   315   269   325 0.85 -
60951at50557_29031_0:002586|STRG.11081.2:150-1436|+   -            429 39392at50557         -            462   3.9e-12   44.7   0.7   1   2   7.3e-14     4e-11   41.3   0.0    30   133    33   134    29   186 0.82 -
60951at50557_29031_0:002586|STRG.11081.2:150-1436|+   -            429 39392at50557         -            462   3.9e-12   44.7   0.7   2   2     0.082        45    1.6   0.1   418   453   280   315   269   325 0.85 -
60951at50557_29031_0:002586|STRG.11081.3:214-1500|+   -            429 39392at50557         -            462   3.9e-12   44.7   0.7   1   2   7.3e-14     4e-11   41.3   0.0    30   133    33   134    29   186 0.82 -
60951at50557_29031_0:002586|STRG.11081.3:214-1500|+   -            429 39392at50557         -            462   3.9e-12   44.7   0.7   2   2     0.082        45    1.6   0.1   418   453   280   315   269   325 0.85 -
60951at50557_29031_0:002586|STRG.11081.4:329-1615|+   -            429 39392at50557         -            462   3.9e-12   44.7   0.7   1   2   7.3e-14     4e-11   41.3   0.0    30   133    33   134    29   186 0.82 -
60951at50557_29031_0:002586|STRG.11081.4:329-1615|+   -            429 39392at50557         -            462   3.9e-12   44.7   0.7   2   2     0.082        45    1.6   0.1   418   453   280   315   269   325 0.85 -
90208at50557_83485_0:0007ad|STRG.16835.2:122-934|+    -            271 39392at50557         -            462   1.2e-09   36.4   0.1   1   1     3e-12   1.7e-09   36.0   0.1    13   137    33   158    13   190 0.82 -
53261at50557_34740_0:000601|STRG.10285.1:2105-3718|+  -            538 39392at50557         -            462   3.6e-08   31.6   0.0   1   1   9.4e-11   5.2e-08   31.0   0.0    26   131     3   115     1   173 0.74 -
90208at50557_83485_0:0007ad|STRG.16835.1:335-991|+    -            219 39392at50557         -            462     5e-06   24.5   0.1   1   1   1.1e-08     6e-06   24.2   0.1    33   138     3   107     1   138 0.80 -
90208at50557_103372_0:00186f|STRG.8256.1:294-1475|+   -            394 39392at50557         -            462   0.00055   17.8   0.2   1   1   1.8e-06   0.00099   16.9   0.2    36   126    68   157    60   165 0.87 -
#
# Program:         hmmsearch
# Version:         3.4 (Aug 2023)
# Pipeline mode:   SEARCH
# Query file:      /data/projet1/projet_tutore/busco_downloads/lineages/insecta_odb10/hmms/39392at50557.hmm
# Target file:     annotation_analysis/annotation_gcf/T_zeteki/busco_output/run_insecta_odb10/metaeuk_output/initial_results/assembled_transcripts.fasta.modified.fas
# Option settings: hmmsearch --domtblout annotation_analysis/annotation_gcf/T_zeteki/busco_output/run_insecta_odb10/hmmer_output/initial_run_results/39392at50557.out --cpu 1 /data/projet1/projet_tutore/busco_downloads/lineages/insecta_odb10/hmms/39392at50557.hmm annotation_analysis/annotation_gcf/T_zeteki/busco_output/run_insecta_odb10/metaeuk_output/initial_results/assembled_transcripts.fasta.modified.fas 
# Current dir:     /data/projet1/projet_tutore
# Date:            Sun Dec  1 20:26:16 2024
# [ok]
