#                                                                                                              --- full sequence --- -------------- this domain -------------   hmm coord   ali coord   env coord
# target name                                          accession   tlen query name           accession   qlen   E-value  score  bias   #  of  c-Evalue  i-Evalue  score  bias  from    to  from    to  from    to  acc description of target
#                                  ------------------- ---------- ----- -------------------- ---------- ----- --------- ------ ----- --- --- --------- --------- ------ ----- ----- ----- ----- ----- ----- ----- ---- ---------------------
41272at50557_103372_0:002277|STRG.9078.1:1-1848|+      -            616 41272at50557         -            282  3.3e-157  521.1  16.0   1   2     9e-78   1.5e-75  253.2   6.9     1   120   277   397   277   403 0.97 -
41272at50557_103372_0:002277|STRG.9078.1:1-1848|+      -            616 41272at50557         -            282  3.3e-157  521.1  16.0   2   2   9.5e-84   1.5e-81  272.8   1.7   118   282   419   610   415   610 0.93 -
41272at50557_103372_0:002277|STRG.9078.2:1-1863|+      -            621 41272at50557         -            282  3.4e-157  521.0  16.0   1   2   9.1e-78   1.5e-75  253.2   6.9     1   120   282   402   282   408 0.97 -
41272at50557_103372_0:002277|STRG.9078.2:1-1863|+      -            621 41272at50557         -            282  3.4e-157  521.0  16.0   2   2   9.6e-84   1.6e-81  272.8   1.7   118   282   424   615   420   615 0.93 -
41390at50557_224129_0:001af6|STRG.14183.1:650-1582|+   -            311 41272at50557         -            282   7.7e-39  132.7   2.8   1   1   6.8e-41   1.1e-38  132.2   2.8     5   281     1   310     1   311 0.75 -
41390at50557_224129_0:001af6|STRG.14183.2:812-1744|+   -            311 41272at50557         -            282   7.7e-39  132.7   2.8   1   1   6.8e-41   1.1e-38  132.2   2.8     5   281     1   310     1   311 0.75 -
41390at50557_224129_0:001af6|STRG.14183.3:788-1720|+   -            311 41272at50557         -            282   7.7e-39  132.7   2.8   1   1   6.8e-41   1.1e-38  132.2   2.8     5   281     1   310     1   311 0.75 -
41390at50557_224129_0:001af6|STRG.14183.4:807-1739|+   -            311 41272at50557         -            282   7.7e-39  132.7   2.8   1   1   6.8e-41   1.1e-38  132.2   2.8     5   281     1   310     1   311 0.75 -
41390at50557_224129_0:001af6|STRG.14183.5:818-1750|+   -            311 41272at50557         -            282   7.7e-39  132.7   2.8   1   1   6.8e-41   1.1e-38  132.2   2.8     5   281     1   310     1   311 0.75 -
41272at50557_7168_0:002795|STRG.2569.1:2481-3917|+     -            479 41272at50557         -            282   3.7e-36  123.9   5.7   1   2   2.4e-29   3.9e-27   94.3   6.4     6   119    64   177    59   182 0.84 -
41272at50557_7168_0:002795|STRG.2569.1:2481-3917|+     -            479 41272at50557         -            282   3.7e-36  123.9   5.7   2   2   9.4e-09   1.5e-06   26.7   0.0    97   242   267   426   247   475 0.78 -
30308at50557_56086_0:003353|STRG.14882.6:360-1376|+    -            339 41272at50557         -            282     4e-34  117.2   6.8   1   1   6.8e-36   1.1e-33  115.8   6.8     2   242    16   288    15   339 0.73 -
30308at50557_56086_0:003353|STRG.14882.7:492-1508|+    -            339 41272at50557         -            282     4e-34  117.2   6.8   1   1   6.8e-36   1.1e-33  115.8   6.8     2   242    16   288    15   339 0.73 -
30308at50557_7536_0:001a28|STRG.14882.4:622-1581|+     -            320 41272at50557         -            282   4.3e-33  113.8   5.7   1   1   7.5e-35   1.2e-32  112.4   5.7     6   242     1   269     1   320 0.73 -
30308at50557_1049336_0:00175e|STRG.14125.3:673-2105|+  -            314 41272at50557         -            282     5e-32  110.4  13.1   1   2   5.7e-33   9.3e-31  106.2   8.3     4    87    32   115    30   120 0.97 -
30308at50557_1049336_0:00175e|STRG.14125.3:673-2105|+  -            314 41272at50557         -            282     5e-32  110.4  13.1   2   2     0.011       1.8    6.8   0.2   147   281   153   313   134   314 0.64 -
30308at50557_1049336_0:00175e|STRG.14125.4:2912-4344|+ -            314 41272at50557         -            282     5e-32  110.4  13.1   1   2   5.7e-33   9.3e-31  106.2   8.3     4    87    32   115    30   120 0.97 -
30308at50557_1049336_0:00175e|STRG.14125.4:2912-4344|+ -            314 41272at50557         -            282     5e-32  110.4  13.1   2   2     0.011       1.8    6.8   0.2   147   281   153   313   134   314 0.64 -
30308at50557_1049336_0:00175e|STRG.14125.5:2747-4179|+ -            314 41272at50557         -            282     5e-32  110.4  13.1   1   2   5.7e-33   9.3e-31  106.2   8.3     4    87    32   115    30   120 0.97 -
30308at50557_1049336_0:00175e|STRG.14125.5:2747-4179|+ -            314 41272at50557         -            282     5e-32  110.4  13.1   2   2     0.011       1.8    6.8   0.2   147   281   153   313   134   314 0.64 -
30308at50557_1049336_0:00175e|STRG.14125.1:931-2336|+  -            305 41272at50557         -            282   1.4e-31  108.9  12.7   1   2   5.4e-33   8.9e-31  106.3   8.3     4    87    32   115    30   120 0.97 -
30308at50557_1049336_0:00175e|STRG.14125.1:931-2336|+  -            305 41272at50557         -            282   1.4e-31  108.9  12.7   2   2     0.045       7.4    4.8   0.1   147   261   153   293   134   302 0.61 -
61616at50557_45779_0:001426|STRG.978.2:162-1160|+      -            333 41272at50557         -            282   1.4e-31  108.9  11.8   1   2     5e-27   8.2e-25   86.7   5.6     5    80     4    79     1   106 0.90 -
61616at50557_45779_0:001426|STRG.978.2:162-1160|+      -            333 41272at50557         -            282   1.4e-31  108.9  11.8   2   2   1.8e-08   2.9e-06   25.8   0.4   193   281   231   333   151   333 0.84 -
61616at50557_7070_0:00224e|STRG.978.1:162-1169|+       -            336 41272at50557         -            282   1.6e-31  108.7  11.3   1   2   5.2e-27   8.6e-25   86.6   5.1     5    91     4    86     1   113 0.89 -
61616at50557_7070_0:00224e|STRG.978.1:162-1169|+       -            336 41272at50557         -            282   1.6e-31  108.7  11.3   2   2   1.8e-08     3e-06   25.8   0.4   193   281   234   336   154   336 0.84 -
30308at50557_79782_0:000d54|STRG.14882.1:538-1593|+    -            352 41272at50557         -            282   2.3e-31  108.2  12.4   1   2   6.9e-31   1.1e-28   99.4   8.3     2    88    14   100    13   133 0.88 -
30308at50557_79782_0:000d54|STRG.14882.1:538-1593|+    -            352 41272at50557         -            282   2.3e-31  108.2  12.4   2   2   0.00064       0.1   10.9   0.1   121   242   164   301   144   352 0.67 -
30308at50557_7536_0:001a28|STRG.14882.5:622-1608|+     -            329 41272at50557         -            282   1.6e-30  105.5  10.9   1   1   4.8e-31   7.8e-29   99.9  10.9     6   242     1   278     1   329 0.66 -
41390at50557_224129_0:001af6|STRG.2496.1:480-1490|+    -            337 41272at50557         -            282   1.7e-30  105.4  13.3   1   2   4.9e-26     8e-24   83.5   9.3     4   119     3   129     1   135 0.76 -
41390at50557_224129_0:001af6|STRG.2496.1:480-1490|+    -            337 41272at50557         -            282   1.7e-30  105.4  13.3   2   2   6.8e-08   1.1e-05   23.9   0.1   120   242   173   313   167   337 0.68 -
30308at50557_56086_0:003353|STRG.14882.2:622-1626|+    -            335 41272at50557         -            282   2.4e-30  104.9  11.2   1   1   1.4e-29   2.2e-27   95.1  11.2     6   181     1   213     1   335 0.59 -
30308at50557_56086_0:003353|STRG.14882.3:402-1406|+    -            335 41272at50557         -            282   2.4e-30  104.9  11.2   1   1   1.4e-29   2.2e-27   95.1  11.2     6   181     1   213     1   335 0.59 -
41390at50557_34720_0:001bf7|STRG.13234.2:116-1675|+    -            520 41272at50557         -            282   4.5e-29  100.7   9.2   1   2   5.7e-27   9.3e-25   86.5   6.0     4    77   121   194   119   222 0.93 -
41390at50557_34720_0:001bf7|STRG.13234.2:116-1675|+    -            520 41272at50557         -            282   4.5e-29  100.7   9.2   2   2   3.8e-05    0.0062   14.9   0.1   190   276   405   500   390   506 0.81 -
41272at50557_79782_0:001a9e|STRG.15944.1:971-2092|+    -            374 41272at50557         -            282   4.5e-29  100.7  15.1   1   2   6.2e-21     1e-18   66.7  10.1     4    93     8    99     5   110 0.82 -
41272at50557_79782_0:001a9e|STRG.15944.1:971-2092|+    -            374 41272at50557         -            282   4.5e-29  100.7  15.1   2   2   9.1e-12   1.5e-09   36.6   0.2   125   268   202   372   166   374 0.78 -
41272at50557_79782_0:001a9e|STRG.15944.2:1381-2502|+   -            374 41272at50557         -            282   4.5e-29  100.7  15.1   1   2   6.2e-21     1e-18   66.7  10.1     4    93     8    99     5   110 0.82 -
41272at50557_79782_0:001a9e|STRG.15944.2:1381-2502|+   -            374 41272at50557         -            282   4.5e-29  100.7  15.1   2   2   9.1e-12   1.5e-09   36.6   0.2   125   268   202   372   166   374 0.78 -
41272at50557_79782_0:001a9e|STRG.15944.3:339-1460|+    -            374 41272at50557         -            282   4.5e-29  100.7  15.1   1   2   6.2e-21     1e-18   66.7  10.1     4    93     8    99     5   110 0.82 -
41272at50557_79782_0:001a9e|STRG.15944.3:339-1460|+    -            374 41272at50557         -            282   4.5e-29  100.7  15.1   2   2   9.1e-12   1.5e-09   36.6   0.2   125   268   202   372   166   374 0.78 -
41272at50557_79782_0:001a9e|STRG.15944.4:744-1865|+    -            374 41272at50557         -            282   4.5e-29  100.7  15.1   1   2   6.2e-21     1e-18   66.7  10.1     4    93     8    99     5   110 0.82 -
41272at50557_79782_0:001a9e|STRG.15944.4:744-1865|+    -            374 41272at50557         -            282   4.5e-29  100.7  15.1   2   2   9.1e-12   1.5e-09   36.6   0.2   125   268   202   372   166   374 0.78 -
41272at50557_79782_0:001a9e|STRG.15944.5:676-1797|+    -            374 41272at50557         -            282   4.5e-29  100.7  15.1   1   2   6.2e-21     1e-18   66.7  10.1     4    93     8    99     5   110 0.82 -
41272at50557_79782_0:001a9e|STRG.15944.5:676-1797|+    -            374 41272at50557         -            282   4.5e-29  100.7  15.1   2   2   9.1e-12   1.5e-09   36.6   0.2   125   268   202   372   166   374 0.78 -
41272at50557_79782_0:001a9e|STRG.15944.6:723-1844|+    -            374 41272at50557         -            282   4.5e-29  100.7  15.1   1   2   6.2e-21     1e-18   66.7  10.1     4    93     8    99     5   110 0.82 -
41272at50557_79782_0:001a9e|STRG.15944.6:723-1844|+    -            374 41272at50557         -            282   4.5e-29  100.7  15.1   2   2   9.1e-12   1.5e-09   36.6   0.2   125   268   202   372   166   374 0.78 -
41272at50557_79782_0:001a9e|STRG.15944.7:649-1770|+    -            374 41272at50557         -            282   4.5e-29  100.7  15.1   1   2   6.2e-21     1e-18   66.7  10.1     4    93     8    99     5   110 0.82 -
41272at50557_79782_0:001a9e|STRG.15944.7:649-1770|+    -            374 41272at50557         -            282   4.5e-29  100.7  15.1   2   2   9.1e-12   1.5e-09   36.6   0.2   125   268   202   372   166   374 0.78 -
41390at50557_34720_0:001bf7|STRG.13234.3:49-1686|+     -            546 41272at50557         -            282   5.2e-29  100.5   9.2   1   2   6.1e-27     1e-24   86.4   6.0     4    77   147   220   145   248 0.93 -
41390at50557_34720_0:001bf7|STRG.13234.3:49-1686|+     -            546 41272at50557         -            282   5.2e-29  100.5   9.2   2   2   4.1e-05    0.0067   14.8   0.1   190   276   431   526   416   532 0.81 -
41390at50557_34720_0:001bf7|STRG.13234.4:746-2383|+    -            546 41272at50557         -            282   5.2e-29  100.5   9.2   1   2   6.1e-27     1e-24   86.4   6.0     4    77   147   220   145   248 0.93 -
41390at50557_34720_0:001bf7|STRG.13234.4:746-2383|+    -            546 41272at50557         -            282   5.2e-29  100.5   9.2   2   2   4.1e-05    0.0067   14.8   0.1   190   276   431   526   416   532 0.81 -
41390at50557_34720_0:001bf7|STRG.13234.7:56-1693|+     -            546 41272at50557         -            282   5.2e-29  100.5   9.2   1   2   6.1e-27     1e-24   86.4   6.0     4    77   147   220   145   248 0.93 -
41390at50557_34720_0:001bf7|STRG.13234.7:56-1693|+     -            546 41272at50557         -            282   5.2e-29  100.5   9.2   2   2   4.1e-05    0.0067   14.8   0.1   190   276   431   526   416   532 0.81 -
41390at50557_34720_0:001bf7|STRG.13234.5:212-1858|+    -            549 41272at50557         -            282   5.3e-29  100.4   9.2   1   2   6.2e-27     1e-24   86.4   6.0     4    77   150   223   148   251 0.93 -
41390at50557_34720_0:001bf7|STRG.13234.5:212-1858|+    -            549 41272at50557         -            282   5.3e-29  100.4   9.2   2   2   4.2e-05    0.0068   14.8   0.1   190   276   434   529   419   535 0.81 -
41390at50557_34720_0:001bf7|STRG.13234.6:48-1733|+     -            562 41272at50557         -            282   5.7e-29  100.3   9.2   1   2   6.4e-27     1e-24   86.3   6.0     4    77   163   236   161   264 0.93 -
41390at50557_34720_0:001bf7|STRG.13234.6:48-1733|+     -            562 41272at50557         -            282   5.7e-29  100.3   9.2   2   2   4.3e-05     0.007   14.7   0.1   190   276   447   542   432   548 0.81 -
41390at50557_34720_0:001bf7|STRG.13234.1:116-1810|+    -            565 41272at50557         -            282   5.8e-29  100.3   9.2   1   2   6.4e-27   1.1e-24   86.3   6.0     4    77   166   239   164   267 0.93 -
41390at50557_34720_0:001bf7|STRG.13234.1:116-1810|+    -            565 41272at50557         -            282   5.8e-29  100.3   9.2   2   2   4.4e-05    0.0071   14.7   0.1   190   276   450   545   435   551 0.81 -
41390at50557_224129_0:001af6|STRG.5805.8:1248-2546|+   -            433 41272at50557         -            282   1.4e-28   99.1  10.2   1   2   4.3e-25   7.1e-23   80.3   7.0     6    81    14    89    10   131 0.86 -
41390at50557_224129_0:001af6|STRG.5805.8:1248-2546|+   -            433 41272at50557         -            282   1.4e-28   99.1  10.2   2   2   1.4e-06   0.00023   19.6   0.1   125   171   271   320   235   338 0.85 -
41390at50557_224129_0:001af6|STRG.5805.9:1186-2484|+   -            433 41272at50557         -            282   1.4e-28   99.1  10.2   1   2   4.3e-25   7.1e-23   80.3   7.0     6    81    14    89    10   131 0.86 -
41390at50557_224129_0:001af6|STRG.5805.9:1186-2484|+   -            433 41272at50557         -            282   1.4e-28   99.1  10.2   2   2   1.4e-06   0.00023   19.6   0.1   125   171   271   320   235   338 0.85 -
41390at50557_224129_0:001af6|STRG.5805.3:1363-2622|+   -            420 41272at50557         -            282   5.3e-28   97.2  11.5   1   2   1.6e-24   2.6e-22   78.5   8.3     6    81     1    76     1   118 0.86 -
41390at50557_224129_0:001af6|STRG.5805.3:1363-2622|+   -            420 41272at50557         -            282   5.3e-28   97.2  11.5   2   2   1.3e-06   0.00022   19.7   0.1   125   171   258   307   222   325 0.85 -
41390at50557_224129_0:001af6|STRG.5805.7:151-1410|+    -            420 41272at50557         -            282   5.3e-28   97.2  11.5   1   2   1.6e-24   2.6e-22   78.5   8.3     6    81     1    76     1   118 0.86 -
41390at50557_224129_0:001af6|STRG.5805.7:151-1410|+    -            420 41272at50557         -            282   5.3e-28   97.2  11.5   2   2   1.3e-06   0.00022   19.7   0.1   125   171   258   307   222   325 0.85 -
41390at50557_224129_0:001af6|STRG.16269.1:1183-2202|+  -            340 41272at50557         -            282   1.3e-27   95.9  13.0   1   2   6.7e-27   1.1e-24   86.3   9.5     4   107     1   103     1   120 0.81 -
41390at50557_224129_0:001af6|STRG.16269.1:1183-2202|+  -            340 41272at50557         -            282   1.3e-27   95.9  13.0   2   2   0.00055      0.09   11.1   0.1   194   282   235   337   223   337 0.79 -
41390at50557_224129_0:001af6|STRG.16269.2:629-1648|+   -            340 41272at50557         -            282   1.3e-27   95.9  13.0   1   2   6.7e-27   1.1e-24   86.3   9.5     4   107     1   103     1   120 0.81 -
41390at50557_224129_0:001af6|STRG.16269.2:629-1648|+   -            340 41272at50557         -            282   1.3e-27   95.9  13.0   2   2   0.00055      0.09   11.1   0.1   194   282   235   337   223   337 0.79 -
41390at50557_224129_0:001af6|STRG.16269.5:441-1460|+   -            340 41272at50557         -            282   1.3e-27   95.9  13.0   1   2   6.7e-27   1.1e-24   86.3   9.5     4   107     1   103     1   120 0.81 -
41390at50557_224129_0:001af6|STRG.16269.5:441-1460|+   -            340 41272at50557         -            282   1.3e-27   95.9  13.0   2   2   0.00055      0.09   11.1   0.1   194   282   235   337   223   337 0.79 -
41390at50557_224129_0:001af6|STRG.16269.3:629-1669|+   -            347 41272at50557         -            282   1.6e-27   95.5  13.3   1   2     7e-27   1.1e-24   86.2   9.5     4   107     1   103     1   120 0.81 -
41390at50557_224129_0:001af6|STRG.16269.3:629-1669|+   -            347 41272at50557         -            282   1.6e-27   95.5  13.3   2   2   0.00056     0.092   11.1   0.1   193   282   241   344   229   344 0.79 -
41390at50557_224129_0:001af6|STRG.16269.4:1114-2154|+  -            347 41272at50557         -            282   1.6e-27   95.5  13.3   1   2     7e-27   1.1e-24   86.2   9.5     4   107     1   103     1   120 0.81 -
41390at50557_224129_0:001af6|STRG.16269.4:1114-2154|+  -            347 41272at50557         -            282   1.6e-27   95.5  13.3   2   2   0.00056     0.092   11.1   0.1   193   282   241   344   229   344 0.79 -
41390at50557_224129_0:001af6|STRG.16269.6:546-1586|+   -            347 41272at50557         -            282   1.6e-27   95.5  13.3   1   2     7e-27   1.1e-24   86.2   9.5     4   107     1   103     1   120 0.81 -
41390at50557_224129_0:001af6|STRG.16269.6:546-1586|+   -            347 41272at50557         -            282   1.6e-27   95.5  13.3   2   2   0.00056     0.092   11.1   0.1   193   282   241   344   229   344 0.79 -
32224at50557_219809_0:00104a|STRG.1834.1:1-2800|+      -            929 41272at50557         -            282   2.9e-27   94.7  11.7   1   2   1.4e-28   2.2e-26   91.8   8.1     4    85   458   539   455   559 0.95 -
32224at50557_219809_0:00104a|STRG.1834.1:1-2800|+      -            929 41272at50557         -            282   2.9e-27   94.7  11.7   2   2     0.083        14    3.9   0.1   201   243   842   885   826   922 0.69 -
30308at50557_456900_0:0004aa|STRG.3863.1:963-3944|+    -            994 41272at50557         -            282   9.4e-25   86.5   9.0   1   2   1.1e-25   1.7e-23   82.3   4.8     6    87   534   615   530   634 0.95 -
30308at50557_456900_0:0004aa|STRG.3863.1:963-3944|+    -            994 41272at50557         -            282   9.4e-25   86.5   9.0   2   2      0.02       3.2    6.0   0.1   147   244   831   942   770   965 0.73 -
61616at50557_609295_0:00059d|STRG.12190.1:671-2014|+   -            448 41272at50557         -            282   1.3e-23   82.8   8.3   1   2   5.7e-23   9.4e-21   73.4   6.8     5    79    54   129    50   145 0.93 -
61616at50557_609295_0:00059d|STRG.12190.1:671-2014|+   -            448 41272at50557         -            282   1.3e-23   82.8   8.3   2   2    0.0031      0.51    8.6   0.0   191   275   341   439   333   446 0.68 -
61616at50557_609295_0:00059d|STRG.12190.2:707-2050|+   -            448 41272at50557         -            282   1.3e-23   82.8   8.3   1   2   5.7e-23   9.4e-21   73.4   6.8     5    79    54   129    50   145 0.93 -
61616at50557_609295_0:00059d|STRG.12190.2:707-2050|+   -            448 41272at50557         -            282   1.3e-23   82.8   8.3   2   2    0.0031      0.51    8.6   0.0   191   275   341   439   333   446 0.68 -
61616at50557_286706_0:00165c|STRG.3466.1:90-1184|+     -            365 41272at50557         -            282   1.6e-21   75.9  13.9   1   3   1.1e-20   1.8e-18   65.9   8.4     6    78     1    75     1    96 0.93 -
61616at50557_286706_0:00165c|STRG.3466.1:90-1184|+     -            365 41272at50557         -            282   1.6e-21   75.9  13.9   2   3     0.017       2.8    6.2   0.1   147   218   194   268   179   284 0.65 -
61616at50557_286706_0:00165c|STRG.3466.1:90-1184|+     -            365 41272at50557         -            282   1.6e-21   75.9  13.9   3   3     0.029       4.7    5.4   0.0   243   279   325   361   298   364 0.89 -
41390at50557_1218281_0:00140d|STRG.7739.1:1502-1684|+  -             61 41272at50557         -            282     3e-11   42.2   7.2   1   1     2e-13   3.2e-11   42.1   7.2     4    62     1    60     1    61 0.95 -
41390at50557_1218281_0:00140d|STRG.7743.1:74-250|+     -             59 41272at50557         -            282     2e-09   36.2   8.1   1   1   1.3e-11   2.2e-09   36.1   8.1     6    62     1    58     1    59 0.94 -
41272at50557_38123_0:0004d9|STRG.2496.2:555-1256|+     -            234 41272at50557         -            282     1e-06   27.3   0.2   1   1   8.7e-09   1.4e-06   26.9   0.2   120   260    58   226    52   234 0.67 -
#
# Program:         hmmsearch
# Version:         3.4 (Aug 2023)
# Pipeline mode:   SEARCH
# Query file:      /data/projet1/projet_tutore/busco_downloads/lineages/insecta_odb10/hmms/41272at50557.hmm
# Target file:     annotation_analysis/annotation_gcf/T_zeteki/busco_output/run_insecta_odb10/metaeuk_output/initial_results/assembled_transcripts.fasta.modified.fas
# Option settings: hmmsearch --domtblout annotation_analysis/annotation_gcf/T_zeteki/busco_output/run_insecta_odb10/hmmer_output/initial_run_results/41272at50557.out --cpu 1 /data/projet1/projet_tutore/busco_downloads/lineages/insecta_odb10/hmms/41272at50557.hmm annotation_analysis/annotation_gcf/T_zeteki/busco_output/run_insecta_odb10/metaeuk_output/initial_results/assembled_transcripts.fasta.modified.fas 
# Current dir:     /data/projet1/projet_tutore
# Date:            Sun Dec  1 20:26:26 2024
# [ok]
