#                                                                                                            --- full sequence --- -------------- this domain -------------   hmm coord   ali coord   env coord
# target name                                        accession   tlen query name           accession   qlen   E-value  score  bias   #  of  c-Evalue  i-Evalue  score  bias  from    to  from    to  from    to  acc description of target
#                                ------------------- ---------- ----- -------------------- ---------- ----- --------- ------ ----- --- --- --------- --------- ------ ----- ----- ----- ----- ----- ----- ----- ---- ---------------------
41499at50557_609295_0:0002d1|STRG.11501.1:164-2325|+ -            719 41499at50557         -            548  5.9e-287  951.2  53.7   1   4  9.7e-266  2.1e-262  870.1   5.6     1   467     2   487     2   494 0.94 -
41499at50557_609295_0:0002d1|STRG.11501.1:164-2325|+ -            719 41499at50557         -            548  5.9e-287  951.2  53.7   2   4   5.3e-31   1.2e-27   95.3  16.3   418   534   483   602   481   617 0.85 -
41499at50557_609295_0:0002d1|STRG.11501.1:164-2325|+ -            719 41499at50557         -            548  5.9e-287  951.2  53.7   3   4   1.4e-05      0.03   11.4   5.0   508   548   612   652   603   652 0.87 -
41499at50557_609295_0:0002d1|STRG.11501.1:164-2325|+ -            719 41499at50557         -            548  5.9e-287  951.2  53.7   4   4         4   8.8e+03   -9.1   7.0   448   469   660   681   653   701 0.57 -
41499at50557_7176_0:002371|STRG.11501.1:1405-2127|+  -            241 41499at50557         -            548   1.7e-43  147.6  49.5   1   3   1.4e-16     3e-13   47.7  16.1   411   468     7    76     3    83 0.77 -
41499at50557_7176_0:002371|STRG.11501.1:1405-2127|+  -            241 41499at50557         -            548   1.7e-43  147.6  49.5   2   3   3.4e-32   7.5e-29   99.2  14.8   418   534    71   190    69   194 0.87 -
41499at50557_7176_0:002371|STRG.11501.1:1405-2127|+  -            241 41499at50557         -            548   1.7e-43  147.6  49.5   3   3   3.7e-06    0.0083   13.3   5.3   508   548   200   240   192   240 0.87 -
147828at50557_103372_0:0027e3|STRG.8864.1:151-1174|+ -            311 41499at50557         -            548   1.7e-11   41.9   1.4   1   1     1e-14   2.3e-11   41.5   1.4   457   533    64   143    17   158 0.77 -
147828at50557_246812_0:000ca6|STRG.4386.1:407-640|+  -             78 41499at50557         -            548     0.011   12.9   0.2   1   1     5e-06     0.011   12.8   0.2   460   526     8    69     2    78 0.70 -
#
# Program:         hmmsearch
# Version:         3.4 (Aug 2023)
# Pipeline mode:   SEARCH
# Query file:      /data/projet1/projet_tutore/busco_downloads/lineages/insecta_odb10/hmms/41499at50557.hmm
# Target file:     annotation_analysis/annotation_gcf/T_zeteki/busco_output/run_insecta_odb10/metaeuk_output/initial_results/assembled_transcripts.fasta.modified.fas
# Option settings: hmmsearch --domtblout annotation_analysis/annotation_gcf/T_zeteki/busco_output/run_insecta_odb10/hmmer_output/initial_run_results/41499at50557.out --cpu 1 /data/projet1/projet_tutore/busco_downloads/lineages/insecta_odb10/hmms/41499at50557.hmm annotation_analysis/annotation_gcf/T_zeteki/busco_output/run_insecta_odb10/metaeuk_output/initial_results/assembled_transcripts.fasta.modified.fas 
# Current dir:     /data/projet1/projet_tutore
# Date:            Sun Dec  1 20:26:28 2024
# [ok]
