#                                                                                                             --- full sequence --- -------------- this domain -------------   hmm coord   ali coord   env coord
# target name                                         accession   tlen query name           accession   qlen   E-value  score  bias   #  of  c-Evalue  i-Evalue  score  bias  from    to  from    to  from    to  acc description of target
#                                 ------------------- ---------- ----- -------------------- ---------- ----- --------- ------ ----- --- --- --------- --------- ------ ----- ----- ----- ----- ----- ----- ----- ---- ---------------------
43508at50557_456900_0:00177a|STRG.6276.1:233-1897|+   -            555 43508at50557         -            436  1.7e-207  688.7  17.6   1   3     3e-69   1.2e-66  224.6   0.4     1   101     1   101     1   105 0.99 -
43508at50557_456900_0:00177a|STRG.6276.1:233-1897|+   -            555 43508at50557         -            436  1.7e-207  688.7  17.6   2   3  3.3e-140  1.3e-137  458.5   7.8   100   366   127   410   125   476 0.83 -
43508at50557_456900_0:00177a|STRG.6276.1:233-1897|+   -            555 43508at50557         -            436  1.7e-207  688.7  17.6   3   3   0.00029      0.12   10.4   1.0   365   395   476   516   421   532 0.64 -
43508at50557_456900_0:00177a|STRG.6276.2:117-1781|+   -            555 43508at50557         -            436  1.7e-207  688.7  17.6   1   3     3e-69   1.2e-66  224.6   0.4     1   101     1   101     1   105 0.99 -
43508at50557_456900_0:00177a|STRG.6276.2:117-1781|+   -            555 43508at50557         -            436  1.7e-207  688.7  17.6   2   3  3.3e-140  1.3e-137  458.5   7.8   100   366   127   410   125   476 0.83 -
43508at50557_456900_0:00177a|STRG.6276.2:117-1781|+   -            555 43508at50557         -            436  1.7e-207  688.7  17.6   3   3   0.00029      0.12   10.4   1.0   365   395   476   516   421   532 0.64 -
28875at50557_197043_0:001126|STRG.652.1:1213-1464|+   -             84 43508at50557         -            436    0.0096   14.0   2.6   1   1   2.4e-05    0.0095   14.0   2.6   238   294    30    84     9    84 0.85 -
102433at50557_43151_0:0014de|STRG.3575.1:267-797|+    -            177 43508at50557         -            436     0.013   13.6   0.2   1   2   3.3e-05     0.013   13.6   0.2   245   301    14    72     4    96 0.70 -
102433at50557_43151_0:0014de|STRG.3575.1:267-797|+    -            177 43508at50557         -            436     0.013   13.6   0.2   2   2       1.6   6.6e+02   -1.9   0.1    59    79   135   155   130   161 0.85 -
102433at50557_43151_0:0014de|STRG.3575.2:152-682|+    -            177 43508at50557         -            436     0.013   13.6   0.2   1   2   3.3e-05     0.013   13.6   0.2   245   301    14    72     4    96 0.70 -
102433at50557_43151_0:0014de|STRG.3575.2:152-682|+    -            177 43508at50557         -            436     0.013   13.6   0.2   2   2       1.6   6.6e+02   -1.9   0.1    59    79   135   155   130   161 0.85 -
91691at50557_224129_0:0018bf|STRG.7811.1:244-1008|+   -            255 43508at50557         -            436     0.015   13.4   1.6   1   1   4.6e-05     0.018   13.1   1.6   254   297    12    54     1    83 0.87 -
102433at50557_197043_0:007171|STRG.1948.3:1533-1805|+ -             91 43508at50557         -            436      0.02   13.0   1.0   1   1   4.9e-05      0.02   13.0   1.0   254   304    38    89    18    91 0.80 -
28875at50557_246812_0:000289|STRG.6393.1:1149-1271|+  -             41 43508at50557         -            436     0.025   12.7   0.3   1   1   6.6e-05     0.026   12.6   0.3   245   283     2    39     1    40 0.87 -
28875at50557_246812_0:000289|STRG.6393.2:1279-1401|+  -             41 43508at50557         -            436     0.025   12.7   0.3   1   1   6.6e-05     0.026   12.6   0.3   245   283     2    39     1    40 0.87 -
28875at50557_246812_0:000289|STRG.6393.3:1245-1367|+  -             41 43508at50557         -            436     0.025   12.7   0.3   1   1   6.6e-05     0.026   12.6   0.3   245   283     2    39     1    40 0.87 -
102433at50557_197043_0:007171|STRG.1948.4:1533-1802|+ -             90 43508at50557         -            436     0.028   12.5   1.0   1   1   6.9e-05     0.027   12.5   1.0   254   304    38    88    18    90 0.82 -
102433at50557_197043_0:007171|STRG.1948.5:1533-1802|+ -             90 43508at50557         -            436     0.028   12.5   1.0   1   1   6.9e-05     0.027   12.5   1.0   254   304    38    88    18    90 0.82 -
11473at50557_307658_0:0026b0|STRG.14046.6:123-1484|+  -            454 43508at50557         -            436     0.039   12.0   2.3   1   1    0.0002      0.08   11.0   2.3   255   302     9    59     2    69 0.81 -
102433at50557_116153_0:000386|STRG.9180.1:1076-1498|+ -            141 43508at50557         -            436     0.068   11.2   1.6   1   1   0.00021     0.085   10.9   1.6   252   297    90   134    75   137 0.89 -
102433at50557_116153_0:000386|STRG.9180.2:989-1411|+  -            141 43508at50557         -            436     0.068   11.2   1.6   1   1   0.00021     0.085   10.9   1.6   252   297    90   134    75   137 0.89 -
102433at50557_116153_0:000386|STRG.9180.3:918-1340|+  -            141 43508at50557         -            436     0.068   11.2   1.6   1   1   0.00021     0.085   10.9   1.6   252   297    90   134    75   137 0.89 -
102433at50557_116153_0:000386|STRG.9180.4:1105-1527|+ -            141 43508at50557         -            436     0.068   11.2   1.6   1   1   0.00021     0.085   10.9   1.6   252   297    90   134    75   137 0.89 -
102433at50557_116153_0:000386|STRG.9180.5:2984-3406|+ -            141 43508at50557         -            436     0.068   11.2   1.6   1   1   0.00021     0.085   10.9   1.6   252   297    90   134    75   137 0.89 -
102433at50557_116153_0:000386|STRG.9180.6:1146-1568|+ -            141 43508at50557         -            436     0.068   11.2   1.6   1   1   0.00021     0.085   10.9   1.6   252   297    90   134    75   137 0.89 -
11473at50557_103372_0:001014|STRG.14046.1:123-3936|+  -           1267 43508at50557         -            436       2.4    6.1  11.5   1   2   0.00072      0.29    9.2   2.3   255   302     9    59     2    69 0.81 -
11473at50557_103372_0:001014|STRG.14046.1:123-3936|+  -           1267 43508at50557         -            436       2.4    6.1  11.5   2   2      0.16        66    1.4   2.0   330   401   747   812   733   833 0.62 -
11473at50557_103372_0:001014|STRG.14046.5:21-3834|+   -           1267 43508at50557         -            436       2.4    6.1  11.5   1   2   0.00072      0.29    9.2   2.3   255   302     9    59     2    69 0.81 -
11473at50557_103372_0:001014|STRG.14046.5:21-3834|+   -           1267 43508at50557         -            436       2.4    6.1  11.5   2   2      0.16        66    1.4   2.0   330   401   747   812   733   833 0.62 -
11473at50557_103372_0:001014|STRG.14046.2:343-4030|+  -           1225 43508at50557         -            436       7.1    4.6  12.9   1   2   0.00069      0.28    9.2   2.3   255   302     9    59     2    69 0.81 -
11473at50557_103372_0:001014|STRG.14046.2:343-4030|+  -           1225 43508at50557         -            436       7.1    4.6  12.9   2   2      0.41   1.7e+02    0.1   3.1   330   400   705   769   685   791 0.65 -
#
# Program:         hmmsearch
# Version:         3.4 (Aug 2023)
# Pipeline mode:   SEARCH
# Query file:      /data/projet1/projet_tutore/busco_downloads/lineages/insecta_odb10/hmms/43508at50557.hmm
# Target file:     annotation_analysis/annotation_gcf/T_zeteki/busco_output/run_insecta_odb10/metaeuk_output/initial_results/assembled_transcripts.fasta.modified.fas
# Option settings: hmmsearch --domtblout annotation_analysis/annotation_gcf/T_zeteki/busco_output/run_insecta_odb10/hmmer_output/initial_run_results/43508at50557.out --cpu 1 /data/projet1/projet_tutore/busco_downloads/lineages/insecta_odb10/hmms/43508at50557.hmm annotation_analysis/annotation_gcf/T_zeteki/busco_output/run_insecta_odb10/metaeuk_output/initial_results/assembled_transcripts.fasta.modified.fas 
# Current dir:     /data/projet1/projet_tutore
# Date:            Sun Dec  1 20:26:47 2024
# [ok]
