#                                                                                                             --- full sequence --- -------------- this domain -------------   hmm coord   ali coord   env coord
# target name                                         accession   tlen query name           accession   qlen   E-value  score  bias   #  of  c-Evalue  i-Evalue  score  bias  from    to  from    to  from    to  acc description of target
#                                 ------------------- ---------- ----- -------------------- ---------- ----- --------- ------ ----- --- --- --------- --------- ------ ----- ----- ----- ----- ----- ----- ----- ---- ---------------------
4831at50557_34720_0:0004dd|STRG.13328.2:693-6113|+    -           1807 4831at50557          -            804         0 1316.6  37.2   1   4         0         0 1107.5  17.9     1   600   382  1050   382  1057 0.93 -
4831at50557_34720_0:0004dd|STRG.13328.2:693-6113|+    -           1807 4831at50557          -            804         0 1316.6  37.2   2   4   2.7e-23   4.8e-21   73.5   0.8   568   661  1056  1154  1044  1164 0.82 -
4831at50557_34720_0:0004dd|STRG.13328.2:693-6113|+    -           1807 4831at50557          -            804         0 1316.6  37.2   3   4   1.5e-25   2.6e-23   81.1   0.0   653   738  1182  1300  1149  1311 0.82 -
4831at50557_34720_0:0004dd|STRG.13328.2:693-6113|+    -           1807 4831at50557          -            804         0 1316.6  37.2   4   4   7.9e-30   1.4e-27   95.2   1.6   734   804  1419  1501  1415  1501 0.87 -
4831at50557_34720_0:0004dd|STRG.13328.3:693-6119|+    -           1809 4831at50557          -            804         0 1316.6  37.2   1   4         0         0 1107.5  17.9     1   600   382  1050   382  1057 0.93 -
4831at50557_34720_0:0004dd|STRG.13328.3:693-6119|+    -           1809 4831at50557          -            804         0 1316.6  37.2   2   4   2.7e-23   4.8e-21   73.5   0.8   568   661  1056  1154  1044  1164 0.82 -
4831at50557_34720_0:0004dd|STRG.13328.3:693-6119|+    -           1809 4831at50557          -            804         0 1316.6  37.2   3   4   1.5e-25   2.6e-23   81.1   0.0   653   738  1182  1300  1149  1311 0.82 -
4831at50557_34720_0:0004dd|STRG.13328.3:693-6119|+    -           1809 4831at50557          -            804         0 1316.6  37.2   4   4   7.9e-30   1.4e-27   95.2   1.6   734   804  1419  1501  1415  1501 0.87 -
4831at50557_34720_0:0004dd|STRG.13328.1:1255-6690|+   -           1812 4831at50557          -            804         0 1316.6  37.2   1   4         0         0 1107.5  17.9     1   600   385  1053   385  1060 0.93 -
4831at50557_34720_0:0004dd|STRG.13328.1:1255-6690|+   -           1812 4831at50557          -            804         0 1316.6  37.2   2   4   2.8e-23   4.9e-21   73.5   0.8   568   661  1059  1157  1047  1167 0.82 -
4831at50557_34720_0:0004dd|STRG.13328.1:1255-6690|+   -           1812 4831at50557          -            804         0 1316.6  37.2   3   4   1.5e-25   2.6e-23   81.1   0.0   653   738  1185  1303  1152  1314 0.82 -
4831at50557_34720_0:0004dd|STRG.13328.1:1255-6690|+   -           1812 4831at50557          -            804         0 1316.6  37.2   4   4   7.9e-30   1.4e-27   95.2   1.6   734   804  1422  1504  1418  1504 0.87 -
4831at50557_123851_0:0002c4|STRG.4875.1:2153-4372|+   -            740 4831at50557          -            804  1.4e-161  538.4   0.9   1   1  1.1e-163  1.9e-161  537.9   0.9    48   581   102   689    69   727 0.83 -
4831at50557_123851_0:0002c4|STRG.4875.2:2162-4381|+   -            740 4831at50557          -            804  1.4e-161  538.4   0.9   1   1  1.1e-163  1.9e-161  537.9   0.9    48   581   102   689    69   727 0.83 -
4831at50557_123851_0:0002c4|STRG.4875.3:1863-4082|+   -            740 4831at50557          -            804  1.4e-161  538.4   0.9   1   1  1.1e-163  1.9e-161  537.9   0.9    48   581   102   689    69   727 0.83 -
4831at50557_123851_0:0002c4|STRG.4875.4:1863-4082|+   -            740 4831at50557          -            804  1.4e-161  538.4   0.9   1   1  1.1e-163  1.9e-161  537.9   0.9    48   581   102   689    69   727 0.83 -
4831at50557_123851_0:0002c4|STRG.4875.5:2264-4483|+   -            740 4831at50557          -            804  1.4e-161  538.4   0.9   1   1  1.1e-163  1.9e-161  537.9   0.9    48   581   102   689    69   727 0.83 -
4831at50557_123851_0:0002c4|STRG.4875.6:2255-4474|+   -            740 4831at50557          -            804  1.4e-161  538.4   0.9   1   1  1.1e-163  1.9e-161  537.9   0.9    48   581   102   689    69   727 0.83 -
4831at50557_7460_0:0006ff|STRG.3041.1:5128-7344|+     -            739 4831at50557          -            804  2.5e-142  474.7   9.4   1   1  5.9e-144    1e-141  472.6   9.4     2   583    91   724    90   739 0.82 -
4831at50557_7460_0:0006ff|STRG.3041.2:5128-7344|+     -            739 4831at50557          -            804  2.5e-142  474.7   9.4   1   1  5.9e-144    1e-141  472.6   9.4     2   583    91   724    90   739 0.82 -
4831at50557_7460_0:0006ff|STRG.3041.3:6376-8592|+     -            739 4831at50557          -            804  2.5e-142  474.7   9.4   1   1  5.9e-144    1e-141  472.6   9.4     2   583    91   724    90   739 0.82 -
4831at50557_7460_0:0006ff|STRG.3041.4:6380-8596|+     -            739 4831at50557          -            804  2.5e-142  474.7   9.4   1   1  5.9e-144    1e-141  472.6   9.4     2   583    91   724    90   739 0.82 -
4831at50557_197043_0:000faa|STRG.15921.1:587-2098|+   -            504 4831at50557          -            804  8.9e-129  429.9   1.4   1   1  6.2e-131  1.1e-128  429.6   1.4    51   526     5   502     2   504 0.89 -
4831at50557_307491_0:002cfe|STRG.3833.1:3919-5355|+   -            479 4831at50557          -            804  3.2e-114  381.7   4.4   1   1  1.5e-115  2.6e-113  378.7   4.4    60   490     2   479     1   479 0.86 -
20404at50557_680683_0:002da3|STRG.4292.1:1481-3904|+  -            808 4831at50557          -            804  2.9e-104  348.8   5.8   1   2   1.3e-55   2.2e-53  180.5   1.4    59   330     8   320     1   325 0.81 -
20404at50557_680683_0:002da3|STRG.4292.1:1481-3904|+  -            808 4831at50557          -            804  2.9e-104  348.8   5.8   2   2   1.6e-52   2.9e-50  170.2   0.2   334   499   634   799   624   806 0.95 -
20404at50557_680683_0:002da3|STRG.4292.2:1481-3904|+  -            808 4831at50557          -            804  2.9e-104  348.8   5.8   1   2   1.3e-55   2.2e-53  180.5   1.4    59   330     8   320     1   325 0.81 -
20404at50557_680683_0:002da3|STRG.4292.2:1481-3904|+  -            808 4831at50557          -            804  2.9e-104  348.8   5.8   2   2   1.6e-52   2.9e-50  170.2   0.2   334   499   634   799   624   806 0.95 -
20404at50557_680683_0:002da3|STRG.4292.3:1576-3999|+  -            808 4831at50557          -            804  2.9e-104  348.8   5.8   1   2   1.3e-55   2.2e-53  180.5   1.4    59   330     8   320     1   325 0.81 -
20404at50557_680683_0:002da3|STRG.4292.3:1576-3999|+  -            808 4831at50557          -            804  2.9e-104  348.8   5.8   2   2   1.6e-52   2.9e-50  170.2   0.2   334   499   634   799   624   806 0.95 -
20404at50557_121225_0:000da0|STRG.1623.1:929-2727|+   -            571 4831at50557          -            804     2e-96  322.9   8.2   1   2   5.7e-46     1e-43  148.6   1.8    59   301    24   299    16   307 0.82 -
20404at50557_121225_0:000da0|STRG.1623.1:929-2727|+   -            571 4831at50557          -            804     2e-96  322.9   8.2   2   2   3.3e-54   5.8e-52  175.8   0.5   334   491   404   561   330   568 0.93 -
20404at50557_121225_0:000da0|STRG.1623.2:740-2452|+   -            571 4831at50557          -            804     2e-96  322.9   8.2   1   2   5.7e-46     1e-43  148.6   1.8    59   301    24   299    16   307 0.82 -
20404at50557_121225_0:000da0|STRG.1623.2:740-2452|+   -            571 4831at50557          -            804     2e-96  322.9   8.2   2   2   3.3e-54   5.8e-52  175.8   0.5   334   491   404   561   330   568 0.93 -
20404at50557_121225_0:000da0|STRG.15440.3:2720-5554|+ -            945 4831at50557          -            804     2e-94  316.3  12.9   1   2     1e-49   1.8e-47  161.0   8.4    59   326    14   304     2   311 0.84 -
20404at50557_121225_0:000da0|STRG.15440.3:2720-5554|+ -            945 4831at50557          -            804     2e-94  316.3  12.9   2   2   1.7e-48   2.9e-46  157.0   0.1   339   481   803   945   787   945 0.97 -
20404at50557_121225_0:000da0|STRG.15440.1:2720-5566|+ -            949 4831at50557          -            804     2e-94  316.3  12.9   1   2     1e-49   1.8e-47  161.0   8.4    59   326    14   304     2   311 0.84 -
20404at50557_121225_0:000da0|STRG.15440.1:2720-5566|+ -            949 4831at50557          -            804     2e-94  316.3  12.9   2   2   1.7e-48   2.9e-46  156.9   0.1   339   481   807   949   791   949 0.97 -
20404at50557_121225_0:000da0|STRG.15440.2:2947-5847|+ -            967 4831at50557          -            804   2.1e-94  316.2  12.9   1   2     1e-49   1.8e-47  160.9   8.4    59   326    14   304     2   311 0.84 -
20404at50557_121225_0:000da0|STRG.15440.2:2947-5847|+ -            967 4831at50557          -            804   2.1e-94  316.2  12.9   2   2   1.7e-48     3e-46  156.9   0.1   339   481   825   967   809   967 0.97 -
20404at50557_67767_0:000e7a|STRG.15440.4:2985-5886|+  -            420 4831at50557          -            804   3.2e-86  289.1   6.9   1   2   4.4e-41   7.8e-39  132.4   2.7    59   237    13   196     2   240 0.87 -
20404at50557_67767_0:000e7a|STRG.15440.4:2985-5886|+  -            420 4831at50557          -            804   3.2e-86  289.1   6.9   2   2     4e-49   7.1e-47  159.0   0.1   339   481   278   420   262   420 0.97 -
20404at50557_103372_0:0008f3|STRG.3931.1:166-2694|+   -            843 4831at50557          -            804   6.4e-82  274.9   6.4   1   2   1.9e-40   3.3e-38  130.3   3.4    50   331   268   586   264   599 0.77 -
20404at50557_103372_0:0008f3|STRG.3931.1:166-2694|+   -            843 4831at50557          -            804   6.4e-82  274.9   6.4   2   2   1.5e-43   2.7e-41  140.6   0.1   334   489   640   795   636   838 0.93 -
4831at50557_1218281_0:003291|STRG.1623.3:112-1366|+   -            311 4831at50557          -            804   5.4e-68  228.8   1.3   1   1   2.6e-69   4.5e-67  225.8   1.3   196   490     3   310     1   311 0.88 -
20404at50557_121225_0:000da0|STRG.7662.1:4097-5668|+  -            524 4831at50557          -            804   1.5e-67  227.4   0.7   1   2   5.5e-32   9.7e-30  102.3   0.0    60   326     2   298     1   310 0.74 -
20404at50557_121225_0:000da0|STRG.7662.1:4097-5668|+  -            524 4831at50557          -            804   1.5e-67  227.4   0.7   2   2   1.2e-36   2.2e-34  117.7   0.6   357   498   373   517   342   523 0.90 -
20404at50557_121225_0:000da0|STRG.7662.2:4169-5740|+  -            524 4831at50557          -            804   1.5e-67  227.4   0.7   1   2   5.5e-32   9.7e-30  102.3   0.0    60   326     2   298     1   310 0.74 -
20404at50557_121225_0:000da0|STRG.7662.2:4169-5740|+  -            524 4831at50557          -            804   1.5e-67  227.4   0.7   2   2   1.2e-36   2.2e-34  117.7   0.6   357   498   373   517   342   523 0.90 -
4831at50557_168631_0:000351|STRG.10273.1:789-2312|+   -            508 4831at50557          -            804   8.4e-67  224.9   2.9   1   2   3.6e-23   6.3e-21   73.2   0.0    59   233    19   206     4   209 0.80 -
4831at50557_168631_0:000351|STRG.10273.1:789-2312|+   -            508 4831at50557          -            804   8.4e-67  224.9   2.9   2   2   1.2e-46   2.1e-44  150.8   1.4   247   487   243   506   234   508 0.82 -
55692at50557_30069_0:000de9|STRG.2928.2:781-2895|+    -            705 4831at50557          -            804   2.5e-54  183.6   4.9   1   2   3.7e-19   6.5e-17   59.9   0.0    59   231   138   321   125   335 0.69 -
55692at50557_30069_0:000de9|STRG.2928.2:781-2895|+    -            705 4831at50557          -            804   2.5e-54  183.6   4.9   2   2   2.7e-38   4.7e-36  123.2   3.0   246   489   359   619   349   632 0.87 -
55692at50557_30069_0:000de9|STRG.2928.1:418-2793|+    -            792 4831at50557          -            804     4e-54  183.0   5.0   1   2   4.5e-19     8e-17   59.6   0.0    59   231   225   408   212   422 0.69 -
55692at50557_30069_0:000de9|STRG.2928.1:418-2793|+    -            792 4831at50557          -            804     4e-54  183.0   5.0   2   2   3.6e-38   6.3e-36  122.8   3.1   246   489   446   706   436   718 0.87 -
4831at50557_168631_0:000351|STRG.13918.1:3698-5215|+  -            506 4831at50557          -            804   1.6e-53  180.9   2.4   1   2   2.9e-18   5.2e-16   56.9   0.0    80   230    26   190     1   206 0.72 -
4831at50557_168631_0:000351|STRG.13918.1:3698-5215|+  -            506 4831at50557          -            804   1.6e-53  180.9   2.4   2   2   7.6e-38   1.3e-35  121.7   0.9   245   496   228   505   218   506 0.80 -
4831at50557_168631_0:000351|STRG.13918.2:1050-2567|+  -            506 4831at50557          -            804   1.6e-53  180.9   2.4   1   2   2.9e-18   5.2e-16   56.9   0.0    80   230    26   190     1   206 0.72 -
4831at50557_168631_0:000351|STRG.13918.2:1050-2567|+  -            506 4831at50557          -            804   1.6e-53  180.9   2.4   2   2   7.6e-38   1.3e-35  121.7   0.9   245   496   228   505   218   506 0.80 -
4831at50557_1218281_0:003291|STRG.2928.3:962-1954|+   -            331 4831at50557          -            804   6.1e-42  142.7   3.4   1   2   8.1e-06    0.0014   15.8   0.0   199   231     1    33     1    46 0.92 -
4831at50557_1218281_0:003291|STRG.2928.3:962-1954|+   -            331 4831at50557          -            804   6.1e-42  142.7   3.4   2   2   1.7e-38     3e-36  123.8   4.3   246   488    71   330    62   331 0.86 -
55692at50557_30069_0:000de9|STRG.5424.1:1825-3645|+   -            607 4831at50557          -            804   6.7e-38  129.3   7.0   1   2   5.4e-15   9.6e-13   46.1   3.3    80   294    34   295     9   337 0.71 -
55692at50557_30069_0:000de9|STRG.5424.1:1825-3645|+   -            607 4831at50557          -            804   6.7e-38  129.3   7.0   2   2   2.9e-23   5.2e-21   73.4   0.1   337   489   427   603   417   607 0.80 -
55692at50557_30069_0:000de9|STRG.5424.2:2818-4638|+   -            607 4831at50557          -            804   6.7e-38  129.3   7.0   1   2   5.4e-15   9.6e-13   46.1   3.3    80   294    34   295     9   337 0.71 -
55692at50557_30069_0:000de9|STRG.5424.2:2818-4638|+   -            607 4831at50557          -            804   6.7e-38  129.3   7.0   2   2   2.9e-23   5.2e-21   73.4   0.1   337   489   427   603   417   607 0.80 -
55692at50557_30069_0:000de9|STRG.5424.3:4567-6387|+   -            607 4831at50557          -            804   6.7e-38  129.3   7.0   1   2   5.4e-15   9.6e-13   46.1   3.3    80   294    34   295     9   337 0.71 -
55692at50557_30069_0:000de9|STRG.5424.3:4567-6387|+   -            607 4831at50557          -            804   6.7e-38  129.3   7.0   2   2   2.9e-23   5.2e-21   73.4   0.1   337   489   427   603   417   607 0.80 -
55692at50557_30069_0:000de9|STRG.5424.4:2818-4638|+   -            607 4831at50557          -            804   6.7e-38  129.3   7.0   1   2   5.4e-15   9.6e-13   46.1   3.3    80   294    34   295     9   337 0.71 -
55692at50557_30069_0:000de9|STRG.5424.4:2818-4638|+   -            607 4831at50557          -            804   6.7e-38  129.3   7.0   2   2   2.9e-23   5.2e-21   73.4   0.1   337   489   427   603   417   607 0.80 -
55692at50557_30069_0:000de9|STRG.5424.5:4567-6387|+   -            607 4831at50557          -            804   6.7e-38  129.3   7.0   1   2   5.4e-15   9.6e-13   46.1   3.3    80   294    34   295     9   337 0.71 -
55692at50557_30069_0:000de9|STRG.5424.5:4567-6387|+   -            607 4831at50557          -            804   6.7e-38  129.3   7.0   2   2   2.9e-23   5.2e-21   73.4   0.1   337   489   427   603   417   607 0.80 -
20404at50557_121225_0:000da0|STRG.11760.1:2-1708|+    -            569 4831at50557          -            804   8.1e-32  109.2   9.0   1   3       0.2        36    1.2   0.2    83    98     1    16     1    22 0.85 -
20404at50557_121225_0:000da0|STRG.11760.1:2-1708|+    -            569 4831at50557          -            804   8.1e-32  109.2   9.0   2   3   6.8e-13   1.2e-10   39.2   1.6   109   291    52   248    40   332 0.79 -
20404at50557_121225_0:000da0|STRG.11760.1:2-1708|+    -            569 4831at50557          -            804   8.1e-32  109.2   9.0   3   3   6.7e-23   1.2e-20   72.3   0.0   338   490   393   548   380   564 0.87 -
20404at50557_123851_0:0002fd|STRG.5439.1:2851-3402|+  -            184 4831at50557          -            804   1.5e-23   81.8   0.0   1   1   1.3e-25   2.4e-23   81.2   0.0   340   493     2   169     1   180 0.85 -
20404at50557_123851_0:0002fd|STRG.5439.2:6061-6612|+  -            184 4831at50557          -            804   1.5e-23   81.8   0.0   1   1   1.3e-25   2.4e-23   81.2   0.0   340   493     2   169     1   180 0.85 -
20404at50557_123851_0:0002fd|STRG.5439.3:6061-6612|+  -            184 4831at50557          -            804   1.5e-23   81.8   0.0   1   1   1.3e-25   2.4e-23   81.2   0.0   340   493     2   169     1   180 0.85 -
20404at50557_597456_0:000d40|STRG.4057.1:682-2049|+   -            456 4831at50557          -            804   2.6e-22   77.7   0.8   1   2   1.4e-09   2.5e-07   28.2   0.0    75   232    45   198    30   295 0.71 -
20404at50557_597456_0:000d40|STRG.4057.1:682-2049|+   -            456 4831at50557          -            804   2.6e-22   77.7   0.8   2   2   3.5e-15   6.1e-13   46.7   0.2   349   487   310   449   276   454 0.88 -
20404at50557_597456_0:000d40|STRG.4057.2:659-2026|+   -            456 4831at50557          -            804   2.6e-22   77.7   0.8   1   2   1.4e-09   2.5e-07   28.2   0.0    75   232    45   198    30   295 0.71 -
20404at50557_597456_0:000d40|STRG.4057.2:659-2026|+   -            456 4831at50557          -            804   2.6e-22   77.7   0.8   2   2   3.5e-15   6.1e-13   46.7   0.2   349   487   310   449   276   454 0.88 -
20404at50557_597456_0:000d40|STRG.4057.3:570-1937|+   -            456 4831at50557          -            804   2.6e-22   77.7   0.8   1   2   1.4e-09   2.5e-07   28.2   0.0    75   232    45   198    30   295 0.71 -
20404at50557_597456_0:000d40|STRG.4057.3:570-1937|+   -            456 4831at50557          -            804   2.6e-22   77.7   0.8   2   2   3.5e-15   6.1e-13   46.7   0.2   349   487   310   449   276   454 0.88 -
20404at50557_378494_0:005456|STRG.9347.1:541-1305|+   -            255 4831at50557          -            804   1.8e-14   51.8   2.1   1   2   6.3e-05     0.011   12.8   0.1    61    99     4    43     1    49 0.77 -
20404at50557_378494_0:005456|STRG.9347.1:541-1305|+   -            255 4831at50557          -            804   1.8e-14   51.8   2.1   2   2   8.3e-13   1.5e-10   38.9   0.4   107   264    76   242    64   253 0.77 -
35385at50557_456900_0:001092|STRG.13922.1:146-2023|+  -            626 4831at50557          -            804     0.001   16.2   0.1   1   1   9.2e-06    0.0016   15.6   0.1   349   453   428   530   403   563 0.80 -
35385at50557_456900_0:001092|STRG.13922.2:77-1954|+   -            626 4831at50557          -            804     0.001   16.2   0.1   1   1   9.2e-06    0.0016   15.6   0.1   349   453   428   530   403   563 0.80 -
35385at50557_456900_0:001092|STRG.13922.3:35-1912|+   -            626 4831at50557          -            804     0.001   16.2   0.1   1   1   9.2e-06    0.0016   15.6   0.1   349   453   428   530   403   563 0.80 -
#
# Program:         hmmsearch
# Version:         3.4 (Aug 2023)
# Pipeline mode:   SEARCH
# Query file:      /data/projet1/projet_tutore/busco_downloads/lineages/insecta_odb10/hmms/4831at50557.hmm
# Target file:     annotation_analysis/annotation_gcf/T_zeteki/busco_output/run_insecta_odb10/metaeuk_output/initial_results/assembled_transcripts.fasta.modified.fas
# Option settings: hmmsearch --domtblout annotation_analysis/annotation_gcf/T_zeteki/busco_output/run_insecta_odb10/hmmer_output/initial_run_results/4831at50557.out --cpu 1 /data/projet1/projet_tutore/busco_downloads/lineages/insecta_odb10/hmms/4831at50557.hmm annotation_analysis/annotation_gcf/T_zeteki/busco_output/run_insecta_odb10/metaeuk_output/initial_results/assembled_transcripts.fasta.modified.fas 
# Current dir:     /data/projet1/projet_tutore
# Date:            Sun Dec  1 20:27:57 2024
# [ok]
