#                                                                                                           --- full sequence --- -------------- this domain -------------   hmm coord   ali coord   env coord
# target name                                       accession   tlen query name           accession   qlen   E-value  score  bias   #  of  c-Evalue  i-Evalue  score  bias  from    to  from    to  from    to  acc description of target
#                               ------------------- ---------- ----- -------------------- ---------- ----- --------- ------ ----- --- --- --------- --------- ------ ----- ----- ----- ----- ----- ----- ----- ---- ---------------------
50478at50557_103372_0:0001dc|STRG.7279.1:265-1575|+ -            437 50478at50557         -            333  1.4e-170  565.9   6.3   1   2   6.9e-77     1e-73  247.5   2.0     1   156    45   205    45   210 0.94 -
50478at50557_103372_0:0001dc|STRG.7279.1:265-1575|+ -            437 50478at50557         -            333  1.4e-170  565.9   6.3   2   2   3.5e-99   5.2e-96  320.8   0.2   140   333   211   424   205   424 0.93 -
50478at50557_103372_0:0001dc|STRG.7279.2:325-1635|+ -            437 50478at50557         -            333  1.4e-170  565.9   6.3   1   2   6.9e-77     1e-73  247.5   2.0     1   156    45   205    45   210 0.94 -
50478at50557_103372_0:0001dc|STRG.7279.2:325-1635|+ -            437 50478at50557         -            333  1.4e-170  565.9   6.3   2   2   3.5e-99   5.2e-96  320.8   0.2   140   333   211   424   205   424 0.93 -
50478at50557_56086_0:0011b7|STRG.8581.1:1438-1896|+ -            153 50478at50557         -            333   2.5e-13   49.0   0.2   1   2   2.6e-06    0.0038   15.6   0.1    86   133     1    55     1    62 0.78 -
50478at50557_56086_0:0011b7|STRG.8581.1:1438-1896|+ -            153 50478at50557         -            333   2.5e-13   49.0   0.2   2   2   2.5e-11   3.7e-08   32.0   0.0   161   242    69   153    58   153 0.84 -
50478at50557_56086_0:0011b7|STRG.8581.2:1438-1896|+ -            153 50478at50557         -            333   2.5e-13   49.0   0.2   1   2   2.6e-06    0.0038   15.6   0.1    86   133     1    55     1    62 0.78 -
50478at50557_56086_0:0011b7|STRG.8581.2:1438-1896|+ -            153 50478at50557         -            333   2.5e-13   49.0   0.2   2   2   2.5e-11   3.7e-08   32.0   0.0   161   242    69   153    58   153 0.84 -
50478at50557_56086_0:0011b7|STRG.8581.3:924-1382|+  -            153 50478at50557         -            333   2.5e-13   49.0   0.2   1   2   2.6e-06    0.0038   15.6   0.1    86   133     1    55     1    62 0.78 -
50478at50557_56086_0:0011b7|STRG.8581.3:924-1382|+  -            153 50478at50557         -            333   2.5e-13   49.0   0.2   2   2   2.5e-11   3.7e-08   32.0   0.0   161   242    69   153    58   153 0.84 -
50478at50557_56086_0:0011b7|STRG.8581.4:1350-1808|+ -            153 50478at50557         -            333   2.5e-13   49.0   0.2   1   2   2.6e-06    0.0038   15.6   0.1    86   133     1    55     1    62 0.78 -
50478at50557_56086_0:0011b7|STRG.8581.4:1350-1808|+ -            153 50478at50557         -            333   2.5e-13   49.0   0.2   2   2   2.5e-11   3.7e-08   32.0   0.0   161   242    69   153    58   153 0.84 -
#
# Program:         hmmsearch
# Version:         3.4 (Aug 2023)
# Pipeline mode:   SEARCH
# Query file:      /data/projet1/projet_tutore/busco_downloads/lineages/insecta_odb10/hmms/50478at50557.hmm
# Target file:     annotation_analysis/annotation_gcf/T_zeteki/busco_output/run_insecta_odb10/metaeuk_output/initial_results/assembled_transcripts.fasta.modified.fas
# Option settings: hmmsearch --domtblout annotation_analysis/annotation_gcf/T_zeteki/busco_output/run_insecta_odb10/hmmer_output/initial_run_results/50478at50557.out --cpu 1 /data/projet1/projet_tutore/busco_downloads/lineages/insecta_odb10/hmms/50478at50557.hmm annotation_analysis/annotation_gcf/T_zeteki/busco_output/run_insecta_odb10/metaeuk_output/initial_results/assembled_transcripts.fasta.modified.fas 
# Current dir:     /data/projet1/projet_tutore
# Date:            Sun Dec  1 20:28:05 2024
# [ok]
