#                                                                                                             --- full sequence --- -------------- this domain -------------   hmm coord   ali coord   env coord
# target name                                         accession   tlen query name           accession   qlen   E-value  score  bias   #  of  c-Evalue  i-Evalue  score  bias  from    to  from    to  from    to  acc description of target
#                                 ------------------- ---------- ----- -------------------- ---------- ----- --------- ------ ----- --- --- --------- --------- ------ ----- ----- ----- ----- ----- ----- ----- ---- ---------------------
50585at50557_103372_0:0015a6|STRG.10457.3:205-1470|+  -            422 50585at50557         -            315  6.9e-173  572.9   0.9   1   2  1.3e-170    2e-168  558.2   0.2     1   299    21   342    21   346 0.94 -
50585at50557_103372_0:0015a6|STRG.10457.3:205-1470|+  -            422 50585at50557         -            315  6.9e-173  572.9   0.9   2   2   8.4e-05     0.013   13.5   0.0   298   315   361   378   348   378 0.87 -
50585at50557_103372_0:0015a6|STRG.10457.4:201-1466|+  -            422 50585at50557         -            315  6.9e-173  572.9   0.9   1   2  1.3e-170    2e-168  558.2   0.2     1   299    21   342    21   346 0.94 -
50585at50557_103372_0:0015a6|STRG.10457.4:201-1466|+  -            422 50585at50557         -            315  6.9e-173  572.9   0.9   2   2   8.4e-05     0.013   13.5   0.0   298   315   361   378   348   378 0.87 -
50585at50557_103372_0:0015a6|STRG.10457.5:31-1296|+   -            422 50585at50557         -            315  6.9e-173  572.9   0.9   1   2  1.3e-170    2e-168  558.2   0.2     1   299    21   342    21   346 0.94 -
50585at50557_103372_0:0015a6|STRG.10457.5:31-1296|+   -            422 50585at50557         -            315  6.9e-173  572.9   0.9   2   2   8.4e-05     0.013   13.5   0.0   298   315   361   378   348   378 0.87 -
50585at50557_103372_0:0015a6|STRG.10457.2:12-1497|+   -            423 50585at50557         -            315  6.9e-173  572.9   0.9   1   2  1.3e-170  2.1e-168  558.2   0.2     1   299    22   343    22   347 0.94 -
50585at50557_103372_0:0015a6|STRG.10457.2:12-1497|+   -            423 50585at50557         -            315  6.9e-173  572.9   0.9   2   2   8.4e-05     0.013   13.5   0.0   298   315   362   379   349   379 0.87 -
50585at50557_103372_0:0015a6|STRG.10457.1:12-1554|+   -            441 50585at50557         -            315  8.3e-173  572.7   0.9   1   2  1.5e-170  2.4e-168  558.0   0.2     1   299    40   361    40   365 0.94 -
50585at50557_103372_0:0015a6|STRG.10457.1:12-1554|+   -            441 50585at50557         -            315  8.3e-173  572.7   0.9   2   2   8.8e-05     0.014   13.4   0.0   298   315   380   397   367   397 0.87 -
50585at50557_67767_0:003c1e|STRG.10824.1:449-1015|+   -            189 50585at50557         -            315   1.4e-17   62.7   2.0   1   1   1.2e-19   1.8e-17   62.3   2.0   136   296    15   167     5   179 0.87 -
50585at50557_67767_0:003c1e|STRG.10824.2:467-1033|+   -            189 50585at50557         -            315   1.4e-17   62.7   2.0   1   1   1.2e-19   1.8e-17   62.3   2.0   136   296    15   167     5   179 0.87 -
50585at50557_67767_0:003c1e|STRG.10824.3:495-1061|+   -            189 50585at50557         -            315   1.4e-17   62.7   2.0   1   1   1.2e-19   1.8e-17   62.3   2.0   136   296    15   167     5   179 0.87 -
50585at50557_67767_0:003c1e|STRG.10824.4:495-1061|+   -            189 50585at50557         -            315   1.4e-17   62.7   2.0   1   1   1.2e-19   1.8e-17   62.3   2.0   136   296    15   167     5   179 0.87 -
50585at50557_67767_0:003c1e|STRG.10824.5:513-1079|+   -            189 50585at50557         -            315   1.4e-17   62.7   2.0   1   1   1.2e-19   1.8e-17   62.3   2.0   136   296    15   167     5   179 0.87 -
50585at50557_67767_0:003c1e|STRG.10824.6:513-1079|+   -            189 50585at50557         -            315   1.4e-17   62.7   2.0   1   1   1.2e-19   1.8e-17   62.3   2.0   136   296    15   167     5   179 0.87 -
50585at50557_67767_0:003c1e|STRG.10824.7:492-1058|+   -            189 50585at50557         -            315   1.4e-17   62.7   2.0   1   1   1.2e-19   1.8e-17   62.3   2.0   136   296    15   167     5   179 0.87 -
10394at50557_52612_0:0049a4|STRG.13559.3:1968-2930|+  -            321 50585at50557         -            315   1.2e-05   23.5   0.1   1   2       0.1        16    3.3   0.1    26    67    37    79    15    91 0.68 -
10394at50557_52612_0:0049a4|STRG.13559.3:1968-2930|+  -            321 50585at50557         -            315   1.2e-05   23.5   0.1   2   2   3.7e-06   0.00058   17.9   0.0    16    73   230   288   219   294 0.85 -
37657at50557_76194_0:0021a4|STRG.7127.1:3818-4054|+   -             79 50585at50557         -            315   4.9e-05   21.5   0.0   1   1   3.6e-07   5.7e-05   21.3   0.0    12    68    11    69     4    72 0.89 -
37657at50557_76194_0:0021a4|STRG.7127.2:3818-4054|+   -             79 50585at50557         -            315   4.9e-05   21.5   0.0   1   1   3.6e-07   5.7e-05   21.3   0.0    12    68    11    69     4    72 0.89 -
110125at50557_69820_0:0005bb|STRG.13559.2:2574-2906|+ -            111 50585at50557         -            315   4.9e-05   21.5   0.0   1   1   3.8e-07     6e-05   21.2   0.0    15    73    27    86    17    94 0.86 -
110125at50557_69820_0:0005bb|STRG.13559.3:2574-2906|+ -            111 50585at50557         -            315   4.9e-05   21.5   0.0   1   1   3.8e-07     6e-05   21.2   0.0    15    73    27    86    17    94 0.86 -
110125at50557_69820_0:0005bb|STRG.13559.4:2574-2906|+ -            111 50585at50557         -            315   4.9e-05   21.5   0.0   1   1   3.8e-07     6e-05   21.2   0.0    15    73    27    86    17    94 0.86 -
110125at50557_69820_0:0005bb|STRG.13559.5:2687-3019|+ -            111 50585at50557         -            315   4.9e-05   21.5   0.0   1   1   3.8e-07     6e-05   21.2   0.0    15    73    27    86    17    94 0.86 -
102616at50557_197043_0:0010e9|STRG.8265.3:335-580|+   -             82 50585at50557         -            315   0.00013   20.1   0.1   1   1   9.4e-07   0.00015   19.9   0.1    11    69    13    72     9    79 0.83 -
102616at50557_217634_0:0021fe|STRG.8265.1:127-654|+   -            176 50585at50557         -            315   0.00061   17.9   0.1   1   1   6.9e-06    0.0011   17.1   0.1    11    69   107   166   103   173 0.83 -
102616at50557_217634_0:0021fe|STRG.8265.2:252-779|+   -            176 50585at50557         -            315   0.00061   17.9   0.1   1   1   6.9e-06    0.0011   17.1   0.1    11    69   107   166   103   173 0.83 -
10394at50557_7536_0:0020dc|STRG.3448.1:1777-2364|+    -            196 50585at50557         -            315   0.00083   17.4   0.0   1   2   0.00012      0.02   12.9   0.0    11    64    16    69     7    88 0.84 -
10394at50557_7536_0:0020dc|STRG.3448.1:1777-2364|+    -            196 50585at50557         -            315   0.00083   17.4   0.0   2   2      0.16        25    2.7   0.0    26    62   153   189   139   196 0.78 -
10394at50557_7536_0:0020dc|STRG.3448.2:1409-1996|+    -            196 50585at50557         -            315   0.00083   17.4   0.0   1   2   0.00012      0.02   12.9   0.0    11    64    16    69     7    88 0.84 -
10394at50557_7536_0:0020dc|STRG.3448.2:1409-1996|+    -            196 50585at50557         -            315   0.00083   17.4   0.0   2   2      0.16        25    2.7   0.0    26    62   153   189   139   196 0.78 -
10394at50557_7536_0:0020dc|STRG.3448.3:3783-4370|+    -            196 50585at50557         -            315   0.00083   17.4   0.0   1   2   0.00012      0.02   12.9   0.0    11    64    16    69     7    88 0.84 -
10394at50557_7536_0:0020dc|STRG.3448.3:3783-4370|+    -            196 50585at50557         -            315   0.00083   17.4   0.0   2   2      0.16        25    2.7   0.0    26    62   153   189   139   196 0.78 -
10394at50557_7536_0:0020dc|STRG.3448.4:3783-4370|+    -            196 50585at50557         -            315   0.00083   17.4   0.0   1   2   0.00012      0.02   12.9   0.0    11    64    16    69     7    88 0.84 -
10394at50557_7536_0:0020dc|STRG.3448.4:3783-4370|+    -            196 50585at50557         -            315   0.00083   17.4   0.0   2   2      0.16        25    2.7   0.0    26    62   153   189   139   196 0.78 -
110125at50557_74869_0:002858|STRG.6936.1:2552-2797|+  -             82 50585at50557         -            315     0.001   17.1   0.0   1   1   7.2e-06    0.0011   17.0   0.0    33    70    15    52     4    68 0.82 -
110125at50557_74869_0:002858|STRG.6936.2:2105-2350|+  -             82 50585at50557         -            315     0.001   17.1   0.0   1   1   7.2e-06    0.0011   17.0   0.0    33    70    15    52     4    68 0.82 -
110125at50557_74869_0:002858|STRG.6936.3:1982-2227|+  -             82 50585at50557         -            315     0.001   17.1   0.0   1   1   7.2e-06    0.0011   17.0   0.0    33    70    15    52     4    68 0.82 -
10394at50557_7536_0:0020dc|STRG.16496.3:825-1337|+    -            171 50585at50557         -            315    0.0012   17.0   0.3   1   2     0.013       2.1    6.3   0.0    11    56    11    62     9    92 0.79 -
10394at50557_7536_0:0020dc|STRG.16496.3:825-1337|+    -            171 50585at50557         -            315    0.0012   17.0   0.3   2   2    0.0016      0.26    9.3   0.1    11    52   104   151    93   165 0.77 -
10394at50557_7536_0:0020dc|STRG.16496.4:224-736|+     -            171 50585at50557         -            315    0.0012   17.0   0.3   1   2     0.013       2.1    6.3   0.0    11    56    11    62     9    92 0.79 -
10394at50557_7536_0:0020dc|STRG.16496.4:224-736|+     -            171 50585at50557         -            315    0.0012   17.0   0.3   2   2    0.0016      0.26    9.3   0.1    11    52   104   151    93   165 0.77 -
110125at50557_7539_0:00092e|STRG.13641.1:754-1110|+   -            119 50585at50557         -            315    0.0022   16.1   0.0   1   1   1.4e-05    0.0022   16.1   0.0    23    67    11    54     2   105 0.84 -
110125at50557_7539_0:00092e|STRG.13641.2:589-945|+    -            119 50585at50557         -            315    0.0022   16.1   0.0   1   1   1.4e-05    0.0022   16.1   0.0    23    67    11    54     2   105 0.84 -
110125at50557_7539_0:00092e|STRG.13641.3:587-943|+    -            119 50585at50557         -            315    0.0022   16.1   0.0   1   1   1.4e-05    0.0022   16.1   0.0    23    67    11    54     2   105 0.84 -
110125at50557_7539_0:00092e|STRG.13641.4:75-431|+     -            119 50585at50557         -            315    0.0022   16.1   0.0   1   1   1.4e-05    0.0022   16.1   0.0    23    67    11    54     2   105 0.84 -
10394at50557_52612_0:0049a4|STRG.13559.1:2801-3694|+  -            298 50585at50557         -            315    0.0037   15.3   0.0   1   1   5.4e-05    0.0085   14.1   0.0    36    73    11    48     3    54 0.90 -
110125at50557_69820_0:0005bb|STRG.553.1:5068-5325|+   -             86 50585at50557         -            315    0.0047   15.0   0.0   1   1   3.4e-05    0.0053   14.8   0.0    12    68    11    71     8    80 0.78 -
110125at50557_69820_0:0005bb|STRG.553.2:4405-4662|+   -             86 50585at50557         -            315    0.0047   15.0   0.0   1   1   3.4e-05    0.0053   14.8   0.0    12    68    11    71     8    80 0.78 -
10394at50557_52612_0:0049a4|STRG.8251.5:166-1341|+    -            392 50585at50557         -            315    0.0082   14.2   0.0   1   4      0.14        21    2.9   0.0    32    64     8    40     3    49 0.86 -
10394at50557_52612_0:0049a4|STRG.8251.5:166-1341|+    -            392 50585at50557         -            315    0.0082   14.2   0.0   2   4     0.036       5.6    4.8   0.0    35    65   108   136    93   144 0.73 -
10394at50557_52612_0:0049a4|STRG.8251.5:166-1341|+    -            392 50585at50557         -            315    0.0082   14.2   0.0   3   4       4.7   7.4e+02   -2.1   0.0    26    67   207   250   205   261 0.71 -
10394at50557_52612_0:0049a4|STRG.8251.5:166-1341|+    -            392 50585at50557         -            315    0.0082   14.2   0.0   4   4      0.42        67    1.3   0.0    30    55   302   328   288   342 0.74 -
37657at50557_76194_0:0021a4|STRG.8606.1:671-946|+     -             92 50585at50557         -            315     0.014   13.4   0.0   1   1   0.00011     0.017   13.1   0.0    25    69    40    84    35    88 0.94 -
110125at50557_174628_0:002430|STRG.7390.3:1779-2162|+ -            128 50585at50557         -            315     0.021   12.8   0.0   1   1   0.00016     0.025   12.6   0.0    12    70    18    72    16    92 0.85 -
110125at50557_224129_0:002918|STRG.7390.1:2221-2616|+ -            132 50585at50557         -            315     0.026   12.5   0.1   1   1   0.00021     0.033   12.2   0.1    12    70    15    69    13    78 0.84 -
37657at50557_108931_0:003065|STRG.14368.4:147-710|+   -            188 50585at50557         -            315     0.071   11.1   0.2   1   1   0.00075      0.12   10.4   0.0    19    68    37    86    29    91 0.89 -
37657at50557_76194_0:0021a4|STRG.16496.1:1410-1679|+  -             90 50585at50557         -            315     0.082   10.9   0.1   1   1   0.00056     0.088   10.8   0.1    12    67    13    68     7    82 0.80 -
37657at50557_76194_0:0021a4|STRG.16496.2:2773-3042|+  -             90 50585at50557         -            315     0.082   10.9   0.1   1   1   0.00056     0.088   10.8   0.1    12    67    13    68     7    82 0.80 -
37657at50557_76194_0:0021a4|STRG.16496.5:1366-1635|+  -             90 50585at50557         -            315     0.082   10.9   0.1   1   1   0.00056     0.088   10.8   0.1    12    67    13    68     7    82 0.80 -
37657at50557_76194_0:0021a4|STRG.16496.6:760-1029|+   -             90 50585at50557         -            315     0.082   10.9   0.1   1   1   0.00056     0.088   10.8   0.1    12    67    13    68     7    82 0.80 -
37657at50557_76194_0:0021a4|STRG.16496.7:803-1072|+   -             90 50585at50557         -            315     0.082   10.9   0.1   1   1   0.00056     0.088   10.8   0.1    12    67    13    68     7    82 0.80 -
37657at50557_76194_0:0021a4|STRG.16496.8:803-1072|+   -             90 50585at50557         -            315     0.082   10.9   0.1   1   1   0.00056     0.088   10.8   0.1    12    67    13    68     7    82 0.80 -
37657at50557_76194_0:0021a4|STRG.16496.9:506-775|+    -             90 50585at50557         -            315     0.082   10.9   0.1   1   1   0.00056     0.088   10.8   0.1    12    67    13    68     7    82 0.80 -
10394at50557_7536_0:0020dc|STRG.8251.3:216-743|+      -            176 50585at50557         -            315     0.083   10.9   0.0   1   2    0.0047      0.74    7.7   0.0    12    64    41    92    36   111 0.79 -
10394at50557_7536_0:0020dc|STRG.8251.3:216-743|+      -            176 50585at50557         -            315     0.083   10.9   0.0   2   2       0.5        78    1.1   0.0    35    51   160   176   144   176 0.75 -
10394at50557_7536_0:0020dc|STRG.8251.4:213-740|+      -            176 50585at50557         -            315     0.083   10.9   0.0   1   2    0.0047      0.74    7.7   0.0    12    64    41    92    36   111 0.79 -
10394at50557_7536_0:0020dc|STRG.8251.4:213-740|+      -            176 50585at50557         -            315     0.083   10.9   0.0   2   2       0.5        78    1.1   0.0    35    51   160   176   144   176 0.75 -
10394at50557_378494_0:004c1b|STRG.13559.1:1505-2320|+ -            272 50585at50557         -            315     0.092   10.7   0.2   1   2     0.015       2.4    6.1   0.0    36    70    34    68     8    86 0.79 -
10394at50557_378494_0:004c1b|STRG.13559.1:1505-2320|+ -            272 50585at50557         -            315     0.092   10.7   0.2   2   2      0.15        23    2.8   0.0    26    64   229   268   207   272 0.66 -
10394at50557_378494_0:004c1b|STRG.13559.2:1392-2207|+ -            272 50585at50557         -            315     0.092   10.7   0.2   1   2     0.015       2.4    6.1   0.0    36    70    34    68     8    86 0.79 -
10394at50557_378494_0:004c1b|STRG.13559.2:1392-2207|+ -            272 50585at50557         -            315     0.092   10.7   0.2   2   2      0.15        23    2.8   0.0    26    64   229   268   207   272 0.66 -
10394at50557_378494_0:004c1b|STRG.13559.4:1392-2207|+ -            272 50585at50557         -            315     0.092   10.7   0.2   1   2     0.015       2.4    6.1   0.0    36    70    34    68     8    86 0.79 -
10394at50557_378494_0:004c1b|STRG.13559.4:1392-2207|+ -            272 50585at50557         -            315     0.092   10.7   0.2   2   2      0.15        23    2.8   0.0    26    64   229   268   207   272 0.66 -
10394at50557_378494_0:004c1b|STRG.13559.5:1505-2320|+ -            272 50585at50557         -            315     0.092   10.7   0.2   1   2     0.015       2.4    6.1   0.0    36    70    34    68     8    86 0.79 -
10394at50557_378494_0:004c1b|STRG.13559.5:1505-2320|+ -            272 50585at50557         -            315     0.092   10.7   0.2   2   2      0.15        23    2.8   0.0    26    64   229   268   207   272 0.66 -
#
# Program:         hmmsearch
# Version:         3.4 (Aug 2023)
# Pipeline mode:   SEARCH
# Query file:      /data/projet1/projet_tutore/busco_downloads/lineages/insecta_odb10/hmms/50585at50557.hmm
# Target file:     annotation_analysis/annotation_gcf/T_zeteki/busco_output/run_insecta_odb10/metaeuk_output/initial_results/assembled_transcripts.fasta.modified.fas
# Option settings: hmmsearch --domtblout annotation_analysis/annotation_gcf/T_zeteki/busco_output/run_insecta_odb10/hmmer_output/initial_run_results/50585at50557.out --cpu 1 /data/projet1/projet_tutore/busco_downloads/lineages/insecta_odb10/hmms/50585at50557.hmm annotation_analysis/annotation_gcf/T_zeteki/busco_output/run_insecta_odb10/metaeuk_output/initial_results/assembled_transcripts.fasta.modified.fas 
# Current dir:     /data/projet1/projet_tutore
# Date:            Sun Dec  1 20:28:06 2024
# [ok]
