#                                                                                                              --- full sequence --- -------------- this domain -------------   hmm coord   ali coord   env coord
# target name                                          accession   tlen query name           accession   qlen   E-value  score  bias   #  of  c-Evalue  i-Evalue  score  bias  from    to  from    to  from    to  acc description of target
#                                  ------------------- ---------- ----- -------------------- ---------- ----- --------- ------ ----- --- --- --------- --------- ------ ----- ----- ----- ----- ----- ----- ----- ---- ---------------------
54603at50557_103372_0:00290d|STRG.13380.1:75-1919|+    -            615 54603at50557         -            483  5.8e-232  769.4  24.3   1   1  1.1e-233  7.4e-232  769.0  24.3     1   481    96   613    96   615 0.95 -
25718at50557_7160_0:003d21|STRG.16689.1:1251-4187|+    -            979 54603at50557         -            483   9.7e-55  184.9  56.1   1   9   3.3e-06   0.00023   18.8   0.2   356   429     1    78     1    83 0.80 -
25718at50557_7160_0:003d21|STRG.16689.1:1251-4187|+    -            979 54603at50557         -            483   9.7e-55  184.9  56.1   2   9   0.00016     0.011   13.2   0.4   139   201    71   138    69   157 0.76 -
25718at50557_7160_0:003d21|STRG.16689.1:1251-4187|+    -            979 54603at50557         -            483   9.7e-55  184.9  56.1   3   9   4.8e-11   3.3e-09   34.7   0.2   269   393   145   279   139   290 0.62 -
25718at50557_7160_0:003d21|STRG.16689.1:1251-4187|+    -            979 54603at50557         -            483   9.7e-55  184.9  56.1   4   9   1.8e-05    0.0012   16.4   0.1   269   326   264   322   261   327 0.83 -
25718at50557_7160_0:003d21|STRG.16689.1:1251-4187|+    -            979 54603at50557         -            483   9.7e-55  184.9  56.1   5   9   0.00023     0.016   12.7   2.1    41   139   317   428   316   431 0.76 -
25718at50557_7160_0:003d21|STRG.16689.1:1251-4187|+    -            979 54603at50557         -            483   9.7e-55  184.9  56.1   6   9   2.6e-07   1.8e-05   22.5   2.8   331   420   412   506   364   512 0.65 -
25718at50557_7160_0:003d21|STRG.16689.1:1251-4187|+    -            979 54603at50557         -            483   9.7e-55  184.9  56.1   7   9   0.00019     0.013   13.0   0.4   271   307   513   549   508   553 0.93 -
25718at50557_7160_0:003d21|STRG.16689.1:1251-4187|+    -            979 54603at50557         -            483   9.7e-55  184.9  56.1   8   9   1.7e-15   1.1e-13   49.5   7.3    46   218   571   764   565   790 0.63 -
25718at50557_7160_0:003d21|STRG.16689.1:1251-4187|+    -            979 54603at50557         -            483   9.7e-55  184.9  56.1   9   9   1.9e-13   1.3e-11   42.7   5.4    55   180   799   939   779   957 0.82 -
25718at50557_7160_0:003d21|STRG.16689.3:1478-4414|+    -            979 54603at50557         -            483   9.7e-55  184.9  56.1   1   9   3.3e-06   0.00023   18.8   0.2   356   429     1    78     1    83 0.80 -
25718at50557_7160_0:003d21|STRG.16689.3:1478-4414|+    -            979 54603at50557         -            483   9.7e-55  184.9  56.1   2   9   0.00016     0.011   13.2   0.4   139   201    71   138    69   157 0.76 -
25718at50557_7160_0:003d21|STRG.16689.3:1478-4414|+    -            979 54603at50557         -            483   9.7e-55  184.9  56.1   3   9   4.8e-11   3.3e-09   34.7   0.2   269   393   145   279   139   290 0.62 -
25718at50557_7160_0:003d21|STRG.16689.3:1478-4414|+    -            979 54603at50557         -            483   9.7e-55  184.9  56.1   4   9   1.8e-05    0.0012   16.4   0.1   269   326   264   322   261   327 0.83 -
25718at50557_7160_0:003d21|STRG.16689.3:1478-4414|+    -            979 54603at50557         -            483   9.7e-55  184.9  56.1   5   9   0.00023     0.016   12.7   2.1    41   139   317   428   316   431 0.76 -
25718at50557_7160_0:003d21|STRG.16689.3:1478-4414|+    -            979 54603at50557         -            483   9.7e-55  184.9  56.1   6   9   2.6e-07   1.8e-05   22.5   2.8   331   420   412   506   364   512 0.65 -
25718at50557_7160_0:003d21|STRG.16689.3:1478-4414|+    -            979 54603at50557         -            483   9.7e-55  184.9  56.1   7   9   0.00019     0.013   13.0   0.4   271   307   513   549   508   553 0.93 -
25718at50557_7160_0:003d21|STRG.16689.3:1478-4414|+    -            979 54603at50557         -            483   9.7e-55  184.9  56.1   8   9   1.7e-15   1.1e-13   49.5   7.3    46   218   571   764   565   790 0.63 -
25718at50557_7160_0:003d21|STRG.16689.3:1478-4414|+    -            979 54603at50557         -            483   9.7e-55  184.9  56.1   9   9   1.9e-13   1.3e-11   42.7   5.4    55   180   799   939   779   957 0.82 -
25718at50557_7493_0:0009f9|STRG.16686.1:516-3803|+     -           1096 54603at50557         -            483   2.3e-52  177.1  51.3   1   6   8.5e-06   0.00058   17.5   0.3   335   427     6   104     2   107 0.81 -
25718at50557_7493_0:0009f9|STRG.16686.1:516-3803|+     -           1096 54603at50557         -            483   2.3e-52  177.1  51.3   2   6   3.7e-18   2.5e-16   58.2   6.6    59   323    79   347    77   350 0.81 -
25718at50557_7493_0:0009f9|STRG.16686.1:516-3803|+     -           1096 54603at50557         -            483   2.3e-52  177.1  51.3   3   6   1.7e-07   1.1e-05   23.1   4.6   294   420   398   536   393   539 0.76 -
25718at50557_7493_0:0009f9|STRG.16686.1:516-3803|+     -           1096 54603at50557         -            483   2.3e-52  177.1  51.3   4   6   0.00095     0.065   10.7   0.1   271   311   543   583   537   588 0.94 -
25718at50557_7493_0:0009f9|STRG.16686.1:516-3803|+     -           1096 54603at50557         -            483   2.3e-52  177.1  51.3   5   6   2.5e-13   1.7e-11   42.3   3.5    55   200   610   772   584   772 0.61 -
25718at50557_7493_0:0009f9|STRG.16686.1:516-3803|+     -           1096 54603at50557         -            483   2.3e-52  177.1  51.3   6   6   4.9e-13   3.3e-11   41.3   3.5    43   180   814   969   798   987 0.83 -
54603at50557_7070_0:002ddb|STRG.314.1:171-1352|+       -            394 54603at50557         -            483   1.6e-51  174.3  16.6   1   4   8.8e-14     6e-12   43.8   0.2   108   206    11   121     3   125 0.81 -
54603at50557_7070_0:002ddb|STRG.314.1:171-1352|+       -            394 54603at50557         -            483   1.6e-51  174.3  16.6   2   4   2.6e-15   1.7e-13   48.9   0.2    55   139   120   204   117   206 0.95 -
54603at50557_7070_0:002ddb|STRG.314.1:171-1352|+       -            394 54603at50557         -            483   1.6e-51  174.3  16.6   3   4   5.6e-14   3.8e-12   44.4   0.4   334   434   191   293   191   299 0.94 -
54603at50557_7070_0:002ddb|STRG.314.1:171-1352|+       -            394 54603at50557         -            483   1.6e-51  174.3  16.6   4   4   1.5e-18   9.9e-17   59.6   3.8   335   438   284   389   284   392 0.94 -
54603at50557_7070_0:002ddb|STRG.314.2:171-1352|+       -            394 54603at50557         -            483   1.6e-51  174.3  16.6   1   4   8.8e-14     6e-12   43.8   0.2   108   206    11   121     3   125 0.81 -
54603at50557_7070_0:002ddb|STRG.314.2:171-1352|+       -            394 54603at50557         -            483   1.6e-51  174.3  16.6   2   4   2.6e-15   1.7e-13   48.9   0.2    55   139   120   204   117   206 0.95 -
54603at50557_7070_0:002ddb|STRG.314.2:171-1352|+       -            394 54603at50557         -            483   1.6e-51  174.3  16.6   3   4   5.6e-14   3.8e-12   44.4   0.4   334   434   191   293   191   299 0.94 -
54603at50557_7070_0:002ddb|STRG.314.2:171-1352|+       -            394 54603at50557         -            483   1.6e-51  174.3  16.6   4   4   1.5e-18   9.9e-17   59.6   3.8   335   438   284   389   284   392 0.94 -
54603at50557_7070_0:002ddb|STRG.314.3:73-1254|+        -            394 54603at50557         -            483   1.6e-51  174.3  16.6   1   4   8.8e-14     6e-12   43.8   0.2   108   206    11   121     3   125 0.81 -
54603at50557_7070_0:002ddb|STRG.314.3:73-1254|+        -            394 54603at50557         -            483   1.6e-51  174.3  16.6   2   4   2.6e-15   1.7e-13   48.9   0.2    55   139   120   204   117   206 0.95 -
54603at50557_7070_0:002ddb|STRG.314.3:73-1254|+        -            394 54603at50557         -            483   1.6e-51  174.3  16.6   3   4   5.6e-14   3.8e-12   44.4   0.4   334   434   191   293   191   299 0.94 -
54603at50557_7070_0:002ddb|STRG.314.3:73-1254|+        -            394 54603at50557         -            483   1.6e-51  174.3  16.6   4   4   1.5e-18   9.9e-17   59.6   3.8   335   438   284   389   284   392 0.94 -
54603at50557_7070_0:002ddb|STRG.314.4:33-1214|+        -            394 54603at50557         -            483   1.6e-51  174.3  16.6   1   4   8.8e-14     6e-12   43.8   0.2   108   206    11   121     3   125 0.81 -
54603at50557_7070_0:002ddb|STRG.314.4:33-1214|+        -            394 54603at50557         -            483   1.6e-51  174.3  16.6   2   4   2.6e-15   1.7e-13   48.9   0.2    55   139   120   204   117   206 0.95 -
54603at50557_7070_0:002ddb|STRG.314.4:33-1214|+        -            394 54603at50557         -            483   1.6e-51  174.3  16.6   3   4   5.6e-14   3.8e-12   44.4   0.4   334   434   191   293   191   299 0.94 -
54603at50557_7070_0:002ddb|STRG.314.4:33-1214|+        -            394 54603at50557         -            483   1.6e-51  174.3  16.6   4   4   1.5e-18   9.9e-17   59.6   3.8   335   438   284   389   284   392 0.94 -
25718at50557_29031_0:000108|STRG.16689.5:130-2838|+    -            903 54603at50557         -            483   8.9e-49  165.3  50.8   1   7    0.0058       0.4    8.1   0.1    82   116    22    57     1    65 0.79 -
25718at50557_29031_0:000108|STRG.16689.5:130-2838|+    -            903 54603at50557         -            483   8.9e-49  165.3  50.8   2   7   1.5e-14     1e-12   46.3   1.8   271   433    70   241    61   261 0.83 -
25718at50557_29031_0:000108|STRG.16689.5:130-2838|+    -            903 54603at50557         -            483   8.9e-49  165.3  50.8   3   7   0.00032     0.022   12.3   2.3    43   139   218   327   216   330 0.75 -
25718at50557_29031_0:000108|STRG.16689.5:130-2838|+    -            903 54603at50557         -            483   8.9e-49  165.3  50.8   4   7   3.1e-07   2.1e-05   22.2   1.4   334   420   314   405   308   411 0.81 -
25718at50557_29031_0:000108|STRG.16689.5:130-2838|+    -            903 54603at50557         -            483   8.9e-49  165.3  50.8   5   7   0.00014    0.0097   13.4   0.3   271   307   412   448   404   453 0.93 -
25718at50557_29031_0:000108|STRG.16689.5:130-2838|+    -            903 54603at50557         -            483   8.9e-49  165.3  50.8   6   7     2e-15   1.4e-13   49.2   7.8    46   220   470   665   466   693 0.65 -
25718at50557_29031_0:000108|STRG.16689.5:130-2838|+    -            903 54603at50557         -            483   8.9e-49  165.3  50.8   7   7   1.6e-13   1.1e-11   42.9   5.3    55   180   698   838   678   856 0.82 -
54603at50557_116153_0:001d7a|STRG.11923.7:495-1970|+   -            492 54603at50557         -            483   4.2e-48  163.0  39.8   1   5   2.4e-17   1.6e-15   55.5   8.9   329   424    19   116     2   118 0.86 -
54603at50557_116153_0:001d7a|STRG.11923.7:495-1970|+   -            492 54603at50557         -            483   4.2e-48  163.0  39.8   2   5     4e-08   2.7e-06   25.1   0.2    67   120   103   156   102   163 0.95 -
54603at50557_116153_0:001d7a|STRG.11923.7:495-1970|+   -            492 54603at50557         -            483   4.2e-48  163.0  39.8   3   5   6.2e-14   4.3e-12   44.3   4.7   337   435   164   264   157   275 0.90 -
54603at50557_116153_0:001d7a|STRG.11923.7:495-1970|+   -            492 54603at50557         -            483   4.2e-48  163.0  39.8   4   5   1.3e-15   9.2e-14   49.8   0.7    28   146   334   455   324   456 0.88 -
54603at50557_116153_0:001d7a|STRG.11923.7:495-1970|+   -            492 54603at50557         -            483   4.2e-48  163.0  39.8   5   5   1.3e-12   9.1e-11   39.9   4.0   336   433   391   491   390   492 0.92 -
8280at50557_609295_0:000daa|STRG.5183.1:211-3645|+     -           1145 54603at50557         -            483   8.8e-45  152.1  51.6   1   8   2.1e-10   1.4e-08   32.6   2.2    61   199    83   235    58   254 0.61 -
8280at50557_609295_0:000daa|STRG.5183.1:211-3645|+     -           1145 54603at50557         -            483   8.8e-45  152.1  51.6   2   8   6.4e-09   4.4e-07   27.8   1.5    39   139   246   352   238   356 0.63 -
8280at50557_609295_0:000daa|STRG.5183.1:211-3645|+     -           1145 54603at50557         -            483   8.8e-45  152.1  51.6   3   8   0.00012    0.0081   13.7   0.0   270   326   365   421   355   423 0.90 -
8280at50557_609295_0:000daa|STRG.5183.1:211-3645|+     -           1145 54603at50557         -            483   8.8e-45  152.1  51.6   4   8   1.1e-11   7.3e-10   36.9   0.8   273   416   416   575   413   579 0.82 -
8280at50557_609295_0:000daa|STRG.5183.1:211-3645|+     -           1145 54603at50557         -            483   8.8e-45  152.1  51.6   5   8   0.00033     0.022   12.2   0.3   102   197   583   692   576   695 0.49 -
8280at50557_609295_0:000daa|STRG.5183.1:211-3645|+     -           1145 54603at50557         -            483   8.8e-45  152.1  51.6   6   8   1.9e-13   1.3e-11   42.6   7.1   278   459   688   885   686   890 0.60 -
8280at50557_609295_0:000daa|STRG.5183.1:211-3645|+     -           1145 54603at50557         -            483   8.8e-45  152.1  51.6   7   8   5.3e-08   3.6e-06   24.7  10.3   252   433   780   968   779   996 0.76 -
8280at50557_609295_0:000daa|STRG.5183.1:211-3645|+     -           1145 54603at50557         -            483   8.8e-45  152.1  51.6   8   8       3.1   2.1e+02   -0.9   0.1   105   118  1088  1100  1018  1114 0.56 -
54603at50557_88501_0:001520|STRG.3757.1:27-1118|+      -            364 54603at50557         -            483   8.5e-42  142.2  58.2   1   3   2.9e-18     2e-16   58.6  17.3    53   226    20   211    16   214 0.84 -
54603at50557_88501_0:001520|STRG.3757.1:27-1118|+      -            364 54603at50557         -            483   8.5e-42  142.2  58.2   2   3   6.5e-18   4.5e-16   57.4  17.2   272   437   121   295   116   301 0.91 -
54603at50557_88501_0:001520|STRG.3757.1:27-1118|+      -            364 54603at50557         -            483   8.5e-42  142.2  58.2   3   3   9.7e-17   6.7e-15   53.5   7.7   269   410   214   363   212   364 0.57 -
7376at50557_121225_0:001986|STRG.9363.1:876-3260|+     -            795 54603at50557         -            483   4.4e-39  133.3  36.1   1   7    0.0078      0.53    7.7   0.0    79   121    16    59     9    65 0.80 -
7376at50557_121225_0:001986|STRG.9363.1:876-3260|+     -            795 54603at50557         -            483   4.4e-39  133.3  36.1   2   7   2.6e-07   1.8e-05   22.4   0.2    76   138    65   129    59   130 0.88 -
7376at50557_121225_0:001986|STRG.9363.1:876-3260|+     -            795 54603at50557         -            483   4.4e-39  133.3  36.1   3   7   5.1e-22   3.5e-20   71.0  11.2    56   306   116   372   112   375 0.83 -
7376at50557_121225_0:001986|STRG.9363.1:876-3260|+     -            795 54603at50557         -            483   4.4e-39  133.3  36.1   4   7     1e-07   6.9e-06   23.8   0.4   356   415   359   420   358   427 0.92 -
7376at50557_121225_0:001986|STRG.9363.1:876-3260|+     -            795 54603at50557         -            483   4.4e-39  133.3  36.1   5   7   0.00011    0.0078   13.7   1.1   229   308   437   514   422   519 0.90 -
7376at50557_121225_0:001986|STRG.9363.1:876-3260|+     -            795 54603at50557         -            483   4.4e-39  133.3  36.1   6   7   3.8e-05    0.0026   15.3   0.0   316   393   633   716   626   727 0.82 -
7376at50557_121225_0:001986|STRG.9363.1:876-3260|+     -            795 54603at50557         -            483   4.4e-39  133.3  36.1   7   7     0.006      0.41    8.0   0.1   271   309   727   765   719   780 0.72 -
8280at50557_103372_0:001996|STRG.2547.2:229-4275|+     -           1284 54603at50557         -            483   4.2e-38  130.0  63.3   1   5   3.5e-05    0.0024   15.4   0.5   347   427    65   149    56   151 0.84 -
8280at50557_103372_0:001996|STRG.2547.2:229-4275|+     -           1284 54603at50557         -            483   4.2e-38  130.0  63.3   2   5   1.7e-16   1.2e-14   52.7  20.3    40   418   126   536   121   537 0.74 -
8280at50557_103372_0:001996|STRG.2547.2:229-4275|+     -           1284 54603at50557         -            483   4.2e-38  130.0  63.3   3   5   1.4e-08   9.7e-07   26.6  19.1    58   414   321   680   311   688 0.69 -
8280at50557_103372_0:001996|STRG.2547.2:229-4275|+     -           1284 54603at50557         -            483   4.2e-38  130.0  63.3   4   5     1e-12   6.9e-11   40.3   5.9    81   222   727   888   724   895 0.81 -
8280at50557_103372_0:001996|STRG.2547.2:229-4275|+     -           1284 54603at50557         -            483   4.2e-38  130.0  63.3   5   5   7.8e-07   5.3e-05   20.9   3.8    62   149   926  1015   901  1057 0.79 -
8280at50557_103372_0:001996|STRG.2547.1:229-4152|+     -           1284 54603at50557         -            483   4.9e-38  129.8  63.1   1   5   3.4e-05    0.0023   15.5   0.5   347   427    65   149    56   151 0.84 -
8280at50557_103372_0:001996|STRG.2547.1:229-4152|+     -           1284 54603at50557         -            483   4.9e-38  129.8  63.1   2   5   1.8e-16   1.2e-14   52.7  20.3    40   418   126   536   121   537 0.74 -
8280at50557_103372_0:001996|STRG.2547.1:229-4152|+     -           1284 54603at50557         -            483   4.9e-38  129.8  63.1   3   5   9.7e-09   6.6e-07   27.2   7.2   266   414   516   680   503   685 0.71 -
8280at50557_103372_0:001996|STRG.2547.1:229-4152|+     -           1284 54603at50557         -            483   4.9e-38  129.8  63.1   4   5   1.2e-12   8.3e-11   40.0   6.2    81   222   727   888   724   895 0.81 -
8280at50557_103372_0:001996|STRG.2547.1:229-4152|+     -           1284 54603at50557         -            483   4.9e-38  129.8  63.1   5   5     7e-07   4.8e-05   21.0   2.6    69   148   933  1014   921  1035 0.74 -
25718at50557_34720_0:000a06|STRG.13990.2:3-4715|+      -           1559 54603at50557         -            483   2.2e-34  117.8  38.5   1   4   1.4e-05   0.00096   16.7   1.8   271   434    91   263    84   280 0.71 -
25718at50557_34720_0:000a06|STRG.13990.2:3-4715|+      -           1559 54603at50557         -            483   2.2e-34  117.8  38.5   2   4   1.9e-08   1.3e-06   26.2   0.6   270   416   280   442   257   445 0.78 -
25718at50557_34720_0:000a06|STRG.13990.2:3-4715|+      -           1559 54603at50557         -            483   2.2e-34  117.8  38.5   3   4     1e-09   6.8e-08   30.4   0.5   274   416   384   539   376   547 0.82 -
25718at50557_34720_0:000a06|STRG.13990.2:3-4715|+      -           1559 54603at50557         -            483   2.2e-34  117.8  38.5   4   4   5.5e-21   3.8e-19   67.5  18.5    59   414   546   943   539   946 0.81 -
25718at50557_166361_0:002b27|STRG.8501.1:497-3064|+    -            856 54603at50557         -            483   3.4e-32  110.5  38.6   1   6   3.3e-06   0.00022   18.8   0.8    92   199    54   162     7   163 0.81 -
25718at50557_166361_0:002b27|STRG.8501.1:497-3064|+    -            856 54603at50557         -            483   3.4e-32  110.5  38.6   2   6   3.8e-14   2.6e-12   45.0  10.5    40   230   126   342   119   342 0.82 -
25718at50557_166361_0:002b27|STRG.8501.1:497-3064|+    -            856 54603at50557         -            483   3.4e-32  110.5  38.6   3   6   5.7e-13   3.9e-11   41.1   6.6   271   438   197   378   191   381 0.59 -
25718at50557_166361_0:002b27|STRG.8501.1:497-3064|+    -            856 54603at50557         -            483   3.4e-32  110.5  38.6   4   6   3.8e-08   2.6e-06   25.2   0.4    81   155   342   426   340   430 0.81 -
25718at50557_166361_0:002b27|STRG.8501.1:497-3064|+    -            856 54603at50557         -            483   3.4e-32  110.5  38.6   5   6      0.15        10    3.4   0.2   270   308   528   566   522   574 0.90 -
25718at50557_166361_0:002b27|STRG.8501.1:497-3064|+    -            856 54603at50557         -            483   3.4e-32  110.5  38.6   6   6   5.7e-10   3.9e-08   31.2   0.8    40   173   687   822   679   831 0.85 -
25718at50557_29058_0:000d02|STRG.9394.1:951-3341|+     -            797 54603at50557         -            483   7.6e-31  106.1  41.1   1   7   8.9e-06   0.00061   17.4   3.6    40   137     3   111     2   112 0.77 -
25718at50557_29058_0:000d02|STRG.9394.1:951-3341|+     -            797 54603at50557         -            483   7.6e-31  106.1  41.1   2   7   5.3e-07   3.6e-05   21.4   2.8    54   137    97   185    89   189 0.83 -
25718at50557_29058_0:000d02|STRG.9394.1:951-3341|+     -            797 54603at50557         -            483   7.6e-31  106.1  41.1   3   7   0.00012    0.0084   13.6   0.0   270   307   199   236   192   244 0.90 -
25718at50557_29058_0:000d02|STRG.9394.1:951-3341|+     -            797 54603at50557         -            483   7.6e-31  106.1  41.1   4   7   1.4e-09   9.8e-08   29.9   1.7    56   139   245   330   238   334 0.87 -
25718at50557_29058_0:000d02|STRG.9394.1:951-3341|+     -            797 54603at50557         -            483   7.6e-31  106.1  41.1   5   7     6e-06   0.00041   17.9   0.7   341   415   324   402   321   434 0.80 -
25718at50557_29058_0:000d02|STRG.9394.1:951-3341|+     -            797 54603at50557         -            483   7.6e-31  106.1  41.1   6   7    0.0022      0.15    9.5   0.1   270   309   458   497   455   508 0.92 -
25718at50557_29058_0:000d02|STRG.9394.1:951-3341|+     -            797 54603at50557         -            483   7.6e-31  106.1  41.1   7   7   3.2e-06   0.00022   18.9   0.1    40   153   617   742   612   746 0.80 -
25718at50557_136037_0:000614|STRG.9366.1:1296-3854|+   -            853 54603at50557         -            483   4.3e-28   97.0  36.1   1   3     3e-08   2.1e-06   25.5   0.7   183   312    53   195    25   200 0.64 -
25718at50557_136037_0:000614|STRG.9366.1:1296-3854|+   -            853 54603at50557         -            483   4.3e-28   97.0  36.1   2   3   1.5e-18   1.1e-16   59.5  20.7    39   394   179   571   171   581 0.81 -
25718at50557_136037_0:000614|STRG.9366.1:1296-3854|+   -            853 54603at50557         -            483   4.3e-28   97.0  36.1   3   3   8.4e-08   5.7e-06   24.1   1.3    40   156   690   810   684   826 0.80 -
8280at50557_7160_0:00112a|STRG.4746.1:1047-2225|+      -            393 54603at50557         -            483   8.5e-28   96.1   8.1   1   3   3.8e-17   2.6e-15   54.9   0.0   278   418     8   160     2   163 0.86 -
8280at50557_7160_0:00112a|STRG.4746.1:1047-2225|+      -            393 54603at50557         -            483   8.5e-28   96.1   8.1   2   3   1.4e-08   9.5e-07   26.6   0.1    57   124   119   188   113   193 0.87 -
8280at50557_7160_0:00112a|STRG.4746.1:1047-2225|+      -            393 54603at50557         -            483   8.5e-28   96.1   8.1   3   3   2.8e-10   1.9e-08   32.3   1.8   268   389   166   297   163   305 0.84 -
83902at50557_13686_0:0017a1|STRG.4010.1:104-955|+      -            284 54603at50557         -            483   4.9e-25   86.9  19.5   1   2   1.4e-09   9.4e-08   30.0   2.9    40   140    32   136    11   140 0.61 -
83902at50557_13686_0:0017a1|STRG.4010.1:104-955|+      -            284 54603at50557         -            483   4.9e-25   86.9  19.5   2   2   9.6e-22   6.5e-20   70.1   8.9   264   425    48   217    40   229 0.89 -
83902at50557_319348_0:0019ae|STRG.12098.1:471-1037|+   -            189 54603at50557         -            483   5.1e-25   86.9   4.7   1   1   1.1e-26   7.8e-25   86.3   4.7   271   435     8   178     4   189 0.91 -
83902at50557_7165_0:002695|STRG.3052.2:220-708|+       -            163 54603at50557         -            483   7.5e-25   86.3   9.3   1   2   1.3e-14   8.9e-13   46.5   0.8    57   138    32   113    25   114 0.96 -
83902at50557_7165_0:002695|STRG.3052.2:220-708|+       -            163 54603at50557         -            483   7.5e-25   86.3   9.3   2   2   7.2e-16   4.9e-14   50.7   2.1   352   435    74   158    72   162 0.95 -
83902at50557_7165_0:002695|STRG.3052.1:167-679|+       -            171 54603at50557         -            483   8.6e-25   86.1   9.0   1   2   1.4e-14   9.6e-13   46.4   0.7    57   138    40   121    33   122 0.96 -
83902at50557_7165_0:002695|STRG.3052.1:167-679|+       -            171 54603at50557         -            483   8.6e-25   86.1   9.0   2   2   7.8e-16   5.3e-14   50.6   2.1   352   435    82   166    80   170 0.95 -
54603at50557_116153_0:001d7a|STRG.11923.6:915-1781|+   -            289 54603at50557         -            483   4.8e-24   83.7  13.4   1   3   2.1e-08   1.4e-06   26.1   0.4   379   435     5    61     2    81 0.86 -
54603at50557_116153_0:001d7a|STRG.11923.6:915-1781|+   -            289 54603at50557         -            483   4.8e-24   83.7  13.4   2   3   1.6e-06   0.00011   19.8   0.0   159   205   137   183   103   186 0.79 -
54603at50557_116153_0:001d7a|STRG.11923.6:915-1781|+   -            289 54603at50557         -            483   4.8e-24   83.7  13.4   3   3   4.4e-13     3e-11   41.5   4.0   336   433   188   288   185   289 0.92 -
83902at50557_568069_0:000a01|STRG.9403.1:484-1074|+    -            197 54603at50557         -            483   6.2e-24   83.3   9.3   1   2   2.1e-09   1.4e-07   29.4   0.8   337   434     2   102     1   107 0.94 -
83902at50557_568069_0:000a01|STRG.9403.1:484-1074|+    -            197 54603at50557         -            483   6.2e-24   83.3   9.3   2   2     2e-18   1.4e-16   59.1   2.2   344   435   102   195    99   197 0.91 -
109776at50557_69004_0:002548|STRG.9193.1:232-732|+     -            167 54603at50557         -            483   1.9e-23   81.7   6.6   1   2   1.5e-09     1e-07   29.9   0.2   368   425     8    66     1    70 0.77 -
109776at50557_69004_0:002548|STRG.9193.1:232-732|+     -            167 54603at50557         -            483   1.9e-23   81.7   6.6   2   2   9.3e-18   6.3e-16   56.9   1.7   330   434    61   167    59   167 0.93 -
109776at50557_69004_0:002548|STRG.9193.2:232-732|+     -            167 54603at50557         -            483   1.9e-23   81.7   6.6   1   2   1.5e-09     1e-07   29.9   0.2   368   425     8    66     1    70 0.77 -
109776at50557_69004_0:002548|STRG.9193.2:232-732|+     -            167 54603at50557         -            483   1.9e-23   81.7   6.6   2   2   9.3e-18   6.3e-16   56.9   1.7   330   434    61   167    59   167 0.93 -
8280at50557_121225_0:0005bf|STRG.1873.1:940-2799|+     -            620 54603at50557         -            483   5.6e-22   76.9  44.4   1   5     0.094       6.4    4.1   0.5   380   416     2    39     1    43 0.76 -
8280at50557_121225_0:0005bf|STRG.1873.1:940-2799|+     -            620 54603at50557         -            483   5.6e-22   76.9  44.4   2   5   1.8e-14   1.3e-12   46.0  12.5   271   429    49   222    37   225 0.84 -
8280at50557_121225_0:0005bf|STRG.1873.1:940-2799|+     -            620 54603at50557         -            483   5.6e-22   76.9  44.4   3   5   1.5e-07     1e-05   23.3   0.8   248   309   196   257   191   263 0.90 -
8280at50557_121225_0:0005bf|STRG.1873.1:940-2799|+     -            620 54603at50557         -            483   5.6e-22   76.9  44.4   4   5    0.0021      0.14    9.6   4.2   271   378   267   371   261   387 0.74 -
8280at50557_121225_0:0005bf|STRG.1873.1:940-2799|+     -            620 54603at50557         -            483   5.6e-22   76.9  44.4   5   5   7.2e-06   0.00049   17.7   1.1   301   381   497   586   492   600 0.79 -
109776at50557_13249_0:0026b7|STRG.11923.6:200-817|+    -            206 54603at50557         -            483   1.7e-21   75.3  15.8   1   2   6.5e-18   4.4e-16   57.4  11.2   274   421     7   164     3   166 0.76 -
109776at50557_13249_0:0026b7|STRG.11923.6:200-817|+    -            206 54603at50557         -            483   1.7e-21   75.3  15.8   2   2   2.1e-07   1.4e-05   22.7   0.1    72   119   159   206   157   206 0.93 -
109776at50557_13249_0:0026b7|STRG.11923.8:200-817|+    -            206 54603at50557         -            483   1.7e-21   75.3  15.8   1   2   6.5e-18   4.4e-16   57.4  11.2   274   421     7   164     3   166 0.76 -
109776at50557_13249_0:0026b7|STRG.11923.8:200-817|+    -            206 54603at50557         -            483   1.7e-21   75.3  15.8   2   2   2.1e-07   1.4e-05   22.7   0.1    72   119   159   206   157   206 0.93 -
8280at50557_121225_0:0005bf|STRG.7675.1:160-1965|+     -            602 54603at50557         -            483   6.2e-21   73.4  33.5   1   6   2.5e-07   1.7e-05   22.5   1.5    80   139    48   108     6   123 0.61 -
8280at50557_121225_0:0005bf|STRG.7675.1:160-1965|+     -            602 54603at50557         -            483   6.2e-21   73.4  33.5   2   6      0.18        12    3.2   1.0    11   138   151   285   143   286 0.68 -
8280at50557_121225_0:0005bf|STRG.7675.1:160-1965|+     -            602 54603at50557         -            483   6.2e-21   73.4  33.5   3   6   1.8e-06   0.00013   19.6   1.2   336   419   275   360   266   363 0.87 -
8280at50557_121225_0:0005bf|STRG.7675.1:160-1965|+     -            602 54603at50557         -            483   6.2e-21   73.4  33.5   4   6   0.00079     0.054   11.0   0.0   277   314   350   387   341   392 0.88 -
8280at50557_121225_0:0005bf|STRG.7675.1:160-1965|+     -            602 54603at50557         -            483   6.2e-21   73.4  33.5   5   6   5.2e-07   3.6e-05   21.4   0.4    83   146   393   458   388   461 0.84 -
8280at50557_121225_0:0005bf|STRG.7675.1:160-1965|+     -            602 54603at50557         -            483   6.2e-21   73.4  33.5   6   6   7.4e-06   0.00051   17.6   1.7   103   185   483   578   458   598 0.67 -
8280at50557_74869_0:001375|STRG.868.1:1959-3203|+      -            415 54603at50557         -            483   9.4e-21   72.8  18.6   1   3   4.1e-08   2.8e-06   25.1   1.0   339   435    26   125    22   133 0.85 -
8280at50557_74869_0:001375|STRG.868.1:1959-3203|+      -            415 54603at50557         -            483   9.4e-21   72.8  18.6   2   3   1.1e-09   7.6e-08   30.3   9.1    44   218   146   336   132   338 0.52 -
8280at50557_74869_0:001375|STRG.868.1:1959-3203|+      -            415 54603at50557         -            483   9.4e-21   72.8  18.6   3   3   3.2e-06   0.00022   18.9   0.3    59   138   302   385   300   395 0.82 -
8280at50557_74869_0:001375|STRG.868.2:1894-3138|+      -            415 54603at50557         -            483   9.4e-21   72.8  18.6   1   3   4.1e-08   2.8e-06   25.1   1.0   339   435    26   125    22   133 0.85 -
8280at50557_74869_0:001375|STRG.868.2:1894-3138|+      -            415 54603at50557         -            483   9.4e-21   72.8  18.6   2   3   1.1e-09   7.6e-08   30.3   9.1    44   218   146   336   132   338 0.52 -
8280at50557_74869_0:001375|STRG.868.2:1894-3138|+      -            415 54603at50557         -            483   9.4e-21   72.8  18.6   3   3   3.2e-06   0.00022   18.9   0.3    59   138   302   385   300   395 0.82 -
8280at50557_43041_0:001bfd|STRG.6272.1:948-2333|+      -            462 54603at50557         -            483   1.1e-20   72.6  20.6   1   5      0.35        24    2.2   0.1   163   198    62    98    28   111 0.45 -
8280at50557_43041_0:001bfd|STRG.6272.1:948-2333|+      -            462 54603at50557         -            483   1.1e-20   72.6  20.6   2   5   2.7e-15   1.8e-13   48.8   8.1   271   438   114   290   112   302 0.83 -
8280at50557_43041_0:001bfd|STRG.6272.1:948-2333|+      -            462 54603at50557         -            483   1.1e-20   72.6  20.6   3   5    0.0097      0.67    7.4   0.0   273   309   309   345   294   349 0.83 -
8280at50557_43041_0:001bfd|STRG.6272.1:948-2333|+      -            462 54603at50557         -            483   1.1e-20   72.6  20.6   4   5   9.2e-06   0.00063   17.3   0.5   337   415   332   415   325   420 0.65 -
8280at50557_43041_0:001bfd|STRG.6272.1:948-2333|+      -            462 54603at50557         -            483   1.1e-20   72.6  20.6   5   5     0.054       3.7    4.9   0.0   136   173   420   461   416   462 0.78 -
8280at50557_43041_0:001bfd|STRG.6272.2:861-2246|+      -            462 54603at50557         -            483   1.1e-20   72.6  20.6   1   5      0.35        24    2.2   0.1   163   198    62    98    28   111 0.45 -
8280at50557_43041_0:001bfd|STRG.6272.2:861-2246|+      -            462 54603at50557         -            483   1.1e-20   72.6  20.6   2   5   2.7e-15   1.8e-13   48.8   8.1   271   438   114   290   112   302 0.83 -
8280at50557_43041_0:001bfd|STRG.6272.2:861-2246|+      -            462 54603at50557         -            483   1.1e-20   72.6  20.6   3   5    0.0097      0.67    7.4   0.0   273   309   309   345   294   349 0.83 -
8280at50557_43041_0:001bfd|STRG.6272.2:861-2246|+      -            462 54603at50557         -            483   1.1e-20   72.6  20.6   4   5   9.2e-06   0.00063   17.3   0.5   337   415   332   415   325   420 0.65 -
8280at50557_43041_0:001bfd|STRG.6272.2:861-2246|+      -            462 54603at50557         -            483   1.1e-20   72.6  20.6   5   5     0.054       3.7    4.9   0.0   136   173   420   461   416   462 0.78 -
8280at50557_43041_0:001bfd|STRG.6272.3:714-2099|+      -            462 54603at50557         -            483   1.1e-20   72.6  20.6   1   5      0.35        24    2.2   0.1   163   198    62    98    28   111 0.45 -
8280at50557_43041_0:001bfd|STRG.6272.3:714-2099|+      -            462 54603at50557         -            483   1.1e-20   72.6  20.6   2   5   2.7e-15   1.8e-13   48.8   8.1   271   438   114   290   112   302 0.83 -
8280at50557_43041_0:001bfd|STRG.6272.3:714-2099|+      -            462 54603at50557         -            483   1.1e-20   72.6  20.6   3   5    0.0097      0.67    7.4   0.0   273   309   309   345   294   349 0.83 -
8280at50557_43041_0:001bfd|STRG.6272.3:714-2099|+      -            462 54603at50557         -            483   1.1e-20   72.6  20.6   4   5   9.2e-06   0.00063   17.3   0.5   337   415   332   415   325   420 0.65 -
8280at50557_43041_0:001bfd|STRG.6272.3:714-2099|+      -            462 54603at50557         -            483   1.1e-20   72.6  20.6   5   5     0.054       3.7    4.9   0.0   136   173   420   461   416   462 0.78 -
8280at50557_43041_0:001bfd|STRG.6272.4:680-2065|+      -            462 54603at50557         -            483   1.1e-20   72.6  20.6   1   5      0.35        24    2.2   0.1   163   198    62    98    28   111 0.45 -
8280at50557_43041_0:001bfd|STRG.6272.4:680-2065|+      -            462 54603at50557         -            483   1.1e-20   72.6  20.6   2   5   2.7e-15   1.8e-13   48.8   8.1   271   438   114   290   112   302 0.83 -
8280at50557_43041_0:001bfd|STRG.6272.4:680-2065|+      -            462 54603at50557         -            483   1.1e-20   72.6  20.6   3   5    0.0097      0.67    7.4   0.0   273   309   309   345   294   349 0.83 -
8280at50557_43041_0:001bfd|STRG.6272.4:680-2065|+      -            462 54603at50557         -            483   1.1e-20   72.6  20.6   4   5   9.2e-06   0.00063   17.3   0.5   337   415   332   415   325   420 0.65 -
8280at50557_43041_0:001bfd|STRG.6272.4:680-2065|+      -            462 54603at50557         -            483   1.1e-20   72.6  20.6   5   5     0.054       3.7    4.9   0.0   136   173   420   461   416   462 0.78 -
109776at50557_29053_0:002e6b|STRG.2709.3:333-824|+     -            164 54603at50557         -            483   1.3e-20   72.4   5.3   1   3   8.1e-05    0.0055   14.2   0.1   163   206     2    45     1    46 0.84 -
109776at50557_29053_0:002e6b|STRG.2709.3:333-824|+     -            164 54603at50557         -            483   1.3e-20   72.4   5.3   2   3   1.5e-15     1e-13   49.7   0.2   344   429    33   119    33   119 0.94 -
109776at50557_29053_0:002e6b|STRG.2709.3:333-824|+     -            164 54603at50557         -            483   1.3e-20   72.4   5.3   3   3   3.4e-07   2.3e-05   22.1   0.4   350   404   108   162   108   164 0.95 -
109776at50557_29053_0:002e6b|STRG.2709.1:267-857|+     -            197 54603at50557         -            483   1.9e-20   71.8   5.3   1   3   6.8e-05    0.0047   14.5   0.1   162   206    34    78    24    80 0.83 -
109776at50557_29053_0:002e6b|STRG.2709.1:267-857|+     -            197 54603at50557         -            483   1.9e-20   71.8   5.3   2   3   9.4e-15   6.4e-13   47.0   0.2   352   429    75   152    71   152 0.96 -
109776at50557_29053_0:002e6b|STRG.2709.1:267-857|+     -            197 54603at50557         -            483   1.9e-20   71.8   5.3   3   3   4.8e-07   3.3e-05   21.6   0.4   350   404   141   195   141   197 0.95 -
109776at50557_29053_0:002e6b|STRG.2709.2:267-857|+     -            197 54603at50557         -            483   1.9e-20   71.8   5.3   1   3   6.8e-05    0.0047   14.5   0.1   162   206    34    78    24    80 0.83 -
109776at50557_29053_0:002e6b|STRG.2709.2:267-857|+     -            197 54603at50557         -            483   1.9e-20   71.8   5.3   2   3   9.4e-15   6.4e-13   47.0   0.2   352   429    75   152    71   152 0.96 -
109776at50557_29053_0:002e6b|STRG.2709.2:267-857|+     -            197 54603at50557         -            483   1.9e-20   71.8   5.3   3   3   4.8e-07   3.3e-05   21.6   0.4   350   404   141   195   141   197 0.95 -
25718at50557_197043_0:00510d|STRG.14236.1:858-2123|+   -            422 54603at50557         -            483   1.2e-19   69.2  38.2   1   2   4.9e-07   3.3e-05   21.5   5.3    50   141    42   134    28   142 0.83 -
25718at50557_197043_0:00510d|STRG.14236.1:858-2123|+   -            422 54603at50557         -            483   1.2e-19   69.2  38.2   2   2   1.8e-14   1.2e-12   46.1  24.9    59   302   121   394   117   399 0.74 -
25718at50557_197043_0:00510d|STRG.14236.2:568-1833|+   -            422 54603at50557         -            483   1.2e-19   69.2  38.2   1   2   4.9e-07   3.3e-05   21.5   5.3    50   141    42   134    28   142 0.83 -
25718at50557_197043_0:00510d|STRG.14236.2:568-1833|+   -            422 54603at50557         -            483   1.2e-19   69.2  38.2   2   2   1.8e-14   1.2e-12   46.1  24.9    59   302   121   394   117   399 0.74 -
7376at50557_38123_0:000ed3|STRG.5846.1:1025-2122|+     -            366 54603at50557         -            483   1.5e-19   68.9   6.4   1   3   8.5e-09   5.8e-07   27.3   0.6   217   320    20   129    12   134 0.84 -
7376at50557_38123_0:000ed3|STRG.5846.1:1025-2122|+     -            366 54603at50557         -            483   1.5e-19   68.9   6.4   2   3   1.8e-12   1.2e-10   39.5   0.1   269   438   126   309   120   319 0.82 -
7376at50557_38123_0:000ed3|STRG.5846.1:1025-2122|+     -            366 54603at50557         -            483   1.5e-19   68.9   6.4   3   3    0.0035      0.24    8.8   0.7    57   115   295   355   291   360 0.69 -
7376at50557_38123_0:000ed3|STRG.5846.3:1057-2154|+     -            366 54603at50557         -            483   1.5e-19   68.9   6.4   1   3   8.5e-09   5.8e-07   27.3   0.6   217   320    20   129    12   134 0.84 -
7376at50557_38123_0:000ed3|STRG.5846.3:1057-2154|+     -            366 54603at50557         -            483   1.5e-19   68.9   6.4   2   3   1.8e-12   1.2e-10   39.5   0.1   269   438   126   309   120   319 0.82 -
7376at50557_38123_0:000ed3|STRG.5846.3:1057-2154|+     -            366 54603at50557         -            483   1.5e-19   68.9   6.4   3   3    0.0035      0.24    8.8   0.7    57   115   295   355   291   360 0.69 -
109776at50557_456900_0:0015c4|STRG.3827.1:783-1496|+   -            238 54603at50557         -            483   3.6e-18   64.3   8.2   1   2   1.1e-14   7.5e-13   46.8   1.4   339   444    19   127    10   132 0.87 -
109776at50557_456900_0:0015c4|STRG.3827.1:783-1496|+   -            238 54603at50557         -            483   3.6e-18   64.3   8.2   2   2   3.8e-07   2.6e-05   21.9   1.1   355   416   129   190   127   211 0.80 -
109776at50557_456900_0:0015c4|STRG.3827.2:174-887|+    -            238 54603at50557         -            483   3.6e-18   64.3   8.2   1   2   1.1e-14   7.5e-13   46.8   1.4   339   444    19   127    10   132 0.87 -
109776at50557_456900_0:0015c4|STRG.3827.2:174-887|+    -            238 54603at50557         -            483   3.6e-18   64.3   8.2   2   2   3.8e-07   2.6e-05   21.9   1.1   355   416   129   190   127   211 0.80 -
109776at50557_456900_0:0015c4|STRG.3827.3:411-1124|+   -            238 54603at50557         -            483   3.6e-18   64.3   8.2   1   2   1.1e-14   7.5e-13   46.8   1.4   339   444    19   127    10   132 0.87 -
109776at50557_456900_0:0015c4|STRG.3827.3:411-1124|+   -            238 54603at50557         -            483   3.6e-18   64.3   8.2   2   2   3.8e-07   2.6e-05   21.9   1.1   355   416   129   190   127   211 0.80 -
8280at50557_1155016_0:002e71|STRG.8903.1:388-1362|+    -            325 54603at50557         -            483   6.5e-18   63.5  13.3   1   4     3e-06   0.00021   18.9   0.3    58   121    16    84     1   105 0.77 -
8280at50557_1155016_0:002e71|STRG.8903.1:388-1362|+    -            325 54603at50557         -            483   6.5e-18   63.5  13.3   2   4   0.00033     0.022   12.2   0.1   272   312   117   157    95   165 0.86 -
8280at50557_1155016_0:002e71|STRG.8903.1:388-1362|+    -            325 54603at50557         -            483   6.5e-18   63.5  13.3   3   4    0.0004     0.027   12.0   0.0   273   337   166   231   157   237 0.85 -
8280at50557_1155016_0:002e71|STRG.8903.1:388-1362|+    -            325 54603at50557         -            483   6.5e-18   63.5  13.3   4   4   1.4e-08   9.7e-07   26.6   2.1   272   350   236   321   229   324 0.81 -
7376at50557_1507135_0:001a56|STRG.4199.1:568-3036|+    -            823 54603at50557         -            483   1.7e-17   62.1   2.6   1   4      0.14       9.4    3.6   0.0    55   118    68   133    40   153 0.66 -
7376at50557_1507135_0:001a56|STRG.4199.1:568-3036|+    -            823 54603at50557         -            483   1.7e-17   62.1   2.6   2   4   3.1e-05    0.0021   15.6   0.0    41   129   263   358   246   368 0.65 -
7376at50557_1507135_0:001a56|STRG.4199.1:568-3036|+    -            823 54603at50557         -            483   1.7e-17   62.1   2.6   3   4   7.2e-09   4.9e-07   27.6   0.7   325   435   475   590   461   602 0.79 -
7376at50557_1507135_0:001a56|STRG.4199.1:568-3036|+    -            823 54603at50557         -            483   1.7e-17   62.1   2.6   4   4   0.00075     0.051   11.0   0.0   335   414   739   822   728   823 0.63 -
7376at50557_1507135_0:001a56|STRG.4199.2:662-3130|+    -            823 54603at50557         -            483   1.7e-17   62.1   2.6   1   4      0.14       9.4    3.6   0.0    55   118    68   133    40   153 0.66 -
7376at50557_1507135_0:001a56|STRG.4199.2:662-3130|+    -            823 54603at50557         -            483   1.7e-17   62.1   2.6   2   4   3.1e-05    0.0021   15.6   0.0    41   129   263   358   246   368 0.65 -
7376at50557_1507135_0:001a56|STRG.4199.2:662-3130|+    -            823 54603at50557         -            483   1.7e-17   62.1   2.6   3   4   7.2e-09   4.9e-07   27.6   0.7   325   435   475   590   461   602 0.79 -
7376at50557_1507135_0:001a56|STRG.4199.2:662-3130|+    -            823 54603at50557         -            483   1.7e-17   62.1   2.6   4   4   0.00075     0.051   11.0   0.0   335   414   739   822   728   823 0.63 -
7376at50557_1507135_0:001a56|STRG.4199.3:1202-3670|+   -            823 54603at50557         -            483   1.7e-17   62.1   2.6   1   4      0.14       9.4    3.6   0.0    55   118    68   133    40   153 0.66 -
7376at50557_1507135_0:001a56|STRG.4199.3:1202-3670|+   -            823 54603at50557         -            483   1.7e-17   62.1   2.6   2   4   3.1e-05    0.0021   15.6   0.0    41   129   263   358   246   368 0.65 -
7376at50557_1507135_0:001a56|STRG.4199.3:1202-3670|+   -            823 54603at50557         -            483   1.7e-17   62.1   2.6   3   4   7.2e-09   4.9e-07   27.6   0.7   325   435   475   590   461   602 0.79 -
7376at50557_1507135_0:001a56|STRG.4199.3:1202-3670|+   -            823 54603at50557         -            483   1.7e-17   62.1   2.6   4   4   0.00075     0.051   11.0   0.0   335   414   739   822   728   823 0.63 -
7376at50557_1507135_0:001a56|STRG.4199.4:1426-3894|+   -            823 54603at50557         -            483   1.7e-17   62.1   2.6   1   4      0.14       9.4    3.6   0.0    55   118    68   133    40   153 0.66 -
7376at50557_1507135_0:001a56|STRG.4199.4:1426-3894|+   -            823 54603at50557         -            483   1.7e-17   62.1   2.6   2   4   3.1e-05    0.0021   15.6   0.0    41   129   263   358   246   368 0.65 -
7376at50557_1507135_0:001a56|STRG.4199.4:1426-3894|+   -            823 54603at50557         -            483   1.7e-17   62.1   2.6   3   4   7.2e-09   4.9e-07   27.6   0.7   325   435   475   590   461   602 0.79 -
7376at50557_1507135_0:001a56|STRG.4199.4:1426-3894|+   -            823 54603at50557         -            483   1.7e-17   62.1   2.6   4   4   0.00075     0.051   11.0   0.0   335   414   739   822   728   823 0.63 -
7376at50557_1507135_0:001a56|STRG.4199.5:275-2743|+    -            823 54603at50557         -            483   1.7e-17   62.1   2.6   1   4      0.14       9.4    3.6   0.0    55   118    68   133    40   153 0.66 -
7376at50557_1507135_0:001a56|STRG.4199.5:275-2743|+    -            823 54603at50557         -            483   1.7e-17   62.1   2.6   2   4   3.1e-05    0.0021   15.6   0.0    41   129   263   358   246   368 0.65 -
7376at50557_1507135_0:001a56|STRG.4199.5:275-2743|+    -            823 54603at50557         -            483   1.7e-17   62.1   2.6   3   4   7.2e-09   4.9e-07   27.6   0.7   325   435   475   590   461   602 0.79 -
7376at50557_1507135_0:001a56|STRG.4199.5:275-2743|+    -            823 54603at50557         -            483   1.7e-17   62.1   2.6   4   4   0.00075     0.051   11.0   0.0   335   414   739   822   728   823 0.63 -
7376at50557_1507135_0:001a56|STRG.4199.6:1154-3622|+   -            823 54603at50557         -            483   1.7e-17   62.1   2.6   1   4      0.14       9.4    3.6   0.0    55   118    68   133    40   153 0.66 -
7376at50557_1507135_0:001a56|STRG.4199.6:1154-3622|+   -            823 54603at50557         -            483   1.7e-17   62.1   2.6   2   4   3.1e-05    0.0021   15.6   0.0    41   129   263   358   246   368 0.65 -
7376at50557_1507135_0:001a56|STRG.4199.6:1154-3622|+   -            823 54603at50557         -            483   1.7e-17   62.1   2.6   3   4   7.2e-09   4.9e-07   27.6   0.7   325   435   475   590   461   602 0.79 -
7376at50557_1507135_0:001a56|STRG.4199.6:1154-3622|+   -            823 54603at50557         -            483   1.7e-17   62.1   2.6   4   4   0.00075     0.051   11.0   0.0   335   414   739   822   728   823 0.63 -
7376at50557_1507135_0:001a56|STRG.4199.7:1149-3617|+   -            823 54603at50557         -            483   1.7e-17   62.1   2.6   1   4      0.14       9.4    3.6   0.0    55   118    68   133    40   153 0.66 -
7376at50557_1507135_0:001a56|STRG.4199.7:1149-3617|+   -            823 54603at50557         -            483   1.7e-17   62.1   2.6   2   4   3.1e-05    0.0021   15.6   0.0    41   129   263   358   246   368 0.65 -
7376at50557_1507135_0:001a56|STRG.4199.7:1149-3617|+   -            823 54603at50557         -            483   1.7e-17   62.1   2.6   3   4   7.2e-09   4.9e-07   27.6   0.7   325   435   475   590   461   602 0.79 -
7376at50557_1507135_0:001a56|STRG.4199.7:1149-3617|+   -            823 54603at50557         -            483   1.7e-17   62.1   2.6   4   4   0.00075     0.051   11.0   0.0   335   414   739   822   728   823 0.63 -
25718at50557_13249_0:001bb5|STRG.6268.1:413-1618|+     -            402 54603at50557         -            483     9e-17   59.7  29.9   1   3   1.2e-07   8.4e-06   23.5   8.1    62   200     4   130     1   151 0.54 -
25718at50557_13249_0:001bb5|STRG.6268.1:413-1618|+     -            402 54603at50557         -            483     9e-17   59.7  29.9   2   3    0.0012      0.08   10.4   0.8   326   441    61   176    55   197 0.68 -
25718at50557_13249_0:001bb5|STRG.6268.1:413-1618|+     -            402 54603at50557         -            483     9e-17   59.7  29.9   3   3   1.1e-11   7.4e-10   36.9  14.0    35   220   183   381   168   393 0.84 -
83902at50557_7260_0:0016c5|STRG.10441.1:730-1257|+     -            176 54603at50557         -            483   1.5e-16   59.0  13.7   1   2   4.7e-09   3.2e-07   28.2   0.7   382   435    14    67    10    84 0.88 -
83902at50557_7260_0:0016c5|STRG.10441.1:730-1257|+     -            176 54603at50557         -            483   1.5e-16   59.0  13.7   2   2   2.8e-11   1.9e-09   35.5   6.5   141   219    86   167    70   174 0.88 -
83902at50557_7260_0:0016c5|STRG.10441.2:821-1348|+     -            176 54603at50557         -            483   1.5e-16   59.0  13.7   1   2   4.7e-09   3.2e-07   28.2   0.7   382   435    14    67    10    84 0.88 -
83902at50557_7260_0:0016c5|STRG.10441.2:821-1348|+     -            176 54603at50557         -            483   1.5e-16   59.0  13.7   2   2   2.8e-11   1.9e-09   35.5   6.5   141   219    86   167    70   174 0.88 -
109776at50557_83485_0:00245b|STRG.282.1:20-1051|+      -            344 54603at50557         -            483   2.6e-16   58.2   9.6   1   2   1.9e-07   1.3e-05   22.9   0.2    34   140    48   159    41   169 0.81 -
109776at50557_83485_0:00245b|STRG.282.1:20-1051|+      -            344 54603at50557         -            483   2.6e-16   58.2   9.6   2   2   1.4e-11   9.3e-10   36.6   5.2   272   417   173   330   163   341 0.82 -
83902at50557_7217_0:000c07|STRG.10939.1:1-540|+        -            180 54603at50557         -            483   6.4e-16   56.9   4.7   1   1   2.8e-17   1.9e-15   55.3   4.7   271   428     2   172     1   179 0.80 -
8280at50557_74869_0:001375|STRG.2849.1:443-2005|+      -            521 54603at50557         -            483   8.4e-16   56.5  29.2   1   4   9.7e-11   6.6e-09   33.8   5.4   269   435    19   195    13   209 0.84 -
8280at50557_74869_0:001375|STRG.2849.1:443-2005|+      -            521 54603at50557         -            483   8.4e-16   56.5  29.2   2   4    0.0024      0.16    9.4   0.9    38   114   211   295   208   305 0.73 -
8280at50557_74869_0:001375|STRG.2849.1:443-2005|+      -            521 54603at50557         -            483   8.4e-16   56.5  29.2   3   4   1.3e-05   0.00087   16.9   1.6    55   174   282   417   280   418 0.75 -
8280at50557_74869_0:001375|STRG.2849.1:443-2005|+      -            521 54603at50557         -            483   8.4e-16   56.5  29.2   4   4   0.00046     0.032   11.7   3.8   267   395   378   498   365   521 0.43 -
8280at50557_74869_0:001375|STRG.2849.3:220-1782|+      -            521 54603at50557         -            483   8.4e-16   56.5  29.2   1   4   9.7e-11   6.6e-09   33.8   5.4   269   435    19   195    13   209 0.84 -
8280at50557_74869_0:001375|STRG.2849.3:220-1782|+      -            521 54603at50557         -            483   8.4e-16   56.5  29.2   2   4    0.0024      0.16    9.4   0.9    38   114   211   295   208   305 0.73 -
8280at50557_74869_0:001375|STRG.2849.3:220-1782|+      -            521 54603at50557         -            483   8.4e-16   56.5  29.2   3   4   1.3e-05   0.00087   16.9   1.6    55   174   282   417   280   418 0.75 -
8280at50557_74869_0:001375|STRG.2849.3:220-1782|+      -            521 54603at50557         -            483   8.4e-16   56.5  29.2   4   4   0.00046     0.032   11.7   3.8   267   395   378   498   365   521 0.43 -
8280at50557_74869_0:001375|STRG.2849.4:609-2171|+      -            521 54603at50557         -            483   8.4e-16   56.5  29.2   1   4   9.7e-11   6.6e-09   33.8   5.4   269   435    19   195    13   209 0.84 -
8280at50557_74869_0:001375|STRG.2849.4:609-2171|+      -            521 54603at50557         -            483   8.4e-16   56.5  29.2   2   4    0.0024      0.16    9.4   0.9    38   114   211   295   208   305 0.73 -
8280at50557_74869_0:001375|STRG.2849.4:609-2171|+      -            521 54603at50557         -            483   8.4e-16   56.5  29.2   3   4   1.3e-05   0.00087   16.9   1.6    55   174   282   417   280   418 0.75 -
8280at50557_74869_0:001375|STRG.2849.4:609-2171|+      -            521 54603at50557         -            483   8.4e-16   56.5  29.2   4   4   0.00046     0.032   11.7   3.8   267   395   378   498   365   521 0.43 -
25718at50557_156304_0:0008da|STRG.13990.1:2-2834|+     -            883 54603at50557         -            483   9.4e-16   56.3  15.3   1   2   5.2e-10   3.6e-08   31.3   6.8    56   157    36   148    16   177 0.51 -
25718at50557_156304_0:0008da|STRG.13990.1:2-2834|+     -            883 54603at50557         -            483   9.4e-16   56.3  15.3   2   2   7.4e-08   5.1e-06   24.2   2.8   270   412   181   336   159   347 0.78 -
109776at50557_378494_0:004f86|STRG.11923.8:1261-1614|+ -            118 54603at50557         -            483   1.3e-15   55.9   1.7   1   2   3.5e-14   2.4e-12   45.1   0.1    61   146     3    89     1    90 0.91 -
109776at50557_378494_0:004f86|STRG.11923.8:1261-1614|+ -            118 54603at50557         -            483   1.3e-15   55.9   1.7   2   2   2.4e-05    0.0016   16.0   0.5   275   425    75   117    73   118 0.43 -
7376at50557_67767_0:001053|STRG.8902.1:207-1181|+      -            325 54603at50557         -            483   1.7e-15   55.5  22.0   1   3   1.1e-08   7.6e-07   27.0   9.1    82   201     4   142     3   174 0.70 -
7376at50557_67767_0:001053|STRG.8902.1:207-1181|+      -            325 54603at50557         -            483   1.7e-15   55.5  22.0   2   3   1.7e-05    0.0012   16.4   0.1    83   139   156   214   141   220 0.67 -
7376at50557_67767_0:001053|STRG.8902.1:207-1181|+      -            325 54603at50557         -            483   1.7e-15   55.5  22.0   3   3   3.4e-05    0.0023   15.5   0.9   334   374   226   268   216   276 0.86 -
8280at50557_74869_0:001375|STRG.2849.2:60-1850|+       -            597 54603at50557         -            483     3e-15   54.7  29.8   1   3     0.005      0.34    8.3   0.1   167   221    79   132    74   147 0.75 -
8280at50557_74869_0:001375|STRG.2849.2:60-1850|+       -            597 54603at50557         -            483     3e-15   54.7  29.8   2   3   1.9e-10   1.3e-08   32.8   5.7   269   435    95   271    92   283 0.84 -
8280at50557_74869_0:001375|STRG.2849.2:60-1850|+       -            597 54603at50557         -            483     3e-15   54.7  29.8   3   3   7.8e-06   0.00053   17.6  12.1    37   306   286   570   282   572 0.66 -
83902at50557_7217_0:000c07|STRG.10939.2:1-480|+        -            160 54603at50557         -            483     3e-15   54.7   5.2   1   1   2.6e-16   1.8e-14   52.1   5.2   270   417     1   160     1   160 0.84 -
8280at50557_74869_0:001375|STRG.5465.1:585-1664|+      -            360 54603at50557         -            483     3e-15   54.7  15.7   1   3   1.2e-06   8.3e-05   20.2   1.1    80   141   107   170    82   180 0.82 -
8280at50557_74869_0:001375|STRG.5465.1:585-1664|+      -            360 54603at50557         -            483     3e-15   54.7  15.7   2   3   1.7e-08   1.2e-06   26.3   0.6    58   141   182   268   175   280 0.74 -
8280at50557_74869_0:001375|STRG.5465.1:585-1664|+      -            360 54603at50557         -            483     3e-15   54.7  15.7   3   3   6.2e-07   4.2e-05   21.2   2.5    55   140   251   341   248   359 0.83 -
8280at50557_74869_0:001375|STRG.5465.2:655-1734|+      -            360 54603at50557         -            483     3e-15   54.7  15.7   1   3   1.2e-06   8.3e-05   20.2   1.1    80   141   107   170    82   180 0.82 -
8280at50557_74869_0:001375|STRG.5465.2:655-1734|+      -            360 54603at50557         -            483     3e-15   54.7  15.7   2   3   1.7e-08   1.2e-06   26.3   0.6    58   141   182   268   175   280 0.74 -
8280at50557_74869_0:001375|STRG.5465.2:655-1734|+      -            360 54603at50557         -            483     3e-15   54.7  15.7   3   3   6.2e-07   4.2e-05   21.2   2.5    55   140   251   341   248   359 0.83 -
8280at50557_74869_0:001375|STRG.5465.3:793-1872|+      -            360 54603at50557         -            483     3e-15   54.7  15.7   1   3   1.2e-06   8.3e-05   20.2   1.1    80   141   107   170    82   180 0.82 -
8280at50557_74869_0:001375|STRG.5465.3:793-1872|+      -            360 54603at50557         -            483     3e-15   54.7  15.7   2   3   1.7e-08   1.2e-06   26.3   0.6    58   141   182   268   175   280 0.74 -
8280at50557_74869_0:001375|STRG.5465.3:793-1872|+      -            360 54603at50557         -            483     3e-15   54.7  15.7   3   3   6.2e-07   4.2e-05   21.2   2.5    55   140   251   341   248   359 0.83 -
8280at50557_74869_0:001375|STRG.5465.4:425-1504|+      -            360 54603at50557         -            483     3e-15   54.7  15.7   1   3   1.2e-06   8.3e-05   20.2   1.1    80   141   107   170    82   180 0.82 -
8280at50557_74869_0:001375|STRG.5465.4:425-1504|+      -            360 54603at50557         -            483     3e-15   54.7  15.7   2   3   1.7e-08   1.2e-06   26.3   0.6    58   141   182   268   175   280 0.74 -
8280at50557_74869_0:001375|STRG.5465.4:425-1504|+      -            360 54603at50557         -            483     3e-15   54.7  15.7   3   3   6.2e-07   4.2e-05   21.2   2.5    55   140   251   341   248   359 0.83 -
8280at50557_74869_0:001375|STRG.5465.5:1470-2549|+     -            360 54603at50557         -            483     3e-15   54.7  15.7   1   3   1.2e-06   8.3e-05   20.2   1.1    80   141   107   170    82   180 0.82 -
8280at50557_74869_0:001375|STRG.5465.5:1470-2549|+     -            360 54603at50557         -            483     3e-15   54.7  15.7   2   3   1.7e-08   1.2e-06   26.3   0.6    58   141   182   268   175   280 0.74 -
8280at50557_74869_0:001375|STRG.5465.5:1470-2549|+     -            360 54603at50557         -            483     3e-15   54.7  15.7   3   3   6.2e-07   4.2e-05   21.2   2.5    55   140   251   341   248   359 0.83 -
8280at50557_74869_0:001375|STRG.5465.6:902-1981|+      -            360 54603at50557         -            483     3e-15   54.7  15.7   1   3   1.2e-06   8.3e-05   20.2   1.1    80   141   107   170    82   180 0.82 -
8280at50557_74869_0:001375|STRG.5465.6:902-1981|+      -            360 54603at50557         -            483     3e-15   54.7  15.7   2   3   1.7e-08   1.2e-06   26.3   0.6    58   141   182   268   175   280 0.74 -
8280at50557_74869_0:001375|STRG.5465.6:902-1981|+      -            360 54603at50557         -            483     3e-15   54.7  15.7   3   3   6.2e-07   4.2e-05   21.2   2.5    55   140   251   341   248   359 0.83 -
8280at50557_74869_0:001375|STRG.5465.7:1512-2591|+     -            360 54603at50557         -            483     3e-15   54.7  15.7   1   3   1.2e-06   8.3e-05   20.2   1.1    80   141   107   170    82   180 0.82 -
8280at50557_74869_0:001375|STRG.5465.7:1512-2591|+     -            360 54603at50557         -            483     3e-15   54.7  15.7   2   3   1.7e-08   1.2e-06   26.3   0.6    58   141   182   268   175   280 0.74 -
8280at50557_74869_0:001375|STRG.5465.7:1512-2591|+     -            360 54603at50557         -            483     3e-15   54.7  15.7   3   3   6.2e-07   4.2e-05   21.2   2.5    55   140   251   341   248   359 0.83 -
8280at50557_74869_0:001375|STRG.5465.8:345-1424|+      -            360 54603at50557         -            483     3e-15   54.7  15.7   1   3   1.2e-06   8.3e-05   20.2   1.1    80   141   107   170    82   180 0.82 -
8280at50557_74869_0:001375|STRG.5465.8:345-1424|+      -            360 54603at50557         -            483     3e-15   54.7  15.7   2   3   1.7e-08   1.2e-06   26.3   0.6    58   141   182   268   175   280 0.74 -
8280at50557_74869_0:001375|STRG.5465.8:345-1424|+      -            360 54603at50557         -            483     3e-15   54.7  15.7   3   3   6.2e-07   4.2e-05   21.2   2.5    55   140   251   341   248   359 0.83 -
8280at50557_74869_0:001375|STRG.5465.9:359-1438|+      -            360 54603at50557         -            483     3e-15   54.7  15.7   1   3   1.2e-06   8.3e-05   20.2   1.1    80   141   107   170    82   180 0.82 -
8280at50557_74869_0:001375|STRG.5465.9:359-1438|+      -            360 54603at50557         -            483     3e-15   54.7  15.7   2   3   1.7e-08   1.2e-06   26.3   0.6    58   141   182   268   175   280 0.74 -
8280at50557_74869_0:001375|STRG.5465.9:359-1438|+      -            360 54603at50557         -            483     3e-15   54.7  15.7   3   3   6.2e-07   4.2e-05   21.2   2.5    55   140   251   341   248   359 0.83 -
83902at50557_69004_0:0010e0|STRG.12459.1:405-815|+     -            137 54603at50557         -            483   7.4e-15   53.4   7.3   1   1   1.9e-16   1.3e-14   52.6   7.2   328   435    25   136    15   137 0.90 -
83902at50557_69004_0:0010e0|STRG.12459.2:405-815|+     -            137 54603at50557         -            483   7.4e-15   53.4   7.3   1   1   1.9e-16   1.3e-14   52.6   7.2   328   435    25   136    15   137 0.90 -
83902at50557_69004_0:0010e0|STRG.12459.3:405-815|+     -            137 54603at50557         -            483   7.4e-15   53.4   7.3   1   1   1.9e-16   1.3e-14   52.6   7.2   328   435    25   136    15   137 0.90 -
83902at50557_69004_0:0010e0|STRG.12459.4:705-1115|+    -            137 54603at50557         -            483   7.4e-15   53.4   7.3   1   1   1.9e-16   1.3e-14   52.6   7.2   328   435    25   136    15   137 0.90 -
83902at50557_69004_0:0010e0|STRG.12459.5:326-736|+     -            137 54603at50557         -            483   7.4e-15   53.4   7.3   1   1   1.9e-16   1.3e-14   52.6   7.2   328   435    25   136    15   137 0.90 -
25718at50557_13249_0:001bb5|STRG.15528.2:638-1924|+    -            429 54603at50557         -            483   4.3e-14   50.9  13.9   1   3   1.5e-06   0.00011   19.9   3.4   336   420     4    96     1   107 0.81 -
25718at50557_13249_0:001bb5|STRG.15528.2:638-1924|+    -            429 54603at50557         -            483   4.3e-14   50.9  13.9   2   3   2.4e-13   1.6e-11   42.4   3.7    82   309    79   328    76   351 0.82 -
25718at50557_13249_0:001bb5|STRG.15528.2:638-1924|+    -            429 54603at50557         -            483   4.3e-14   50.9  13.9   3   3       3.2   2.2e+02   -0.9   0.0   288   315   390   417   371   429 0.68 -
8280at50557_38123_0:003113|STRG.2121.1:201-1232|+      -            344 54603at50557         -            483     6e-14   50.4  15.6   1   3   1.2e-06   8.4e-05   20.2   1.3   265   363    34   128    15   131 0.66 -
8280at50557_38123_0:003113|STRG.2121.1:201-1232|+      -            344 54603at50557         -            483     6e-14   50.4  15.6   2   3     7e-08   4.8e-06   24.3   7.4   269   438    97   259    84   274 0.80 -
8280at50557_38123_0:003113|STRG.2121.1:201-1232|+      -            344 54603at50557         -            483     6e-14   50.4  15.6   3   3    0.0055      0.38    8.2   0.1   295   326   279   311   276   318 0.89 -
7376at50557_456900_0:001c8a|STRG.14446.1:0-3326|+      -           1109 54603at50557         -            483   9.8e-14   49.7  16.4   1   3   0.00041     0.028   11.9   0.4   377   435    11    71     3    82 0.67 -
7376at50557_456900_0:001c8a|STRG.14446.1:0-3326|+      -           1109 54603at50557         -            483   9.8e-14   49.7  16.4   2   3   1.6e-06   0.00011   19.8   0.9   327   415   156   252   149   274 0.69 -
7376at50557_456900_0:001c8a|STRG.14446.1:0-3326|+      -           1109 54603at50557         -            483   9.8e-14   49.7  16.4   3   3   3.3e-08   2.3e-06   25.4   2.6   339   429   365   458   347   469 0.80 -
25718at50557_1629725_0:002070|STRG.9452.1:288-1472|+   -            395 54603at50557         -            483     3e-13   48.1  36.3   1   4   4.3e-05    0.0029   15.1   0.9   274   345     1    83     1    92 0.66 -
25718at50557_1629725_0:002070|STRG.9452.1:288-1472|+   -            395 54603at50557         -            483     3e-13   48.1  36.3   2   4    0.0017      0.12    9.8  10.2   288   419    67   208    61   220 0.78 -
25718at50557_1629725_0:002070|STRG.9452.1:288-1472|+   -            395 54603at50557         -            483     3e-13   48.1  36.3   3   4   1.3e-06   8.7e-05   20.2   5.7   332   414   212   297   205   303 0.79 -
25718at50557_1629725_0:002070|STRG.9452.1:288-1472|+   -            395 54603at50557         -            483     3e-13   48.1  36.3   4   4   8.1e-06   0.00055   17.5   3.5    74   159   302   391   286   394 0.81 -
966at50557_456900_0:00249f|STRG.3671.1:612-8066|+      -           2485 54603at50557         -            483   3.6e-12   44.5  16.4   1   4    0.0055      0.38    8.2   0.1    75   117   568   610   543   616 0.66 -
966at50557_456900_0:00249f|STRG.3671.1:612-8066|+      -           2485 54603at50557         -            483   3.6e-12   44.5  16.4   2   4   5.4e-09   3.7e-07   28.0   2.8   342   429   581   675   562   686 0.80 -
966at50557_456900_0:00249f|STRG.3671.1:612-8066|+      -           2485 54603at50557         -            483   3.6e-12   44.5  16.4   3   4    0.0096      0.66    7.4   0.1    82   307   766   825   746   833 0.54 -
966at50557_456900_0:00249f|STRG.3671.1:612-8066|+      -           2485 54603at50557         -            483   3.6e-12   44.5  16.4   4   4   3.3e-05    0.0023   15.5   1.5   335   429   887   991   877   999 0.74 -
966at50557_456900_0:00249f|STRG.3671.2:553-8007|+      -           2485 54603at50557         -            483   3.6e-12   44.5  16.4   1   4    0.0055      0.38    8.2   0.1    75   117   568   610   543   616 0.66 -
966at50557_456900_0:00249f|STRG.3671.2:553-8007|+      -           2485 54603at50557         -            483   3.6e-12   44.5  16.4   2   4   5.4e-09   3.7e-07   28.0   2.8   342   429   581   675   562   686 0.80 -
966at50557_456900_0:00249f|STRG.3671.2:553-8007|+      -           2485 54603at50557         -            483   3.6e-12   44.5  16.4   3   4    0.0096      0.66    7.4   0.1    82   307   766   825   746   833 0.54 -
966at50557_456900_0:00249f|STRG.3671.2:553-8007|+      -           2485 54603at50557         -            483   3.6e-12   44.5  16.4   4   4   3.3e-05    0.0023   15.5   1.5   335   429   887   991   877   999 0.74 -
8280at50557_7160_0:00112a|STRG.2851.1:326-1354|+       -            343 54603at50557         -            483   7.3e-12   43.5  21.3   1   3   0.00052     0.035   11.6   1.2   352   417    16    83     9    88 0.84 -
8280at50557_7160_0:00112a|STRG.2851.1:326-1354|+       -            343 54603at50557         -            483   7.3e-12   43.5  21.3   2   3   8.3e-07   5.7e-05   20.8   5.6    56   124    90   160    85   186 0.81 -
8280at50557_7160_0:00112a|STRG.2851.1:326-1354|+       -            343 54603at50557         -            483   7.3e-12   43.5  21.3   3   3   1.7e-06   0.00011   19.8   1.5   271   456   189   321   166   343 0.48 -
109776at50557_168631_0:000c9d|STRG.10128.1:54-362|+    -            103 54603at50557         -            483   2.8e-11   41.6   4.7   1   1   7.2e-13   4.9e-11   40.8   4.7    41   136     1    99     1   103 0.93 -
25718at50557_38123_0:002c3f|STRG.10357.1:281-1267|+    -            329 54603at50557         -            483   3.1e-11   41.4  21.1   1   1   7.7e-11   5.3e-09   34.1  21.1    85   389     2   326     1   329 0.73 -
8280at50557_28612_0:005400|STRG.5480.1:265-840|+       -            192 54603at50557         -            483   4.2e-11   41.0   8.7   1   1   1.2e-12   8.2e-11   40.0   8.7   270   434    16   192     1   192 0.81 -
8280at50557_7397_0:000dfd|STRG.13448.1:541-1098|+      -            186 54603at50557         -            483   7.4e-11   40.2  17.1   1   1   7.1e-11   4.9e-09   34.2  16.4   275   416    10   155     9   170 0.63 -
8280at50557_7397_0:000dfd|STRG.13448.2:1171-1728|+     -            186 54603at50557         -            483   7.4e-11   40.2  17.1   1   1   7.1e-11   4.9e-09   34.2  16.4   275   416    10   155     9   170 0.63 -
8280at50557_7397_0:000dfd|STRG.13448.3:943-1500|+      -            186 54603at50557         -            483   7.4e-11   40.2  17.1   1   1   7.1e-11   4.9e-09   34.2  16.4   275   416    10   155     9   170 0.63 -
8280at50557_7397_0:000dfd|STRG.13448.4:943-1500|+      -            186 54603at50557         -            483   7.4e-11   40.2  17.1   1   1   7.1e-11   4.9e-09   34.2  16.4   275   416    10   155     9   170 0.63 -
109776at50557_83485_0:00245b|STRG.692.1:216-1139|+     -            308 54603at50557         -            483   8.6e-11   40.0  21.2   1   2   4.5e-07   3.1e-05   21.7  16.3   268   416    74   234    62   236 0.59 -
109776at50557_83485_0:00245b|STRG.692.1:216-1139|+     -            308 54603at50557         -            483   8.6e-11   40.0  21.2   2   2   2.5e-07   1.7e-05   22.5   0.4   269   311   219   261   213   282 0.78 -
83902at50557_7200_0:001fae|STRG.3334.1:293-451|+       -             53 54603at50557         -            483   8.9e-10   36.6   0.1   1   1   1.4e-11   9.5e-10   36.5   0.1    55    99     7    51     3    53 0.94 -
54603at50557_1155016_0:0007f6|STRG.7935.1:468-941|+    -            158 54603at50557         -            483     1e-09   36.4   5.4   1   2   8.2e-06   0.00056   17.5   0.2   252   306     3    57     1    62 0.77 -
54603at50557_1155016_0:0007f6|STRG.7935.1:468-941|+    -            158 54603at50557         -            483     1e-09   36.4   5.4   2   2   8.4e-09   5.7e-07   27.4   1.3    39   113    47   126    44   134 0.86 -
109776at50557_34740_0:000e9a|STRG.7935.2:405-773|+     -            123 54603at50557         -            483   1.1e-09   36.4   9.0   1   2   6.2e-07   4.2e-05   21.2   1.6   156   222    12    81     3    87 0.66 -
109776at50557_34740_0:000e9a|STRG.7935.2:405-773|+     -            123 54603at50557         -            483   1.1e-09   36.4   9.0   2   2   2.6e-08   1.8e-06   25.7   1.0   251   320    47   116    45   123 0.89 -
109776at50557_1155016_0:00292d|STRG.13163.1:592-1077|+ -            162 54603at50557         -            483   1.2e-09   36.2   7.8   1   2   5.3e-07   3.6e-05   21.4   2.9   336   419    14    99     6   109 0.62 -
109776at50557_1155016_0:00292d|STRG.13163.1:592-1077|+ -            162 54603at50557         -            483   1.2e-09   36.2   7.8   2   2   1.5e-05     0.001   16.6   0.3   338   375   109   149   102   162 0.73 -
8280at50557_168631_0:00267d|STRG.13971.1:1878-2255|+   -            126 54603at50557         -            483   3.5e-09   34.7   0.2   1   1   6.8e-11   4.7e-09   34.3   0.2   267   371    13   122     7   125 0.84 -
8280at50557_168631_0:00267d|STRG.13971.2:1338-1715|+   -            126 54603at50557         -            483   3.5e-09   34.7   0.2   1   1   6.8e-11   4.7e-09   34.3   0.2   267   371    13   122     7   125 0.84 -
8280at50557_168631_0:00267d|STRG.13971.3:1206-1583|+   -            126 54603at50557         -            483   3.5e-09   34.7   0.2   1   1   6.8e-11   4.7e-09   34.3   0.2   267   371    13   122     7   125 0.84 -
8280at50557_168631_0:00267d|STRG.13971.4:1157-1534|+   -            126 54603at50557         -            483   3.5e-09   34.7   0.2   1   1   6.8e-11   4.7e-09   34.3   0.2   267   371    13   122     7   125 0.84 -
8280at50557_168631_0:00267d|STRG.13971.5:1144-1521|+   -            126 54603at50557         -            483   3.5e-09   34.7   0.2   1   1   6.8e-11   4.7e-09   34.3   0.2   267   371    13   122     7   125 0.84 -
8280at50557_168631_0:00267d|STRG.13971.6:1193-1570|+   -            126 54603at50557         -            483   3.5e-09   34.7   0.2   1   1   6.8e-11   4.7e-09   34.3   0.2   267   371    13   122     7   125 0.84 -
25718at50557_319348_0:002427|STRG.15528.1:519-1085|+   -            189 54603at50557         -            483   1.7e-08   32.4   5.5   1   2   7.6e-05    0.0052   14.3   3.3    58   139    18   104     5   107 0.68 -
25718at50557_319348_0:002427|STRG.15528.1:519-1085|+   -            189 54603at50557         -            483   1.7e-08   32.4   5.5   2   2   9.1e-06   0.00062   17.4   0.0   355   414   114   176   108   183 0.85 -
25718at50557_38123_0:002c3f|STRG.7116.1:1030-1962|+    -            311 54603at50557         -            483   1.9e-08   32.2  10.7   1   3   0.00025     0.017   12.6   0.9   354   418    24    91     4   109 0.84 -
25718at50557_38123_0:002c3f|STRG.7116.1:1030-1962|+    -            311 54603at50557         -            483   1.9e-08   32.2  10.7   2   3    0.0082      0.56    7.6   0.7   122   179   151   212   133   216 0.72 -
25718at50557_38123_0:002c3f|STRG.7116.1:1030-1962|+    -            311 54603at50557         -            483   1.9e-08   32.2  10.7   3   3     1e-05   0.00069   17.2   0.0   269   313   218   264   213   280 0.88 -
7376at50557_45779_0:000f73|STRG.5630.1:224-982|+       -            253 54603at50557         -            483     3e-08   31.6   1.7   1   2   5.3e-09   3.6e-07   28.0   1.5   344   465    26   152    21   169 0.80 -
7376at50557_45779_0:000f73|STRG.5630.1:224-982|+       -            253 54603at50557         -            483     3e-08   31.6   1.7   2   2   0.00065     0.045   11.2   0.2   142   203   112   178   109   197 0.81 -
8280at50557_7395_0:001be3|STRG.2913.2:319-765|+        -            149 54603at50557         -            483   7.2e-08   30.3   0.5   1   2       1.6   1.1e+02    0.1   0.0   195   215    12    32     9    41 0.82 -
8280at50557_7395_0:001be3|STRG.2913.2:319-765|+        -            149 54603at50557         -            483   7.2e-08   30.3   0.5   2   2   4.7e-09   3.2e-07   28.2   0.3    78   148    65   137    43   147 0.90 -
8280at50557_7395_0:001be3|STRG.2913.3:319-765|+        -            149 54603at50557         -            483   7.2e-08   30.3   0.5   1   2       1.6   1.1e+02    0.1   0.0   195   215    12    32     9    41 0.82 -
8280at50557_7395_0:001be3|STRG.2913.3:319-765|+        -            149 54603at50557         -            483   7.2e-08   30.3   0.5   2   2   4.7e-09   3.2e-07   28.2   0.3    78   148    65   137    43   147 0.90 -
8280at50557_38123_0:003113|STRG.16540.1:343-1323|+     -            327 54603at50557         -            483   1.7e-07   29.1  19.8   1   2   6.8e-08   4.7e-06   24.4   5.4   138   225     1    94     1    96 0.79 -
8280at50557_38123_0:003113|STRG.16540.1:343-1323|+     -            327 54603at50557         -            483   1.7e-07   29.1  19.8   2   2       0.2        14    3.0   1.7    39   104   194   265   187   278 0.65 -
83902at50557_7200_0:001fae|STRG.8902.1:738-992|+       -             85 54603at50557         -            483   2.5e-07   28.5   6.1   1   2     3e-07   2.1e-05   22.2   2.3   163   223     2    66     1    68 0.84 -
83902at50557_7200_0:001fae|STRG.8902.1:738-992|+       -             85 54603at50557         -            483   2.5e-07   28.5   6.1   2   2   3.3e-05    0.0023   15.5   1.3   334   368    49    85    44    85 0.87 -
102553at50557_74869_0:000218|STRG.9170.1:1131-1613|+   -            161 54603at50557         -            483   2.7e-07   28.5   5.1   1   1   9.2e-09   6.3e-07   27.2   5.1    85   200     1   128     1   135 0.76 -
109776at50557_7460_0:00091a|STRG.9814.1:687-1394|+     -            236 54603at50557         -            483   4.9e-07   27.6  26.9   1   1   4.9e-07   3.3e-05   21.5  26.9    81   311     8   234     3   236 0.73 -
83902at50557_52612_0:002c37|STRG.6269.2:474-938|+      -            155 54603at50557         -            483   1.4e-06   26.1   4.1   1   2   2.1e-05    0.0015   16.1   0.5   373   438    46   112    32   118 0.83 -
83902at50557_52612_0:002c37|STRG.6269.2:474-938|+      -            155 54603at50557         -            483   1.4e-06   26.1   4.1   2   2   0.00066     0.045   11.2   0.4    79   111   121   153   113   155 0.60 -
109776at50557_34740_0:000e9a|STRG.15528.1:1070-1582|+  -            171 54603at50557         -            483   2.5e-06   25.3   3.6   1   1   9.4e-08   6.4e-06   23.9   3.7   250   373    21   150     9   168 0.60 -
109776at50557_13249_0:0026b7|STRG.11434.1:348-830|+    -            161 54603at50557         -            483   5.9e-06   24.0   4.9   1   1   3.7e-07   2.5e-05   21.9   4.9   293   434     5   158     2   161 0.81 -
102553at50557_116153_0:00114a|STRG.2733.1:912-1304|+   -            131 54603at50557         -            483   1.6e-05   22.6   8.0   1   1     4e-07   2.7e-05   21.8   8.0   340   435     2    98     1   113 0.76 -
102553at50557_1041015_0:0032fd|STRG.6201.1:394-828|+   -            145 54603at50557         -            483   0.00018   19.1   1.1   1   1     3e-06   0.00021   18.9   1.1   361   418     1    57     1    78 0.64 -
102553at50557_1041015_0:0032fd|STRG.6201.2:400-834|+   -            145 54603at50557         -            483   0.00018   19.1   1.1   1   1     3e-06   0.00021   18.9   1.1   361   418     1    57     1    78 0.64 -
46658at50557_88501_0:0030f3|STRG.12802.1:189-1844|+    -            552 54603at50557         -            483   0.00064   17.3   0.4   1   3     0.055       3.7    4.9   0.0   275   310     3    38     1    45 0.88 -
46658at50557_88501_0:0030f3|STRG.12802.1:189-1844|+    -            552 54603at50557         -            483   0.00064   17.3   0.4   2   3      0.37        26    2.1   0.0   274   308    50    84    40    96 0.68 -
46658at50557_88501_0:0030f3|STRG.12802.1:189-1844|+    -            552 54603at50557         -            483   0.00064   17.3   0.4   3   3     0.017       1.2    6.6   0.0   270   303    94   127    84   141 0.90 -
102553at50557_13037_0:002e8c|STRG.5149.2:240-626|+     -            129 54603at50557         -            483    0.0015   16.1   0.6   1   1   2.4e-05    0.0016   16.0   0.6   329   411    14    98     2   122 0.70 -
102553at50557_13037_0:002e8c|STRG.5149.4:229-615|+     -            129 54603at50557         -            483    0.0015   16.1   0.6   1   1   2.4e-05    0.0016   16.0   0.6   329   411    14    98     2   122 0.70 -
102553at50557_13037_0:002e8c|STRG.5149.5:229-615|+     -            129 54603at50557         -            483    0.0015   16.1   0.6   1   1   2.4e-05    0.0016   16.0   0.6   329   411    14    98     2   122 0.70 -
102553at50557_168631_0:001f13|STRG.5149.1:307-636|+    -            110 54603at50557         -            483    0.0036   14.9   1.0   1   1   5.4e-05    0.0037   14.8   1.0   348   411     8    73     1   100 0.66 -
102553at50557_168631_0:001f13|STRG.5149.3:307-636|+    -            110 54603at50557         -            483    0.0036   14.9   1.0   1   1   5.4e-05    0.0037   14.8   1.0   348   411     8    73     1   100 0.66 -
#
# Program:         hmmsearch
# Version:         3.4 (Aug 2023)
# Pipeline mode:   SEARCH
# Query file:      /data/projet1/projet_tutore/busco_downloads/lineages/insecta_odb10/hmms/54603at50557.hmm
# Target file:     annotation_analysis/annotation_gcf/T_zeteki/busco_output/run_insecta_odb10/metaeuk_output/initial_results/assembled_transcripts.fasta.modified.fas
# Option settings: hmmsearch --domtblout annotation_analysis/annotation_gcf/T_zeteki/busco_output/run_insecta_odb10/hmmer_output/initial_run_results/54603at50557.out --cpu 1 /data/projet1/projet_tutore/busco_downloads/lineages/insecta_odb10/hmms/54603at50557.hmm annotation_analysis/annotation_gcf/T_zeteki/busco_output/run_insecta_odb10/metaeuk_output/initial_results/assembled_transcripts.fasta.modified.fas 
# Current dir:     /data/projet1/projet_tutore
# Date:            Sun Dec  1 20:28:18 2024
# [ok]
