#                                                                                                         --- full sequence --- -------------- this domain -------------   hmm coord   ali coord   env coord
# target name                                     accession   tlen query name           accession   qlen   E-value  score  bias   #  of  c-Evalue  i-Evalue  score  bias  from    to  from    to  from    to  acc description of target
#                             ------------------- ---------- ----- -------------------- ---------- ----- --------- ------ ----- --- --- --------- --------- ------ ----- ----- ----- ----- ----- ----- ----- ---- ---------------------
547at50557_103372_0:0010fb|STRG.7906.5:117-8033|+ -           2571 547at50557           -           2358         0 3312.4  42.9   1   4   1.1e-38   1.9e-35  120.4   0.1   321   440    17   160     8   181 0.82 -
547at50557_103372_0:0010fb|STRG.7906.5:117-8033|+ -           2571 547at50557           -           2358         0 3312.4  42.9   2   4   4.2e-29   7.4e-26   88.6   0.0   420   502   196   285   190   309 0.81 -
547at50557_103372_0:0010fb|STRG.7906.5:117-8033|+ -           2571 547at50557           -           2358         0 3312.4  42.9   3   4  8.5e-200  1.5e-196  654.8  19.2   494  1053   332  1081   323  1092 0.80 -
547at50557_103372_0:0010fb|STRG.7906.5:117-8033|+ -           2571 547at50557           -           2358         0 3312.4  42.9   4   4         0         0 2441.3  10.7  1026  2265  1109  2445  1096  2527 0.92 -
547at50557_103372_0:0010fb|STRG.7906.3:2-7650|+   -           2527 547at50557           -           2358         0 3132.9  50.1   1   4   4.1e-24   7.2e-21   72.1   1.2   529   617     1   136     1   154 0.81 -
547at50557_103372_0:0010fb|STRG.7906.3:2-7650|+   -           2527 547at50557           -           2358         0 3132.9  50.1   2   4  1.4e-178  2.5e-175  584.4  14.4   623  1053   201   750   145   761 0.83 -
547at50557_103372_0:0010fb|STRG.7906.3:2-7650|+   -           2527 547at50557           -           2358         0 3132.9  50.1   3   4         0         0 2441.3  10.8  1026  2265   778  2114   765  2196 0.92 -
547at50557_103372_0:0010fb|STRG.7906.3:2-7650|+   -           2527 547at50557           -           2358         0 3132.9  50.1   4   4   1.4e-14   2.4e-11   40.5   1.5  2273  2334  2265  2331  2246  2345 0.84 -
547at50557_103372_0:0010fb|STRG.7906.4:2-7527|+   -           2486 547at50557           -           2358         0 3123.1  48.4   1   4     4e-24     7e-21   72.1   1.2   529   617     1   136     1   154 0.81 -
547at50557_103372_0:0010fb|STRG.7906.4:2-7527|+   -           2486 547at50557           -           2358         0 3123.1  48.4   2   4  1.4e-178  2.5e-175  584.4  14.5   623  1053   201   750   145   761 0.83 -
547at50557_103372_0:0010fb|STRG.7906.4:2-7527|+   -           2486 547at50557           -           2358         0 3123.1  48.4   3   4         0         0 2441.4  10.8  1026  2265   778  2114   765  2196 0.92 -
547at50557_103372_0:0010fb|STRG.7906.4:2-7527|+   -           2486 547at50557           -           2358         0 3123.1  48.4   4   4   2.5e-11   4.4e-08   29.7   0.6  2284  2334  2236  2290  2223  2304 0.84 -
547at50557_103372_0:0010fb|STRG.7906.2:2-7540|+   -           2488 547at50557           -           2358         0 3122.7  48.6   1   4     4e-24     7e-21   72.1   1.2   529   617     1   136     1   154 0.81 -
547at50557_103372_0:0010fb|STRG.7906.2:2-7540|+   -           2488 547at50557           -           2358         0 3122.7  48.6   2   4  1.4e-178  2.5e-175  584.4  14.5   623  1053   201   750   145   761 0.83 -
547at50557_103372_0:0010fb|STRG.7906.2:2-7540|+   -           2488 547at50557           -           2358         0 3122.7  48.6   3   4         0         0 2441.4  10.8  1026  2265   778  2114   765  2196 0.92 -
547at50557_103372_0:0010fb|STRG.7906.2:2-7540|+   -           2488 547at50557           -           2358         0 3122.7  48.6   4   4   2.9e-11   5.2e-08   29.4   0.7  2283  2334  2237  2292  2223  2306 0.85 -
547at50557_166423_0:0001fa|STRG.7906.6:32-3865|+  -           1278 547at50557           -           2358         0 2124.2  10.5   1   1         0         0 2121.0  10.5  1205  2265     9  1157     1  1240 0.92 -
#
# Program:         hmmsearch
# Version:         3.4 (Aug 2023)
# Pipeline mode:   SEARCH
# Query file:      /data/projet1/projet_tutore/busco_downloads/lineages/insecta_odb10/hmms/547at50557.hmm
# Target file:     annotation_analysis/annotation_gcf/T_zeteki/busco_output/run_insecta_odb10/metaeuk_output/initial_results/assembled_transcripts.fasta.modified.fas
# Option settings: hmmsearch --domtblout annotation_analysis/annotation_gcf/T_zeteki/busco_output/run_insecta_odb10/hmmer_output/initial_run_results/547at50557.out --cpu 1 /data/projet1/projet_tutore/busco_downloads/lineages/insecta_odb10/hmms/547at50557.hmm annotation_analysis/annotation_gcf/T_zeteki/busco_output/run_insecta_odb10/metaeuk_output/initial_results/assembled_transcripts.fasta.modified.fas 
# Current dir:     /data/projet1/projet_tutore
# Date:            Sun Dec  1 20:28:19 2024
# [ok]
