#                                                                                                           --- full sequence --- -------------- this domain -------------   hmm coord   ali coord   env coord
# target name                                       accession   tlen query name           accession   qlen   E-value  score  bias   #  of  c-Evalue  i-Evalue  score  bias  from    to  from    to  from    to  acc description of target
#                               ------------------- ---------- ----- -------------------- ---------- ----- --------- ------ ----- --- --- --------- --------- ------ ----- ----- ----- ----- ----- ----- ----- ---- ---------------------
63135at50557_103372_0:00045d|STRG.4877.1:360-1661|+ -            434 63135at50557         -            313  5.2e-133  441.9   4.6   1   3   3.4e-34   9.8e-31  105.9   0.1     1    64     9    76     9    83 0.91 -
63135at50557_103372_0:00045d|STRG.4877.1:360-1661|+ -            434 63135at50557         -            313  5.2e-133  441.9   4.6   2   3   5.1e-80   1.5e-76  256.5   0.2    69   237   120   308   106   314 0.93 -
63135at50557_103372_0:00045d|STRG.4877.1:360-1661|+ -            434 63135at50557         -            313  5.2e-133  441.9   4.6   3   3   1.6e-26   4.7e-23   80.7   0.1   236   313   344   434   307   434 0.75 -
63135at50557_7375_0:0016c1|STRG.13048.1:1198-2130|+ -            311 63135at50557         -            313   1.8e-22   78.8   9.0   1   2   8.7e-19   2.6e-15   55.3   7.8    74   241     3   210     1   224 0.78 -
63135at50557_7375_0:0016c1|STRG.13048.1:1198-2130|+ -            311 63135at50557         -            313   1.8e-22   78.8   9.0   2   2   1.4e-07   0.00042   18.5   0.1   238   297   241   308   208   311 0.68 -
63135at50557_7375_0:0016c1|STRG.13048.2:1198-2109|+ -            304 63135at50557         -            313   3.3e-21   74.7   9.6   1   2   4.4e-19   1.3e-15   56.3   6.8    74   241     3   210     1   214 0.77 -
63135at50557_7375_0:0016c1|STRG.13048.2:1198-2109|+ -            304 63135at50557         -            313   3.3e-21   74.7   9.6   2   2   1.8e-06    0.0054   14.8   0.1   238   291   241   302   208   304 0.67 -
#
# Program:         hmmsearch
# Version:         3.4 (Aug 2023)
# Pipeline mode:   SEARCH
# Query file:      /data/projet1/projet_tutore/busco_downloads/lineages/insecta_odb10/hmms/63135at50557.hmm
# Target file:     annotation_analysis/annotation_gcf/T_zeteki/busco_output/run_insecta_odb10/metaeuk_output/initial_results/assembled_transcripts.fasta.modified.fas
# Option settings: hmmsearch --domtblout annotation_analysis/annotation_gcf/T_zeteki/busco_output/run_insecta_odb10/hmmer_output/initial_run_results/63135at50557.out --cpu 1 /data/projet1/projet_tutore/busco_downloads/lineages/insecta_odb10/hmms/63135at50557.hmm annotation_analysis/annotation_gcf/T_zeteki/busco_output/run_insecta_odb10/metaeuk_output/initial_results/assembled_transcripts.fasta.modified.fas 
# Current dir:     /data/projet1/projet_tutore
# Date:            Sun Dec  1 20:29:07 2024
# [ok]
