#                                                                                                           --- full sequence --- -------------- this domain -------------   hmm coord   ali coord   env coord
# target name                                       accession   tlen query name           accession   qlen   E-value  score  bias   #  of  c-Evalue  i-Evalue  score  bias  from    to  from    to  from    to  acc description of target
#                               ------------------- ---------- ----- -------------------- ---------- ----- --------- ------ ----- --- --- --------- --------- ------ ----- ----- ----- ----- ----- ----- ----- ---- ---------------------
72511at50557_34720_0:002521|STRG.1127.2:96-2714|+   -            873 72511at50557         -            535  3.3e-174  579.3  33.4   1   7   4.4e-94   9.7e-91  303.8  11.2     1   212    22   266    22   274 0.85 -
72511at50557_34720_0:002521|STRG.1127.2:96-2714|+   -            873 72511at50557         -            535  3.3e-174  579.3  33.4   2   7   1.4e-07   0.00032   18.3   0.2   206   259   290   349   277   399 0.72 -
72511at50557_34720_0:002521|STRG.1127.2:96-2714|+   -            873 72511at50557         -            535  3.3e-174  579.3  33.4   3   7   3.9e-13   8.5e-10   36.7   0.0   238   301   406   469   399   470 0.93 -
72511at50557_34720_0:002521|STRG.1127.2:96-2714|+   -            873 72511at50557         -            535  3.3e-174  579.3  33.4   4   7   1.1e-53   2.4e-50  170.5   0.0   278   437   468   658   464   679 0.84 -
72511at50557_34720_0:002521|STRG.1127.2:96-2714|+   -            873 72511at50557         -            535  3.3e-174  579.3  33.4   5   7   9.9e-07    0.0022   15.5   0.0   426   458   681   716   662   721 0.81 -
72511at50557_34720_0:002521|STRG.1127.2:96-2714|+   -            873 72511at50557         -            535  3.3e-174  579.3  33.4   6   7   4.8e-07    0.0011   16.6   5.8   450   489   728   767   724   778 0.89 -
72511at50557_34720_0:002521|STRG.1127.2:96-2714|+   -            873 72511at50557         -            535  3.3e-174  579.3  33.4   7   7   9.5e-10   2.1e-06   25.5   0.0   482   522   791   835   770   842 0.80 -
72511at50557_34720_0:002521|STRG.1127.3:56-2674|+   -            873 72511at50557         -            535  3.3e-174  579.3  33.4   1   7   4.4e-94   9.7e-91  303.8  11.2     1   212    22   266    22   274 0.85 -
72511at50557_34720_0:002521|STRG.1127.3:56-2674|+   -            873 72511at50557         -            535  3.3e-174  579.3  33.4   2   7   1.4e-07   0.00032   18.3   0.2   206   259   290   349   277   399 0.72 -
72511at50557_34720_0:002521|STRG.1127.3:56-2674|+   -            873 72511at50557         -            535  3.3e-174  579.3  33.4   3   7   3.9e-13   8.5e-10   36.7   0.0   238   301   406   469   399   470 0.93 -
72511at50557_34720_0:002521|STRG.1127.3:56-2674|+   -            873 72511at50557         -            535  3.3e-174  579.3  33.4   4   7   1.1e-53   2.4e-50  170.5   0.0   278   437   468   658   464   679 0.84 -
72511at50557_34720_0:002521|STRG.1127.3:56-2674|+   -            873 72511at50557         -            535  3.3e-174  579.3  33.4   5   7   9.9e-07    0.0022   15.5   0.0   426   458   681   716   662   721 0.81 -
72511at50557_34720_0:002521|STRG.1127.3:56-2674|+   -            873 72511at50557         -            535  3.3e-174  579.3  33.4   6   7   4.8e-07    0.0011   16.6   5.8   450   489   728   767   724   778 0.89 -
72511at50557_34720_0:002521|STRG.1127.3:56-2674|+   -            873 72511at50557         -            535  3.3e-174  579.3  33.4   7   7   9.5e-10   2.1e-06   25.5   0.0   482   522   791   835   770   842 0.80 -
72511at50557_123851_0:002526|STRG.1127.1:235-1026|+ -            264 72511at50557         -            535   2.1e-91  306.0  13.5   1   1     2e-94   4.4e-91  304.9  13.5     1   208    18   261    18   263 0.86 -
72511at50557_13686_0:002bad|STRG.1127.4:236-1267|+  -            344 72511at50557         -            535     2e-56  190.6  11.1   1   4   7.2e-41   1.6e-37  128.2   0.1   325   440     1   133     1   151 0.85 -
72511at50557_13686_0:002bad|STRG.1127.4:236-1267|+  -            344 72511at50557         -            535     2e-56  190.6  11.1   2   4     3e-07   0.00066   17.2   0.0   426   458   153   188   134   193 0.81 -
72511at50557_13686_0:002bad|STRG.1127.4:236-1267|+  -            344 72511at50557         -            535     2e-56  190.6  11.1   3   4   1.7e-07   0.00037   18.1   6.1   450   489   200   239   196   252 0.89 -
72511at50557_13686_0:002bad|STRG.1127.4:236-1267|+  -            344 72511at50557         -            535     2e-56  190.6  11.1   4   4   2.6e-10   5.8e-07   27.3   0.0   482   522   263   307   241   314 0.79 -
#
# Program:         hmmsearch
# Version:         3.4 (Aug 2023)
# Pipeline mode:   SEARCH
# Query file:      /data/projet1/projet_tutore/busco_downloads/lineages/insecta_odb10/hmms/72511at50557.hmm
# Target file:     annotation_analysis/annotation_gcf/T_zeteki/busco_output/run_insecta_odb10/metaeuk_output/initial_results/assembled_transcripts.fasta.modified.fas
# Option settings: hmmsearch --domtblout annotation_analysis/annotation_gcf/T_zeteki/busco_output/run_insecta_odb10/hmmer_output/initial_run_results/72511at50557.out --cpu 1 /data/projet1/projet_tutore/busco_downloads/lineages/insecta_odb10/hmms/72511at50557.hmm annotation_analysis/annotation_gcf/T_zeteki/busco_output/run_insecta_odb10/metaeuk_output/initial_results/assembled_transcripts.fasta.modified.fas 
# Current dir:     /data/projet1/projet_tutore
# Date:            Sun Dec  1 20:29:52 2024
# [ok]
