#                                                                                                            --- full sequence --- -------------- this domain -------------   hmm coord   ali coord   env coord
# target name                                        accession   tlen query name           accession   qlen   E-value  score  bias   #  of  c-Evalue  i-Evalue  score  bias  from    to  from    to  from    to  acc description of target
#                                ------------------- ---------- ----- -------------------- ---------- ----- --------- ------ ----- --- --- --------- --------- ------ ----- ----- ----- ----- ----- ----- ----- ---- ---------------------
72785at50557_520822_0:000ba7|STRG.5683.1:57-1172|+   -            372 72785at50557         -            271   8.5e-86  287.0  41.7   1   3   4.9e-19   6.2e-16   57.9  14.1     1    76     9   104     9   113 0.76 -
72785at50557_520822_0:000ba7|STRG.5683.1:57-1172|+   -            372 72785at50557         -            271   8.5e-86  287.0  41.7   2   3   4.9e-51   6.2e-48  162.8   9.7    76   183   146   256   105   260 0.86 -
72785at50557_520822_0:000ba7|STRG.5683.1:57-1172|+   -            372 72785at50557         -            271   8.5e-86  287.0  41.7   3   3   4.2e-23   5.2e-20   71.3   2.4   183   271   275   372   268   372 0.87 -
72785at50557_520822_0:000ba7|STRG.14323.1:760-1467|+ -            236 72785at50557         -            271   2.8e-09   36.1  16.8   1   2   0.00071       0.9    8.2   1.1   100   166     1    66     1    82 0.79 -
72785at50557_520822_0:000ba7|STRG.14323.1:760-1467|+ -            236 72785at50557         -            271   2.8e-09   36.1  16.8   2   2   1.3e-11   1.7e-08   33.5   8.5    68   162   106   198    77   221 0.79 -
72785at50557_520822_0:000ba7|STRG.14323.3:760-1467|+ -            236 72785at50557         -            271   2.8e-09   36.1  16.8   1   2   0.00071       0.9    8.2   1.1   100   166     1    66     1    82 0.79 -
72785at50557_520822_0:000ba7|STRG.14323.3:760-1467|+ -            236 72785at50557         -            271   2.8e-09   36.1  16.8   2   2   1.3e-11   1.7e-08   33.5   8.5    68   162   106   198    77   221 0.79 -
108140at50557_34720_0:001e92|STRG.3755.3:180-2105|+  -            642 72785at50557         -            271   0.00094   18.0   1.9   1   3      0.35   4.4e+02   -0.6   0.4    19    55   154   190   145   236 0.70 -
108140at50557_34720_0:001e92|STRG.3755.3:180-2105|+  -            642 72785at50557         -            271   0.00094   18.0   1.9   2   3   7.5e-07   0.00094   18.0   1.9    45    70   300   325   285   354 0.77 -
108140at50557_34720_0:001e92|STRG.3755.3:180-2105|+  -            642 72785at50557         -            271   0.00094   18.0   1.9   3   3    0.0074       9.4    4.8   4.3    38   112   539   616   504   623 0.69 -
45419at50557_456900_0:000d94|STRG.5314.1:1611-4052|+ -            814 72785at50557         -            271       7.4    5.2  16.7   1   3      0.18   2.3e+02    0.3   0.1    66   106    77   120    67   123 0.64 -
45419at50557_456900_0:000d94|STRG.5314.1:1611-4052|+ -            814 72785at50557         -            271       7.4    5.2  16.7   2   3   1.1e-05     0.014   14.1   3.5    38   106   433   504   422   510 0.82 -
45419at50557_456900_0:000d94|STRG.5314.1:1611-4052|+ -            814 72785at50557         -            271       7.4    5.2  16.7   3   3       2.4     3e+03   -3.4   1.6    81   103   732   754   709   773 0.63 -
45419at50557_456900_0:000d94|STRG.5314.2:626-3244|+  -            873 72785at50557         -            271       9.3    4.9  16.7   1   3       0.2   2.5e+02    0.2   0.1    66   106   136   179   127   182 0.64 -
45419at50557_456900_0:000d94|STRG.5314.2:626-3244|+  -            873 72785at50557         -            271       9.3    4.9  16.7   2   3   1.2e-05     0.016   14.0   3.5    38   106   492   563   481   569 0.82 -
45419at50557_456900_0:000d94|STRG.5314.2:626-3244|+  -            873 72785at50557         -            271       9.3    4.9  16.7   3   3       2.6   3.3e+03   -3.5   1.7    81   103   791   813   768   831 0.63 -
45419at50557_456900_0:000d94|STRG.5314.3:602-3220|+  -            873 72785at50557         -            271       9.3    4.9  16.7   1   3       0.2   2.5e+02    0.2   0.1    66   106   136   179   127   182 0.64 -
45419at50557_456900_0:000d94|STRG.5314.3:602-3220|+  -            873 72785at50557         -            271       9.3    4.9  16.7   2   3   1.2e-05     0.016   14.0   3.5    38   106   492   563   481   569 0.82 -
45419at50557_456900_0:000d94|STRG.5314.3:602-3220|+  -            873 72785at50557         -            271       9.3    4.9  16.7   3   3       2.6   3.3e+03   -3.5   1.7    81   103   791   813   768   831 0.63 -
#
# Program:         hmmsearch
# Version:         3.4 (Aug 2023)
# Pipeline mode:   SEARCH
# Query file:      /data/projet1/projet_tutore/busco_downloads/lineages/insecta_odb10/hmms/72785at50557.hmm
# Target file:     annotation_analysis/annotation_gcf/T_zeteki/busco_output/run_insecta_odb10/metaeuk_output/initial_results/assembled_transcripts.fasta.modified.fas
# Option settings: hmmsearch --domtblout annotation_analysis/annotation_gcf/T_zeteki/busco_output/run_insecta_odb10/hmmer_output/initial_run_results/72785at50557.out --cpu 1 /data/projet1/projet_tutore/busco_downloads/lineages/insecta_odb10/hmms/72785at50557.hmm annotation_analysis/annotation_gcf/T_zeteki/busco_output/run_insecta_odb10/metaeuk_output/initial_results/assembled_transcripts.fasta.modified.fas 
# Current dir:     /data/projet1/projet_tutore
# Date:            Sun Dec  1 20:29:53 2024
# [ok]
