#                                                                                                            --- full sequence --- -------------- this domain -------------   hmm coord   ali coord   env coord
# target name                                        accession   tlen query name           accession   qlen   E-value  score  bias   #  of  c-Evalue  i-Evalue  score  bias  from    to  from    to  from    to  acc description of target
#                                ------------------- ---------- ----- -------------------- ---------- ----- --------- ------ ----- --- --- --------- --------- ------ ----- ----- ----- ----- ----- ----- ----- ---- ---------------------
7320at50557_456900_0:00040c|STRG.7567.7:1043-4699|+  -           1219 7320at50557          -            834         0 1386.4  57.8   1   5  1.2e-104  4.5e-102  341.7  22.6     1   215     4   240     4   251 0.90 -
7320at50557_456900_0:00040c|STRG.7567.7:1043-4699|+  -           1219 7320at50557          -            834         0 1386.4  57.8   2   5  7.5e-106  2.8e-103  345.7   2.4   192   405   286   517   268   529 0.90 -
7320at50557_456900_0:00040c|STRG.7567.7:1043-4699|+  -           1219 7320at50557          -            834         0 1386.4  57.8   3   5   1.5e-63   5.4e-61  205.8   2.9   408   554   574   760   568   776 0.83 -
7320at50557_456900_0:00040c|STRG.7567.7:1043-4699|+  -           1219 7320at50557          -            834         0 1386.4  57.8   4   5  2.6e-126  9.4e-124  413.4   3.6   562   781   893  1117   875  1125 0.95 -
7320at50557_456900_0:00040c|STRG.7567.7:1043-4699|+  -           1219 7320at50557          -            834         0 1386.4  57.8   5   5   3.1e-27   1.1e-24   85.6   0.0   769   834  1142  1219  1126  1219 0.81 -
7320at50557_456900_0:00040c|STRG.7567.5:1043-4702|+  -           1220 7320at50557          -            834         0 1385.0  57.9   1   5  1.2e-104  4.5e-102  341.7  22.6     1   215     4   240     4   251 0.90 -
7320at50557_456900_0:00040c|STRG.7567.5:1043-4702|+  -           1220 7320at50557          -            834         0 1385.0  57.9   2   5  7.5e-106  2.8e-103  345.7   2.4   192   405   286   517   268   529 0.90 -
7320at50557_456900_0:00040c|STRG.7567.5:1043-4702|+  -           1220 7320at50557          -            834         0 1385.0  57.9   3   5   1.5e-63   5.4e-61  205.8   2.9   408   554   574   760   568   776 0.83 -
7320at50557_456900_0:00040c|STRG.7567.5:1043-4702|+  -           1220 7320at50557          -            834         0 1385.0  57.9   4   5  2.6e-126  9.5e-124  413.4   3.7   562   781   893  1117   871  1125 0.95 -
7320at50557_456900_0:00040c|STRG.7567.5:1043-4702|+  -           1220 7320at50557          -            834         0 1385.0  57.9   5   5   7.5e-27   2.8e-24   84.4   0.0   769   834  1142  1220  1127  1220 0.80 -
7320at50557_456900_0:00040c|STRG.7567.3:7101-10840|+ -           1220 7320at50557          -            834         0 1384.0  57.7   1   6  1.2e-104  4.5e-102  341.7  22.6     1   215     4   240     4   251 0.90 -
7320at50557_456900_0:00040c|STRG.7567.3:7101-10840|+ -           1220 7320at50557          -            834         0 1384.0  57.7   2   6  7.5e-106  2.8e-103  345.7   2.4   192   405   286   517   268   529 0.90 -
7320at50557_456900_0:00040c|STRG.7567.3:7101-10840|+ -           1220 7320at50557          -            834         0 1384.0  57.7   3   6   5.6e-42   2.1e-39  134.4   0.2   410   497   576   671   568   683 0.89 -
7320at50557_456900_0:00040c|STRG.7567.3:7101-10840|+ -           1220 7320at50557          -            834         0 1384.0  57.7   4   6   4.1e-25   1.5e-22   78.6   0.2   498   554   701   760   681   776 0.87 -
7320at50557_456900_0:00040c|STRG.7567.3:7101-10840|+ -           1220 7320at50557          -            834         0 1384.0  57.7   5   6  2.6e-126  9.5e-124  413.4   3.7   562   781   893  1117   871  1125 0.95 -
7320at50557_456900_0:00040c|STRG.7567.3:7101-10840|+ -           1220 7320at50557          -            834         0 1384.0  57.7   6   6   7.5e-27   2.8e-24   84.4   0.0   769   834  1142  1220  1127  1220 0.80 -
7320at50557_456900_0:00040c|STRG.7567.1:7102-10779|+ -           1226 7320at50557          -            834         0 1381.4  57.6   1   5  1.2e-104  4.6e-102  341.7  22.6     1   215     4   240     4   251 0.90 -
7320at50557_456900_0:00040c|STRG.7567.1:7102-10779|+ -           1226 7320at50557          -            834         0 1381.4  57.6   2   5  7.6e-106  2.8e-103  345.7   2.4   192   405   286   517   268   529 0.90 -
7320at50557_456900_0:00040c|STRG.7567.1:7102-10779|+ -           1226 7320at50557          -            834         0 1381.4  57.6   3   5   1.5e-63   5.4e-61  205.8   2.9   408   554   574   760   568   776 0.83 -
7320at50557_456900_0:00040c|STRG.7567.1:7102-10779|+ -           1226 7320at50557          -            834         0 1381.4  57.6   4   5  2.4e-126  8.8e-124  413.5   3.6   562   782   893  1118   876  1138 0.95 -
7320at50557_456900_0:00040c|STRG.7567.1:7102-10779|+ -           1226 7320at50557          -            834         0 1381.4  57.6   5   5   1.2e-25   4.5e-23   80.3   0.0   769   827  1142  1207  1127  1210 0.85 -
7320at50557_456900_0:00040c|STRG.7567.2:7101-11269|+ -           1244 7320at50557          -            834         0 1378.7  61.0   1   7  1.3e-104  4.7e-102  341.6  22.6     1   215     4   240     4   251 0.90 -
7320at50557_456900_0:00040c|STRG.7567.2:7101-11269|+ -           1244 7320at50557          -            834         0 1378.7  61.0   2   7  7.8e-106  2.8e-103  345.6   2.4   192   405   286   517   268   529 0.90 -
7320at50557_456900_0:00040c|STRG.7567.2:7101-11269|+ -           1244 7320at50557          -            834         0 1378.7  61.0   3   7   2.1e-42   7.7e-40  135.8   0.2   408   497   574   671   563   685 0.90 -
7320at50557_456900_0:00040c|STRG.7567.2:7101-11269|+ -           1244 7320at50557          -            834         0 1378.7  61.0   4   7   3.7e-25   1.3e-22   78.8   0.2   498   554   701   760   673   776 0.85 -
7320at50557_456900_0:00040c|STRG.7567.2:7101-11269|+ -           1244 7320at50557          -            834         0 1378.7  61.0   5   7  2.7e-126  9.8e-124  413.3   3.7   562   782   893  1118   876  1135 0.95 -
7320at50557_456900_0:00040c|STRG.7567.2:7101-11269|+ -           1244 7320at50557          -            834         0 1378.7  61.0   6   7   1.2e-25   4.6e-23   80.3   0.0   769   827  1142  1207  1126  1210 0.85 -
7320at50557_456900_0:00040c|STRG.7567.2:7101-11269|+ -           1244 7320at50557          -            834         0 1378.7  61.0   7   7       1.1   4.1e+02   -2.2   0.1   822   834  1222  1234  1220  1234 0.88 -
7320at50557_456900_0:00040c|STRG.7567.4:1043-4774|+  -           1244 7320at50557          -            834         0 1378.5  61.2   1   6  1.3e-104  4.7e-102  341.6  22.6     1   215     4   240     4   251 0.90 -
7320at50557_456900_0:00040c|STRG.7567.4:1043-4774|+  -           1244 7320at50557          -            834         0 1378.5  61.2   2   6  7.8e-106  2.8e-103  345.6   2.4   192   405   286   517   268   529 0.90 -
7320at50557_456900_0:00040c|STRG.7567.4:1043-4774|+  -           1244 7320at50557          -            834         0 1378.5  61.2   3   6   1.5e-63   5.5e-61  205.8   2.9   408   554   574   760   568   776 0.83 -
7320at50557_456900_0:00040c|STRG.7567.4:1043-4774|+  -           1244 7320at50557          -            834         0 1378.5  61.2   4   6  2.7e-126  9.8e-124  413.3   3.7   562   782   893  1118   876  1135 0.95 -
7320at50557_456900_0:00040c|STRG.7567.4:1043-4774|+  -           1244 7320at50557          -            834         0 1378.5  61.2   5   6   1.2e-25   4.6e-23   80.3   0.0   769   827  1142  1207  1126  1210 0.85 -
7320at50557_456900_0:00040c|STRG.7567.4:1043-4774|+  -           1244 7320at50557          -            834         0 1378.5  61.2   6   6       1.1   4.1e+02   -2.2   0.1   822   834  1222  1234  1220  1234 0.88 -
7320at50557_456900_0:00040c|STRG.7567.6:1043-4756|+  -           1238 7320at50557          -            834         0 1367.6  61.0   1   6  1.3e-104  4.6e-102  341.6  22.6     1   215     4   240     4   251 0.90 -
7320at50557_456900_0:00040c|STRG.7567.6:1043-4756|+  -           1238 7320at50557          -            834         0 1367.6  61.0   2   6  1.6e-102  5.7e-100  334.7   2.2   192   405   286   511   268   523 0.90 -
7320at50557_456900_0:00040c|STRG.7567.6:1043-4756|+  -           1238 7320at50557          -            834         0 1367.6  61.0   3   6   1.5e-63   5.5e-61  205.8   2.9   408   554   568   754   562   770 0.83 -
7320at50557_456900_0:00040c|STRG.7567.6:1043-4756|+  -           1238 7320at50557          -            834         0 1367.6  61.0   4   6  2.7e-126  9.7e-124  413.3   3.7   562   782   887  1112   870  1129 0.95 -
7320at50557_456900_0:00040c|STRG.7567.6:1043-4756|+  -           1238 7320at50557          -            834         0 1367.6  61.0   5   6   1.2e-25   4.5e-23   80.3   0.0   769   827  1136  1201  1120  1204 0.85 -
7320at50557_456900_0:00040c|STRG.7567.6:1043-4756|+  -           1238 7320at50557          -            834         0 1367.6  61.0   6   6       1.1   4.1e+02   -2.2   0.1   822   834  1216  1228  1214  1228 0.88 -
7320at50557_456900_0:00040c|STRG.7567.8:225-2174|+   -            650 7320at50557          -            834  3.6e-213  709.2  17.3   1   4   1.2e-42   4.4e-40  136.6   0.3   408   497     4   101     1   113 0.90 -
7320at50557_456900_0:00040c|STRG.7567.8:225-2174|+   -            650 7320at50557          -            834  3.6e-213  709.2  17.3   2   4   1.6e-25   5.8e-23   80.0   0.2   498   554   131   190   102   205 0.84 -
7320at50557_456900_0:00040c|STRG.7567.8:225-2174|+   -            650 7320at50557          -            834  3.6e-213  709.2  17.3   3   4  8.2e-127    3e-124  415.0   3.6   562   781   323   547   305   554 0.95 -
7320at50557_456900_0:00040c|STRG.7567.8:225-2174|+   -            650 7320at50557          -            834  3.6e-213  709.2  17.3   4   4   3.3e-27   1.2e-24   85.5   0.0   769   834   572   650   557   650 0.79 -
7320at50557_93721_0:00337f|STRG.14914.2:4877-5857|+  -            327 7320at50557          -            834   2.4e-45  154.0   0.2   1   2     9e-46   3.3e-43  146.9   0.2   568   801    11   260     3   267 0.88 -
7320at50557_93721_0:00337f|STRG.14914.2:4877-5857|+  -            327 7320at50557          -            834   2.4e-45  154.0   0.2   2   2    0.0063       2.3    5.2   0.0   802   824   285   307   276   327 0.67 -
7320at50557_93721_0:00337f|STRG.14914.3:4507-5487|+  -            327 7320at50557          -            834   2.4e-45  154.0   0.2   1   2     9e-46   3.3e-43  146.9   0.2   568   801    11   260     3   267 0.88 -
7320at50557_93721_0:00337f|STRG.14914.3:4507-5487|+  -            327 7320at50557          -            834   2.4e-45  154.0   0.2   2   2    0.0063       2.3    5.2   0.0   802   824   285   307   276   327 0.67 -
7320at50557_93721_0:00337f|STRG.14914.6:3582-4562|+  -            327 7320at50557          -            834   2.4e-45  154.0   0.2   1   2     9e-46   3.3e-43  146.9   0.2   568   801    11   260     3   267 0.88 -
7320at50557_93721_0:00337f|STRG.14914.6:3582-4562|+  -            327 7320at50557          -            834   2.4e-45  154.0   0.2   2   2    0.0063       2.3    5.2   0.0   802   824   285   307   276   327 0.67 -
7320at50557_93721_0:00337f|STRG.14914.10:2115-3092|+ -            326 7320at50557          -            834   1.2e-44  151.7   0.2   1   2   4.7e-45   1.7e-42  144.6   0.3   568   801    11   259     3   266 0.88 -
7320at50557_93721_0:00337f|STRG.14914.10:2115-3092|+ -            326 7320at50557          -            834   1.2e-44  151.7   0.2   2   2    0.0062       2.3    5.2   0.0   802   824   284   306   275   326 0.67 -
7320at50557_93721_0:00337f|STRG.14914.1:4756-5733|+  -            326 7320at50557          -            834   1.2e-44  151.7   0.2   1   2   4.7e-45   1.7e-42  144.6   0.3   568   801    11   259     3   266 0.88 -
7320at50557_93721_0:00337f|STRG.14914.1:4756-5733|+  -            326 7320at50557          -            834   1.2e-44  151.7   0.2   2   2    0.0062       2.3    5.2   0.0   802   824   284   306   275   326 0.67 -
7320at50557_93721_0:00337f|STRG.14914.4:4506-5483|+  -            326 7320at50557          -            834   1.2e-44  151.7   0.2   1   2   4.7e-45   1.7e-42  144.6   0.3   568   801    11   259     3   266 0.88 -
7320at50557_93721_0:00337f|STRG.14914.4:4506-5483|+  -            326 7320at50557          -            834   1.2e-44  151.7   0.2   2   2    0.0062       2.3    5.2   0.0   802   824   284   306   275   326 0.67 -
7320at50557_93721_0:00337f|STRG.14914.5:4461-5438|+  -            326 7320at50557          -            834   1.2e-44  151.7   0.2   1   2   4.7e-45   1.7e-42  144.6   0.3   568   801    11   259     3   266 0.88 -
7320at50557_93721_0:00337f|STRG.14914.5:4461-5438|+  -            326 7320at50557          -            834   1.2e-44  151.7   0.2   2   2    0.0062       2.3    5.2   0.0   802   824   284   306   275   326 0.67 -
7320at50557_93721_0:00337f|STRG.14914.7:2758-3735|+  -            326 7320at50557          -            834   1.2e-44  151.7   0.2   1   2   4.7e-45   1.7e-42  144.6   0.3   568   801    11   259     3   266 0.88 -
7320at50557_93721_0:00337f|STRG.14914.7:2758-3735|+  -            326 7320at50557          -            834   1.2e-44  151.7   0.2   2   2    0.0062       2.3    5.2   0.0   802   824   284   306   275   326 0.67 -
7320at50557_93721_0:00337f|STRG.14914.8:2115-3092|+  -            326 7320at50557          -            834   1.2e-44  151.7   0.2   1   2   4.7e-45   1.7e-42  144.6   0.3   568   801    11   259     3   266 0.88 -
7320at50557_93721_0:00337f|STRG.14914.8:2115-3092|+  -            326 7320at50557          -            834   1.2e-44  151.7   0.2   2   2    0.0062       2.3    5.2   0.0   802   824   284   306   275   326 0.67 -
7320at50557_93721_0:00337f|STRG.14914.9:2115-3092|+  -            326 7320at50557          -            834   1.2e-44  151.7   0.2   1   2   4.7e-45   1.7e-42  144.6   0.3   568   801    11   259     3   266 0.88 -
7320at50557_93721_0:00337f|STRG.14914.9:2115-3092|+  -            326 7320at50557          -            834   1.2e-44  151.7   0.2   2   2    0.0062       2.3    5.2   0.0   802   824   284   306   275   326 0.67 -
7320at50557_13249_0:0028f8|STRG.9595.1:2663-3427|+   -            255 7320at50557          -            834     9e-31  105.8   0.1   1   1   2.9e-33   1.1e-30  105.6   0.1   569   793    16   254     2   255 0.83 -
7320at50557_13249_0:0028f8|STRG.9595.2:2934-3698|+   -            255 7320at50557          -            834     9e-31  105.8   0.1   1   1   2.9e-33   1.1e-30  105.6   0.1   569   793    16   254     2   255 0.83 -
7320at50557_13249_0:0028f8|STRG.9595.3:2279-3043|+   -            255 7320at50557          -            834     9e-31  105.8   0.1   1   1   2.9e-33   1.1e-30  105.6   0.1   569   793    16   254     2   255 0.83 -
7320at50557_13249_0:0028f8|STRG.9595.4:3191-3955|+   -            255 7320at50557          -            834     9e-31  105.8   0.1   1   1   2.9e-33   1.1e-30  105.6   0.1   569   793    16   254     2   255 0.83 -
91957at50557_103372_0:001b5f|STRG.1742.1:464-1639|+  -            392 7320at50557          -            834   0.00013   19.3  16.2   1   2   4.9e-06    0.0018   15.5   6.5    16   118    25   128    13   153 0.84 -
91957at50557_103372_0:001b5f|STRG.1742.1:464-1639|+  -            392 7320at50557          -            834   0.00013   19.3  16.2   2   2   0.00016     0.059   10.5   0.3   301   374   236   310   224   325 0.74 -
91957at50557_103372_0:001b5f|STRG.1742.2:464-1615|+  -            384 7320at50557          -            834   0.00013   19.2  16.8   1   2   9.9e-06    0.0036   14.5   8.0    16   119    25   129    13   173 0.83 -
91957at50557_103372_0:001b5f|STRG.1742.2:464-1615|+  -            384 7320at50557          -            834   0.00013   19.2  16.8   2   2   0.00016     0.057   10.5   0.4   301   374   228   302   216   318 0.74 -
#
# Program:         hmmsearch
# Version:         3.4 (Aug 2023)
# Pipeline mode:   SEARCH
# Query file:      /data/projet1/projet_tutore/busco_downloads/lineages/insecta_odb10/hmms/7320at50557.hmm
# Target file:     annotation_analysis/annotation_gcf/T_zeteki/busco_output/run_insecta_odb10/metaeuk_output/initial_results/assembled_transcripts.fasta.modified.fas
# Option settings: hmmsearch --domtblout annotation_analysis/annotation_gcf/T_zeteki/busco_output/run_insecta_odb10/hmmer_output/initial_run_results/7320at50557.out --cpu 1 /data/projet1/projet_tutore/busco_downloads/lineages/insecta_odb10/hmms/7320at50557.hmm annotation_analysis/annotation_gcf/T_zeteki/busco_output/run_insecta_odb10/metaeuk_output/initial_results/assembled_transcripts.fasta.modified.fas 
# Current dir:     /data/projet1/projet_tutore
# Date:            Sun Dec  1 20:29:54 2024
# [ok]
