#                                                                                                              --- full sequence --- -------------- this domain -------------   hmm coord   ali coord   env coord
# target name                                          accession   tlen query name           accession   qlen   E-value  score  bias   #  of  c-Evalue  i-Evalue  score  bias  from    to  from    to  from    to  acc description of target
#                                  ------------------- ---------- ----- -------------------- ---------- ----- --------- ------ ----- --- --- --------- --------- ------ ----- ----- ----- ----- ----- ----- ----- ---- ---------------------
73951at50557_103372_0:001613|STRG.13900.2:49-1485|+    -            479 73951at50557         -            329  6.7e-179  593.0  17.1   1   1  5.6e-180  1.4e-177  588.6  17.1     1   329    78   442    78   442 0.94 -
73951at50557_34720_0:00262d|STRG.13900.1:31-1614|+     -            528 73951at50557         -            329  9.6e-179  592.5  17.1   1   1  7.4e-180  1.9e-177  588.2  17.1     1   329    84   448    84   448 0.94 -
74932at50557_286706_0:00199c|STRG.15515.1:326-1339|+   -            338 73951at50557         -            329   4.5e-34  117.0   0.1   1   1   2.4e-36     6e-34  116.6   0.1     2   283    10   306     9   316 0.80 -
74932at50557_286706_0:00199c|STRG.15515.2:329-1342|+   -            338 73951at50557         -            329   4.5e-34  117.0   0.1   1   1   2.4e-36     6e-34  116.6   0.1     2   283    10   306     9   316 0.80 -
74932at50557_103372_0:0007c3|STRG.2765.1:11-1126|+     -            372 73951at50557         -            329   2.1e-33  114.8   0.8   1   1   4.5e-34   1.1e-31  109.1   0.8     1   305    39   342    39   353 0.76 -
74932at50557_222816_0:000a9b|STRG.13171.1:204-1250|+   -            349 73951at50557         -            329   4.7e-28   97.2   0.0   1   2   2.3e-25   5.8e-23   80.5   0.1     1    68     3    69     3   111 0.91 -
74932at50557_222816_0:000a9b|STRG.13171.1:204-1250|+   -            349 73951at50557         -            329   4.7e-28   97.2   0.0   2   2     2e-05    0.0052   14.9   0.0   229   273   247   292   183   344 0.66 -
109756at50557_378494_0:003794|STRG.8258.2:303-515|+    -             71 73951at50557         -            329   1.8e-21   75.5   1.6   1   1   7.8e-24     2e-21   75.4   1.6     3    72     1    71     1    71 0.94 -
109756at50557_378494_0:003794|STRG.8258.1:304-489|+    -             62 73951at50557         -            329   1.3e-19   69.4   1.2   1   1   5.6e-22   1.4e-19   69.3   1.2     3    63     1    62     1    62 0.96 -
109756at50557_378494_0:003794|STRG.8258.3:278-463|+    -             62 73951at50557         -            329   1.3e-19   69.4   1.2   1   1   5.6e-22   1.4e-19   69.3   1.2     3    63     1    62     1    62 0.96 -
109756at50557_103372_0:00251e|STRG.6114.2:175-807|+    -            211 73951at50557         -            329   4.5e-19   67.7   0.2   1   1   2.7e-21   6.8e-19   67.1   0.2     2    69    13    80    12    94 0.92 -
109756at50557_52612_0:003ea0|STRG.14795.1:362-583|+    -             74 73951at50557         -            329   4.6e-19   67.7   1.0   1   1     2e-21   5.1e-19   67.5   1.0     1    67     5    71     5    73 0.98 -
109756at50557_103372_0:00251e|STRG.6114.1:175-861|+    -            229 73951at50557         -            329   5.3e-19   67.4   0.2   1   1   3.2e-21     8e-19   66.9   0.2     2    69    13    80    12    94 0.93 -
41065at50557_133901_0:001440|STRG.12040.1:327-1658|+   -            444 73951at50557         -            329   1.2e-18   66.3   1.3   1   1   9.4e-21   2.4e-18   65.3   1.3     1    97   343   442   343   444 0.85 -
41065at50557_7536_0:00279b|STRG.12146.1:465-755|+      -             97 73951at50557         -            329   3.3e-18   64.8   0.1   1   1   1.5e-20   3.7e-18   64.7   0.1     3    79     1    76     1    95 0.86 -
108140at50557_34720_0:001e92|STRG.3755.3:180-2105|+    -            642 73951at50557         -            329   9.1e-16   56.8   0.1   1   1   9.6e-18   2.4e-15   55.4   0.1     2    67     4    70     3    89 0.91 -
41065at50557_103372_0:000e4c|STRG.6239.1:139-1581|+    -            481 73951at50557         -            329   1.9e-15   55.8   0.6   1   1   1.1e-17   2.8e-15   55.2   0.6     1    87   378   467   378   479 0.81 -
127306at50557_64793_0:0016b5|STRG.5381.1:278-817|+     -            180 73951at50557         -            329   9.7e-15   53.4   2.2   1   1   4.7e-17   1.2e-14   53.1   2.2     1    74    24    97    24   111 0.92 -
127306at50557_64793_0:0016b5|STRG.5381.2:278-823|+     -            182 73951at50557         -            329   9.9e-15   53.4   2.2   1   1   4.9e-17   1.2e-14   53.1   2.2     1    74    24    97    24   111 0.92 -
127306at50557_64793_0:0016b5|STRG.5381.3:220-765|+     -            182 73951at50557         -            329   9.9e-15   53.4   2.2   1   1   4.9e-17   1.2e-14   53.1   2.2     1    74    24    97    24   111 0.92 -
100045at50557_103372_0:000fa2|STRG.12514.2:5-1032|+    -            324 73951at50557         -            329   3.9e-13   48.2   0.4   1   1     2e-15   5.1e-13   47.8   0.4     1    73     8    80     8   132 0.93 -
100045at50557_7394_0:000fc2|STRG.3219.1:318-599|+      -             94 73951at50557         -            329   4.9e-13   47.8   0.3   1   1     2e-15   5.1e-13   47.8   0.3     1    66     3    66     3    87 0.91 -
100045at50557_103372_0:000fa2|STRG.12514.1:34-1005|+   -            324 73951at50557         -            329   5.6e-13   47.6   0.4   1   1   2.9e-15   7.3e-13   47.3   0.4     1    73     8    80     8   132 0.93 -
126448at50557_568069_0:001ed1|STRG.2913.1:103-915|+    -            271 73951at50557         -            329   3.9e-12   44.9   4.1   1   1   2.2e-14   5.6e-12   44.4   4.1     1    92    16   111    16   138 0.77 -
88846at50557_34720_0:00286f|STRG.6719.1:0-1316|+       -            439 73951at50557         -            329   7.3e-12   44.0   0.0   1   1   4.9e-14   1.2e-11   43.2   0.0     1    64    45   107    45   113 0.95 -
60993at50557_103372_0:00057c|STRG.11314.1:90-1755|+    -            548 73951at50557         -            329   1.8e-11   42.7   0.1   1   1   1.2e-13     3e-11   42.0   0.1     1    76    14    93    14   109 0.82 -
25981at50557_456900_0:000c28|STRG.13835.2:77-2356|+    -            760 73951at50557         -            329   3.2e-09   35.3   0.0   1   1   3.4e-11   8.4e-09   33.9   0.0     2    67   106   168   105   179 0.90 -
125026at50557_454923_0:000298|STRG.16394.1:1875-2264|+ -            130 73951at50557         -            329   1.7e-08   32.9   0.0   1   1   8.2e-11   2.1e-08   32.6   0.0     2    67    45   109    44   124 0.92 -
125026at50557_454923_0:000298|STRG.16394.2:2098-2487|+ -            130 73951at50557         -            329   1.7e-08   32.9   0.0   1   1   8.2e-11   2.1e-08   32.6   0.0     2    67    45   109    44   124 0.92 -
96874at50557_456900_0:002d68|STRG.3632.1:396-1505|+    -            370 73951at50557         -            329     4e-08   31.7   0.3   1   1   2.2e-10   5.7e-08   31.2   0.3     2    61   299   362   298   367 0.87 -
96874at50557_456900_0:002d68|STRG.3632.2:225-1334|+    -            370 73951at50557         -            329     4e-08   31.7   0.3   1   1   2.2e-10   5.7e-08   31.2   0.3     2    61   299   362   298   367 0.87 -
96874at50557_456900_0:002d68|STRG.3632.3:340-1449|+    -            370 73951at50557         -            329     4e-08   31.7   0.3   1   1   2.2e-10   5.7e-08   31.2   0.3     2    61   299   362   298   367 0.87 -
125026at50557_411798_0:00322d|STRG.9763.1:1-777|+      -            259 73951at50557         -            329   2.9e-05   22.3   0.3   1   1   1.9e-07   4.8e-05   21.6   0.3     3    61    59   118    57   138 0.88 -
2744at50557_103372_0:002a6a|STRG.15991.1:284-6973|+    -           2230 73951at50557         -            329   5.2e-05   21.5   0.0   1   1   3.3e-07   8.4e-05   20.8   0.0     3    54  1294  1344  1292  1357 0.81 -
60993at50557_1155016_0:000fc6|STRG.13745.1:252-422|+   -             57 73951at50557         -            329    0.0046   15.1   0.2   1   1   1.9e-05    0.0047   15.0   0.2     1    43     1    45     1    56 0.78 -
60993at50557_1155016_0:000fc6|STRG.13745.2:326-496|+   -             57 73951at50557         -            329    0.0046   15.1   0.2   1   1   1.9e-05    0.0047   15.0   0.2     1    43     1    45     1    56 0.78 -
#
# Program:         hmmsearch
# Version:         3.4 (Aug 2023)
# Pipeline mode:   SEARCH
# Query file:      /data/projet1/projet_tutore/busco_downloads/lineages/insecta_odb10/hmms/73951at50557.hmm
# Target file:     annotation_analysis/annotation_gcf/T_zeteki/busco_output/run_insecta_odb10/metaeuk_output/initial_results/assembled_transcripts.fasta.modified.fas
# Option settings: hmmsearch --domtblout annotation_analysis/annotation_gcf/T_zeteki/busco_output/run_insecta_odb10/hmmer_output/initial_run_results/73951at50557.out --cpu 1 /data/projet1/projet_tutore/busco_downloads/lineages/insecta_odb10/hmms/73951at50557.hmm annotation_analysis/annotation_gcf/T_zeteki/busco_output/run_insecta_odb10/metaeuk_output/initial_results/assembled_transcripts.fasta.modified.fas 
# Current dir:     /data/projet1/projet_tutore
# Date:            Sun Dec  1 20:30:04 2024
# [ok]
