#                                                                                                           --- full sequence --- -------------- this domain -------------   hmm coord   ali coord   env coord
# target name                                       accession   tlen query name           accession   qlen   E-value  score  bias   #  of  c-Evalue  i-Evalue  score  bias  from    to  from    to  from    to  acc description of target
#                               ------------------- ---------- ----- -------------------- ---------- ----- --------- ------ ----- --- --- --------- --------- ------ ----- ----- ----- ----- ----- ----- ----- ---- ---------------------
78394at50557_103372_0:00085a|STRG.4346.3:55-1092|+  -            346 78394at50557         -            276  1.8e-177  587.6   0.8   1   1  1.1e-177  1.4e-174  578.1   0.8     1   276    30   333    30   333 0.94 -
78394at50557_103372_0:00085a|STRG.4346.2:136-1176|+ -            347 78394at50557         -            276  1.8e-177  587.5   0.8   1   1  1.1e-177  1.4e-174  578.1   0.8     1   276    31   334    31   334 0.94 -
78394at50557_103372_0:00085a|STRG.4346.1:404-1444|+ -            347 78394at50557         -            276  1.8e-177  587.5   0.8   1   1  1.1e-177  1.4e-174  578.1   0.8     1   276    31   334    31   334 0.94 -
80760at50557_91411_0:0003e9|STRG.3050.1:131-1063|+  -            311 78394at50557         -            276   1.5e-44  151.6   0.0   1   1   1.6e-47     2e-44  151.1   0.0    24   256    31   270    23   278 0.82 -
80760at50557_91411_0:0003e9|STRG.3050.2:134-1066|+  -            311 78394at50557         -            276   1.5e-44  151.6   0.0   1   1   1.6e-47     2e-44  151.1   0.0    24   256    31   270    23   278 0.82 -
90744at50557_104421_0:000efb|STRG.13989.1:54-1016|+ -            321 78394at50557         -            276   1.6e-05   23.5   0.0   1   1     2e-08   2.5e-05   22.9   0.0    26   140    13   128     5   132 0.78 -
105894at50557_103372_0:000196|STRG.2583.1:101-955|+ -            285 78394at50557         -            276   0.00067   18.2   0.0   1   1   8.4e-07    0.0011   17.6   0.0    26   109     8    90     4   106 0.83 -
#
# Program:         hmmsearch
# Version:         3.4 (Aug 2023)
# Pipeline mode:   SEARCH
# Query file:      /data/projet1/projet_tutore/busco_downloads/lineages/insecta_odb10/hmms/78394at50557.hmm
# Target file:     annotation_analysis/annotation_gcf/T_zeteki/busco_output/run_insecta_odb10/metaeuk_output/initial_results/assembled_transcripts.fasta.modified.fas
# Option settings: hmmsearch --domtblout annotation_analysis/annotation_gcf/T_zeteki/busco_output/run_insecta_odb10/hmmer_output/initial_run_results/78394at50557.out --cpu 1 /data/projet1/projet_tutore/busco_downloads/lineages/insecta_odb10/hmms/78394at50557.hmm annotation_analysis/annotation_gcf/T_zeteki/busco_output/run_insecta_odb10/metaeuk_output/initial_results/assembled_transcripts.fasta.modified.fas 
# Current dir:     /data/projet1/projet_tutore
# Date:            Sun Dec  1 20:30:30 2024
# [ok]
