#                                                                                                            --- full sequence --- -------------- this domain -------------   hmm coord   ali coord   env coord
# target name                                        accession   tlen query name           accession   qlen   E-value  score  bias   #  of  c-Evalue  i-Evalue  score  bias  from    to  from    to  from    to  acc description of target
#                                ------------------- ---------- ----- -------------------- ---------- ----- --------- ------ ----- --- --- --------- --------- ------ ----- ----- ----- ----- ----- ----- ----- ---- ---------------------
79339at50557_456900_0:002ade|STRG.1407.4:262-1728|+  -            489 79339at50557         -            362  5.4e-166  551.4  21.6   1   3  9.7e-106  8.6e-103  343.5   0.1     1   171     1   173     1   183 0.96 -
79339at50557_456900_0:002ade|STRG.1407.4:262-1728|+  -            489 79339at50557         -            362  5.4e-166  551.4  21.6   2   3   4.8e-43   4.2e-40  137.3   9.7   168   281   207   334   201   378 0.73 -
79339at50557_456900_0:002ade|STRG.1407.4:262-1728|+  -            489 79339at50557         -            362  5.4e-166  551.4  21.6   3   3   3.1e-24   2.7e-21   75.4   2.5   283   355   376   455   365   460 0.84 -
79339at50557_456900_0:002ade|STRG.1407.3:262-1809|+  -            516 79339at50557         -            362  8.6e-162  537.6  23.9   1   4  1.1e-105  9.6e-103  343.4   0.1     1   171     1   173     1   183 0.96 -
79339at50557_456900_0:002ade|STRG.1407.3:262-1809|+  -            516 79339at50557         -            362  8.6e-162  537.6  23.9   2   4   4.9e-43   4.4e-40  137.2   9.5   168   280   207   333   202   377 0.74 -
79339at50557_456900_0:002ade|STRG.1407.3:262-1809|+  -            516 79339at50557         -            362  8.6e-162  537.6  23.9   3   4   3.4e-08     3e-05   22.6   1.0   283   313   376   407   366   416 0.82 -
79339at50557_456900_0:002ade|STRG.1407.3:262-1809|+  -            516 79339at50557         -            362  8.6e-162  537.6  23.9   4   4   6.6e-14   5.8e-11   41.4   0.1   307   355   427   482   412   487 0.80 -
79339at50557_456900_0:002ade|STRG.1407.1:263-1678|+  -            472 79339at50557         -            362    2e-159  529.9  21.0   1   3    9e-106  7.9e-103  343.6   0.1     1   171     1   173     1   183 0.96 -
79339at50557_456900_0:002ade|STRG.1407.1:263-1678|+  -            472 79339at50557         -            362    2e-159  529.9  21.0   2   3   3.4e-43     3e-40  137.7   9.3   168   281   207   334   197   377 0.74 -
79339at50557_456900_0:002ade|STRG.1407.1:263-1678|+  -            472 79339at50557         -            362    2e-159  529.9  21.0   3   3   1.7e-17   1.5e-14   53.2   2.1   283   355   376   438   366   443 0.84 -
79339at50557_456900_0:002ade|STRG.1407.2:263-1759|+  -            499 79339at50557         -            362  9.9e-158  524.3  24.3   1   3    1e-105  8.9e-103  343.5   0.1     1   171     1   173     1   183 0.96 -
79339at50557_456900_0:002ade|STRG.1407.2:263-1759|+  -            499 79339at50557         -            362  9.9e-158  524.3  24.3   2   3     4e-43   3.5e-40  137.5   9.4   168   280   207   333   196   377 0.74 -
79339at50557_456900_0:002ade|STRG.1407.2:263-1759|+  -            499 79339at50557         -            362  9.9e-158  524.3  24.3   3   3   2.1e-15   1.9e-12   46.3   4.9   283   355   376   465   366   470 0.68 -
79339at50557_1629725_0:002247|STRG.11291.1:178-612|+ -            145 79339at50557         -            362   7.9e-25   87.0   0.1   1   1     1e-27   8.8e-25   86.9   0.1    10   151     8   145     2   145 0.91 -
79339at50557_1629725_0:002247|STRG.11291.2:159-593|+ -            145 79339at50557         -            362   7.9e-25   87.0   0.1   1   1     1e-27   8.8e-25   86.9   0.1    10   151     8   145     2   145 0.91 -
79339at50557_91411_0:001f74|STRG.1209.1:93-962|+     -            290 79339at50557         -            362   3.3e-18   65.2   6.8   1   2     3e-11   2.6e-08   32.7   0.1    72   147    33   109    21   152 0.82 -
79339at50557_91411_0:001f74|STRG.1209.1:93-962|+     -            290 79339at50557         -            362   3.3e-18   65.2   6.8   2   2   9.1e-12     8e-09   34.3   3.0   179   252   183   262   165   290 0.85 -
79339at50557_121225_0:00177c|STRG.1209.2:219-938|+   -            240 79339at50557         -            362   7.3e-14   50.9   5.5   1   2     2e-11   1.7e-08   33.3   0.1    72   147    34   110    16   149 0.82 -
79339at50557_121225_0:00177c|STRG.1209.2:219-938|+   -            240 79339at50557         -            362   7.3e-14   50.9   5.5   2   2   3.4e-07    0.0003   19.3   2.0   179   226   184   236   157   240 0.80 -
108452at50557_7536_0:002ce9|STRG.15389.1:413-853|+   -            147 79339at50557         -            362   2.3e-06   26.3   0.0   1   1   2.8e-09   2.5e-06   26.2   0.0    88   159     3    74     1   103 0.84 -
108452at50557_7536_0:002ce9|STRG.15389.2:435-875|+   -            147 79339at50557         -            362   2.3e-06   26.3   0.0   1   1   2.8e-09   2.5e-06   26.2   0.0    88   159     3    74     1   103 0.84 -
#
# Program:         hmmsearch
# Version:         3.4 (Aug 2023)
# Pipeline mode:   SEARCH
# Query file:      /data/projet1/projet_tutore/busco_downloads/lineages/insecta_odb10/hmms/79339at50557.hmm
# Target file:     annotation_analysis/annotation_gcf/T_zeteki/busco_output/run_insecta_odb10/metaeuk_output/initial_results/assembled_transcripts.fasta.modified.fas
# Option settings: hmmsearch --domtblout annotation_analysis/annotation_gcf/T_zeteki/busco_output/run_insecta_odb10/hmmer_output/initial_run_results/79339at50557.out --cpu 1 /data/projet1/projet_tutore/busco_downloads/lineages/insecta_odb10/hmms/79339at50557.hmm annotation_analysis/annotation_gcf/T_zeteki/busco_output/run_insecta_odb10/metaeuk_output/initial_results/assembled_transcripts.fasta.modified.fas 
# Current dir:     /data/projet1/projet_tutore
# Date:            Sun Dec  1 20:30:32 2024
# [ok]
