#                                                                                                            --- full sequence --- -------------- this domain -------------   hmm coord   ali coord   env coord
# target name                                        accession   tlen query name           accession   qlen   E-value  score  bias   #  of  c-Evalue  i-Evalue  score  bias  from    to  from    to  from    to  acc description of target
#                                ------------------- ---------- ----- -------------------- ---------- ----- --------- ------ ----- --- --- --------- --------- ------ ----- ----- ----- ----- ----- ----- ----- ---- ---------------------
82016at50557_103372_0:000f18|STRG.1165.1:168-1379|+  -            404 82016at50557         -            289  1.6e-140  466.6  16.7   1   3   1.1e-87   7.2e-85  283.9   0.9     1   144     1   142     1   149 0.94 -
82016at50557_103372_0:000f18|STRG.1165.1:168-1379|+  -            404 82016at50557         -            289  1.6e-140  466.6  16.7   2   3   1.7e-59   1.1e-56  191.5   0.9   120   283   142   299   137   308 0.93 -
82016at50557_103372_0:000f18|STRG.1165.1:168-1379|+  -            404 82016at50557         -            289  1.6e-140  466.6  16.7   3   3     0.058        37    2.7   1.4   271   289   386   404   362   404 0.84 -
82016at50557_103372_0:000f18|STRG.1165.2:178-1389|+  -            404 82016at50557         -            289  1.6e-140  466.6  16.7   1   3   1.1e-87   7.2e-85  283.9   0.9     1   144     1   142     1   149 0.94 -
82016at50557_103372_0:000f18|STRG.1165.2:178-1389|+  -            404 82016at50557         -            289  1.6e-140  466.6  16.7   2   3   1.7e-59   1.1e-56  191.5   0.9   120   283   142   299   137   308 0.93 -
82016at50557_103372_0:000f18|STRG.1165.2:178-1389|+  -            404 82016at50557         -            289  1.6e-140  466.6  16.7   3   3     0.058        37    2.7   1.4   271   289   386   404   362   404 0.84 -
82016at50557_103372_0:000f18|STRG.1165.3:169-1320|+  -            384 82016at50557         -            289    6e-128  425.3  21.1   1   4   1.7e-87   1.1e-84  283.4   0.8     1   137     1   137     1   145 0.96 -
82016at50557_103372_0:000f18|STRG.1165.3:169-1320|+  -            384 82016at50557         -            289    6e-128  425.3  21.1   2   4   3.7e-47   2.3e-44  151.0   1.4   119   231   141   257   135   260 0.94 -
82016at50557_103372_0:000f18|STRG.1165.3:169-1320|+  -            384 82016at50557         -            289    6e-128  425.3  21.1   3   4   0.00028      0.18   10.3   0.1   256   283   251   279   250   289 0.84 -
82016at50557_103372_0:000f18|STRG.1165.3:169-1320|+  -            384 82016at50557         -            289    6e-128  425.3  21.1   4   4     0.063        39    2.6   1.7   271   289   366   384   334   384 0.82 -
99964at50557_520822_0:000e63|STRG.1632.1:228-1796|+  -            523 82016at50557         -            289   5.3e-41  140.0   1.9   1   3   8.4e-44   5.3e-41  140.0   1.9     9   210    14   215     7   282 0.80 -
99964at50557_520822_0:000e63|STRG.1632.1:228-1796|+  -            523 82016at50557         -            289   5.3e-41  140.0   1.9   2   3      0.76   4.8e+02   -1.0   0.3   218   260   259   300   239   313 0.60 -
99964at50557_520822_0:000e63|STRG.1632.1:228-1796|+  -            523 82016at50557         -            289   5.3e-41  140.0   1.9   3   3      0.34   2.1e+02    0.1   0.1   265   289   421   445   400   445 0.78 -
99964at50557_520822_0:000e63|STRG.1632.2:181-1782|+  -            534 82016at50557         -            289   1.4e-40  138.5   0.6   1   3   2.3e-43   1.4e-40  138.5   0.6     9   207    14   223     7   233 0.74 -
99964at50557_520822_0:000e63|STRG.1632.2:181-1782|+  -            534 82016at50557         -            289   1.4e-40  138.5   0.6   2   3      0.27   1.7e+02    0.5   0.3   187   239   261   314   180   332 0.60 -
99964at50557_520822_0:000e63|STRG.1632.2:181-1782|+  -            534 82016at50557         -            289   1.4e-40  138.5   0.6   3   3      0.35   2.2e+02    0.1   0.1   265   289   432   456   411   456 0.78 -
82016at50557_7536_0:0000b9|STRG.1423.1:1404-1676|+   -             91 82016at50557         -            289   9.1e-24   83.4   0.1   1   1   1.6e-26     1e-23   83.3   0.1     7    87     9    89     2    91 0.91 -
82016at50557_7536_0:0000b9|STRG.12278.1:130-360|+    -             77 82016at50557         -            289     4e-22   78.0   0.7   1   1   6.8e-25   4.3e-22   77.9   0.7     9    84     2    77     1    77 0.97 -
99964at50557_168631_0:001951|STRG.3033.1:244-459|+   -             72 82016at50557         -            289   2.9e-20   71.9   0.2   1   1   4.9e-23   3.1e-20   71.8   0.2    19    89     1    71     1    72 0.96 -
33399at50557_6973_0:003af3|STRG.4091.1:1461-2042|+   -            194 82016at50557         -            289   6.4e-20   70.8   0.2   1   1   1.3e-22     8e-20   70.5   0.2    18    88     4    74     1    89 0.94 -
19423at50557_144034_0:001c3e|STRG.3713.3:65-2355|+   -            734 82016at50557         -            289   5.6e-15   54.6   0.1   1   1   1.8e-17   1.1e-14   53.6   0.1    13    69   230   287   222   347 0.83 -
19423at50557_286306_0:0041a9|STRG.3713.1:1312-4095|+ -            928 82016at50557         -            289   6.6e-15   54.3   0.1   1   1   2.5e-17   1.6e-14   53.1   0.1    13    69   353   410   345   469 0.83 -
19423at50557_144034_0:001c3e|STRG.3713.2:877-3729|+  -            951 82016at50557         -            289   6.9e-15   54.3   0.1   1   1   2.6e-17   1.6e-14   53.0   0.1    13    69   353   410   345   469 0.83 -
82016at50557_7536_0:0000b9|STRG.6437.1:336-581|+     -             82 82016at50557         -            289     1e-12   47.1   0.0   1   1   1.7e-15   1.1e-12   47.0   0.0     6    85     2    80     1    82 0.92 -
33399at50557_34720_0:002432|STRG.9506.1:153-2180|+   -            676 82016at50557         -            289   1.3e-11   43.5   0.3   1   1   4.4e-14   2.8e-11   42.4   0.3    18    70    10    62     3    94 0.86 -
#
# Program:         hmmsearch
# Version:         3.4 (Aug 2023)
# Pipeline mode:   SEARCH
# Query file:      /data/projet1/projet_tutore/busco_downloads/lineages/insecta_odb10/hmms/82016at50557.hmm
# Target file:     annotation_analysis/annotation_gcf/T_zeteki/busco_output/run_insecta_odb10/metaeuk_output/initial_results/assembled_transcripts.fasta.modified.fas
# Option settings: hmmsearch --domtblout annotation_analysis/annotation_gcf/T_zeteki/busco_output/run_insecta_odb10/hmmer_output/initial_run_results/82016at50557.out --cpu 1 /data/projet1/projet_tutore/busco_downloads/lineages/insecta_odb10/hmms/82016at50557.hmm annotation_analysis/annotation_gcf/T_zeteki/busco_output/run_insecta_odb10/metaeuk_output/initial_results/assembled_transcripts.fasta.modified.fas 
# Current dir:     /data/projet1/projet_tutore
# Date:            Sun Dec  1 20:30:42 2024
# [ok]
