#                                                                                                              --- full sequence --- -------------- this domain -------------   hmm coord   ali coord   env coord
# target name                                          accession   tlen query name           accession   qlen   E-value  score  bias   #  of  c-Evalue  i-Evalue  score  bias  from    to  from    to  from    to  acc description of target
#                                  ------------------- ---------- ----- -------------------- ---------- ----- --------- ------ ----- --- --- --------- --------- ------ ----- ----- ----- ----- ----- ----- ----- ---- ---------------------
83433at50557_286306_0:001317|STRG.8927.8:105-1094|+    -            330 83433at50557         -            163  1.3e-105  349.3   3.3   1   2   9.3e-25   6.2e-23   80.4   0.2    49   119     3    80     1    80 0.85 -
83433at50557_286306_0:001317|STRG.8927.8:105-1094|+    -            330 83433at50557         -            163  1.3e-105  349.3   3.3   2   2     3e-85     2e-83  277.1   0.4    16   155    45   195    45   211 0.94 -
83433at50557_286306_0:001317|STRG.8927.10:82-1303|+    -            378 83433at50557         -            163    9e-104  343.3   2.9   1   2   1.2e-24   7.8e-23   80.1   0.2    49   119     3    80     1    80 0.85 -
83433at50557_286306_0:001317|STRG.8927.10:82-1303|+    -            378 83433at50557         -            163    9e-104  343.3   2.9   2   2   1.8e-83   1.2e-81  271.3   0.3    18   155    47   195    47   198 0.94 -
83433at50557_286306_0:001317|STRG.8927.14:206-1427|+   -            378 83433at50557         -            163    9e-104  343.3   2.9   1   2   1.2e-24   7.8e-23   80.1   0.2    49   119     3    80     1    80 0.85 -
83433at50557_286306_0:001317|STRG.8927.14:206-1427|+   -            378 83433at50557         -            163    9e-104  343.3   2.9   2   2   1.8e-83   1.2e-81  271.3   0.3    18   155    47   195    47   198 0.94 -
83433at50557_13686_0:000d60|STRG.8927.4:125-1189|+     -            355 83433at50557         -            163  1.5e-103  342.6   4.4   1   2   4.3e-24   2.9e-22   78.3   0.2    57   119     8    74     4    74 0.91 -
83433at50557_13686_0:000d60|STRG.8927.4:125-1189|+     -            355 83433at50557         -            163  1.5e-103  342.6   4.4   2   2   3.6e-84   2.4e-82  273.6   0.5    17   155    40   189    40   205 0.94 -
83433at50557_13686_0:000d60|STRG.8927.1:126-1235|+     -            370 83433at50557         -            163  1.5e-103  342.5   4.0   1   2   4.6e-24   3.1e-22   78.2   0.2    57   119     8    74     4    74 0.91 -
83433at50557_13686_0:000d60|STRG.8927.1:126-1235|+     -            370 83433at50557         -            163  1.5e-103  342.5   4.0   2   2   4.1e-84   2.8e-82  273.4   0.4    17   155    40   189    40   193 0.94 -
83433at50557_13686_0:000d60|STRG.8927.13:250-1362|+    -            371 83433at50557         -            163  1.5e-103  342.5   4.0   1   2   4.6e-24   3.1e-22   78.2   0.2    57   119     8    74     4    74 0.91 -
83433at50557_13686_0:000d60|STRG.8927.13:250-1362|+    -            371 83433at50557         -            163  1.5e-103  342.5   4.0   2   2   4.2e-84   2.8e-82  273.4   0.4    17   155    40   189    40   193 0.94 -
83433at50557_13686_0:000d60|STRG.8927.2:125-1237|+     -            371 83433at50557         -            163  1.5e-103  342.5   4.0   1   2   4.6e-24   3.1e-22   78.2   0.2    57   119     8    74     4    74 0.91 -
83433at50557_13686_0:000d60|STRG.8927.2:125-1237|+     -            371 83433at50557         -            163  1.5e-103  342.5   4.0   2   2   4.2e-84   2.8e-82  273.4   0.4    17   155    40   189    40   193 0.94 -
83433at50557_13686_0:000d60|STRG.8927.3:125-1237|+     -            371 83433at50557         -            163  1.5e-103  342.5   4.0   1   2   4.6e-24   3.1e-22   78.2   0.2    57   119     8    74     4    74 0.91 -
83433at50557_13686_0:000d60|STRG.8927.3:125-1237|+     -            371 83433at50557         -            163  1.5e-103  342.5   4.0   2   2   4.2e-84   2.8e-82  273.4   0.4    17   155    40   189    40   193 0.94 -
83433at50557_286306_0:001317|STRG.8927.7:106-1140|+    -            345 83433at50557         -            163    2e-103  342.1   2.6   1   2     1e-24   6.7e-23   80.3   0.2    49   119     3    80     1    80 0.85 -
83433at50557_286306_0:001317|STRG.8927.7:106-1140|+    -            345 83433at50557         -            163    2e-103  342.1   2.6   2   2     6e-83     4e-81  269.6   0.2    19   155    48   195    48   199 0.94 -
83433at50557_286306_0:001317|STRG.8927.6:106-1146|+    -            347 83433at50557         -            163  2.1e-103  342.1   2.6   1   2     1e-24   6.8e-23   80.3   0.2    49   119     3    80     1    80 0.85 -
83433at50557_286306_0:001317|STRG.8927.6:106-1146|+    -            347 83433at50557         -            163  2.1e-103  342.1   2.6   2   2     6e-83   4.1e-81  269.6   0.2    19   155    48   195    48   199 0.94 -
83433at50557_286306_0:001317|STRG.8927.5:106-1173|+    -            356 83433at50557         -            163  2.3e-103  341.9   2.6   1   2   1.1e-24   7.1e-23   80.2   0.2    49   119     3    80     1    80 0.85 -
83433at50557_286306_0:001317|STRG.8927.5:106-1173|+    -            356 83433at50557         -            163  2.3e-103  341.9   2.6   2   2   6.4e-83   4.3e-81  269.5   0.2    19   155    48   195    48   199 0.94 -
83433at50557_13686_0:000d60|STRG.8927.9:123-1121|+     -            333 83433at50557         -            163  4.3e-103  341.1   4.3   1   2   3.8e-24   2.6e-22   78.4   0.2    57   119     8    74     4    74 0.91 -
83433at50557_13686_0:000d60|STRG.8927.9:123-1121|+     -            333 83433at50557         -            163  4.3e-103  341.1   4.3   2   2   1.3e-83   8.9e-82  271.8   0.5    18   155    41   189    41   205 0.94 -
83433at50557_1507135_0:0010eb|STRG.8927.12:100-981|+   -            294 83433at50557         -            163  7.6e-103  340.3   3.8   1   2   3.1e-24   2.1e-22   78.7   0.3    57   119     8    74     4    74 0.91 -
83433at50557_1507135_0:0010eb|STRG.8927.12:100-981|+   -            294 83433at50557         -            163  7.6e-103  340.3   3.8   2   2   4.3e-83   2.9e-81  270.1   0.3    19   155    42   189    42   193 0.94 -
83433at50557_1507135_0:0010eb|STRG.8927.11:100-987|+   -            296 83433at50557         -            163  7.9e-103  340.2   3.8   1   2   3.2e-24   2.1e-22   78.7   0.3    57   119     8    74     4    74 0.91 -
83433at50557_1507135_0:0010eb|STRG.8927.11:100-987|+   -            296 83433at50557         -            163  7.9e-103  340.2   3.8   2   2   4.4e-83   2.9e-81  270.1   0.3    19   155    42   189    42   193 0.94 -
83433at50557_1507135_0:0010eb|STRG.8927.16:224-1111|+  -            296 83433at50557         -            163  7.9e-103  340.2   3.8   1   2   3.2e-24   2.1e-22   78.7   0.3    57   119     8    74     4    74 0.91 -
83433at50557_1507135_0:0010eb|STRG.8927.16:224-1111|+  -            296 83433at50557         -            163  7.9e-103  340.2   3.8   2   2   4.4e-83   2.9e-81  270.1   0.3    19   155    42   189    42   193 0.94 -
83433at50557_156304_0:001c1d|STRG.8927.15:224-1177|+   -            318 83433at50557         -            163  3.3e-102  338.2   3.5   1   2   3.6e-24   2.4e-22   78.5   0.2    57   119     8    74     4    74 0.91 -
83433at50557_156304_0:001c1d|STRG.8927.15:224-1177|+   -            318 83433at50557         -            163  3.3e-102  338.2   3.5   2   2   1.8e-82   1.2e-80  268.1   0.3    20   155    43   189    43   205 0.94 -
117816at50557_69004_0:00324f|STRG.3168.1:627-1670|+    -            348 83433at50557         -            163   2.5e-15   55.7   0.7   1   4      0.74        50    2.7   0.0    61   124     2    77     1    89 0.66 -
117816at50557_69004_0:00324f|STRG.3168.1:627-1670|+    -            348 83433at50557         -            163   2.5e-15   55.7   0.7   2   4   6.9e-07   4.6e-05   22.3   0.1    58   120    87   160    76   180 0.80 -
117816at50557_69004_0:00324f|STRG.3168.1:627-1670|+    -            348 83433at50557         -            163   2.5e-15   55.7   0.7   3   4   1.4e-07   9.4e-06   24.6   0.1    20   120   128   254   128   265 0.68 -
117816at50557_69004_0:00324f|STRG.3168.1:627-1670|+    -            348 83433at50557         -            163   2.5e-15   55.7   0.7   4   4     0.002      0.13   11.1   0.0    40    99   266   331   253   348 0.71 -
117816at50557_69004_0:00324f|STRG.15005.1:716-1690|+   -            325 83433at50557         -            163   9.9e-15   53.8   1.9   1   3   2.4e-07   1.6e-05   23.8   0.1    57   120    63   137    20   155 0.79 -
117816at50557_69004_0:00324f|STRG.15005.1:716-1690|+   -            325 83433at50557         -            163   9.9e-15   53.8   1.9   2   3   4.8e-08   3.2e-06   26.1   0.2    20   120   105   231   105   243 0.68 -
117816at50557_69004_0:00324f|STRG.15005.1:716-1690|+   -            325 83433at50557         -            163   9.9e-15   53.8   1.9   3   3    0.0019      0.13   11.1   0.0    42    99   245   308   233   325 0.70 -
24138at50557_103372_0:001296|STRG.16831.1:131-2797|+   -            889 83433at50557         -            163     3e-14   52.2   2.1   1   5       2.5   1.7e+02    1.0   0.0    60    89     3    32     1    79 0.90 -
24138at50557_103372_0:001296|STRG.16831.1:131-2797|+   -            889 83433at50557         -            163     3e-14   52.2   2.1   2   5   9.5e-07   6.4e-05   21.9   0.0    38    90   328   379   293   427 0.68 -
24138at50557_103372_0:001296|STRG.16831.1:131-2797|+   -            889 83433at50557         -            163     3e-14   52.2   2.1   3   5     0.021       1.4    7.8   0.0    55    85   528   558   513   563 0.82 -
24138at50557_103372_0:001296|STRG.16831.1:131-2797|+   -            889 83433at50557         -            163     3e-14   52.2   2.1   4   5      0.37        25    3.7   0.0    59   122   661   741   623   747 0.62 -
24138at50557_103372_0:001296|STRG.16831.1:131-2797|+   -            889 83433at50557         -            163     3e-14   52.2   2.1   5   5    0.0014     0.095   11.5   0.1    43    85   750   791   738   799 0.78 -
100341at50557_319348_0:001dc7|STRG.6702.1:1224-2231|+  -            336 83433at50557         -            163   1.6e-13   49.8   0.0   1   4   1.2e-05   0.00082   18.3   0.0    59   121     4    78     1    84 0.86 -
100341at50557_319348_0:001dc7|STRG.6702.1:1224-2231|+  -            336 83433at50557         -            163   1.6e-13   49.8   0.0   2   4   8.4e-05    0.0057   15.5   0.0    22    91    47   122    43   133 0.73 -
100341at50557_319348_0:001dc7|STRG.6702.1:1224-2231|+  -            336 83433at50557         -            163   1.6e-13   49.8   0.0   3   4      0.61        41    3.0   0.0    20    44   144   169   138   191 0.68 -
100341at50557_319348_0:001dc7|STRG.6702.1:1224-2231|+  -            336 83433at50557         -            163   1.6e-13   49.8   0.0   4   4   4.4e-05     0.003   16.4   0.0    57   125   254   334   227   336 0.79 -
100341at50557_319348_0:001dc7|STRG.6702.3:703-1737|+   -            345 83433at50557         -            163   1.9e-13   49.6   0.0   1   4   1.3e-05   0.00086   18.2   0.0    59   121     4    78     1    84 0.86 -
100341at50557_319348_0:001dc7|STRG.6702.3:703-1737|+   -            345 83433at50557         -            163   1.9e-13   49.6   0.0   2   4   8.8e-05    0.0059   15.5   0.0    22    91    47   122    43   133 0.73 -
100341at50557_319348_0:001dc7|STRG.6702.3:703-1737|+   -            345 83433at50557         -            163   1.9e-13   49.6   0.0   3   4      0.63        42    2.9   0.0    20    44   144   169   138   191 0.68 -
100341at50557_319348_0:001dc7|STRG.6702.3:703-1737|+   -            345 83433at50557         -            163   1.9e-13   49.6   0.0   4   4   4.6e-05    0.0031   16.4   0.0    57   125   263   343   236   345 0.79 -
117816at50557_7200_0:0014c2|STRG.6702.4:745-1638|+     -            298 83433at50557         -            163   2.2e-13   49.3   0.0   1   3    0.0002     0.013   14.3   0.0    73   121     4    64     1    71 0.85 -
117816at50557_7200_0:0014c2|STRG.6702.4:745-1638|+     -            298 83433at50557         -            163   2.2e-13   49.3   0.0   2   3   7.8e-07   5.2e-05   22.1   0.0    22   117    33   146    30   158 0.70 -
117816at50557_7200_0:0014c2|STRG.6702.4:745-1638|+     -            298 83433at50557         -            163   2.2e-13   49.3   0.0   3   3   2.1e-05    0.0014   17.5   0.0    55   126   211   294   184   297 0.79 -
83433at50557_121225_0:000702|STRG.8656.1:788-1276|+    -            163 83433at50557         -            163   3.5e-13   48.7   0.0   1   2   4.3e-05    0.0029   16.5   0.0    60   132     1    80     1    82 0.79 -
83433at50557_121225_0:000702|STRG.8656.1:788-1276|+    -            163 83433at50557         -            163   3.5e-13   48.7   0.0   2   2   2.5e-11   1.7e-09   36.7   0.0    22   130    37   163    29   163 0.76 -
83433at50557_121225_0:000702|STRG.8656.2:788-1279|+    -            164 83433at50557         -            163   4.5e-13   48.4   0.0   1   2    0.0002     0.013   14.3   0.0    60   121     1    68     1    74 0.79 -
83433at50557_121225_0:000702|STRG.8656.2:788-1279|+    -            164 83433at50557         -            163   4.5e-13   48.4   0.0   2   2   2.1e-11   1.4e-09   37.0   0.0    22   130    37   164    32   164 0.76 -
83433at50557_35570_0:00301f|STRG.2447.1:975-1511|+     -            179 83433at50557         -            163     2e-10   39.7   0.0   1   2   3.1e-05    0.0021   16.9   0.0    60    99     1    48     1    84 0.67 -
83433at50557_35570_0:00301f|STRG.2447.1:975-1511|+     -            179 83433at50557         -            163     2e-10   39.7   0.0   2   2   1.2e-06   8.4e-05   21.5   0.1    54   108    84   146    54   167 0.69 -
104832at50557_315563_0:002a5b|STRG.415.1:497-1120|+    -            208 83433at50557         -            163   6.5e-10   38.1   0.0   1   2   1.3e-08     9e-07   27.9   0.0    57   116    52   120    41   129 0.73 -
104832at50557_315563_0:002a5b|STRG.415.1:497-1120|+    -            208 83433at50557         -            163   6.5e-10   38.1   0.0   2   2    0.0043      0.29   10.0   0.0    35   123   108   203    90   208 0.74 -
104832at50557_315563_0:002a5b|STRG.415.2:497-1120|+    -            208 83433at50557         -            163   6.5e-10   38.1   0.0   1   2   1.3e-08     9e-07   27.9   0.0    57   116    52   120    41   129 0.73 -
104832at50557_315563_0:002a5b|STRG.415.2:497-1120|+    -            208 83433at50557         -            163   6.5e-10   38.1   0.0   2   2    0.0043      0.29   10.0   0.0    35   123   108   203    90   208 0.74 -
104832at50557_315563_0:002a5b|STRG.415.3:497-1120|+    -            208 83433at50557         -            163   6.5e-10   38.1   0.0   1   2   1.3e-08     9e-07   27.9   0.0    57   116    52   120    41   129 0.73 -
104832at50557_315563_0:002a5b|STRG.415.3:497-1120|+    -            208 83433at50557         -            163   6.5e-10   38.1   0.0   2   2    0.0043      0.29   10.0   0.0    35   123   108   203    90   208 0.74 -
104832at50557_315563_0:002a5b|STRG.415.4:491-1114|+    -            208 83433at50557         -            163   6.5e-10   38.1   0.0   1   2   1.3e-08     9e-07   27.9   0.0    57   116    52   120    41   129 0.73 -
104832at50557_315563_0:002a5b|STRG.415.4:491-1114|+    -            208 83433at50557         -            163   6.5e-10   38.1   0.0   2   2    0.0043      0.29   10.0   0.0    35   123   108   203    90   208 0.74 -
104832at50557_315563_0:002a5b|STRG.415.5:491-1114|+    -            208 83433at50557         -            163   6.5e-10   38.1   0.0   1   2   1.3e-08     9e-07   27.9   0.0    57   116    52   120    41   129 0.73 -
104832at50557_315563_0:002a5b|STRG.415.5:491-1114|+    -            208 83433at50557         -            163   6.5e-10   38.1   0.0   2   2    0.0043      0.29   10.0   0.0    35   123   108   203    90   208 0.74 -
104832at50557_315563_0:002a5b|STRG.415.6:491-1114|+    -            208 83433at50557         -            163   6.5e-10   38.1   0.0   1   2   1.3e-08     9e-07   27.9   0.0    57   116    52   120    41   129 0.73 -
104832at50557_315563_0:002a5b|STRG.415.6:491-1114|+    -            208 83433at50557         -            163   6.5e-10   38.1   0.0   2   2    0.0043      0.29   10.0   0.0    35   123   108   203    90   208 0.74 -
83433at50557_132113_0:000abd|STRG.13815.1:195-587|+    -            131 83433at50557         -            163   1.5e-09   36.9   0.3   1   1   4.2e-11   2.8e-09   36.0   0.3    43   155     1   128     1   130 0.75 -
83433at50557_133901_0:001dd1|STRG.1787.1:146-667|+     -            174 83433at50557         -            163   1.7e-09   36.7   0.1   1   2     3e-05     0.002   17.0   0.0    60    93     1    34     1    87 0.79 -
83433at50557_133901_0:001dd1|STRG.1787.1:146-667|+     -            174 83433at50557         -            163   1.7e-09   36.7   0.1   2   2   1.4e-05   0.00097   18.0   0.0    59   105    90   144    75   173 0.72 -
83433at50557_133901_0:001dd1|STRG.1787.2:146-667|+     -            174 83433at50557         -            163   1.7e-09   36.7   0.1   1   2     3e-05     0.002   17.0   0.0    60    93     1    34     1    87 0.79 -
83433at50557_133901_0:001dd1|STRG.1787.2:146-667|+     -            174 83433at50557         -            163   1.7e-09   36.7   0.1   2   2   1.4e-05   0.00097   18.0   0.0    59   105    90   144    75   173 0.72 -
83433at50557_133901_0:001dd1|STRG.1787.3:146-667|+     -            174 83433at50557         -            163   1.7e-09   36.7   0.1   1   2     3e-05     0.002   17.0   0.0    60    93     1    34     1    87 0.79 -
83433at50557_133901_0:001dd1|STRG.1787.3:146-667|+     -            174 83433at50557         -            163   1.7e-09   36.7   0.1   2   2   1.4e-05   0.00097   18.0   0.0    59   105    90   144    75   173 0.72 -
117816at50557_29058_0:000b65|STRG.4884.1:822-1295|+    -            158 83433at50557         -            163     7e-09   34.7   0.4   1   3    0.0092      0.62    8.9   0.0    68   122     3    69     1    74 0.75 -
117816at50557_29058_0:000b65|STRG.4884.1:822-1295|+    -            158 83433at50557         -            163     7e-09   34.7   0.4   2   3   1.3e-08   8.6e-07   27.9   0.1    22    93    37   114    33   119 0.79 -
117816at50557_29058_0:000b65|STRG.4884.1:822-1295|+    -            158 83433at50557         -            163     7e-09   34.7   0.4   3   3       1.4        95    1.8   0.0    21    43   122   145   114   152 0.79 -
117816at50557_29058_0:000b65|STRG.4884.2:554-1027|+    -            158 83433at50557         -            163     7e-09   34.7   0.4   1   3    0.0092      0.62    8.9   0.0    68   122     3    69     1    74 0.75 -
117816at50557_29058_0:000b65|STRG.4884.2:554-1027|+    -            158 83433at50557         -            163     7e-09   34.7   0.4   2   3   1.3e-08   8.6e-07   27.9   0.1    22    93    37   114    33   119 0.79 -
117816at50557_29058_0:000b65|STRG.4884.2:554-1027|+    -            158 83433at50557         -            163     7e-09   34.7   0.4   3   3       1.4        95    1.8   0.0    21    43   122   145   114   152 0.79 -
117816at50557_29058_0:000b65|STRG.4884.3:3434-3907|+   -            158 83433at50557         -            163     7e-09   34.7   0.4   1   3    0.0092      0.62    8.9   0.0    68   122     3    69     1    74 0.75 -
117816at50557_29058_0:000b65|STRG.4884.3:3434-3907|+   -            158 83433at50557         -            163     7e-09   34.7   0.4   2   3   1.3e-08   8.6e-07   27.9   0.1    22    93    37   114    33   119 0.79 -
117816at50557_29058_0:000b65|STRG.4884.3:3434-3907|+   -            158 83433at50557         -            163     7e-09   34.7   0.4   3   3       1.4        95    1.8   0.0    21    43   122   145   114   152 0.79 -
117816at50557_29058_0:000b65|STRG.4884.4:3379-3852|+   -            158 83433at50557         -            163     7e-09   34.7   0.4   1   3    0.0092      0.62    8.9   0.0    68   122     3    69     1    74 0.75 -
117816at50557_29058_0:000b65|STRG.4884.4:3379-3852|+   -            158 83433at50557         -            163     7e-09   34.7   0.4   2   3   1.3e-08   8.6e-07   27.9   0.1    22    93    37   114    33   119 0.79 -
117816at50557_29058_0:000b65|STRG.4884.4:3379-3852|+   -            158 83433at50557         -            163     7e-09   34.7   0.4   3   3       1.4        95    1.8   0.0    21    43   122   145   114   152 0.79 -
117816at50557_29058_0:000b65|STRG.4884.5:554-1027|+    -            158 83433at50557         -            163     7e-09   34.7   0.4   1   3    0.0092      0.62    8.9   0.0    68   122     3    69     1    74 0.75 -
117816at50557_29058_0:000b65|STRG.4884.5:554-1027|+    -            158 83433at50557         -            163     7e-09   34.7   0.4   2   3   1.3e-08   8.6e-07   27.9   0.1    22    93    37   114    33   119 0.79 -
117816at50557_29058_0:000b65|STRG.4884.5:554-1027|+    -            158 83433at50557         -            163     7e-09   34.7   0.4   3   3       1.4        95    1.8   0.0    21    43   122   145   114   152 0.79 -
117816at50557_7200_0:0014c2|STRG.6702.2:1266-2009|+    -            248 83433at50557         -            163   1.4e-08   33.8   0.0   1   3   0.00014    0.0095   14.8   0.0    73   121     4    64     1    72 0.85 -
117816at50557_7200_0:0014c2|STRG.6702.2:1266-2009|+    -            248 83433at50557         -            163   1.4e-08   33.8   0.0   2   3     5e-07   3.3e-05   22.8   0.0    22   117    33   146    31   162 0.71 -
117816at50557_7200_0:0014c2|STRG.6702.2:1266-2009|+    -            248 83433at50557         -            163   1.4e-08   33.8   0.0   3   3       1.9   1.3e+02    1.3   0.0    59    83   224   248   204   248 0.86 -
49780at50557_13686_0:001eb7|STRG.11411.1:2-2191|+      -            730 83433at50557         -            163   1.5e-08   33.6   0.0   1   2   4.3e-05    0.0029   16.5   0.0    57    92   264   299   255   339 0.79 -
49780at50557_13686_0:001eb7|STRG.11411.1:2-2191|+      -            730 83433at50557         -            163   1.5e-08   33.6   0.0   2   2    0.0001     0.007   15.2   0.0    49    94   337   382   305   433 0.68 -
83433at50557_166361_0:0030d8|STRG.4884.6:563-1123|+    -            187 83433at50557         -            163   1.8e-08   33.4   0.3   1   2      0.03         2    7.2   0.0    73   122     5    66     1    71 0.71 -
83433at50557_166361_0:0030d8|STRG.4884.6:563-1123|+    -            187 83433at50557         -            163   1.8e-08   33.4   0.3   2   2   3.5e-09   2.4e-07   29.8   0.2    22   123    34   155    18   165 0.67 -
117816at50557_121225_0:000cee|STRG.4365.1:114-617|+    -            168 83433at50557         -            163   2.5e-08   32.9   0.1   1   2   2.6e-05    0.0018   17.2   0.0    59   124     4    81     1    86 0.80 -
117816at50557_121225_0:000cee|STRG.4365.1:114-617|+    -            168 83433at50557         -            163   2.5e-08   32.9   0.1   2   2   2.7e-06   0.00018   20.4   0.0    14    93    39   126    35   167 0.70 -
117816at50557_121225_0:000cee|STRG.4365.2:130-633|+    -            168 83433at50557         -            163   2.5e-08   32.9   0.1   1   2   2.6e-05    0.0018   17.2   0.0    59   124     4    81     1    86 0.80 -
117816at50557_121225_0:000cee|STRG.4365.2:130-633|+    -            168 83433at50557         -            163   2.5e-08   32.9   0.1   2   2   2.7e-06   0.00018   20.4   0.0    14    93    39   126    35   167 0.70 -
83433at50557_133901_0:001dd1|STRG.10339.1:169-684|+    -            172 83433at50557         -            163   3.3e-08   32.6   0.0   1   2     0.013      0.91    8.4   0.0    60    92     1    33     1    71 0.80 -
83433at50557_133901_0:001dd1|STRG.10339.1:169-684|+    -            172 83433at50557         -            163   3.3e-08   32.6   0.0   2   2   5.2e-07   3.5e-05   22.7   0.0    53   123    85   166    47   171 0.64 -
105919at50557_88501_0:001ba1|STRG.1476.1:0-1829|+      -            610 83433at50557         -            163   3.5e-07   29.2   0.0   1   2   3.4e-05    0.0023   16.8   0.0    51    88   441   478   433   485 0.88 -
105919at50557_88501_0:001ba1|STRG.1476.1:0-1829|+      -            610 83433at50557         -            163   3.5e-07   29.2   0.0   2   2    0.0044       0.3    9.9   0.1    90   154   497   565   491   573 0.76 -
105919at50557_88501_0:001ba1|STRG.1476.2:449-2278|+    -            610 83433at50557         -            163   3.5e-07   29.2   0.0   1   2   3.4e-05    0.0023   16.8   0.0    51    88   441   478   433   485 0.88 -
105919at50557_88501_0:001ba1|STRG.1476.2:449-2278|+    -            610 83433at50557         -            163   3.5e-07   29.2   0.0   2   2    0.0044       0.3    9.9   0.1    90   154   497   565   491   573 0.76 -
101501at50557_103372_0:00154d|STRG.3548.2:1062-2912|+  -            617 83433at50557         -            163   8.2e-07   28.0   2.0   1   3   0.00074      0.05   12.5   0.1    52    91    40    79    10    96 0.85 -
101501at50557_103372_0:00154d|STRG.3548.2:1062-2912|+  -            617 83433at50557         -            163   8.2e-07   28.0   2.0   2   3      0.03         2    7.2   0.1    54    91   183   220   150   268 0.80 -
101501at50557_103372_0:00154d|STRG.3548.2:1062-2912|+  -            617 83433at50557         -            163   8.2e-07   28.0   2.0   3   3      0.28        19    4.1   0.0    34    83   506   559   490   580 0.73 -
129956at50557_7176_0:003daf|STRG.14433.1:1278-1517|+   -             80 83433at50557         -            163   8.3e-07   28.0   0.0   1   1   1.9e-08   1.3e-06   27.4   0.0    61   124     1    76     1    79 0.85 -
129956at50557_7176_0:003daf|STRG.14433.2:1113-1352|+   -             80 83433at50557         -            163   8.3e-07   28.0   0.0   1   1   1.9e-08   1.3e-06   27.4   0.0    61   124     1    76     1    79 0.85 -
24138at50557_7004_0:0051ca|STRG.16652.1:498-848|+      -            117 83433at50557         -            163   1.2e-06   27.5   0.0   1   1   2.1e-08   1.4e-06   27.2   0.0    45    90    52    97    16   117 0.75 -
101501at50557_103372_0:00154d|STRG.3548.1:529-2841|+   -            771 83433at50557         -            163   1.7e-06   27.0   1.8   1   3     0.001      0.07   12.0   0.0    52    91    33    72     8    86 0.86 -
101501at50557_103372_0:00154d|STRG.3548.1:529-2841|+   -            771 83433at50557         -            163   1.7e-06   27.0   1.8   2   3      0.04       2.7    6.8   0.1    54    91   176   213   143   259 0.81 -
101501at50557_103372_0:00154d|STRG.3548.1:529-2841|+   -            771 83433at50557         -            163   1.7e-06   27.0   1.8   3   3      0.38        25    3.6   0.0    34    83   499   552   483   574 0.73 -
101501at50557_103372_0:00154d|STRG.3548.3:19-2352|+    -            778 83433at50557         -            163     2e-06   26.8   2.1   1   3     0.001     0.067   12.0   0.0    52    91    40    79    10    93 0.85 -
101501at50557_103372_0:00154d|STRG.3548.3:19-2352|+    -            778 83433at50557         -            163     2e-06   26.8   2.1   2   3     0.041       2.8    6.8   0.1    54    91   183   220   150   266 0.81 -
101501at50557_103372_0:00154d|STRG.3548.3:19-2352|+    -            778 83433at50557         -            163     2e-06   26.8   2.1   3   3      0.38        26    3.6   0.0    34    83   506   559   490   581 0.73 -
81462at50557_568069_0:002a34|STRG.15203.1:279-2303|+   -            675 83433at50557         -            163   2.3e-06   26.6   0.1   1   1   7.6e-08   5.1e-06   25.4   0.1    49   122   277   363   248   394 0.72 -
81462at50557_568069_0:002a34|STRG.15203.2:233-2257|+   -            675 83433at50557         -            163   2.3e-06   26.6   0.1   1   1   7.6e-08   5.1e-06   25.4   0.1    49   122   277   363   248   394 0.72 -
81462at50557_568069_0:002a34|STRG.15203.3:233-2257|+   -            675 83433at50557         -            163   2.3e-06   26.6   0.1   1   1   7.6e-08   5.1e-06   25.4   0.1    49   122   277   363   248   394 0.72 -
129956at50557_7159_0:0030fc|STRG.2799.1:1173-1412|+    -             80 83433at50557         -            163   1.1e-05   24.4   0.0   1   1   3.3e-07   2.2e-05   23.4   0.0    61   125     1    77     1    79 0.82 -
129956at50557_34720_0:00189a|STRG.9575.1:146-562|+     -            139 83433at50557         -            163   1.8e-05   23.6   0.0   1   1   7.3e-07   4.9e-05   22.2   0.0    34    99     8    82     1   115 0.71 -
129956at50557_132113_0:001471|STRG.11122.1:1129-1440|+ -            104 83433at50557         -            163   3.9e-05   22.5   0.0   1   1   8.9e-07     6e-05   21.9   0.0    48    93     7    52     2    56 0.91 -
129956at50557_132113_0:001471|STRG.11122.2:793-1104|+  -            104 83433at50557         -            163   3.9e-05   22.5   0.0   1   1   8.9e-07     6e-05   21.9   0.0    48    93     7    52     2    56 0.91 -
129956at50557_132113_0:001471|STRG.11122.3:1091-1402|+ -            104 83433at50557         -            163   3.9e-05   22.5   0.0   1   1   8.9e-07     6e-05   21.9   0.0    48    93     7    52     2    56 0.91 -
129956at50557_132113_0:001471|STRG.11122.4:1448-1759|+ -            104 83433at50557         -            163   3.9e-05   22.5   0.0   1   1   8.9e-07     6e-05   21.9   0.0    48    93     7    52     2    56 0.91 -
129956at50557_132113_0:001471|STRG.11122.5:1091-1402|+ -            104 83433at50557         -            163   3.9e-05   22.5   0.0   1   1   8.9e-07     6e-05   21.9   0.0    48    93     7    52     2    56 0.91 -
129956at50557_7176_0:003daf|STRG.6758.1:256-498|+      -             81 83433at50557         -            163   0.00011   21.1   0.1   1   1   2.5e-06   0.00017   20.5   0.1    61   115     1    63     1    73 0.79 -
129956at50557_441921_0:0017da|STRG.815.1:153-395|+     -             81 83433at50557         -            163   0.00013   20.8   0.0   1   1   2.3e-06   0.00015   20.6   0.0    58   120    11    80     2    81 0.80 -
129956at50557_441921_0:0017da|STRG.815.2:153-395|+     -             81 83433at50557         -            163   0.00013   20.8   0.0   1   1   2.3e-06   0.00015   20.6   0.0    58   120    11    80     2    81 0.80 -
129956at50557_441921_0:0017da|STRG.815.3:153-395|+     -             81 83433at50557         -            163   0.00013   20.8   0.0   1   1   2.3e-06   0.00015   20.6   0.0    58   120    11    80     2    81 0.80 -
129956at50557_441921_0:0017da|STRG.815.4:153-395|+     -             81 83433at50557         -            163   0.00013   20.8   0.0   1   1   2.3e-06   0.00015   20.6   0.0    58   120    11    80     2    81 0.80 -
129956at50557_441921_0:0017da|STRG.815.5:153-395|+     -             81 83433at50557         -            163   0.00013   20.8   0.0   1   1   2.3e-06   0.00015   20.6   0.0    58   120    11    80     2    81 0.80 -
129956at50557_441921_0:0017da|STRG.815.6:153-395|+     -             81 83433at50557         -            163   0.00013   20.8   0.0   1   1   2.3e-06   0.00015   20.6   0.0    58   120    11    80     2    81 0.80 -
129956at50557_441921_0:0017da|STRG.815.7:124-366|+     -             81 83433at50557         -            163   0.00013   20.8   0.0   1   1   2.3e-06   0.00015   20.6   0.0    58   120    11    80     2    81 0.80 -
129956at50557_441921_0:0017da|STRG.815.8:124-366|+     -             81 83433at50557         -            163   0.00013   20.8   0.0   1   1   2.3e-06   0.00015   20.6   0.0    58   120    11    80     2    81 0.80 -
129956at50557_441921_0:0017da|STRG.815.9:428-670|+     -             81 83433at50557         -            163   0.00013   20.8   0.0   1   1   2.3e-06   0.00015   20.6   0.0    58   120    11    80     2    81 0.80 -
129956at50557_29031_0:001f45|STRG.4477.1:682-825|+     -             48 83433at50557         -            163   0.00016   20.6   0.0   1   1   2.4e-06   0.00016   20.6   0.0    61    93     1    37     1    48 0.79 -
129956at50557_29031_0:001f45|STRG.4477.2:681-824|+     -             48 83433at50557         -            163   0.00016   20.6   0.0   1   1   2.4e-06   0.00016   20.6   0.0    61    93     1    37     1    48 0.79 -
129956at50557_51655_0:0033b8|STRG.6261.1:628-939|+     -            104 83433at50557         -            163   0.00024   20.0   0.0   1   1   4.2e-06   0.00028   19.8   0.0    55   100     4    57     1    94 0.70 -
129956at50557_51655_0:0033b8|STRG.6261.2:579-890|+     -            104 83433at50557         -            163   0.00024   20.0   0.0   1   1   4.2e-06   0.00028   19.8   0.0    55   100     4    57     1    94 0.70 -
59099at50557_64793_0:000fa7|STRG.912.1:75-1823|+       -            583 83433at50557         -            163   0.00026   19.9   0.0   1   3       1.4        96    1.8   0.0    51    88    46    84    31   129 0.81 -
59099at50557_64793_0:000fa7|STRG.912.1:75-1823|+       -            583 83433at50557         -            163   0.00026   19.9   0.0   2   3     0.082       5.5    5.8   0.0    58    90   223   255   216   307 0.70 -
59099at50557_64793_0:000fa7|STRG.912.1:75-1823|+       -            583 83433at50557         -            163   0.00026   19.9   0.0   3   3     0.013       0.9    8.4   0.0    54   121   509   581   501   583 0.80 -
59099at50557_64793_0:000fa7|STRG.912.3:75-1823|+       -            583 83433at50557         -            163   0.00026   19.9   0.0   1   3       1.4        96    1.8   0.0    51    88    46    84    31   129 0.81 -
59099at50557_64793_0:000fa7|STRG.912.3:75-1823|+       -            583 83433at50557         -            163   0.00026   19.9   0.0   2   3     0.082       5.5    5.8   0.0    58    90   223   255   216   307 0.70 -
59099at50557_64793_0:000fa7|STRG.912.3:75-1823|+       -            583 83433at50557         -            163   0.00026   19.9   0.0   3   3     0.013       0.9    8.4   0.0    54   121   509   581   501   583 0.80 -
129956at50557_38123_0:0017f4|STRG.2236.1:542-694|+     -             51 83433at50557         -            163   0.00034   19.5   0.1   1   1   5.4e-06   0.00036   19.4   0.1    61    90     1    30     1    50 0.90 -
129956at50557_38123_0:0017f4|STRG.2236.2:516-668|+     -             51 83433at50557         -            163   0.00034   19.5   0.1   1   1   5.4e-06   0.00036   19.4   0.1    61    90     1    30     1    50 0.90 -
129956at50557_38123_0:0017f4|STRG.2236.3:516-668|+     -             51 83433at50557         -            163   0.00034   19.5   0.1   1   1   5.4e-06   0.00036   19.4   0.1    61    90     1    30     1    50 0.90 -
129956at50557_13686_0:0011f5|STRG.1910.1:2618-2845|+   -             76 83433at50557         -            163    0.0008   18.3   0.0   1   1   1.5e-05     0.001   18.0   0.0    61   120     1    72     1    76 0.81 -
129956at50557_13686_0:0011f5|STRG.1910.2:1182-1409|+   -             76 83433at50557         -            163    0.0008   18.3   0.0   1   1   1.5e-05     0.001   18.0   0.0    61   120     1    72     1    76 0.81 -
129956at50557_13686_0:0011f5|STRG.1910.3:950-1177|+    -             76 83433at50557         -            163    0.0008   18.3   0.0   1   1   1.5e-05     0.001   18.0   0.0    61   120     1    72     1    76 0.81 -
129956at50557_13686_0:0011f5|STRG.1910.4:2679-2906|+   -             76 83433at50557         -            163    0.0008   18.3   0.0   1   1   1.5e-05     0.001   18.0   0.0    61   120     1    72     1    76 0.81 -
129956at50557_13686_0:0011f5|STRG.1910.5:997-1224|+    -             76 83433at50557         -            163    0.0008   18.3   0.0   1   1   1.5e-05     0.001   18.0   0.0    61   120     1    72     1    76 0.81 -
135254at50557_103372_0:002a85|STRG.2981.1:914-1117|+   -             68 83433at50557         -            163   0.00093   18.1   0.0   1   2    0.0075      0.51    9.2   0.0    62    90     2    30     1    34 0.89 -
135254at50557_103372_0:002a85|STRG.2981.1:914-1117|+   -             68 83433at50557         -            163   0.00093   18.1   0.0   2   2     0.015         1    8.2   0.0    11    42    34    66    25    67 0.76 -
135254at50557_103372_0:002a85|STRG.2981.2:914-1117|+   -             68 83433at50557         -            163   0.00093   18.1   0.0   1   2    0.0075      0.51    9.2   0.0    62    90     2    30     1    34 0.89 -
135254at50557_103372_0:002a85|STRG.2981.2:914-1117|+   -             68 83433at50557         -            163   0.00093   18.1   0.0   2   2     0.015         1    8.2   0.0    11    42    34    66    25    67 0.76 -
129956at50557_307658_0:002521|STRG.11559.1:477-695|+   -             73 83433at50557         -            163   0.00094   18.1   0.0   1   1   6.8e-05    0.0046   15.8   0.0    57    93     4    40     1    71 0.81 -
129956at50557_307658_0:002521|STRG.11559.2:360-578|+   -             73 83433at50557         -            163   0.00094   18.1   0.0   1   1   6.8e-05    0.0046   15.8   0.0    57    93     4    40     1    71 0.81 -
129956at50557_38123_0:0017f4|STRG.15408.1:539-691|+    -             51 83433at50557         -            163    0.0011   17.9   0.1   1   1   1.7e-05    0.0011   17.8   0.1    61    90     1    30     1    50 0.90 -
129956at50557_38123_0:0017f4|STRG.15408.2:537-689|+    -             51 83433at50557         -            163    0.0011   17.9   0.1   1   1   1.7e-05    0.0011   17.8   0.1    61    90     1    30     1    50 0.90 -
129956at50557_38123_0:0017f4|STRG.15408.3:513-665|+    -             51 83433at50557         -            163    0.0011   17.9   0.1   1   1   1.7e-05    0.0011   17.8   0.1    61    90     1    30     1    50 0.90 -
129956at50557_38123_0:0017f4|STRG.15408.4:513-665|+    -             51 83433at50557         -            163    0.0011   17.9   0.1   1   1   1.7e-05    0.0011   17.8   0.1    61    90     1    30     1    50 0.90 -
129956at50557_38123_0:0017f4|STRG.15408.5:513-665|+    -             51 83433at50557         -            163    0.0011   17.9   0.1   1   1   1.7e-05    0.0011   17.8   0.1    61    90     1    30     1    50 0.90 -
129956at50557_38123_0:0017f4|STRG.15408.6:612-764|+    -             51 83433at50557         -            163    0.0011   17.9   0.1   1   1   1.7e-05    0.0011   17.8   0.1    61    90     1    30     1    50 0.90 -
129956at50557_441921_0:0017da|STRG.11879.1:162-434|+   -             91 83433at50557         -            163    0.0012   17.7   0.0   1   1     2e-05    0.0014   17.5   0.0    56   120    19    90     5    91 0.82 -
129956at50557_29053_0:00060a|STRG.1787.1:419-673|+     -             85 83433at50557         -            163    0.0014   17.5   0.0   1   1   3.4e-05    0.0023   16.8   0.0    61   107     1    55     1    84 0.69 -
129956at50557_29053_0:00060a|STRG.1787.2:419-673|+     -             85 83433at50557         -            163    0.0014   17.5   0.0   1   1   3.4e-05    0.0023   16.8   0.0    61   107     1    55     1    84 0.69 -
129956at50557_29053_0:00060a|STRG.1787.3:419-673|+     -             85 83433at50557         -            163    0.0014   17.5   0.0   1   1   3.4e-05    0.0023   16.8   0.0    61   107     1    55     1    84 0.69 -
129956at50557_441921_0:0017da|STRG.3168.1:1173-1403|+  -             77 83433at50557         -            163    0.0016   17.3   0.0   1   1   3.5e-05    0.0023   16.8   0.0    61   120     1    72     1    75 0.77 -
108346at50557_103372_0:0009c7|STRG.442.1:51-920|+      -            290 83433at50557         -            163    0.0033   16.3   5.5   1   2      0.39        26    3.6   0.2   135   158   185   209   175   214 0.75 -
108346at50557_103372_0:0009c7|STRG.442.1:51-920|+      -            290 83433at50557         -            163    0.0033   16.3   5.5   2   2   0.00011    0.0077   15.1   0.1   136   155   247   266   220   273 0.84 -
117816at50557_217634_0:001779|STRG.8952.1:233-685|+    -            151 83433at50557         -            163    0.0041   16.0   0.0   1   1    0.0001     0.007   15.2   0.0    61   110     1    57     1    72 0.84 -
117816at50557_217634_0:001779|STRG.8952.2:342-794|+    -            151 83433at50557         -            163    0.0041   16.0   0.0   1   1    0.0001     0.007   15.2   0.0    61   110     1    57     1    72 0.84 -
117816at50557_217634_0:001779|STRG.8952.3:342-794|+    -            151 83433at50557         -            163    0.0041   16.0   0.0   1   1    0.0001     0.007   15.2   0.0    61   110     1    57     1    72 0.84 -
129956at50557_7536_0:0043e4|STRG.15167.1:1561-1878|+   -            106 83433at50557         -            163    0.0049   15.7   0.0   1   1   0.00013    0.0085   15.0   0.0     8    81    28   102    21   105 0.73 -
129956at50557_7536_0:0043e4|STRG.15167.6:552-869|+     -            106 83433at50557         -            163    0.0049   15.7   0.0   1   1   0.00013    0.0085   15.0   0.0     8    81    28   102    21   105 0.73 -
129956at50557_7536_0:0043e4|STRG.15167.13:548-901|+    -            118 83433at50557         -            163    0.0049   15.7   0.0   1   2     0.061       4.1    6.2   0.0    62   123     2    76     1    77 0.58 -
129956at50557_7536_0:0043e4|STRG.15167.13:548-901|+    -            118 83433at50557         -            163    0.0049   15.7   0.0   2   2   0.00012    0.0083   15.0   0.0     8    81    28   102    21   112 0.74 -
129956at50557_7536_0:0043e4|STRG.15167.4:552-905|+     -            118 83433at50557         -            163    0.0049   15.7   0.0   1   2     0.061       4.1    6.2   0.0    62   123     2    76     1    77 0.58 -
129956at50557_7536_0:0043e4|STRG.15167.4:552-905|+     -            118 83433at50557         -            163    0.0049   15.7   0.0   2   2   0.00012    0.0083   15.0   0.0     8    81    28   102    21   112 0.74 -
129956at50557_7536_0:0043e4|STRG.15167.7:548-901|+     -            118 83433at50557         -            163    0.0049   15.7   0.0   1   2     0.061       4.1    6.2   0.0    62   123     2    76     1    77 0.58 -
129956at50557_7536_0:0043e4|STRG.15167.7:548-901|+     -            118 83433at50557         -            163    0.0049   15.7   0.0   2   2   0.00012    0.0083   15.0   0.0     8    81    28   102    21   112 0.74 -
129956at50557_7536_0:0043e4|STRG.15167.8:548-901|+     -            118 83433at50557         -            163    0.0049   15.7   0.0   1   2     0.061       4.1    6.2   0.0    62   123     2    76     1    77 0.58 -
129956at50557_7536_0:0043e4|STRG.15167.8:548-901|+     -            118 83433at50557         -            163    0.0049   15.7   0.0   2   2   0.00012    0.0083   15.0   0.0     8    81    28   102    21   112 0.74 -
129956at50557_286306_0:000be5|STRG.8364.1:254-514|+    -             87 83433at50557         -            163    0.0059   15.5   0.0   1   1   0.00017     0.011   14.6   0.0    61   123     1    75     1    85 0.77 -
129956at50557_286306_0:000be5|STRG.8364.2:254-514|+    -             87 83433at50557         -            163    0.0059   15.5   0.0   1   1   0.00017     0.011   14.6   0.0    61   123     1    75     1    85 0.77 -
129956at50557_286306_0:000be5|STRG.8364.3:254-514|+    -             87 83433at50557         -            163    0.0059   15.5   0.0   1   1   0.00017     0.011   14.6   0.0    61   123     1    75     1    85 0.77 -
129956at50557_286306_0:000be5|STRG.8364.4:254-514|+    -             87 83433at50557         -            163    0.0059   15.5   0.0   1   1   0.00017     0.011   14.6   0.0    61   123     1    75     1    85 0.77 -
129956at50557_7397_0:004a22|STRG.11122.6:1423-1686|+   -             88 83433at50557         -            163    0.0066   15.3   0.0   1   1   0.00016     0.011   14.6   0.0    61    93     1    33     1    38 0.95 -
59099at50557_286306_0:003cfb|STRG.912.4:75-2038|+      -            603 83433at50557         -            163    0.0082   15.0   0.1   1   3       1.5     1e+02    1.7   0.0    51    88    46    84    31   129 0.81 -
59099at50557_286306_0:003cfb|STRG.912.4:75-2038|+      -            603 83433at50557         -            163    0.0082   15.0   0.1   2   3     0.089         6    5.7   0.0    58    90   223   255   216   306 0.71 -
59099at50557_286306_0:003cfb|STRG.912.4:75-2038|+      -            603 83433at50557         -            163    0.0082   15.0   0.1   3   3      0.43        29    3.5   0.0    54    85   500   531   492   545 0.83 -
59099at50557_286306_0:003cfb|STRG.912.5:181-2171|+     -            612 83433at50557         -            163    0.0086   14.9   0.1   1   3       1.5     1e+02    1.7   0.0    51    88    46    84    31   128 0.81 -
59099at50557_286306_0:003cfb|STRG.912.5:181-2171|+     -            612 83433at50557         -            163    0.0086   14.9   0.1   2   3     0.091       6.1    5.7   0.0    58    90   223   255   216   306 0.71 -
59099at50557_286306_0:003cfb|STRG.912.5:181-2171|+     -            612 83433at50557         -            163    0.0086   14.9   0.1   3   3      0.44        30    3.4   0.0    54    85   509   540   501   554 0.83 -
101501at50557_1218281_0:0033ae|STRG.8154.1:236-454|+   -             73 83433at50557         -            163    0.0095   14.8   0.0   1   1   0.00021     0.014   14.2   0.0    65   123     1    71     1    73 0.79 -
101501at50557_1218281_0:0033ae|STRG.8154.2:236-454|+   -             73 83433at50557         -            163    0.0095   14.8   0.0   1   1   0.00021     0.014   14.2   0.0    65   123     1    71     1    73 0.79 -
101501at50557_1218281_0:0033ae|STRG.8154.3:236-454|+   -             73 83433at50557         -            163    0.0095   14.8   0.0   1   1   0.00021     0.014   14.2   0.0    65   123     1    71     1    73 0.79 -
129956at50557_7425_0:001fb1|STRG.12950.1:799-1041|+    -             81 83433at50557         -            163      0.01   14.7   0.0   1   1   0.00023     0.016   14.1   0.0    61   122     1    74     1    80 0.79 -
129956at50557_7425_0:001fb1|STRG.12950.2:811-1053|+    -             81 83433at50557         -            163      0.01   14.7   0.0   1   1   0.00023     0.016   14.1   0.0    61   122     1    74     1    80 0.79 -
125548at50557_454923_0:002650|STRG.9573.1:1475-1945|+  -            157 83433at50557         -            163     0.011   14.6   0.1   1   1   0.00024     0.016   14.0   0.1    49   120    43   125     7   133 0.76 -
129956at50557_37344_0:0029cb|STRG.10476.1:945-1241|+   -             99 83433at50557         -            163     0.012   14.5   0.0   1   1   0.00025     0.017   14.0   0.0    59   119    26    98    20    99 0.82 -
60261at50557_103372_0:0007d1|STRG.15862.1:97-1362|+    -            422 83433at50557         -            163     0.014   14.3   0.0   1   1   0.00039     0.026   13.4   0.0    56    98   229   273   210   316 0.67 -
129956at50557_411798_0:003661|STRG.4852.1:201-449|+    -             83 83433at50557         -            163     0.019   13.8   0.0   1   1   0.00042     0.028   13.2   0.0    59    86     4    31     1    80 0.64 -
104832at50557_34720_0:0019e7|STRG.10248.1:303-1124|+   -            274 83433at50557         -            163     0.019   13.8   0.0   1   1   0.00056     0.038   12.9   0.0    72   123   171   228   100   237 0.77 -
132354at50557_6973_0:002ea9|STRG.11052.1:171-518|+     -            116 83433at50557         -            163     0.021   13.7   0.0   1   1   0.00039     0.026   13.4   0.0    21    56    13    48     5    74 0.78 -
#
# Program:         hmmsearch
# Version:         3.4 (Aug 2023)
# Pipeline mode:   SEARCH
# Query file:      /data/projet1/projet_tutore/busco_downloads/lineages/insecta_odb10/hmms/83433at50557.hmm
# Target file:     annotation_analysis/annotation_gcf/T_zeteki/busco_output/run_insecta_odb10/metaeuk_output/initial_results/assembled_transcripts.fasta.modified.fas
# Option settings: hmmsearch --domtblout annotation_analysis/annotation_gcf/T_zeteki/busco_output/run_insecta_odb10/hmmer_output/initial_run_results/83433at50557.out --cpu 1 /data/projet1/projet_tutore/busco_downloads/lineages/insecta_odb10/hmms/83433at50557.hmm annotation_analysis/annotation_gcf/T_zeteki/busco_output/run_insecta_odb10/metaeuk_output/initial_results/assembled_transcripts.fasta.modified.fas 
# Current dir:     /data/projet1/projet_tutore
# Date:            Sun Dec  1 20:30:49 2024
# [ok]
