#                                                                                                            --- full sequence --- -------------- this domain -------------   hmm coord   ali coord   env coord
# target name                                        accession   tlen query name           accession   qlen   E-value  score  bias   #  of  c-Evalue  i-Evalue  score  bias  from    to  from    to  from    to  acc description of target
#                                ------------------- ---------- ----- -------------------- ---------- ----- --------- ------ ----- --- --- --------- --------- ------ ----- ----- ----- ----- ----- ----- ----- ---- ---------------------
84585at50557_520822_0:000271|STRG.11616.1:202-1971|+ -            590 84585at50557         -            445  7.5e-186  617.2  15.3   1   1  7.4e-186  1.3e-182  606.5  15.3     2   445     7   522     6   522 0.89 -
84585at50557_520822_0:000271|STRG.11616.2:54-1775|+  -            574 84585at50557         -            445  2.9e-185  615.3  15.6   1   1  3.4e-185  5.9e-182  604.4  15.6    11   445     9   506     5   506 0.90 -
27943at50557_6973_0:004576|STRG.9429.1:377-1018|+    -            214 84585at50557         -            445     3e-10   38.5   9.5   1   1   2.1e-13   3.8e-10   38.1   9.5    16   169     5   170     1   174 0.69 -
27943at50557_34720_0:000d3a|STRG.9429.2:104-2311|+   -            736 84585at50557         -            445   3.1e-09   35.1   8.8   1   2   1.8e-12   3.1e-09   35.1   8.8    16   169    21   186    13   190 0.69 -
27943at50557_34720_0:000d3a|STRG.9429.2:104-2311|+   -            736 84585at50557         -            445   3.1e-09   35.1   8.8   2   2      0.24   4.2e+02   -1.6   0.0   390   419   478   507   476   512 0.89 -
29608at50557_34720_0:0015a1|STRG.11323.1:208-2337|+  -            710 84585at50557         -            445     0.011   13.5  11.1   1   2   0.00092       1.6    6.4   3.2    20    67    29    79    14   135 0.65 -
29608at50557_34720_0:0015a1|STRG.11323.1:208-2337|+  -            710 84585at50557         -            445     0.011   13.5  11.1   2   2   4.2e-05     0.073   10.8   1.1   110   175   307   371   305   521 0.74 -
#
# Program:         hmmsearch
# Version:         3.4 (Aug 2023)
# Pipeline mode:   SEARCH
# Query file:      /data/projet1/projet_tutore/busco_downloads/lineages/insecta_odb10/hmms/84585at50557.hmm
# Target file:     annotation_analysis/annotation_gcf/T_zeteki/busco_output/run_insecta_odb10/metaeuk_output/initial_results/assembled_transcripts.fasta.modified.fas
# Option settings: hmmsearch --domtblout annotation_analysis/annotation_gcf/T_zeteki/busco_output/run_insecta_odb10/hmmer_output/initial_run_results/84585at50557.out --cpu 1 /data/projet1/projet_tutore/busco_downloads/lineages/insecta_odb10/hmms/84585at50557.hmm annotation_analysis/annotation_gcf/T_zeteki/busco_output/run_insecta_odb10/metaeuk_output/initial_results/assembled_transcripts.fasta.modified.fas 
# Current dir:     /data/projet1/projet_tutore
# Date:            Sun Dec  1 20:30:54 2024
# [ok]
