#                                                                                                              --- full sequence --- -------------- this domain -------------   hmm coord   ali coord   env coord
# target name                                          accession   tlen query name           accession   qlen   E-value  score  bias   #  of  c-Evalue  i-Evalue  score  bias  from    to  from    to  from    to  acc description of target
#                                  ------------------- ---------- ----- -------------------- ---------- ----- --------- ------ ----- --- --- --------- --------- ------ ----- ----- ----- ----- ----- ----- ----- ---- ---------------------
8717at50557_103372_0:0008b5|STRG.6142.3:665-4912|+     -           1416 8717at50557          -           1025         0 1912.8  22.7   1   6     0.002      0.18    8.4   0.0    72   146    12    85     7    97 0.91 -
8717at50557_103372_0:0008b5|STRG.6142.3:665-4912|+     -           1416 8717at50557          -           1025         0 1912.8  22.7   2   6  1.1e-258    1e-256  853.5   1.0     1   442   161   617   161   651 0.94 -
8717at50557_103372_0:0008b5|STRG.6142.3:665-4912|+     -           1416 8717at50557          -           1025         0 1912.8  22.7   3   6   1.5e-09   1.3e-07   28.7   0.1   439   475   662   697   650   706 0.81 -
8717at50557_103372_0:0008b5|STRG.6142.3:665-4912|+     -           1416 8717at50557          -           1025         0 1912.8  22.7   4   6    2e-295  1.7e-293  975.1   0.6   469   929   718  1214   713  1235 0.93 -
8717at50557_103372_0:0008b5|STRG.6142.3:665-4912|+     -           1416 8717at50557          -           1025         0 1912.8  22.7   5   6   7.3e-14   6.4e-12   43.0   5.5   933   984  1249  1305  1234  1324 0.85 -
8717at50557_103372_0:0008b5|STRG.6142.3:665-4912|+     -           1416 8717at50557          -           1025         0 1912.8  22.7   6   6   0.00037     0.033   10.9   0.1   968  1017  1363  1411  1351  1416 0.69 -
8717at50557_103372_0:0008b5|STRG.6142.1:658-4641|+     -           1328 8717at50557          -           1025         0 1905.3  18.2   1   4    0.0019      0.16    8.5   0.0    72   146    12    85     7    97 0.91 -
8717at50557_103372_0:0008b5|STRG.6142.1:658-4641|+     -           1328 8717at50557          -           1025         0 1905.3  18.2   2   4    1e-258  8.8e-257  853.6   1.0     1   442   161   617   161   651 0.94 -
8717at50557_103372_0:0008b5|STRG.6142.1:658-4641|+     -           1328 8717at50557          -           1025         0 1905.3  18.2   3   4   1.4e-09   1.2e-07   28.8   0.1   439   475   662   697   650   706 0.81 -
8717at50557_103372_0:0008b5|STRG.6142.1:658-4641|+     -           1328 8717at50557          -           1025         0 1905.3  18.2   4   4  4.9e-305  4.3e-303 1007.0  12.0   469   984   718  1305   713  1316 0.91 -
8717at50557_34720_0:00064e|STRG.6142.4:393-4793|+      -           1467 8717at50557          -           1025         0 1896.1  29.4   1   5  1.2e-258  1.1e-256  853.4   1.0     1   442   167   623   167   657 0.94 -
8717at50557_34720_0:00064e|STRG.6142.4:393-4793|+      -           1467 8717at50557          -           1025         0 1896.1  29.4   2   5   1.5e-09   1.4e-07   28.7   0.1   439   475   668   703   656   712 0.81 -
8717at50557_34720_0:00064e|STRG.6142.4:393-4793|+      -           1467 8717at50557          -           1025         0 1896.1  29.4   3   5  2.1e-295  1.9e-293  975.0   0.6   469   929   724  1220   719  1241 0.93 -
8717at50557_34720_0:00064e|STRG.6142.4:393-4793|+      -           1467 8717at50557          -           1025         0 1896.1  29.4   4   5   7.5e-14   6.6e-12   43.0   5.5   933   984  1255  1311  1240  1330 0.85 -
8717at50557_34720_0:00064e|STRG.6142.4:393-4793|+      -           1467 8717at50557          -           1025         0 1896.1  29.4   5   5   0.00029     0.025   11.2   0.1   968  1019  1369  1419  1357  1427 0.69 -
8717at50557_103372_0:0008b5|STRG.6142.2:29-3868|+      -           1280 8717at50557          -           1025         0 1873.6  17.4   1   4       0.9        79   -0.3   0.0   103   146    34    76    14    87 0.84 -
8717at50557_103372_0:0008b5|STRG.6142.2:29-3868|+      -           1280 8717at50557          -           1025         0 1873.6  17.4   2   4  9.2e-259  8.1e-257  853.8   1.0     1   442   152   608   152   642 0.94 -
8717at50557_103372_0:0008b5|STRG.6142.2:29-3868|+      -           1280 8717at50557          -           1025         0 1873.6  17.4   3   4   1.3e-09   1.2e-07   28.9   0.1   439   475   653   688   641   697 0.81 -
8717at50557_103372_0:0008b5|STRG.6142.2:29-3868|+      -           1280 8717at50557          -           1025         0 1873.6  17.4   4   4  6.7e-299  5.9e-297  986.6   8.0   469   968   709  1280   704  1280 0.92 -
8717at50557_197043_0:000907|STRG.6138.1:1037-1765|+    -            243 8717at50557          -           1025   1.8e-28   97.8   0.2   1   1   2.3e-30     2e-28   97.7   0.2   583   785    22   243     1   243 0.80 -
8717at50557_197043_0:000907|STRG.6138.2:991-1719|+     -            243 8717at50557          -           1025   1.8e-28   97.8   0.2   1   1   2.3e-30     2e-28   97.7   0.2   583   785    22   243     1   243 0.80 -
8717at50557_197043_0:000907|STRG.6138.3:3741-4469|+    -            243 8717at50557          -           1025   1.8e-28   97.8   0.2   1   1   2.3e-30     2e-28   97.7   0.2   583   785    22   243     1   243 0.80 -
18453at50557_143948_0:00210e|STRG.708.1:2279-3223|+    -            315 8717at50557          -           1025   1.5e-24   84.8   3.5   1   3     0.082       7.3    3.1   0.1   282   309     3    34     1    69 0.64 -
18453at50557_143948_0:00210e|STRG.708.1:2279-3223|+    -            315 8717at50557          -           1025   1.5e-24   84.8   3.5   2   3   9.2e-26   8.1e-24   82.4   0.4   600   802    83   288    74   303 0.90 -
18453at50557_143948_0:00210e|STRG.708.1:2279-3223|+    -            315 8717at50557          -           1025   1.5e-24   84.8   3.5   3   3       1.2     1e+02   -0.7   0.0   848   877   286   315   284   315 0.94 -
18453at50557_143948_0:00210e|STRG.708.2:1701-2645|+    -            315 8717at50557          -           1025   1.5e-24   84.8   3.5   1   3     0.082       7.3    3.1   0.1   282   309     3    34     1    69 0.64 -
18453at50557_143948_0:00210e|STRG.708.2:1701-2645|+    -            315 8717at50557          -           1025   1.5e-24   84.8   3.5   2   3   9.2e-26   8.1e-24   82.4   0.4   600   802    83   288    74   303 0.90 -
18453at50557_143948_0:00210e|STRG.708.2:1701-2645|+    -            315 8717at50557          -           1025   1.5e-24   84.8   3.5   3   3       1.2     1e+02   -0.7   0.0   848   877   286   315   284   315 0.94 -
18453at50557_79782_0:0020f7|STRG.3828.7:2851-3954|+    -            368 8717at50557          -           1025   4.2e-22   76.7   2.3   1   2     0.085       7.5    3.1   0.3   244   272    14    41     7   129 0.68 -
18453at50557_79782_0:0020f7|STRG.3828.7:2851-3954|+    -            368 8717at50557          -           1025   4.2e-22   76.7   2.3   2   2   3.9e-23   3.5e-21   73.7   0.1   594   777   133   316   122   336 0.87 -
18453at50557_79782_0:0020f7|STRG.3828.6:2830-3909|+    -            360 8717at50557          -           1025   4.2e-22   76.7   2.0   1   2      0.11       9.9    2.6   0.2   245   272     7    33     2   116 0.68 -
18453at50557_79782_0:0020f7|STRG.3828.6:2830-3909|+    -            360 8717at50557          -           1025   4.2e-22   76.7   2.0   2   2   4.9e-23   4.3e-21   73.4   0.1   594   777   125   308   117   311 0.87 -
18453at50557_79782_0:0020f7|STRG.3828.8:196-1275|+     -            360 8717at50557          -           1025   4.2e-22   76.7   2.0   1   2      0.11       9.9    2.6   0.2   245   272     7    33     2   116 0.68 -
18453at50557_79782_0:0020f7|STRG.3828.8:196-1275|+     -            360 8717at50557          -           1025   4.2e-22   76.7   2.0   2   2   4.9e-23   4.3e-21   73.4   0.1   594   777   125   308   117   311 0.87 -
18453at50557_286706_0:000c3a|STRG.4307.1:2150-3553|+   -            468 8717at50557          -           1025   6.6e-22   76.1   6.4   1   3      0.41        36    0.8   0.0   231   264    55    87    30   101 0.69 -
18453at50557_286706_0:000c3a|STRG.4307.1:2150-3553|+   -            468 8717at50557          -           1025   6.6e-22   76.1   6.4   2   3   5.8e-05    0.0051   13.5   0.4   276   319   133   176    84   200 0.79 -
18453at50557_286706_0:000c3a|STRG.4307.1:2150-3553|+   -            468 8717at50557          -           1025   6.6e-22   76.1   6.4   3   3   3.3e-20   2.9e-18   64.0   0.4   593   804   216   430   212   436 0.88 -
18453at50557_286706_0:000c3a|STRG.4307.2:2149-3552|+   -            468 8717at50557          -           1025   6.6e-22   76.1   6.4   1   3      0.41        36    0.8   0.0   231   264    55    87    30   101 0.69 -
18453at50557_286706_0:000c3a|STRG.4307.2:2149-3552|+   -            468 8717at50557          -           1025   6.6e-22   76.1   6.4   2   3   5.8e-05    0.0051   13.5   0.4   276   319   133   176    84   200 0.79 -
18453at50557_286706_0:000c3a|STRG.4307.2:2149-3552|+   -            468 8717at50557          -           1025   6.6e-22   76.1   6.4   3   3   3.3e-20   2.9e-18   64.0   0.4   593   804   216   430   212   436 0.88 -
18453at50557_411798_0:002eea|STRG.8604.2:621-2753|+    -            711 8717at50557          -           1025   1.3e-13   48.6   8.7   1   3   0.00089     0.079    9.6   0.0   226   273    64   110    52   162 0.88 -
18453at50557_411798_0:002eea|STRG.8604.2:621-2753|+    -            711 8717at50557          -           1025   1.3e-13   48.6   8.7   2   3   8.5e-13   7.5e-11   39.5   0.1   607   746   221   365   212   371 0.78 -
18453at50557_411798_0:002eea|STRG.8604.2:621-2753|+    -            711 8717at50557          -           1025   1.3e-13   48.6   8.7   3   3     0.061       5.4    3.5   0.0   747   779   398   431   393   448 0.86 -
18453at50557_411798_0:002eea|STRG.8604.3:624-2756|+    -            711 8717at50557          -           1025   1.3e-13   48.6   8.7   1   3   0.00089     0.079    9.6   0.0   226   273    64   110    52   162 0.88 -
18453at50557_411798_0:002eea|STRG.8604.3:624-2756|+    -            711 8717at50557          -           1025   1.3e-13   48.6   8.7   2   3   8.5e-13   7.5e-11   39.5   0.1   607   746   221   365   212   371 0.78 -
18453at50557_411798_0:002eea|STRG.8604.3:624-2756|+    -            711 8717at50557          -           1025   1.3e-13   48.6   8.7   3   3     0.061       5.4    3.5   0.0   747   779   398   431   393   448 0.86 -
18453at50557_411798_0:002eea|STRG.8604.4:413-2545|+    -            711 8717at50557          -           1025   1.3e-13   48.6   8.7   1   3   0.00089     0.079    9.6   0.0   226   273    64   110    52   162 0.88 -
18453at50557_411798_0:002eea|STRG.8604.4:413-2545|+    -            711 8717at50557          -           1025   1.3e-13   48.6   8.7   2   3   8.5e-13   7.5e-11   39.5   0.1   607   746   221   365   212   371 0.78 -
18453at50557_411798_0:002eea|STRG.8604.4:413-2545|+    -            711 8717at50557          -           1025   1.3e-13   48.6   8.7   3   3     0.061       5.4    3.5   0.0   747   779   398   431   393   448 0.86 -
18453at50557_144034_0:000e71|STRG.8604.5:512-2800|+    -            763 8717at50557          -           1025   2.5e-13   47.7   9.2   1   3   0.00098     0.086    9.5   0.0   226   273   116   162   104   214 0.88 -
18453at50557_144034_0:000e71|STRG.8604.5:512-2800|+    -            763 8717at50557          -           1025   2.5e-13   47.7   9.2   2   3   9.5e-13   8.3e-11   39.3   0.1   607   746   273   417   264   423 0.78 -
18453at50557_144034_0:000e71|STRG.8604.5:512-2800|+    -            763 8717at50557          -           1025   2.5e-13   47.7   9.2   3   3     0.066       5.8    3.4   0.0   747   779   450   483   445   500 0.86 -
37657at50557_76194_0:0021a4|STRG.8606.1:671-946|+      -             92 8717at50557          -           1025   1.8e-11   41.5   0.0   1   1   2.4e-13   2.1e-11   41.3   0.0   359   413    38    92    33    92 0.96 -
102616at50557_197043_0:0010e9|STRG.8265.3:335-580|+    -             82 8717at50557          -           1025     2e-10   38.1   0.0   1   1   2.6e-12   2.3e-10   37.9   0.0   342   406     7    73     2    81 0.87 -
102616at50557_217634_0:0021fe|STRG.8265.1:127-654|+    -            176 8717at50557          -           1025   3.1e-10   37.4   0.0   1   1   3.9e-12   3.5e-10   37.3   0.0   330   406    91   167    54   175 0.84 -
102616at50557_217634_0:0021fe|STRG.8265.2:252-779|+    -            176 8717at50557          -           1025   3.1e-10   37.4   0.0   1   1   3.9e-12   3.5e-10   37.3   0.0   330   406    91   167    54   175 0.84 -
37657at50557_76194_0:0021a4|STRG.16496.1:1410-1679|+   -             90 8717at50557          -           1025   6.1e-09   33.2   0.0   1   1   7.3e-11   6.5e-09   33.1   0.0   337   408     3    73     1    84 0.85 -
37657at50557_76194_0:0021a4|STRG.16496.2:2773-3042|+   -             90 8717at50557          -           1025   6.1e-09   33.2   0.0   1   1   7.3e-11   6.5e-09   33.1   0.0   337   408     3    73     1    84 0.85 -
37657at50557_76194_0:0021a4|STRG.16496.5:1366-1635|+   -             90 8717at50557          -           1025   6.1e-09   33.2   0.0   1   1   7.3e-11   6.5e-09   33.1   0.0   337   408     3    73     1    84 0.85 -
37657at50557_76194_0:0021a4|STRG.16496.6:760-1029|+    -             90 8717at50557          -           1025   6.1e-09   33.2   0.0   1   1   7.3e-11   6.5e-09   33.1   0.0   337   408     3    73     1    84 0.85 -
37657at50557_76194_0:0021a4|STRG.16496.7:803-1072|+    -             90 8717at50557          -           1025   6.1e-09   33.2   0.0   1   1   7.3e-11   6.5e-09   33.1   0.0   337   408     3    73     1    84 0.85 -
37657at50557_76194_0:0021a4|STRG.16496.8:803-1072|+    -             90 8717at50557          -           1025   6.1e-09   33.2   0.0   1   1   7.3e-11   6.5e-09   33.1   0.0   337   408     3    73     1    84 0.85 -
37657at50557_76194_0:0021a4|STRG.16496.9:506-775|+     -             90 8717at50557          -           1025   6.1e-09   33.2   0.0   1   1   7.3e-11   6.5e-09   33.1   0.0   337   408     3    73     1    84 0.85 -
132744at50557_103372_0:0003f0|STRG.12669.1:289-660|+   -            124 8717at50557          -           1025   3.4e-07   27.4   0.0   1   1   4.9e-09   4.3e-07   27.0   0.0   355   408    58   111    50   119 0.90 -
37657at50557_76194_0:0021a4|STRG.7127.1:3818-4054|+    -             79 8717at50557          -           1025     1e-06   25.8   0.0   1   1   1.2e-08   1.1e-06   25.7   0.0   339   405     3    70     1    76 0.83 -
37657at50557_76194_0:0021a4|STRG.7127.2:3818-4054|+    -             79 8717at50557          -           1025     1e-06   25.8   0.0   1   1   1.2e-08   1.1e-06   25.7   0.0   339   405     3    70     1    76 0.83 -
110125at50557_52612_0:003d2a|STRG.15549.1:4730-5098|+  -            123 8717at50557          -           1025   1.2e-06   25.5   0.0   1   1   1.5e-08   1.3e-06   25.4   0.0   346   427    19   100     9   115 0.84 -
110125at50557_52612_0:003d2a|STRG.15549.2:4640-5008|+  -            123 8717at50557          -           1025   1.2e-06   25.5   0.0   1   1   1.5e-08   1.3e-06   25.4   0.0   346   427    19   100     9   115 0.84 -
10394at50557_38123_0:002dad|STRG.12099.1:2466-2846|+   -            127 8717at50557          -           1025   2.9e-06   24.3   0.1   1   2     0.002      0.17    8.5   0.0   377   426     1    53     1    73 0.81 -
10394at50557_38123_0:002dad|STRG.12099.1:2466-2846|+   -            127 8717at50557          -           1025   2.9e-06   24.3   0.1   2   2   3.3e-05    0.0029   14.4   0.0   358   404    80   127    75   127 0.90 -
10394at50557_38123_0:002dad|STRG.12099.2:2739-3119|+   -            127 8717at50557          -           1025   2.9e-06   24.3   0.1   1   2     0.002      0.17    8.5   0.0   377   426     1    53     1    73 0.81 -
10394at50557_38123_0:002dad|STRG.12099.2:2739-3119|+   -            127 8717at50557          -           1025   2.9e-06   24.3   0.1   2   2   3.3e-05    0.0029   14.4   0.0   358   404    80   127    75   127 0.90 -
10394at50557_38123_0:002dad|STRG.12099.3:2739-3119|+   -            127 8717at50557          -           1025   2.9e-06   24.3   0.1   1   2     0.002      0.17    8.5   0.0   377   426     1    53     1    73 0.81 -
10394at50557_38123_0:002dad|STRG.12099.3:2739-3119|+   -            127 8717at50557          -           1025   2.9e-06   24.3   0.1   2   2   3.3e-05    0.0029   14.4   0.0   358   404    80   127    75   127 0.90 -
10394at50557_38123_0:002dad|STRG.12099.4:2739-3119|+   -            127 8717at50557          -           1025   2.9e-06   24.3   0.1   1   2     0.002      0.17    8.5   0.0   377   426     1    53     1    73 0.81 -
10394at50557_38123_0:002dad|STRG.12099.4:2739-3119|+   -            127 8717at50557          -           1025   2.9e-06   24.3   0.1   2   2   3.3e-05    0.0029   14.4   0.0   358   404    80   127    75   127 0.90 -
10394at50557_38123_0:002dad|STRG.12099.5:2628-3008|+   -            127 8717at50557          -           1025   2.9e-06   24.3   0.1   1   2     0.002      0.17    8.5   0.0   377   426     1    53     1    73 0.81 -
10394at50557_38123_0:002dad|STRG.12099.5:2628-3008|+   -            127 8717at50557          -           1025   2.9e-06   24.3   0.1   2   2   3.3e-05    0.0029   14.4   0.0   358   404    80   127    75   127 0.90 -
132744at50557_108931_0:001550|STRG.314.1:2901-3179|+   -             93 8717at50557          -           1025     3e-06   24.3   0.0   1   1   3.7e-08   3.3e-06   24.1   0.0   341   408    17    85     8    92 0.84 -
132744at50557_108931_0:001550|STRG.314.3:2836-3114|+   -             93 8717at50557          -           1025     3e-06   24.3   0.0   1   1   3.7e-08   3.3e-06   24.1   0.0   341   408    17    85     8    92 0.84 -
10394at50557_38123_0:002dad|STRG.12099.10:2628-3038|+  -            137 8717at50557          -           1025   7.3e-06   23.0   0.2   1   2    0.0046      0.41    7.2   0.0   377   415     1    40     1    71 0.87 -
10394at50557_38123_0:002dad|STRG.12099.10:2628-3038|+  -            137 8717at50557          -           1025   7.3e-06   23.0   0.2   2   2   2.8e-05    0.0024   14.6   0.1   358   404    90   137    60   137 0.89 -
10394at50557_38123_0:002dad|STRG.12099.6:2739-3149|+   -            137 8717at50557          -           1025   7.3e-06   23.0   0.2   1   2    0.0046      0.41    7.2   0.0   377   415     1    40     1    71 0.87 -
10394at50557_38123_0:002dad|STRG.12099.6:2739-3149|+   -            137 8717at50557          -           1025   7.3e-06   23.0   0.2   2   2   2.8e-05    0.0024   14.6   0.1   358   404    90   137    60   137 0.89 -
10394at50557_38123_0:002dad|STRG.12099.7:2628-3038|+   -            137 8717at50557          -           1025   7.3e-06   23.0   0.2   1   2    0.0046      0.41    7.2   0.0   377   415     1    40     1    71 0.87 -
10394at50557_38123_0:002dad|STRG.12099.7:2628-3038|+   -            137 8717at50557          -           1025   7.3e-06   23.0   0.2   2   2   2.8e-05    0.0024   14.6   0.1   358   404    90   137    60   137 0.89 -
10394at50557_38123_0:002dad|STRG.12099.8:2628-3038|+   -            137 8717at50557          -           1025   7.3e-06   23.0   0.2   1   2    0.0046      0.41    7.2   0.0   377   415     1    40     1    71 0.87 -
10394at50557_38123_0:002dad|STRG.12099.8:2628-3038|+   -            137 8717at50557          -           1025   7.3e-06   23.0   0.2   2   2   2.8e-05    0.0024   14.6   0.1   358   404    90   137    60   137 0.89 -
10394at50557_38123_0:002dad|STRG.12099.9:2628-3038|+   -            137 8717at50557          -           1025   7.3e-06   23.0   0.2   1   2    0.0046      0.41    7.2   0.0   377   415     1    40     1    71 0.87 -
10394at50557_38123_0:002dad|STRG.12099.9:2628-3038|+   -            137 8717at50557          -           1025   7.3e-06   23.0   0.2   2   2   2.8e-05    0.0024   14.6   0.1   358   404    90   137    60   137 0.89 -
110125at50557_74873_0:001c94|STRG.12099.10:1098-1637|+ -            180 8717at50557          -           1025   1.2e-05   22.2   0.2   1   1   2.6e-07   2.3e-05   21.3   0.0   360   409     1    50     1    62 0.92 -
110125at50557_74873_0:001c94|STRG.12099.1:1209-1748|+  -            180 8717at50557          -           1025   1.2e-05   22.2   0.2   1   1   2.6e-07   2.3e-05   21.3   0.0   360   409     1    50     1    62 0.92 -
110125at50557_74873_0:001c94|STRG.12099.2:1209-1748|+  -            180 8717at50557          -           1025   1.2e-05   22.2   0.2   1   1   2.6e-07   2.3e-05   21.3   0.0   360   409     1    50     1    62 0.92 -
110125at50557_74873_0:001c94|STRG.12099.3:1209-1748|+  -            180 8717at50557          -           1025   1.2e-05   22.2   0.2   1   1   2.6e-07   2.3e-05   21.3   0.0   360   409     1    50     1    62 0.92 -
110125at50557_74873_0:001c94|STRG.12099.4:1209-1748|+  -            180 8717at50557          -           1025   1.2e-05   22.2   0.2   1   1   2.6e-07   2.3e-05   21.3   0.0   360   409     1    50     1    62 0.92 -
110125at50557_74873_0:001c94|STRG.12099.5:1098-1637|+  -            180 8717at50557          -           1025   1.2e-05   22.2   0.2   1   1   2.6e-07   2.3e-05   21.3   0.0   360   409     1    50     1    62 0.92 -
110125at50557_74873_0:001c94|STRG.12099.6:1209-1748|+  -            180 8717at50557          -           1025   1.2e-05   22.2   0.2   1   1   2.6e-07   2.3e-05   21.3   0.0   360   409     1    50     1    62 0.92 -
110125at50557_74873_0:001c94|STRG.12099.7:1098-1637|+  -            180 8717at50557          -           1025   1.2e-05   22.2   0.2   1   1   2.6e-07   2.3e-05   21.3   0.0   360   409     1    50     1    62 0.92 -
110125at50557_74873_0:001c94|STRG.12099.8:1098-1637|+  -            180 8717at50557          -           1025   1.2e-05   22.2   0.2   1   1   2.6e-07   2.3e-05   21.3   0.0   360   409     1    50     1    62 0.92 -
110125at50557_74873_0:001c94|STRG.12099.9:1098-1637|+  -            180 8717at50557          -           1025   1.2e-05   22.2   0.2   1   1   2.6e-07   2.3e-05   21.3   0.0   360   409     1    50     1    62 0.92 -
26432at50557_132113_0:002b60|STRG.3958.8:314-1618|+    -            435 8717at50557          -           1025   8.9e-05   19.4   0.0   1   1   1.3e-06   0.00011   19.0   0.0   347   414    16    85     2   114 0.84 -
110125at50557_74869_0:002858|STRG.6936.1:2552-2797|+   -             82 8717at50557          -           1025   9.3e-05   19.3   0.0   1   1   1.1e-06   9.3e-05   19.3   0.0   359   405     4    51     1    76 0.82 -
110125at50557_74869_0:002858|STRG.6936.2:2105-2350|+   -             82 8717at50557          -           1025   9.3e-05   19.3   0.0   1   1   1.1e-06   9.3e-05   19.3   0.0   359   405     4    51     1    76 0.82 -
110125at50557_74869_0:002858|STRG.6936.3:1982-2227|+   -             82 8717at50557          -           1025   9.3e-05   19.3   0.0   1   1   1.1e-06   9.3e-05   19.3   0.0   359   405     4    51     1    76 0.82 -
132744at50557_108931_0:001550|STRG.314.2:2901-3194|+   -             98 8717at50557          -           1025   9.5e-05   19.3   0.0   1   1   1.2e-06    0.0001   19.1   0.0   342   408    18    90     8    97 0.80 -
132744at50557_108931_0:001550|STRG.314.4:2763-3056|+   -             98 8717at50557          -           1025   9.5e-05   19.3   0.0   1   1   1.2e-06    0.0001   19.1   0.0   342   408    18    90     8    97 0.80 -
37657at50557_108931_0:003065|STRG.14368.4:147-710|+    -            188 8717at50557          -           1025    0.0001   19.2   0.0   1   1   1.2e-06   0.00011   19.1   0.0   362   417    44   100    30   148 0.84 -
26432at50557_2015173_0:000a04|STRG.3958.7:355-2559|+   -            735 8717at50557          -           1025   0.00018   18.3   0.0   1   1   2.9e-06   0.00025   17.9   0.0   347   414    16    85     2   112 0.84 -
26432at50557_2015173_0:000a04|STRG.3958.2:546-2852|+   -            749 8717at50557          -           1025   0.00019   18.3   0.0   1   1   2.9e-06   0.00026   17.8   0.0   347   414    16    85     2   112 0.84 -
26432at50557_2015173_0:000a04|STRG.3958.6:356-2605|+   -            750 8717at50557          -           1025   0.00019   18.3   0.0   1   1   2.9e-06   0.00026   17.8   0.0   347   414    16    85     2   112 0.84 -
10394at50557_52612_0:0049a4|STRG.13559.3:1968-2930|+   -            321 8717at50557          -           1025   0.00053   16.8   0.0   1   2   0.00011    0.0095   12.6   0.0   357   408    32    84    19   131 0.81 -
10394at50557_52612_0:0049a4|STRG.13559.3:1968-2930|+   -            321 8717at50557          -           1025   0.00053   16.8   0.0   2   2      0.16        14    2.1   0.0   375   405   254   284   231   303 0.82 -
37657at50557_307658_0:001de5|STRG.14368.3:94-1743|+    -            550 8717at50557          -           1025    0.0006   16.6   0.0   1   1   9.1e-06    0.0008   16.2   0.0   362   416   106   161    93   199 0.84 -
110125at50557_103372_0:000b46|STRG.9314.1:251-982|+    -            244 8717at50557          -           1025    0.0006   16.6   0.2   1   2   6.8e-06    0.0006   16.6   0.2   350   405    28    83    13   123 0.87 -
110125at50557_103372_0:000b46|STRG.9314.1:251-982|+    -            244 8717at50557          -           1025    0.0006   16.6   0.2   2   2       1.3   1.1e+02   -0.8   0.3   965  1017   141   197   113   204 0.57 -
132744at50557_319348_0:00228b|STRG.13696.3:480-656|+   -             59 8717at50557          -           1025   0.00072   16.4   0.0   1   1   8.4e-06   0.00074   16.3   0.0   360   414     1    55     1    58 0.83 -
110125at50557_69820_0:0005bb|STRG.553.1:5068-5325|+    -             86 8717at50557          -           1025     0.001   15.9   0.0   1   1   1.2e-05    0.0011   15.8   0.0   348   404    10    71     4    80 0.82 -
110125at50557_69820_0:0005bb|STRG.553.2:4405-4662|+    -             86 8717at50557          -           1025     0.001   15.9   0.0   1   1   1.2e-05    0.0011   15.8   0.0   348   404    10    71     4    80 0.82 -
110125at50557_7539_0:00092e|STRG.13641.1:754-1110|+    -            119 8717at50557          -           1025    0.0017   15.1   0.0   1   1   1.9e-05    0.0017   15.1   0.0   362   407    13    58     2   111 0.82 -
110125at50557_7539_0:00092e|STRG.13641.2:589-945|+     -            119 8717at50557          -           1025    0.0017   15.1   0.0   1   1   1.9e-05    0.0017   15.1   0.0   362   407    13    58     2   111 0.82 -
110125at50557_7539_0:00092e|STRG.13641.3:587-943|+     -            119 8717at50557          -           1025    0.0017   15.1   0.0   1   1   1.9e-05    0.0017   15.1   0.0   362   407    13    58     2   111 0.82 -
110125at50557_7539_0:00092e|STRG.13641.4:75-431|+      -            119 8717at50557          -           1025    0.0017   15.1   0.0   1   1   1.9e-05    0.0017   15.1   0.0   362   407    13    58     2   111 0.82 -
10394at50557_378494_0:004c1b|STRG.13559.1:1505-2320|+  -            272 8717at50557          -           1025    0.0036   14.1   0.4   1   2     0.087       7.7    3.0   0.0   348   413    10    76     5    80 0.82 -
10394at50557_378494_0:004c1b|STRG.13559.1:1505-2320|+  -            272 8717at50557          -           1025    0.0036   14.1   0.4   2   2     0.001     0.089    9.4   0.1   356   404   223   272   210   272 0.86 -
10394at50557_378494_0:004c1b|STRG.13559.2:1392-2207|+  -            272 8717at50557          -           1025    0.0036   14.1   0.4   1   2     0.087       7.7    3.0   0.0   348   413    10    76     5    80 0.82 -
10394at50557_378494_0:004c1b|STRG.13559.2:1392-2207|+  -            272 8717at50557          -           1025    0.0036   14.1   0.4   2   2     0.001     0.089    9.4   0.1   356   404   223   272   210   272 0.86 -
10394at50557_378494_0:004c1b|STRG.13559.4:1392-2207|+  -            272 8717at50557          -           1025    0.0036   14.1   0.4   1   2     0.087       7.7    3.0   0.0   348   413    10    76     5    80 0.82 -
10394at50557_378494_0:004c1b|STRG.13559.4:1392-2207|+  -            272 8717at50557          -           1025    0.0036   14.1   0.4   2   2     0.001     0.089    9.4   0.1   356   404   223   272   210   272 0.86 -
10394at50557_378494_0:004c1b|STRG.13559.5:1505-2320|+  -            272 8717at50557          -           1025    0.0036   14.1   0.4   1   2     0.087       7.7    3.0   0.0   348   413    10    76     5    80 0.82 -
10394at50557_378494_0:004c1b|STRG.13559.5:1505-2320|+  -            272 8717at50557          -           1025    0.0036   14.1   0.4   2   2     0.001     0.089    9.4   0.1   356   404   223   272   210   272 0.86 -
10394at50557_7536_0:0020dc|STRG.16496.3:825-1337|+     -            171 8717at50557          -           1025    0.0047   13.7   0.2   1   2    0.0012       0.1    9.2   0.0   348   405    11    75     2    86 0.79 -
10394at50557_7536_0:0020dc|STRG.16496.3:825-1337|+     -            171 8717at50557          -           1025    0.0047   13.7   0.2   2   2       0.1       9.2    2.8   0.3   345   403   101   170    78   171 0.74 -
10394at50557_7536_0:0020dc|STRG.16496.4:224-736|+      -            171 8717at50557          -           1025    0.0047   13.7   0.2   1   2    0.0012       0.1    9.2   0.0   348   405    11    75     2    86 0.79 -
10394at50557_7536_0:0020dc|STRG.16496.4:224-736|+      -            171 8717at50557          -           1025    0.0047   13.7   0.2   2   2       0.1       9.2    2.8   0.3   345   403   101   170    78   171 0.74 -
37657at50557_76194_0:0021a4|STRG.12917.1:2668-2970|+   -            101 8717at50557          -           1025    0.0077   12.9   0.0   1   1   9.7e-05    0.0085   12.8   0.0   362   410    47    95    40   101 0.89 -
37657at50557_76194_0:0021a4|STRG.12917.2:1374-1676|+   -            101 8717at50557          -           1025    0.0077   12.9   0.0   1   1   9.7e-05    0.0085   12.8   0.0   362   410    47    95    40   101 0.89 -
37657at50557_76194_0:0021a4|STRG.12917.3:1054-1356|+   -            101 8717at50557          -           1025    0.0077   12.9   0.0   1   1   9.7e-05    0.0085   12.8   0.0   362   410    47    95    40   101 0.89 -
37657at50557_76194_0:0021a4|STRG.12917.4:2220-2522|+   -            101 8717at50557          -           1025    0.0077   12.9   0.0   1   1   9.7e-05    0.0085   12.8   0.0   362   410    47    95    40   101 0.89 -
37657at50557_76194_0:0021a4|STRG.12917.5:2430-2732|+   -            101 8717at50557          -           1025    0.0077   12.9   0.0   1   1   9.7e-05    0.0085   12.8   0.0   362   410    47    95    40   101 0.89 -
37657at50557_76194_0:0021a4|STRG.12917.6:1452-1754|+   -            101 8717at50557          -           1025    0.0077   12.9   0.0   1   1   9.7e-05    0.0085   12.8   0.0   362   410    47    95    40   101 0.89 -
37657at50557_76194_0:0021a4|STRG.12917.7:1459-1761|+   -            101 8717at50557          -           1025    0.0077   12.9   0.0   1   1   9.7e-05    0.0085   12.8   0.0   362   410    47    95    40   101 0.89 -
110125at50557_7539_0:00092e|STRG.7127.1:3518-3781|+    -             88 8717at50557          -           1025     0.023   11.4   0.0   1   1   0.00028     0.025   11.3   0.0   349   408     4    64     1    74 0.90 -
110125at50557_7539_0:00092e|STRG.7127.2:3518-3781|+    -             88 8717at50557          -           1025     0.023   11.4   0.0   1   1   0.00028     0.025   11.3   0.0   349   408     4    64     1    74 0.90 -
10394at50557_7536_0:0020dc|STRG.3448.1:1777-2364|+     -            196 8717at50557          -           1025     0.024   11.3   0.0   1   2    0.0017      0.15    8.6   0.0   336   406     6    75     3    84 0.87 -
10394at50557_7536_0:0020dc|STRG.3448.1:1777-2364|+     -            196 8717at50557          -           1025     0.024   11.3   0.0   2   2      0.51        45    0.5   0.0   363   404   154   195   142   196 0.83 -
10394at50557_7536_0:0020dc|STRG.3448.2:1409-1996|+     -            196 8717at50557          -           1025     0.024   11.3   0.0   1   2    0.0017      0.15    8.6   0.0   336   406     6    75     3    84 0.87 -
10394at50557_7536_0:0020dc|STRG.3448.2:1409-1996|+     -            196 8717at50557          -           1025     0.024   11.3   0.0   2   2      0.51        45    0.5   0.0   363   404   154   195   142   196 0.83 -
10394at50557_7536_0:0020dc|STRG.3448.3:3783-4370|+     -            196 8717at50557          -           1025     0.024   11.3   0.0   1   2    0.0017      0.15    8.6   0.0   336   406     6    75     3    84 0.87 -
10394at50557_7536_0:0020dc|STRG.3448.3:3783-4370|+     -            196 8717at50557          -           1025     0.024   11.3   0.0   2   2      0.51        45    0.5   0.0   363   404   154   195   142   196 0.83 -
10394at50557_7536_0:0020dc|STRG.3448.4:3783-4370|+     -            196 8717at50557          -           1025     0.024   11.3   0.0   1   2    0.0017      0.15    8.6   0.0   336   406     6    75     3    84 0.87 -
10394at50557_7536_0:0020dc|STRG.3448.4:3783-4370|+     -            196 8717at50557          -           1025     0.024   11.3   0.0   2   2      0.51        45    0.5   0.0   363   404   154   195   142   196 0.83 -
37657at50557_76194_0:0021a4|STRG.12866.1:1674-1970|+   -             99 8717at50557          -           1025     0.039   10.6   0.0   1   1   0.00045      0.04   10.6   0.0   371   414    56    98    36    99 0.87 -
37657at50557_76194_0:0021a4|STRG.12866.2:1798-2094|+   -             99 8717at50557          -           1025     0.039   10.6   0.0   1   1   0.00045      0.04   10.6   0.0   371   414    56    98    36    99 0.87 -
37657at50557_76194_0:0021a4|STRG.12866.3:1528-1824|+   -             99 8717at50557          -           1025     0.039   10.6   0.0   1   1   0.00045      0.04   10.6   0.0   371   414    56    98    36    99 0.87 -
37657at50557_76194_0:0021a4|STRG.12866.4:1045-1341|+   -             99 8717at50557          -           1025     0.039   10.6   0.0   1   1   0.00045      0.04   10.6   0.0   371   414    56    98    36    99 0.87 -
26432at50557_2015173_0:000a04|STRG.3958.9:2-1801|+     -            600 8717at50557          -           1025      0.16    8.6   0.0   1   1    0.0023       0.2    8.2   0.0   366   414     1    50     1    78 0.86 -
#
# Program:         hmmsearch
# Version:         3.4 (Aug 2023)
# Pipeline mode:   SEARCH
# Query file:      /data/projet1/projet_tutore/busco_downloads/lineages/insecta_odb10/hmms/8717at50557.hmm
# Target file:     annotation_analysis/annotation_gcf/T_zeteki/busco_output/run_insecta_odb10/metaeuk_output/initial_results/assembled_transcripts.fasta.modified.fas
# Option settings: hmmsearch --domtblout annotation_analysis/annotation_gcf/T_zeteki/busco_output/run_insecta_odb10/hmmer_output/initial_run_results/8717at50557.out --cpu 1 /data/projet1/projet_tutore/busco_downloads/lineages/insecta_odb10/hmms/8717at50557.hmm annotation_analysis/annotation_gcf/T_zeteki/busco_output/run_insecta_odb10/metaeuk_output/initial_results/assembled_transcripts.fasta.modified.fas 
# Current dir:     /data/projet1/projet_tutore
# Date:            Sun Dec  1 20:31:09 2024
# [ok]
