#                                                                                                         --- full sequence --- -------------- this domain -------------   hmm coord   ali coord   env coord
# target name                                     accession   tlen query name           accession   qlen   E-value  score  bias   #  of  c-Evalue  i-Evalue  score  bias  from    to  from    to  from    to  acc description of target
#                             ------------------- ---------- ----- -------------------- ---------- ----- --------- ------ ----- --- --- --------- --------- ------ ----- ----- ----- ----- ----- ----- ----- ---- ---------------------
94377at50557_34720_0:0003ae|STRG.349.2:762-2117|+ -            452 94377at50557         -            250  2.5e-100  334.1  15.9   1   3   8.6e-06     0.025   13.0   0.0     1    31     1    30     1    34 0.93 -
94377at50557_34720_0:0003ae|STRG.349.2:762-2117|+ -            452 94377at50557         -            250  2.5e-100  334.1  15.9   2   3   2.9e-71   8.6e-68  227.5   2.5     8   141   100   231    94   264 0.83 -
94377at50557_34720_0:0003ae|STRG.349.2:762-2117|+ -            452 94377at50557         -            250  2.5e-100  334.1  15.9   3   3   7.6e-31   2.2e-27   95.1   3.2   142   249   285   421   277   422 0.77 -
94377at50557_34720_0:0003ae|STRG.349.1:277-1695|+ -            473 94377at50557         -            250   2.3e-99  330.9  21.8   1   3   9.1e-06     0.027   13.0   0.0     1    31     1    30     1    34 0.93 -
94377at50557_34720_0:0003ae|STRG.349.1:277-1695|+ -            473 94377at50557         -            250   2.3e-99  330.9  21.8   2   3   4.2e-71   1.2e-67  227.0   5.3    14   141   127   252   109   281 0.83 -
94377at50557_34720_0:0003ae|STRG.349.1:277-1695|+ -            473 94377at50557         -            250   2.3e-99  330.9  21.8   3   3   7.2e-31   2.1e-27   95.2   3.0   142   249   306   442   298   443 0.77 -
94377at50557_34720_0:0003ae|STRG.349.3:314-1732|+ -            473 94377at50557         -            250   2.3e-99  330.9  21.8   1   3   9.1e-06     0.027   13.0   0.0     1    31     1    30     1    34 0.93 -
94377at50557_34720_0:0003ae|STRG.349.3:314-1732|+ -            473 94377at50557         -            250   2.3e-99  330.9  21.8   2   3   4.2e-71   1.2e-67  227.0   5.3    14   141   127   252   109   281 0.83 -
94377at50557_34720_0:0003ae|STRG.349.3:314-1732|+ -            473 94377at50557         -            250   2.3e-99  330.9  21.8   3   3   7.2e-31   2.1e-27   95.2   3.0   142   249   306   442   298   443 0.77 -
#
# Program:         hmmsearch
# Version:         3.4 (Aug 2023)
# Pipeline mode:   SEARCH
# Query file:      /data/projet1/projet_tutore/busco_downloads/lineages/insecta_odb10/hmms/94377at50557.hmm
# Target file:     annotation_analysis/annotation_gcf/T_zeteki/busco_output/run_insecta_odb10/metaeuk_output/initial_results/assembled_transcripts.fasta.modified.fas
# Option settings: hmmsearch --domtblout annotation_analysis/annotation_gcf/T_zeteki/busco_output/run_insecta_odb10/hmmer_output/initial_run_results/94377at50557.out --cpu 1 /data/projet1/projet_tutore/busco_downloads/lineages/insecta_odb10/hmms/94377at50557.hmm annotation_analysis/annotation_gcf/T_zeteki/busco_output/run_insecta_odb10/metaeuk_output/initial_results/assembled_transcripts.fasta.modified.fas 
# Current dir:     /data/projet1/projet_tutore
# Date:            Sun Dec  1 20:31:32 2024
# [ok]
