#                                                                                                           --- full sequence --- -------------- this domain -------------   hmm coord   ali coord   env coord
# target name                                       accession   tlen query name           accession   qlen   E-value  score  bias   #  of  c-Evalue  i-Evalue  score  bias  from    to  from    to  from    to  acc description of target
#                               ------------------- ---------- ----- -------------------- ---------- ----- --------- ------ ----- --- --- --------- --------- ------ ----- ----- ----- ----- ----- ----- ----- ---- ---------------------
95945at50557_34720_0:001d25|STRG.5494.1:161-1231|+  -            357 95945at50557         -            277    2e-135  449.2   0.0   1   1    6e-138  3.3e-135  448.5   0.0     1   273    45   343    45   348 0.94 -
95945at50557_34720_0:001d25|STRG.5494.3:191-1198|+  -            336 95945at50557         -            277  2.4e-135  448.9   0.0   1   1  7.1e-138  3.9e-135  448.2   0.0     1   272    36   333    36   336 0.94 -
95945at50557_34720_0:001d25|STRG.5494.2:253-1372|+  -            345 95945at50557         -            277  2.7e-135  448.8   0.0   1   1  7.8e-138  4.3e-135  448.1   0.0     1   272    45   342    45   345 0.94 -
95945at50557_88501_0:002892|STRG.5494.4:670-1089|+  -            140 95945at50557         -            277   2.4e-62  209.5   0.0   1   1     5e-65   2.8e-62  209.3   0.0   145   273     1   138     1   140 0.96 -
95945at50557_34720_0:001d25|STRG.5494.4:99-668|+    -            190 95945at50557         -            277   1.2e-61  207.1   0.8   1   1   4.2e-64   2.3e-61  206.2   0.8     1   138    36   190    36   190 0.92 -
104262at50557_7167_0:001a16|STRG.9037.1:1280-2077|+ -            266 95945at50557         -            277   3.8e-07   28.4   0.3   1   1   3.5e-09   1.9e-06   26.1   0.3    92   135    98   141    25   150 0.85 -
104262at50557_7167_0:001a16|STRG.9048.1:297-1118|+  -            274 95945at50557         -            277     1e-05   23.8   0.0   1   1   2.7e-08   1.5e-05   23.2   0.0    39   177    45   194    33   207 0.69 -
104262at50557_7167_0:001a16|STRG.3375.1:115-903|+   -            263 95945at50557         -            277   0.00034   18.7   0.0   1   1     9e-07   0.00049   18.2   0.0    91   133    90   132    65   143 0.83 -
104262at50557_7167_0:001a16|STRG.5728.1:173-988|+   -            272 95945at50557         -            277    0.0065   14.5   0.0   1   1   1.5e-05     0.008   14.2   0.0    92   160   103   170    28   203 0.78 -
104262at50557_7167_0:001a16|STRG.5728.2:419-1234|+  -            272 95945at50557         -            277    0.0065   14.5   0.0   1   1   1.5e-05     0.008   14.2   0.0    92   160   103   170    28   203 0.78 -
104262at50557_7167_0:001a16|STRG.5728.3:163-978|+   -            272 95945at50557         -            277    0.0065   14.5   0.0   1   1   1.5e-05     0.008   14.2   0.0    92   160   103   170    28   203 0.78 -
104262at50557_7167_0:001a16|STRG.5728.4:157-972|+   -            272 95945at50557         -            277    0.0065   14.5   0.0   1   1   1.5e-05     0.008   14.2   0.0    92   160   103   170    28   203 0.78 -
104262at50557_7167_0:001a16|STRG.5728.5:652-1467|+  -            272 95945at50557         -            277    0.0065   14.5   0.0   1   1   1.5e-05     0.008   14.2   0.0    92   160   103   170    28   203 0.78 -
104262at50557_7167_0:001a16|STRG.5728.6:40-855|+    -            272 95945at50557         -            277    0.0065   14.5   0.0   1   1   1.5e-05     0.008   14.2   0.0    92   160   103   170    28   203 0.78 -
104262at50557_7167_0:001a16|STRG.5728.7:372-1187|+  -            272 95945at50557         -            277    0.0065   14.5   0.0   1   1   1.5e-05     0.008   14.2   0.0    92   160   103   170    28   203 0.78 -
104262at50557_7167_0:001a16|STRG.5728.8:147-962|+   -            272 95945at50557         -            277    0.0065   14.5   0.0   1   1   1.5e-05     0.008   14.2   0.0    92   160   103   170    28   203 0.78 -
#
# Program:         hmmsearch
# Version:         3.4 (Aug 2023)
# Pipeline mode:   SEARCH
# Query file:      /data/projet1/projet_tutore/busco_downloads/lineages/insecta_odb10/hmms/95945at50557.hmm
# Target file:     annotation_analysis/annotation_gcf/T_zeteki/busco_output/run_insecta_odb10/metaeuk_output/initial_results/assembled_transcripts.fasta.modified.fas
# Option settings: hmmsearch --domtblout annotation_analysis/annotation_gcf/T_zeteki/busco_output/run_insecta_odb10/hmmer_output/initial_run_results/95945at50557.out --cpu 1 /data/projet1/projet_tutore/busco_downloads/lineages/insecta_odb10/hmms/95945at50557.hmm annotation_analysis/annotation_gcf/T_zeteki/busco_output/run_insecta_odb10/metaeuk_output/initial_results/assembled_transcripts.fasta.modified.fas 
# Current dir:     /data/projet1/projet_tutore
# Date:            Sun Dec  1 20:31:35 2024
# [ok]
