#                                                                                                            --- full sequence --- -------------- this domain -------------   hmm coord   ali coord   env coord
# target name                                        accession   tlen query name           accession   qlen   E-value  score  bias   #  of  c-Evalue  i-Evalue  score  bias  from    to  from    to  from    to  acc description of target
#                                ------------------- ---------- ----- -------------------- ---------- ----- --------- ------ ----- --- --- --------- --------- ------ ----- ----- ----- ----- ----- ----- ----- ---- ---------------------
96211at50557_64793_0:002fbb|STRG.10559.1:223-1086|+  -            288 96211at50557         -            195   1.1e-72  242.5  12.0   1   2     1e-06   0.00048   18.5   0.5     1    22     5    29     5    44 0.83 -
96211at50557_64793_0:002fbb|STRG.10559.1:223-1086|+  -            288 96211at50557         -            195   1.1e-72  242.5  12.0   2   2     2e-70   9.1e-68  226.5   5.2    18   195    58   270    48   270 0.87 -
96211at50557_64793_0:002fbb|STRG.10559.2:240-1103|+  -            288 96211at50557         -            195   1.1e-72  242.5  12.0   1   2     1e-06   0.00048   18.5   0.5     1    22     5    29     5    44 0.83 -
96211at50557_64793_0:002fbb|STRG.10559.2:240-1103|+  -            288 96211at50557         -            195   1.1e-72  242.5  12.0   2   2     2e-70   9.1e-68  226.5   5.2    18   195    58   270    48   270 0.87 -
96211at50557_64793_0:002fbb|STRG.10559.3:26-889|+    -            288 96211at50557         -            195   1.1e-72  242.5  12.0   1   2     1e-06   0.00048   18.5   0.5     1    22     5    29     5    44 0.83 -
96211at50557_64793_0:002fbb|STRG.10559.3:26-889|+    -            288 96211at50557         -            195   1.1e-72  242.5  12.0   2   2     2e-70   9.1e-68  226.5   5.2    18   195    58   270    48   270 0.87 -
96211at50557_64793_0:002fbb|STRG.10559.4:638-1294|+  -            219 96211at50557         -            195     2e-48  163.4  10.8   1   2   6.8e-07   0.00032   19.1   0.5     1    22     5    29     5    45 0.83 -
96211at50557_64793_0:002fbb|STRG.10559.4:638-1294|+  -            219 96211at50557         -            195     2e-48  163.4  10.8   2   2   6.8e-46   3.1e-43  146.4   4.1    18   147    58   219    48   219 0.83 -
4137at50557_34720_0:000597|STRG.11042.4:8-5230|+     -           1741 96211at50557         -            195   2.1e-11   42.5   9.6   1  12     0.032        15    3.9   0.0   101   164    95   165    79   184 0.72 -
4137at50557_34720_0:000597|STRG.11042.4:8-5230|+     -           1741 96211at50557         -            195   2.1e-11   42.5   9.6   2  12      0.14        65    1.8   0.0   135   186   256   303   234   309 0.76 -
4137at50557_34720_0:000597|STRG.11042.4:8-5230|+     -           1741 96211at50557         -            195   2.1e-11   42.5   9.6   3  12      0.49   2.3e+02    0.0   0.0   134   164   364   393   349   398 0.85 -
4137at50557_34720_0:000597|STRG.11042.4:8-5230|+     -           1741 96211at50557         -            195   2.1e-11   42.5   9.6   4  12     0.073        34    2.7   0.0    95   163   423   498   401   506 0.66 -
4137at50557_34720_0:000597|STRG.11042.4:8-5230|+     -           1741 96211at50557         -            195   2.1e-11   42.5   9.6   5  12       1.3   6.2e+02   -1.4   0.0    90   160   523   600   503   604 0.62 -
4137at50557_34720_0:000597|STRG.11042.4:8-5230|+     -           1741 96211at50557         -            195   2.1e-11   42.5   9.6   6  12       5.1   2.4e+03   -3.3   0.0   101   137   668   705   663   707 0.76 -
4137at50557_34720_0:000597|STRG.11042.4:8-5230|+     -           1741 96211at50557         -            195   2.1e-11   42.5   9.6   7  12    0.0016      0.76    8.1   0.0    96   163   849   923   823   938 0.67 -
4137at50557_34720_0:000597|STRG.11042.4:8-5230|+     -           1741 96211at50557         -            195   2.1e-11   42.5   9.6   8  12      0.81   3.8e+02   -0.7   0.0   121   164   980  1031   932  1047 0.70 -
4137at50557_34720_0:000597|STRG.11042.4:8-5230|+     -           1741 96211at50557         -            195   2.1e-11   42.5   9.6   9  12    0.0001     0.046   12.1   0.0    72   163  1148  1243  1134  1254 0.69 -
4137at50557_34720_0:000597|STRG.11042.4:8-5230|+     -           1741 96211at50557         -            195   2.1e-11   42.5   9.6  10  12     0.048        22    3.3   0.0   134   164  1428  1458  1362  1480 0.73 -
4137at50557_34720_0:000597|STRG.11042.4:8-5230|+     -           1741 96211at50557         -            195   2.1e-11   42.5   9.6  11  12      0.21        96    1.2   0.0    87   163  1482  1565  1460  1571 0.68 -
4137at50557_34720_0:000597|STRG.11042.4:8-5230|+     -           1741 96211at50557         -            195   2.1e-11   42.5   9.6  12  12      0.52   2.4e+02   -0.1   0.0    77   161  1580  1671  1566  1674 0.74 -
4137at50557_34720_0:000597|STRG.11042.1:8-5302|+     -           1765 96211at50557         -            195   2.6e-11   42.2  13.3   1  12     0.036        17    3.7   0.0   101   164    95   165    79   176 0.72 -
4137at50557_34720_0:000597|STRG.11042.1:8-5302|+     -           1765 96211at50557         -            195   2.6e-11   42.2  13.3   2  12    0.0086         4    5.8   0.0    73   164   178   273   170   296 0.67 -
4137at50557_34720_0:000597|STRG.11042.1:8-5302|+     -           1765 96211at50557         -            195   2.6e-11   42.2  13.3   3  12      0.43     2e+02    0.2   0.0   134   164   352   381   336   402 0.87 -
4137at50557_34720_0:000597|STRG.11042.1:8-5302|+     -           1765 96211at50557         -            195   2.6e-11   42.2  13.3   4  12     0.069        32    2.8   0.0    95   163   411   486   386   495 0.66 -
4137at50557_34720_0:000597|STRG.11042.1:8-5302|+     -           1765 96211at50557         -            195   2.6e-11   42.2  13.3   5  12       1.3   6.2e+02   -1.4   0.0    90   160   511   588   490   592 0.62 -
4137at50557_34720_0:000597|STRG.11042.1:8-5302|+     -           1765 96211at50557         -            195   2.6e-11   42.2  13.3   6  12       5.2   2.4e+03   -3.3   0.0   101   137   656   693   651   695 0.76 -
4137at50557_34720_0:000597|STRG.11042.1:8-5302|+     -           1765 96211at50557         -            195   2.6e-11   42.2  13.3   7  12    0.0017      0.79    8.0   0.0    96   163   837   911   811   923 0.67 -
4137at50557_34720_0:000597|STRG.11042.1:8-5302|+     -           1765 96211at50557         -            195   2.6e-11   42.2  13.3   8  12      0.86     4e+02   -0.8   0.0   133   164   988  1019   923  1035 0.70 -
4137at50557_34720_0:000597|STRG.11042.1:8-5302|+     -           1765 96211at50557         -            195   2.6e-11   42.2  13.3   9  12    0.0001     0.047   12.0   0.0    72   163  1136  1231  1122  1242 0.69 -
4137at50557_34720_0:000597|STRG.11042.1:8-5302|+     -           1765 96211at50557         -            195   2.6e-11   42.2  13.3  10  12     0.047        22    3.3   0.0   134   164  1452  1482  1382  1504 0.73 -
4137at50557_34720_0:000597|STRG.11042.1:8-5302|+     -           1765 96211at50557         -            195   2.6e-11   42.2  13.3  11  12      0.21        96    1.2   0.0    87   163  1506  1589  1487  1600 0.69 -
4137at50557_34720_0:000597|STRG.11042.1:8-5302|+     -           1765 96211at50557         -            195   2.6e-11   42.2  13.3  12  12      0.53   2.4e+02   -0.1   0.0    77   161  1604  1695  1590  1698 0.74 -
4137at50557_34720_0:000597|STRG.11042.2:0-5330|+     -           1777 96211at50557         -            195     3e-11   42.1   9.7   1  12     0.032        15    3.9   0.0   101   164    95   165    79   184 0.72 -
4137at50557_34720_0:000597|STRG.11042.2:0-5330|+     -           1777 96211at50557         -            195     3e-11   42.1   9.7   2  12      0.14        67    1.8   0.0   135   186   256   303   234   309 0.76 -
4137at50557_34720_0:000597|STRG.11042.2:0-5330|+     -           1777 96211at50557         -            195     3e-11   42.1   9.7   3  12      0.55   2.6e+02   -0.2   0.0   135   164   365   393   359   400 0.85 -
4137at50557_34720_0:000597|STRG.11042.2:0-5330|+     -           1777 96211at50557         -            195     3e-11   42.1   9.7   4  12     0.072        33    2.7   0.0    95   163   423   498   401   509 0.66 -
4137at50557_34720_0:000597|STRG.11042.2:0-5330|+     -           1777 96211at50557         -            195     3e-11   42.1   9.7   5  12       1.5   6.8e+02   -1.5   0.0    90   160   523   600   501   603 0.61 -
4137at50557_34720_0:000597|STRG.11042.2:0-5330|+     -           1777 96211at50557         -            195     3e-11   42.1   9.7   6  12       5.3   2.4e+03   -3.3   0.0   101   137   668   705   663   707 0.76 -
4137at50557_34720_0:000597|STRG.11042.2:0-5330|+     -           1777 96211at50557         -            195     3e-11   42.1   9.7   7  12    0.0017       0.8    8.0   0.0    96   163   849   923   823   935 0.67 -
4137at50557_34720_0:000597|STRG.11042.2:0-5330|+     -           1777 96211at50557         -            195     3e-11   42.1   9.7   8  12      0.87     4e+02   -0.8   0.0   133   164  1000  1031   935  1047 0.70 -
4137at50557_34720_0:000597|STRG.11042.2:0-5330|+     -           1777 96211at50557         -            195     3e-11   42.1   9.7   9  12    0.0001     0.048   12.0   0.0    72   163  1148  1243  1134  1254 0.69 -
4137at50557_34720_0:000597|STRG.11042.2:0-5330|+     -           1777 96211at50557         -            195     3e-11   42.1   9.7  10  12      0.05        23    3.2   0.0   134   164  1464  1494  1400  1516 0.73 -
4137at50557_34720_0:000597|STRG.11042.2:0-5330|+     -           1777 96211at50557         -            195     3e-11   42.1   9.7  11  12      0.21        97    1.2   0.0    87   163  1518  1601  1499  1612 0.69 -
4137at50557_34720_0:000597|STRG.11042.2:0-5330|+     -           1777 96211at50557         -            195     3e-11   42.1   9.7  12  12      0.53   2.5e+02   -0.1   0.0    77   161  1616  1707  1602  1710 0.74 -
4137at50557_34720_0:000597|STRG.11042.3:1-4624|+     -           1536 96211at50557         -            195   1.7e-10   39.6   8.9   1  11      0.11        53    2.1   0.0   135   187    16    63     7    69 0.80 -
4137at50557_34720_0:000597|STRG.11042.3:1-4624|+     -           1536 96211at50557         -            195   1.7e-10   39.6   8.9   2  11      0.42   1.9e+02    0.3   0.0   134   164   123   152   108   158 0.85 -
4137at50557_34720_0:000597|STRG.11042.3:1-4624|+     -           1536 96211at50557         -            195   1.7e-10   39.6   8.9   3  11     0.066        31    2.9   0.0    95   163   182   257   160   263 0.65 -
4137at50557_34720_0:000597|STRG.11042.3:1-4624|+     -           1536 96211at50557         -            195   1.7e-10   39.6   8.9   4  11       1.2   5.4e+02   -1.2   0.0    90   160   282   359   262   363 0.62 -
4137at50557_34720_0:000597|STRG.11042.3:1-4624|+     -           1536 96211at50557         -            195   1.7e-10   39.6   8.9   5  11       4.5   2.1e+03   -3.1   0.0   101   137   427   464   422   466 0.76 -
4137at50557_34720_0:000597|STRG.11042.3:1-4624|+     -           1536 96211at50557         -            195   1.7e-10   39.6   8.9   6  11    0.0014      0.66    8.3   0.0    96   163   608   682   582   697 0.67 -
4137at50557_34720_0:000597|STRG.11042.3:1-4624|+     -           1536 96211at50557         -            195   1.7e-10   39.6   8.9   7  11       0.7   3.2e+02   -0.5   0.0   121   164   739   790   691   806 0.70 -
4137at50557_34720_0:000597|STRG.11042.3:1-4624|+     -           1536 96211at50557         -            195   1.7e-10   39.6   8.9   8  11   8.6e-05      0.04   12.3   0.0    72   163   907  1002   893  1013 0.69 -
4137at50557_34720_0:000597|STRG.11042.3:1-4624|+     -           1536 96211at50557         -            195   1.7e-10   39.6   8.9   9  11     0.042        19    3.5   0.0   134   164  1223  1253  1157  1275 0.73 -
4137at50557_34720_0:000597|STRG.11042.3:1-4624|+     -           1536 96211at50557         -            195   1.7e-10   39.6   8.9  10  11      0.17        80    1.5   0.0    87   163  1277  1360  1257  1371 0.69 -
4137at50557_34720_0:000597|STRG.11042.3:1-4624|+     -           1536 96211at50557         -            195   1.7e-10   39.6   8.9  11  11      0.47   2.2e+02    0.1   0.0    78   161  1376  1466  1363  1469 0.74 -
97065at50557_456900_0:0028c3|STRG.1269.1:191-904|+   -            238 96211at50557         -            195   6.6e-08   31.1   0.1   1   1   1.9e-10     9e-08   30.7   0.1    51   168    48   179    15   188 0.75 -
4137at50557_34720_0:000597|STRG.11042.11:0-3161|+    -           1054 96211at50557         -            195   1.1e-07   30.4   3.3   1   8     0.017       7.9    4.8   0.0   101   164    95   165    79   185 0.73 -
4137at50557_34720_0:000597|STRG.11042.11:0-3161|+    -           1054 96211at50557         -            195   1.1e-07   30.4   3.3   2   8     0.079        37    2.6   0.0   135   186   256   303   234   309 0.76 -
4137at50557_34720_0:000597|STRG.11042.11:0-3161|+    -           1054 96211at50557         -            195   1.1e-07   30.4   3.3   3   8      0.27   1.2e+02    0.9   0.0   134   164   364   393   348   399 0.85 -
4137at50557_34720_0:000597|STRG.11042.11:0-3161|+    -           1054 96211at50557         -            195   1.1e-07   30.4   3.3   4   8     0.037        17    3.7   0.0    95   163   423   498   398   507 0.66 -
4137at50557_34720_0:000597|STRG.11042.11:0-3161|+    -           1054 96211at50557         -            195   1.1e-07   30.4   3.3   5   8      0.72   3.3e+02   -0.5   0.1    90   160   523   600   501   604 0.62 -
4137at50557_34720_0:000597|STRG.11042.11:0-3161|+    -           1054 96211at50557         -            195   1.1e-07   30.4   3.3   6   8       2.5   1.1e+03   -2.3   0.0   101   137   668   705   661   709 0.76 -
4137at50557_34720_0:000597|STRG.11042.11:0-3161|+    -           1054 96211at50557         -            195   1.1e-07   30.4   3.3   7   8   0.00093      0.43    8.9   0.0    96   163   849   923   823   934 0.66 -
4137at50557_34720_0:000597|STRG.11042.11:0-3161|+    -           1054 96211at50557         -            195   1.1e-07   30.4   3.3   8   8      0.48   2.2e+02    0.1   0.0   121   164   980  1031   934  1052 0.70 -
4137at50557_456900_0:001885|STRG.11042.5:96-3437|+   -           1114 96211at50557         -            195   1.3e-07   30.2   6.6   1   8     0.019       8.9    4.6   0.0   101   164    63   133    47   151 0.73 -
4137at50557_456900_0:001885|STRG.11042.5:96-3437|+   -           1114 96211at50557         -            195   1.3e-07   30.2   6.6   2   8    0.0047       2.2    6.6   0.0    73   186   146   259   138   265 0.67 -
4137at50557_456900_0:001885|STRG.11042.5:96-3437|+   -           1114 96211at50557         -            195   1.3e-07   30.2   6.6   3   8      0.29   1.4e+02    0.8   0.0   134   164   320   349   304   354 0.85 -
4137at50557_456900_0:001885|STRG.11042.5:96-3437|+   -           1114 96211at50557         -            195   1.3e-07   30.2   6.6   4   8      0.04        19    3.6   0.0    95   163   379   454   354   463 0.66 -
4137at50557_456900_0:001885|STRG.11042.5:96-3437|+   -           1114 96211at50557         -            195   1.3e-07   30.2   6.6   5   8      0.83   3.9e+02   -0.7   0.0    90   160   479   556   461   560 0.62 -
4137at50557_456900_0:001885|STRG.11042.5:96-3437|+   -           1114 96211at50557         -            195   1.3e-07   30.2   6.6   6   8       2.6   1.2e+03   -2.4   0.0   101   137   624   661   617   665 0.76 -
4137at50557_456900_0:001885|STRG.11042.5:96-3437|+   -           1114 96211at50557         -            195   1.3e-07   30.2   6.6   7   8    0.0011      0.49    8.7   0.0   132   163   848   879   785   893 0.67 -
4137at50557_456900_0:001885|STRG.11042.5:96-3437|+   -           1114 96211at50557         -            195   1.3e-07   30.2   6.6   8   8      0.51   2.4e+02   -0.0   0.0   121   164   936   987   890  1008 0.70 -
4137at50557_456900_0:001885|STRG.11042.9:96-3542|+   -           1111 96211at50557         -            195   1.4e-07   30.1   6.4   1   8     0.019       8.8    4.6   0.0   101   164    63   133    47   151 0.73 -
4137at50557_456900_0:001885|STRG.11042.9:96-3542|+   -           1111 96211at50557         -            195   1.4e-07   30.1   6.4   2   8    0.0047       2.2    6.6   0.0    73   186   146   259   138   265 0.67 -
4137at50557_456900_0:001885|STRG.11042.9:96-3542|+   -           1111 96211at50557         -            195   1.4e-07   30.1   6.4   3   8      0.28   1.3e+02    0.8   0.0   134   164   320   349   304   355 0.85 -
4137at50557_456900_0:001885|STRG.11042.9:96-3542|+   -           1111 96211at50557         -            195   1.4e-07   30.1   6.4   4   8      0.04        19    3.6   0.0    95   163   379   454   354   463 0.66 -
4137at50557_456900_0:001885|STRG.11042.9:96-3542|+   -           1111 96211at50557         -            195   1.4e-07   30.1   6.4   5   8      0.77   3.6e+02   -0.6   0.1    90   160   479   556   457   560 0.62 -
4137at50557_456900_0:001885|STRG.11042.9:96-3542|+   -           1111 96211at50557         -            195   1.4e-07   30.1   6.4   6   8       2.6   1.2e+03   -2.4   0.0   101   137   624   661   617   665 0.76 -
4137at50557_456900_0:001885|STRG.11042.9:96-3542|+   -           1111 96211at50557         -            195   1.4e-07   30.1   6.4   7   8   0.00099      0.46    8.8   0.0    96   163   805   879   779   890 0.66 -
4137at50557_456900_0:001885|STRG.11042.9:96-3542|+   -           1111 96211at50557         -            195   1.4e-07   30.1   6.4   8   8      0.74   3.4e+02   -0.6   0.0   121   163   936   986   888   990 0.69 -
4137at50557_456900_0:001885|STRG.11042.8:96-3473|+   -           1126 96211at50557         -            195   1.6e-07   29.9   3.0   1   8     0.018       8.6    4.7   0.0   101   164    63   133    47   153 0.73 -
4137at50557_456900_0:001885|STRG.11042.8:96-3473|+   -           1126 96211at50557         -            195   1.6e-07   29.9   3.0   2   8     0.085        40    2.5   0.0   135   186   224   271   202   277 0.76 -
4137at50557_456900_0:001885|STRG.11042.8:96-3473|+   -           1126 96211at50557         -            195   1.6e-07   29.9   3.0   3   8      0.29   1.4e+02    0.7   0.0   134   164   332   361   316   366 0.85 -
4137at50557_456900_0:001885|STRG.11042.8:96-3473|+   -           1126 96211at50557         -            195   1.6e-07   29.9   3.0   4   8     0.042        20    3.5   0.0    95   163   391   466   369   475 0.66 -
4137at50557_456900_0:001885|STRG.11042.8:96-3473|+   -           1126 96211at50557         -            195   1.6e-07   29.9   3.0   5   8      0.92   4.3e+02   -0.9   0.0    90   160   491   568   476   572 0.61 -
4137at50557_456900_0:001885|STRG.11042.8:96-3473|+   -           1126 96211at50557         -            195   1.6e-07   29.9   3.0   6   8       2.7   1.2e+03   -2.4   0.0   101   137   636   673   629   677 0.76 -
4137at50557_456900_0:001885|STRG.11042.8:96-3473|+   -           1126 96211at50557         -            195   1.6e-07   29.9   3.0   7   8    0.0011       0.5    8.7   0.0   132   163   860   891   797   905 0.67 -
4137at50557_456900_0:001885|STRG.11042.8:96-3473|+   -           1126 96211at50557         -            195   1.6e-07   29.9   3.0   8   8      0.52   2.4e+02   -0.1   0.0   121   164   948   999   902  1020 0.70 -
4137at50557_456900_0:001885|STRG.11042.7:96-3578|+   -           1123 96211at50557         -            195   1.8e-07   29.8   2.9   1   8     0.018       8.5    4.7   0.0   101   164    63   133    47   153 0.73 -
4137at50557_456900_0:001885|STRG.11042.7:96-3578|+   -           1123 96211at50557         -            195   1.8e-07   29.8   2.9   2   8     0.085        39    2.5   0.0   135   186   224   271   202   277 0.76 -
4137at50557_456900_0:001885|STRG.11042.7:96-3578|+   -           1123 96211at50557         -            195   1.8e-07   29.8   2.9   3   8      0.29   1.4e+02    0.7   0.0   134   164   332   361   316   366 0.85 -
4137at50557_456900_0:001885|STRG.11042.7:96-3578|+   -           1123 96211at50557         -            195   1.8e-07   29.8   2.9   4   8      0.04        19    3.6   0.0    95   163   391   466   366   475 0.66 -
4137at50557_456900_0:001885|STRG.11042.7:96-3578|+   -           1123 96211at50557         -            195   1.8e-07   29.8   2.9   5   8      0.84   3.9e+02   -0.7   0.0    90   160   491   568   473   572 0.62 -
4137at50557_456900_0:001885|STRG.11042.7:96-3578|+   -           1123 96211at50557         -            195   1.8e-07   29.8   2.9   6   8       2.7   1.2e+03   -2.4   0.0   101   137   636   673   629   677 0.76 -
4137at50557_456900_0:001885|STRG.11042.7:96-3578|+   -           1123 96211at50557         -            195   1.8e-07   29.8   2.9   7   8     0.001      0.46    8.8   0.0    96   163   817   891   791   902 0.66 -
4137at50557_456900_0:001885|STRG.11042.7:96-3578|+   -           1123 96211at50557         -            195   1.8e-07   29.8   2.9   8   8      0.75   3.5e+02   -0.6   0.0   121   163   948   998   900  1002 0.69 -
4137at50557_456900_0:001885|STRG.11042.10:96-3866|+  -           1257 96211at50557         -            195   3.4e-07   28.8   2.9   1   8     0.021       9.8    4.5   0.0   101   164    63   133    47   153 0.73 -
4137at50557_456900_0:001885|STRG.11042.10:96-3866|+  -           1257 96211at50557         -            195   3.4e-07   28.8   2.9   2   8     0.097        45    2.3   0.0   135   186   224   271   202   277 0.76 -
4137at50557_456900_0:001885|STRG.11042.10:96-3866|+  -           1257 96211at50557         -            195   3.4e-07   28.8   2.9   3   8      0.33   1.5e+02    0.6   0.0   134   164   332   361   316   367 0.85 -
4137at50557_456900_0:001885|STRG.11042.10:96-3866|+  -           1257 96211at50557         -            195   3.4e-07   28.8   2.9   4   8     0.047        22    3.3   0.0    95   163   391   466   367   475 0.66 -
4137at50557_456900_0:001885|STRG.11042.10:96-3866|+  -           1257 96211at50557         -            195   3.4e-07   28.8   2.9   5   8      0.94   4.3e+02   -0.9   0.0    90   160   491   568   472   572 0.62 -
4137at50557_456900_0:001885|STRG.11042.10:96-3866|+  -           1257 96211at50557         -            195   3.4e-07   28.8   2.9   6   8       3.3   1.5e+03   -2.7   0.0   101   137   636   673   630   676 0.76 -
4137at50557_456900_0:001885|STRG.11042.10:96-3866|+  -           1257 96211at50557         -            195   3.4e-07   28.8   2.9   7   8    0.0012      0.53    8.6   0.0    96   163   817   891   791   902 0.66 -
4137at50557_456900_0:001885|STRG.11042.10:96-3866|+  -           1257 96211at50557         -            195   3.4e-07   28.8   2.9   8   8      0.59   2.8e+02   -0.3   0.0   121   164   948   999   902  1020 0.70 -
4137at50557_456900_0:001885|STRG.11042.6:96-3866|+   -           1257 96211at50557         -            195   3.4e-07   28.8   2.9   1   8     0.021       9.8    4.5   0.0   101   164    63   133    47   153 0.73 -
4137at50557_456900_0:001885|STRG.11042.6:96-3866|+   -           1257 96211at50557         -            195   3.4e-07   28.8   2.9   2   8     0.097        45    2.3   0.0   135   186   224   271   202   277 0.76 -
4137at50557_456900_0:001885|STRG.11042.6:96-3866|+   -           1257 96211at50557         -            195   3.4e-07   28.8   2.9   3   8      0.33   1.5e+02    0.6   0.0   134   164   332   361   316   367 0.85 -
4137at50557_456900_0:001885|STRG.11042.6:96-3866|+   -           1257 96211at50557         -            195   3.4e-07   28.8   2.9   4   8     0.047        22    3.3   0.0    95   163   391   466   367   475 0.66 -
4137at50557_456900_0:001885|STRG.11042.6:96-3866|+   -           1257 96211at50557         -            195   3.4e-07   28.8   2.9   5   8      0.94   4.3e+02   -0.9   0.0    90   160   491   568   472   572 0.62 -
4137at50557_456900_0:001885|STRG.11042.6:96-3866|+   -           1257 96211at50557         -            195   3.4e-07   28.8   2.9   6   8       3.3   1.5e+03   -2.7   0.0   101   137   636   673   630   676 0.76 -
4137at50557_456900_0:001885|STRG.11042.6:96-3866|+   -           1257 96211at50557         -            195   3.4e-07   28.8   2.9   7   8    0.0012      0.53    8.6   0.0    96   163   817   891   791   902 0.66 -
4137at50557_456900_0:001885|STRG.11042.6:96-3866|+   -           1257 96211at50557         -            195   3.4e-07   28.8   2.9   8   8      0.59   2.8e+02   -0.3   0.0   121   164   948   999   902  1020 0.70 -
138527at50557_121225_0:001e16|STRG.5571.1:811-1167|+ -            119 96211at50557         -            195     0.012   14.0   0.2   1   1   3.1e-05     0.014   13.7   0.2    99   175    11    95     6   112 0.74 -
138527at50557_121225_0:001e16|STRG.5571.2:924-1280|+ -            119 96211at50557         -            195     0.012   14.0   0.2   1   1   3.1e-05     0.014   13.7   0.2    99   175    11    95     6   112 0.74 -
65618at50557_520822_0:000026|STRG.10903.1:196-1483|+ -            413 96211at50557         -            195     0.041   12.2   0.0   1   2    0.0074       3.4    6.0   0.0    98   164    30   104    23   108 0.63 -
65618at50557_520822_0:000026|STRG.10903.1:196-1483|+ -            413 96211at50557         -            195     0.041   12.2   0.0   2   2     0.043        20    3.5   0.0   142   163   166   187   162   208 0.79 -
#
# Program:         hmmsearch
# Version:         3.4 (Aug 2023)
# Pipeline mode:   SEARCH
# Query file:      /data/projet1/projet_tutore/busco_downloads/lineages/insecta_odb10/hmms/96211at50557.hmm
# Target file:     annotation_analysis/annotation_gcf/T_zeteki/busco_output/run_insecta_odb10/metaeuk_output/initial_results/assembled_transcripts.fasta.modified.fas
# Option settings: hmmsearch --domtblout annotation_analysis/annotation_gcf/T_zeteki/busco_output/run_insecta_odb10/hmmer_output/initial_run_results/96211at50557.out --cpu 1 /data/projet1/projet_tutore/busco_downloads/lineages/insecta_odb10/hmms/96211at50557.hmm annotation_analysis/annotation_gcf/T_zeteki/busco_output/run_insecta_odb10/metaeuk_output/initial_results/assembled_transcripts.fasta.modified.fas 
# Current dir:     /data/projet1/projet_tutore
# Date:            Sun Dec  1 20:31:37 2024
# [ok]
