#                                                                                                              --- full sequence --- -------------- this domain -------------   hmm coord   ali coord   env coord
# target name                                          accession   tlen query name           accession   qlen   E-value  score  bias   #  of  c-Evalue  i-Evalue  score  bias  from    to  from    to  from    to  acc description of target
#                                  ------------------- ---------- ----- -------------------- ---------- ----- --------- ------ ----- --- --- --------- --------- ------ ----- ----- ----- ----- ----- ----- ----- ---- ---------------------
116739at50557_34720_0:0023dc|STRG.4269.1:78-743|+      -            222 116739at50557        -            213   3.9e-24   81.9   9.8   1   4     9e-09   1.3e-06   24.6   0.2     1    31     1    40     1    74 0.81 -
116739at50557_34720_0:0023dc|STRG.4269.1:78-743|+      -            222 116739at50557        -            213   3.9e-24   81.9   9.8   2   4   5.9e-07   8.5e-05   18.7   0.1    33    53    96   116    92   121 0.90 -
116739at50557_34720_0:0023dc|STRG.4269.1:78-743|+      -            222 116739at50557        -            213   3.9e-24   81.9   9.8   3   4   9.6e-05     0.014   11.4   0.1    43    68   158   183   142   185 0.80 -
116739at50557_34720_0:0023dc|STRG.4269.1:78-743|+      -            222 116739at50557        -            213   3.9e-24   81.9   9.8   4   4     1e-10   1.4e-08   31.0   0.1    65    88   199   222   191   222 0.91 -
116739at50557_29031_0:000129|STRG.18348.1:3443-3751|+  -            103 116739at50557        -            213     2e-23   79.5   1.9   1   1   1.8e-25   2.5e-23   79.2   1.9   123   211     2    99     1   101 0.86 -
116739at50557_29031_0:000129|STRG.18348.2:1612-1920|+  -            103 116739at50557        -            213     2e-23   79.5   1.9   1   1   1.8e-25   2.5e-23   79.2   1.9   123   211     2    99     1   101 0.86 -
116739at50557_29031_0:000129|STRG.18348.3:2538-2846|+  -            103 116739at50557        -            213     2e-23   79.5   1.9   1   1   1.8e-25   2.5e-23   79.2   1.9   123   211     2    99     1   101 0.86 -
116739at50557_29031_0:000129|STRG.18348.4:2516-2824|+  -            103 116739at50557        -            213     2e-23   79.5   1.9   1   1   1.8e-25   2.5e-23   79.2   1.9   123   211     2    99     1   101 0.86 -
116739at50557_29031_0:000129|STRG.18348.5:1779-2087|+  -            103 116739at50557        -            213     2e-23   79.5   1.9   1   1   1.8e-25   2.5e-23   79.2   1.9   123   211     2    99     1   101 0.86 -
116739at50557_123851_0:001893|STRG.14302.1:1917-2210|+ -             98 116739at50557        -            213   1.4e-06   24.5   0.0   1   1   1.1e-08   1.6e-06   24.3   0.0   125   203    13    97     4    98 0.81 -
116739at50557_123851_0:001893|STRG.14302.2:1957-2250|+ -             98 116739at50557        -            213   1.4e-06   24.5   0.0   1   1   1.1e-08   1.6e-06   24.3   0.0   125   203    13    97     4    98 0.81 -
116739at50557_123851_0:001893|STRG.14302.4:1985-2278|+ -             98 116739at50557        -            213   1.4e-06   24.5   0.0   1   1   1.1e-08   1.6e-06   24.3   0.0   125   203    13    97     4    98 0.81 -
59099at50557_7536_0:00216c|STRG.17660.1:884-1390|+     -            169 116739at50557        -            213   9.2e-06   21.8   0.2   1   2   0.00059     0.084    8.9   0.1   138   204    19    89     7    98 0.78 -
59099at50557_7536_0:00216c|STRG.17660.1:884-1390|+     -            169 116739at50557        -            213   9.2e-06   21.8   0.2   2   2   9.8e-05     0.014   11.4   0.0   139   191   113   169    96   169 0.82 -
59099at50557_7536_0:00216c|STRG.17660.2:884-1390|+     -            169 116739at50557        -            213   9.2e-06   21.8   0.2   1   2   0.00059     0.084    8.9   0.1   138   204    19    89     7    98 0.78 -
59099at50557_7536_0:00216c|STRG.17660.2:884-1390|+     -            169 116739at50557        -            213   9.2e-06   21.8   0.2   2   2   9.8e-05     0.014   11.4   0.0   139   191   113   169    96   169 0.82 -
59099at50557_7536_0:00216c|STRG.17660.3:884-1390|+     -            169 116739at50557        -            213   9.2e-06   21.8   0.2   1   2   0.00059     0.084    8.9   0.1   138   204    19    89     7    98 0.78 -
59099at50557_7536_0:00216c|STRG.17660.3:884-1390|+     -            169 116739at50557        -            213   9.2e-06   21.8   0.2   2   2   9.8e-05     0.014   11.4   0.0   139   191   113   169    96   169 0.82 -
#
# Program:         hmmsearch
# Version:         3.4 (Aug 2023)
# Pipeline mode:   SEARCH
# Query file:      /home/justine/projet_tutore/busco_downloads/lineages/insecta_odb10/hmms/116739at50557.hmm
# Target file:     annotation_analysis/annotation_gca/T_cornetzi/busco_output/run_insecta_odb10/metaeuk_output/rerun_results/assembled_transcripts.fasta.modified.fas
# Option settings: hmmsearch --domtblout annotation_analysis/annotation_gca/T_cornetzi/busco_output/run_insecta_odb10/hmmer_output/rerun_results/116739at50557.out --cpu 1 /home/justine/projet_tutore/busco_downloads/lineages/insecta_odb10/hmms/116739at50557.hmm annotation_analysis/annotation_gca/T_cornetzi/busco_output/run_insecta_odb10/metaeuk_output/rerun_results/assembled_transcripts.fasta.modified.fas 
# Current dir:     /home/justine/projet_tutore
# Date:            Sun Dec  1 22:56:27 2024
# [ok]
