#                                                                                                              --- full sequence --- -------------- this domain -------------   hmm coord   ali coord   env coord
# target name                                          accession   tlen query name           accession   qlen   E-value  score  bias   #  of  c-Evalue  i-Evalue  score  bias  from    to  from    to  from    to  acc description of target
#                                  ------------------- ---------- ----- -------------------- ---------- ----- --------- ------ ----- --- --- --------- --------- ------ ----- ----- ----- ----- ----- ----- ----- ---- ---------------------
117348at50557_456900_0:002d4b|STRG.3355.1:157-492|+    -             91 117348at50557        -            180   2.7e-53  177.1   2.1   1   1   1.8e-54   2.9e-53  177.0   2.1     1    89     1    89     1    91 0.99 -
117348at50557_456900_0:002d4b|STRG.3355.2:157-492|+    -             91 117348at50557        -            180   2.7e-53  177.1   2.1   1   1   1.8e-54   2.9e-53  177.0   2.1     1    89     1    89     1    91 0.99 -
117348at50557_456900_0:002d4b|STRG.3356.1:9-344|-      -             91 117348at50557        -            180   2.7e-53  177.1   2.1   1   1   1.8e-54   2.9e-53  177.0   2.1     1    89     1    89     1    91 0.99 -
117348at50557_456900_0:002c58|STRG.3354.1:4-273|+      -             90 117348at50557        -            180     2e-35  118.9   0.2   1   1   1.4e-36   2.2e-35  118.8   0.2   117   180     8    74     1    74 0.91 -
117348at50557_224129_0:0005f4|STRG.8947.2:145-687|+    -            181 117348at50557        -            180   1.3e-33  113.0   0.3   1   1   2.7e-34   4.3e-33  111.3   0.3     8   177     4   172     1   175 0.87 -
117348at50557_326594_0:0022c4|STRG.8947.3:24-536|+     -            171 117348at50557        -            180   1.9e-33  112.5   0.2   1   1     4e-34   6.3e-33  110.8   0.2     9   178     2   170     1   171 0.87 -
117348at50557_326594_0:0022c4|STRG.8947.1:127-657|+    -            177 117348at50557        -            180   2.6e-33  112.0   0.3   1   1   5.9e-34   9.4e-33  110.2   0.3     7   175     9   176     4   177 0.87 -
117348at50557_110193_0:002167|STRG.6573.1:195-716|+    -            174 117348at50557        -            180   1.7e-31  106.1   0.1   1   1   1.9e-32     3e-31  105.3   0.1    13   178     4   169     1   171 0.87 -
117348at50557_217634_0:001af2|STRG.9953.1:48-536|+     -            163 117348at50557        -            180   5.7e-31  104.4   0.1   1   1   6.2e-32   9.8e-31  103.6   0.1    19   180     3   163     1   163 0.88 -
117348at50557_79782_0:001424|STRG.7051.1:12-518|+      -            169 117348at50557        -            180   3.5e-29   98.6   0.0   1   1     5e-30     8e-29   97.4   0.0     6   174     2   169     1   169 0.84 -
117348at50557_104452_0:003894|STRG.13651.1:144-653|+   -            170 117348at50557        -            180   1.1e-28   97.0   0.0   1   1   8.8e-30   1.4e-28   96.6   0.0    14   178     2   169     1   170 0.87 -
117348at50557_133901_0:001206|STRG.3845.1:193-729|+    -            179 117348at50557        -            180   2.2e-28   95.9   0.3   1   1   2.8e-29   4.5e-28   95.0   0.3    14   179    14   178     2   179 0.84 -
117348at50557_7038_0:000296|STRG.3845.2:3-482|+        -            160 117348at50557        -            180   7.2e-27   91.0   0.4   1   1   9.6e-28   1.5e-26   90.0   0.4    20   179     1   159     1   160 0.85 -
117348at50557_79782_0:001424|STRG.22061.1:33-533|+     -            167 117348at50557        -            180   8.5e-26   87.5   0.1   1   1   8.5e-27   1.3e-25   86.9   0.1     9   175     1   167     1   167 0.86 -
117348at50557_116153_0:00098a|STRG.20631.1:1125-1637|+ -            171 117348at50557        -            180   3.5e-24   82.3   0.0   1   1   3.6e-25   5.7e-24   81.6   0.0    15   174     5   166     1   171 0.81 -
117348at50557_29031_0:00277d|STRG.20502.3:392-965|+    -            161 117348at50557        -            180   3.5e-24   82.3   0.0   1   1   3.5e-25   5.5e-24   81.6   0.0    21   176     2   159     1   161 0.79 -
117348at50557_28612_0:00318b|STRG.20502.1:75-575|+     -            167 117348at50557        -            180   2.4e-23   79.5   0.0   1   1   2.2e-24   3.5e-23   79.0   0.0    21   176     2   165     1   167 0.74 -
117348at50557_7070_0:002817|STRG.13228.1:104-666|+     -            130 117348at50557        -            180   6.5e-23   78.2   0.0   1   1   4.5e-24   7.2e-23   78.0   0.0    58   178     2   129     1   130 0.87 -
117348at50557_29031_0:00277d|STRG.13021.5:69-605|+     -            179 117348at50557        -            180   1.2e-21   74.0   0.5   1   1   4.4e-22     7e-21   71.5   0.5    21   137     2   116     1   171 0.78 -
117348at50557_178035_0:000563|STRG.13021.3:2424-3139|+ -            186 117348at50557        -            180   1.4e-21   73.8   0.5   1   1     5e-22     8e-21   71.3   0.5    21   137     2   116     1   171 0.78 -
117348at50557_178035_0:000563|STRG.13021.4:69-902|+    -            181 117348at50557        -            180   4.4e-21   72.2   0.9   1   1   2.3e-20   3.6e-19   66.0   0.9    21   137     2   111     1   166 0.77 -
117348at50557_178035_0:000563|STRG.13021.2:2424-3428|+ -            176 117348at50557        -            180   2.7e-20   69.6   1.2   1   2     0.058      0.92    6.0   0.0    21    34     2    15     1    17 0.90 -
117348at50557_178035_0:000563|STRG.13021.2:2424-3428|+ -            176 117348at50557        -            180   2.7e-20   69.6   1.2   2   2   4.3e-19   6.7e-18   61.8   0.4    55   137    18   106    14   161 0.77 -
117348at50557_30019_0:002c28|STRG.20502.2:146-514|+    -            123 117348at50557        -            180   1.7e-19   67.0   0.0   1   1   1.3e-20     2e-19   66.8   0.0    68   176     2   121     1   123 0.79 -
117348at50557_168631_0:000d41|STRG.15691.1:552-1012|-  -            105 117348at50557        -            180   4.4e-11   39.6   0.0   1   1     3e-12   4.8e-11   39.5   0.0    85   177     3   104     1   105 0.89 -
107216at50557_7004_0:001b36|STRG.2420.1:248-865|+      -            206 117348at50557        -            180     5e-10   36.2   0.2   1   1   3.8e-11     6e-10   35.9   0.2    42   134    37   130     7   167 0.74 -
107216at50557_7004_0:001b36|STRG.2420.2:634-1251|+     -            206 117348at50557        -            180     5e-10   36.2   0.2   1   1   3.8e-11     6e-10   35.9   0.2    42   134    37   130     7   167 0.74 -
107216at50557_54969_0:001d91|STRG.2854.2:6-578|+       -            191 117348at50557        -            180   2.2e-09   34.1   0.0   1   1     2e-10   3.1e-09   33.6   0.0    28   179    15   172     1   173 0.68 -
107216at50557_224129_0:00130a|STRG.4787.3:614-1183|+   -            190 117348at50557        -            180   3.3e-09   33.5   0.0   1   1     3e-10   4.7e-09   33.0   0.0    19   135    10   127     6   160 0.79 -
107216at50557_139723_0:001fab|STRG.9789.1:449-1042|+   -            198 117348at50557        -            180   3.5e-09   33.4   0.2   1   1   2.9e-10   4.6e-09   33.0   0.2    20   135     8   124     3   165 0.69 -
107216at50557_123851_0:0000ad|STRG.4787.1:614-1213|+   -            200 117348at50557        -            180   3.9e-09   33.3   0.0   1   1   3.5e-10   5.5e-09   32.8   0.0    19   135    10   127     6   159 0.79 -
107216at50557_7038_0:002032|STRG.11722.1:359-892|+     -            178 117348at50557        -            180   3.9e-09   33.2   0.0   1   1     3e-10   4.8e-09   33.0   0.0    47   133    40   135     6   172 0.69 -
107216at50557_7038_0:002032|STRG.11722.3:655-1188|+    -            178 117348at50557        -            180   3.9e-09   33.2   0.0   1   1     3e-10   4.8e-09   33.0   0.0    47   133    40   135     6   172 0.69 -
107216at50557_110193_0:000c8b|STRG.4702.1:0-578|+      -            193 117348at50557        -            180   4.2e-09   33.2   0.1   1   1   3.1e-10     5e-09   32.9   0.1    49   170    41   167    10   177 0.63 -
107216at50557_51655_0:0016fc|STRG.4787.2:614-985|+     -            124 117348at50557        -            180   7.2e-09   32.4   0.0   1   1   6.3e-10   9.9e-09   31.9   0.0    19   131    10   123     6   124 0.72 -
107216at50557_28612_0:00371f|STRG.9199.1:27-479|+      -            151 117348at50557        -            180   9.6e-09   32.0   0.0   1   1   7.1e-10   1.1e-08   31.8   0.0    21   135     4   119     1   142 0.74 -
107216at50557_40932_0:00045d|STRG.9199.2:380-832|+     -            151 117348at50557        -            180   9.6e-09   32.0   0.0   1   1   7.1e-10   1.1e-08   31.8   0.0    21   135     4   119     1   142 0.74 -
107216at50557_40932_0:00045d|STRG.9199.3:1385-1837|+   -            151 117348at50557        -            180   9.6e-09   32.0   0.0   1   1   7.1e-10   1.1e-08   31.8   0.0    21   135     4   119     1   142 0.74 -
107216at50557_40932_0:00045d|STRG.9199.4:993-1445|+    -            151 117348at50557        -            180   9.6e-09   32.0   0.0   1   1   7.1e-10   1.1e-08   31.8   0.0    21   135     4   119     1   142 0.74 -
107216at50557_139723_0:001fab|STRG.9789.2:0-551|+      -            184 117348at50557        -            180     1e-08   31.9   0.1   1   1     8e-10   1.3e-08   31.6   0.1    48   135    16   110     6   151 0.73 -
107216at50557_13164_0:0032c6|STRG.11722.5:0-506|+      -            169 117348at50557        -            180   1.1e-08   31.8   0.0   1   1   7.8e-10   1.2e-08   31.6   0.0    52   133    26   116     2   156 0.70 -
117348at50557_30019_0:002c28|STRG.18704.1:150-542|+    -            131 117348at50557        -            180   1.1e-08   31.7   0.9   1   1   1.1e-09   1.8e-08   31.1   0.9    20   144     1   129     1   131 0.69 -
107216at50557_28612_0:00371f|STRG.10720.1:179-685|+    -            169 117348at50557        -            180   1.3e-08   31.5   0.3   1   1   1.2e-09   1.8e-08   31.1   0.3    20   176    11   167     2   169 0.68 -
107216at50557_28612_0:00371f|STRG.10720.2:138-644|+    -            169 117348at50557        -            180   1.3e-08   31.5   0.3   1   1   1.2e-09   1.8e-08   31.1   0.3    20   176    11   167     2   169 0.68 -
107216at50557_7004_0:001b36|STRG.21902.1:4305-4868|+   -            188 117348at50557        -            180   3.4e-08   30.2   0.0   1   1   2.5e-09   3.9e-08   30.0   0.0    46   107    28    93     4   157 0.76 -
107216at50557_7004_0:001b36|STRG.21902.2:6-569|+       -            188 117348at50557        -            180   3.4e-08   30.2   0.0   1   1   2.5e-09   3.9e-08   30.0   0.0    46   107    28    93     4   157 0.76 -
107216at50557_39758_0:004d90|STRG.6440.1:5430-6272|+   -            177 117348at50557        -            180   4.1e-08   29.9   0.1   1   1   3.9e-09   6.1e-08   29.4   0.1    27   178    13   166     2   168 0.67 -
107216at50557_28612_0:00371f|STRG.10720.3:261-710|+    -            150 117348at50557        -            180   6.9e-08   29.2   0.1   1   1   5.8e-09   9.1e-08   28.8   0.1    52   176    17   148     8   150 0.72 -
117348at50557_93721_0:001173|STRG.20502.4:438-662|+    -             75 117348at50557        -            180   7.2e-08   29.1   0.0   1   1   5.2e-09   8.3e-08   28.9   0.0   119   176    11    73     5    75 0.80 -
107216at50557_51655_0:0016fc|STRG.21646.2:27-638|+     -            204 117348at50557        -            180   8.7e-08   28.9   0.2   1   1   6.6e-09     1e-07   28.6   0.2    18   138     3   125     1   163 0.66 -
107216at50557_54969_0:001d91|STRG.8622.1:997-1458|+    -            154 117348at50557        -            180   9.4e-08   28.8   0.0   1   1   6.6e-09     1e-07   28.6   0.0    20   135     3   120     1   152 0.72 -
107216at50557_54969_0:001d91|STRG.8622.2:60-521|+      -            154 117348at50557        -            180   9.4e-08   28.8   0.0   1   1   6.6e-09     1e-07   28.6   0.0    20   135     3   120     1   152 0.72 -
107216at50557_7038_0:002032|STRG.10063.2:2100-2630|+   -            177 117348at50557        -            180   1.1e-07   28.5   0.0   1   1   8.9e-09   1.4e-07   28.2   0.0    16   134     8   133     3   177 0.69 -
107216at50557_7038_0:002032|STRG.10063.3:338-868|+     -            177 117348at50557        -            180   1.1e-07   28.5   0.0   1   1   8.9e-09   1.4e-07   28.2   0.0    16   134     8   133     3   177 0.69 -
107216at50557_51655_0:0016fc|STRG.10063.1:253-765|+    -            171 117348at50557        -            180     2e-07   27.7   0.0   1   1   1.5e-08   2.3e-07   27.5   0.0    18   134     4   127     1   171 0.69 -
107216at50557_7038_0:002032|STRG.16916.1:379-863|+     -            161 117348at50557        -            180   3.7e-07   26.8   0.0   1   1   3.1e-08   4.9e-07   26.4   0.0    39   134    13   114     2   151 0.71 -
107216at50557_37001_0:0036b4|STRG.915.1:155-595|+      -            147 117348at50557        -            180   5.2e-07   26.3   0.1   1   1   5.2e-08   8.3e-07   25.7   0.1    64   140    34   115     4   146 0.70 -
107216at50557_37001_0:0036b4|STRG.915.2:1-438|+        -            146 117348at50557        -            180   5.2e-07   26.3   0.1   1   1   5.4e-08   8.6e-07   25.6   0.1    64   140    33   114     6   145 0.70 -
107216at50557_51655_0:0016fc|STRG.4508.1:12-554|+      -            181 117348at50557        -            180   5.8e-07   26.2   0.1   1   1   4.4e-08     7e-07   25.9   0.1    49   174    30   161     3   167 0.67 -
107216at50557_37001_0:0036b4|STRG.915.3:6-389|+        -            128 117348at50557        -            180   6.4e-07   26.0   0.1   1   1   5.8e-08   9.2e-07   25.5   0.1    66   140    17    96     2   127 0.70 -
107216at50557_121225_0:0005b8|STRG.11564.1:158-457|+   -            100 117348at50557        -            180   6.7e-07   26.0   0.3   1   1   5.2e-08   8.2e-07   25.7   0.3    18   103     1    83     1    93 0.86 -
107216at50557_28612_0:00371f|STRG.11722.4:7-551|+      -            174 117348at50557        -            180     1e-06   25.4   0.0   1   1     8e-08   1.3e-06   25.1   0.0    19   135     8   124     4   162 0.71 -
107216at50557_79782_0:001283|STRG.19337.1:27-521|+     -            165 117348at50557        -            180   1.4e-06   24.9   0.0   1   1   1.2e-07   1.8e-06   24.6   0.0    50   170    27   157     4   164 0.69 -
107216at50557_224129_0:00130a|STRG.9502.1:554-1144|+   -            197 117348at50557        -            180   1.5e-06   24.8   0.1   1   1   1.2e-07     2e-06   24.5   0.1    54   142    48   145    12   180 0.70 -
107216at50557_121225_0:0005b8|STRG.21646.1:1153-1434|+ -             94 117348at50557        -            180   1.8e-06   24.6   0.1   1   1   1.2e-07   1.9e-06   24.5   0.1    18   109     3    91     1    94 0.67 -
107216at50557_39758_0:004d90|STRG.9502.2:596-997|+     -            134 117348at50557        -            180   1.8e-06   24.6   0.1   1   1   1.3e-07   2.1e-06   24.3   0.1    54   136    34   125     5   132 0.74 -
107216at50557_79782_0:001283|STRG.21070.1:21-596|+     -            192 117348at50557        -            180   2.1e-06   24.3   0.1   1   1   4.4e-07   6.9e-06   22.7   0.1    20   172     2   160     1   169 0.76 -
107216at50557_28612_0:00371f|STRG.21730.1:114-677|+    -            188 117348at50557        -            180   2.2e-06   24.3   0.0   1   1   2.6e-07   4.1e-06   23.4   0.0    20   108     4    89     2   130 0.72 -
107216at50557_28612_0:00371f|STRG.21730.2:666-1229|+   -            188 117348at50557        -            180   2.2e-06   24.3   0.0   1   1   2.6e-07   4.1e-06   23.4   0.0    20   108     4    89     2   130 0.72 -
107216at50557_28612_0:00371f|STRG.21730.3:21-584|+     -            188 117348at50557        -            180   2.2e-06   24.3   0.0   1   1   2.6e-07   4.1e-06   23.4   0.0    20   108     4    89     2   130 0.72 -
107216at50557_39758_0:004d90|STRG.2103.1:196-735|+     -            180 117348at50557        -            180     3e-06   23.9   0.4   1   1   3.6e-07   5.7e-06   22.9   0.4    18   135     8   127     3   170 0.71 -
107216at50557_13037_0:003198|STRG.24272.1:6-653|+      -            216 117348at50557        -            180   4.3e-06   23.3   0.0   1   1   6.4e-07     1e-05   22.1   0.0    65   174    53   169     6   175 0.68 -
107216at50557_166423_0:003aab|STRG.13165.1:3-434|+     -            144 117348at50557        -            180   4.4e-06   23.3   0.0   1   1   3.5e-07   5.5e-06   23.0   0.0    63   170     2   112     1   122 0.75 -
117348at50557_286706_0:00013d|STRG.10307.1:233-601|+   -            123 117348at50557        -            180   4.7e-06   23.2   0.0   1   1   3.4e-07   5.4e-06   23.0   0.0    21   112     2    95     1   107 0.79 -
117348at50557_286706_0:00013d|STRG.10307.2:411-779|+   -            123 117348at50557        -            180   4.7e-06   23.2   0.0   1   1   3.4e-07   5.4e-06   23.0   0.0    21   112     2    95     1   107 0.79 -
107216at50557_7038_0:002032|STRG.16916.2:185-673|+     -            163 117348at50557        -            180   4.9e-06   23.2   0.0   1   1   3.6e-07   5.8e-06   22.9   0.0    44   134    18   116     1   156 0.66 -
117348at50557_568069_0:002efe|STRG.5915.1:519-857|+    -            113 117348at50557        -            180   5.8e-06   22.9   0.1   1   1   1.5e-06   2.3e-05   21.0   0.1    55   134    18   113     1   113 0.76 -
107216at50557_7038_0:002032|STRG.16916.4:0-464|+       -            155 117348at50557        -            180   6.4e-06   22.8   0.0   1   1     5e-07   7.9e-06   22.5   0.0    50   134    15   108     2   147 0.67 -
107216at50557_610380_0:0008de|STRG.16916.3:351-854|+   -            168 117348at50557        -            180   7.2e-06   22.6   0.0   1   1     6e-07   9.4e-06   22.2   0.0    49   134    27   121    13   159 0.68 -
107216at50557_79782_0:001283|STRG.21070.2:21-714|+     -            185 117348at50557        -            180   9.1e-06   22.3   0.1   1   1   2.2e-06   3.4e-05   20.4   0.1    38   172    12   153     3   161 0.80 -
107216at50557_37001_0:0036b4|STRG.8886.1:231-710|+     -            160 117348at50557        -            180     2e-05   21.1   0.2   1   1   1.3e-06     2e-05   21.1   0.2    62   136    40   121     1   160 0.70 -
107216at50557_37001_0:0036b4|STRG.8886.2:238-717|+     -            160 117348at50557        -            180     2e-05   21.1   0.2   1   1   1.3e-06     2e-05   21.1   0.2    62   136    40   121     1   160 0.70 -
107216at50557_37001_0:0036b4|STRG.8886.3:18-497|+      -            160 117348at50557        -            180     2e-05   21.1   0.2   1   1   1.3e-06     2e-05   21.1   0.2    62   136    40   121     1   160 0.70 -
117348at50557_132113_0:001ccb|STRG.12376.1:519-839|+   -            107 117348at50557        -            180   2.3e-05   21.0   0.1   1   1   2.6e-06   4.1e-05   20.1   0.1    56   104    15    63     5   107 0.87 -
107216at50557_116153_0:001c3c|STRG.23319.1:95-610|+    -            172 117348at50557        -            180   3.4e-05   20.4   0.0   1   1   2.5e-06     4e-05   20.2   0.0    56   136    51   132     8   165 0.69 -
107216at50557_116153_0:001c3c|STRG.23319.2:670-1185|+  -            172 117348at50557        -            180   3.4e-05   20.4   0.0   1   1   2.5e-06     4e-05   20.2   0.0    56   136    51   132     8   165 0.69 -
107216at50557_116153_0:001c3c|STRG.23319.3:0-515|+     -            172 117348at50557        -            180   3.4e-05   20.4   0.0   1   1   2.5e-06     4e-05   20.2   0.0    56   136    51   132     8   165 0.69 -
107216at50557_51655_0:0016fc|STRG.11232.1:322-669|+    -            116 117348at50557        -            180   4.2e-05   20.1   0.0   1   1     3e-06   4.8e-05   19.9   0.0    22   101     4    80     1    92 0.73 -
107216at50557_51655_0:0016fc|STRG.11232.2:318-665|+    -            116 117348at50557        -            180   4.2e-05   20.1   0.0   1   1     3e-06   4.8e-05   19.9   0.0    22   101     4    80     1    92 0.73 -
107216at50557_104452_0:000bc4|STRG.9703.1:714-1091|+   -            126 117348at50557        -            180   6.6e-05   19.5   0.0   1   1   4.5e-06     7e-05   19.4   0.0    64   136    44   122     1   126 0.67 -
107216at50557_39758_0:004d90|STRG.2933.2:9-491|+       -            161 117348at50557        -            180   9.6e-05   19.0   0.0   1   1   6.3e-06    0.0001   18.9   0.0    64   135    43   120     2   159 0.81 -
107216at50557_51655_0:0016fc|STRG.9703.2:144-629|+     -            162 117348at50557        -            180   0.00011   18.7   0.0   1   1   8.4e-06   0.00013   18.5   0.0    64   136    44   122     1   138 0.69 -
107216at50557_197043_0:004b88|STRG.18922.1:223-741|+   -            173 117348at50557        -            180   0.00014   18.4   0.2   1   1     1e-05   0.00017   18.2   0.2    62   138    52   134    12   139 0.78 -
107216at50557_197043_0:004b88|STRG.18922.2:210-728|+   -            173 117348at50557        -            180   0.00014   18.4   0.2   1   1     1e-05   0.00017   18.2   0.2    62   138    52   134    12   139 0.78 -
107216at50557_51655_0:0016fc|STRG.6522.1:601-1104|+    -            168 117348at50557        -            180   0.00018   18.1   0.0   1   1   1.6e-05   0.00025   17.6   0.0    59   135    46   132     4   138 0.62 -
107216at50557_51655_0:0016fc|STRG.5112.1:100-597|+     -            166 117348at50557        -            180   0.00019   18.0   0.0   1   1   1.5e-05   0.00023   17.7   0.0    59   134    35   117     1   148 0.69 -
107216at50557_51655_0:0016fc|STRG.5112.2:696-1193|+    -            166 117348at50557        -            180   0.00019   18.0   0.0   1   1   1.5e-05   0.00023   17.7   0.0    59   134    35   117     1   148 0.69 -
107216at50557_51655_0:0016fc|STRG.5112.3:235-732|+     -            166 117348at50557        -            180   0.00019   18.0   0.0   1   1   1.5e-05   0.00023   17.7   0.0    59   134    35   117     1   148 0.69 -
107216at50557_51655_0:0016fc|STRG.5112.4:1787-2284|+   -            166 117348at50557        -            180   0.00019   18.0   0.0   1   1   1.5e-05   0.00023   17.7   0.0    59   134    35   117     1   148 0.69 -
107216at50557_51655_0:0016fc|STRG.5112.5:18-515|+      -            166 117348at50557        -            180   0.00019   18.0   0.0   1   1   1.5e-05   0.00023   17.7   0.0    59   134    35   117     1   148 0.69 -
107216at50557_79782_0:001283|STRG.2259.1:0-548|+       -            183 117348at50557        -            180   0.00031   17.3   0.0   1   1   2.2e-05   0.00034   17.2   0.0    64   174    56   170    11   176 0.67 -
107216at50557_139723_0:001fab|STRG.11743.1:9-491|+     -            161 117348at50557        -            180    0.0015   15.1   0.3   1   1    0.0001    0.0016   14.9   0.3    63   162    42   145     1   161 0.70 -
107216at50557_7394_0:0010f2|STRG.2854.1:422-918|+      -            162 117348at50557        -            180    0.0023   14.5   0.2   1   2      0.22       3.5    4.1   0.0    28    80    15    69     1    73 0.48 -
107216at50557_7394_0:0010f2|STRG.2854.1:422-918|+      -            162 117348at50557        -            180    0.0023   14.5   0.2   2   2    0.0091      0.14    8.6   0.0   124   180    77   131    72   131 0.88 -
107216at50557_197043_0:004b88|STRG.6952.1:3516-3896|+  -            127 117348at50557        -            180    0.0038   13.8   0.0   1   1   0.00027    0.0043   13.6   0.0    19    98     9    86     3   122 0.81 -
107216at50557_197043_0:004b88|STRG.19050.1:873-1430|+  -            186 117348at50557        -            180    0.0053   13.3   0.0   1   1   0.00036    0.0058   13.2   0.0    91   167    70   149     2   161 0.73 -
107216at50557_197043_0:004b88|STRG.19050.2:677-1234|+  -            186 117348at50557        -            180    0.0053   13.3   0.0   1   1   0.00036    0.0058   13.2   0.0    91   167    70   149     2   161 0.73 -
107216at50557_197043_0:004b88|STRG.19050.3:36-593|+    -            186 117348at50557        -            180    0.0053   13.3   0.0   1   1   0.00036    0.0058   13.2   0.0    91   167    70   149     2   161 0.73 -
107216at50557_7029_0:005ca6|STRG.8716.1:134-796|+      -            221 117348at50557        -            180    0.0065   13.0   0.1   1   2    0.0041     0.064    9.8   0.0    71   110    55    94    46   109 0.84 -
107216at50557_7029_0:005ca6|STRG.8716.1:134-796|+      -            221 117348at50557        -            180    0.0065   13.0   0.1   2   2       2.8        44    0.5   0.0   113   133   120   140    99   150 0.77 -
107216at50557_104452_0:000bc4|STRG.6123.1:1151-1564|+  -            138 117348at50557        -            180     0.015   11.8   0.0   1   1     0.001     0.016   11.7   0.0   112   131   105   124     2   132 0.77 -
#
# Program:         hmmsearch
# Version:         3.4 (Aug 2023)
# Pipeline mode:   SEARCH
# Query file:      /home/justine/projet_tutore/busco_downloads/lineages/insecta_odb10/hmms/117348at50557.hmm
# Target file:     annotation_analysis/annotation_gca/T_cornetzi/busco_output/run_insecta_odb10/metaeuk_output/rerun_results/assembled_transcripts.fasta.modified.fas
# Option settings: hmmsearch --domtblout annotation_analysis/annotation_gca/T_cornetzi/busco_output/run_insecta_odb10/hmmer_output/rerun_results/117348at50557.out --cpu 1 /home/justine/projet_tutore/busco_downloads/lineages/insecta_odb10/hmms/117348at50557.hmm annotation_analysis/annotation_gca/T_cornetzi/busco_output/run_insecta_odb10/metaeuk_output/rerun_results/assembled_transcripts.fasta.modified.fas 
# Current dir:     /home/justine/projet_tutore
# Date:            Sun Dec  1 22:56:27 2024
# [ok]
