#                                                                                                             --- full sequence --- -------------- this domain -------------   hmm coord   ali coord   env coord
# target name                                         accession   tlen query name           accession   qlen   E-value  score  bias   #  of  c-Evalue  i-Evalue  score  bias  from    to  from    to  from    to  acc description of target
#                                 ------------------- ---------- ----- -------------------- ---------- ----- --------- ------ ----- --- --- --------- --------- ------ ----- ----- ----- ----- ----- ----- ----- ---- ---------------------
139832at50557_197043_0:00604b|STRG.8362.2:1307-1582|+ -             92 139832at50557        -             99   1.2e-28   95.7   0.2   1   1   7.1e-31   1.5e-28   95.3   0.2    51    99     1    49     1    49 0.99 -
139832at50557_315563_0:0025cb|STRG.22491.1:609-836|+  -             76 139832at50557        -             99   9.9e-12   41.4   0.4   1   1   5.4e-14   1.2e-11   41.2   0.4    29    81    26    76     6    76 0.89 -
139832at50557_7038_0:002dbe|STRG.3855.1:729-1097|+    -            123 139832at50557        -             99   8.2e-11   38.5   1.8   1   3       3.3     7e+02   -3.0   0.0    56    64     2    10     1    16 0.81 -
139832at50557_7038_0:002dbe|STRG.3855.1:729-1097|+    -            123 139832at50557        -             99   8.2e-11   38.5   1.8   2   3      0.26        55    0.5   0.1    14    42    20    48    10    52 0.77 -
139832at50557_7038_0:002dbe|STRG.3855.1:729-1097|+    -            123 139832at50557        -             99   8.2e-11   38.5   1.8   3   3     1e-12   2.2e-10   37.1   0.0    30    82    66   116    56   122 0.87 -
139832at50557_108931_0:003613|STRG.17421.1:7-435|+    -            143 139832at50557        -             99   2.1e-10   37.2   0.2   1   1   1.3e-12   2.8e-10   36.8   0.2    21    83    77   138    59   143 0.79 -
139832at50557_38123_0:000fdc|STRG.18479.2:494-787|+   -             98 139832at50557        -             99   3.8e-09   33.1   0.1   1   1     2e-11   4.2e-09   33.0   0.1    30    87    30    86    12    97 0.84 -
139832at50557_1155016_0:001c63|STRG.7078.2:480-743|+  -             88 139832at50557        -             99   8.7e-08   28.8   0.1   1   1   5.1e-10   1.1e-07   28.4   0.1    38    88     1    50     1    57 0.88 -
139832at50557_28588_0:0017a6|STRG.17474.3:536-1054|+  -            173 139832at50557        -             99   1.5e-05   21.6   0.2   1   1   8.7e-08   1.9e-05   21.3   0.2    18    55   110   147    80   173 0.82 -
139832at50557_143995_0:00034e|STRG.8366.1:66-395|+    -            110 139832at50557        -             99   0.00012   18.7   0.0   1   1   8.7e-07   0.00019   18.1   0.0     2    21    87   106    86   110 0.86 -
#
# Program:         hmmsearch
# Version:         3.4 (Aug 2023)
# Pipeline mode:   SEARCH
# Query file:      /home/justine/projet_tutore/busco_downloads/lineages/insecta_odb10/hmms/139832at50557.hmm
# Target file:     annotation_analysis/annotation_gca/T_cornetzi/busco_output/run_insecta_odb10/metaeuk_output/rerun_results/assembled_transcripts.fasta.modified.fas
# Option settings: hmmsearch --domtblout annotation_analysis/annotation_gca/T_cornetzi/busco_output/run_insecta_odb10/hmmer_output/rerun_results/139832at50557.out --cpu 1 /home/justine/projet_tutore/busco_downloads/lineages/insecta_odb10/hmms/139832at50557.hmm annotation_analysis/annotation_gca/T_cornetzi/busco_output/run_insecta_odb10/metaeuk_output/rerun_results/assembled_transcripts.fasta.modified.fas 
# Current dir:     /home/justine/projet_tutore
# Date:            Sun Dec  1 22:56:26 2024
# [ok]
