#                                                                                                             --- full sequence --- -------------- this domain -------------   hmm coord   ali coord   env coord
# target name                                         accession   tlen query name           accession   qlen   E-value  score  bias   #  of  c-Evalue  i-Evalue  score  bias  from    to  from    to  from    to  acc description of target
#                                 ------------------- ---------- ----- -------------------- ---------- ----- --------- ------ ----- --- --- --------- --------- ------ ----- ----- ----- ----- ----- ----- ----- ---- ---------------------
35897at50557_1507135_0:001cf3|STRG.12254.1:275-967|+  -            231 35897at50557         -            554   3.8e-88  291.7   3.0   1   1   1.1e-89   4.6e-88  291.4   3.0   361   554    15   222     5   222 0.92 -
35897at50557_1507135_0:001cf3|STRG.12254.2:275-1004|+ -            231 35897at50557         -            554   3.8e-88  291.7   3.0   1   1   1.1e-89   4.6e-88  291.4   3.0   361   554    15   222     5   222 0.92 -
35897at50557_568069_0:0003b4|STRG.6800.1:768-2357|+   -            530 35897at50557         -            554     2e-16   54.9  17.8   1   5   5.2e-06   0.00022   15.2   0.6   105   195    12   103     4   124 0.48 -
35897at50557_568069_0:0003b4|STRG.6800.1:768-2357|+   -            530 35897at50557         -            554     2e-16   54.9  17.8   2   5   7.4e-06   0.00031   14.7   0.4   250   359   126   243   122   248 0.76 -
35897at50557_568069_0:0003b4|STRG.6800.1:768-2357|+   -            530 35897at50557         -            554     2e-16   54.9  17.8   3   5     0.001     0.042    7.7   1.6   290   343   249   306   234   312 0.82 -
35897at50557_568069_0:0003b4|STRG.6800.1:768-2357|+   -            530 35897at50557         -            554     2e-16   54.9  17.8   4   5   7.7e-05    0.0032   11.4   0.0   246   308   334   398   330   412 0.74 -
35897at50557_568069_0:0003b4|STRG.6800.1:768-2357|+   -            530 35897at50557         -            554     2e-16   54.9  17.8   5   5     1e-05   0.00042   14.3   0.1   272   346   429   508   399   511 0.80 -
35897at50557_568069_0:0003b4|STRG.6800.2:768-2357|+   -            530 35897at50557         -            554     2e-16   54.9  17.8   1   5   5.2e-06   0.00022   15.2   0.6   105   195    12   103     4   124 0.48 -
35897at50557_568069_0:0003b4|STRG.6800.2:768-2357|+   -            530 35897at50557         -            554     2e-16   54.9  17.8   2   5   7.4e-06   0.00031   14.7   0.4   250   359   126   243   122   248 0.76 -
35897at50557_568069_0:0003b4|STRG.6800.2:768-2357|+   -            530 35897at50557         -            554     2e-16   54.9  17.8   3   5     0.001     0.042    7.7   1.6   290   343   249   306   234   312 0.82 -
35897at50557_568069_0:0003b4|STRG.6800.2:768-2357|+   -            530 35897at50557         -            554     2e-16   54.9  17.8   4   5   7.7e-05    0.0032   11.4   0.0   246   308   334   398   330   412 0.74 -
35897at50557_568069_0:0003b4|STRG.6800.2:768-2357|+   -            530 35897at50557         -            554     2e-16   54.9  17.8   5   5     1e-05   0.00042   14.3   0.1   272   346   429   508   399   511 0.80 -
35897at50557_568069_0:0003b4|STRG.6800.3:661-2250|+   -            530 35897at50557         -            554     2e-16   54.9  17.8   1   5   5.2e-06   0.00022   15.2   0.6   105   195    12   103     4   124 0.48 -
35897at50557_568069_0:0003b4|STRG.6800.3:661-2250|+   -            530 35897at50557         -            554     2e-16   54.9  17.8   2   5   7.4e-06   0.00031   14.7   0.4   250   359   126   243   122   248 0.76 -
35897at50557_568069_0:0003b4|STRG.6800.3:661-2250|+   -            530 35897at50557         -            554     2e-16   54.9  17.8   3   5     0.001     0.042    7.7   1.6   290   343   249   306   234   312 0.82 -
35897at50557_568069_0:0003b4|STRG.6800.3:661-2250|+   -            530 35897at50557         -            554     2e-16   54.9  17.8   4   5   7.7e-05    0.0032   11.4   0.0   246   308   334   398   330   412 0.74 -
35897at50557_568069_0:0003b4|STRG.6800.3:661-2250|+   -            530 35897at50557         -            554     2e-16   54.9  17.8   5   5     1e-05   0.00042   14.3   0.1   272   346   429   508   399   511 0.80 -
35897at50557_568069_0:0003b4|STRG.6800.4:772-2361|+   -            530 35897at50557         -            554     2e-16   54.9  17.8   1   5   5.2e-06   0.00022   15.2   0.6   105   195    12   103     4   124 0.48 -
35897at50557_568069_0:0003b4|STRG.6800.4:772-2361|+   -            530 35897at50557         -            554     2e-16   54.9  17.8   2   5   7.4e-06   0.00031   14.7   0.4   250   359   126   243   122   248 0.76 -
35897at50557_568069_0:0003b4|STRG.6800.4:772-2361|+   -            530 35897at50557         -            554     2e-16   54.9  17.8   3   5     0.001     0.042    7.7   1.6   290   343   249   306   234   312 0.82 -
35897at50557_568069_0:0003b4|STRG.6800.4:772-2361|+   -            530 35897at50557         -            554     2e-16   54.9  17.8   4   5   7.7e-05    0.0032   11.4   0.0   246   308   334   398   330   412 0.74 -
35897at50557_568069_0:0003b4|STRG.6800.4:772-2361|+   -            530 35897at50557         -            554     2e-16   54.9  17.8   5   5     1e-05   0.00042   14.3   0.1   272   346   429   508   399   511 0.80 -
35897at50557_7176_0:001a60|STRG.365.1:1001-2452|+     -            484 35897at50557         -            554   2.6e-15   51.3   0.3   1   4    0.0015     0.064    7.1   0.0   303   357    17    77     3    84 0.56 -
35897at50557_7176_0:001a60|STRG.365.1:1001-2452|+     -            484 35897at50557         -            554   2.6e-15   51.3   0.3   2   4   5.1e-08   2.1e-06   21.8   0.0    48   110    85   148    81   231 0.88 -
35897at50557_7176_0:001a60|STRG.365.1:1001-2452|+     -            484 35897at50557         -            554   2.6e-15   51.3   0.3   3   4   3.8e-06   0.00016   15.7   0.1   258   342   305   398   295   404 0.79 -
35897at50557_7176_0:001a60|STRG.365.1:1001-2452|+     -            484 35897at50557         -            554   2.6e-15   51.3   0.3   4   4     0.086       3.6    1.3   0.0   239   271   424   455   412   479 0.76 -
35897at50557_7176_0:001a60|STRG.365.2:935-2386|+      -            484 35897at50557         -            554   2.6e-15   51.3   0.3   1   4    0.0015     0.064    7.1   0.0   303   357    17    77     3    84 0.56 -
35897at50557_7176_0:001a60|STRG.365.2:935-2386|+      -            484 35897at50557         -            554   2.6e-15   51.3   0.3   2   4   5.1e-08   2.1e-06   21.8   0.0    48   110    85   148    81   231 0.88 -
35897at50557_7176_0:001a60|STRG.365.2:935-2386|+      -            484 35897at50557         -            554   2.6e-15   51.3   0.3   3   4   3.8e-06   0.00016   15.7   0.1   258   342   305   398   295   404 0.79 -
35897at50557_7176_0:001a60|STRG.365.2:935-2386|+      -            484 35897at50557         -            554   2.6e-15   51.3   0.3   4   4     0.086       3.6    1.3   0.0   239   271   424   455   412   479 0.76 -
35897at50557_7176_0:001a60|STRG.365.3:2702-4153|+     -            484 35897at50557         -            554   2.6e-15   51.3   0.3   1   4    0.0015     0.064    7.1   0.0   303   357    17    77     3    84 0.56 -
35897at50557_7176_0:001a60|STRG.365.3:2702-4153|+     -            484 35897at50557         -            554   2.6e-15   51.3   0.3   2   4   5.1e-08   2.1e-06   21.8   0.0    48   110    85   148    81   231 0.88 -
35897at50557_7176_0:001a60|STRG.365.3:2702-4153|+     -            484 35897at50557         -            554   2.6e-15   51.3   0.3   3   4   3.8e-06   0.00016   15.7   0.1   258   342   305   398   295   404 0.79 -
35897at50557_7176_0:001a60|STRG.365.3:2702-4153|+     -            484 35897at50557         -            554   2.6e-15   51.3   0.3   4   4     0.086       3.6    1.3   0.0   239   271   424   455   412   479 0.76 -
35897at50557_7176_0:001a60|STRG.365.4:308-1759|+      -            484 35897at50557         -            554   2.6e-15   51.3   0.3   1   4    0.0015     0.064    7.1   0.0   303   357    17    77     3    84 0.56 -
35897at50557_7176_0:001a60|STRG.365.4:308-1759|+      -            484 35897at50557         -            554   2.6e-15   51.3   0.3   2   4   5.1e-08   2.1e-06   21.8   0.0    48   110    85   148    81   231 0.88 -
35897at50557_7176_0:001a60|STRG.365.4:308-1759|+      -            484 35897at50557         -            554   2.6e-15   51.3   0.3   3   4   3.8e-06   0.00016   15.7   0.1   258   342   305   398   295   404 0.79 -
35897at50557_7176_0:001a60|STRG.365.4:308-1759|+      -            484 35897at50557         -            554   2.6e-15   51.3   0.3   4   4     0.086       3.6    1.3   0.0   239   271   424   455   412   479 0.76 -
35897at50557_7004_0:0007c4|STRG.2764.1:607-1569|+     -            321 35897at50557         -            554     3e-06   21.3   0.1   1   3       1.4        59   -2.7   0.0   252   276     2    26     1    29 0.89 -
35897at50557_7004_0:0007c4|STRG.2764.1:607-1569|+     -            321 35897at50557         -            554     3e-06   21.3   0.1   2   3     5e-06   0.00021   15.3   0.0   179   348    36   223    13   231 0.73 -
35897at50557_7004_0:0007c4|STRG.2764.1:607-1569|+     -            321 35897at50557         -            554     3e-06   21.3   0.1   3   3   0.00032     0.013    9.3   0.1    35   132   188   284   186   304 0.76 -
35897at50557_7536_0:000f2f|STRG.16481.1:505-1173|+    -            223 35897at50557         -            554     1e-05   19.6   0.4   1   3     0.002     0.083    6.7   0.0   298   348    28    82    14   136 0.59 -
35897at50557_7536_0:000f2f|STRG.16481.1:505-1173|+    -            223 35897at50557         -            554     1e-05   19.6   0.4   2   3   0.00031     0.013    9.3   0.4   381   462    86   168    77   184 0.80 -
35897at50557_7536_0:000f2f|STRG.16481.1:505-1173|+    -            223 35897at50557         -            554     1e-05   19.6   0.4   3   3   0.00072      0.03    8.1   0.1    54   127   148   223   140   223 0.83 -
35897at50557_7536_0:000f2f|STRG.3561.1:574-1149|+     -            192 35897at50557         -            554   1.1e-05   19.5   0.0   1   2    0.0095       0.4    4.4   0.0   171   200    26    55     4    66 0.66 -
35897at50557_7536_0:000f2f|STRG.3561.1:574-1149|+     -            192 35897at50557         -            554   1.1e-05   19.5   0.0   2   2   3.8e-05    0.0016   12.4   0.0   248   347    71   177    67   186 0.80 -
35897at50557_7536_0:000f2f|STRG.3561.2:587-1162|+     -            192 35897at50557         -            554   1.1e-05   19.5   0.0   1   2    0.0095       0.4    4.4   0.0   171   200    26    55     4    66 0.66 -
35897at50557_7536_0:000f2f|STRG.3561.2:587-1162|+     -            192 35897at50557         -            554   1.1e-05   19.5   0.0   2   2   3.8e-05    0.0016   12.4   0.0   248   347    71   177    67   186 0.80 -
35897at50557_7536_0:000f2f|STRG.3561.3:585-1160|+     -            192 35897at50557         -            554   1.1e-05   19.5   0.0   1   2    0.0095       0.4    4.4   0.0   171   200    26    55     4    66 0.66 -
35897at50557_7536_0:000f2f|STRG.3561.3:585-1160|+     -            192 35897at50557         -            554   1.1e-05   19.5   0.0   2   2   3.8e-05    0.0016   12.4   0.0   248   347    71   177    67   186 0.80 -
35897at50557_7536_0:000f2f|STRG.3561.4:576-1151|+     -            192 35897at50557         -            554   1.1e-05   19.5   0.0   1   2    0.0095       0.4    4.4   0.0   171   200    26    55     4    66 0.66 -
35897at50557_7536_0:000f2f|STRG.3561.4:576-1151|+     -            192 35897at50557         -            554   1.1e-05   19.5   0.0   2   2   3.8e-05    0.0016   12.4   0.0   248   347    71   177    67   186 0.80 -
35897at50557_1507135_0:001cf3|STRG.11506.1:267-1190|+ -            308 35897at50557         -            554   1.2e-05   19.4  12.7   1   3   9.2e-06   0.00039   14.4   0.8   297   361     8    78     2    83 0.82 -
35897at50557_1507135_0:001cf3|STRG.11506.1:267-1190|+ -            308 35897at50557         -            554   1.2e-05   19.4  12.7   2   3     0.084       3.5    1.3   1.8    63   141   103   184    75   213 0.60 -
35897at50557_1507135_0:001cf3|STRG.11506.1:267-1190|+ -            308 35897at50557         -            554   1.2e-05   19.4  12.7   3   3   0.00011    0.0045   10.9   0.6   104   166   239   300   171   308 0.71 -
35897at50557_1507135_0:001cf3|STRG.11506.2:459-1382|+ -            308 35897at50557         -            554   1.2e-05   19.4  12.7   1   3   9.2e-06   0.00039   14.4   0.8   297   361     8    78     2    83 0.82 -
35897at50557_1507135_0:001cf3|STRG.11506.2:459-1382|+ -            308 35897at50557         -            554   1.2e-05   19.4  12.7   2   3     0.084       3.5    1.3   1.8    63   141   103   184    75   213 0.60 -
35897at50557_1507135_0:001cf3|STRG.11506.2:459-1382|+ -            308 35897at50557         -            554   1.2e-05   19.4  12.7   3   3   0.00011    0.0045   10.9   0.6   104   166   239   300   171   308 0.71 -
35897at50557_1507135_0:001cf3|STRG.11506.3:459-1382|+ -            308 35897at50557         -            554   1.2e-05   19.4  12.7   1   3   9.2e-06   0.00039   14.4   0.8   297   361     8    78     2    83 0.82 -
35897at50557_1507135_0:001cf3|STRG.11506.3:459-1382|+ -            308 35897at50557         -            554   1.2e-05   19.4  12.7   2   3     0.084       3.5    1.3   1.8    63   141   103   184    75   213 0.60 -
35897at50557_1507135_0:001cf3|STRG.11506.3:459-1382|+ -            308 35897at50557         -            554   1.2e-05   19.4  12.7   3   3   0.00011    0.0045   10.9   0.6   104   166   239   300   171   308 0.71 -
#
# Program:         hmmsearch
# Version:         3.4 (Aug 2023)
# Pipeline mode:   SEARCH
# Query file:      /data/projet1/projet_tutore/busco_downloads/lineages/insecta_odb10/hmms/35897at50557.hmm
# Target file:     annotation_analysis/annotation_gcf/T_zeteki/busco_output/run_insecta_odb10/metaeuk_output/rerun_results/assembled_transcripts.fasta.modified.fas
# Option settings: hmmsearch --domtblout annotation_analysis/annotation_gcf/T_zeteki/busco_output/run_insecta_odb10/hmmer_output/rerun_results/35897at50557.out --cpu 1 /data/projet1/projet_tutore/busco_downloads/lineages/insecta_odb10/hmms/35897at50557.hmm annotation_analysis/annotation_gcf/T_zeteki/busco_output/run_insecta_odb10/metaeuk_output/rerun_results/assembled_transcripts.fasta.modified.fas 
# Current dir:     /data/projet1/projet_tutore
# Date:            Sun Dec  1 21:06:28 2024
# [ok]
