#                                                                                                             --- full sequence --- -------------- this domain -------------   hmm coord   ali coord   env coord
# target name                                         accession   tlen query name           accession   qlen   E-value  score  bias   #  of  c-Evalue  i-Evalue  score  bias  from    to  from    to  from    to  acc description of target
#                                 ------------------- ---------- ----- -------------------- ---------- ----- --------- ------ ----- --- --- --------- --------- ------ ----- ----- ----- ----- ----- ----- ----- ---- ---------------------
10394at50557_52612_0:0049a4|STRG.10694.2:851-1921|+   -            357 10394at50557         -            637     2e-41  137.3   8.9   1   3   8.8e-19   1.1e-17   58.9   0.1   310   391    31   109    24   111 0.91 -
10394at50557_52612_0:0049a4|STRG.10694.2:851-1921|+   -            357 10394at50557         -            637     2e-41  137.3   8.9   2   3   1.5e-16     2e-15   51.4   1.7   189   282   108   206    99   211 0.82 -
10394at50557_52612_0:0049a4|STRG.10694.2:851-1921|+   -            357 10394at50557         -            637     2e-41  137.3   8.9   3   3   9.7e-11   1.2e-09   32.3   0.2   197   280   280   357   251   357 0.87 -
10394at50557_52612_0:0049a4|STRG.10694.4:392-1651|+   -            420 10394at50557         -            637   4.3e-41  136.2   8.9   1   3   1.1e-18   1.5e-17   58.5   0.1   310   391    94   172    87   174 0.91 -
10394at50557_52612_0:0049a4|STRG.10694.4:392-1651|+   -            420 10394at50557         -            637   4.3e-41  136.2   8.9   2   3   2.1e-16   2.6e-15   51.0   1.7   189   282   171   269   162   274 0.82 -
10394at50557_52612_0:0049a4|STRG.10694.4:392-1651|+   -            420 10394at50557         -            637   4.3e-41  136.2   8.9   3   3   1.3e-10   1.6e-09   31.9   0.2   197   280   343   420   314   420 0.87 -
10394at50557_52612_0:0049a4|STRG.10694.9:925-2184|+   -            420 10394at50557         -            637   4.3e-41  136.2   8.9   1   3   1.1e-18   1.5e-17   58.5   0.1   310   391    94   172    87   174 0.91 -
10394at50557_52612_0:0049a4|STRG.10694.9:925-2184|+   -            420 10394at50557         -            637   4.3e-41  136.2   8.9   2   3   2.1e-16   2.6e-15   51.0   1.7   189   282   171   269   162   274 0.82 -
10394at50557_52612_0:0049a4|STRG.10694.9:925-2184|+   -            420 10394at50557         -            637   4.3e-41  136.2   8.9   3   3   1.3e-10   1.6e-09   31.9   0.2   197   280   343   420   314   420 0.87 -
10394at50557_7536_0:0020dc|STRG.10694.1:223-735|+     -            171 10394at50557         -            637   9.6e-33  108.6   3.4   1   2     2e-19   2.6e-18   60.9   0.1   310   391     9    87     3    89 0.92 -
10394at50557_7536_0:0020dc|STRG.10694.1:223-735|+     -            171 10394at50557         -            637   9.6e-33  108.6   3.4   2   2     4e-16   5.2e-15   50.1   1.1   189   267    86   170    78   171 0.82 -
10394at50557_7536_0:0020dc|STRG.10694.3:223-735|+     -            171 10394at50557         -            637   9.6e-33  108.6   3.4   1   2     2e-19   2.6e-18   60.9   0.1   310   391     9    87     3    89 0.92 -
10394at50557_7536_0:0020dc|STRG.10694.3:223-735|+     -            171 10394at50557         -            637   9.6e-33  108.6   3.4   2   2     4e-16   5.2e-15   50.1   1.1   189   267    86   170    78   171 0.82 -
10394at50557_7536_0:0020dc|STRG.16414.2:4088-4735|+   -            216 10394at50557         -            637   7.7e-29   95.7   0.4   1   1   6.7e-30   8.5e-29   95.6   0.4   200   405     4   212     1   216 0.75 -
10394at50557_7536_0:0020dc|STRG.16414.3:4088-4735|+   -            216 10394at50557         -            637   7.7e-29   95.7   0.4   1   1   6.7e-30   8.5e-29   95.6   0.4   200   405     4   212     1   216 0.75 -
10394at50557_7536_0:0020dc|STRG.16414.4:3815-4462|+   -            216 10394at50557         -            637   7.7e-29   95.7   0.4   1   1   6.7e-30   8.5e-29   95.6   0.4   200   405     4   212     1   216 0.75 -
10394at50557_7536_0:0020dc|STRG.16414.1:4088-4705|+   -            206 10394at50557         -            637   1.5e-27   91.5   2.1   1   1   4.7e-28     6e-27   89.5   2.1   200   405     4   202     1   206 0.79 -
10394at50557_7536_0:0020dc|STRG.16414.5:3712-4329|+   -            206 10394at50557         -            637   1.5e-27   91.5   2.1   1   1   4.7e-28     6e-27   89.5   2.1   200   405     4   202     1   206 0.79 -
10394at50557_7536_0:0020dc|STRG.16414.6:3712-4329|+   -            206 10394at50557         -            637   1.5e-27   91.5   2.1   1   1   4.7e-28     6e-27   89.5   2.1   200   405     4   202     1   206 0.79 -
10394at50557_7536_0:0020dc|STRG.16414.7:3439-4056|+   -            206 10394at50557         -            637   1.5e-27   91.5   2.1   1   1   4.7e-28     6e-27   89.5   2.1   200   405     4   202     1   206 0.79 -
10394at50557_52612_0:0049a4|STRG.1146.2:1958-2920|+   -            321 10394at50557         -            637   4.4e-27   89.9   0.0   1   2   8.5e-16   1.1e-14   49.0   0.0   310   393    17    95     8   123 0.85 -
10394at50557_52612_0:0049a4|STRG.1146.2:1958-2920|+   -            321 10394at50557         -            637   4.4e-27   89.9   0.0   2   2   7.9e-13     1e-11   39.2   0.0   205   283   217   296   131   304 0.82 -
10394at50557_378494_0:004c1b|STRG.1146.1:1382-2197|+  -            272 10394at50557         -            637     5e-24   79.9   0.7   1   2   1.9e-11   2.4e-10   34.7   0.3   199   287     2    83     1    90 0.87 -
10394at50557_378494_0:004c1b|STRG.1146.1:1382-2197|+  -            272 10394at50557         -            637     5e-24   79.9   0.7   2   2   3.3e-14   4.2e-13   43.8   0.0   310   375   209   272   199   272 0.93 -
10394at50557_378494_0:004c1b|STRG.1146.3:694-1509|+   -            272 10394at50557         -            637     5e-24   79.9   0.7   1   2   1.9e-11   2.4e-10   34.7   0.3   199   287     2    83     1    90 0.87 -
10394at50557_378494_0:004c1b|STRG.1146.3:694-1509|+   -            272 10394at50557         -            637     5e-24   79.9   0.7   2   2   3.3e-14   4.2e-13   43.8   0.0   310   375   209   272   199   272 0.93 -
10394at50557_197043_0:003f06|STRG.14200.1:1587-2261|+ -            225 10394at50557         -            637   1.4e-23   78.4   0.6   1   2   3.4e-06   4.4e-05   17.3   0.0   241   293     1    52     1    61 0.90 -
10394at50557_197043_0:003f06|STRG.14200.1:1587-2261|+ -            225 10394at50557         -            637   1.4e-23   78.4   0.6   2   2   5.7e-19   7.4e-18   59.5   0.1   202   273   144   215   106   224 0.87 -
10394at50557_7536_0:0020dc|STRG.7368.1:3851-4438|+    -            196 10394at50557         -            637   3.3e-23   77.1   0.0   1   2   6.6e-13   8.5e-12   39.4   0.0   195   284     4    87     1    95 0.90 -
10394at50557_7536_0:0020dc|STRG.7368.1:3851-4438|+    -            196 10394at50557         -            637   3.3e-23   77.1   0.0   2   2   7.5e-12   9.7e-11   36.0   0.0   196   269   127   196   124   196 0.93 -
10394at50557_7536_0:0020dc|STRG.7368.2:3796-4383|+    -            196 10394at50557         -            637   3.3e-23   77.1   0.0   1   2   6.6e-13   8.5e-12   39.4   0.0   195   284     4    87     1    95 0.90 -
10394at50557_7536_0:0020dc|STRG.7368.2:3796-4383|+    -            196 10394at50557         -            637   3.3e-23   77.1   0.0   2   2   7.5e-12   9.7e-11   36.0   0.0   196   269   127   196   124   196 0.93 -
10394at50557_7536_0:0020dc|STRG.7368.3:1879-2466|+    -            196 10394at50557         -            637   3.3e-23   77.1   0.0   1   2   6.6e-13   8.5e-12   39.4   0.0   195   284     4    87     1    95 0.90 -
10394at50557_7536_0:0020dc|STRG.7368.3:1879-2466|+    -            196 10394at50557         -            637   3.3e-23   77.1   0.0   2   2   7.5e-12   9.7e-11   36.0   0.0   196   269   127   196   124   196 0.93 -
10394at50557_7536_0:0020dc|STRG.7368.4:2280-2867|+    -            196 10394at50557         -            637   3.3e-23   77.1   0.0   1   2   6.6e-13   8.5e-12   39.4   0.0   195   284     4    87     1    95 0.90 -
10394at50557_7536_0:0020dc|STRG.7368.4:2280-2867|+    -            196 10394at50557         -            637   3.3e-23   77.1   0.0   2   2   7.5e-12   9.7e-11   36.0   0.0   196   269   127   196   124   196 0.93 -
10394at50557_7536_0:0020dc|STRG.4436.2:2610-3185|+    -            192 10394at50557         -            637   9.8e-19   62.4   0.7   1   2   5.4e-06   6.9e-05   16.6   0.1   206   272     1    63     1    85 0.84 -
10394at50557_7536_0:0020dc|STRG.4436.2:2610-3185|+    -            192 10394at50557         -            637   9.8e-19   62.4   0.7   2   2   1.7e-14   2.2e-13   44.7   0.1   193   287    95   185    89   191 0.90 -
10394at50557_7536_0:0020dc|STRG.4436.3:2480-3055|+    -            192 10394at50557         -            637   9.8e-19   62.4   0.7   1   2   5.4e-06   6.9e-05   16.6   0.1   206   272     1    63     1    85 0.84 -
10394at50557_7536_0:0020dc|STRG.4436.3:2480-3055|+    -            192 10394at50557         -            637   9.8e-19   62.4   0.7   2   2   1.7e-14   2.2e-13   44.7   0.1   193   287    95   185    89   191 0.90 -
10394at50557_7536_0:0020dc|STRG.4436.4:2477-3052|+    -            192 10394at50557         -            637   9.8e-19   62.4   0.7   1   2   5.4e-06   6.9e-05   16.6   0.1   206   272     1    63     1    85 0.84 -
10394at50557_7536_0:0020dc|STRG.4436.4:2477-3052|+    -            192 10394at50557         -            637   9.8e-19   62.4   0.7   2   2   1.7e-14   2.2e-13   44.7   0.1   193   287    95   185    89   191 0.90 -
10394at50557_7536_0:0020dc|STRG.4436.1:2610-3164|+    -            185 10394at50557         -            637     2e-18   61.3   0.9   1   2   4.8e-06   6.2e-05   16.8   0.1   206   272     1    63     1    87 0.84 -
10394at50557_7536_0:0020dc|STRG.4436.1:2610-3164|+    -            185 10394at50557         -            637     2e-18   61.3   0.9   2   2   3.5e-14   4.5e-13   43.7   0.1   193   282    95   180    87   184 0.91 -
10394at50557_121845_0:000983|STRG.20350.1:4273-4677|+ -            135 10394at50557         -            637     1e-15   52.4   0.3   1   2      0.01      0.13    5.8   0.0   196   211    60    75    47    78 0.83 -
10394at50557_121845_0:000983|STRG.20350.1:4273-4677|+ -            135 10394at50557         -            637     1e-15   52.4   0.3   2   2   7.2e-16   9.3e-15   49.2   0.4   311   375    70   135    69   135 0.91 -
10394at50557_121845_0:000983|STRG.20350.2:4054-4458|+ -            135 10394at50557         -            637     1e-15   52.4   0.3   1   2      0.01      0.13    5.8   0.0   196   211    60    75    47    78 0.83 -
10394at50557_121845_0:000983|STRG.20350.2:4054-4458|+ -            135 10394at50557         -            637     1e-15   52.4   0.3   2   2   7.2e-16   9.3e-15   49.2   0.4   311   375    70   135    69   135 0.91 -
10394at50557_121845_0:000983|STRG.20350.3:4054-4458|+ -            135 10394at50557         -            637     1e-15   52.4   0.3   1   2      0.01      0.13    5.8   0.0   196   211    60    75    47    78 0.83 -
10394at50557_121845_0:000983|STRG.20350.3:4054-4458|+ -            135 10394at50557         -            637     1e-15   52.4   0.3   2   2   7.2e-16   9.3e-15   49.2   0.4   311   375    70   135    69   135 0.91 -
10394at50557_121845_0:000983|STRG.20350.4:3546-3950|+ -            135 10394at50557         -            637     1e-15   52.4   0.3   1   2      0.01      0.13    5.8   0.0   196   211    60    75    47    78 0.83 -
10394at50557_121845_0:000983|STRG.20350.4:3546-3950|+ -            135 10394at50557         -            637     1e-15   52.4   0.3   2   2   7.2e-16   9.3e-15   49.2   0.4   311   375    70   135    69   135 0.91 -
10394at50557_121845_0:000983|STRG.20350.5:111-515|+   -            135 10394at50557         -            637     1e-15   52.4   0.3   1   2      0.01      0.13    5.8   0.0   196   211    60    75    47    78 0.83 -
10394at50557_121845_0:000983|STRG.20350.5:111-515|+   -            135 10394at50557         -            637     1e-15   52.4   0.3   2   2   7.2e-16   9.3e-15   49.2   0.4   311   375    70   135    69   135 0.91 -
10394at50557_38123_0:002dad|STRG.6204.2:3093-3443|+   -            117 10394at50557         -            637   1.5e-15   51.8   0.0   1   1   1.2e-16   1.5e-15   51.8   0.0   329   394     1    63     1   102 0.84 -
10394at50557_38123_0:002dad|STRG.6204.6:4540-4890|+   -            117 10394at50557         -            637   1.5e-15   51.8   0.0   1   1   1.2e-16   1.5e-15   51.8   0.0   329   394     1    63     1   102 0.84 -
10394at50557_38123_0:002dad|STRG.6204.3:3093-3449|+   -            119 10394at50557         -            637   2.2e-15   51.3   0.0   1   1   1.8e-16   2.3e-15   51.2   0.0   329   392     1    61     1    86 0.87 -
10394at50557_38123_0:002dad|STRG.6204.4:3057-3413|+   -            119 10394at50557         -            637   2.2e-15   51.3   0.0   1   1   1.8e-16   2.3e-15   51.2   0.0   329   392     1    61     1    86 0.87 -
10394at50557_38123_0:002dad|STRG.6204.5:2535-2891|+   -            119 10394at50557         -            637   2.2e-15   51.3   0.0   1   1   1.8e-16   2.3e-15   51.2   0.0   329   392     1    61     1    86 0.87 -
48837at50557_56086_0:0027d7|STRG.1146.1:2504-2941|+   -            146 10394at50557         -            637   1.9e-12   41.6   0.0   1   1   1.8e-13   2.4e-12   41.3   0.0   205   284    35   115    12   124 0.81 -
48837at50557_56086_0:0027d7|STRG.1146.3:1816-2253|+   -            146 10394at50557         -            637   1.9e-12   41.6   0.0   1   1   1.8e-13   2.4e-12   41.3   0.0   205   284    35   115    12   124 0.81 -
48837at50557_56086_0:0027d7|STRG.1146.2:2504-2833|+   -            110 10394at50557         -            637     5e-12   40.2   0.0   1   1   4.4e-13   5.7e-12   40.0   0.0   205   273    35   106    10   110 0.81 -
48837at50557_93721_0:003c74|STRG.10694.5:1349-1702|+  -            118 10394at50557         -            637   9.4e-12   39.3   0.1   1   1   8.5e-13   1.1e-11   39.1   0.1   197   286    12    95     3   110 0.87 -
48837at50557_93721_0:003c74|STRG.10694.6:594-926|+    -            111 10394at50557         -            637   1.3e-11   38.9   0.1   1   1   1.1e-12   1.4e-11   38.7   0.1   198   286     6    88     1   103 0.88 -
10394at50557_7536_0:0020dc|STRG.12316.3:218-745|+     -            176 10394at50557         -            637   8.9e-11   36.1   0.1   1   1   3.5e-10   4.5e-09   30.5   0.1   229   358    57   176    47   176 0.77 -
10394at50557_7536_0:0020dc|STRG.12316.4:215-742|+     -            176 10394at50557         -            637   8.9e-11   36.1   0.1   1   1   3.5e-10   4.5e-09   30.5   0.1   229   358    57   176    47   176 0.77 -
10394at50557_7536_0:0020dc|STRG.12316.2:448-1032|+    -            195 10394at50557         -            637    0.0025   11.5   0.0   1   2      0.13       1.7    2.1   0.0   233   270    10    47     1    62 0.53 -
10394at50557_7536_0:0020dc|STRG.12316.2:448-1032|+    -            195 10394at50557         -            637    0.0025   11.5   0.0   2   2    0.0031     0.039    7.5   0.0   235   284   102   150    86   162 0.74 -
#
# Program:         hmmsearch
# Version:         3.4 (Aug 2023)
# Pipeline mode:   SEARCH
# Query file:      /home/justine/projet_tutore/busco_downloads/lineages/insecta_odb10/hmms/10394at50557.hmm
# Target file:     annotation_analysis/annotation_gcf/T_cornetzi/busco_output/run_insecta_odb10/metaeuk_output/rerun_results/assembled_transcripts.fasta.modified.fas
# Option settings: hmmsearch --domtblout annotation_analysis/annotation_gcf/T_cornetzi/busco_output/run_insecta_odb10/hmmer_output/rerun_results/10394at50557.out --cpu 1 /home/justine/projet_tutore/busco_downloads/lineages/insecta_odb10/hmms/10394at50557.hmm annotation_analysis/annotation_gcf/T_cornetzi/busco_output/run_insecta_odb10/metaeuk_output/rerun_results/assembled_transcripts.fasta.modified.fas 
# Current dir:     /home/justine/projet_tutore
# Date:            Sun Dec  1 20:43:18 2024
# [ok]
