#                                                                                                             --- full sequence --- -------------- this domain -------------   hmm coord   ali coord   env coord
# target name                                         accession   tlen query name           accession   qlen   E-value  score  bias   #  of  c-Evalue  i-Evalue  score  bias  from    to  from    to  from    to  acc description of target
#                                 ------------------- ---------- ----- -------------------- ---------- ----- --------- ------ ----- --- --- --------- --------- ------ ----- ----- ----- ----- ----- ----- ----- ---- ---------------------
139832at50557_197043_0:00604b|STRG.7293.2:4723-4998|+ -             92 139832at50557        -             99   3.8e-29   95.7   0.2   1   1   1.2e-30   4.8e-29   95.3   0.2    51    99     1    49     1    49 0.99 -
139832at50557_222816_0:00136a|STRG.4537.1:559-1002|+  -            148 139832at50557        -             99   6.4e-14   46.8   0.9   1   1   2.5e-15     1e-13   46.2   0.5    29    81    98   148    73   148 0.90 -
139832at50557_315563_0:0025cb|STRG.19265.1:661-888|+  -             76 139832at50557        -             99   3.1e-12   41.4   0.4   1   1   8.8e-14   3.6e-12   41.2   0.4    29    81    26    76     6    76 0.89 -
139832at50557_7038_0:002dbe|STRG.3384.1:899-1267|+    -            123 139832at50557        -             99   2.6e-11   38.5   1.8   1   3       5.3   2.2e+02   -3.0   0.0    56    64     2    10     1    16 0.81 -
139832at50557_7038_0:002dbe|STRG.3384.1:899-1267|+    -            123 139832at50557        -             99   2.6e-11   38.5   1.8   2   3      0.42        17    0.5   0.1    14    42    20    48    10    52 0.77 -
139832at50557_7038_0:002dbe|STRG.3384.1:899-1267|+    -            123 139832at50557        -             99   2.6e-11   38.5   1.8   3   3   1.7e-12     7e-11   37.1   0.0    30    82    66   116    56   122 0.87 -
139832at50557_108931_0:003613|STRG.14962.1:150-578|+  -            143 139832at50557        -             99   6.5e-11   37.2   0.2   1   1   2.1e-12   8.7e-11   36.8   0.2    21    83    77   138    59   143 0.79 -
139832at50557_38123_0:000fdc|STRG.15871.2:355-648|+   -             98 139832at50557        -             99   1.2e-09   33.1   0.1   1   1   3.2e-11   1.3e-09   33.0   0.1    30    87    30    86    12    97 0.84 -
139832at50557_1155016_0:001c63|STRG.6164.2:847-1110|+ -             88 139832at50557        -             99   2.7e-08   28.8   0.1   1   1   8.3e-10   3.4e-08   28.4   0.1    38    88     1    50     1    57 0.88 -
139832at50557_1155016_0:001c63|STRG.6164.3:817-1080|+ -             88 139832at50557        -             99   2.7e-08   28.8   0.1   1   1   8.3e-10   3.4e-08   28.4   0.1    38    88     1    50     1    57 0.88 -
139832at50557_1155016_0:001c63|STRG.6164.5:523-786|+  -             88 139832at50557        -             99   2.7e-08   28.8   0.1   1   1   8.3e-10   3.4e-08   28.4   0.1    38    88     1    50     1    57 0.88 -
139832at50557_28588_0:0017a6|STRG.15005.4:596-1117|+  -            174 139832at50557        -             99   4.5e-06   21.7   0.2   1   1   1.3e-07   5.5e-06   21.4   0.2    18    55   111   148    80   174 0.81 -
139832at50557_28588_0:0017a6|STRG.15005.10:715-1233|+ -            173 139832at50557        -             99   4.8e-06   21.6   0.2   1   1   1.4e-07   5.9e-06   21.3   0.2    18    55   110   147    80   173 0.82 -
139832at50557_28588_0:0017a6|STRG.15005.2:536-1054|+  -            173 139832at50557        -             99   4.8e-06   21.6   0.2   1   1   1.4e-07   5.9e-06   21.3   0.2    18    55   110   147    80   173 0.82 -
139832at50557_143995_0:00034e|STRG.7296.1:527-856|+   -            110 139832at50557        -             99   3.8e-05   18.7   0.0   1   1   1.4e-06   5.9e-05   18.1   0.0     2    21    87   106    86   110 0.86 -
#
# Program:         hmmsearch
# Version:         3.4 (Aug 2023)
# Pipeline mode:   SEARCH
# Query file:      /home/justine/projet_tutore/busco_downloads/lineages/insecta_odb10/hmms/139832at50557.hmm
# Target file:     annotation_analysis/annotation_gcf/T_cornetzi/busco_output/run_insecta_odb10/metaeuk_output/rerun_results/assembled_transcripts.fasta.modified.fas
# Option settings: hmmsearch --domtblout annotation_analysis/annotation_gcf/T_cornetzi/busco_output/run_insecta_odb10/hmmer_output/rerun_results/139832at50557.out --cpu 1 /home/justine/projet_tutore/busco_downloads/lineages/insecta_odb10/hmms/139832at50557.hmm annotation_analysis/annotation_gcf/T_cornetzi/busco_output/run_insecta_odb10/metaeuk_output/rerun_results/assembled_transcripts.fasta.modified.fas 
# Current dir:     /home/justine/projet_tutore
# Date:            Sun Dec  1 20:43:18 2024
# [ok]
