#                                                                                                            --- full sequence --- -------------- this domain -------------   hmm coord   ali coord   env coord
# target name                                        accession   tlen query name           accession   qlen   E-value  score  bias   #  of  c-Evalue  i-Evalue  score  bias  from    to  from    to  from    to  acc description of target
#                                ------------------- ---------- ----- -------------------- ---------- ----- --------- ------ ----- --- --- --------- --------- ------ ----- ----- ----- ----- ----- ----- ----- ---- ---------------------
100475at50557_103372_0:001add|STRG.5883.1:628-1580|+ -            293 100475at50557        -            188   6.3e-94  312.3   0.1   1   1     7e-97   9.3e-94  311.8   0.1     1   187    10   214    10   215 0.93 -
100475at50557_103372_0:001add|STRG.5883.2:298-1176|+ -            293 100475at50557        -            188   6.3e-94  312.3   0.1   1   1     7e-97   9.3e-94  311.8   0.1     1   187    10   214    10   215 0.93 -
100475at50557_103372_0:001add|STRG.5883.3:298-1065|+ -            256 100475at50557        -            188   9.7e-69  230.2   6.6   1   2   9.3e-13   1.2e-09   37.5   0.2     1    39    10    48    10    58 0.90 -
100475at50557_103372_0:001add|STRG.5883.3:298-1065|+ -            256 100475at50557        -            188   9.7e-69  230.2   6.6   2   2   3.2e-61   4.2e-58  195.5   2.2    78   187    63   177    46   178 0.90 -
28600at50557_568069_0:00390c|STRG.15316.4:213-3137|+ -            975 100475at50557        -            188   9.1e-09   34.6   0.1   1   1   2.3e-11   3.1e-08   32.9   0.1     1   103     7   130     7   141 0.71 -
28600at50557_568069_0:00390c|STRG.15316.2:213-3248|+ -           1012 100475at50557        -            188   9.8e-09   34.5   0.1   1   1   2.5e-11   3.3e-08   32.8   0.1     1   103     7   130     7   141 0.71 -
28600at50557_568069_0:00390c|STRG.15316.3:213-3257|+ -           1015 100475at50557        -            188   9.8e-09   34.5   0.1   1   1   2.5e-11   3.3e-08   32.8   0.1     1   103     7   130     7   141 0.71 -
28600at50557_568069_0:00390c|STRG.15316.1:345-3530|+ -           1062 100475at50557        -            188   1.1e-08   34.4   0.1   1   1   2.6e-11   3.5e-08   32.7   0.1     1   103     7   130     7   141 0.71 -
#
# Program:         hmmsearch
# Version:         3.4 (Aug 2023)
# Pipeline mode:   SEARCH
# Query file:      /home/justine/projet_tutore/busco_downloads/lineages/insecta_odb10/hmms/100475at50557.hmm
# Target file:     annotation_analysis/annotation_gcf/T_cornetzi/busco_output/run_insecta_odb10/metaeuk_output/initial_results/assembled_transcripts.fasta.modified.fas
# Option settings: hmmsearch --domtblout annotation_analysis/annotation_gcf/T_cornetzi/busco_output/run_insecta_odb10/hmmer_output/initial_run_results/100475at50557.out --cpu 1 /home/justine/projet_tutore/busco_downloads/lineages/insecta_odb10/hmms/100475at50557.hmm annotation_analysis/annotation_gcf/T_cornetzi/busco_output/run_insecta_odb10/metaeuk_output/initial_results/assembled_transcripts.fasta.modified.fas 
# Current dir:     /home/justine/projet_tutore
# Date:            Sun Dec  1 20:01:57 2024
# [ok]
