#                                                                                                             --- full sequence --- -------------- this domain -------------   hmm coord   ali coord   env coord
# target name                                         accession   tlen query name           accession   qlen   E-value  score  bias   #  of  c-Evalue  i-Evalue  score  bias  from    to  from    to  from    to  acc description of target
#                                 ------------------- ---------- ----- -------------------- ---------- ----- --------- ------ ----- --- --- --------- --------- ------ ----- ----- ----- ----- ----- ----- ----- ---- ---------------------
102324at50557_103372_0:000722|STRG.15924.1:620-1621|+ -            334 102324at50557        -            201   1.3e-76  255.9  12.0   1   2   2.8e-76   2.6e-73  245.1   4.8     2   188    63   289    62   301 0.86 -
102324at50557_103372_0:000722|STRG.15924.1:620-1621|+ -            334 102324at50557        -            201   1.3e-76  255.9  12.0   2   2   1.9e-05     0.018   13.9   0.7   185   201   311   327   303   327 0.90 -
102324at50557_103372_0:000722|STRG.15924.2:578-1579|+ -            334 102324at50557        -            201   1.3e-76  255.9  12.0   1   2   2.8e-76   2.6e-73  245.1   4.8     2   188    63   289    62   301 0.86 -
102324at50557_103372_0:000722|STRG.15924.2:578-1579|+ -            334 102324at50557        -            201   1.3e-76  255.9  12.0   2   2   1.9e-05     0.018   13.9   0.7   185   201   311   327   303   327 0.90 -
102324at50557_103372_0:000722|STRG.15924.3:577-1578|+ -            334 102324at50557        -            201   1.3e-76  255.9  12.0   1   2   2.8e-76   2.6e-73  245.1   4.8     2   188    63   289    62   301 0.86 -
102324at50557_103372_0:000722|STRG.15924.3:577-1578|+ -            334 102324at50557        -            201   1.3e-76  255.9  12.0   2   2   1.9e-05     0.018   13.9   0.7   185   201   311   327   303   327 0.90 -
102324at50557_79782_0:002749|STRG.2077.1:1082-1816|+  -            245 102324at50557        -            201   7.5e-12   44.5   1.4   1   1   1.6e-14   1.5e-11   43.5   1.4     2   189     2   231     1   245 0.66 -
102324at50557_7536_0:001da9|STRG.16133.1:561-1316|+   -            252 102324at50557        -            201   8.8e-11   41.0   5.2   1   1   1.2e-12   1.1e-09   37.4   5.2     2   196     1   241     1   248 0.67 -
102324at50557_79782_0:002749|STRG.16854.1:1327-1896|+ -            190 102324at50557        -            201   7.8e-09   34.6   0.0   1   1   1.3e-11   1.2e-08   34.1   0.0     2    92     1   109     1   117 0.75 -
102324at50557_211228_0:0011cf|STRG.7515.1:1034-1561|+ -            176 102324at50557        -            201     0.002   17.0   0.2   1   1   4.7e-06    0.0043   15.9   0.2     4   131     6   133     3   176 0.64 -
102324at50557_211228_0:0011cf|STRG.7515.2:821-1348|+  -            176 102324at50557        -            201     0.002   17.0   0.2   1   1   4.7e-06    0.0043   15.9   0.2     4   131     6   133     3   176 0.64 -
102324at50557_211228_0:0011cf|STRG.7515.3:2520-3047|+ -            176 102324at50557        -            201     0.002   17.0   0.2   1   1   4.7e-06    0.0043   15.9   0.2     4   131     6   133     3   176 0.64 -
102324at50557_211228_0:0011cf|STRG.7515.4:1242-1769|+ -            176 102324at50557        -            201     0.002   17.0   0.2   1   1   4.7e-06    0.0043   15.9   0.2     4   131     6   133     3   176 0.64 -
#
# Program:         hmmsearch
# Version:         3.4 (Aug 2023)
# Pipeline mode:   SEARCH
# Query file:      /home/justine/projet_tutore/busco_downloads/lineages/insecta_odb10/hmms/102324at50557.hmm
# Target file:     annotation_analysis/annotation_gcf/T_cornetzi/busco_output/run_insecta_odb10/metaeuk_output/initial_results/assembled_transcripts.fasta.modified.fas
# Option settings: hmmsearch --domtblout annotation_analysis/annotation_gcf/T_cornetzi/busco_output/run_insecta_odb10/hmmer_output/initial_run_results/102324at50557.out --cpu 1 /home/justine/projet_tutore/busco_downloads/lineages/insecta_odb10/hmms/102324at50557.hmm annotation_analysis/annotation_gcf/T_cornetzi/busco_output/run_insecta_odb10/metaeuk_output/initial_results/assembled_transcripts.fasta.modified.fas 
# Current dir:     /home/justine/projet_tutore
# Date:            Sun Dec  1 20:02:01 2024
# [ok]
