#                                                                                                            --- full sequence --- -------------- this domain -------------   hmm coord   ali coord   env coord
# target name                                        accession   tlen query name           accession   qlen   E-value  score  bias   #  of  c-Evalue  i-Evalue  score  bias  from    to  from    to  from    to  acc description of target
#                                ------------------- ---------- ----- -------------------- ---------- ----- --------- ------ ----- --- --- --------- --------- ------ ----- ----- ----- ----- ----- ----- ----- ---- ---------------------
102774at50557_103372_0:0012ad|STRG.2338.1:550-2373|+ -            608 102774at50557        -             52   9.3e-27   92.0   7.4   1   2   3.2e-24   3.7e-21   74.0   0.4     1    39    87   125    87   128 0.97 -
102774at50557_103372_0:0012ad|STRG.2338.1:550-2373|+ -            608 102774at50557        -             52   9.3e-27   92.0   7.4   2   2   1.4e-07   0.00016   20.8   1.8    37    52   146   161   144   161 0.93 -
10008at50557_378494_0:004813|STRG.12396.1:278-556|+  -             93 102774at50557        -             52   0.00071   18.7   0.1   1   1   9.7e-07    0.0011   18.1   0.1     7    28    52    73    47    82 0.89 -
19423at50557_144034_0:001c3e|STRG.2307.1:668-3679|+  -           1004 102774at50557        -             52      0.02   14.1   0.0   1   1   4.9e-05     0.057   12.6   0.0     2    28   365   391   365   407 0.85 -
19423at50557_144034_0:001c3e|STRG.2307.2:668-3748|+  -           1027 102774at50557        -             52      0.02   14.0   0.0   1   1     5e-05     0.058   12.6   0.0     2    28   365   391   365   407 0.85 -
45419at50557_51655_0:002e4f|STRG.9402.1:2597-2839|+  -             81 102774at50557        -             52     0.066   12.4   1.4   1   3      0.11   1.3e+02    1.9   0.0     2    11    17    26    16    29 0.91 -
45419at50557_51655_0:002e4f|STRG.9402.1:2597-2839|+  -             81 102774at50557        -             52     0.066   12.4   1.4   2   3      0.01        12    5.1   0.1    27    36    32    41    30    49 0.78 -
45419at50557_51655_0:002e4f|STRG.9402.1:2597-2839|+  -             81 102774at50557        -             52     0.066   12.4   1.4   3   3      0.06        69    2.7   0.0    27    37    60    70    59    75 0.73 -
45419at50557_51655_0:002e4f|STRG.9402.2:3019-3261|+  -             81 102774at50557        -             52     0.066   12.4   1.4   1   3      0.11   1.3e+02    1.9   0.0     2    11    17    26    16    29 0.91 -
45419at50557_51655_0:002e4f|STRG.9402.2:3019-3261|+  -             81 102774at50557        -             52     0.066   12.4   1.4   2   3      0.01        12    5.1   0.1    27    36    32    41    30    49 0.78 -
45419at50557_51655_0:002e4f|STRG.9402.2:3019-3261|+  -             81 102774at50557        -             52     0.066   12.4   1.4   3   3      0.06        69    2.7   0.0    27    37    60    70    59    75 0.73 -
45419at50557_51655_0:002e4f|STRG.9402.3:2597-2839|+  -             81 102774at50557        -             52     0.066   12.4   1.4   1   3      0.11   1.3e+02    1.9   0.0     2    11    17    26    16    29 0.91 -
45419at50557_51655_0:002e4f|STRG.9402.3:2597-2839|+  -             81 102774at50557        -             52     0.066   12.4   1.4   2   3      0.01        12    5.1   0.1    27    36    32    41    30    49 0.78 -
45419at50557_51655_0:002e4f|STRG.9402.3:2597-2839|+  -             81 102774at50557        -             52     0.066   12.4   1.4   3   3      0.06        69    2.7   0.0    27    37    60    70    59    75 0.73 -
45419at50557_51655_0:002e4f|STRG.9402.4:2834-3076|+  -             81 102774at50557        -             52     0.066   12.4   1.4   1   3      0.11   1.3e+02    1.9   0.0     2    11    17    26    16    29 0.91 -
45419at50557_51655_0:002e4f|STRG.9402.4:2834-3076|+  -             81 102774at50557        -             52     0.066   12.4   1.4   2   3      0.01        12    5.1   0.1    27    36    32    41    30    49 0.78 -
45419at50557_51655_0:002e4f|STRG.9402.4:2834-3076|+  -             81 102774at50557        -             52     0.066   12.4   1.4   3   3      0.06        69    2.7   0.0    27    37    60    70    59    75 0.73 -
#
# Program:         hmmsearch
# Version:         3.4 (Aug 2023)
# Pipeline mode:   SEARCH
# Query file:      /home/justine/projet_tutore/busco_downloads/lineages/insecta_odb10/hmms/102774at50557.hmm
# Target file:     annotation_analysis/annotation_gcf/T_cornetzi/busco_output/run_insecta_odb10/metaeuk_output/initial_results/assembled_transcripts.fasta.modified.fas
# Option settings: hmmsearch --domtblout annotation_analysis/annotation_gcf/T_cornetzi/busco_output/run_insecta_odb10/hmmer_output/initial_run_results/102774at50557.out --cpu 1 /home/justine/projet_tutore/busco_downloads/lineages/insecta_odb10/hmms/102774at50557.hmm annotation_analysis/annotation_gcf/T_cornetzi/busco_output/run_insecta_odb10/metaeuk_output/initial_results/assembled_transcripts.fasta.modified.fas 
# Current dir:     /home/justine/projet_tutore
# Date:            Sun Dec  1 20:02:04 2024
# [ok]
