#                                                                                                               --- full sequence --- -------------- this domain -------------   hmm coord   ali coord   env coord
# target name                                           accession   tlen query name           accession   qlen   E-value  score  bias   #  of  c-Evalue  i-Evalue  score  bias  from    to  from    to  from    to  acc description of target
#                                   ------------------- ---------- ----- -------------------- ---------- ----- --------- ------ ----- --- --- --------- --------- ------ ----- ----- ----- ----- ----- ----- ----- ---- ---------------------
104262at50557_103372_0:002a03|STRG.1864.1:184-843|+     -            220 104262at50557        -            174    1e-104  346.8   4.2   1   1  2.1e-106  1.5e-104  346.2   4.2     1   171     9   190     9   193 0.96 -
104262at50557_103372_0:002a03|STRG.1864.4:166-825|+     -            220 104262at50557        -            174    1e-104  346.8   4.2   1   1  2.1e-106  1.5e-104  346.2   4.2     1   171     9   190     9   193 0.96 -
104262at50557_103372_0:002a03|STRG.1864.3:444-1109|+    -            222 104262at50557        -            174  1.1e-104  346.7   4.2   1   1  2.2e-106  1.5e-104  346.2   4.2     1   171    11   192    11   195 0.96 -
104262at50557_103372_0:002a03|STRG.1864.2:1-1099|+      -            238 104262at50557        -            174  1.3e-104  346.4   4.2   1   1  2.8e-106    2e-104  345.9   4.2     1   171    27   208    27   211 0.96 -
104262at50557_411798_0:001745|STRG.8272.1:622-1149|+    -            176 104262at50557        -            174   1.2e-50  170.7   1.1   1   1   1.9e-52   1.3e-50  170.6   1.1     2   155     5   161     4   176 0.92 -
104262at50557_411798_0:001745|STRG.8272.2:573-1100|+    -            176 104262at50557        -            174   1.2e-50  170.7   1.1   1   1   1.9e-52   1.3e-50  170.6   1.1     2   155     5   161     4   176 0.92 -
104262at50557_51655_0:002f35|STRG.3946.1:567-1199|+     -            211 104262at50557        -            174   2.2e-50  169.8   1.9   1   1     4e-52   2.8e-50  169.5   1.9     4   150    18   167    15   193 0.95 -
104262at50557_39758_0:003743|STRG.3946.2:618-1232|+     -            205 104262at50557        -            174   3.8e-50  169.1   1.8   1   1   6.3e-52   4.3e-50  168.9   1.8     5   150     2   150     1   175 0.95 -
104262at50557_132113_0:00109a|STRG.2132.1:239-748|+     -            170 104262at50557        -            174   1.1e-49  167.6   0.3   1   1   1.8e-51   1.3e-49  167.4   0.3     5   150    12   160     8   167 0.95 -
104262at50557_132113_0:00109a|STRG.2132.2:241-750|+     -            170 104262at50557        -            174   1.1e-49  167.6   0.3   1   1   1.8e-51   1.3e-49  167.4   0.3     5   150    12   160     8   167 0.95 -
104262at50557_610380_0:000ef5|STRG.2522.1:390-1010|+    -            207 104262at50557        -            174   1.8e-47  160.4   0.2   1   1   3.2e-49   2.2e-47  160.1   0.2     5   164     1   173     1   182 0.90 -
104262at50557_132113_0:00109a|STRG.8543.1:474-950|+     -            159 104262at50557        -            174   1.1e-41  141.6   0.9   1   1   1.8e-43   1.2e-41  141.4   0.9     5   150     2   149     1   156 0.95 -
107216at50557_110193_0:000c8b|STRG.4110.1:329-907|+     -            193 104262at50557        -            174   4.5e-37  126.5   0.5   1   1   7.7e-39   5.4e-37  126.3   0.5     2   141     5   147     4   175 0.90 -
107216at50557_103372_0:00094d|STRG.17963.1:386-1030|+   -            215 104262at50557        -            174   1.1e-34  118.7   0.3   1   1     2e-36   1.4e-34  118.4   0.3     2   151     4   156     3   169 0.94 -
107216at50557_13164_0:0032c6|STRG.10268.5:21-533|+      -            171 104262at50557        -            174   4.2e-33  113.6   0.0   1   1   7.3e-35     5e-33  113.3   0.0    12   150     2   144     1   153 0.92 -
107216at50557_39758_0:004d90|STRG.13220.1:287-829|+     -            181 104262at50557        -            174   6.9e-33  112.9   0.1   1   1   1.2e-34   8.1e-33  112.7   0.1     5   150     7   155     3   178 0.94 -
107216at50557_103372_0:00094d|STRG.11470.1:140-706|+    -            189 104262at50557        -            174   3.3e-32  110.7   0.3   1   1   5.7e-34     4e-32  110.4   0.3     6   150     1   148     1   169 0.95 -
108755at50557_178035_0:0020de|STRG.861.2:280-906|+      -            209 104262at50557        -            174   6.7e-32  109.7   1.0   1   1   1.3e-33   9.1e-32  109.2   1.0     9   150    13   157     8   173 0.94 -
108755at50557_456900_0:000c82|STRG.861.1:283-938|+      -            214 104262at50557        -            174   7.2e-32  109.6   1.0   1   1   1.4e-33   9.9e-32  109.1   1.0     9   150    13   157     8   173 0.94 -
107216at50557_39758_0:004d90|STRG.18782.2:536-1042|+    -            169 104262at50557        -            174   1.2e-31  108.8   0.0   1   1     2e-33   1.4e-31  108.6   0.0     5   150     2   149     1   167 0.93 -
107216at50557_7038_0:002032|STRG.10268.4:672-1205|+     -            178 104262at50557        -            174   1.3e-31  108.7   0.0   1   1   2.4e-33   1.7e-31  108.4   0.0     7   150    14   161     7   169 0.91 -
107216at50557_7004_0:001b36|STRG.18782.1:536-1099|+     -            188 104262at50557        -            174   1.5e-31  108.6   0.0   1   1   2.5e-33   1.8e-31  108.3   0.0     5   151     2   150     1   170 0.92 -
104262at50557_28612_0:0030d7|STRG.9356.2:135-857|+      -            219 104262at50557        -            174   1.5e-31  108.6   1.0   1   1   2.7e-33   1.9e-31  108.2   1.0     5   150     5   153     1   183 0.84 -
104262at50557_411798_0:001745|STRG.9356.1:171-815|+     -            215 104262at50557        -            174   3.1e-31  107.5   0.7   1   1   5.6e-33   3.9e-31  107.2   0.7     7   150     3   149     1   180 0.84 -
107216at50557_7038_0:002032|STRG.10268.3:695-1242|+     -            175 104262at50557        -            174   4.8e-29  100.4   0.0   1   1   8.9e-31   6.2e-29  100.0   0.0     7   150    14   158     7   166 0.90 -
104262at50557_178035_0:0010ce|STRG.10123.1:237-548|+    -            104 104262at50557        -            174   6.1e-29  100.0   0.1   1   1   9.8e-31   6.8e-29   99.9   0.1    10   105     1    99     1   103 0.93 -
129498at50557_103372_0:001a9c|STRG.18542.1:112-810|+    -            233 104262at50557        -            174   1.7e-28   98.6   0.3   1   1   3.2e-30   2.2e-28   98.2   0.3     8   156    10   161     7   183 0.91 -
106023at50557_456900_0:0019f7|STRG.7520.3:94-741|+      -            216 104262at50557        -            174     9e-28   96.2   0.2   1   1   1.6e-29   1.1e-27   95.9   0.2     9   152    22   168    15   191 0.91 -
106023at50557_456900_0:0019f7|STRG.7520.4:76-726|+      -            217 104262at50557        -            174   9.1e-28   96.2   0.2   1   1   1.7e-29   1.2e-27   95.9   0.2     9   152    23   169    16   192 0.91 -
106023at50557_34720_0:001fd2|STRG.7520.1:273-929|+      -            219 104262at50557        -            174   9.3e-28   96.2   0.2   1   1   1.7e-29   1.2e-27   95.8   0.2     9   152    25   171    18   194 0.91 -
106023at50557_34720_0:001fd2|STRG.7520.2:931-1590|+     -            220 104262at50557        -            174   9.4e-28   96.2   0.2   1   1   1.8e-29   1.2e-27   95.8   0.2     9   152    26   172    19   195 0.91 -
106023at50557_67767_0:00110a|STRG.7520.5:189-857|+      -            223 104262at50557        -            174   9.4e-28   96.2   0.2   1   1   1.8e-29   1.3e-27   95.7   0.2     9   152    29   175    22   198 0.91 -
104262at50557_6973_0:00268c|STRG.2522.2:390-895|+       -            163 104262at50557        -            174   4.1e-26   90.8   0.4   1   2   3.1e-15   2.1e-13   49.4   0.1     5    54     1    50     1    58 0.94 -
104262at50557_6973_0:00268c|STRG.2522.2:390-895|+       -            163 104262at50557        -            174   4.1e-26   90.8   0.4   2   2   1.8e-12   1.2e-10   40.4   0.0   102   164    62   129    48   138 0.78 -
109573at50557_103372_0:0023c7|STRG.20790.1:492-1145|+   -            218 104262at50557        -            174   4.2e-25   87.5   0.0   1   2   2.3e-26   1.6e-24   85.7   0.0     6   150     6   158     2   165 0.89 -
109573at50557_103372_0:0023c7|STRG.20790.1:492-1145|+   -            218 104262at50557        -            174   4.2e-25   87.5   0.0   2   2       7.2     5e+02   -0.6   0.0    59    79   167   187   160   193 0.71 -
106023at50557_104688_0:002b29|STRG.18617.1:123-659|+    -            179 104262at50557        -            174   1.4e-23   82.6   0.1   1   1   2.6e-25   1.8e-23   82.2   0.1     8   150    15   164    10   171 0.87 -
108271at50557_224129_0:0005ad|STRG.10281.1:1037-1579|+  -            181 104262at50557        -            174   1.6e-23   82.4   1.6   1   1   2.7e-25   1.9e-23   82.2   1.6    10   152     1   146     1   165 0.88 -
108271at50557_224129_0:0005ad|STRG.10281.2:1300-1842|+  -            181 104262at50557        -            174   1.6e-23   82.4   1.6   1   1   2.7e-25   1.9e-23   82.2   1.6    10   152     1   146     1   165 0.88 -
108271at50557_224129_0:0005ad|STRG.10281.3:254-796|+    -            181 104262at50557        -            174   1.6e-23   82.4   1.6   1   1   2.7e-25   1.9e-23   82.2   1.6    10   152     1   146     1   165 0.88 -
104262at50557_132113_0:00109a|STRG.4181.2:397-945|+     -            183 104262at50557        -            174   7.6e-23   80.2   0.0   1   1   1.4e-24   9.9e-23   79.8   0.0     5   148     9   154     6   171 0.90 -
108271at50557_64793_0:001833|STRG.19975.3:568-1185|+    -            206 104262at50557        -            174   1.2e-22   79.6   0.2   1   1   2.3e-24   1.6e-22   79.1   0.2     7   163    14   174    10   180 0.89 -
108271at50557_64793_0:001833|STRG.19975.1:104-727|+     -            208 104262at50557        -            174   1.2e-22   79.6   0.2   1   1   2.4e-24   1.7e-22   79.1   0.2     7   163    16   176    12   182 0.89 -
108271at50557_286306_0:004073|STRG.19975.2:125-715|+    -            197 104262at50557        -            174   1.6e-22   79.1   0.1   1   1   3.1e-24   2.1e-22   78.7   0.1     7   158     9   163     5   173 0.90 -
104262at50557_51655_0:002f35|STRG.6055.1:3801-4292|+    -            164 104262at50557        -            174     5e-21   74.3   0.0   1   1   8.9e-23   6.2e-21   74.0   0.0     9   147    10   155     3   160 0.87 -
104262at50557_51655_0:002f35|STRG.6055.3:24-515|+       -            164 104262at50557        -            174     5e-21   74.3   0.0   1   1   8.9e-23   6.2e-21   74.0   0.0     9   147    10   155     3   160 0.87 -
108271at50557_40932_0:00088c|STRG.8466.1:561-1061|+     -            167 104262at50557        -            174   1.7e-20   72.6   0.1   1   1   2.9e-22     2e-20   72.3   0.1     9   157     1   152     1   156 0.93 -
129498at50557_166361_0:0004c6|STRG.14508.3:185-733|+    -            183 104262at50557        -            174   4.2e-20   71.3   0.1   1   1   7.4e-22   5.1e-20   71.0   0.1    11   159     1   150     1   159 0.87 -
109797at50557_83485_0:000ec1|STRG.16352.1:452-1357|+    -            302 104262at50557        -            174   4.7e-20   71.1   0.0   1   1   9.8e-22   6.8e-20   70.6   0.0     3   149    20   166    18   173 0.92 -
41766at50557_286306_0:004435|STRG.6055.1:374-4511|+     -            742 104262at50557        -            174   8.3e-20   70.3   0.0   1   1   2.8e-21   1.9e-19   69.1   0.0    10   148   516   661   508   674 0.87 -
106023at50557_7038_0:002188|STRG.14508.4:297-839|+      -            181 104262at50557        -            174   2.5e-19   68.8   0.1   1   1   4.7e-21   3.2e-19   68.4   0.1    16   159    29   173    19   178 0.85 -
108271at50557_28612_0:005172|STRG.16238.1:243-812|+     -            190 104262at50557        -            174     3e-19   68.5   0.0   1   1     5e-21   3.4e-19   68.3   0.0     9   150     3   147     1   177 0.92 -
108271at50557_166361_0:003235|STRG.13856.1:255-809|+    -            185 104262at50557        -            174   3.6e-19   68.2   0.2   1   1   6.3e-21   4.4e-19   67.9   0.2    10   151     1   145     1   154 0.92 -
108271at50557_166361_0:003235|STRG.13856.2:267-821|+    -            185 104262at50557        -            174   3.6e-19   68.2   0.2   1   1   6.3e-21   4.4e-19   67.9   0.2    10   151     1   145     1   154 0.92 -
108271at50557_166361_0:003235|STRG.13856.3:264-818|+    -            185 104262at50557        -            174   3.6e-19   68.2   0.2   1   1   6.3e-21   4.4e-19   67.9   0.2    10   151     1   145     1   154 0.92 -
108271at50557_166361_0:003235|STRG.13856.4:252-806|+    -            185 104262at50557        -            174   3.6e-19   68.2   0.2   1   1   6.3e-21   4.4e-19   67.9   0.2    10   151     1   145     1   154 0.92 -
129498at50557_7222_0:00242d|STRG.14508.2:367-827|+      -            151 104262at50557        -            174   4.8e-19   67.8   0.1   1   1   7.9e-21   5.5e-19   67.6   0.1    11   158     5   149     2   151 0.90 -
129498at50557_7200_0:0025b6|STRG.18034.1:103-666|+      -            188 104262at50557        -            174   5.2e-19   67.7   0.9   1   1   1.3e-20   8.8e-19   67.0   0.9    10   132     8   134     2   177 0.91 -
108271at50557_43151_0:001e01|STRG.1983.1:39-596|+       -            186 104262at50557        -            174   1.2e-18   66.5   0.1   1   1   2.1e-20   1.5e-18   66.2   0.1    10   157     1   151     1   161 0.91 -
107216at50557_51655_0:0016fc|STRG.4181.1:503-874|+      -            124 104262at50557        -            174   1.5e-18   66.2   0.0   1   1   2.3e-20   1.6e-18   66.1   0.0     5   123     4   124     1   124 0.88 -
115559at50557_286306_0:000620|STRG.7741.1:398-1003|+    -            202 104262at50557        -            174   2.1e-18   65.8   0.5   1   1     4e-20   2.8e-18   65.3   0.5    11   158    28   179    24   189 0.86 -
115559at50557_286306_0:000620|STRG.7741.2:261-866|+     -            202 104262at50557        -            174   2.1e-18   65.8   0.5   1   1     4e-20   2.8e-18   65.3   0.5    11   158    28   179    24   189 0.86 -
115559at50557_286306_0:000620|STRG.7741.3:285-890|+     -            202 104262at50557        -            174   2.1e-18   65.8   0.5   1   1     4e-20   2.8e-18   65.3   0.5    11   158    28   179    24   189 0.86 -
107216at50557_39758_0:004d90|STRG.5598.1:292-828|+      -            179 104262at50557        -            174   5.8e-18   64.3   0.2   1   1   9.9e-20   6.9e-18   64.1   0.2     8   135     2   141     1   178 0.76 -
129498at50557_7222_0:00242d|STRG.14508.1:566-1008|+     -            145 104262at50557        -            174   6.8e-18   64.1   0.1   1   1   1.1e-19   7.3e-18   64.0   0.1    19   158     7   143     1   145 0.88 -
108755at50557_7539_0:001c0b|STRG.9830.2:281-694|+       -            138 104262at50557        -            174     1e-17   63.5   0.0   1   1   1.8e-19   1.2e-17   63.2   0.0     9   125     9   128     4   137 0.93 -
108755at50557_121225_0:0004e7|STRG.9830.1:299-790|+     -            164 104262at50557        -            174     1e-17   63.5   0.0   1   1   1.8e-19   1.3e-17   63.2   0.0    10   129     4   126     2   159 0.87 -
129498at50557_37001_0:002409|STRG.18034.2:9-666|+       -            175 104262at50557        -            174   9.2e-17   60.4   1.0   1   1   2.4e-18   1.6e-16   59.6   1.0    20   132     1   112     1   155 0.90 -
107216at50557_51655_0:0016fc|STRG.5672.1:594-1097|+     -            168 104262at50557        -            174   2.6e-15   55.7   0.0   1   1   4.6e-17   3.2e-15   55.4   0.0     9   134     8   141     2   156 0.85 -
107216at50557_51655_0:0016fc|STRG.5672.2:594-1097|+     -            168 104262at50557        -            174   2.6e-15   55.7   0.0   1   1   4.6e-17   3.2e-15   55.4   0.0     9   134     8   141     2   156 0.85 -
104262at50557_88501_0:0010fe|STRG.8792.4:187-744|+      -            186 104262at50557        -            174     4e-15   55.0   0.0   1   1   7.4e-17   5.2e-15   54.7   0.0     7   130    16   147    11   170 0.83 -
104262at50557_88501_0:0010fe|STRG.8792.2:624-1199|+     -            192 104262at50557        -            174   4.5e-15   54.9   0.0   1   1   8.3e-17   5.7e-15   54.5   0.0     7   130    22   153    17   176 0.83 -
108755at50557_28612_0:002c6d|STRG.16603.1:340-933|+     -            198 104262at50557        -            174   4.7e-15   54.8   0.1   1   1   9.1e-17   6.3e-15   54.4   0.1    11   125     1   119     1   137 0.86 -
104262at50557_64793_0:001dc9|STRG.8792.1:126-818|+      -            231 104262at50557        -            174   6.3e-15   54.4   0.0   1   1   1.4e-16   9.5e-15   53.8   0.0     7   130    25   156    20   184 0.83 -
104262at50557_64793_0:001dc9|STRG.8792.3:1549-2256|+    -            236 104262at50557        -            174   6.7e-15   54.3   0.0   1   1   1.5e-16     1e-14   53.7   0.0     7   130    30   161    25   188 0.83 -
108271at50557_197043_0:002be2|STRG.2600.2:31-540|+      -            170 104262at50557        -            174   6.9e-15   54.3   0.0   1   1   1.2e-16   8.1e-15   54.1   0.0    11   150     1   143     1   160 0.82 -
140221at50557_568069_0:001a32|STRG.7087.1:87-578|+      -            164 104262at50557        -            174   3.7e-14   51.9   0.0   1   1     1e-15   7.2e-14   51.0   0.0    11   128     9   128     6   164 0.80 -
140221at50557_568069_0:001a32|STRG.7087.2:71-562|+      -            164 104262at50557        -            174   3.7e-14   51.9   0.0   1   1     1e-15   7.2e-14   51.0   0.0    11   128     9   128     6   164 0.80 -
140221at50557_568069_0:001a32|STRG.4395.1:110-589|+     -            160 104262at50557        -            174   7.7e-13   47.6   0.0   1   1   6.5e-14   4.5e-12   45.1   0.0    10   148     4   157     1   160 0.81 -
140221at50557_568069_0:001a32|STRG.4395.2:110-589|+     -            160 104262at50557        -            174   7.7e-13   47.6   0.0   1   1   6.5e-14   4.5e-12   45.1   0.0    10   148     4   157     1   160 0.81 -
140221at50557_568069_0:001a32|STRG.4395.3:529-1008|+    -            160 104262at50557        -            174   7.7e-13   47.6   0.0   1   1   6.5e-14   4.5e-12   45.1   0.0    10   148     4   157     1   160 0.81 -
140221at50557_568069_0:001a32|STRG.4395.4:414-893|+     -            160 104262at50557        -            174   7.7e-13   47.6   0.0   1   1   6.5e-14   4.5e-12   45.1   0.0    10   148     4   157     1   160 0.81 -
129498at50557_7493_0:00132e|STRG.8012.1:370-846|+       -            159 104262at50557        -            174   1.6e-12   46.6   0.0   1   1   2.8e-14   1.9e-12   46.3   0.0    10   136     1   133     1   142 0.85 -
129498at50557_7493_0:00132e|STRG.8012.2:441-917|+       -            159 104262at50557        -            174   1.6e-12   46.6   0.0   1   1   2.8e-14   1.9e-12   46.3   0.0    10   136     1   133     1   142 0.85 -
129498at50557_7493_0:00132e|STRG.8012.3:214-690|+       -            159 104262at50557        -            174   1.6e-12   46.6   0.0   1   1   2.8e-14   1.9e-12   46.3   0.0    10   136     1   133     1   142 0.85 -
129498at50557_7493_0:00132e|STRG.8012.4:601-1077|+      -            159 104262at50557        -            174   1.6e-12   46.6   0.0   1   1   2.8e-14   1.9e-12   46.3   0.0    10   136     1   133     1   142 0.85 -
105221at50557_7460_0:001362|STRG.15937.1:30-671|+       -            214 104262at50557        -            174   5.5e-12   44.8   0.0   1   1     1e-13   7.3e-12   44.4   0.0    10   158    26   180    20   187 0.84 -
140221at50557_568069_0:001a32|STRG.3957.1:290-769|+     -            160 104262at50557        -            174   5.8e-12   44.8   0.0   1   1   4.1e-13   2.9e-11   42.5   0.0    10   141     4   149     1   160 0.77 -
104262at50557_224129_0:0005ba|STRG.6055.4:202-417|+     -             72 104262at50557        -            174     3e-11   42.4   0.0   1   1   4.9e-13   3.4e-11   42.3   0.0    84   146     2    67     1    71 0.87 -
140221at50557_568069_0:001a32|STRG.4446.1:119-583|+     -            155 104262at50557        -            174   7.2e-11   41.2   0.0   1   1   1.2e-12   8.3e-11   41.0   0.0    11   137     1   129     1   148 0.86 -
140221at50557_568069_0:001a32|STRG.4446.2:373-837|+     -            155 104262at50557        -            174   7.2e-11   41.2   0.0   1   1   1.2e-12   8.3e-11   41.0   0.0    11   137     1   129     1   148 0.86 -
140221at50557_568069_0:001a32|STRG.4446.3:572-1036|+    -            155 104262at50557        -            174   7.2e-11   41.2   0.0   1   1   1.2e-12   8.3e-11   41.0   0.0    11   137     1   129     1   148 0.86 -
140221at50557_568069_0:001a32|STRG.4446.4:577-1041|+    -            155 104262at50557        -            174   7.2e-11   41.2   0.0   1   1   1.2e-12   8.3e-11   41.0   0.0    11   137     1   129     1   148 0.86 -
140221at50557_568069_0:001a32|STRG.4446.5:313-777|+     -            155 104262at50557        -            174   7.2e-11   41.2   0.0   1   1   1.2e-12   8.3e-11   41.0   0.0    11   137     1   129     1   148 0.86 -
140221at50557_568069_0:001a32|STRG.4446.6:310-774|+     -            155 104262at50557        -            174   7.2e-11   41.2   0.0   1   1   1.2e-12   8.3e-11   41.0   0.0    11   137     1   129     1   148 0.86 -
140221at50557_568069_0:001a32|STRG.4446.7:294-758|+     -            155 104262at50557        -            174   7.2e-11   41.2   0.0   1   1   1.2e-12   8.3e-11   41.0   0.0    11   137     1   129     1   148 0.86 -
140221at50557_568069_0:001a32|STRG.11735.2:514-993|+    -            160 104262at50557        -            174   1.4e-10   40.3   0.0   1   1   2.4e-12   1.7e-10   40.0   0.0    10   138     4   135     1   139 0.84 -
140221at50557_568069_0:001a32|STRG.5971.1:284-730|+     -            149 104262at50557        -            174   1.4e-09   37.0   0.0   1   1     2e-11   1.4e-09   37.0   0.0    11   126     2   119     1   149 0.81 -
140221at50557_568069_0:001a32|STRG.5971.2:95-541|+      -            149 104262at50557        -            174   1.4e-09   37.0   0.0   1   1     2e-11   1.4e-09   37.0   0.0    11   126     2   119     1   149 0.81 -
140221at50557_568069_0:001a32|STRG.11735.1:1067-1516|+  -            150 104262at50557        -            174     5e-09   35.2   0.0   1   1   8.8e-11   6.1e-09   34.9   0.0    18   138     2   125     1   129 0.84 -
108271at50557_166361_0:003235|STRG.10751.1:386-877|+    -            164 104262at50557        -            174   1.3e-08   33.9   0.0   1   1   2.8e-10     2e-08   33.3   0.0    11   157     2   153     1   161 0.76 -
104262at50557_88501_0:0010fe|STRG.10553.1:207-824|+     -            206 104262at50557        -            174   1.5e-08   33.6   0.0   1   2     0.011      0.76    8.6   0.0     6    47    24    65    20    92 0.87 -
104262at50557_88501_0:0010fe|STRG.10553.1:207-824|+     -            206 104262at50557        -            174   1.5e-08   33.6   0.0   2   2   3.8e-07   2.6e-05   23.1   0.0    75   139   123   183   120   196 0.88 -
108271at50557_13249_0:001644|STRG.11190.2:2062-2547|+   -            162 104262at50557        -            174     3e-08   32.7   0.0   1   1   5.2e-10   3.6e-08   32.4   0.0    11   150     1   142     1   145 0.80 -
108271at50557_13249_0:001644|STRG.11190.3:1896-2381|+   -            162 104262at50557        -            174     3e-08   32.7   0.0   1   1   5.2e-10   3.6e-08   32.4   0.0    11   150     1   142     1   145 0.80 -
108271at50557_13249_0:001644|STRG.11190.4:1896-2381|+   -            162 104262at50557        -            174     3e-08   32.7   0.0   1   1   5.2e-10   3.6e-08   32.4   0.0    11   150     1   142     1   145 0.80 -
129498at50557_1629725_0:0008c6|STRG.19411.1:1094-1420|+ -            109 104262at50557        -            174   6.2e-08   31.7   0.0   1   1   9.8e-10   6.8e-08   31.5   0.0    11   117     1   109     1   109 0.88 -
118237at50557_56086_0:002463|STRG.11561.1:1625-2134|+   -            170 104262at50557        -            174   1.1e-07   30.8   0.0   1   1     2e-09   1.4e-07   30.5   0.0    10   125    18   132    13   144 0.82 -
118237at50557_56086_0:002463|STRG.11561.2:266-775|+     -            170 104262at50557        -            174   1.1e-07   30.8   0.0   1   1     2e-09   1.4e-07   30.5   0.0    10   125    18   132    13   144 0.82 -
118237at50557_56086_0:002463|STRG.11561.3:508-1017|+    -            170 104262at50557        -            174   1.1e-07   30.8   0.0   1   1     2e-09   1.4e-07   30.5   0.0    10   125    18   132    13   144 0.82 -
118237at50557_56086_0:002463|STRG.11561.4:271-780|+     -            170 104262at50557        -            174   1.1e-07   30.8   0.0   1   1     2e-09   1.4e-07   30.5   0.0    10   125    18   132    13   144 0.82 -
111939at50557_103372_0:001457|STRG.18914.1:76-633|+     -            186 104262at50557        -            174   5.3e-07   28.6   0.0   1   1     1e-08   7.2e-07   28.2   0.0    11   123    22   134    16   144 0.84 -
108271at50557_7536_0:004142|STRG.6764.1:678-1217|+      -            180 104262at50557        -            174   6.4e-07   28.3   0.0   1   1   1.1e-08   7.8e-07   28.1   0.0    76   150    68   143     1   152 0.75 -
108271at50557_13249_0:001644|STRG.11190.1:504-953|+     -            150 104262at50557        -            174   1.7e-06   26.9   0.0   1   1     3e-08   2.1e-06   26.7   0.0    75   150    54   130     2   133 0.78 -
115559at50557_42026_0:0013f7|STRG.16028.1:1151-1642|+   -            164 104262at50557        -            174   1.8e-06   26.9   0.0   1   1   4.8e-08   3.4e-06   26.0   0.0    81   157    80   157    77   163 0.88 -
115559at50557_42026_0:0013f7|STRG.16028.3:1217-1708|+   -            164 104262at50557        -            174   1.8e-06   26.9   0.0   1   1   4.8e-08   3.4e-06   26.0   0.0    81   157    80   157    77   163 0.88 -
115559at50557_42026_0:0013f7|STRG.16028.4:1168-1659|+   -            164 104262at50557        -            174   1.8e-06   26.9   0.0   1   1   4.8e-08   3.4e-06   26.0   0.0    81   157    80   157    77   163 0.88 -
108271at50557_1049336_0:00042e|STRG.2600.1:429-665|+    -             79 104262at50557        -            174   4.6e-06   25.5   0.0   1   1   6.7e-08   4.6e-06   25.5   0.0   102   151     6    53     1    72 0.82 -
28600at50557_13686_0:0008a3|STRG.16346.1:641-2449|+     -            603 104262at50557        -            174   3.3e-05   22.8   0.0   1   2     6e-05    0.0042   15.9   0.0    10   128    12   133     8   138 0.82 -
28600at50557_13686_0:0008a3|STRG.16346.1:641-2449|+     -            603 104262at50557        -            174   3.3e-05   22.8   0.0   2   2      0.22        16    4.3   0.1    61   125   480   541   415   545 0.63 -
28600at50557_520822_0:000c07|STRG.16346.3:528-2408|+    -            627 104262at50557        -            174   3.8e-05   22.6   0.0   1   2   6.4e-05    0.0044   15.8   0.0    10   128    12   133     8   138 0.82 -
28600at50557_520822_0:000c07|STRG.16346.3:528-2408|+    -            627 104262at50557        -            174   3.8e-05   22.6   0.0   2   2      0.24        17    4.2   0.1    61   125   480   541   415   545 0.63 -
28600at50557_13686_0:0008a3|STRG.16346.2:528-2447|+     -            640 104262at50557        -            174     4e-05   22.5   0.0   1   2   6.6e-05    0.0046   15.8   0.0    10   128    12   133     8   138 0.82 -
28600at50557_13686_0:0008a3|STRG.16346.2:528-2447|+     -            640 104262at50557        -            174     4e-05   22.5   0.0   2   2      0.25        17    4.2   0.1    61   125   480   541   415   545 0.63 -
118237at50557_28612_0:004a80|STRG.6143.1:522-1010|+     -            163 104262at50557        -            174   8.8e-05   21.4   0.0   1   1   1.5e-06    0.0001   21.2   0.0    11   125     2   115     1   134 0.78 -
105221at50557_121845_0:0034ac|STRG.3989.2:338-871|+     -            178 104262at50557        -            174   9.7e-05   21.2   0.1   1   1   9.3e-06   0.00065   18.6   0.1     9   134     6   148     4   173 0.68 -
105221at50557_121845_0:0034ac|STRG.3989.3:343-876|+     -            178 104262at50557        -            174   9.7e-05   21.2   0.1   1   1   9.3e-06   0.00065   18.6   0.1     9   134     6   148     4   173 0.68 -
118237at50557_121845_0:0047c3|STRG.11499.1:129-647|+    -            173 104262at50557        -            174   0.00016   20.5   0.0   1   1   2.9e-06    0.0002   20.2   0.0    10   123    18   130    14   146 0.78 -
118237at50557_121845_0:0047c3|STRG.11499.2:324-842|+    -            173 104262at50557        -            174   0.00016   20.5   0.0   1   1   2.9e-06    0.0002   20.2   0.0    10   123    18   130    14   146 0.78 -
105221at50557_29053_0:00200e|STRG.8919.1:50-580|+       -            177 104262at50557        -            174   0.00018   20.3   0.0   1   1   6.7e-06   0.00046   19.0   0.0    10   126    10   130     4   139 0.86 -
118237at50557_113334_0:00122f|STRG.11767.1:46-588|+     -            181 104262at50557        -            174   0.00027   19.8   0.0   1   1     5e-06   0.00034   19.5   0.0    12   123    20   134    15   144 0.66 -
118237at50557_7539_0:0029ad|STRG.3376.1:389-844|+       -            152 104262at50557        -            174   0.00074   18.4   0.1   1   1   1.2e-05   0.00084   18.2   0.1    14   126     3   114     1   133 0.78 -
118237at50557_411798_0:000ee6|STRG.17562.2:533-1153|+   -            207 104262at50557        -            174   0.00097   18.0   0.0   1   1   1.9e-05    0.0013   17.5   0.0    14   130    28   148    23   160 0.75 -
118237at50557_411798_0:000ee6|STRG.17562.3:334-954|+    -            207 104262at50557        -            174   0.00097   18.0   0.0   1   1   1.9e-05    0.0013   17.5   0.0    14   130    28   148    23   160 0.75 -
109573at50557_1507135_0:000e82|STRG.7600.2:131-724|+    -            198 104262at50557        -            174   0.00098   18.0   0.0   1   1   2.9e-05     0.002   16.9   0.0    11   104     1   102     1   107 0.73 -
108271at50557_13249_0:001644|STRG.13897.1:120-599|+     -            160 104262at50557        -            174    0.0057   15.5   0.0   1   1   0.00024     0.016   14.0   0.0    75   154    62   147     1   156 0.65 -
108271at50557_34740_0:0010fd|STRG.5326.1:1037-1675|+    -            213 104262at50557        -            174    0.0087   14.9   0.1   1   1   0.00034     0.024   13.5   0.1    76   139   115   179   107   210 0.82 -
108271at50557_103372_0:0020f5|STRG.5326.2:108-764|+     -            219 104262at50557        -            174    0.0089   14.8   0.1   1   1   0.00034     0.023   13.5   0.1    76   139    91   155    83   189 0.81 -
118237at50557_7070_0:00080a|STRG.17676.1:1509-1985|+    -            159 104262at50557        -            174     0.025   13.4   0.0   1   1   0.00042     0.029   13.2   0.0    13   122     4   113     1   127 0.76 -
#
# Program:         hmmsearch
# Version:         3.4 (Aug 2023)
# Pipeline mode:   SEARCH
# Query file:      /home/justine/projet_tutore/busco_downloads/lineages/insecta_odb10/hmms/104262at50557.hmm
# Target file:     annotation_analysis/annotation_gcf/T_cornetzi/busco_output/run_insecta_odb10/metaeuk_output/initial_results/assembled_transcripts.fasta.modified.fas
# Option settings: hmmsearch --domtblout annotation_analysis/annotation_gcf/T_cornetzi/busco_output/run_insecta_odb10/hmmer_output/initial_run_results/104262at50557.out --cpu 1 /home/justine/projet_tutore/busco_downloads/lineages/insecta_odb10/hmms/104262at50557.hmm annotation_analysis/annotation_gcf/T_cornetzi/busco_output/run_insecta_odb10/metaeuk_output/initial_results/assembled_transcripts.fasta.modified.fas 
# Current dir:     /home/justine/projet_tutore
# Date:            Sun Dec  1 20:02:06 2024
# [ok]
