#                                                                                                            --- full sequence --- -------------- this domain -------------   hmm coord   ali coord   env coord
# target name                                        accession   tlen query name           accession   qlen   E-value  score  bias   #  of  c-Evalue  i-Evalue  score  bias  from    to  from    to  from    to  acc description of target
#                                ------------------- ---------- ----- -------------------- ---------- ----- --------- ------ ----- --- --- --------- --------- ------ ----- ----- ----- ----- ----- ----- ----- ---- ---------------------
109614at50557_520822_0:000671|STRG.20397.1:205-942|+ -            246 109614at50557        -            170   9.2e-41  138.8  22.4   1   2   1.5e-20   2.8e-17   62.4   0.1     6    69    27   106    24   116 0.89 -
109614at50557_520822_0:000671|STRG.20397.1:205-942|+ -            246 109614at50557        -            170   9.2e-41  138.8  22.4   2   2   1.8e-24   3.4e-21   75.2  19.0    63   163   117   245   109   246 0.76 -
68581at50557_77166_0:002648|STRG.10878.1:3656-4453|+ -            266 109614at50557        -            170     0.073   12.2   0.4   1   2   9.7e-05      0.18   11.0   0.1    79   140    60   122    46   134 0.81 -
68581at50557_77166_0:002648|STRG.10878.1:3656-4453|+ -            266 109614at50557        -            170     0.073   12.2   0.4   2   2      0.97   1.8e+03   -2.0   0.0    81   101   206   226   199   236 0.79 -
68581at50557_77166_0:002648|STRG.10878.2:3638-4435|+ -            266 109614at50557        -            170     0.073   12.2   0.4   1   2   9.7e-05      0.18   11.0   0.1    79   140    60   122    46   134 0.81 -
68581at50557_77166_0:002648|STRG.10878.2:3638-4435|+ -            266 109614at50557        -            170     0.073   12.2   0.4   2   2      0.97   1.8e+03   -2.0   0.0    81   101   206   226   199   236 0.79 -
90885at50557_456900_0:0020f8|STRG.3008.2:37-1112|+   -            341 109614at50557        -            170      0.38    9.9   5.3   1   2   5.4e-05     0.099   11.8   1.7   114   168    92   147    65   148 0.83 -
90885at50557_456900_0:0020f8|STRG.3008.2:37-1112|+   -            341 109614at50557        -            170      0.38    9.9   5.3   2   2       2.7   4.9e+03   -3.5   0.1   134   145   327   338   323   339 0.78 -
90885at50557_456900_0:0020f8|STRG.3008.1:71-1143|+   -            340 109614at50557        -            170      0.52    9.5   5.7   1   2   5.3e-05     0.099   11.8   1.7   114   168    92   147    65   148 0.83 -
90885at50557_456900_0:0020f8|STRG.3008.1:71-1143|+   -            340 109614at50557        -            170      0.52    9.5   5.7   2   2       3.9   7.2e+03   -4.0   0.1   134   144   327   337   324   338 0.79 -
#
# Program:         hmmsearch
# Version:         3.4 (Aug 2023)
# Pipeline mode:   SEARCH
# Query file:      /home/justine/projet_tutore/busco_downloads/lineages/insecta_odb10/hmms/109614at50557.hmm
# Target file:     annotation_analysis/annotation_gcf/T_cornetzi/busco_output/run_insecta_odb10/metaeuk_output/initial_results/assembled_transcripts.fasta.modified.fas
# Option settings: hmmsearch --domtblout annotation_analysis/annotation_gcf/T_cornetzi/busco_output/run_insecta_odb10/hmmer_output/initial_run_results/109614at50557.out --cpu 1 /home/justine/projet_tutore/busco_downloads/lineages/insecta_odb10/hmms/109614at50557.hmm annotation_analysis/annotation_gcf/T_cornetzi/busco_output/run_insecta_odb10/metaeuk_output/initial_results/assembled_transcripts.fasta.modified.fas 
# Current dir:     /home/justine/projet_tutore
# Date:            Sun Dec  1 20:02:18 2024
# [ok]
