#                                                                                                              --- full sequence --- -------------- this domain -------------   hmm coord   ali coord   env coord
# target name                                          accession   tlen query name           accession   qlen   E-value  score  bias   #  of  c-Evalue  i-Evalue  score  bias  from    to  from    to  from    to  acc description of target
#                                  ------------------- ---------- ----- -------------------- ---------- ----- --------- ------ ----- --- --- --------- --------- ------ ----- ----- ----- ----- ----- ----- ----- ---- ---------------------
110125at50557_103372_0:000b46|STRG.10951.1:260-988|+   -            243 110125at50557        -            121   4.9e-56  187.4   3.7   1   2   1.6e-42   1.6e-40  137.3   0.2     1    84    12    98    12   116 0.93 -
110125at50557_103372_0:000b46|STRG.10951.1:260-988|+   -            243 110125at50557        -            121   4.9e-56  187.4   3.7   2   2   8.1e-16   7.8e-14   51.1   0.3    81   121   203   243   199   243 0.96 -
110125at50557_7539_0:00092e|STRG.4436.1:2607-2870|+    -             88 110125at50557        -            121   7.6e-13   48.0   0.0   1   1   8.2e-15   7.9e-13   47.9   0.0    11    79     1    70     1    86 0.89 -
110125at50557_7539_0:00092e|STRG.4436.2:2607-2870|+    -             88 110125at50557        -            121   7.6e-13   48.0   0.0   1   1   8.2e-15   7.9e-13   47.9   0.0    11    79     1    70     1    86 0.89 -
110125at50557_7539_0:00092e|STRG.4436.3:2477-2740|+    -             88 110125at50557        -            121   7.6e-13   48.0   0.0   1   1   8.2e-15   7.9e-13   47.9   0.0    11    79     1    70     1    86 0.89 -
110125at50557_7539_0:00092e|STRG.4436.4:2474-2737|+    -             88 110125at50557        -            121   7.6e-13   48.0   0.0   1   1   8.2e-15   7.9e-13   47.9   0.0    11    79     1    70     1    86 0.89 -
37657at50557_307658_0:001de5|STRG.4753.2:100-1749|+    -            550 110125at50557        -            121   4.5e-12   45.5   0.9   1   1   4.3e-13   4.2e-11   42.3   0.9     5    79    71   158    67   170 0.70 -
37657at50557_307658_0:001de5|STRG.4753.3:100-1749|+    -            550 110125at50557        -            121   4.5e-12   45.5   0.9   1   1   4.3e-13   4.2e-11   42.3   0.9     5    79    71   158    67   170 0.70 -
10394at50557_38123_0:002dad|STRG.16414.1:4232-4747|+   -            172 110125at50557        -            121   5.6e-12   45.2   0.2   1   2     2e-05    0.0019   17.6   0.0    42    80     1    39     1    64 0.80 -
10394at50557_38123_0:002dad|STRG.16414.1:4232-4747|+   -            172 110125at50557        -            121   5.6e-12   45.2   0.2   2   2   5.1e-08   4.9e-06   26.0   0.0    22    81    79   139    74   168 0.89 -
10394at50557_38123_0:002dad|STRG.16414.5:3856-4371|+   -            172 110125at50557        -            121   5.6e-12   45.2   0.2   1   2     2e-05    0.0019   17.6   0.0    42    80     1    39     1    64 0.80 -
10394at50557_38123_0:002dad|STRG.16414.5:3856-4371|+   -            172 110125at50557        -            121   5.6e-12   45.2   0.2   2   2   5.1e-08   4.9e-06   26.0   0.0    22    81    79   139    74   168 0.89 -
10394at50557_38123_0:002dad|STRG.16414.6:3856-4371|+   -            172 110125at50557        -            121   5.6e-12   45.2   0.2   1   2     2e-05    0.0019   17.6   0.0    42    80     1    39     1    64 0.80 -
10394at50557_38123_0:002dad|STRG.16414.6:3856-4371|+   -            172 110125at50557        -            121   5.6e-12   45.2   0.2   2   2   5.1e-08   4.9e-06   26.0   0.0    22    81    79   139    74   168 0.89 -
10394at50557_38123_0:002dad|STRG.16414.7:3583-4098|+   -            172 110125at50557        -            121   5.6e-12   45.2   0.2   1   2     2e-05    0.0019   17.6   0.0    42    80     1    39     1    64 0.80 -
10394at50557_38123_0:002dad|STRG.16414.7:3583-4098|+   -            172 110125at50557        -            121   5.6e-12   45.2   0.2   2   2   5.1e-08   4.9e-06   26.0   0.0    22    81    79   139    74   168 0.89 -
132744at50557_77166_0:0021ef|STRG.7305.1:221-478|+     -             86 110125at50557        -            121     8e-12   44.7   0.1   1   1   9.7e-14   9.4e-12   44.4   0.1    25    80    29    84    23    86 0.95 -
10394at50557_38123_0:002dad|STRG.16414.2:4232-4777|+   -            182 110125at50557        -            121   8.9e-12   44.5   0.4   1   2   3.9e-05    0.0038   16.7   0.0    42    70     1    29     1    44 0.80 -
10394at50557_38123_0:002dad|STRG.16414.2:4232-4777|+   -            182 110125at50557        -            121   8.9e-12   44.5   0.4   2   2   5.9e-08   5.7e-06   25.8   0.0    22    81    89   149    85   178 0.89 -
10394at50557_38123_0:002dad|STRG.16414.3:4232-4777|+   -            182 110125at50557        -            121   8.9e-12   44.5   0.4   1   2   3.9e-05    0.0038   16.7   0.0    42    70     1    29     1    44 0.80 -
10394at50557_38123_0:002dad|STRG.16414.3:4232-4777|+   -            182 110125at50557        -            121   8.9e-12   44.5   0.4   2   2   5.9e-08   5.7e-06   25.8   0.0    22    81    89   149    85   178 0.89 -
10394at50557_38123_0:002dad|STRG.16414.4:3959-4504|+   -            182 110125at50557        -            121   8.9e-12   44.5   0.4   1   2   3.9e-05    0.0038   16.7   0.0    42    70     1    29     1    44 0.80 -
10394at50557_38123_0:002dad|STRG.16414.4:3959-4504|+   -            182 110125at50557        -            121   8.9e-12   44.5   0.4   2   2   5.9e-08   5.7e-06   25.8   0.0    22    81    89   149    85   178 0.89 -
132744at50557_103372_0:0003f0|STRG.16672.1:284-655|+   -            124 110125at50557        -            121   2.6e-11   43.0   0.0   1   1     4e-13   3.9e-11   42.4   0.0    23    81    61   119    54   123 0.94 -
37657at50557_76194_0:0021a4|STRG.20218.1:3049-3351|+   -            101 110125at50557        -            121   1.3e-10   40.7   0.1   1   1   4.6e-12   4.4e-10   39.0   0.1    23    74    43    94     8   101 0.83 -
37657at50557_76194_0:0021a4|STRG.20218.2:3060-3362|+   -            101 110125at50557        -            121   1.3e-10   40.7   0.1   1   1   4.6e-12   4.4e-10   39.0   0.1    23    74    43    94     8   101 0.83 -
37657at50557_76194_0:0021a4|STRG.20218.3:1419-1721|+   -            101 110125at50557        -            121   1.3e-10   40.7   0.1   1   1   4.6e-12   4.4e-10   39.0   0.1    23    74    43    94     8   101 0.83 -
10394at50557_52612_0:0049a4|STRG.1146.2:1958-2920|+    -            321 110125at50557        -            121   1.4e-10   40.7   0.0   1   2   6.3e-06   0.00061   19.2   0.0    22    83    32    94    10   113 0.79 -
10394at50557_52612_0:0049a4|STRG.1146.2:1958-2920|+    -            321 110125at50557        -            121   1.4e-10   40.7   0.0   2   2   7.5e-06   0.00073   19.0   0.0    20    75   233   289   210   301 0.85 -
102616at50557_197043_0:0010e9|STRG.12343.1:468-713|+   -             82 110125at50557        -            121   1.5e-10   40.5   0.1   1   1   1.7e-12   1.6e-10   40.4   0.1     2    79     2    81     1    82 0.87 -
102616at50557_197043_0:0010e9|STRG.12343.2:564-809|+   -             82 110125at50557        -            121   1.5e-10   40.5   0.1   1   1   1.7e-12   1.6e-10   40.4   0.1     2    79     2    81     1    82 0.87 -
110125at50557_74873_0:001c94|STRG.16414.1:2705-3244|+  -            180 110125at50557        -            121   1.9e-10   40.2   0.0   1   1   5.9e-12   5.7e-10   38.7   0.0    25    84     1    60     1    70 0.93 -
110125at50557_74873_0:001c94|STRG.16414.2:2705-3244|+  -            180 110125at50557        -            121   1.9e-10   40.2   0.0   1   1   5.9e-12   5.7e-10   38.7   0.0    25    84     1    60     1    70 0.93 -
110125at50557_74873_0:001c94|STRG.16414.3:2705-3244|+  -            180 110125at50557        -            121   1.9e-10   40.2   0.0   1   1   5.9e-12   5.7e-10   38.7   0.0    25    84     1    60     1    70 0.93 -
110125at50557_74873_0:001c94|STRG.16414.4:2705-3244|+  -            180 110125at50557        -            121   1.9e-10   40.2   0.0   1   1   5.9e-12   5.7e-10   38.7   0.0    25    84     1    60     1    70 0.93 -
110125at50557_74873_0:001c94|STRG.16414.5:2329-2868|+  -            180 110125at50557        -            121   1.9e-10   40.2   0.0   1   1   5.9e-12   5.7e-10   38.7   0.0    25    84     1    60     1    70 0.93 -
110125at50557_74873_0:001c94|STRG.16414.6:2329-2868|+  -            180 110125at50557        -            121   1.9e-10   40.2   0.0   1   1   5.9e-12   5.7e-10   38.7   0.0    25    84     1    60     1    70 0.93 -
110125at50557_74873_0:001c94|STRG.16414.7:2329-2868|+  -            180 110125at50557        -            121   1.9e-10   40.2   0.0   1   1   5.9e-12   5.7e-10   38.7   0.0    25    84     1    60     1    70 0.93 -
110125at50557_7539_0:00092e|STRG.8999.1:687-1043|+     -            119 110125at50557        -            121   2.2e-10   40.0   0.0   1   1   2.6e-12   2.5e-10   39.8   0.0    28   105    14    91     1   101 0.86 -
110125at50557_7539_0:00092e|STRG.8999.2:524-880|+      -            119 110125at50557        -            121   2.2e-10   40.0   0.0   1   1   2.6e-12   2.5e-10   39.8   0.0    28   105    14    91     1   101 0.86 -
48837at50557_166423_0:0025f8|STRG.14338.1:1517-2209|+  -            231 110125at50557        -            121   2.6e-10   39.8   0.0   1   1   4.5e-12   4.4e-10   39.0   0.0    11    99    72   166    54   174 0.74 -
48837at50557_166423_0:0025f8|STRG.14338.2:1544-2236|+  -            231 110125at50557        -            121   2.6e-10   39.8   0.0   1   1   4.5e-12   4.4e-10   39.0   0.0    11    99    72   166    54   174 0.74 -
37657at50557_76194_0:0021a4|STRG.10694.2:1685-1954|+   -             90 110125at50557        -            121   6.5e-10   38.5   0.0   1   1   7.4e-12   7.2e-10   38.3   0.0     5    81     4    81     1    86 0.92 -
37657at50557_76194_0:0021a4|STRG.10694.4:1415-1684|+   -             90 110125at50557        -            121   6.5e-10   38.5   0.0   1   1   7.4e-12   7.2e-10   38.3   0.0     5    81     4    81     1    86 0.92 -
37657at50557_76194_0:0021a4|STRG.10694.5:1379-1648|+   -             90 110125at50557        -            121   6.5e-10   38.5   0.0   1   1   7.4e-12   7.2e-10   38.3   0.0     5    81     4    81     1    86 0.92 -
37657at50557_76194_0:0021a4|STRG.10694.6:603-872|+     -             90 110125at50557        -            121   6.5e-10   38.5   0.0   1   1   7.4e-12   7.2e-10   38.3   0.0     5    81     4    81     1    86 0.92 -
37657at50557_76194_0:0021a4|STRG.10694.8:798-1067|+    -             90 110125at50557        -            121   6.5e-10   38.5   0.0   1   1   7.4e-12   7.2e-10   38.3   0.0     5    81     4    81     1    86 0.92 -
37657at50557_76194_0:0021a4|STRG.10694.9:1948-2217|+   -             90 110125at50557        -            121   6.5e-10   38.5   0.0   1   1   7.4e-12   7.2e-10   38.3   0.0     5    81     4    81     1    86 0.92 -
110125at50557_224129_0:002918|STRG.16569.2:117-491|+   -            125 110125at50557        -            121   7.2e-09   35.1   0.0   1   1     1e-10   9.8e-09   34.7   0.0    11    75    22    86    15    92 0.93 -
26432at50557_132113_0:002b60|STRG.7606.6:344-1648|+    -            435 110125at50557        -            121   1.1e-08   34.5   0.0   1   1   2.4e-10   2.3e-08   33.5   0.0     9    68    11    73     5    86 0.81 -
8717at50557_34720_0:00064e|STRG.17028.6:1010-4798|+    -           1263 110125at50557        -            121   1.7e-08   33.9   0.0   1   1   4.8e-10   4.7e-08   32.5   0.0    25    78   382   435   375   450 0.87 -
8717at50557_103372_0:0008b5|STRG.17028.5:723-4595|+    -           1291 110125at50557        -            121   1.7e-08   33.9   0.0   1   1   4.9e-10   4.8e-08   32.5   0.0    25    78   441   494   434   509 0.87 -
8717at50557_103372_0:0008b5|STRG.17028.7:1010-5068|+   -           1320 110125at50557        -            121   1.8e-08   33.8   0.0   1   1     5e-10   4.9e-08   32.4   0.0    25    78   382   435   375   450 0.87 -
8717at50557_103372_0:0008b5|STRG.17028.2:643-5160|+    -           1327 110125at50557        -            121   1.8e-08   33.8   0.0   1   1   5.1e-10   4.9e-08   32.4   0.0    25    78   534   587   527   602 0.87 -
26432at50557_2015173_0:000a04|STRG.7606.7:344-2248|+   -            635 110125at50557        -            121   1.9e-08   33.8   0.0   1   1   4.1e-10     4e-08   32.7   0.0     9    68    11    73     5    86 0.81 -
8717at50557_103372_0:0008b5|STRG.17028.4:748-4983|+    -           1379 110125at50557        -            121   1.9e-08   33.7   0.0   1   1   5.3e-10   5.2e-08   32.4   0.0    25    78   441   494   434   509 0.87 -
8717at50557_103372_0:0008b5|STRG.17028.1:643-4890|+    -           1416 110125at50557        -            121     2e-08   33.7   0.0   1   1   5.6e-10   5.4e-08   32.3   0.0    25    78   535   588   529   603 0.87 -
8717at50557_103372_0:0008b5|STRG.17028.3:643-5022|+    -           1460 110125at50557        -            121   2.1e-08   33.6   0.0   1   1   5.8e-10   5.6e-08   32.2   0.0    25    78   535   588   529   603 0.87 -
26432at50557_2015173_0:000a04|STRG.7606.1:479-2638|+   -            700 110125at50557        -            121   2.3e-08   33.5   0.0   1   1   4.7e-10   4.6e-08   32.5   0.0     9    68    11    73     5    86 0.81 -
26432at50557_2015173_0:000a04|STRG.7606.5:386-2635|+   -            750 110125at50557        -            121   2.5e-08   33.4   0.0   1   1   5.1e-10     5e-08   32.4   0.0     9    68    11    73     5    86 0.81 -
26432at50557_34720_0:001f8e|STRG.7606.3:393-6044|+     -           1884 110125at50557        -            121   5.7e-08   32.2   0.0   1   1   1.6e-09   1.5e-07   30.8   0.0     9    68    11    73     5    86 0.81 -
26432at50557_34720_0:001f8e|STRG.7606.4:392-6094|+     -           1901 110125at50557        -            121   5.7e-08   32.2   0.0   1   1   1.6e-09   1.5e-07   30.8   0.0     9    68    11    73     5    86 0.81 -
26432at50557_34720_0:001f8e|STRG.7606.8:344-6199|+     -           1933 110125at50557        -            121   5.9e-08   32.2   0.0   1   1   1.6e-09   1.6e-07   30.8   0.0     9    68    11    73     5    86 0.81 -
26432at50557_34720_0:001f8e|STRG.7606.2:394-6192|+     -           1933 110125at50557        -            121   5.9e-08   32.2   0.0   1   1   1.6e-09   1.6e-07   30.8   0.0     9    68    11    73     5    86 0.81 -
37657at50557_76194_0:0021a4|STRG.4436.1:2907-3143|+    -             79 110125at50557        -            121   2.3e-07   30.2   0.0   1   1   2.5e-09   2.4e-07   30.2   0.0     8    78     5    79     1    79 0.82 -
37657at50557_76194_0:0021a4|STRG.4436.2:2907-3143|+    -             79 110125at50557        -            121   2.3e-07   30.2   0.0   1   1   2.5e-09   2.4e-07   30.2   0.0     8    78     5    79     1    79 0.82 -
37657at50557_76194_0:0021a4|STRG.4436.3:2777-3013|+    -             79 110125at50557        -            121   2.3e-07   30.2   0.0   1   1   2.5e-09   2.4e-07   30.2   0.0     8    78     5    79     1    79 0.82 -
37657at50557_76194_0:0021a4|STRG.4436.4:2774-3010|+    -             79 110125at50557        -            121   2.3e-07   30.2   0.0   1   1   2.5e-09   2.4e-07   30.2   0.0     8    78     5    79     1    79 0.82 -
132744at50557_108931_0:001550|STRG.4604.1:2163-2441|+  -             93 110125at50557        -            121   8.4e-07   28.5   0.0   1   1   9.4e-09   9.2e-07   28.3   0.0     7    74    18    86    13    93 0.82 -
10394at50557_7536_0:0020dc|STRG.10694.1:223-735|+      -            171 110125at50557        -            121   1.8e-06   27.3   2.3   1   2   7.6e-06   0.00074   18.9   0.1    25    88    29    93     9   102 0.82 -
10394at50557_7536_0:0020dc|STRG.10694.1:223-735|+      -            171 110125at50557        -            121   1.8e-06   27.3   2.3   2   2    0.0091      0.89    9.0   0.5    22    69   119   171    91   171 0.74 -
10394at50557_7536_0:0020dc|STRG.10694.3:223-735|+      -            171 110125at50557        -            121   1.8e-06   27.3   2.3   1   2   7.6e-06   0.00074   18.9   0.1    25    88    29    93     9   102 0.82 -
10394at50557_7536_0:0020dc|STRG.10694.3:223-735|+      -            171 110125at50557        -            121   1.8e-06   27.3   2.3   2   2    0.0091      0.89    9.0   0.5    22    69   119   171    91   171 0.74 -
132744at50557_319348_0:00228b|STRG.6889.1:472-648|+    -             59 110125at50557        -            121   2.2e-06   27.1   0.1   1   1   2.4e-08   2.4e-06   27.0   0.1    25    72     1    48     1    57 0.87 -
110125at50557_1155016_0:002a24|STRG.13119.1:722-1015|+ -             98 110125at50557        -            121   3.6e-06   26.4   0.0   1   1     4e-08   3.9e-06   26.3   0.0    29    81     2    54     1    79 0.87 -
26432at50557_2015173_0:000a04|STRG.7606.9:14-2014|+    -            667 110125at50557        -            121   3.8e-06   26.3   0.1   1   1   7.4e-08   7.2e-06   25.4   0.1    31    68     2    39     1    52 0.86 -
132744at50557_286306_0:0034c8|STRG.4604.2:2288-2458|+  -             57 110125at50557        -            121   4.7e-06   26.0   0.0   1   1   4.8e-08   4.7e-06   26.0   0.0    25    75     2    51     1    57 0.86 -
110125at50557_52612_0:003d2a|STRG.5869.1:5091-5459|+   -            123 110125at50557        -            121   1.3e-05   24.6   0.0   1   1   1.6e-07   1.6e-05   24.3   0.0    24    80    31    87    15    99 0.82 -
110125at50557_52612_0:003d2a|STRG.5869.2:4855-5223|+   -            123 110125at50557        -            121   1.3e-05   24.6   0.0   1   1   1.6e-07   1.6e-05   24.3   0.0    24    80    31    87    15    99 0.82 -
110125at50557_52612_0:003d2a|STRG.5869.3:4906-5274|+   -            123 110125at50557        -            121   1.3e-05   24.6   0.0   1   1   1.6e-07   1.6e-05   24.3   0.0    24    80    31    87    15    99 0.82 -
10394at50557_378494_0:004c1b|STRG.1146.1:1382-2197|+   -            272 110125at50557        -            121   1.6e-05   24.3   0.1   1   2     0.019       1.9    7.9   0.0    39    81    36    78     2    86 0.75 -
10394at50557_378494_0:004c1b|STRG.1146.1:1382-2197|+   -            272 110125at50557        -            121   1.6e-05   24.3   0.1   2   2   0.00018     0.018   14.5   0.1    22    66   224   269   202   272 0.75 -
10394at50557_378494_0:004c1b|STRG.1146.3:694-1509|+    -            272 110125at50557        -            121   1.6e-05   24.3   0.1   1   2     0.019       1.9    7.9   0.0    39    81    36    78     2    86 0.75 -
10394at50557_378494_0:004c1b|STRG.1146.3:694-1509|+    -            272 110125at50557        -            121   1.6e-05   24.3   0.1   2   2   0.00018     0.018   14.5   0.1    22    66   224   269   202   272 0.75 -
110125at50557_69820_0:0005bb|STRG.1146.1:2564-2896|+   -            111 110125at50557        -            121   5.5e-05   22.6   0.0   1   1   7.8e-07   7.6e-05   22.1   0.0    20    75    31    87    12    98 0.85 -
110125at50557_69820_0:0005bb|STRG.1146.2:2564-2896|+   -            111 110125at50557        -            121   5.5e-05   22.6   0.0   1   1   7.8e-07   7.6e-05   22.1   0.0    20    75    31    87    12    98 0.85 -
110125at50557_69820_0:0005bb|STRG.1146.3:1876-2208|+   -            111 110125at50557        -            121   5.5e-05   22.6   0.0   1   1   7.8e-07   7.6e-05   22.1   0.0    20    75    31    87    12    98 0.85 -
37657at50557_76194_0:0021a4|STRG.1892.1:1533-1829|+    -             99 110125at50557        -            121   8.2e-05   22.0   0.1   1   1   1.1e-06   0.00011   21.6   0.1    38    73    58    93    53    99 0.89 -
37657at50557_76194_0:0021a4|STRG.1892.2:1528-1824|+    -             99 110125at50557        -            121   8.2e-05   22.0   0.1   1   1   1.1e-06   0.00011   21.6   0.1    38    73    58    93    53    99 0.89 -
132744at50557_104452_0:003420|STRG.6889.2:659-826|+    -             56 110125at50557        -            121   0.00038   19.9   0.0   1   1   4.1e-06    0.0004   19.8   0.0    32    78     8    54     2    56 0.87 -
110125at50557_69820_0:0005bb|STRG.20224.1:6839-7096|+  -             86 110125at50557        -            121   0.00042   19.7   0.0   1   1   5.1e-06    0.0005   19.5   0.0     6    77     3    81     1    85 0.77 -
110125at50557_69820_0:0005bb|STRG.20224.2:6094-6351|+  -             86 110125at50557        -            121   0.00042   19.7   0.0   1   1   5.1e-06    0.0005   19.5   0.0     6    77     3    81     1    85 0.77 -
110125at50557_69820_0:0005bb|STRG.20224.3:4853-5110|+  -             86 110125at50557        -            121   0.00042   19.7   0.0   1   1   5.1e-06    0.0005   19.5   0.0     6    77     3    81     1    85 0.77 -
110125at50557_74869_0:002858|STRG.14200.1:2067-2312|+  -             82 110125at50557        -            121   0.00048   19.6   0.0   1   1   5.1e-06   0.00049   19.5   0.0    22    72     2    53     1    77 0.83 -
110125at50557_7091_0:00083b|STRG.10302.1:597-986|+     -            130 110125at50557        -            121    0.0052   16.2   0.0   1   1     7e-05    0.0068   15.8   0.0    37    85    38    86    30   108 0.81 -
10394at50557_7536_0:0020dc|STRG.7368.1:3851-4438|+     -            196 110125at50557        -            121    0.0058   16.0   0.0   1   2       1.7   1.7e+02    1.7   0.0    38    79    42    83    29    90 0.85 -
10394at50557_7536_0:0020dc|STRG.7368.1:3851-4438|+     -            196 110125at50557        -            121    0.0058   16.0   0.0   2   2   0.00088     0.085   12.3   0.0    13    69   138   195   130   196 0.81 -
10394at50557_7536_0:0020dc|STRG.7368.2:3796-4383|+     -            196 110125at50557        -            121    0.0058   16.0   0.0   1   2       1.7   1.7e+02    1.7   0.0    38    79    42    83    29    90 0.85 -
10394at50557_7536_0:0020dc|STRG.7368.2:3796-4383|+     -            196 110125at50557        -            121    0.0058   16.0   0.0   2   2   0.00088     0.085   12.3   0.0    13    69   138   195   130   196 0.81 -
10394at50557_7536_0:0020dc|STRG.7368.3:1879-2466|+     -            196 110125at50557        -            121    0.0058   16.0   0.0   1   2       1.7   1.7e+02    1.7   0.0    38    79    42    83    29    90 0.85 -
10394at50557_7536_0:0020dc|STRG.7368.3:1879-2466|+     -            196 110125at50557        -            121    0.0058   16.0   0.0   2   2   0.00088     0.085   12.3   0.0    13    69   138   195   130   196 0.81 -
10394at50557_7536_0:0020dc|STRG.7368.4:2280-2867|+     -            196 110125at50557        -            121    0.0058   16.0   0.0   1   2       1.7   1.7e+02    1.7   0.0    38    79    42    83    29    90 0.85 -
10394at50557_7536_0:0020dc|STRG.7368.4:2280-2867|+     -            196 110125at50557        -            121    0.0058   16.0   0.0   2   2   0.00088     0.085   12.3   0.0    13    69   138   195   130   196 0.81 -
113217at50557_34720_0:001c7c|STRG.12199.1:169-1530|+   -            454 110125at50557        -            121    0.0094   15.4   0.0   1   2     0.013       1.3    8.5   0.0    23    60    14    52    10    79 0.79 -
113217at50557_34720_0:001c7c|STRG.12199.1:169-1530|+   -            454 110125at50557        -            121    0.0094   15.4   0.0   2   2      0.26        25    4.3   0.0    27    53   114   141   105   169 0.79 -
10394at50557_7536_0:0020dc|STRG.12316.3:218-745|+      -            176 110125at50557        -            121    0.0095   15.4   0.0   1   2     0.054       5.2    6.5   0.0    28    74    54   101    31   120 0.75 -
10394at50557_7536_0:0020dc|STRG.12316.3:218-745|+      -            176 110125at50557        -            121    0.0095   15.4   0.0   2   2     0.036       3.5    7.1   0.0    17    52   140   176   126   176 0.84 -
10394at50557_7536_0:0020dc|STRG.12316.4:215-742|+      -            176 110125at50557        -            121    0.0095   15.4   0.0   1   2     0.054       5.2    6.5   0.0    28    74    54   101    31   120 0.75 -
10394at50557_7536_0:0020dc|STRG.12316.4:215-742|+      -            176 110125at50557        -            121    0.0095   15.4   0.0   2   2     0.036       3.5    7.1   0.0    17    52   140   176   126   176 0.84 -
50585at50557_103372_0:0015a6|STRG.5154.2:64-1329|+     -            422 110125at50557        -            121      0.05   13.0   0.0   1   1    0.0012      0.12   11.8   0.0    27    72    53    99    48   127 0.86 -
50585at50557_103372_0:0015a6|STRG.5154.5:218-1483|+    -            422 110125at50557        -            121      0.05   13.0   0.0   1   1    0.0012      0.12   11.8   0.0    27    72    53    99    48   127 0.86 -
50585at50557_103372_0:0015a6|STRG.5154.3:12-1497|+     -            423 110125at50557        -            121      0.05   13.0   0.0   1   1    0.0012      0.12   11.8   0.0    27    72    54   100    49   128 0.86 -
50585at50557_103372_0:0015a6|STRG.5154.1:185-1841|+    -            441 110125at50557        -            121     0.054   12.9   0.0   1   1    0.0013      0.12   11.8   0.0    27    72    72   118    67   146 0.86 -
50585at50557_103372_0:0015a6|STRG.5154.4:12-1554|+     -            441 110125at50557        -            121     0.054   12.9   0.0   1   1    0.0013      0.12   11.8   0.0    27    72    72   118    67   146 0.86 -
50585at50557_103372_0:0015a6|STRG.5154.6:185-1758|+    -            441 110125at50557        -            121     0.054   12.9   0.0   1   1    0.0013      0.12   11.8   0.0    27    72    72   118    67   146 0.86 -
#
# Program:         hmmsearch
# Version:         3.4 (Aug 2023)
# Pipeline mode:   SEARCH
# Query file:      /home/justine/projet_tutore/busco_downloads/lineages/insecta_odb10/hmms/110125at50557.hmm
# Target file:     annotation_analysis/annotation_gcf/T_cornetzi/busco_output/run_insecta_odb10/metaeuk_output/initial_results/assembled_transcripts.fasta.modified.fas
# Option settings: hmmsearch --domtblout annotation_analysis/annotation_gcf/T_cornetzi/busco_output/run_insecta_odb10/hmmer_output/initial_run_results/110125at50557.out --cpu 1 /home/justine/projet_tutore/busco_downloads/lineages/insecta_odb10/hmms/110125at50557.hmm annotation_analysis/annotation_gcf/T_cornetzi/busco_output/run_insecta_odb10/metaeuk_output/initial_results/assembled_transcripts.fasta.modified.fas 
# Current dir:     /home/justine/projet_tutore
# Date:            Sun Dec  1 20:02:21 2024
# [ok]
