#                                                                                                              --- full sequence --- -------------- this domain -------------   hmm coord   ali coord   env coord
# target name                                          accession   tlen query name           accession   qlen   E-value  score  bias   #  of  c-Evalue  i-Evalue  score  bias  from    to  from    to  from    to  acc description of target
#                                  ------------------- ---------- ----- -------------------- ---------- ----- --------- ------ ----- --- --- --------- --------- ------ ----- ----- ----- ----- ----- ----- ----- ---- ---------------------
111975at50557_34720_0:001251|STRG.11078.1:141-1166|+   -            290 111975at50557        -            174   1.1e-60  203.3   0.2   1   1     4e-62   1.7e-59  199.4   0.2     1   154   106   289   106   290 0.90 -
111975at50557_34720_0:001251|STRG.11078.2:260-1285|+   -            290 111975at50557        -            174   1.1e-60  203.3   0.2   1   1     4e-62   1.7e-59  199.4   0.2     1   154   106   289   106   290 0.90 -
28428at50557_7237_0:000277|STRG.2130.1:174-1133|+      -            320 111975at50557        -            174   1.9e-06   26.7   0.1   1   1   8.7e-09   3.6e-06   25.8   0.1    45    88    40    82    18    97 0.79 -
28428at50557_7237_0:000277|STRG.2130.2:590-1549|+      -            320 111975at50557        -            174   1.9e-06   26.7   0.1   1   1   8.7e-09   3.6e-06   25.8   0.1    45    88    40    82    18    97 0.79 -
28428at50557_69004_0:000830|STRG.1695.1:1575-2480|+    -            302 111975at50557        -            174   3.4e-06   25.8   0.1   1   1   1.3e-08   5.6e-06   25.2   0.1    40    98    31    88     4   119 0.84 -
28428at50557_69004_0:000830|STRG.1695.2:1449-2354|+    -            302 111975at50557        -            174   3.4e-06   25.8   0.1   1   1   1.3e-08   5.6e-06   25.2   0.1    40    98    31    88     4   119 0.84 -
28428at50557_69004_0:000830|STRG.1695.3:1345-2250|+    -            302 111975at50557        -            174   3.4e-06   25.8   0.1   1   1   1.3e-08   5.6e-06   25.2   0.1    40    98    31    88     4   119 0.84 -
28428at50557_103372_0:00058c|STRG.3276.3:426-1964|+    -            513 111975at50557        -            174   4.6e-05   22.2   0.1   1   1   2.4e-07    0.0001   21.1   0.1    38    81   149   192   131   213 0.80 -
28428at50557_103372_0:00058c|STRG.3276.1:438-1979|+    -            514 111975at50557        -            174   4.6e-05   22.2   0.1   1   1   2.4e-07    0.0001   21.1   0.1    38    81   149   192   131   213 0.80 -
28428at50557_286306_0:004195|STRG.3276.2:420-2210|+    -            597 111975at50557        -            174   5.9e-05   21.8   0.1   1   1   2.9e-07   0.00012   20.8   0.1    38    81   151   194   133   215 0.80 -
30407at50557_103372_0:000c15|STRG.12483.1:0-2111|+     -            704 111975at50557        -            174    0.0027   16.4   0.0   1   1   1.2e-05    0.0049   15.6   0.0    37    88    72   123    63   158 0.78 -
30407at50557_286306_0:003a7a|STRG.12483.2:27-2674|+    -            848 111975at50557        -            174    0.0033   16.1   0.0   1   1   1.5e-05    0.0063   15.2   0.0    37    88   221   272   212   307 0.78 -
132051at50557_520822_0:001d22|STRG.14512.2:1399-2550|+ -            287 111975at50557        -            174    0.0059   15.3   0.0   1   1   2.5e-05      0.01   14.5   0.0    44    93   120   168   112   181 0.66 -
132051at50557_520822_0:001d22|STRG.14512.1:389-1255|+  -            289 111975at50557        -            174    0.0059   15.3   0.0   1   1   2.5e-05      0.01   14.5   0.0    44    93   122   170   114   183 0.66 -
132051at50557_520822_0:001d22|STRG.14512.3:47-916|+    -            290 111975at50557        -            174    0.0061   15.3   0.0   1   1   2.5e-05      0.01   14.5   0.0    44    93   123   171   115   184 0.66 -
132051at50557_520822_0:001d22|STRG.14512.4:391-1260|+  -            290 111975at50557        -            174    0.0061   15.3   0.0   1   1   2.5e-05      0.01   14.5   0.0    44    93   123   171   115   184 0.66 -
99964at50557_38123_0:0026b4|STRG.1891.1:614-1024|+     -            137 111975at50557        -            174    0.0079   14.9   0.8   1   2   0.00038      0.16   10.7   0.5    45    91    26    70    13    87 0.68 -
99964at50557_38123_0:0026b4|STRG.1891.1:614-1024|+     -            137 111975at50557        -            174    0.0079   14.9   0.8   2   2      0.11        46    2.6   0.0    89   105   107   123    86   132 0.79 -
99964at50557_38123_0:0026b4|STRG.1891.2:568-978|+      -            137 111975at50557        -            174    0.0079   14.9   0.8   1   2   0.00038      0.16   10.7   0.5    45    91    26    70    13    87 0.68 -
99964at50557_38123_0:0026b4|STRG.1891.2:568-978|+      -            137 111975at50557        -            174    0.0079   14.9   0.8   2   2      0.11        46    2.6   0.0    89   105   107   123    86   132 0.79 -
30407at50557_143948_0:00063f|STRG.13850.1:659-1840|+   -            394 111975at50557        -            174     0.014   14.1   0.0   1   1   6.9e-05     0.029   13.1   0.0    49    89    25    65    17    92 0.80 -
30407at50557_143948_0:00063f|STRG.13850.2:227-1408|+   -            394 111975at50557        -            174     0.014   14.1   0.0   1   1   6.9e-05     0.029   13.1   0.0    49    89    25    65    17    92 0.80 -
45533at50557_29053_0:0017f3|STRG.11650.1:613-1394|+    -            259 111975at50557        -            174     0.035   12.8   0.3   1   3      0.17        71    2.0   0.0    40    78    14    52     7    58 0.76 -
45533at50557_29053_0:0017f3|STRG.11650.1:613-1394|+    -            259 111975at50557        -            174     0.035   12.8   0.3   2   3      0.43   1.8e+02    0.7   0.0    95   109   108   122    98   130 0.85 -
45533at50557_29053_0:0017f3|STRG.11650.1:613-1394|+    -            259 111975at50557        -            174     0.035   12.8   0.3   3   3    0.0078       3.3    6.4   0.0    18    45   132   159   119   164 0.87 -
45533at50557_103372_0:002307|STRG.11650.3:8-1093|+     -            342 111975at50557        -            174     0.085   11.5   0.3   1   3      0.23        96    1.6   0.0    39    78    79   118    64   123 0.78 -
45533at50557_103372_0:002307|STRG.11650.3:8-1093|+     -            342 111975at50557        -            174     0.085   11.5   0.3   2   3       0.6   2.5e+02    0.2   0.0    95   109   174   188   168   198 0.83 -
45533at50557_103372_0:002307|STRG.11650.3:8-1093|+     -            342 111975at50557        -            174     0.085   11.5   0.3   3   3     0.012       5.1    5.8   0.0    18    45   198   225   185   228 0.87 -
#
# Program:         hmmsearch
# Version:         3.4 (Aug 2023)
# Pipeline mode:   SEARCH
# Query file:      /home/justine/projet_tutore/busco_downloads/lineages/insecta_odb10/hmms/111975at50557.hmm
# Target file:     annotation_analysis/annotation_gcf/T_cornetzi/busco_output/run_insecta_odb10/metaeuk_output/initial_results/assembled_transcripts.fasta.modified.fas
# Option settings: hmmsearch --domtblout annotation_analysis/annotation_gcf/T_cornetzi/busco_output/run_insecta_odb10/hmmer_output/initial_run_results/111975at50557.out --cpu 1 /home/justine/projet_tutore/busco_downloads/lineages/insecta_odb10/hmms/111975at50557.hmm annotation_analysis/annotation_gcf/T_cornetzi/busco_output/run_insecta_odb10/metaeuk_output/initial_results/assembled_transcripts.fasta.modified.fas 
# Current dir:     /home/justine/projet_tutore
# Date:            Sun Dec  1 20:02:25 2024
# [ok]
