#                                                                                                              --- full sequence --- -------------- this domain -------------   hmm coord   ali coord   env coord
# target name                                          accession   tlen query name           accession   qlen   E-value  score  bias   #  of  c-Evalue  i-Evalue  score  bias  from    to  from    to  from    to  acc description of target
#                                  ------------------- ---------- ----- -------------------- ---------- ----- --------- ------ ----- --- --- --------- --------- ------ ----- ----- ----- ----- ----- ----- ----- ---- ---------------------
113130at50557_520822_0:00049e|STRG.6359.2:48-752|+     -            235 113130at50557        -             80   1.6e-31  107.6   8.7   1   2     1e-18   7.3e-16   57.4   1.7     1    45   104   162   104   200 0.83 -
113130at50557_520822_0:00049e|STRG.6359.2:48-752|+     -            235 113130at50557        -             80   1.6e-31  107.6   8.7   2   2   1.6e-16   1.1e-13   50.4   1.8    39    80   198   235   181   235 0.81 -
113130at50557_2015173_0:0005f7|STRG.6359.1:3-740|+     -            246 113130at50557        -             80   2.4e-31  107.0   9.7   1   2   7.4e-19   5.2e-16   57.9   2.7     1    53   119   195   119   210 0.79 -
113130at50557_2015173_0:0005f7|STRG.6359.1:3-740|+     -            246 113130at50557        -             80   2.4e-31  107.0   9.7   2   2   1.7e-16   1.2e-13   50.3   1.6    48    80   214   246   193   246 0.84 -
113130at50557_121225_0:001e8d|STRG.9676.1:188-547|+    -            120 113130at50557        -             80    0.0019   17.6   0.0   1   1     5e-06    0.0035   16.8   0.0     1    33    80   116    80   119 0.88 -
112578at50557_29031_0:0005ec|STRG.6743.1:193-579|+     -            129 113130at50557        -             80    0.0032   16.9   0.1   1   3   0.00067      0.48    9.9   0.0    50    73     4    27     2    32 0.87 -
112578at50557_29031_0:0005ec|STRG.6743.1:193-579|+     -            129 113130at50557        -             80    0.0032   16.9   0.1   2   3      0.78   5.6e+02    0.1   0.0    60    73    51    64    41    69 0.84 -
112578at50557_29031_0:0005ec|STRG.6743.1:193-579|+     -            129 113130at50557        -             80    0.0032   16.9   0.1   3   3      0.12        89    2.7   0.0    32    72    88   129    83   129 0.85 -
119324at50557_43041_0:001074|STRG.7061.1:1-288|+       -             96 113130at50557        -             80     0.012   15.1   0.2   1   2       0.6   4.3e+02    0.5   0.0    56    72    32    48    23    52 0.78 -
119324at50557_43041_0:001074|STRG.7061.1:1-288|+       -             96 113130at50557        -             80     0.012   15.1   0.2   2   2   0.00011     0.075   12.5   0.1    37    72    63    96    50    96 0.74 -
119324at50557_609295_0:001eaf|STRG.19884.3:304-813|+   -            170 113130at50557        -             80     0.026   14.0   0.5   1   3      0.35   2.5e+02    1.2   0.0    56    73    27    44    14    51 0.86 -
119324at50557_609295_0:001eaf|STRG.19884.3:304-813|+   -            170 113130at50557        -             80     0.026   14.0   0.5   2   3       1.5   1.1e+03   -0.8   0.0    56    72    96   112    88   120 0.82 -
119324at50557_609295_0:001eaf|STRG.19884.3:304-813|+   -            170 113130at50557        -             80     0.026   14.0   0.5   3   3    0.0012      0.85    9.1   0.1    49    73   130   154   113   159 0.86 -
119324at50557_609295_0:001eaf|STRG.19884.5:277-786|+   -            170 113130at50557        -             80     0.026   14.0   0.5   1   3      0.35   2.5e+02    1.2   0.0    56    73    27    44    14    51 0.86 -
119324at50557_609295_0:001eaf|STRG.19884.5:277-786|+   -            170 113130at50557        -             80     0.026   14.0   0.5   2   3       1.5   1.1e+03   -0.8   0.0    56    72    96   112    88   120 0.82 -
119324at50557_609295_0:001eaf|STRG.19884.5:277-786|+   -            170 113130at50557        -             80     0.026   14.0   0.5   3   3    0.0012      0.85    9.1   0.1    49    73   130   154   113   159 0.86 -
119324at50557_516756_0:001c87|STRG.16908.1:3043-3405|+ -            121 113130at50557        -             80     0.065   12.7   0.5   1   3      0.02        14    5.2   0.0    52    73    20    41    16    44 0.89 -
119324at50557_516756_0:001c87|STRG.16908.1:3043-3405|+ -            121 113130at50557        -             80     0.065   12.7   0.5   2   3     0.017        12    5.4   0.0    55    74    59    78    50    82 0.88 -
119324at50557_516756_0:001c87|STRG.16908.1:3043-3405|+ -            121 113130at50557        -             80     0.065   12.7   0.5   3   3       6.9   4.9e+03   -2.9   0.0    52    72   101   121    96   121 0.70 -
119324at50557_516756_0:001c87|STRG.16908.2:2863-3225|+ -            121 113130at50557        -             80     0.065   12.7   0.5   1   3      0.02        14    5.2   0.0    52    73    20    41    16    44 0.89 -
119324at50557_516756_0:001c87|STRG.16908.2:2863-3225|+ -            121 113130at50557        -             80     0.065   12.7   0.5   2   3     0.017        12    5.4   0.0    55    74    59    78    50    82 0.88 -
119324at50557_516756_0:001c87|STRG.16908.2:2863-3225|+ -            121 113130at50557        -             80     0.065   12.7   0.5   3   3       6.9   4.9e+03   -2.9   0.0    52    72   101   121    96   121 0.70 -
119324at50557_516756_0:001c87|STRG.16908.4:2540-2902|+ -            121 113130at50557        -             80     0.065   12.7   0.5   1   3      0.02        14    5.2   0.0    52    73    20    41    16    44 0.89 -
119324at50557_516756_0:001c87|STRG.16908.4:2540-2902|+ -            121 113130at50557        -             80     0.065   12.7   0.5   2   3     0.017        12    5.4   0.0    55    74    59    78    50    82 0.88 -
119324at50557_516756_0:001c87|STRG.16908.4:2540-2902|+ -            121 113130at50557        -             80     0.065   12.7   0.5   3   3       6.9   4.9e+03   -2.9   0.0    52    72   101   121    96   121 0.70 -
119324at50557_516756_0:001c87|STRG.16908.5:3050-3412|+ -            121 113130at50557        -             80     0.065   12.7   0.5   1   3      0.02        14    5.2   0.0    52    73    20    41    16    44 0.89 -
119324at50557_516756_0:001c87|STRG.16908.5:3050-3412|+ -            121 113130at50557        -             80     0.065   12.7   0.5   2   3     0.017        12    5.4   0.0    55    74    59    78    50    82 0.88 -
119324at50557_516756_0:001c87|STRG.16908.5:3050-3412|+ -            121 113130at50557        -             80     0.065   12.7   0.5   3   3       6.9   4.9e+03   -2.9   0.0    52    72   101   121    96   121 0.70 -
119324at50557_1049336_0:003cac|STRG.4405.2:321-734|+   -            138 113130at50557        -             80     0.066   12.7   0.9   1   3    0.0078       5.5    6.5   0.0    48    73    38    63    34    68 0.90 -
119324at50557_1049336_0:003cac|STRG.4405.2:321-734|+   -            138 113130at50557        -             80     0.066   12.7   0.9   2   3       0.1        73    2.9   0.0    40    68    71    98    67   108 0.86 -
119324at50557_1049336_0:003cac|STRG.4405.2:321-734|+   -            138 113130at50557        -             80     0.066   12.7   0.9   3   3      0.64   4.6e+02    0.4   0.0    36    72   105   138    98   138 0.73 -
119324at50557_1049336_0:003cac|STRG.4405.1:321-758|+   -            146 113130at50557        -             80     0.083   12.4   0.9   1   3    0.0066       4.7    6.7   0.1    48    73    46    71    29    77 0.91 -
119324at50557_1049336_0:003cac|STRG.4405.1:321-758|+   -            146 113130at50557        -             80     0.083   12.4   0.9   2   3      0.12        86    2.7   0.0    40    68    79   106    75   113 0.86 -
119324at50557_1049336_0:003cac|STRG.4405.1:321-758|+   -            146 113130at50557        -             80     0.083   12.4   0.9   3   3      0.71     5e+02    0.2   0.0    36    72   113   146   106   146 0.73 -
#
# Program:         hmmsearch
# Version:         3.4 (Aug 2023)
# Pipeline mode:   SEARCH
# Query file:      /home/justine/projet_tutore/busco_downloads/lineages/insecta_odb10/hmms/113130at50557.hmm
# Target file:     annotation_analysis/annotation_gcf/T_cornetzi/busco_output/run_insecta_odb10/metaeuk_output/initial_results/assembled_transcripts.fasta.modified.fas
# Option settings: hmmsearch --domtblout annotation_analysis/annotation_gcf/T_cornetzi/busco_output/run_insecta_odb10/hmmer_output/initial_run_results/113130at50557.out --cpu 1 /home/justine/projet_tutore/busco_downloads/lineages/insecta_odb10/hmms/113130at50557.hmm annotation_analysis/annotation_gcf/T_cornetzi/busco_output/run_insecta_odb10/metaeuk_output/initial_results/assembled_transcripts.fasta.modified.fas 
# Current dir:     /home/justine/projet_tutore
# Date:            Sun Dec  1 20:02:26 2024
# [ok]
