#                                                                                                              --- full sequence --- -------------- this domain -------------   hmm coord   ali coord   env coord
# target name                                          accession   tlen query name           accession   qlen   E-value  score  bias   #  of  c-Evalue  i-Evalue  score  bias  from    to  from    to  from    to  acc description of target
#                                  ------------------- ---------- ----- -------------------- ---------- ----- --------- ------ ----- --- --- --------- --------- ------ ----- ----- ----- ----- ----- ----- ----- ---- ---------------------
120473at50557_1041015_0:0012df|STRG.11688.1:826-1278|+ -            151 120473at50557        -             93   2.5e-57  190.1   0.9   1   2   3.9e-59   7.3e-57  188.6   0.5     5    88    27   111    16   114 0.94 -
120473at50557_1041015_0:0012df|STRG.11688.1:826-1278|+ -            151 120473at50557        -             93   2.5e-57  190.1   0.9   2   2       6.2   1.2e+03   -1.2   0.0    74    93   120   141   116   141 0.60 -
120473at50557_37344_0:000b45|STRG.11688.2:826-1985|+   -            161 120473at50557        -             93   2.6e-57  190.1   0.8   1   2   4.1e-59   7.8e-57  188.6   0.5     5    88    27   111    16   115 0.93 -
120473at50557_37344_0:000b45|STRG.11688.2:826-1985|+   -            161 120473at50557        -             93   2.6e-57  190.1   0.8   2   2       6.7   1.3e+03   -1.3   0.0    75    93   121   141   116   141 0.59 -
120473at50557_1041015_0:0012df|STRG.7697.1:413-811|+   -            133 120473at50557        -             93   1.3e-24   85.3   0.0   1   1   8.6e-27   1.6e-24   84.9   0.0     5    87    23   106    19   109 0.95 -
116934at50557_103372_0:000d14|STRG.809.1:159-719|+     -            187 120473at50557        -             93   1.3e-24   85.2   0.0   1   1   1.1e-26   2.1e-24   84.6   0.0     6    88    55   138    51   141 0.95 -
120473at50557_1041015_0:0012df|STRG.11570.1:718-1125|+ -            136 120473at50557        -             93   1.2e-21   75.7   0.0   1   1     9e-24   1.7e-21   75.3   0.0     7    88    23   105    19   108 0.93 -
120473at50557_1041015_0:0012df|STRG.11570.2:108-515|+  -            136 120473at50557        -             93   1.2e-21   75.7   0.0   1   1     9e-24   1.7e-21   75.3   0.0     7    88    23   105    19   108 0.93 -
120473at50557_1041015_0:0012df|STRG.11570.3:50-457|+   -            136 120473at50557        -             93   1.2e-21   75.7   0.0   1   1     9e-24   1.7e-21   75.3   0.0     7    88    23   105    19   108 0.93 -
116934at50557_286706_0:0006a3|STRG.2226.1:339-725|+    -            129 120473at50557        -             93   1.4e-20   72.3   0.0   1   1   1.3e-22   2.4e-20   71.6   0.0     5    87    21   104    18   108 0.95 -
120473at50557_43041_0:000212|STRG.4353.2:633-1019|+    -            129 120473at50557        -             93   3.9e-18   64.5   0.0   1   1   3.7e-20   6.9e-18   63.7   0.0     4    88    10    97     7   101 0.91 -
120473at50557_1049336_0:000626|STRG.4353.1:277-726|+   -            150 120473at50557        -             93   6.1e-18   63.9   0.0   1   1   5.8e-20   1.1e-17   63.1   0.0     4    88    31   118    28   122 0.91 -
117699at50557_411798_0:0026ea|STRG.16257.1:116-652|+   -            179 120473at50557        -             93   1.1e-17   63.0   0.0   1   1   1.6e-19     3e-17   61.6   0.0    18    88    22    94    11    97 0.91 -
117699at50557_219809_0:0002bf|STRG.16257.3:11-580|+    -            190 120473at50557        -             93   1.3e-17   62.8   0.0   1   1   1.9e-19   3.5e-17   61.4   0.0    18    88    33   105    22   108 0.91 -
117699at50557_104421_0:002a75|STRG.16257.2:549-1148|+  -            200 120473at50557        -             93   1.5e-17   62.6   0.0   1   1   2.1e-19   3.9e-17   61.3   0.0    18    88    43   115    32   118 0.91 -
120473at50557_1041015_0:0012df|STRG.20220.1:796-1278|+ -            161 120473at50557        -             93   2.3e-17   62.0   0.9   1   2   2.6e-18   4.9e-16   57.8   0.5     8    86    30   122    24   130 0.85 -
120473at50557_1041015_0:0012df|STRG.20220.1:796-1278|+ -            161 120473at50557        -             93   2.3e-17   62.0   0.9   2   2         4   7.5e+02   -0.5   0.0    54    74   127   147   122   151 0.80 -
120473at50557_535359_0:000a36|STRG.4210.2:406-864|+    -            153 120473at50557        -             93   2.9e-17   61.7   0.2   1   1     2e-18   3.8e-16   58.1   0.2     7    86    18   111    13   115 0.80 -
120473at50557_1049336_0:000626|STRG.4210.1:255-740|+   -            162 120473at50557        -             93   3.5e-17   61.4   0.2   1   1   2.4e-18   4.5e-16   57.9   0.2     7    86    30   123    25   127 0.80 -
120473at50557_1041015_0:0012df|STRG.2203.2:784-1257|+  -            158 120473at50557        -             93     1e-15   56.7   0.2   1   1   5.6e-17   1.1e-14   53.5   0.2     8    71    27    91    22   123 0.81 -
120473at50557_1041015_0:0012df|STRG.2203.1:198-686|+   -            163 120473at50557        -             93   1.2e-15   56.5   0.2   1   1   6.1e-17   1.2e-14   53.4   0.2     8    71    32    96    27   128 0.81 -
120473at50557_1041015_0:0012df|STRG.2203.3:249-737|+   -            163 120473at50557        -             93   1.2e-15   56.5   0.2   1   1   6.1e-17   1.2e-14   53.4   0.2     8    71    32    96    27   128 0.81 -
117699at50557_7394_0:002ded|STRG.17400.1:864-1256|+    -            131 120473at50557        -             93   3.6e-15   55.0   0.0   1   1   3.1e-17   5.8e-15   54.3   0.0    17    85    19    89     9    93 0.91 -
117699at50557_7394_0:002ded|STRG.17400.2:1544-1936|+   -            131 120473at50557        -             93   3.6e-15   55.0   0.0   1   1   3.1e-17   5.8e-15   54.3   0.0    17    85    19    89     9    93 0.91 -
117699at50557_7394_0:002ded|STRG.17400.3:864-1256|+    -            131 120473at50557        -             93   3.6e-15   55.0   0.0   1   1   3.1e-17   5.8e-15   54.3   0.0    17    85    19    89     9    93 0.91 -
117699at50557_7394_0:002ded|STRG.17400.4:886-1278|+    -            131 120473at50557        -             93   3.6e-15   55.0   0.0   1   1   3.1e-17   5.8e-15   54.3   0.0    17    85    19    89     9    93 0.91 -
117699at50557_7394_0:002ded|STRG.17400.5:868-1260|+    -            131 120473at50557        -             93   3.6e-15   55.0   0.0   1   1   3.1e-17   5.8e-15   54.3   0.0    17    85    19    89     9    93 0.91 -
117699at50557_7394_0:002ded|STRG.17400.6:887-1279|+    -            131 120473at50557        -             93   3.6e-15   55.0   0.0   1   1   3.1e-17   5.8e-15   54.3   0.0    17    85    19    89     9    93 0.91 -
117699at50557_7394_0:002ded|STRG.17400.7:906-1298|+    -            131 120473at50557        -             93   3.6e-15   55.0   0.0   1   1   3.1e-17   5.8e-15   54.3   0.0    17    85    19    89     9    93 0.91 -
117699at50557_7394_0:002ded|STRG.17400.8:458-850|+     -            131 120473at50557        -             93   3.6e-15   55.0   0.0   1   1   3.1e-17   5.8e-15   54.3   0.0    17    85    19    89     9    93 0.91 -
116934at50557_121225_0:000e6c|STRG.19654.3:168-503|+   -            112 120473at50557        -             93   1.1e-14   53.4   0.0   1   1   7.3e-17   1.4e-14   53.1   0.0     7    86    24   106    18   110 0.91 -
116934at50557_121225_0:000e6c|STRG.19654.1:694-1080|+  -            129 120473at50557        -             93   1.7e-14   52.9   0.0   1   1   1.2e-16   2.2e-14   52.5   0.0     7    86    41   123    35   127 0.91 -
116934at50557_121225_0:000e6c|STRG.19654.2:240-620|+   -            127 120473at50557        -             93   1.7e-14   52.8   0.0   1   1   1.2e-16   2.2e-14   52.5   0.0     7    86    41   123    35   126 0.92 -
117699at50557_28612_0:004e72|STRG.20614.1:85-465|+     -            127 120473at50557        -             93   2.4e-14   52.4   0.2   1   1   1.6e-16   3.1e-14   52.0   0.2     8    82    27   102    21   111 0.86 -
116934at50557_286706_0:0006a3|STRG.2056.1:1122-1616|+  -            165 120473at50557        -             93   3.1e-14   52.0   0.0   1   1   2.3e-16   4.3e-14   51.5   0.0     8    88    52   133    45   136 0.92 -
120473at50557_28612_0:003609|STRG.7951.1:266-685|+     -            140 120473at50557        -             93   9.2e-14   50.5   0.0   1   2   1.4e-15   2.7e-13   49.0   0.0    14    86    30   103    21   108 0.92 -
120473at50557_28612_0:003609|STRG.7951.1:266-685|+     -            140 120473at50557        -             93   9.2e-14   50.5   0.0   2   2       5.7   1.1e+03   -1.0   0.0    24    44   114   134   103   138 0.70 -
120473at50557_1049336_0:000626|STRG.7951.2:305-745|+   -            147 120473at50557        -             93   1.1e-13   50.3   0.0   1   2   1.6e-15     3e-13   48.8   0.0    14    86    37   110    27   115 0.92 -
120473at50557_1049336_0:000626|STRG.7951.2:305-745|+   -            147 120473at50557        -             93   1.1e-13   50.3   0.0   2   2       6.2   1.2e+03   -1.1   0.0    24    44   121   141   110   145 0.70 -
116934at50557_108931_0:001c95|STRG.13554.1:270-692|+   -            141 120473at50557        -             93   2.3e-11   42.8   0.1   1   1   1.8e-13   3.3e-11   42.3   0.1    16    87    33   105    22   108 0.90 -
117925at50557_103372_0:00113b|STRG.19048.1:569-1267|+  -            233 120473at50557        -             93   7.3e-10   38.0   0.1   1   1   7.9e-12   1.5e-09   37.0   0.1     6    87    34   117    31   123 0.84 -
117925at50557_103372_0:00113b|STRG.19048.2:480-1178|+  -            233 120473at50557        -             93   7.3e-10   38.0   0.1   1   1   7.9e-12   1.5e-09   37.0   0.1     6    87    34   117    31   123 0.84 -
120473at50557_28612_0:003609|STRG.17646.1:7963-8256|+  -             98 120473at50557        -             93   7.4e-10   37.9   0.0   1   1   5.5e-12     1e-09   37.5   0.0    18    73     2    62     1    87 0.80 -
128261at50557_103372_0:000077|STRG.8284.1:350-781|+    -            144 120473at50557        -             93   4.9e-08   32.1   0.0   1   1   3.6e-10   6.7e-08   31.7   0.0    11    84    44   121    36   127 0.78 -
117699at50557_7493_0:0020c6|STRG.5718.5:236-565|+      -            110 120473at50557        -             93   8.2e-08   31.4   0.0   1   1   5.6e-10   1.1e-07   31.0   0.0    19    72    31    85    22   107 0.79 -
117699at50557_7493_0:0020c6|STRG.5718.1:336-665|+      -            110 120473at50557        -             93   8.2e-08   31.4   0.0   1   1   5.6e-10   1.1e-07   31.0   0.0    19    72    31    85    22   107 0.79 -
117699at50557_7493_0:0020c6|STRG.5718.3:156-485|+      -            110 120473at50557        -             93   8.2e-08   31.4   0.0   1   1   5.6e-10   1.1e-07   31.0   0.0    19    72    31    85    22   107 0.79 -
117699at50557_7493_0:0020c6|STRG.5718.6:236-673|+      -            146 120473at50557        -             93   1.4e-07   30.6   0.0   1   1   1.2e-09   2.2e-07   30.0   0.0    19    72    31    85    23   108 0.79 -
117699at50557_7244_0:002000|STRG.17248.1:792-1160|+    -            123 120473at50557        -             93     1e-06   27.9   0.0   1   1   8.6e-09   1.6e-06   27.2   0.0    32    86    62   119    54   122 0.81 -
117699at50557_7244_0:002000|STRG.17248.2:793-1161|+    -            123 120473at50557        -             93     1e-06   27.9   0.0   1   1   8.6e-09   1.6e-06   27.2   0.0    32    86    62   119    54   122 0.81 -
117925at50557_37001_0:0022f0|STRG.18444.1:287-739|+    -            151 120473at50557        -             93   2.3e-06   26.7   0.0   1   2       6.9   1.3e+03   -1.3   0.0    35    49     5    19     2    23 0.81 -
117925at50557_37001_0:0022f0|STRG.18444.1:287-739|+    -            151 120473at50557        -             93   2.3e-06   26.7   0.0   2   2     4e-08   7.6e-06   25.1   0.0     5    83    38   118    33   125 0.80 -
120473at50557_56086_0:003e88|STRG.5718.4:591-740|+     -             50 120473at50557        -             93   0.00027   20.1   0.0   1   1   1.5e-06   0.00028   20.1   0.0    45    76     1    39     1    49 0.72 -
117925at50557_307491_0:0033e6|STRG.10588.1:494-943|+   -            150 120473at50557        -             93    0.0015   17.7   0.0   1   1   1.4e-05    0.0026   17.0   0.0    33    83    59   112    53   119 0.85 -
117925at50557_307491_0:0033e6|STRG.10588.2:549-998|+   -            150 120473at50557        -             93    0.0015   17.7   0.0   1   1   1.4e-05    0.0026   17.0   0.0    33    83    59   112    53   119 0.85 -
#
# Program:         hmmsearch
# Version:         3.4 (Aug 2023)
# Pipeline mode:   SEARCH
# Query file:      /home/justine/projet_tutore/busco_downloads/lineages/insecta_odb10/hmms/120473at50557.hmm
# Target file:     annotation_analysis/annotation_gcf/T_cornetzi/busco_output/run_insecta_odb10/metaeuk_output/initial_results/assembled_transcripts.fasta.modified.fas
# Option settings: hmmsearch --domtblout annotation_analysis/annotation_gcf/T_cornetzi/busco_output/run_insecta_odb10/hmmer_output/initial_run_results/120473at50557.out --cpu 1 /home/justine/projet_tutore/busco_downloads/lineages/insecta_odb10/hmms/120473at50557.hmm annotation_analysis/annotation_gcf/T_cornetzi/busco_output/run_insecta_odb10/metaeuk_output/initial_results/assembled_transcripts.fasta.modified.fas 
# Current dir:     /home/justine/projet_tutore
# Date:            Sun Dec  1 20:02:41 2024
# [ok]
