#                                                                                                            --- full sequence --- -------------- this domain -------------   hmm coord   ali coord   env coord
# target name                                        accession   tlen query name           accession   qlen   E-value  score  bias   #  of  c-Evalue  i-Evalue  score  bias  from    to  from    to  from    to  acc description of target
#                                ------------------- ---------- ----- -------------------- ---------- ----- --------- ------ ----- --- --- --------- --------- ------ ----- ----- ----- ----- ----- ----- ----- ---- ---------------------
12051at50557_104421_0:000e48|STRG.5309.2:84-2912|+   -            943 12051at50557         -            757         0 1530.5  21.6   1   3         0         0 1312.6   6.0     1   594     8   630     8   638 0.98 -
12051at50557_104421_0:000e48|STRG.5309.2:84-2912|+   -            943 12051at50557         -            757         0 1530.5  21.6   2   3   1.7e-22   1.6e-19   68.5   1.4   611   655   707   753   659   778 0.75 -
12051at50557_104421_0:000e48|STRG.5309.2:84-2912|+   -            943 12051at50557         -            757         0 1530.5  21.6   3   3   2.7e-49   2.5e-46  157.2   0.5   663   757   818   929   771   929 0.93 -
12051at50557_104421_0:000e48|STRG.5309.1:174-3114|+  -            971 12051at50557         -            757         0 1529.9  21.9   1   3         0         0 1312.5   6.0     1   594    36   658    36   666 0.98 -
12051at50557_104421_0:000e48|STRG.5309.1:174-3114|+  -            971 12051at50557         -            757         0 1529.9  21.9   2   3     2e-22   1.9e-19   68.3   1.6   611   655   735   781   687   806 0.75 -
12051at50557_104421_0:000e48|STRG.5309.1:174-3114|+  -            971 12051at50557         -            757         0 1529.9  21.9   3   3   2.9e-49   2.7e-46  157.1   0.6   663   757   846   957   797   957 0.93 -
17610at50557_103372_0:00086f|STRG.2947.2:303-2882|+  -            860 12051at50557         -            757   4.4e-55  186.1   0.6   1   1   7.4e-58   6.8e-55  185.5   0.6     7   486    33   514    29   618 0.84 -
17610at50557_103372_0:00086f|STRG.2947.3:391-2982|+  -            864 12051at50557         -            757   4.5e-55  186.1   0.6   1   1   7.5e-58   6.9e-55  185.5   0.6     7   486    37   518    33   622 0.84 -
17610at50557_103372_0:00086f|STRG.2947.1:391-2991|+  -            867 12051at50557         -            757   4.5e-55  186.1   0.6   1   1   7.6e-58     7e-55  185.5   0.6     7   486    40   521    36   625 0.84 -
17610at50557_411798_0:001687|STRG.2947.5:112-2742|+  -            877 12051at50557         -            757   4.7e-55  186.0   0.6   1   1   7.8e-58   7.2e-55  185.4   0.6     7   486    50   531    46   635 0.84 -
17610at50557_411798_0:001687|STRG.2947.4:112-2751|+  -            880 12051at50557         -            757   4.7e-55  186.0   0.6   1   1   7.9e-58   7.3e-55  185.4   0.6     7   486    53   534    49   638 0.84 -
17610at50557_315563_0:001744|STRG.16808.1:263-1696|+ -            478 12051at50557         -            757     2e-30  104.6   5.2   1   1   3.3e-32     3e-29  100.7   5.2    18   456    11   441     4   475 0.81 -
17610at50557_315563_0:001744|STRG.16808.2:263-1705|+ -            481 12051at50557         -            757   1.8e-29  101.5   4.8   1   1   2.9e-31   2.7e-28   97.6   4.8    24   456    20   444     4   478 0.78 -
90686at50557_7220_0:000f02|STRG.8112.1:973-1968|+    -            332 12051at50557         -            757     0.018   12.2   0.5   1   1   2.7e-05     0.025   11.7   0.5    14    91   233   317   222   328 0.73 -
#
# Program:         hmmsearch
# Version:         3.4 (Aug 2023)
# Pipeline mode:   SEARCH
# Query file:      /home/justine/projet_tutore/busco_downloads/lineages/insecta_odb10/hmms/12051at50557.hmm
# Target file:     annotation_analysis/annotation_gcf/T_cornetzi/busco_output/run_insecta_odb10/metaeuk_output/initial_results/assembled_transcripts.fasta.modified.fas
# Option settings: hmmsearch --domtblout annotation_analysis/annotation_gcf/T_cornetzi/busco_output/run_insecta_odb10/hmmer_output/initial_run_results/12051at50557.out --cpu 1 /home/justine/projet_tutore/busco_downloads/lineages/insecta_odb10/hmms/12051at50557.hmm annotation_analysis/annotation_gcf/T_cornetzi/busco_output/run_insecta_odb10/metaeuk_output/initial_results/assembled_transcripts.fasta.modified.fas 
# Current dir:     /home/justine/projet_tutore
# Date:            Sun Dec  1 20:02:42 2024
# [ok]
