#                                                                                                               --- full sequence --- -------------- this domain -------------   hmm coord   ali coord   env coord
# target name                                           accession   tlen query name           accession   qlen   E-value  score  bias   #  of  c-Evalue  i-Evalue  score  bias  from    to  from    to  from    to  acc description of target
#                                   ------------------- ---------- ----- -------------------- ---------- ----- --------- ------ ----- --- --- --------- --------- ------ ----- ----- ----- ----- ----- ----- ----- ---- ---------------------
12555at50557_103372_0:002457|STRG.8367.1:1-3609|+       -           1203 12555at50557         -            439  2.2e-128  427.7  16.0   1   2   3.3e-99   1.5e-97  326.1   8.4   142   358     1   223     1   270 0.94 -
12555at50557_103372_0:002457|STRG.8367.1:1-3609|+       -           1203 12555at50557         -            439  2.2e-128  427.7  16.0   2   2   2.6e-32   1.2e-30  105.6   0.8   355   438   992  1088   983  1089 0.90 -
12555at50557_103372_0:002457|STRG.8367.2:1-3600|+       -           1200 12555at50557         -            439  1.9e-127  424.6  18.3   1   2     3e-98   1.4e-96  322.9  10.6   142   349     1   213     1   235 0.91 -
12555at50557_103372_0:002457|STRG.8367.2:1-3600|+       -           1200 12555at50557         -            439  1.9e-127  424.6  18.3   2   2   2.6e-32   1.2e-30  105.6   0.8   355   438   989  1085   980  1086 0.90 -
12555at50557_103372_0:002457|STRG.8367.3:1-3618|+       -           1206 12555at50557         -            439  5.2e-124  413.3  19.8   1   2   3.1e-98   1.4e-96  322.9  10.6   142   349     1   213     1   235 0.91 -
12555at50557_103372_0:002457|STRG.8367.3:1-3618|+       -           1206 12555at50557         -            439  5.2e-124  413.3  19.8   2   2   4.2e-29   1.9e-27   95.0   1.7   355   438   990  1091   928  1092 0.90 -
2648at50557_454923_0:001379|STRG.15053.1:547-3270|+     -            908 12555at50557         -            439  1.3e-103  346.0  54.6   1   7   8.1e-42   3.7e-40  137.0  11.0    16   298     1   291     1   294 0.93 -
2648at50557_454923_0:001379|STRG.15053.1:547-3270|+     -            908 12555at50557         -            439  1.3e-103  346.0  54.6   2   7   5.2e-11   2.4e-09   35.4   0.4   135   226   290   381   288   388 0.94 -
2648at50557_454923_0:001379|STRG.15053.1:547-3270|+     -            908 12555at50557         -            439  1.3e-103  346.0  54.6   3   7   2.1e-14   9.6e-13   46.6   3.0   134   218   389   473   387   478 0.94 -
2648at50557_454923_0:001379|STRG.15053.1:547-3270|+     -            908 12555at50557         -            439  1.3e-103  346.0  54.6   4   7   6.7e-05    0.0031   15.3   0.0    26    73   480   527   475   536 0.89 -
2648at50557_454923_0:001379|STRG.15053.1:547-3270|+     -            908 12555at50557         -            439  1.3e-103  346.0  54.6   5   7   6.8e-13   3.1e-11   41.7   0.3   142   230   546   635   539   640 0.94 -
2648at50557_454923_0:001379|STRG.15053.1:547-3270|+     -            908 12555at50557         -            439  1.3e-103  346.0  54.6   6   7     2e-27   9.3e-26   89.5   8.2     3   226   638   874   636   876 0.86 -
2648at50557_454923_0:001379|STRG.15053.1:547-3270|+     -            908 12555at50557         -            439  1.3e-103  346.0  54.6   7   7   4.5e-07     2e-05   22.5   1.4   117   194   821   908   821   908 0.79 -
2648at50557_7539_0:00235a|STRG.11395.3:293-2527|+       -            745 12555at50557         -            439   1.8e-89  299.4  39.4   1   4   7.5e-37   3.4e-35  120.6   9.2    17   299     1   286     1   287 0.93 -
2648at50557_7539_0:00235a|STRG.11395.3:293-2527|+       -            745 12555at50557         -            439   1.8e-89  299.4  39.4   2   4   1.4e-22   6.4e-21   73.6   1.9   135   302   251   421   248   423 0.94 -
2648at50557_7539_0:00235a|STRG.11395.3:293-2527|+       -            745 12555at50557         -            439   1.8e-89  299.4  39.4   3   4   1.5e-27   6.7e-26   90.0   4.0     7   226   350   573   349   580 0.92 -
2648at50557_7539_0:00235a|STRG.11395.3:293-2527|+       -            745 12555at50557         -            439   1.8e-89  299.4  39.4   4   4   6.8e-18   3.1e-16   58.1   1.5     7   160   581   738   576   742 0.54 -
2648at50557_7539_0:00235a|STRG.11395.4:329-2563|+       -            745 12555at50557         -            439   1.8e-89  299.4  39.4   1   4   7.5e-37   3.4e-35  120.6   9.2    17   299     1   286     1   287 0.93 -
2648at50557_7539_0:00235a|STRG.11395.4:329-2563|+       -            745 12555at50557         -            439   1.8e-89  299.4  39.4   2   4   1.4e-22   6.4e-21   73.6   1.9   135   302   251   421   248   423 0.94 -
2648at50557_7539_0:00235a|STRG.11395.4:329-2563|+       -            745 12555at50557         -            439   1.8e-89  299.4  39.4   3   4   1.5e-27   6.7e-26   90.0   4.0     7   226   350   573   349   580 0.92 -
2648at50557_7539_0:00235a|STRG.11395.4:329-2563|+       -            745 12555at50557         -            439   1.8e-89  299.4  39.4   4   4   6.8e-18   3.1e-16   58.1   1.5     7   160   581   738   576   742 0.54 -
2648at50557_7539_0:00235a|STRG.6579.10:649-2922|+       -            758 12555at50557         -            439   3.7e-85  285.3  39.0   1   3   1.3e-37   5.8e-36  123.1  12.3     6   299    42   338    39   342 0.93 -
2648at50557_7539_0:00235a|STRG.6579.10:649-2922|+       -            758 12555at50557         -            439   3.7e-85  285.3  39.0   2   3   2.5e-23   1.2e-21   76.0   1.7   135   303   303   474   300   476 0.94 -
2648at50557_7539_0:00235a|STRG.6579.10:649-2922|+       -            758 12555at50557         -            439   3.7e-85  285.3  39.0   3   3   1.4e-34   6.3e-33  113.1  11.9     6   282   467   749   467   758 0.91 -
2648at50557_7539_0:00235a|STRG.6579.1:970-3243|+        -            758 12555at50557         -            439   3.7e-85  285.3  39.0   1   3   1.3e-37   5.8e-36  123.1  12.3     6   299    42   338    39   342 0.93 -
2648at50557_7539_0:00235a|STRG.6579.1:970-3243|+        -            758 12555at50557         -            439   3.7e-85  285.3  39.0   2   3   2.5e-23   1.2e-21   76.0   1.7   135   303   303   474   300   476 0.94 -
2648at50557_7539_0:00235a|STRG.6579.1:970-3243|+        -            758 12555at50557         -            439   3.7e-85  285.3  39.0   3   3   1.4e-34   6.3e-33  113.1  11.9     6   282   467   749   467   758 0.91 -
2648at50557_7539_0:00235a|STRG.6579.2:1012-3285|+       -            758 12555at50557         -            439   3.7e-85  285.3  39.0   1   3   1.3e-37   5.8e-36  123.1  12.3     6   299    42   338    39   342 0.93 -
2648at50557_7539_0:00235a|STRG.6579.2:1012-3285|+       -            758 12555at50557         -            439   3.7e-85  285.3  39.0   2   3   2.5e-23   1.2e-21   76.0   1.7   135   303   303   474   300   476 0.94 -
2648at50557_7539_0:00235a|STRG.6579.2:1012-3285|+       -            758 12555at50557         -            439   3.7e-85  285.3  39.0   3   3   1.4e-34   6.3e-33  113.1  11.9     6   282   467   749   467   758 0.91 -
2648at50557_7539_0:00235a|STRG.6579.4:650-2923|+        -            758 12555at50557         -            439   3.7e-85  285.3  39.0   1   3   1.3e-37   5.8e-36  123.1  12.3     6   299    42   338    39   342 0.93 -
2648at50557_7539_0:00235a|STRG.6579.4:650-2923|+        -            758 12555at50557         -            439   3.7e-85  285.3  39.0   2   3   2.5e-23   1.2e-21   76.0   1.7   135   303   303   474   300   476 0.94 -
2648at50557_7539_0:00235a|STRG.6579.4:650-2923|+        -            758 12555at50557         -            439   3.7e-85  285.3  39.0   3   3   1.4e-34   6.3e-33  113.1  11.9     6   282   467   749   467   758 0.91 -
2648at50557_7539_0:00235a|STRG.6579.5:650-2923|+        -            758 12555at50557         -            439   3.7e-85  285.3  39.0   1   3   1.3e-37   5.8e-36  123.1  12.3     6   299    42   338    39   342 0.93 -
2648at50557_7539_0:00235a|STRG.6579.5:650-2923|+        -            758 12555at50557         -            439   3.7e-85  285.3  39.0   2   3   2.5e-23   1.2e-21   76.0   1.7   135   303   303   474   300   476 0.94 -
2648at50557_7539_0:00235a|STRG.6579.5:650-2923|+        -            758 12555at50557         -            439   3.7e-85  285.3  39.0   3   3   1.4e-34   6.3e-33  113.1  11.9     6   282   467   749   467   758 0.91 -
2648at50557_7539_0:00235a|STRG.6579.6:650-2923|+        -            758 12555at50557         -            439   3.7e-85  285.3  39.0   1   3   1.3e-37   5.8e-36  123.1  12.3     6   299    42   338    39   342 0.93 -
2648at50557_7539_0:00235a|STRG.6579.6:650-2923|+        -            758 12555at50557         -            439   3.7e-85  285.3  39.0   2   3   2.5e-23   1.2e-21   76.0   1.7   135   303   303   474   300   476 0.94 -
2648at50557_7539_0:00235a|STRG.6579.6:650-2923|+        -            758 12555at50557         -            439   3.7e-85  285.3  39.0   3   3   1.4e-34   6.3e-33  113.1  11.9     6   282   467   749   467   758 0.91 -
2648at50557_7539_0:00235a|STRG.6579.7:650-2923|+        -            758 12555at50557         -            439   3.7e-85  285.3  39.0   1   3   1.3e-37   5.8e-36  123.1  12.3     6   299    42   338    39   342 0.93 -
2648at50557_7539_0:00235a|STRG.6579.7:650-2923|+        -            758 12555at50557         -            439   3.7e-85  285.3  39.0   2   3   2.5e-23   1.2e-21   76.0   1.7   135   303   303   474   300   476 0.94 -
2648at50557_7539_0:00235a|STRG.6579.7:650-2923|+        -            758 12555at50557         -            439   3.7e-85  285.3  39.0   3   3   1.4e-34   6.3e-33  113.1  11.9     6   282   467   749   467   758 0.91 -
2648at50557_7539_0:00235a|STRG.6579.8:692-2965|+        -            758 12555at50557         -            439   3.7e-85  285.3  39.0   1   3   1.3e-37   5.8e-36  123.1  12.3     6   299    42   338    39   342 0.93 -
2648at50557_7539_0:00235a|STRG.6579.8:692-2965|+        -            758 12555at50557         -            439   3.7e-85  285.3  39.0   2   3   2.5e-23   1.2e-21   76.0   1.7   135   303   303   474   300   476 0.94 -
2648at50557_7539_0:00235a|STRG.6579.8:692-2965|+        -            758 12555at50557         -            439   3.7e-85  285.3  39.0   3   3   1.4e-34   6.3e-33  113.1  11.9     6   282   467   749   467   758 0.91 -
2648at50557_7539_0:00235a|STRG.6579.9:650-2923|+        -            758 12555at50557         -            439   3.7e-85  285.3  39.0   1   3   1.3e-37   5.8e-36  123.1  12.3     6   299    42   338    39   342 0.93 -
2648at50557_7539_0:00235a|STRG.6579.9:650-2923|+        -            758 12555at50557         -            439   3.7e-85  285.3  39.0   2   3   2.5e-23   1.2e-21   76.0   1.7   135   303   303   474   300   476 0.94 -
2648at50557_7539_0:00235a|STRG.6579.9:650-2923|+        -            758 12555at50557         -            439   3.7e-85  285.3  39.0   3   3   1.4e-34   6.3e-33  113.1  11.9     6   282   467   749   467   758 0.91 -
2648at50557_103372_0:001fc5|STRG.18448.3:653-5710|+     -           1686 12555at50557         -            439   6.6e-84  281.1  43.7   1   7   1.6e-25   7.4e-24   83.2   5.1    11   300   111   417   106   420 0.89 -
2648at50557_103372_0:001fc5|STRG.18448.3:653-5710|+     -           1686 12555at50557         -            439   6.6e-84  281.1  43.7   2   7     2e-06   8.9e-05   20.4   0.1   138   215   384   462   378   463 0.85 -
2648at50557_103372_0:001fc5|STRG.18448.3:653-5710|+     -           1686 12555at50557         -            439   6.6e-84  281.1  43.7   3   7   7.6e-14   3.5e-12   44.8   0.8   134   305   413   608   411   616 0.79 -
2648at50557_103372_0:001fc5|STRG.18448.3:653-5710|+     -           1686 12555at50557         -            439   6.6e-84  281.1  43.7   4   7     1e-21   4.7e-20   70.7  10.5    73   296   558   805   553   808 0.82 -
2648at50557_103372_0:001fc5|STRG.18448.3:653-5710|+     -           1686 12555at50557         -            439   6.6e-84  281.1  43.7   5   7   2.1e-11   9.6e-10   36.7   2.8   133   267   805   945   803   958 0.86 -
2648at50557_103372_0:001fc5|STRG.18448.3:653-5710|+     -           1686 12555at50557         -            439   6.6e-84  281.1  43.7   6   7   1.9e-08   8.5e-07   27.0   0.2    11   223   959  1046   951  1049 0.49 -
2648at50557_103372_0:001fc5|STRG.18448.3:653-5710|+     -           1686 12555at50557         -            439   6.6e-84  281.1  43.7   7   7   4.7e-12   2.2e-10   38.9   0.0   134   200  1056  1122  1054  1140 0.92 -
2648at50557_103372_0:001fc5|STRG.18448.5:283-5323|+     -           1677 12555at50557         -            439   5.2e-80  268.3  45.8   1   6   2.1e-25   9.8e-24   82.9   5.2    11   300   111   417   107   419 0.89 -
2648at50557_103372_0:001fc5|STRG.18448.5:283-5323|+     -           1677 12555at50557         -            439   5.2e-80  268.3  45.8   2   6   1.7e-09   7.9e-08   30.4   1.7   140   305   419   603   418   610 0.75 -
2648at50557_103372_0:001fc5|STRG.18448.5:283-5323|+     -           1677 12555at50557         -            439   5.2e-80  268.3  45.8   3   6     1e-21   4.7e-20   70.7  10.6    71   295   551   799   547   802 0.82 -
2648at50557_103372_0:001fc5|STRG.18448.5:283-5323|+     -           1677 12555at50557         -            439   5.2e-80  268.3  45.8   4   6   2.3e-11     1e-09   36.6   2.8   133   267   800   940   798   948 0.86 -
2648at50557_103372_0:001fc5|STRG.18448.5:283-5323|+     -           1677 12555at50557         -            439   5.2e-80  268.3  45.8   5   6   1.8e-08   8.2e-07   27.1   0.1    11   223   954  1041   945  1044 0.50 -
2648at50557_103372_0:001fc5|STRG.18448.5:283-5323|+     -           1677 12555at50557         -            439   5.2e-80  268.3  45.8   6   6   4.7e-12   2.2e-10   38.9   0.0   134   200  1051  1117  1049  1135 0.92 -
2648at50557_39758_0:0013ea|STRG.6579.3:1012-3117|+      -            702 12555at50557         -            439   2.1e-77  259.7  35.3   1   3   1.3e-37     6e-36  123.1  12.5     6   299    42   338    39   341 0.93 -
2648at50557_39758_0:0013ea|STRG.6579.3:1012-3117|+      -            702 12555at50557         -            439   2.1e-77  259.7  35.3   2   3   2.1e-23   9.8e-22   76.3   1.7   135   303   303   474   300   476 0.94 -
2648at50557_39758_0:0013ea|STRG.6579.3:1012-3117|+      -            702 12555at50557         -            439   2.1e-77  259.7  35.3   3   3   7.6e-27   3.5e-25   87.6   8.4     6   227   467   692   466   701 0.91 -
2648at50557_7536_0:00180e|STRG.11395.5:631-2091|+       -            487 12555at50557         -            439   1.6e-71  240.4  25.8   1   3   2.8e-37   1.3e-35  122.0   9.3    17   299     1   286     1   287 0.93 -
2648at50557_7536_0:00180e|STRG.11395.5:631-2091|+       -            487 12555at50557         -            439   1.6e-71  240.4  25.8   2   3   6.2e-23   2.8e-21   74.7   1.8   135   302   251   421   248   423 0.94 -
2648at50557_7536_0:00180e|STRG.11395.5:631-2091|+       -            487 12555at50557         -            439   1.6e-71  240.4  25.8   3   3     2e-21   9.1e-20   69.8   0.6     8   157   318   471   317   480 0.91 -
2648at50557_1629725_0:0018e5|STRG.2482.1:100-2442|+     -            781 12555at50557         -            439     3e-68  229.5  28.3   1   6   1.2e-20   5.3e-19   67.2   2.7    88   297     9   217     1   218 0.86 -
2648at50557_1629725_0:0018e5|STRG.2482.1:100-2442|+     -            781 12555at50557         -            439     3e-68  229.5  28.3   2   6   4.3e-10     2e-08   32.4   0.4   134   205   216   287   214   298 0.92 -
2648at50557_1629725_0:0018e5|STRG.2482.1:100-2442|+     -            781 12555at50557         -            439     3e-68  229.5  28.3   3   6   5.3e-07   2.4e-05   22.2   0.1   233   299   339   408   312   409 0.82 -
2648at50557_1629725_0:0018e5|STRG.2482.1:100-2442|+     -            781 12555at50557         -            439     3e-68  229.5  28.3   4   6   2.6e-14   1.2e-12   46.3   1.6   134   297   372   533   369   534 0.92 -
2648at50557_1629725_0:0018e5|STRG.2482.1:100-2442|+     -            781 12555at50557         -            439     3e-68  229.5  28.3   5   6   9.2e-19   4.2e-17   61.0   2.5   134   298   532   687   530   688 0.90 -
2648at50557_1629725_0:0018e5|STRG.2482.1:100-2442|+     -            781 12555at50557         -            439     3e-68  229.5  28.3   6   6   1.5e-12   6.8e-11   40.5   0.0   134   216   685   767   685   771 0.96 -
2648at50557_64793_0:001655|STRG.1572.1:1146-2867|+      -            574 12555at50557         -            439   8.5e-68  228.1  49.9   1   6   3.4e-06   0.00016   19.6   1.6   135   204     9    80     6    81 0.80 -
2648at50557_64793_0:001655|STRG.1572.1:1146-2867|+      -            574 12555at50557         -            439   8.5e-68  228.1  49.9   2   6   2.6e-17   1.2e-15   56.2   4.1   134   224    76   166    74   169 0.95 -
2648at50557_64793_0:001655|STRG.1572.1:1146-2867|+      -            574 12555at50557         -            439   8.5e-68  228.1  49.9   3   6   1.9e-06   8.8e-05   20.4   0.3   171   215   146   190   146   207 0.78 -
2648at50557_64793_0:001655|STRG.1572.1:1146-2867|+      -            574 12555at50557         -            439   8.5e-68  228.1  49.9   4   6   3.2e-13   1.5e-11   42.7   1.4   134   226   175   272   172   276 0.92 -
2648at50557_64793_0:001655|STRG.1572.1:1146-2867|+      -            574 12555at50557         -            439   8.5e-68  228.1  49.9   5   6   3.2e-09   1.4e-07   29.6   0.3     6    84   412   492   412   492 0.93 -
2648at50557_64793_0:001655|STRG.1572.1:1146-2867|+      -            574 12555at50557         -            439   8.5e-68  228.1  49.9   6   6   2.5e-14   1.1e-12   46.4   6.7   134   227   480   573   477   574 0.96 -
2648at50557_64793_0:001655|STRG.1572.2:1146-2867|+      -            574 12555at50557         -            439   8.5e-68  228.1  49.9   1   6   3.4e-06   0.00016   19.6   1.6   135   204     9    80     6    81 0.80 -
2648at50557_64793_0:001655|STRG.1572.2:1146-2867|+      -            574 12555at50557         -            439   8.5e-68  228.1  49.9   2   6   2.6e-17   1.2e-15   56.2   4.1   134   224    76   166    74   169 0.95 -
2648at50557_64793_0:001655|STRG.1572.2:1146-2867|+      -            574 12555at50557         -            439   8.5e-68  228.1  49.9   3   6   1.9e-06   8.8e-05   20.4   0.3   171   215   146   190   146   207 0.78 -
2648at50557_64793_0:001655|STRG.1572.2:1146-2867|+      -            574 12555at50557         -            439   8.5e-68  228.1  49.9   4   6   3.2e-13   1.5e-11   42.7   1.4   134   226   175   272   172   276 0.92 -
2648at50557_64793_0:001655|STRG.1572.2:1146-2867|+      -            574 12555at50557         -            439   8.5e-68  228.1  49.9   5   6   3.2e-09   1.4e-07   29.6   0.3     6    84   412   492   412   492 0.93 -
2648at50557_64793_0:001655|STRG.1572.2:1146-2867|+      -            574 12555at50557         -            439   8.5e-68  228.1  49.9   6   6   2.5e-14   1.1e-12   46.4   6.7   134   227   480   573   477   574 0.96 -
2648at50557_64793_0:001655|STRG.1572.3:1017-2738|+      -            574 12555at50557         -            439   8.5e-68  228.1  49.9   1   6   3.4e-06   0.00016   19.6   1.6   135   204     9    80     6    81 0.80 -
2648at50557_64793_0:001655|STRG.1572.3:1017-2738|+      -            574 12555at50557         -            439   8.5e-68  228.1  49.9   2   6   2.6e-17   1.2e-15   56.2   4.1   134   224    76   166    74   169 0.95 -
2648at50557_64793_0:001655|STRG.1572.3:1017-2738|+      -            574 12555at50557         -            439   8.5e-68  228.1  49.9   3   6   1.9e-06   8.8e-05   20.4   0.3   171   215   146   190   146   207 0.78 -
2648at50557_64793_0:001655|STRG.1572.3:1017-2738|+      -            574 12555at50557         -            439   8.5e-68  228.1  49.9   4   6   3.2e-13   1.5e-11   42.7   1.4   134   226   175   272   172   276 0.92 -
2648at50557_64793_0:001655|STRG.1572.3:1017-2738|+      -            574 12555at50557         -            439   8.5e-68  228.1  49.9   5   6   3.2e-09   1.4e-07   29.6   0.3     6    84   412   492   412   492 0.93 -
2648at50557_64793_0:001655|STRG.1572.3:1017-2738|+      -            574 12555at50557         -            439   8.5e-68  228.1  49.9   6   6   2.5e-14   1.1e-12   46.4   6.7   134   227   480   573   477   574 0.96 -
2648at50557_64793_0:001655|STRG.1572.4:1017-2738|+      -            574 12555at50557         -            439   8.5e-68  228.1  49.9   1   6   3.4e-06   0.00016   19.6   1.6   135   204     9    80     6    81 0.80 -
2648at50557_64793_0:001655|STRG.1572.4:1017-2738|+      -            574 12555at50557         -            439   8.5e-68  228.1  49.9   2   6   2.6e-17   1.2e-15   56.2   4.1   134   224    76   166    74   169 0.95 -
2648at50557_64793_0:001655|STRG.1572.4:1017-2738|+      -            574 12555at50557         -            439   8.5e-68  228.1  49.9   3   6   1.9e-06   8.8e-05   20.4   0.3   171   215   146   190   146   207 0.78 -
2648at50557_64793_0:001655|STRG.1572.4:1017-2738|+      -            574 12555at50557         -            439   8.5e-68  228.1  49.9   4   6   3.2e-13   1.5e-11   42.7   1.4   134   226   175   272   172   276 0.92 -
2648at50557_64793_0:001655|STRG.1572.4:1017-2738|+      -            574 12555at50557         -            439   8.5e-68  228.1  49.9   5   6   3.2e-09   1.4e-07   29.6   0.3     6    84   412   492   412   492 0.93 -
2648at50557_64793_0:001655|STRG.1572.4:1017-2738|+      -            574 12555at50557         -            439   8.5e-68  228.1  49.9   6   6   2.5e-14   1.1e-12   46.4   6.7   134   227   480   573   477   574 0.96 -
2648at50557_64793_0:001655|STRG.1572.5:897-2618|+       -            574 12555at50557         -            439   8.5e-68  228.1  49.9   1   6   3.4e-06   0.00016   19.6   1.6   135   204     9    80     6    81 0.80 -
2648at50557_64793_0:001655|STRG.1572.5:897-2618|+       -            574 12555at50557         -            439   8.5e-68  228.1  49.9   2   6   2.6e-17   1.2e-15   56.2   4.1   134   224    76   166    74   169 0.95 -
2648at50557_64793_0:001655|STRG.1572.5:897-2618|+       -            574 12555at50557         -            439   8.5e-68  228.1  49.9   3   6   1.9e-06   8.8e-05   20.4   0.3   171   215   146   190   146   207 0.78 -
2648at50557_64793_0:001655|STRG.1572.5:897-2618|+       -            574 12555at50557         -            439   8.5e-68  228.1  49.9   4   6   3.2e-13   1.5e-11   42.7   1.4   134   226   175   272   172   276 0.92 -
2648at50557_64793_0:001655|STRG.1572.5:897-2618|+       -            574 12555at50557         -            439   8.5e-68  228.1  49.9   5   6   3.2e-09   1.4e-07   29.6   0.3     6    84   412   492   412   492 0.93 -
2648at50557_64793_0:001655|STRG.1572.5:897-2618|+       -            574 12555at50557         -            439   8.5e-68  228.1  49.9   6   6   2.5e-14   1.1e-12   46.4   6.7   134   227   480   573   477   574 0.96 -
2648at50557_1629725_0:0018e5|STRG.2482.2:100-2433|+     -            778 12555at50557         -            439   2.1e-67  226.7  26.1   1   6   7.8e-21   3.6e-19   67.8   2.4    88   297     9   217     1   219 0.86 -
2648at50557_1629725_0:0018e5|STRG.2482.2:100-2433|+     -            778 12555at50557         -            439   2.1e-67  226.7  26.1   2   6   4.3e-10   1.9e-08   32.4   0.4   134   205   216   287   214   298 0.92 -
2648at50557_1629725_0:0018e5|STRG.2482.2:100-2433|+     -            778 12555at50557         -            439   2.1e-67  226.7  26.1   3   6   3.5e-07   1.6e-05   22.8   0.1   234   299   340   408   312   417 0.74 -
2648at50557_1629725_0:0018e5|STRG.2482.2:100-2433|+     -            778 12555at50557         -            439   2.1e-67  226.7  26.1   4   6     8e-13   3.7e-11   41.4   0.7   134   297   372   530   369   532 0.91 -
2648at50557_1629725_0:0018e5|STRG.2482.2:100-2433|+     -            778 12555at50557         -            439   2.1e-67  226.7  26.1   5   6   8.7e-19     4e-17   61.1   2.4   134   298   529   684   527   685 0.90 -
2648at50557_1629725_0:0018e5|STRG.2482.2:100-2433|+     -            778 12555at50557         -            439   2.1e-67  226.7  26.1   6   6   1.3e-12     6e-11   40.7   0.1   134   216   682   764   681   769 0.96 -
2648at50557_1629725_0:0018e5|STRG.2482.3:100-2409|+     -            770 12555at50557         -            439   7.9e-65  218.3  26.3   1   6   5.4e-17   2.5e-15   55.2   1.2   134   297    28   206    10   208 0.78 -
2648at50557_1629725_0:0018e5|STRG.2482.3:100-2409|+     -            770 12555at50557         -            439   7.9e-65  218.3  26.3   2   6   4.1e-10   1.9e-08   32.5   0.4   134   205   205   276   203   288 0.92 -
2648at50557_1629725_0:0018e5|STRG.2482.3:100-2409|+     -            770 12555at50557         -            439   7.9e-65  218.3  26.3   3   6   5.2e-07   2.4e-05   22.3   0.1   233   299   328   397   301   398 0.82 -
2648at50557_1629725_0:0018e5|STRG.2482.3:100-2409|+     -            770 12555at50557         -            439   7.9e-65  218.3  26.3   4   6   2.5e-14   1.1e-12   46.4   1.6   134   297   361   522   358   523 0.92 -
2648at50557_1629725_0:0018e5|STRG.2482.3:100-2409|+     -            770 12555at50557         -            439   7.9e-65  218.3  26.3   5   6   8.9e-19   4.1e-17   61.0   2.5   134   298   521   676   519   677 0.90 -
2648at50557_1629725_0:0018e5|STRG.2482.3:100-2409|+     -            770 12555at50557         -            439   7.9e-65  218.3  26.3   6   6   1.5e-12   6.7e-11   40.5   0.0   134   216   674   756   674   760 0.96 -
2648at50557_7536_0:00180e|STRG.11395.6:351-1691|+       -            447 12555at50557         -            439   2.4e-63  213.4  20.5   1   3   3.9e-29   1.8e-27   95.2   3.5    58   299     2   246     1   247 0.92 -
2648at50557_7536_0:00180e|STRG.11395.6:351-1691|+       -            447 12555at50557         -            439   2.4e-63  213.4  20.5   2   3   9.1e-23   4.1e-21   74.2   2.3   135   302   211   381   210   383 0.94 -
2648at50557_7536_0:00180e|STRG.11395.6:351-1691|+       -            447 12555at50557         -            439   2.4e-63  213.4  20.5   3   3   1.8e-21     8e-20   69.9   0.6     8   156   278   430   277   439 0.91 -
12555at50557_51655_0:003c27|STRG.11395.5:1084-2028|+    -            315 12555at50557         -            439   5.3e-54  182.6  18.0   1   4     2e-09   9.3e-08   30.2   0.0     9    72     3    66     1    70 0.94 -
12555at50557_51655_0:003c27|STRG.11395.5:1084-2028|+    -            315 12555at50557         -            439   5.3e-54  182.6  18.0   2   4   3.2e-12   1.5e-10   39.4   0.4   134   199    66   131    64   136 0.94 -
12555at50557_51655_0:003c27|STRG.11395.5:1084-2028|+    -            315 12555at50557         -            439   5.3e-54  182.6  18.0   3   4   3.1e-23   1.4e-21   75.7   2.3   135   303   100   271    99   273 0.94 -
12555at50557_51655_0:003c27|STRG.11395.5:1084-2028|+    -            315 12555at50557         -            439   5.3e-54  182.6  18.0   4   4   6.2e-21   2.8e-19   68.1   0.7     8   152   167   315   166   315 0.91 -
12555at50557_51655_0:003c27|STRG.12665.1:381-1400|+     -            340 12555at50557         -            439   2.5e-53  180.4  31.8   1   3   9.3e-24   4.2e-22   77.5   9.5    17   199     1   190     1   190 0.86 -
12555at50557_51655_0:003c27|STRG.12665.1:381-1400|+     -            340 12555at50557         -            439   2.5e-53  180.4  31.8   2   3   2.4e-17   1.1e-15   56.3   3.2   134   218   158   242   154   251 0.95 -
12555at50557_51655_0:003c27|STRG.12665.1:381-1400|+     -            340 12555at50557         -            439   2.5e-53  180.4  31.8   3   3   1.6e-22   7.4e-21   73.4   3.4   134   280   191   339   190   340 0.95 -
12555at50557_51655_0:003c27|STRG.12665.2:374-1393|+     -            340 12555at50557         -            439   2.5e-53  180.4  31.8   1   3   9.3e-24   4.2e-22   77.5   9.5    17   199     1   190     1   190 0.86 -
12555at50557_51655_0:003c27|STRG.12665.2:374-1393|+     -            340 12555at50557         -            439   2.5e-53  180.4  31.8   2   3   2.4e-17   1.1e-15   56.3   3.2   134   218   158   242   154   251 0.95 -
12555at50557_51655_0:003c27|STRG.12665.2:374-1393|+     -            340 12555at50557         -            439   2.5e-53  180.4  31.8   3   3   1.6e-22   7.4e-21   73.4   3.4   134   280   191   339   190   340 0.95 -
2648at50557_67767_0:000c37|STRG.10799.1:864-2513|+      -            550 12555at50557         -            439     4e-44  150.0  20.5   1   5     0.012      0.53    7.9   0.0    18    79    72   133    62   134 0.79 -
2648at50557_67767_0:000c37|STRG.10799.1:864-2513|+      -            550 12555at50557         -            439     4e-44  150.0  20.5   2   5   5.8e-17   2.7e-15   55.1   0.5   139   270    98   232    91   236 0.88 -
2648at50557_67767_0:000c37|STRG.10799.1:864-2513|+      -            550 12555at50557         -            439     4e-44  150.0  20.5   3   5   2.6e-10   1.2e-08   33.1   0.3    15    98   236   318   227   328 0.91 -
2648at50557_67767_0:000c37|STRG.10799.1:864-2513|+      -            550 12555at50557         -            439     4e-44  150.0  20.5   4   5   1.9e-07   8.7e-06   23.7   0.1     6    73   326   394   321   399 0.85 -
2648at50557_67767_0:000c37|STRG.10799.1:864-2513|+      -            550 12555at50557         -            439     4e-44  150.0  20.5   5   5   1.6e-13   7.4e-12   43.7   4.7   144   290   400   550   396   550 0.85 -
2648at50557_67767_0:000c37|STRG.10799.2:302-1951|+      -            550 12555at50557         -            439     4e-44  150.0  20.5   1   5     0.012      0.53    7.9   0.0    18    79    72   133    62   134 0.79 -
2648at50557_67767_0:000c37|STRG.10799.2:302-1951|+      -            550 12555at50557         -            439     4e-44  150.0  20.5   2   5   5.8e-17   2.7e-15   55.1   0.5   139   270    98   232    91   236 0.88 -
2648at50557_67767_0:000c37|STRG.10799.2:302-1951|+      -            550 12555at50557         -            439     4e-44  150.0  20.5   3   5   2.6e-10   1.2e-08   33.1   0.3    15    98   236   318   227   328 0.91 -
2648at50557_67767_0:000c37|STRG.10799.2:302-1951|+      -            550 12555at50557         -            439     4e-44  150.0  20.5   4   5   1.9e-07   8.7e-06   23.7   0.1     6    73   326   394   321   399 0.85 -
2648at50557_67767_0:000c37|STRG.10799.2:302-1951|+      -            550 12555at50557         -            439     4e-44  150.0  20.5   5   5   1.6e-13   7.4e-12   43.7   4.7   144   290   400   550   396   550 0.85 -
28503at50557_69004_0:0020b1|STRG.13841.2:1984-5322|+    -           1113 12555at50557         -            439   3.3e-43  147.0  21.3   1   9   0.00014    0.0066   14.2   0.1     3    68   236   301   234   317 0.89 -
28503at50557_69004_0:0020b1|STRG.13841.2:1984-5322|+    -           1113 12555at50557         -            439   3.3e-43  147.0  21.3   2   9    0.0017     0.076   10.7   0.0   165   215   323   376   310   391 0.78 -
28503at50557_69004_0:0020b1|STRG.13841.2:1984-5322|+    -           1113 12555at50557         -            439   3.3e-43  147.0  21.3   3   9    0.0013      0.06   11.0   0.0     8    88   363   447   360   460 0.83 -
28503at50557_69004_0:0020b1|STRG.13841.2:1984-5322|+    -           1113 12555at50557         -            439   3.3e-43  147.0  21.3   4   9    0.0004     0.018   12.7   0.0   192   313   422   548   396   563 0.74 -
28503at50557_69004_0:0020b1|STRG.13841.2:1984-5322|+    -           1113 12555at50557         -            439   3.3e-43  147.0  21.3   5   9   1.6e-06   7.3e-05   20.7   0.1     6    74   571   639   566   647 0.94 -
28503at50557_69004_0:0020b1|STRG.13841.2:1984-5322|+    -           1113 12555at50557         -            439   3.3e-43  147.0  21.3   6   9   1.8e-09   8.4e-08   30.3   0.1    11   105   719   815   715   824 0.81 -
28503at50557_69004_0:0020b1|STRG.13841.2:1984-5322|+    -           1113 12555at50557         -            439   3.3e-43  147.0  21.3   7   9   4.1e-10   1.9e-08   32.5   0.2     4    88   813   899   810   900 0.92 -
28503at50557_69004_0:0020b1|STRG.13841.2:1984-5322|+    -           1113 12555at50557         -            439   3.3e-43  147.0  21.3   8   9   1.4e-13   6.6e-12   43.9   2.8     6   136   883  1017   882  1034 0.86 -
28503at50557_69004_0:0020b1|STRG.13841.2:1984-5322|+    -           1113 12555at50557         -            439   3.3e-43  147.0  21.3   9   9    0.0044       0.2    9.3   0.0     6    54   988  1036   983  1053 0.89 -
28503at50557_69004_0:0020b1|STRG.13841.1:782-4135|+     -           1118 12555at50557         -            439   3.6e-43  146.9  21.3   1  10   0.00036     0.016   12.9   0.1   234   298   205   274   190   278 0.81 -
28503at50557_69004_0:0020b1|STRG.13841.1:782-4135|+     -           1118 12555at50557         -            439   3.6e-43  146.9  21.3   2  10   0.00015    0.0068   14.2   0.1     3    68   236   301   234   314 0.89 -
28503at50557_69004_0:0020b1|STRG.13841.1:782-4135|+     -           1118 12555at50557         -            439   3.6e-43  146.9  21.3   3  10    0.0016     0.074   10.8   0.0   165   215   323   376   310   393 0.78 -
28503at50557_69004_0:0020b1|STRG.13841.1:782-4135|+     -           1118 12555at50557         -            439   3.6e-43  146.9  21.3   4  10    0.0013     0.058   11.1   0.0     8    88   363   447   359   460 0.83 -
28503at50557_69004_0:0020b1|STRG.13841.1:782-4135|+     -           1118 12555at50557         -            439   3.6e-43  146.9  21.3   5  10   0.00039     0.018   12.8   0.0   192   313   422   548   394   562 0.74 -
28503at50557_69004_0:0020b1|STRG.13841.1:782-4135|+     -           1118 12555at50557         -            439   3.6e-43  146.9  21.3   6  10   1.7e-06   7.9e-05   20.5   0.1     6    74   571   639   566   643 0.94 -
28503at50557_69004_0:0020b1|STRG.13841.1:782-4135|+     -           1118 12555at50557         -            439   3.6e-43  146.9  21.3   7  10   1.8e-09   8.4e-08   30.3   0.1    11   105   719   815   715   824 0.81 -
28503at50557_69004_0:0020b1|STRG.13841.1:782-4135|+     -           1118 12555at50557         -            439   3.6e-43  146.9  21.3   8  10   4.2e-10   1.9e-08   32.5   0.2     4    88   813   899   810   900 0.92 -
28503at50557_69004_0:0020b1|STRG.13841.1:782-4135|+     -           1118 12555at50557         -            439   3.6e-43  146.9  21.3   9  10   1.5e-13   6.7e-12   43.9   2.8     6   136   883  1017   882  1034 0.86 -
28503at50557_69004_0:0020b1|STRG.13841.1:782-4135|+     -           1118 12555at50557         -            439   3.6e-43  146.9  21.3  10  10    0.0044       0.2    9.3   0.0     6    54   988  1036   983  1053 0.89 -
12555at50557_51655_0:003c27|STRG.15067.1:1501-2670|+    -            390 12555at50557         -            439     4e-38  130.3   7.8   1   4   4.7e-17   2.1e-15   55.4   0.4     9    87     1    79     1    80 0.98 -
12555at50557_51655_0:003c27|STRG.15067.1:1501-2670|+    -            390 12555at50557         -            439     4e-38  130.3   7.8   2   4   6.9e-11   3.2e-09   35.0   0.0   143   223    73   159    73   173 0.86 -
12555at50557_51655_0:003c27|STRG.15067.1:1501-2670|+    -            390 12555at50557         -            439     4e-38  130.3   7.8   3   4   3.2e-06   0.00015   19.6   0.1   258   302   277   322   269   323 0.90 -
12555at50557_51655_0:003c27|STRG.15067.1:1501-2670|+    -            390 12555at50557         -            439     4e-38  130.3   7.8   4   4   9.9e-10   4.5e-08   31.2   0.1    10    74   321   386   319   390 0.91 -
12555at50557_51655_0:003c27|STRG.15067.2:1383-2552|+    -            390 12555at50557         -            439     4e-38  130.3   7.8   1   4   4.7e-17   2.1e-15   55.4   0.4     9    87     1    79     1    80 0.98 -
12555at50557_51655_0:003c27|STRG.15067.2:1383-2552|+    -            390 12555at50557         -            439     4e-38  130.3   7.8   2   4   6.9e-11   3.2e-09   35.0   0.0   143   223    73   159    73   173 0.86 -
12555at50557_51655_0:003c27|STRG.15067.2:1383-2552|+    -            390 12555at50557         -            439     4e-38  130.3   7.8   3   4   3.2e-06   0.00015   19.6   0.1   258   302   277   322   269   323 0.90 -
12555at50557_51655_0:003c27|STRG.15067.2:1383-2552|+    -            390 12555at50557         -            439     4e-38  130.3   7.8   4   4   9.9e-10   4.5e-08   31.2   0.1    10    74   321   386   319   390 0.91 -
12555at50557_51655_0:003c27|STRG.15067.3:1061-2230|+    -            390 12555at50557         -            439     4e-38  130.3   7.8   1   4   4.7e-17   2.1e-15   55.4   0.4     9    87     1    79     1    80 0.98 -
12555at50557_51655_0:003c27|STRG.15067.3:1061-2230|+    -            390 12555at50557         -            439     4e-38  130.3   7.8   2   4   6.9e-11   3.2e-09   35.0   0.0   143   223    73   159    73   173 0.86 -
12555at50557_51655_0:003c27|STRG.15067.3:1061-2230|+    -            390 12555at50557         -            439     4e-38  130.3   7.8   3   4   3.2e-06   0.00015   19.6   0.1   258   302   277   322   269   323 0.90 -
12555at50557_51655_0:003c27|STRG.15067.3:1061-2230|+    -            390 12555at50557         -            439     4e-38  130.3   7.8   4   4   9.9e-10   4.5e-08   31.2   0.1    10    74   321   386   319   390 0.91 -
12555at50557_121845_0:00419d|STRG.8368.1:64-324|+       -             87 12555at50557         -            439   7.9e-33  112.8   1.7   1   1   3.8e-34   1.8e-32  111.7   1.7    55   129     1    87     1    87 0.92 -
12555at50557_51655_0:003c27|STRG.5455.1:124-1179|+      -            352 12555at50557         -            439   9.5e-33  112.5  10.6   1   3     0.021      0.97    7.1   0.0   176   202     7    33     1    42 0.63 -
12555at50557_51655_0:003c27|STRG.5455.1:124-1179|+      -            352 12555at50557         -            439   9.5e-33  112.5  10.6   2   3   1.1e-10     5e-09   34.4   0.1   134   210    43   119    39   119 0.74 -
12555at50557_51655_0:003c27|STRG.5455.1:124-1179|+      -            352 12555at50557         -            439   9.5e-33  112.5  10.6   3   3   2.8e-12   1.3e-10   39.6   1.2     6   134   208   333   208   339 0.90 -
2648at50557_6973_0:005209|STRG.10799.1:5136-6035|+      -            300 12555at50557         -            439   1.4e-32  112.0   3.2   1   3     1e-20   4.7e-19   67.4   0.4   152   309     2   165     1   167 0.90 -
2648at50557_6973_0:005209|STRG.10799.1:5136-6035|+      -            300 12555at50557         -            439   1.4e-32  112.0   3.2   2   3   7.9e-07   3.6e-05   21.7   0.0    12    74   159   221   155   229 0.86 -
2648at50557_6973_0:005209|STRG.10799.1:5136-6035|+      -            300 12555at50557         -            439   1.4e-32  112.0   3.2   3   3   3.8e-08   1.8e-06   26.0   0.1   143   206   230   293   226   298 0.96 -
2648at50557_6973_0:005209|STRG.10799.2:4574-5473|+      -            300 12555at50557         -            439   1.4e-32  112.0   3.2   1   3     1e-20   4.7e-19   67.4   0.4   152   309     2   165     1   167 0.90 -
2648at50557_6973_0:005209|STRG.10799.2:4574-5473|+      -            300 12555at50557         -            439   1.4e-32  112.0   3.2   2   3   7.9e-07   3.6e-05   21.7   0.0    12    74   159   221   155   229 0.86 -
2648at50557_6973_0:005209|STRG.10799.2:4574-5473|+      -            300 12555at50557         -            439   1.4e-32  112.0   3.2   3   3   3.8e-08   1.8e-06   26.0   0.1   143   206   230   293   226   298 0.96 -
966at50557_1218281_0:0025fb|STRG.5594.1:617-1456|+      -            280 12555at50557         -            439   6.3e-30  103.2  13.4   1   2   1.2e-22   5.5e-21   73.8   9.2    17   200     1   189     1   193 0.94 -
966at50557_1218281_0:0025fb|STRG.5594.1:617-1456|+      -            280 12555at50557         -            439   6.3e-30  103.2  13.4   2   2   5.8e-09   2.7e-07   28.7   0.2   134   221   189   275   187   280 0.91 -
2648at50557_123851_0:000d02|STRG.1121.10:1697-2584|+    -            296 12555at50557         -            439   3.2e-29  100.9  12.3   1   1   2.1e-30   9.5e-29   99.4  11.8     6   276    20   296    16   296 0.92 -
2648at50557_123851_0:000d02|STRG.1121.11:1661-2548|+    -            296 12555at50557         -            439   3.2e-29  100.9  12.3   1   1   2.1e-30   9.5e-29   99.4  11.8     6   276    20   296    16   296 0.92 -
2648at50557_123851_0:000d02|STRG.1121.12:810-1697|+     -            296 12555at50557         -            439   3.2e-29  100.9  12.3   1   1   2.1e-30   9.5e-29   99.4  11.8     6   276    20   296    16   296 0.92 -
2648at50557_123851_0:000d02|STRG.1121.1:370-1257|+      -            296 12555at50557         -            439   3.2e-29  100.9  12.3   1   1   2.1e-30   9.5e-29   99.4  11.8     6   276    20   296    16   296 0.92 -
2648at50557_123851_0:000d02|STRG.1121.2:295-1182|+      -            296 12555at50557         -            439   3.2e-29  100.9  12.3   1   1   2.1e-30   9.5e-29   99.4  11.8     6   276    20   296    16   296 0.92 -
2648at50557_123851_0:000d02|STRG.1121.3:1361-2248|+     -            296 12555at50557         -            439   3.2e-29  100.9  12.3   1   1   2.1e-30   9.5e-29   99.4  11.8     6   276    20   296    16   296 0.92 -
2648at50557_123851_0:000d02|STRG.1121.4:1622-2509|+     -            296 12555at50557         -            439   3.2e-29  100.9  12.3   1   1   2.1e-30   9.5e-29   99.4  11.8     6   276    20   296    16   296 0.92 -
2648at50557_123851_0:000d02|STRG.1121.5:1142-2029|+     -            296 12555at50557         -            439   3.2e-29  100.9  12.3   1   1   2.1e-30   9.5e-29   99.4  11.8     6   276    20   296    16   296 0.92 -
2648at50557_123851_0:000d02|STRG.1121.6:370-1257|+      -            296 12555at50557         -            439   3.2e-29  100.9  12.3   1   1   2.1e-30   9.5e-29   99.4  11.8     6   276    20   296    16   296 0.92 -
2648at50557_123851_0:000d02|STRG.1121.7:633-1520|+      -            296 12555at50557         -            439   3.2e-29  100.9  12.3   1   1   2.1e-30   9.5e-29   99.4  11.8     6   276    20   296    16   296 0.92 -
2648at50557_123851_0:000d02|STRG.1121.8:2469-3356|+     -            296 12555at50557         -            439   3.2e-29  100.9  12.3   1   1   2.1e-30   9.5e-29   99.4  11.8     6   276    20   296    16   296 0.92 -
2648at50557_123851_0:000d02|STRG.1121.9:1656-2543|+     -            296 12555at50557         -            439   3.2e-29  100.9  12.3   1   1   2.1e-30   9.5e-29   99.4  11.8     6   276    20   296    16   296 0.92 -
117213at50557_7460_0:000a30|STRG.15053.1:1612-2067|+    -            152 12555at50557         -            439   3.4e-29  100.8  14.8   1   3   1.5e-08   6.8e-07   27.3   0.1    10    74     4    69     1    74 0.58 -
117213at50557_7460_0:000a30|STRG.15053.1:1612-2067|+    -            152 12555at50557         -            439   3.4e-29  100.8  14.8   2   3   4.7e-16   2.2e-14   52.0   2.1   134   218    34   118    32   122 0.94 -
117213at50557_7460_0:000a30|STRG.15053.1:1612-2067|+    -            152 12555at50557         -            439   3.4e-29  100.8  14.8   3   3   7.2e-13   3.3e-11   41.6   1.3   138   213    71   151    67   152 0.88 -
117213at50557_217634_0:002f13|STRG.5511.2:250-912|+     -            221 12555at50557         -            439   8.3e-27   93.0   6.2   1   3   1.9e-09   8.8e-08   30.3   0.1   176   226     1    51     1    54 0.91 -
117213at50557_217634_0:002f13|STRG.5511.2:250-912|+     -            221 12555at50557         -            439   8.3e-27   93.0   6.2   2   3   3.5e-09   1.6e-07   29.4   0.2   138   194    65   121    57   130 0.59 -
117213at50557_217634_0:002f13|STRG.5511.2:250-912|+     -            221 12555at50557         -            439   8.3e-27   93.0   6.2   3   3   6.3e-11   2.9e-09   35.2   0.2    14    82   142   209   123   219 0.88 -
117213at50557_217634_0:002f13|STRG.5511.3:250-912|+     -            221 12555at50557         -            439   8.3e-27   93.0   6.2   1   3   1.9e-09   8.8e-08   30.3   0.1   176   226     1    51     1    54 0.91 -
117213at50557_217634_0:002f13|STRG.5511.3:250-912|+     -            221 12555at50557         -            439   8.3e-27   93.0   6.2   2   3   3.5e-09   1.6e-07   29.4   0.2   138   194    65   121    57   130 0.59 -
117213at50557_217634_0:002f13|STRG.5511.3:250-912|+     -            221 12555at50557         -            439   8.3e-27   93.0   6.2   3   3   6.3e-11   2.9e-09   35.2   0.2    14    82   142   209   123   219 0.88 -
117213at50557_217634_0:002f13|STRG.5511.4:250-912|+     -            221 12555at50557         -            439   8.3e-27   93.0   6.2   1   3   1.9e-09   8.8e-08   30.3   0.1   176   226     1    51     1    54 0.91 -
117213at50557_217634_0:002f13|STRG.5511.4:250-912|+     -            221 12555at50557         -            439   8.3e-27   93.0   6.2   2   3   3.5e-09   1.6e-07   29.4   0.2   138   194    65   121    57   130 0.59 -
117213at50557_217634_0:002f13|STRG.5511.4:250-912|+     -            221 12555at50557         -            439   8.3e-27   93.0   6.2   3   3   6.3e-11   2.9e-09   35.2   0.2    14    82   142   209   123   219 0.88 -
117213at50557_217634_0:002f13|STRG.5511.5:250-912|+     -            221 12555at50557         -            439   8.3e-27   93.0   6.2   1   3   1.9e-09   8.8e-08   30.3   0.1   176   226     1    51     1    54 0.91 -
117213at50557_217634_0:002f13|STRG.5511.5:250-912|+     -            221 12555at50557         -            439   8.3e-27   93.0   6.2   2   3   3.5e-09   1.6e-07   29.4   0.2   138   194    65   121    57   130 0.59 -
117213at50557_217634_0:002f13|STRG.5511.5:250-912|+     -            221 12555at50557         -            439   8.3e-27   93.0   6.2   3   3   6.3e-11   2.9e-09   35.2   0.2    14    82   142   209   123   219 0.88 -
117213at50557_217634_0:002f13|STRG.5511.6:250-912|+     -            221 12555at50557         -            439   8.3e-27   93.0   6.2   1   3   1.9e-09   8.8e-08   30.3   0.1   176   226     1    51     1    54 0.91 -
117213at50557_217634_0:002f13|STRG.5511.6:250-912|+     -            221 12555at50557         -            439   8.3e-27   93.0   6.2   2   3   3.5e-09   1.6e-07   29.4   0.2   138   194    65   121    57   130 0.59 -
117213at50557_217634_0:002f13|STRG.5511.6:250-912|+     -            221 12555at50557         -            439   8.3e-27   93.0   6.2   3   3   6.3e-11   2.9e-09   35.2   0.2    14    82   142   209   123   219 0.88 -
2648at50557_52612_0:00190f|STRG.17699.1:1487-2254|+     -            256 12555at50557         -            439   3.1e-26   91.1  14.2   1   3   2.2e-06    0.0001   20.2   0.0    15   298     4    63     1    67 0.61 -
2648at50557_52612_0:00190f|STRG.17699.1:1487-2254|+     -            256 12555at50557         -            439   3.1e-26   91.1  14.2   2   3   5.4e-20   2.5e-18   65.0   7.6   137   293    31   192    30   201 0.91 -
2648at50557_52612_0:00190f|STRG.17699.1:1487-2254|+     -            256 12555at50557         -            439   3.1e-26   91.1  14.2   3   3   2.4e-07   1.1e-05   23.4   0.2     7    54   199   246   195   254 0.89 -
12555at50557_121225_0:000df9|STRG.10601.3:1506-2258|+   -            251 12555at50557         -            439     6e-26   90.1  12.4   1   2     1e-16   4.7e-15   54.2   3.7    93   229    10   153     1   158 0.64 -
12555at50557_121225_0:000df9|STRG.10601.3:1506-2258|+   -            251 12555at50557         -            439     6e-26   90.1  12.4   2   2   1.1e-12   5.1e-11   40.9   1.1     3    86   157   241   155   248 0.94 -
12555at50557_7004_0:002cc8|STRG.3537.1:3126-3692|+      -            189 12555at50557         -            439   3.4e-25   87.6   7.5   1   2   3.8e-17   1.7e-15   55.7   1.1   101   201     2   113     1   116 0.85 -
12555at50557_7004_0:002cc8|STRG.3537.1:3126-3692|+      -            189 12555at50557         -            439   3.4e-25   87.6   7.5   2   2     4e-13   1.8e-11   42.4   0.7     5    97    78   169    77   182 0.92 -
12555at50557_7004_0:002cc8|STRG.3537.2:3210-3776|+      -            189 12555at50557         -            439   3.4e-25   87.6   7.5   1   2   3.8e-17   1.7e-15   55.7   1.1   101   201     2   113     1   116 0.85 -
12555at50557_7004_0:002cc8|STRG.3537.2:3210-3776|+      -            189 12555at50557         -            439   3.4e-25   87.6   7.5   2   2     4e-13   1.8e-11   42.4   0.7     5    97    78   169    77   182 0.92 -
2648at50557_38123_0:000f4f|STRG.20020.1:3482-4435|+     -            318 12555at50557         -            439   3.9e-25   87.5   0.1   1   3   2.6e-07   1.2e-05   23.3   0.1   144   230    52   141    36   151 0.87 -
2648at50557_38123_0:000f4f|STRG.20020.1:3482-4435|+     -            318 12555at50557         -            439   3.9e-25   87.5   0.1   2   3   1.4e-13   6.3e-12   43.9   0.0     4    87   154   237   151   238 0.94 -
2648at50557_38123_0:000f4f|STRG.20020.1:3482-4435|+     -            318 12555at50557         -            439   3.9e-25   87.5   0.1   3   3   4.8e-09   2.2e-07   29.0   0.0     6    72   222   288   222   301 0.93 -
2648at50557_38123_0:000f4f|STRG.20020.2:3706-4659|+     -            318 12555at50557         -            439   3.9e-25   87.5   0.1   1   3   2.6e-07   1.2e-05   23.3   0.1   144   230    52   141    36   151 0.87 -
2648at50557_38123_0:000f4f|STRG.20020.2:3706-4659|+     -            318 12555at50557         -            439   3.9e-25   87.5   0.1   2   3   1.4e-13   6.3e-12   43.9   0.0     4    87   154   237   151   238 0.94 -
2648at50557_38123_0:000f4f|STRG.20020.2:3706-4659|+     -            318 12555at50557         -            439   3.9e-25   87.5   0.1   3   3   4.8e-09   2.2e-07   29.0   0.0     6    72   222   288   222   301 0.93 -
12555at50557_93721_0:0043db|STRG.4094.1:74-769|+        -            232 12555at50557         -            439     4e-25   87.4  12.6   1   3   1.8e-06   8.1e-05   20.5   1.1   143   202     1    59     1    63 0.67 -
12555at50557_93721_0:0043db|STRG.4094.1:74-769|+        -            232 12555at50557         -            439     4e-25   87.4  12.6   2   3   8.5e-18   3.9e-16   57.8   3.9   175   298    65   194    61   197 0.89 -
12555at50557_93721_0:0043db|STRG.4094.1:74-769|+        -            232 12555at50557         -            439     4e-25   87.4  12.6   3   3   5.1e-05    0.0023   15.7   0.0     6    43   192   229   191   232 0.91 -
2648at50557_38123_0:000f4f|STRG.7887.1:209-994|+        -            262 12555at50557         -            439     5e-25   87.1   3.5   1   3   1.7e-07   7.6e-06   23.9   0.0   237   304     1    72     1    89 0.85 -
2648at50557_38123_0:000f4f|STRG.7887.1:209-994|+        -            262 12555at50557         -            439     5e-25   87.1   3.5   2   3   1.2e-10   5.6e-09   34.2   0.1   216   291    86   162    77   167 0.86 -
2648at50557_38123_0:000f4f|STRG.7887.1:209-994|+        -            262 12555at50557         -            439     5e-25   87.1   3.5   3   3   2.8e-09   1.3e-07   29.7   0.2     4    82   166   245   162   261 0.86 -
2648at50557_38123_0:000f4f|STRG.7887.2:185-970|+        -            262 12555at50557         -            439     5e-25   87.1   3.5   1   3   1.7e-07   7.6e-06   23.9   0.0   237   304     1    72     1    89 0.85 -
2648at50557_38123_0:000f4f|STRG.7887.2:185-970|+        -            262 12555at50557         -            439     5e-25   87.1   3.5   2   3   1.2e-10   5.6e-09   34.2   0.1   216   291    86   162    77   167 0.86 -
2648at50557_38123_0:000f4f|STRG.7887.2:185-970|+        -            262 12555at50557         -            439     5e-25   87.1   3.5   3   3   2.8e-09   1.3e-07   29.7   0.2     4    82   166   245   162   261 0.86 -
2648at50557_38123_0:000f4f|STRG.19087.1:637-1458|+      -            274 12555at50557         -            439   5.1e-23   80.5   0.0   1   4   1.2e-08   5.6e-07   27.6   0.0    13    75     2    64     1    71 0.91 -
2648at50557_38123_0:000f4f|STRG.19087.1:637-1458|+      -            274 12555at50557         -            439   5.1e-23   80.5   0.0   2   4   2.2e-05     0.001   16.9   0.0    16   110    80   171    76   176 0.82 -
2648at50557_38123_0:000f4f|STRG.19087.1:637-1458|+      -            274 12555at50557         -            439   5.1e-23   80.5   0.0   3   4   0.00012    0.0057   14.4   0.0    27    73   156   205   146   211 0.85 -
2648at50557_38123_0:000f4f|STRG.19087.1:637-1458|+      -            274 12555at50557         -            439   5.1e-23   80.5   0.0   4   4   4.7e-10   2.2e-08   32.3   0.0    11   104   176   270   171   274 0.91 -
2648at50557_38123_0:000f4f|STRG.19087.2:248-1069|+      -            274 12555at50557         -            439   5.1e-23   80.5   0.0   1   4   1.2e-08   5.6e-07   27.6   0.0    13    75     2    64     1    71 0.91 -
2648at50557_38123_0:000f4f|STRG.19087.2:248-1069|+      -            274 12555at50557         -            439   5.1e-23   80.5   0.0   2   4   2.2e-05     0.001   16.9   0.0    16   110    80   171    76   176 0.82 -
2648at50557_38123_0:000f4f|STRG.19087.2:248-1069|+      -            274 12555at50557         -            439   5.1e-23   80.5   0.0   3   4   0.00012    0.0057   14.4   0.0    27    73   156   205   146   211 0.85 -
2648at50557_38123_0:000f4f|STRG.19087.2:248-1069|+      -            274 12555at50557         -            439   5.1e-23   80.5   0.0   4   4   4.7e-10   2.2e-08   32.3   0.0    11   104   176   270   171   274 0.91 -
2648at50557_38123_0:000f4f|STRG.19087.3:1004-1825|+     -            274 12555at50557         -            439   5.1e-23   80.5   0.0   1   4   1.2e-08   5.6e-07   27.6   0.0    13    75     2    64     1    71 0.91 -
2648at50557_38123_0:000f4f|STRG.19087.3:1004-1825|+     -            274 12555at50557         -            439   5.1e-23   80.5   0.0   2   4   2.2e-05     0.001   16.9   0.0    16   110    80   171    76   176 0.82 -
2648at50557_38123_0:000f4f|STRG.19087.3:1004-1825|+     -            274 12555at50557         -            439   5.1e-23   80.5   0.0   3   4   0.00012    0.0057   14.4   0.0    27    73   156   205   146   211 0.85 -
2648at50557_38123_0:000f4f|STRG.19087.3:1004-1825|+     -            274 12555at50557         -            439   5.1e-23   80.5   0.0   4   4   4.7e-10   2.2e-08   32.3   0.0    11   104   176   270   171   274 0.91 -
2648at50557_38123_0:000f4f|STRG.19087.4:1034-1855|+     -            274 12555at50557         -            439   5.1e-23   80.5   0.0   1   4   1.2e-08   5.6e-07   27.6   0.0    13    75     2    64     1    71 0.91 -
2648at50557_38123_0:000f4f|STRG.19087.4:1034-1855|+     -            274 12555at50557         -            439   5.1e-23   80.5   0.0   2   4   2.2e-05     0.001   16.9   0.0    16   110    80   171    76   176 0.82 -
2648at50557_38123_0:000f4f|STRG.19087.4:1034-1855|+     -            274 12555at50557         -            439   5.1e-23   80.5   0.0   3   4   0.00012    0.0057   14.4   0.0    27    73   156   205   146   211 0.85 -
2648at50557_38123_0:000f4f|STRG.19087.4:1034-1855|+     -            274 12555at50557         -            439   5.1e-23   80.5   0.0   4   4   4.7e-10   2.2e-08   32.3   0.0    11   104   176   270   171   274 0.91 -
2648at50557_38123_0:000f4f|STRG.19087.5:731-1552|+      -            274 12555at50557         -            439   5.1e-23   80.5   0.0   1   4   1.2e-08   5.6e-07   27.6   0.0    13    75     2    64     1    71 0.91 -
2648at50557_38123_0:000f4f|STRG.19087.5:731-1552|+      -            274 12555at50557         -            439   5.1e-23   80.5   0.0   2   4   2.2e-05     0.001   16.9   0.0    16   110    80   171    76   176 0.82 -
2648at50557_38123_0:000f4f|STRG.19087.5:731-1552|+      -            274 12555at50557         -            439   5.1e-23   80.5   0.0   3   4   0.00012    0.0057   14.4   0.0    27    73   156   205   146   211 0.85 -
2648at50557_38123_0:000f4f|STRG.19087.5:731-1552|+      -            274 12555at50557         -            439   5.1e-23   80.5   0.0   4   4   4.7e-10   2.2e-08   32.3   0.0    11   104   176   270   171   274 0.91 -
117213at50557_52612_0:0016ab|STRG.10810.1:316-840|+     -            175 12555at50557         -            439   1.4e-20   72.5   0.0   1   2   3.1e-11   1.4e-09   36.2   0.0     5    92    22   110    18   113 0.86 -
117213at50557_52612_0:0016ab|STRG.10810.1:316-840|+     -            175 12555at50557         -            439   1.4e-20   72.5   0.0   2   2   1.2e-12   5.4e-11   40.8   0.0     6    87    91   172    89   174 0.97 -
12555at50557_121225_0:000df9|STRG.16467.1:170-838|+     -            223 12555at50557         -            439   4.4e-19   67.5   4.7   1   1   2.5e-20   1.1e-18   66.1   4.7     7   202    21   214    15   222 0.84 -
12555at50557_121225_0:000df9|STRG.16467.2:170-838|+     -            223 12555at50557         -            439   4.4e-19   67.5   4.7   1   1   2.5e-20   1.1e-18   66.1   4.7     7   202    21   214    15   222 0.84 -
12555at50557_121225_0:000df9|STRG.16467.3:154-822|+     -            223 12555at50557         -            439   4.4e-19   67.5   4.7   1   1   2.5e-20   1.1e-18   66.1   4.7     7   202    21   214    15   222 0.84 -
12555at50557_121225_0:000df9|STRG.16467.4:154-822|+     -            223 12555at50557         -            439   4.4e-19   67.5   4.7   1   1   2.5e-20   1.1e-18   66.1   4.7     7   202    21   214    15   222 0.84 -
12555at50557_121225_0:000df9|STRG.16467.5:154-822|+     -            223 12555at50557         -            439   4.4e-19   67.5   4.7   1   1   2.5e-20   1.1e-18   66.1   4.7     7   202    21   214    15   222 0.84 -
12555at50557_121225_0:000df9|STRG.16467.6:154-822|+     -            223 12555at50557         -            439   4.4e-19   67.5   4.7   1   1   2.5e-20   1.1e-18   66.1   4.7     7   202    21   214    15   222 0.84 -
12555at50557_121225_0:000df9|STRG.16467.7:154-822|+     -            223 12555at50557         -            439   4.4e-19   67.5   4.7   1   1   2.5e-20   1.1e-18   66.1   4.7     7   202    21   214    15   222 0.84 -
12555at50557_121225_0:000df9|STRG.16467.8:154-822|+     -            223 12555at50557         -            439   4.4e-19   67.5   4.7   1   1   2.5e-20   1.1e-18   66.1   4.7     7   202    21   214    15   222 0.84 -
12555at50557_121225_0:000df9|STRG.16467.9:150-818|+     -            223 12555at50557         -            439   4.4e-19   67.5   4.7   1   1   2.5e-20   1.1e-18   66.1   4.7     7   202    21   214    15   222 0.84 -
12555at50557_29031_0:000522|STRG.2810.1:756-1487|+      -            244 12555at50557         -            439   1.1e-18   66.2   2.7   1   3   1.6e-05   0.00075   17.3   0.1     5    57     7    59     3    69 0.86 -
12555at50557_29031_0:000522|STRG.2810.1:756-1487|+      -            244 12555at50557         -            439   1.1e-18   66.2   2.7   2   3     1e-05   0.00047   18.0   0.0     3    46    71   114    69   119 0.87 -
12555at50557_29031_0:000522|STRG.2810.1:756-1487|+      -            244 12555at50557         -            439   1.1e-18   66.2   2.7   3   3   2.6e-09   1.2e-07   29.8   0.1   114   212   141   242   122   244 0.75 -
117213at50557_1218281_0:003320|STRG.10888.1:2232-2693|+ -            154 12555at50557         -            439   5.1e-18   64.0   0.3   1   1   5.7e-19   2.6e-17   61.7   0.3    39   182     1   152     1   154 0.81 -
117213at50557_1218281_0:003320|STRG.10888.2:2471-2932|+ -            154 12555at50557         -            439   5.1e-18   64.0   0.3   1   1   5.7e-19   2.6e-17   61.7   0.3    39   182     1   152     1   154 0.81 -
117213at50557_1218281_0:003320|STRG.10888.3:2169-2630|+ -            154 12555at50557         -            439   5.1e-18   64.0   0.3   1   1   5.7e-19   2.6e-17   61.7   0.3    39   182     1   152     1   154 0.81 -
117213at50557_1218281_0:003320|STRG.10888.4:1874-2335|+ -            154 12555at50557         -            439   5.1e-18   64.0   0.3   1   1   5.7e-19   2.6e-17   61.7   0.3    39   182     1   152     1   154 0.81 -
117213at50557_1218281_0:003320|STRG.10888.5:1627-2088|+ -            154 12555at50557         -            439   5.1e-18   64.0   0.3   1   1   5.7e-19   2.6e-17   61.7   0.3    39   182     1   152     1   154 0.81 -
117213at50557_7160_0:000f7a|STRG.11395.5:1450-1827|+    -            126 12555at50557         -            439   8.8e-18   63.2   0.2   1   2   4.2e-07   1.9e-05   22.6   0.1    31    87     2    58     1    60 0.84 -
117213at50557_7160_0:000f7a|STRG.11395.5:1450-1827|+    -            126 12555at50557         -            439   8.8e-18   63.2   0.2   2   2     7e-14   3.2e-12   44.9   0.0     8    88    45   125    43   126 0.96 -
12555at50557_93721_0:0043db|STRG.19688.1:1537-2208|+    -            224 12555at50557         -            439   8.6e-17   60.0   1.5   1   3     0.073       3.3    5.3   0.0   259   280    22    43    13    56 0.73 -
12555at50557_93721_0:0043db|STRG.19688.1:1537-2208|+    -            224 12555at50557         -            439   8.6e-17   60.0   1.5   2   3   4.1e-07   1.9e-05   22.6   0.0   222   294    61   132    55   136 0.88 -
12555at50557_93721_0:0043db|STRG.19688.1:1537-2208|+    -            224 12555at50557         -            439   8.6e-17   60.0   1.5   3   3   2.6e-09   1.2e-07   29.8   0.0   136   202   136   203   133   210 0.90 -
12555at50557_93721_0:0043db|STRG.19688.2:1537-2208|+    -            224 12555at50557         -            439   8.6e-17   60.0   1.5   1   3     0.073       3.3    5.3   0.0   259   280    22    43    13    56 0.73 -
12555at50557_93721_0:0043db|STRG.19688.2:1537-2208|+    -            224 12555at50557         -            439   8.6e-17   60.0   1.5   2   3   4.1e-07   1.9e-05   22.6   0.0   222   294    61   132    55   136 0.88 -
12555at50557_93721_0:0043db|STRG.19688.2:1537-2208|+    -            224 12555at50557         -            439   8.6e-17   60.0   1.5   3   3   2.6e-09   1.2e-07   29.8   0.0   136   202   136   203   133   210 0.90 -
12555at50557_7536_0:00436b|STRG.1572.6:19-357|+         -            113 12555at50557         -            439   9.7e-17   59.8   5.8   1   2   3.1e-08   1.4e-06   26.3   0.1   169   218     6    55     3    55 0.81 -
12555at50557_7536_0:00436b|STRG.1572.6:19-357|+         -            113 12555at50557         -            439   9.7e-17   59.8   5.8   2   2   1.1e-12   5.1e-11   40.9   2.2   134   209    37   113    35   113 0.94 -
2648at50557_74873_0:0002fa|STRG.1234.1:653-1267|+       -            205 12555at50557         -            439   2.7e-16   58.3   5.5   1   2     0.083       3.8    5.1   0.1   136   167    36    66    26    71 0.80 -
2648at50557_74873_0:0002fa|STRG.1234.1:653-1267|+       -            205 12555at50557         -            439   2.7e-16   58.3   5.5   2   2   1.2e-16   5.4e-15   54.0   2.3   140   258    81   202    72   204 0.92 -
117213at50557_93721_0:003ec4|STRG.11248.1:522-881|+     -            120 12555at50557         -            439   1.9e-15   55.5   0.2   1   1     4e-16   1.8e-14   52.3   0.2     6   118    10   120     6   120 0.90 -
117213at50557_7539_0:002eaf|STRG.18501.1:358-846|+      -            163 12555at50557         -            439   4.3e-15   54.4   2.0   1   2   3.4e-12   1.6e-10   39.3   0.4     7   111    20   120    15   123 0.89 -
117213at50557_7539_0:002eaf|STRG.18501.1:358-846|+      -            163 12555at50557         -            439   4.3e-15   54.4   2.0   2   2   1.1e-05   0.00051   17.9   0.3    26    73   103   150    96   156 0.85 -
96662at50557_104452_0:001c4a|STRG.14947.1:21-737|+      -            239 12555at50557         -            439   7.5e-15   53.6   0.0   1   1   2.4e-16   1.1e-14   53.0   0.0   132   214   149   231   146   237 0.76 -
117213at50557_108931_0:000ba4|STRG.13219.1:182-580|+    -            133 12555at50557         -            439     9e-15   53.3   0.1   1   1   2.4e-16   1.1e-14   53.0   0.1     6   112    23   133     3   133 0.89 -
117213at50557_108931_0:000ba4|STRG.13219.3:361-759|+    -            133 12555at50557         -            439     9e-15   53.3   0.1   1   1   2.4e-16   1.1e-14   53.0   0.1     6   112    23   133     3   133 0.89 -
117213at50557_123851_0:000030|STRG.1234.2:217-570|+     -            118 12555at50557         -            439   1.1e-14   53.1   3.8   1   1   3.6e-16   1.7e-14   52.4   3.8   145   258     1   117     1   118 0.94 -
117213at50557_123851_0:000030|STRG.1234.3:1473-1826|+   -            118 12555at50557         -            439   1.1e-14   53.1   3.8   1   1   3.6e-16   1.7e-14   52.4   3.8   145   258     1   117     1   118 0.94 -
117213at50557_123851_0:000030|STRG.1234.4:428-781|+     -            118 12555at50557         -            439   1.1e-14   53.1   3.8   1   1   3.6e-16   1.7e-14   52.4   3.8   145   258     1   117     1   118 0.94 -
966at50557_456900_0:00249f|STRG.3862.1:561-8015|+       -           2485 12555at50557         -            439   1.5e-14   52.6   8.3   1   3   7.4e-15   3.4e-13   48.1   2.9    17   265    16   283     7   291 0.77 -
966at50557_456900_0:00249f|STRG.3862.1:561-8015|+       -           2485 12555at50557         -            439   1.5e-14   52.6   8.3   2   3      0.43        20    2.8   0.0     6    42   301   337   297   349 0.71 -
966at50557_456900_0:00249f|STRG.3862.1:561-8015|+       -           2485 12555at50557         -            439   1.5e-14   52.6   8.3   3   3      0.46        21    2.7   0.1   270   300   395   426   384   513 0.49 -
966at50557_456900_0:00249f|STRG.3862.2:449-7903|+       -           2485 12555at50557         -            439   1.5e-14   52.6   8.3   1   3   7.4e-15   3.4e-13   48.1   2.9    17   265    16   283     7   291 0.77 -
966at50557_456900_0:00249f|STRG.3862.2:449-7903|+       -           2485 12555at50557         -            439   1.5e-14   52.6   8.3   2   3      0.43        20    2.8   0.0     6    42   301   337   297   349 0.71 -
966at50557_456900_0:00249f|STRG.3862.2:449-7903|+       -           2485 12555at50557         -            439   1.5e-14   52.6   8.3   3   3      0.46        21    2.7   0.1   270   300   395   426   384   513 0.49 -
117213at50557_7539_0:002eaf|STRG.11800.1:545-940|+      -            132 12555at50557         -            439   2.7e-14   51.7   0.1   1   2   6.8e-09   3.1e-07   28.5   0.1    24    86     8    71     2    72 0.86 -
117213at50557_7539_0:002eaf|STRG.11800.1:545-940|+      -            132 12555at50557         -            439   2.7e-14   51.7   0.1   2   2   4.1e-08   1.9e-06   25.9   0.0    14    77    65   128    56   131 0.81 -
117213at50557_7539_0:002eaf|STRG.11800.2:545-940|+      -            132 12555at50557         -            439   2.7e-14   51.7   0.1   1   2   6.8e-09   3.1e-07   28.5   0.1    24    86     8    71     2    72 0.86 -
117213at50557_7539_0:002eaf|STRG.11800.2:545-940|+      -            132 12555at50557         -            439   2.7e-14   51.7   0.1   2   2   4.1e-08   1.9e-06   25.9   0.0    14    77    65   128    56   131 0.81 -
117213at50557_7224_0:002040|STRG.8158.2:2459-2797|+     -            113 12555at50557         -            439   6.9e-14   50.4   0.4   1   2   0.00029     0.013   13.2   0.0   240   279     7    45     3    52 0.76 -
117213at50557_7224_0:002040|STRG.8158.2:2459-2797|+     -            113 12555at50557         -            439   6.9e-14   50.4   0.4   2   2   7.5e-13   3.4e-11   41.5   0.1    10    87    34   113    30   113 0.93 -
117213at50557_7224_0:002040|STRG.8158.3:2300-2638|+     -            113 12555at50557         -            439   6.9e-14   50.4   0.4   1   2   0.00029     0.013   13.2   0.0   240   279     7    45     3    52 0.76 -
117213at50557_7224_0:002040|STRG.8158.3:2300-2638|+     -            113 12555at50557         -            439   6.9e-14   50.4   0.4   2   2   7.5e-13   3.4e-11   41.5   0.1    10    87    34   113    30   113 0.93 -
117213at50557_7224_0:002040|STRG.8158.4:2459-2797|+     -            113 12555at50557         -            439   6.9e-14   50.4   0.4   1   2   0.00029     0.013   13.2   0.0   240   279     7    45     3    52 0.76 -
117213at50557_7224_0:002040|STRG.8158.4:2459-2797|+     -            113 12555at50557         -            439   6.9e-14   50.4   0.4   2   2   7.5e-13   3.4e-11   41.5   0.1    10    87    34   113    30   113 0.93 -
12555at50557_37001_0:000625|STRG.9184.1:1351-1836|+     -            162 12555at50557         -            439   1.8e-13   49.0   0.2   1   2   1.7e-10   7.6e-09   33.8   0.0     5    94     2    93     1   109 0.83 -
12555at50557_37001_0:000625|STRG.9184.1:1351-1836|+     -            162 12555at50557         -            439   1.8e-13   49.0   0.2   2   2   0.00023      0.01   13.6   0.0     3    42   120   159   116   161 0.77 -
12555at50557_37001_0:000625|STRG.9184.3:1351-1836|+     -            162 12555at50557         -            439   1.8e-13   49.0   0.2   1   2   1.7e-10   7.6e-09   33.8   0.0     5    94     2    93     1   109 0.83 -
12555at50557_37001_0:000625|STRG.9184.3:1351-1836|+     -            162 12555at50557         -            439   1.8e-13   49.0   0.2   2   2   0.00023      0.01   13.6   0.0     3    42   120   159   116   161 0.77 -
12555at50557_7536_0:00436b|STRG.3815.1:1519-2007|+      -            163 12555at50557         -            439     1e-12   46.5   0.0   1   2   8.8e-10     4e-08   31.4   0.0    35   107    30   103    10   108 0.77 -
12555at50557_7536_0:00436b|STRG.3815.1:1519-2007|+      -            163 12555at50557         -            439     1e-12   46.5   0.0   2   2   0.00012    0.0053   14.5   0.0     6    64   103   162    97   163 0.87 -
12555at50557_7536_0:00436b|STRG.3815.2:1731-2219|+      -            163 12555at50557         -            439     1e-12   46.5   0.0   1   2   8.8e-10     4e-08   31.4   0.0    35   107    30   103    10   108 0.77 -
12555at50557_7536_0:00436b|STRG.3815.2:1731-2219|+      -            163 12555at50557         -            439     1e-12   46.5   0.0   2   2   0.00012    0.0053   14.5   0.0     6    64   103   162    97   163 0.87 -
12555at50557_7536_0:00436b|STRG.3815.3:1359-1847|+      -            163 12555at50557         -            439     1e-12   46.5   0.0   1   2   8.8e-10     4e-08   31.4   0.0    35   107    30   103    10   108 0.77 -
12555at50557_7536_0:00436b|STRG.3815.3:1359-1847|+      -            163 12555at50557         -            439     1e-12   46.5   0.0   2   2   0.00012    0.0053   14.5   0.0     6    64   103   162    97   163 0.87 -
12555at50557_7536_0:00436b|STRG.3815.4:1108-1596|+      -            163 12555at50557         -            439     1e-12   46.5   0.0   1   2   8.8e-10     4e-08   31.4   0.0    35   107    30   103    10   108 0.77 -
12555at50557_7536_0:00436b|STRG.3815.4:1108-1596|+      -            163 12555at50557         -            439     1e-12   46.5   0.0   2   2   0.00012    0.0053   14.5   0.0     6    64   103   162    97   163 0.87 -
12555at50557_7536_0:00436b|STRG.3815.5:1225-1713|+      -            163 12555at50557         -            439     1e-12   46.5   0.0   1   2   8.8e-10     4e-08   31.4   0.0    35   107    30   103    10   108 0.77 -
12555at50557_7536_0:00436b|STRG.3815.5:1225-1713|+      -            163 12555at50557         -            439     1e-12   46.5   0.0   2   2   0.00012    0.0053   14.5   0.0     6    64   103   162    97   163 0.87 -
12555at50557_7536_0:00436b|STRG.3815.6:896-1384|+       -            163 12555at50557         -            439     1e-12   46.5   0.0   1   2   8.8e-10     4e-08   31.4   0.0    35   107    30   103    10   108 0.77 -
12555at50557_7536_0:00436b|STRG.3815.6:896-1384|+       -            163 12555at50557         -            439     1e-12   46.5   0.0   2   2   0.00012    0.0053   14.5   0.0     6    64   103   162    97   163 0.87 -
117213at50557_7070_0:000bf2|STRG.16866.1:951-1280|+     -            110 12555at50557         -            439   1.1e-12   46.4   0.0   1   1   3.9e-14   1.8e-12   45.7   0.0     7    83    31   107     5   110 0.55 -
117213at50557_7070_0:000bf2|STRG.16866.2:843-1172|+     -            110 12555at50557         -            439   1.1e-12   46.4   0.0   1   1   3.9e-14   1.8e-12   45.7   0.0     7    83    31   107     5   110 0.55 -
117213at50557_103372_0:0001d1|STRG.680.1:57-701|+       -            215 12555at50557         -            439   1.1e-12   46.4   0.6   1   2       2.8   1.3e+02    0.1   0.0   264   293    47    76    25    79 0.72 -
117213at50557_103372_0:0001d1|STRG.680.1:57-701|+       -            215 12555at50557         -            439   1.1e-12   46.4   0.6   2   2     7e-14   3.2e-12   44.9   0.1     3    88    77   162    75   180 0.90 -
117213at50557_103372_0:0001d1|STRG.680.2:53-697|+       -            215 12555at50557         -            439   1.1e-12   46.4   0.6   1   2       2.8   1.3e+02    0.1   0.0   264   293    47    76    25    79 0.72 -
117213at50557_103372_0:0001d1|STRG.680.2:53-697|+       -            215 12555at50557         -            439   1.1e-12   46.4   0.6   2   2     7e-14   3.2e-12   44.9   0.1     3    88    77   162    75   180 0.90 -
117213at50557_103372_0:0001d1|STRG.680.3:168-812|+      -            215 12555at50557         -            439   1.1e-12   46.4   0.6   1   2       2.8   1.3e+02    0.1   0.0   264   293    47    76    25    79 0.72 -
117213at50557_103372_0:0001d1|STRG.680.3:168-812|+      -            215 12555at50557         -            439   1.1e-12   46.4   0.6   2   2     7e-14   3.2e-12   44.9   0.1     3    88    77   162    75   180 0.90 -
117213at50557_103372_0:0001d1|STRG.680.4:181-825|+      -            215 12555at50557         -            439   1.1e-12   46.4   0.6   1   2       2.8   1.3e+02    0.1   0.0   264   293    47    76    25    79 0.72 -
117213at50557_103372_0:0001d1|STRG.680.4:181-825|+      -            215 12555at50557         -            439   1.1e-12   46.4   0.6   2   2     7e-14   3.2e-12   44.9   0.1     3    88    77   162    75   180 0.90 -
117213at50557_103372_0:0001d1|STRG.680.5:181-825|+      -            215 12555at50557         -            439   1.1e-12   46.4   0.6   1   2       2.8   1.3e+02    0.1   0.0   264   293    47    76    25    79 0.72 -
117213at50557_103372_0:0001d1|STRG.680.5:181-825|+      -            215 12555at50557         -            439   1.1e-12   46.4   0.6   2   2     7e-14   3.2e-12   44.9   0.1     3    88    77   162    75   180 0.90 -
117213at50557_224129_0:001d71|STRG.10601.2:402-701|+    -            100 12555at50557         -            439     2e-12   45.6   0.4   1   1   4.8e-14   2.2e-12   45.4   0.4     3    87     4    89     2    99 0.93 -
63888at50557_64793_0:0029eb|STRG.16922.1:21-1253|+      -            411 12555at50557         -            439   2.9e-12   45.0   0.4   1   1   6.4e-14   2.9e-12   45.0   0.4     6   108    42   145    37   152 0.93 -
117213at50557_224129_0:001d71|STRG.10601.3:1917-2264|+  -            116 12555at50557         -            439   3.2e-12   44.9   0.4   1   1   8.1e-14   3.7e-12   44.7   0.4     3    87    20   105    18   115 0.93 -
117213at50557_286706_0:002864|STRG.10692.1:5229-5573|+  -            115 12555at50557         -            439     4e-12   44.6   0.0   1   1     1e-13   4.6e-12   44.4   0.0   181   281     1   104     1   111 0.88 -
117213at50557_83485_0:001635|STRG.11634.10:3948-4277|+  -            110 12555at50557         -            439   1.2e-11   43.0   0.1   1   1   3.2e-13   1.5e-11   42.7   0.1     8    71    39   102    30   108 0.89 -
117213at50557_83485_0:001635|STRG.11634.1:3524-3853|+   -            110 12555at50557         -            439   1.2e-11   43.0   0.1   1   1   3.2e-13   1.5e-11   42.7   0.1     8    71    39   102    30   108 0.89 -
117213at50557_83485_0:001635|STRG.11634.2:4875-5204|+   -            110 12555at50557         -            439   1.2e-11   43.0   0.1   1   1   3.2e-13   1.5e-11   42.7   0.1     8    71    39   102    30   108 0.89 -
117213at50557_83485_0:001635|STRG.11634.3:884-1213|+    -            110 12555at50557         -            439   1.2e-11   43.0   0.1   1   1   3.2e-13   1.5e-11   42.7   0.1     8    71    39   102    30   108 0.89 -
117213at50557_83485_0:001635|STRG.11634.4:3329-3658|+   -            110 12555at50557         -            439   1.2e-11   43.0   0.1   1   1   3.2e-13   1.5e-11   42.7   0.1     8    71    39   102    30   108 0.89 -
117213at50557_83485_0:001635|STRG.11634.5:3870-4199|+   -            110 12555at50557         -            439   1.2e-11   43.0   0.1   1   1   3.2e-13   1.5e-11   42.7   0.1     8    71    39   102    30   108 0.89 -
117213at50557_83485_0:001635|STRG.11634.6:3341-3670|+   -            110 12555at50557         -            439   1.2e-11   43.0   0.1   1   1   3.2e-13   1.5e-11   42.7   0.1     8    71    39   102    30   108 0.89 -
117213at50557_83485_0:001635|STRG.11634.7:3323-3652|+   -            110 12555at50557         -            439   1.2e-11   43.0   0.1   1   1   3.2e-13   1.5e-11   42.7   0.1     8    71    39   102    30   108 0.89 -
117213at50557_83485_0:001635|STRG.11634.8:3839-4168|+   -            110 12555at50557         -            439   1.2e-11   43.0   0.1   1   1   3.2e-13   1.5e-11   42.7   0.1     8    71    39   102    30   108 0.89 -
117213at50557_83485_0:001635|STRG.11634.9:3722-4051|+   -            110 12555at50557         -            439   1.2e-11   43.0   0.1   1   1   3.2e-13   1.5e-11   42.7   0.1     8    71    39   102    30   108 0.89 -
117213at50557_286306_0:002ceb|STRG.15475.1:599-946|+    -            116 12555at50557         -            439   1.2e-11   43.0   0.4   1   1   3.3e-13   1.5e-11   42.7   0.4   173   278     6   115     1   116 0.87 -
117213at50557_286306_0:002ceb|STRG.15475.2:259-606|+    -            116 12555at50557         -            439   1.2e-11   43.0   0.4   1   1   3.3e-13   1.5e-11   42.7   0.4   173   278     6   115     1   116 0.87 -
117213at50557_307491_0:00388d|STRG.10601.1:425-859|+    -            145 12555at50557         -            439   1.9e-11   42.4   3.0   1   2   6.1e-13   2.8e-11   41.8   2.1     5    89     1    86     1   119 0.87 -
117213at50557_307491_0:00388d|STRG.10601.1:425-859|+    -            145 12555at50557         -            439   1.9e-11   42.4   3.0   2   2       4.9   2.3e+02   -0.7   0.0   193   210   125   142   114   144 0.76 -
57156at50557_88501_0:0026b0|STRG.3449.1:975-2318|+      -            448 12555at50557         -            439   2.1e-11   42.2   0.1   1   3   1.7e-07   7.7e-06   23.9   0.0     5    93   184   275   181   292 0.84 -
57156at50557_88501_0:0026b0|STRG.3449.1:975-2318|+      -            448 12555at50557         -            439   2.1e-11   42.2   0.1   2   3   0.00043     0.019   12.7   0.0   260   297   301   339   283   345 0.75 -
57156at50557_88501_0:0026b0|STRG.3449.1:975-2318|+      -            448 12555at50557         -            439   2.1e-11   42.2   0.1   3   3      0.89        41    1.7   0.0    12    35   345   368   338   389 0.82 -
63888at50557_38123_0:0035d7|STRG.15653.1:417-707|+      -             97 12555at50557         -            439   2.3e-11   42.1   0.1   1   1   5.5e-13   2.5e-11   42.0   0.1    11    77    22    88    15    97 0.89 -
63888at50557_38123_0:0035d7|STRG.15653.2:665-955|+      -             97 12555at50557         -            439   2.3e-11   42.1   0.1   1   1   5.5e-13   2.5e-11   42.0   0.1    11    77    22    88    15    97 0.89 -
117213at50557_136037_0:002e69|STRG.20341.1:563-982|+    -            140 12555at50557         -            439   2.3e-11   42.1   1.9   1   1   9.7e-13   4.4e-11   41.1   1.9   173   273    31   133     2   139 0.79 -
117213at50557_7244_0:0017ed|STRG.20218.1:1246-1686|+    -            147 12555at50557         -            439   9.6e-11   40.0   0.4   1   1     2e-11     9e-10   36.8   0.3     8   127    22   141    20   147 0.88 -
117213at50557_7244_0:0017ed|STRG.20218.2:1257-1697|+    -            147 12555at50557         -            439   9.6e-11   40.0   0.4   1   1     2e-11     9e-10   36.8   0.3     8   127    22   141    20   147 0.88 -
125117at50557_166423_0:00396e|STRG.10275.1:405-1019|+   -            205 12555at50557         -            439   1.1e-10   39.9   1.8   1   1   3.7e-12   1.7e-10   39.2   1.8   134   215   118   199   110   203 0.85 -
125117at50557_166423_0:00396e|STRG.10275.2:142-756|+    -            205 12555at50557         -            439   1.1e-10   39.9   1.8   1   1   3.7e-12   1.7e-10   39.2   1.8   134   215   118   199   110   203 0.85 -
125117at50557_166423_0:00396e|STRG.10275.3:180-794|+    -            205 12555at50557         -            439   1.1e-10   39.9   1.8   1   1   3.7e-12   1.7e-10   39.2   1.8   134   215   118   199   110   203 0.85 -
12555at50557_121845_0:00419d|STRG.8478.1:3365-3718|+    -            118 12555at50557         -            439   2.1e-10   38.9   4.4   1   2   0.00022      0.01   13.6   0.1   173   204     9    40     3    41 0.70 -
12555at50557_121845_0:00419d|STRG.8478.1:3365-3718|+    -            118 12555at50557         -            439   2.1e-10   38.9   4.4   2   2   1.1e-09   5.1e-08   31.1   1.5   134   197    36   100    34   105 0.90 -
12555at50557_121845_0:00419d|STRG.8478.2:2969-3322|+    -            118 12555at50557         -            439   2.1e-10   38.9   4.4   1   2   0.00022      0.01   13.6   0.1   173   204     9    40     3    41 0.70 -
12555at50557_121845_0:00419d|STRG.8478.2:2969-3322|+    -            118 12555at50557         -            439   2.1e-10   38.9   4.4   2   2   1.1e-09   5.1e-08   31.1   1.5   134   197    36   100    34   105 0.90 -
12555at50557_121845_0:00419d|STRG.8478.3:2409-2762|+    -            118 12555at50557         -            439   2.1e-10   38.9   4.4   1   2   0.00022      0.01   13.6   0.1   173   204     9    40     3    41 0.70 -
12555at50557_121845_0:00419d|STRG.8478.3:2409-2762|+    -            118 12555at50557         -            439   2.1e-10   38.9   4.4   2   2   1.1e-09   5.1e-08   31.1   1.5   134   197    36   100    34   105 0.90 -
12555at50557_121845_0:00419d|STRG.13521.1:549-974|+     -            142 12555at50557         -            439   3.6e-10   38.2   1.0   1   2      0.19       8.5    3.9   0.1    27    54     3    30     1    52 0.62 -
12555at50557_121845_0:00419d|STRG.13521.1:549-974|+     -            142 12555at50557         -            439   3.6e-10   38.2   1.0   2   2   6.5e-10   2.9e-08   31.8   0.1    13    79    73   139    64   142 0.89 -
12555at50557_121845_0:00419d|STRG.13521.2:627-1052|+    -            142 12555at50557         -            439   3.6e-10   38.2   1.0   1   2      0.19       8.5    3.9   0.1    27    54     3    30     1    52 0.62 -
12555at50557_121845_0:00419d|STRG.13521.2:627-1052|+    -            142 12555at50557         -            439   3.6e-10   38.2   1.0   2   2   6.5e-10   2.9e-08   31.8   0.1    13    79    73   139    64   142 0.89 -
12555at50557_121845_0:00419d|STRG.13521.4:420-845|+     -            142 12555at50557         -            439   3.6e-10   38.2   1.0   1   2      0.19       8.5    3.9   0.1    27    54     3    30     1    52 0.62 -
12555at50557_121845_0:00419d|STRG.13521.4:420-845|+     -            142 12555at50557         -            439   3.6e-10   38.2   1.0   2   2   6.5e-10   2.9e-08   31.8   0.1    13    79    73   139    64   142 0.89 -
117213at50557_110193_0:000646|STRG.19688.4:885-1226|+   -            114 12555at50557         -            439   3.6e-10   38.1   0.4   1   1   1.5e-10   6.8e-09   33.9   0.4   141   229     5    92     1   114 0.83 -
12555at50557_121845_0:00419d|STRG.13521.3:549-977|+     -            143 12555at50557         -            439   4.5e-10   37.8   1.0   1   2     0.005      0.23    9.1   0.2    51    87    43    81     1    81 0.66 -
12555at50557_121845_0:00419d|STRG.13521.3:549-977|+     -            143 12555at50557         -            439   4.5e-10   37.8   1.0   2   2     7e-10   3.2e-08   31.7   0.1    10    79    68   139    60   143 0.88 -
117213at50557_79782_0:002375|STRG.3836.1:1442-1888|+    -            149 12555at50557         -            439   5.5e-10   37.5   0.1   1   2    0.0016     0.075   10.7   0.0    22    70     3    51     1    58 0.56 -
117213at50557_79782_0:002375|STRG.3836.1:1442-1888|+    -            149 12555at50557         -            439   5.5e-10   37.5   0.1   2   2   6.7e-08   3.1e-06   25.2   0.0    17    89    64   136    60   148 0.89 -
12555at50557_121845_0:00419d|STRG.2838.2:228-488|+      -             87 12555at50557         -            439   6.8e-10   37.2   0.2   1   1   1.6e-11   7.1e-10   37.2   0.2   107   164     2    66     1    85 0.79 -
63888at50557_7004_0:004d6e|STRG.7923.1:571-1017|+       -            149 12555at50557         -            439   7.7e-10   37.1   0.1   1   2   2.7e-05    0.0012   16.6   0.1   264   320    33    96    18   106 0.73 -
63888at50557_7004_0:004d6e|STRG.7923.1:571-1017|+       -            149 12555at50557         -            439   7.7e-10   37.1   0.1   2   2   3.4e-06   0.00015   19.6   0.0     4    53   100   149    97   149 0.92 -
117213at50557_13249_0:00079a|STRG.18972.1:923-1300|+    -            126 12555at50557         -            439   1.1e-09   36.5   0.2   1   1   3.1e-11   1.4e-09   36.2   0.2     7   201    56   122    49   126 0.57 -
117213at50557_13249_0:00079a|STRG.18972.2:927-1304|+    -            126 12555at50557         -            439   1.1e-09   36.5   0.2   1   1   3.1e-11   1.4e-09   36.2   0.2     7   201    56   122    49   126 0.57 -
117213at50557_13249_0:00079a|STRG.18972.3:975-1352|+    -            126 12555at50557         -            439   1.1e-09   36.5   0.2   1   1   3.1e-11   1.4e-09   36.2   0.2     7   201    56   122    49   126 0.57 -
117213at50557_13249_0:00079a|STRG.18972.4:975-1352|+    -            126 12555at50557         -            439   1.1e-09   36.5   0.2   1   1   3.1e-11   1.4e-09   36.2   0.2     7   201    56   122    49   126 0.57 -
117213at50557_13249_0:00079a|STRG.18972.5:742-1119|+    -            126 12555at50557         -            439   1.1e-09   36.5   0.2   1   1   3.1e-11   1.4e-09   36.2   0.2     7   201    56   122    49   126 0.57 -
117213at50557_13249_0:00079a|STRG.18972.6:1077-1454|+   -            126 12555at50557         -            439   1.1e-09   36.5   0.2   1   1   3.1e-11   1.4e-09   36.2   0.2     7   201    56   122    49   126 0.57 -
117213at50557_121845_0:002168|STRG.20341.2:389-877|+    -            163 12555at50557         -            439   2.4e-09   35.4   1.0   1   1   7.1e-11   3.3e-09   35.0   1.0    99   204    15   130     3   133 0.78 -
117213at50557_166361_0:002f24|STRG.15837.1:190-606|+    -            139 12555at50557         -            439   2.6e-09   35.3   0.0   1   1   6.4e-11   2.9e-09   35.1   0.0     9   201    50   114     4   136 0.58 -
117213at50557_38123_0:0023a4|STRG.18161.3:2533-2865|+   -            111 12555at50557         -            439   2.8e-09   35.2   0.0   1   1   7.1e-11   3.3e-09   35.0   0.0     2    83    29   111    28   111 0.91 -
117213at50557_144034_0:001939|STRG.4047.1:368-748|+     -            127 12555at50557         -            439     4e-09   34.7   0.0   1   1   1.3e-10   5.9e-09   34.1   0.0     6    88    27   109    22   126 0.64 -
117213at50557_144034_0:001939|STRG.4047.2:294-674|+     -            127 12555at50557         -            439     4e-09   34.7   0.0   1   1   1.3e-10   5.9e-09   34.1   0.0     6    88    27   109    22   126 0.64 -
117213at50557_144034_0:001939|STRG.4047.3:179-559|+     -            127 12555at50557         -            439     4e-09   34.7   0.0   1   1   1.3e-10   5.9e-09   34.1   0.0     6    88    27   109    22   126 0.64 -
117213at50557_35570_0:00266c|STRG.10275.4:1106-1474|+   -            123 12555at50557         -            439   1.5e-08   32.8   0.5   1   1   5.4e-10   2.5e-08   32.1   0.5   159   216    15    72     1   108 0.60 -
117213at50557_35570_0:00266c|STRG.10275.5:619-987|+     -            123 12555at50557         -            439   1.5e-08   32.8   0.5   1   1   5.4e-10   2.5e-08   32.1   0.5   159   216    15    72     1   108 0.60 -
117213at50557_74869_0:001938|STRG.3255.1:88-453|+       -            122 12555at50557         -            439   3.2e-08   31.7   0.0   1   1   1.1e-09     5e-08   31.1   0.0    12    87    20    99    11   121 0.85 -
117213at50557_74869_0:001938|STRG.3255.2:88-453|+       -            122 12555at50557         -            439   3.2e-08   31.7   0.0   1   1   1.1e-09     5e-08   31.1   0.0    12    87    20    99    11   121 0.85 -
60092at50557_7070_0:001992|STRG.3790.1:178-1428|+       -            382 12555at50557         -            439   3.9e-08   31.4   0.0   1   1   1.3e-09   5.9e-08   30.8   0.0   170   228    30    88    19   105 0.71 -
60092at50557_7070_0:001992|STRG.3790.2:138-1386|+       -            382 12555at50557         -            439   3.9e-08   31.4   0.0   1   1   1.3e-09   5.9e-08   30.8   0.0   170   228    30    88    19   105 0.71 -
60092at50557_103372_0:00284b|STRG.19625.1:842-2152|+    -            437 12555at50557         -            439   4.4e-08   31.3   0.0   1   1   1.4e-09   6.4e-08   30.7   0.0    10   122     7   116     2   119 0.83 -
60092at50557_103372_0:00284b|STRG.19625.3:639-1949|+    -            437 12555at50557         -            439   4.4e-08   31.3   0.0   1   1   1.4e-09   6.4e-08   30.7   0.0    10   122     7   116     2   119 0.83 -
60092at50557_103372_0:00284b|STRG.19625.2:842-2212|+    -            457 12555at50557         -            439   4.7e-08   31.2   0.0   1   1   1.5e-09   6.9e-08   30.6   0.0    10   122     7   116     2   119 0.83 -
63888at50557_7091_0:002469|STRG.10383.1:1328-2065|+     -            246 12555at50557         -            439   5.6e-08   30.9   0.0   1   1   4.1e-09   1.9e-07   29.2   0.0    28   118    17   103     8   109 0.77 -
63888at50557_7091_0:002469|STRG.10383.2:1219-1956|+     -            246 12555at50557         -            439   5.6e-08   30.9   0.0   1   1   4.1e-09   1.9e-07   29.2   0.0    28   118    17   103     8   109 0.77 -
12555at50557_378494_0:000ae9|STRG.20768.1:3014-3361|+   -            116 12555at50557         -            439   3.2e-07   28.4   0.7   1   1   9.8e-09   4.5e-07   27.9   0.7   137   212    23   101     1   116 0.52 -
12555at50557_378494_0:000ae9|STRG.20768.2:2734-3081|+   -            116 12555at50557         -            439   3.2e-07   28.4   0.7   1   1   9.8e-09   4.5e-07   27.9   0.7   137   212    23   101     1   116 0.52 -
12555at50557_378494_0:000ae9|STRG.20768.3:3942-4289|+   -            116 12555at50557         -            439   3.2e-07   28.4   0.7   1   1   9.8e-09   4.5e-07   27.9   0.7   137   212    23   101     1   116 0.52 -
12555at50557_378494_0:000ae9|STRG.20768.4:2734-3081|+   -            116 12555at50557         -            439   3.2e-07   28.4   0.7   1   1   9.8e-09   4.5e-07   27.9   0.7   137   212    23   101     1   116 0.52 -
117213at50557_79782_0:002375|STRG.5979.1:298-738|+      -            147 12555at50557         -            439   1.1e-06   26.7   0.0   1   1   2.9e-08   1.3e-06   26.4   0.0    20   135    18   136     4   143 0.87 -
117213at50557_79782_0:002375|STRG.5979.2:473-913|+      -            147 12555at50557         -            439   1.1e-06   26.7   0.0   1   1   2.9e-08   1.3e-06   26.4   0.0    20   135    18   136     4   143 0.87 -
96662at50557_286306_0:0043a3|STRG.14947.2:250-1760|+    -            401 12555at50557         -            439     3e-06   25.2   0.0   1   1   1.5e-07   6.9e-06   24.0   0.0     3    85   351   400   326   401 0.56 -
2648at50557_38123_0:000f4e|STRG.20825.1:3743-4513|+     -            257 12555at50557         -            439   1.2e-05   23.3   5.7   1   3       6.2   2.8e+02   -1.1   0.0   261   288    42    69    33   108 0.63 -
2648at50557_38123_0:000f4e|STRG.20825.1:3743-4513|+     -            257 12555at50557         -            439   1.2e-05   23.3   5.7   2   3     0.087         4    5.0   0.0   234   281    90   145    79   151 0.66 -
2648at50557_38123_0:000f4e|STRG.20825.1:3743-4513|+     -            257 12555at50557         -            439   1.2e-05   23.3   5.7   3   3     3e-06   0.00014   19.8   0.3   227   304   166   254   157   257 0.72 -
2648at50557_38123_0:000f4e|STRG.20825.2:3664-4434|+     -            257 12555at50557         -            439   1.2e-05   23.3   5.7   1   3       6.2   2.8e+02   -1.1   0.0   261   288    42    69    33   108 0.63 -
2648at50557_38123_0:000f4e|STRG.20825.2:3664-4434|+     -            257 12555at50557         -            439   1.2e-05   23.3   5.7   2   3     0.087         4    5.0   0.0   234   281    90   145    79   151 0.66 -
2648at50557_38123_0:000f4e|STRG.20825.2:3664-4434|+     -            257 12555at50557         -            439   1.2e-05   23.3   5.7   3   3     3e-06   0.00014   19.8   0.3   227   304   166   254   157   257 0.72 -
19423at50557_144034_0:001c3e|STRG.2307.1:668-3679|+     -           1004 12555at50557         -            439     4e-05   21.5   1.9   1   2       2.8   1.3e+02    0.1   0.3   292   421   108   230    97   254 0.52 -
19423at50557_144034_0:001c3e|STRG.2307.1:668-3679|+     -           1004 12555at50557         -            439     4e-05   21.5   1.9   2   2   2.2e-06    0.0001   20.2   0.1    13   103   583   678   577   701 0.62 -
19423at50557_144034_0:001c3e|STRG.2307.2:668-3748|+     -           1027 12555at50557         -            439   4.3e-05   21.4   1.9   1   2       2.9   1.3e+02    0.0   0.3   292   421   108   230    98   254 0.51 -
19423at50557_144034_0:001c3e|STRG.2307.2:668-3748|+     -           1027 12555at50557         -            439   4.3e-05   21.4   1.9   2   2   2.3e-06   0.00011   20.1   0.1    13   103   583   678   577   701 0.62 -
33399at50557_34720_0:002432|STRG.12446.1:42-2093|+      -            684 12555at50557         -            439     7e-05   20.7   0.2   1   2   5.7e-06   0.00026   18.8   0.0    15    95   144   224   131   239 0.80 -
33399at50557_34720_0:002432|STRG.12446.1:42-2093|+      -            684 12555at50557         -            439     7e-05   20.7   0.2   2   2         7   3.2e+02   -1.2   0.0   265   329   422   486   382   499 0.53 -
33399at50557_34720_0:002432|STRG.12446.3:53-2107|+      -            685 12555at50557         -            439     7e-05   20.7   0.2   1   2   5.7e-06   0.00026   18.8   0.0    15    95   145   225   132   240 0.80 -
33399at50557_34720_0:002432|STRG.12446.3:53-2107|+      -            685 12555at50557         -            439     7e-05   20.7   0.2   2   2         7   3.2e+02   -1.2   0.0   265   329   423   487   383   500 0.53 -
33399at50557_34720_0:002432|STRG.12446.4:166-2220|+     -            685 12555at50557         -            439     7e-05   20.7   0.2   1   2   5.7e-06   0.00026   18.8   0.0    15    95   145   225   132   240 0.80 -
33399at50557_34720_0:002432|STRG.12446.4:166-2220|+     -            685 12555at50557         -            439     7e-05   20.7   0.2   2   2         7   3.2e+02   -1.2   0.0   265   329   423   487   383   500 0.53 -
33399at50557_34720_0:002432|STRG.12446.2:37-2097|+      -            687 12555at50557         -            439   7.1e-05   20.7   0.2   1   2   5.7e-06   0.00026   18.8   0.0    15    95   147   227   134   242 0.80 -
33399at50557_34720_0:002432|STRG.12446.2:37-2097|+      -            687 12555at50557         -            439   7.1e-05   20.7   0.2   2   2       7.1   3.2e+02   -1.2   0.0   265   329   425   489   385   502 0.53 -
33399at50557_6973_0:003af3|STRG.10524.1:1461-2042|+     -            194 12555at50557         -            439    0.0009   17.1   0.0   1   1     3e-05    0.0013   16.5   0.0     8    51   147   190   140   193 0.88 -
#
# Program:         hmmsearch
# Version:         3.4 (Aug 2023)
# Pipeline mode:   SEARCH
# Query file:      /home/justine/projet_tutore/busco_downloads/lineages/insecta_odb10/hmms/12555at50557.hmm
# Target file:     annotation_analysis/annotation_gcf/T_cornetzi/busco_output/run_insecta_odb10/metaeuk_output/initial_results/assembled_transcripts.fasta.modified.fas
# Option settings: hmmsearch --domtblout annotation_analysis/annotation_gcf/T_cornetzi/busco_output/run_insecta_odb10/hmmer_output/initial_run_results/12555at50557.out --cpu 1 /home/justine/projet_tutore/busco_downloads/lineages/insecta_odb10/hmms/12555at50557.hmm annotation_analysis/annotation_gcf/T_cornetzi/busco_output/run_insecta_odb10/metaeuk_output/initial_results/assembled_transcripts.fasta.modified.fas 
# Current dir:     /home/justine/projet_tutore
# Date:            Sun Dec  1 20:02:49 2024
# [ok]
