#                                                                                                             --- full sequence --- -------------- this domain -------------   hmm coord   ali coord   env coord
# target name                                         accession   tlen query name           accession   qlen   E-value  score  bias   #  of  c-Evalue  i-Evalue  score  bias  from    to  from    to  from    to  acc description of target
#                                 ------------------- ---------- ----- -------------------- ---------- ----- --------- ------ ----- --- --- --------- --------- ------ ----- ----- ----- ----- ----- ----- ----- ---- ---------------------
131386at50557_34720_0:001dd9|STRG.10267.1:2549-3835|+ -            429 131386at50557        -            125   3.8e-54  181.1  11.5   1   3   4.2e-26     3e-23   81.3   2.2     1    64     4    68     4    83 0.89 -
131386at50557_34720_0:001dd9|STRG.10267.1:2549-3835|+ -            429 131386at50557        -            125   3.8e-54  181.1  11.5   2   3   1.4e-08     1e-05   24.7   0.1    57    84   156   182   148   188 0.91 -
131386at50557_34720_0:001dd9|STRG.10267.1:2549-3835|+ -            429 131386at50557        -            125   3.8e-54  181.1  11.5   3   3   9.1e-26   6.4e-23   80.2   0.4    81   125   380   424   329   424 0.72 -
131386at50557_34720_0:001dd9|STRG.10267.2:1808-3094|+ -            429 131386at50557        -            125   3.8e-54  181.1  11.5   1   3   4.2e-26     3e-23   81.3   2.2     1    64     4    68     4    83 0.89 -
131386at50557_34720_0:001dd9|STRG.10267.2:1808-3094|+ -            429 131386at50557        -            125   3.8e-54  181.1  11.5   2   3   1.4e-08     1e-05   24.7   0.1    57    84   156   182   148   188 0.91 -
131386at50557_34720_0:001dd9|STRG.10267.2:1808-3094|+ -            429 131386at50557        -            125   3.8e-54  181.1  11.5   3   3   9.1e-26   6.4e-23   80.2   0.4    81   125   380   424   329   424 0.72 -
131386at50557_34720_0:001dd9|STRG.10267.3:301-1587|+  -            429 131386at50557        -            125   3.8e-54  181.1  11.5   1   3   4.2e-26     3e-23   81.3   2.2     1    64     4    68     4    83 0.89 -
131386at50557_34720_0:001dd9|STRG.10267.3:301-1587|+  -            429 131386at50557        -            125   3.8e-54  181.1  11.5   2   3   1.4e-08     1e-05   24.7   0.1    57    84   156   182   148   188 0.91 -
131386at50557_34720_0:001dd9|STRG.10267.3:301-1587|+  -            429 131386at50557        -            125   3.8e-54  181.1  11.5   3   3   9.1e-26   6.4e-23   80.2   0.4    81   125   380   424   329   424 0.72 -
131386at50557_319348_0:00152c|STRG.16375.2:155-616|+  -            154 131386at50557        -            125   7.1e-15   54.2   4.1   1   2     8e-17   5.7e-14   51.3   3.9     5    68     4    69     1    91 0.82 -
131386at50557_319348_0:00152c|STRG.16375.2:155-616|+  -            154 131386at50557        -            125   7.1e-15   54.2   4.1   2   2      0.46   3.2e+02    0.4   0.0     5    46   103   145    99   153 0.62 -
131386at50557_319348_0:00152c|STRG.16375.1:156-623|+  -            156 131386at50557        -            125   7.6e-15   54.1   4.2   1   2   9.4e-17   6.7e-14   51.1   4.1     5    68     4    69     1    94 0.82 -
131386at50557_319348_0:00152c|STRG.16375.1:156-623|+  -            156 131386at50557        -            125   7.6e-15   54.1   4.2   2   2      0.47   3.3e+02    0.4   0.0     6    46   106   147   101   155 0.62 -
131386at50557_319348_0:00152c|STRG.16375.3:339-806|+  -            156 131386at50557        -            125   7.6e-15   54.1   4.2   1   2   9.4e-17   6.7e-14   51.1   4.1     5    68     4    69     1    94 0.82 -
131386at50557_319348_0:00152c|STRG.16375.3:339-806|+  -            156 131386at50557        -            125   7.6e-15   54.1   4.2   2   2      0.47   3.3e+02    0.4   0.0     6    46   106   147   101   155 0.62 -
131386at50557_319348_0:00152c|STRG.16375.4:67-534|+   -            156 131386at50557        -            125   7.6e-15   54.1   4.2   1   2   9.4e-17   6.7e-14   51.1   4.1     5    68     4    69     1    94 0.82 -
131386at50557_319348_0:00152c|STRG.16375.4:67-534|+   -            156 131386at50557        -            125   7.6e-15   54.1   4.2   2   2      0.47   3.3e+02    0.4   0.0     6    46   106   147   101   155 0.62 -
131386at50557_38123_0:0034ff|STRG.3877.1:739-900|+    -             54 131386at50557        -            125   1.3e-11   43.7   1.6   1   1     2e-14   1.4e-11   43.6   1.6     5    55     2    53     1    54 0.94 -
4831at50557_34720_0:0004dd|STRG.8450.2:1158-6569|+    -           1804 131386at50557        -            125   0.00053   19.1   0.6   1   5       2.2   1.6e+03   -1.8   0.0    36    86   213   263   207   269 0.83 -
4831at50557_34720_0:0004dd|STRG.8450.2:1158-6569|+    -           1804 131386at50557        -            125   0.00053   19.1   0.6   2   5   7.4e-07   0.00053   19.1   0.6    20    46   283   310   277   333 0.79 -
4831at50557_34720_0:0004dd|STRG.8450.2:1158-6569|+    -           1804 131386at50557        -            125   0.00053   19.1   0.6   3   5      0.83   5.9e+02   -0.4   0.3     7    69   358   423   353   429 0.64 -
4831at50557_34720_0:0004dd|STRG.8450.2:1158-6569|+    -           1804 131386at50557        -            125   0.00053   19.1   0.6   4   5       8.9   6.3e+03   -3.8   3.8    30    68  1341  1378  1315  1406 0.64 -
4831at50557_34720_0:0004dd|STRG.8450.2:1158-6569|+    -           1804 131386at50557        -            125   0.00053   19.1   0.6   5   5       2.7   1.9e+03   -2.1   2.6    34   100  1528  1590  1520  1609 0.56 -
4831at50557_34720_0:0004dd|STRG.8450.1:1158-6575|+    -           1806 131386at50557        -            125   0.00053   19.1   0.6   1   5       2.2   1.6e+03   -1.8   0.0    36    86   213   263   207   269 0.83 -
4831at50557_34720_0:0004dd|STRG.8450.1:1158-6575|+    -           1806 131386at50557        -            125   0.00053   19.1   0.6   2   5   7.4e-07   0.00053   19.1   0.6    20    46   283   310   277   333 0.79 -
4831at50557_34720_0:0004dd|STRG.8450.1:1158-6575|+    -           1806 131386at50557        -            125   0.00053   19.1   0.6   3   5      0.83   5.9e+02   -0.4   0.3     7    69   358   423   353   429 0.64 -
4831at50557_34720_0:0004dd|STRG.8450.1:1158-6575|+    -           1806 131386at50557        -            125   0.00053   19.1   0.6   4   5       8.9   6.3e+03   -3.8   3.8    30    68  1341  1378  1315  1406 0.64 -
4831at50557_34720_0:0004dd|STRG.8450.1:1158-6575|+    -           1806 131386at50557        -            125   0.00053   19.1   0.6   5   5       2.7   1.9e+03   -2.1   2.6    34   100  1528  1590  1520  1609 0.56 -
4831at50557_34720_0:0004dd|STRG.8450.3:1158-6614|+    -           1819 131386at50557        -            125   0.00053   19.1   0.6   1   4       2.3   1.6e+03   -1.8   0.0    36    86   213   263   207   269 0.83 -
4831at50557_34720_0:0004dd|STRG.8450.3:1158-6614|+    -           1819 131386at50557        -            125   0.00053   19.1   0.6   2   4   7.5e-07   0.00053   19.1   0.6    20    46   283   310   277   333 0.79 -
4831at50557_34720_0:0004dd|STRG.8450.3:1158-6614|+    -           1819 131386at50557        -            125   0.00053   19.1   0.6   3   4      0.84     6e+02   -0.4   0.3     7    69   358   423   353   429 0.64 -
4831at50557_34720_0:0004dd|STRG.8450.3:1158-6614|+    -           1819 131386at50557        -            125   0.00053   19.1   0.6   4   4       2.7   1.9e+03   -2.1   2.6    34   100  1541  1603  1533  1622 0.56 -
4831at50557_7460_0:0006ff|STRG.13096.1:5085-7301|+    -            739 131386at50557        -            125       9.1    5.4  10.1   1   3      0.19   1.3e+02    1.7   0.3    22    59     3    42     1    47 0.76 -
4831at50557_7460_0:0006ff|STRG.13096.1:5085-7301|+    -            739 131386at50557        -            125       9.1    5.4  10.1   2   3    0.0012      0.83    8.8   0.7    22    66    84   127    72   136 0.82 -
4831at50557_7460_0:0006ff|STRG.13096.1:5085-7301|+    -            739 131386at50557        -            125       9.1    5.4  10.1   3   3       2.2   1.6e+03   -1.8   0.2     7    55   668   719   667   735 0.59 -
4831at50557_7460_0:0006ff|STRG.13096.2:5085-7301|+    -            739 131386at50557        -            125       9.1    5.4  10.1   1   3      0.19   1.3e+02    1.7   0.3    22    59     3    42     1    47 0.76 -
4831at50557_7460_0:0006ff|STRG.13096.2:5085-7301|+    -            739 131386at50557        -            125       9.1    5.4  10.1   2   3    0.0012      0.83    8.8   0.7    22    66    84   127    72   136 0.82 -
4831at50557_7460_0:0006ff|STRG.13096.2:5085-7301|+    -            739 131386at50557        -            125       9.1    5.4  10.1   3   3       2.2   1.6e+03   -1.8   0.2     7    55   668   719   667   735 0.59 -
#
# Program:         hmmsearch
# Version:         3.4 (Aug 2023)
# Pipeline mode:   SEARCH
# Query file:      /home/justine/projet_tutore/busco_downloads/lineages/insecta_odb10/hmms/131386at50557.hmm
# Target file:     annotation_analysis/annotation_gcf/T_cornetzi/busco_output/run_insecta_odb10/metaeuk_output/initial_results/assembled_transcripts.fasta.modified.fas
# Option settings: hmmsearch --domtblout annotation_analysis/annotation_gcf/T_cornetzi/busco_output/run_insecta_odb10/hmmer_output/initial_run_results/131386at50557.out --cpu 1 /home/justine/projet_tutore/busco_downloads/lineages/insecta_odb10/hmms/131386at50557.hmm annotation_analysis/annotation_gcf/T_cornetzi/busco_output/run_insecta_odb10/metaeuk_output/initial_results/assembled_transcripts.fasta.modified.fas 
# Current dir:     /home/justine/projet_tutore
# Date:            Sun Dec  1 20:02:57 2024
# [ok]
