#                                                                                                           --- full sequence --- -------------- this domain -------------   hmm coord   ali coord   env coord
# target name                                       accession   tlen query name           accession   qlen   E-value  score  bias   #  of  c-Evalue  i-Evalue  score  bias  from    to  from    to  from    to  acc description of target
#                               ------------------- ---------- ----- -------------------- ---------- ----- --------- ------ ----- --- --- --------- --------- ------ ----- ----- ----- ----- ----- ----- ----- ---- ---------------------
132099at50557_64793_0:001609|STRG.7516.1:238-657|+  -            140 132099at50557        -            116   2.3e-61  204.5   8.5   1   1   2.1e-64   3.3e-61  204.0   8.5     1   112     5   123     5   138 0.95 -
132099at50557_64793_0:001609|STRG.7516.2:115-534|+  -            140 132099at50557        -            116   2.3e-61  204.5   8.5   1   1   2.1e-64   3.3e-61  204.0   8.5     1   112     5   123     5   138 0.95 -
126448at50557_103372_0:002828|STRG.4477.1:121-555|+ -            145 132099at50557        -            116    0.0047   16.5   0.0   1   1   5.1e-06    0.0079   15.8   0.0    60   113    68   124    62   127 0.83 -
126448at50557_103372_0:002828|STRG.4477.2:108-620|+ -            145 132099at50557        -            116    0.0047   16.5   0.0   1   1   5.1e-06    0.0079   15.8   0.0    60   113    68   124    62   127 0.83 -
66571at50557_103372_0:001df6|STRG.5977.2:95-1345|+  -            417 132099at50557        -            116     0.021   14.4   0.2   1   2       2.3   3.5e+03   -2.4   0.0    31    48     6    23     4    30 0.87 -
66571at50557_103372_0:001df6|STRG.5977.2:95-1345|+  -            417 132099at50557        -            116     0.021   14.4   0.2   2   2   4.1e-05     0.063   12.9   0.1    47   104    51   108    46   117 0.92 -
66571at50557_103372_0:001df6|STRG.5977.1:112-1407|+ -            405 132099at50557        -            116     0.032   13.8   0.1   1   1   3.9e-05      0.06   12.9   0.1    47   104    39    96    34   105 0.92 -
#
# Program:         hmmsearch
# Version:         3.4 (Aug 2023)
# Pipeline mode:   SEARCH
# Query file:      /home/justine/projet_tutore/busco_downloads/lineages/insecta_odb10/hmms/132099at50557.hmm
# Target file:     annotation_analysis/annotation_gcf/T_cornetzi/busco_output/run_insecta_odb10/metaeuk_output/initial_results/assembled_transcripts.fasta.modified.fas
# Option settings: hmmsearch --domtblout annotation_analysis/annotation_gcf/T_cornetzi/busco_output/run_insecta_odb10/hmmer_output/initial_run_results/132099at50557.out --cpu 1 /home/justine/projet_tutore/busco_downloads/lineages/insecta_odb10/hmms/132099at50557.hmm annotation_analysis/annotation_gcf/T_cornetzi/busco_output/run_insecta_odb10/metaeuk_output/initial_results/assembled_transcripts.fasta.modified.fas 
# Current dir:     /home/justine/projet_tutore
# Date:            Sun Dec  1 20:02:59 2024
# [ok]
