#                                                                                                          --- full sequence --- -------------- this domain -------------   hmm coord   ali coord   env coord
# target name                                      accession   tlen query name           accession   qlen   E-value  score  bias   #  of  c-Evalue  i-Evalue  score  bias  from    to  from    to  from    to  acc description of target
#                              ------------------- ---------- ----- -------------------- ---------- ----- --------- ------ ----- --- --- --------- --------- ------ ----- ----- ----- ----- ----- ----- ----- ---- ---------------------
13892at50557_34720_0:002236|STRG.2495.4:402-3182|+ -            927 13892at50557         -            670         0 1124.8   0.1   1   3  4.8e-239  5.5e-236  784.1   0.0     1   389    13   444    13   462 0.91 -
13892at50557_34720_0:002236|STRG.2495.4:402-3182|+ -            927 13892at50557         -            670         0 1124.8   0.1   2   3   5.6e-94   6.4e-91  304.8   0.3   332   626   477   821   464   836 0.75 -
13892at50557_34720_0:002236|STRG.2495.4:402-3182|+ -            927 13892at50557         -            670         0 1124.8   0.1   3   3   2.5e-11   2.9e-08   31.6   0.0   623   669   855   909   823   910 0.78 -
13892at50557_34720_0:002236|STRG.2495.5:402-3167|+ -            922 13892at50557         -            670         0 1122.6   0.5   1   3  5.1e-239  5.9e-236  784.0   0.0     1   389    13   444    13   456 0.91 -
13892at50557_34720_0:002236|STRG.2495.5:402-3167|+ -            922 13892at50557         -            670         0 1122.6   0.5   2   3   3.7e-93   4.2e-90  302.1   0.6   387   626   529   816   486   832 0.78 -
13892at50557_34720_0:002236|STRG.2495.5:402-3167|+ -            922 13892at50557         -            670         0 1122.6   0.5   3   3   2.2e-11   2.5e-08   31.8   0.0   622   669   849   904   813   905 0.77 -
13892at50557_34720_0:002236|STRG.2495.3:402-3128|+ -            909 13892at50557         -            670         0 1090.4   0.1   1   3  4.7e-239  5.5e-236  784.1   0.0     1   389    13   444    13   459 0.91 -
13892at50557_34720_0:002236|STRG.2495.3:402-3128|+ -            909 13892at50557         -            670         0 1090.4   0.1   2   3   1.7e-83   1.9e-80  270.1   0.2   332   626   477   803   462   817 0.75 -
13892at50557_34720_0:002236|STRG.2495.3:402-3128|+ -            909 13892at50557         -            670         0 1090.4   0.1   3   3   2.7e-11   3.1e-08   31.6   0.0   623   669   837   891   809   892 0.79 -
13892at50557_34720_0:002236|STRG.2495.2:514-3225|+ -            904 13892at50557         -            670         0 1088.1   0.5   1   3  4.5e-239  5.2e-236  784.2   0.0     1   389    13   444    13   462 0.91 -
13892at50557_34720_0:002236|STRG.2495.2:514-3225|+ -            904 13892at50557         -            670         0 1088.1   0.5   2   3   1.4e-82   1.6e-79  267.1   0.7   388   626   530   798   488   814 0.79 -
13892at50557_34720_0:002236|STRG.2495.2:514-3225|+ -            904 13892at50557         -            670         0 1088.1   0.5   3   3   2.6e-11     3e-08   31.6   0.0   623   669   832   886   804   887 0.79 -
13892at50557_34720_0:002236|STRG.2495.1:514-3291|+ -            926 13892at50557         -            670         0 1067.3   2.3   1   4      0.14   1.7e+02   -0.6   0.0     1    14    13    26    13    30 0.87 -
13892at50557_34720_0:002236|STRG.2495.1:514-3291|+ -            926 13892at50557         -            670         0 1067.3   2.3   2   4  8.4e-233  9.6e-230  763.5   0.0    11   389    45   466    37   478 0.91 -
13892at50557_34720_0:002236|STRG.2495.1:514-3291|+ -            926 13892at50557         -            670         0 1067.3   2.3   3   4   1.1e-82   1.3e-79  267.4   0.5   387   626   551   820   499   836 0.78 -
13892at50557_34720_0:002236|STRG.2495.1:514-3291|+ -            926 13892at50557         -            670         0 1067.3   2.3   4   4   2.3e-11   2.6e-08   31.8   0.0   622   669   853   908   818   909 0.77 -
13892at50557_34720_0:002236|STRG.2495.6:47-1892|+  -            607 13892at50557         -            670  1.6e-119  399.3   5.9   1   3   2.2e-31   2.6e-28   97.9   0.3   284   389     1   143     1   161 0.78 -
13892at50557_34720_0:002236|STRG.2495.6:47-1892|+  -            607 13892at50557         -            670  1.6e-119  399.3   5.9   2   3   3.6e-83   4.1e-80  269.1   0.7   332   626   176   501   161   517 0.75 -
13892at50557_34720_0:002236|STRG.2495.6:47-1892|+  -            607 13892at50557         -            670  1.6e-119  399.3   5.9   3   3   1.5e-11   1.7e-08   32.4   0.0   623   669   535   589   505   590 0.79 -
13892at50557_38123_0:00321f|STRG.2495.7:273-662|+  -            130 13892at50557         -            670   2.9e-15   54.8   0.0   1   1   9.6e-18   1.1e-14   52.8   0.0   542   626     1   113     1   126 0.71 -
13892at50557_38123_0:00321f|STRG.2495.8:881-1270|+ -            130 13892at50557         -            670   2.9e-15   54.8   0.0   1   1   9.6e-18   1.1e-14   52.8   0.0   542   626     1   113     1   126 0.71 -
#
# Program:         hmmsearch
# Version:         3.4 (Aug 2023)
# Pipeline mode:   SEARCH
# Query file:      /home/justine/projet_tutore/busco_downloads/lineages/insecta_odb10/hmms/13892at50557.hmm
# Target file:     annotation_analysis/annotation_gcf/T_cornetzi/busco_output/run_insecta_odb10/metaeuk_output/initial_results/assembled_transcripts.fasta.modified.fas
# Option settings: hmmsearch --domtblout annotation_analysis/annotation_gcf/T_cornetzi/busco_output/run_insecta_odb10/hmmer_output/initial_run_results/13892at50557.out --cpu 1 /home/justine/projet_tutore/busco_downloads/lineages/insecta_odb10/hmms/13892at50557.hmm annotation_analysis/annotation_gcf/T_cornetzi/busco_output/run_insecta_odb10/metaeuk_output/initial_results/assembled_transcripts.fasta.modified.fas 
# Current dir:     /home/justine/projet_tutore
# Date:            Sun Dec  1 20:03:14 2024
# [ok]
