#                                                                                                           --- full sequence --- -------------- this domain -------------   hmm coord   ali coord   env coord
# target name                                       accession   tlen query name           accession   qlen   E-value  score  bias   #  of  c-Evalue  i-Evalue  score  bias  from    to  from    to  from    to  acc description of target
#                               ------------------- ---------- ----- -------------------- ---------- ----- --------- ------ ----- --- --- --------- --------- ------ ----- ----- ----- ----- ----- ----- ----- ---- ---------------------
1451at50557_103372_0:001c7d|STRG.16745.1:115-8394|+ -           2760 1451at50557          -           2019         0 2315.9 140.4   1   7  4.3e-113  7.9e-110  367.0  12.0     1   289     4   301     4   316 0.88 -
1451at50557_103372_0:001c7d|STRG.16745.1:115-8394|+ -           2760 1451at50557          -           2019         0 2315.9 140.4   2   7   7.8e-15   1.4e-11   41.1  12.7   217   382   276   472   272   513 0.71 -
1451at50557_103372_0:001c7d|STRG.16745.1:115-8394|+ -           2760 1451at50557          -           2019         0 2315.9 140.4   3   7   4.2e-13   7.7e-10   35.4   0.1   436   493   669   746   656   766 0.82 -
1451at50557_103372_0:001c7d|STRG.16745.1:115-8394|+ -           2760 1451at50557          -           2019         0 2315.9 140.4   4   7   5.4e-12     1e-08   31.7   0.1   495   540   781   831   772   835 0.91 -
1451at50557_103372_0:001c7d|STRG.16745.1:115-8394|+ -           2760 1451at50557          -           2019         0 2315.9 140.4   5   7  1.4e-115  2.6e-112  375.2  14.0   521   858   859  1248   849  1261 0.85 -
1451at50557_103372_0:001c7d|STRG.16745.1:115-8394|+ -           2760 1451at50557          -           2019         0 2315.9 140.4   6   7  1.9e-146  3.6e-143  477.5   8.0   835  1218  1255  1686  1251  1722 0.85 -
1451at50557_103372_0:001c7d|STRG.16745.1:115-8394|+ -           2760 1451at50557          -           2019         0 2315.9 140.4   7   7  3.4e-304  6.4e-301 1000.7  58.2  1206  2018  1753  2749  1748  2750 0.87 -
1451at50557_103372_0:001c7d|STRG.16745.2:0-6536|+   -           2179 1451at50557          -           2019         0 1921.7 104.6   1   5   3.2e-13   5.9e-10   35.8   0.1   436   493    88   165    75   185 0.82 -
1451at50557_103372_0:001c7d|STRG.16745.2:0-6536|+   -           2179 1451at50557          -           2019         0 1921.7 104.6   2   5   4.2e-12   7.7e-09   32.1   0.1   495   540   200   250   191   254 0.91 -
1451at50557_103372_0:001c7d|STRG.16745.2:0-6536|+   -           2179 1451at50557          -           2019         0 1921.7 104.6   3   5  9.7e-116  1.8e-112  375.7  13.9   521   858   278   667   268   680 0.85 -
1451at50557_103372_0:001c7d|STRG.16745.2:0-6536|+   -           2179 1451at50557          -           2019         0 1921.7 104.6   4   5  1.4e-146  2.6e-143  478.0   8.1   835  1218   674  1105   669  1141 0.85 -
1451at50557_103372_0:001c7d|STRG.16745.2:0-6536|+   -           2179 1451at50557          -           2019         0 1921.7 104.6   5   5  3.2e-304  5.9e-301 1000.8  58.9  1206  2018  1172  2168  1167  2169 0.87 -
1451at50557_6973_0:001344|STRG.16745.3:281-1171|+   -            297 1451at50557          -           2019  4.8e-112  374.3   9.3   1   1    3e-115  5.6e-112  374.1   9.3     1   249     4   270     4   296 0.91 -
5495at50557_520822_0:00270a|STRG.4723.1:0-3908|+    -           1303 1451at50557          -           2019      0.06    9.2   0.7   1   3    0.0042       7.7    2.2   0.2  1715  1801   856   953   812   973 0.76 -
5495at50557_520822_0:00270a|STRG.4723.1:0-3908|+    -           1303 1451at50557          -           2019      0.06    9.2   0.7   2   3     0.072   1.3e+02   -1.9   0.0  1047  1079  1015  1047   995  1055 0.80 -
5495at50557_520822_0:00270a|STRG.4723.1:0-3908|+    -           1303 1451at50557          -           2019      0.06    9.2   0.7   3   3     0.001       1.9    4.2   0.0  1277  1321  1056  1101  1049  1105 0.89 -
10664at50557_103372_0:000ca5|STRG.12983.1:3-3323|+  -           1107 1451at50557          -           2019       0.6    5.9   8.5   1   4     0.007        13    1.5   0.3   745   866   196   322   142   328 0.55 -
10664at50557_103372_0:000ca5|STRG.12983.1:3-3323|+  -           1107 1451at50557          -           2019       0.6    5.9   8.5   2   4    0.0055        10    1.8   0.1    53   124   476   548   462   596 0.78 -
10664at50557_103372_0:000ca5|STRG.12983.1:3-3323|+  -           1107 1451at50557          -           2019       0.6    5.9   8.5   3   4     0.028        52   -0.5   0.0    99   135   691   727   684   744 0.83 -
10664at50557_103372_0:000ca5|STRG.12983.1:3-3323|+  -           1107 1451at50557          -           2019       0.6    5.9   8.5   4   4     0.001       1.9    4.3   0.1    77   129   830   882   802   895 0.84 -
#
# Program:         hmmsearch
# Version:         3.4 (Aug 2023)
# Pipeline mode:   SEARCH
# Query file:      /home/justine/projet_tutore/busco_downloads/lineages/insecta_odb10/hmms/1451at50557.hmm
# Target file:     annotation_analysis/annotation_gcf/T_cornetzi/busco_output/run_insecta_odb10/metaeuk_output/initial_results/assembled_transcripts.fasta.modified.fas
# Option settings: hmmsearch --domtblout annotation_analysis/annotation_gcf/T_cornetzi/busco_output/run_insecta_odb10/hmmer_output/initial_run_results/1451at50557.out --cpu 1 /home/justine/projet_tutore/busco_downloads/lineages/insecta_odb10/hmms/1451at50557.hmm annotation_analysis/annotation_gcf/T_cornetzi/busco_output/run_insecta_odb10/metaeuk_output/initial_results/assembled_transcripts.fasta.modified.fas 
# Current dir:     /home/justine/projet_tutore
# Date:            Sun Dec  1 20:03:23 2024
# [ok]
