#                                                                                                             --- full sequence --- -------------- this domain -------------   hmm coord   ali coord   env coord
# target name                                         accession   tlen query name           accession   qlen   E-value  score  bias   #  of  c-Evalue  i-Evalue  score  bias  from    to  from    to  from    to  acc description of target
#                                 ------------------- ---------- ----- -------------------- ---------- ----- --------- ------ ----- --- --- --------- --------- ------ ----- ----- ----- ----- ----- ----- ----- ---- ---------------------
15341at50557_520822_0:000d43|STRG.7069.4:289-3531|+   -           1081 15341at50557         -            234  2.2e-147  487.8   1.6   1   1  6.8e-150  3.9e-147  487.0   1.6     1   230    58   291    58   295 0.98 -
15341at50557_520822_0:000d43|STRG.7069.2:428-4075|+   -           1216 15341at50557         -            234  2.7e-147  487.5   1.6   1   1  8.3e-150  4.8e-147  486.7   1.6     1   230   193   426   193   430 0.98 -
15341at50557_520822_0:000d43|STRG.7069.3:140-3787|+   -           1216 15341at50557         -            234  2.7e-147  487.5   1.6   1   1  8.3e-150  4.8e-147  486.7   1.6     1   230   193   426   193   430 0.98 -
15341at50557_520822_0:000d43|STRG.7069.1:247-4128|+   -           1294 15341at50557         -            234  3.1e-147  487.3   1.6   1   1  9.2e-150  5.3e-147  486.5   1.6     1   230   271   504   271   508 0.98 -
15341at50557_113334_0:000c2f|STRG.1021.1:384-977|+    -            198 15341at50557         -            234   7.9e-26   90.0   0.0   1   1   1.6e-28   9.3e-26   89.7   0.0    73   221    34   193    23   198 0.84 -
126015at50557_66420_0:002d42|STRG.11524.5:1471-1821|+ -            117 15341at50557         -            234   0.00012   20.6   0.0   1   1   2.1e-07   0.00012   20.6   0.0   142   190    52   100     6   111 0.87 -
150518at50557_7004_0:003f1b|STRG.11524.1:851-1486|+   -            212 15341at50557         -            234   0.00027   19.5   0.0   1   1   5.4e-07   0.00031   19.3   0.0   142   190   117   165    72   195 0.85 -
150518at50557_7004_0:003f1b|STRG.11524.2:851-1486|+   -            212 15341at50557         -            234   0.00027   19.5   0.0   1   1   5.4e-07   0.00031   19.3   0.0   142   190   117   165    72   195 0.85 -
150518at50557_7004_0:003f1b|STRG.11524.3:851-1486|+   -            212 15341at50557         -            234   0.00027   19.5   0.0   1   1   5.4e-07   0.00031   19.3   0.0   142   190   117   165    72   195 0.85 -
150518at50557_7004_0:003f1b|STRG.11524.4:851-1486|+   -            212 15341at50557         -            234   0.00027   19.5   0.0   1   1   5.4e-07   0.00031   19.3   0.0   142   190   117   165    72   195 0.85 -
21787at50557_52612_0:002557|STRG.2382.1:2928-3668|+   -            247 15341at50557         -            234     0.037   12.5   0.0   1   2       1.2   6.9e+02   -1.5   0.0   118   133     7    22     5    24 0.89 -
21787at50557_52612_0:002557|STRG.2382.1:2928-3668|+   -            247 15341at50557         -            234     0.037   12.5   0.0   2   2   0.00024      0.14   10.6   0.0   149   211   179   243   167   246 0.75 -
21787at50557_52612_0:002557|STRG.2382.3:2972-3712|+   -            247 15341at50557         -            234     0.037   12.5   0.0   1   2       1.2   6.9e+02   -1.5   0.0   118   133     7    22     5    24 0.89 -
21787at50557_52612_0:002557|STRG.2382.3:2972-3712|+   -            247 15341at50557         -            234     0.037   12.5   0.0   2   2   0.00024      0.14   10.6   0.0   149   211   179   243   167   246 0.75 -
21787at50557_52612_0:002557|STRG.2382.5:1747-2487|+   -            247 15341at50557         -            234     0.037   12.5   0.0   1   2       1.2   6.9e+02   -1.5   0.0   118   133     7    22     5    24 0.89 -
21787at50557_52612_0:002557|STRG.2382.5:1747-2487|+   -            247 15341at50557         -            234     0.037   12.5   0.0   2   2   0.00024      0.14   10.6   0.0   149   211   179   243   167   246 0.75 -
21787at50557_52612_0:002557|STRG.2382.2:2928-3665|+   -            246 15341at50557         -            234      0.04   12.4   0.0   1   2       1.2   6.9e+02   -1.5   0.0   118   133     7    22     5    24 0.89 -
21787at50557_52612_0:002557|STRG.2382.2:2928-3665|+   -            246 15341at50557         -            234      0.04   12.4   0.0   2   2   0.00024      0.14   10.6   0.0   149   211   178   242   166   245 0.75 -
21787at50557_52612_0:002557|STRG.2382.4:2006-2743|+   -            246 15341at50557         -            234      0.04   12.4   0.0   1   2       1.2   6.9e+02   -1.5   0.0   118   133     7    22     5    24 0.89 -
21787at50557_52612_0:002557|STRG.2382.4:2006-2743|+   -            246 15341at50557         -            234      0.04   12.4   0.0   2   2   0.00024      0.14   10.6   0.0   149   211   178   242   166   245 0.75 -
21787at50557_52612_0:002557|STRG.2382.6:551-1288|+    -            246 15341at50557         -            234      0.04   12.4   0.0   1   2       1.2   6.9e+02   -1.5   0.0   118   133     7    22     5    24 0.89 -
21787at50557_52612_0:002557|STRG.2382.6:551-1288|+    -            246 15341at50557         -            234      0.04   12.4   0.0   2   2   0.00024      0.14   10.6   0.0   149   211   178   242   166   245 0.75 -
#
# Program:         hmmsearch
# Version:         3.4 (Aug 2023)
# Pipeline mode:   SEARCH
# Query file:      /home/justine/projet_tutore/busco_downloads/lineages/insecta_odb10/hmms/15341at50557.hmm
# Target file:     annotation_analysis/annotation_gcf/T_cornetzi/busco_output/run_insecta_odb10/metaeuk_output/initial_results/assembled_transcripts.fasta.modified.fas
# Option settings: hmmsearch --domtblout annotation_analysis/annotation_gcf/T_cornetzi/busco_output/run_insecta_odb10/hmmer_output/initial_run_results/15341at50557.out --cpu 1 /home/justine/projet_tutore/busco_downloads/lineages/insecta_odb10/hmms/15341at50557.hmm annotation_analysis/annotation_gcf/T_cornetzi/busco_output/run_insecta_odb10/metaeuk_output/initial_results/assembled_transcripts.fasta.modified.fas 
# Current dir:     /home/justine/projet_tutore
# Date:            Sun Dec  1 20:03:27 2024
# [ok]
