#                                                                                                           --- full sequence --- -------------- this domain -------------   hmm coord   ali coord   env coord
# target name                                       accession   tlen query name           accession   qlen   E-value  score  bias   #  of  c-Evalue  i-Evalue  score  bias  from    to  from    to  from    to  acc description of target
#                               ------------------- ---------- ----- -------------------- ---------- ----- --------- ------ ----- --- --- --------- --------- ------ ----- ----- ----- ----- ----- ----- ----- ---- ---------------------
15852at50557_103372_0:0023aa|STRG.2902.1:22-2829|+  -            936 15852at50557         -            780         0 1546.3  26.1   1   3         0         0 1385.8  10.3     1   654    16   716    16   722 0.96 -
15852at50557_103372_0:0023aa|STRG.2902.1:22-2829|+  -            936 15852at50557         -            780         0 1546.3  26.1   2   3   2.4e-08   5.5e-05   20.7   0.2   379   683   728   781   719   785 0.55 -
15852at50557_103372_0:0023aa|STRG.2902.1:22-2829|+  -            936 15852at50557         -            780         0 1546.3  26.1   3   3   1.5e-50   3.6e-47  160.3   6.7   660   780   754   917   750   917 0.86 -
30983at50557_103372_0:001d08|STRG.1369.1:131-2146|+ -            672 15852at50557         -            780   7.2e-14   50.1  12.0   1   3   1.1e-11   2.5e-08   31.8   3.7   490   630    83   222    68   240 0.93 -
30983at50557_103372_0:001d08|STRG.1369.1:131-2146|+ -            672 15852at50557         -            780   7.2e-14   50.1  12.0   2   3   7.1e-08   0.00016   19.2   0.3   388   628   210   484   209   487 0.72 -
30983at50557_103372_0:001d08|STRG.1369.1:131-2146|+ -            672 15852at50557         -            780   7.2e-14   50.1  12.0   3   3   0.00041      0.95    6.7   0.2   326   400   473   555   468   591 0.73 -
30983at50557_7394_0:001634|STRG.2069.2:3938-4765|+  -            276 15852at50557         -            780   2.5e-06   25.2   2.4   1   3   0.00051       1.2    6.4   0.2   496   547    44   100    34   113 0.72 -
30983at50557_7394_0:001634|STRG.2069.2:3938-4765|+  -            276 15852at50557         -            780   2.5e-06   25.2   2.4   2   3   3.8e-07   0.00087   16.8   0.1   506   621   126   243   108   265 0.69 -
30983at50557_7394_0:001634|STRG.2069.2:3938-4765|+  -            276 15852at50557         -            780   2.5e-06   25.2   2.4   3   3    0.0099        23    2.2   0.0   503   545   227   272   224   276 0.69 -
30983at50557_7394_0:001634|STRG.2069.1:3789-4586|+  -            266 15852at50557         -            780   2.7e-06   25.1   1.6   1   2   0.00043      0.99    6.7   0.2   496   547    44   100    29   115 0.72 -
30983at50557_7394_0:001634|STRG.2069.1:3789-4586|+  -            266 15852at50557         -            780   2.7e-06   25.1   1.6   2   2   3.6e-07   0.00083   16.9   0.1   506   621   126   243   108   260 0.69 -
#
# Program:         hmmsearch
# Version:         3.4 (Aug 2023)
# Pipeline mode:   SEARCH
# Query file:      /home/justine/projet_tutore/busco_downloads/lineages/insecta_odb10/hmms/15852at50557.hmm
# Target file:     annotation_analysis/annotation_gcf/T_cornetzi/busco_output/run_insecta_odb10/metaeuk_output/initial_results/assembled_transcripts.fasta.modified.fas
# Option settings: hmmsearch --domtblout annotation_analysis/annotation_gcf/T_cornetzi/busco_output/run_insecta_odb10/hmmer_output/initial_run_results/15852at50557.out --cpu 1 /home/justine/projet_tutore/busco_downloads/lineages/insecta_odb10/hmms/15852at50557.hmm annotation_analysis/annotation_gcf/T_cornetzi/busco_output/run_insecta_odb10/metaeuk_output/initial_results/assembled_transcripts.fasta.modified.fas 
# Current dir:     /home/justine/projet_tutore
# Date:            Sun Dec  1 20:03:30 2024
# [ok]
