#                                                                                                             --- full sequence --- -------------- this domain -------------   hmm coord   ali coord   env coord
# target name                                         accession   tlen query name           accession   qlen   E-value  score  bias   #  of  c-Evalue  i-Evalue  score  bias  from    to  from    to  from    to  acc description of target
#                                 ------------------- ---------- ----- -------------------- ---------- ----- --------- ------ ----- --- --- --------- --------- ------ ----- ----- ----- ----- ----- ----- ----- ---- ---------------------
1621at50557_103372_0:00046a|STRG.13238.1:1-8817|+     -           2939 1621at50557          -           2245         0 3279.0 101.5   1   5         0         0 1993.9  28.5   132  1232     2  1189     1  1196 0.95 -
1621at50557_103372_0:00046a|STRG.13238.1:1-8817|+     -           2939 1621at50557          -           2245         0 3279.0 101.5   2   5  2.4e-112  2.8e-110  368.5  16.8  1205  1558  1202  1691  1191  1707 0.80 -
1621at50557_103372_0:00046a|STRG.13238.1:1-8817|+     -           2939 1621at50557          -           2245         0 3279.0 101.5   3   5  9.2e-282    1e-279  930.5  26.9  1524  2225  1677  2561  1673  2574 0.86 -
1621at50557_103372_0:00046a|STRG.13238.1:1-8817|+     -           2939 1621at50557          -           2245         0 3279.0 101.5   4   5      0.29        33    0.1   5.9  2186  2241  2571  2630  2560  2634 0.73 -
1621at50557_103372_0:00046a|STRG.13238.1:1-8817|+     -           2939 1621at50557          -           2245         0 3279.0 101.5   5   5     0.089        10    1.8   1.1  2229  2245  2660  2676  2638  2676 0.83 -
1593at50557_28612_0:003870|STRG.9590.1:369-6836|+     -           2156 1621at50557          -           2245         0 1116.3  76.4   1   6   2.4e-08   2.7e-06   23.7   0.0   555   635     1    78     1    79 0.94 -
1593at50557_28612_0:003870|STRG.9590.1:369-6836|+     -           2156 1621at50557          -           2245         0 1116.3  76.4   2   6   4.6e-79   5.2e-77  258.2  12.0   315   760    61   527    60   532 0.90 -
1593at50557_28612_0:003870|STRG.9590.1:369-6836|+     -           2156 1621at50557          -           2245         0 1116.3  76.4   3   6   1.5e-36   1.7e-34  117.1   4.2   367   675   541   846   522   854 0.88 -
1593at50557_28612_0:003870|STRG.9590.1:369-6836|+     -           2156 1621at50557          -           2245         0 1116.3  76.4   4   6   2.3e-79   2.6e-77  259.2   8.5   238   734   706  1222   703  1224 0.91 -
1593at50557_28612_0:003870|STRG.9590.1:369-6836|+     -           2156 1621at50557          -           2245         0 1116.3  76.4   5   6  1.1e-111  1.2e-109  366.4  11.2   241   877  1223  1901  1222  1902 0.90 -
1593at50557_28612_0:003870|STRG.9590.1:369-6836|+     -           2156 1621at50557          -           2245         0 1116.3  76.4   6   6   1.3e-51   1.5e-49  167.1   6.1   365   633  1882  2154  1879  2156 0.92 -
1593at50557_28612_0:003870|STRG.13634.1:19-5517|+     -           1833 1621at50557          -           2245  1.4e-241  804.1  52.3   1   7   1.2e-19   1.4e-17   61.1   0.0   501   597     4   104     1   106 0.90 -
1593at50557_28612_0:003870|STRG.13634.1:19-5517|+     -           1833 1621at50557          -           2245  1.4e-241  804.1  52.3   2   7   4.2e-75   4.8e-73  245.0   5.3   197   759   209   795   209   799 0.87 -
1593at50557_28612_0:003870|STRG.13634.1:19-5517|+     -           1833 1621at50557          -           2245  1.4e-241  804.1  52.3   3   7   6.6e-51   7.5e-49  164.8   2.0   230   574   558   935   552   936 0.84 -
1593at50557_28612_0:003870|STRG.13634.1:19-5517|+     -           1833 1621at50557          -           2245  1.4e-241  804.1  52.3   4   7   1.6e-40   1.8e-38  130.3   4.6   353   617   813  1084   805  1103 0.86 -
1593at50557_28612_0:003870|STRG.13634.1:19-5517|+     -           1833 1621at50557          -           2245  1.4e-241  804.1  52.3   5   7   5.7e-13   6.5e-11   39.0   0.1   515   605  1126  1216  1120  1220 0.89 -
1593at50557_28612_0:003870|STRG.13634.1:19-5517|+     -           1833 1621at50557          -           2245  1.4e-241  804.1  52.3   6   7     8e-53   9.1e-51  171.1   7.1   209   637  1219  1654  1213  1656 0.83 -
1593at50557_28612_0:003870|STRG.13634.1:19-5517|+     -           1833 1621at50557          -           2245  1.4e-241  804.1  52.3   7   7   2.4e-23   2.7e-21   73.4   0.2   522   699  1643  1830  1634  1832 0.87 -
1621at50557_7536_0:0001dc|STRG.13536.1:310-4824|+     -           1505 1621at50557          -           2245  2.4e-159  531.3  54.5   1   5   1.3e-52   1.5e-50  170.4   5.8   265   733    18   556     3   557 0.79 -
1621at50557_7536_0:0001dc|STRG.13536.1:310-4824|+     -           1505 1621at50557          -           2245  2.4e-159  531.3  54.5   2   5   8.4e-27   9.6e-25   84.8   1.8   498   698   419   619   409   621 0.91 -
1621at50557_7536_0:0001dc|STRG.13536.1:310-4824|+     -           1505 1621at50557          -           2245  2.4e-159  531.3  54.5   3   5     2e-43   2.3e-41  140.0  12.7   299   689   521   966   518   971 0.80 -
1621at50557_7536_0:0001dc|STRG.13536.1:310-4824|+     -           1505 1621at50557          -           2245  2.4e-159  531.3  54.5   4   5   2.9e-31   3.4e-29   99.6   5.8   399   587   985  1193   968  1201 0.84 -
1621at50557_7536_0:0001dc|STRG.13536.1:310-4824|+     -           1505 1621at50557          -           2245  2.4e-159  531.3  54.5   5   5   5.5e-30   6.2e-28   95.4   0.2   383   634  1195  1469  1192  1487 0.85 -
1621at50557_7224_0:00030d|STRG.20860.1:35-2941|+      -            969 1621at50557          -           2245  5.1e-148  493.7  30.7   1   3   2.2e-51   2.5e-49  166.4   2.5   255   584     2   355     1   356 0.88 -
1621at50557_7224_0:00030d|STRG.20860.1:35-2941|+      -            969 1621at50557          -           2245  5.1e-148  493.7  30.7   2   3   7.6e-75   8.7e-73  244.2  12.7   366   755   343   748   339   749 0.92 -
1621at50557_7224_0:00030d|STRG.20860.1:35-2941|+      -            969 1621at50557          -           2245  5.1e-148  493.7  30.7   3   3   5.9e-35   6.7e-33  111.9   0.9   786  1064   688   969   685   969 0.89 -
1593at50557_103372_0:00293a|STRG.7579.5:581-5992|+    -           1804 1621at50557          -           2245  6.7e-144  480.0  32.4   1   6   2.3e-20   2.6e-18   63.5   0.2   336   469   130   274   119   282 0.85 -
1593at50557_103372_0:00293a|STRG.7579.5:581-5992|+    -           1804 1621at50557          -           2245  6.7e-144  480.0  32.4   2   6   7.4e-53   8.5e-51  171.2   0.9   371   754   289   703   276   705 0.85 -
1593at50557_103372_0:00293a|STRG.7579.5:581-5992|+    -           1804 1621at50557          -           2245  6.7e-144  480.0  32.4   3   6   4.1e-23   4.7e-21   72.6   1.3   300   556   650   919   645   925 0.84 -
1593at50557_103372_0:00293a|STRG.7579.5:581-5992|+    -           1804 1621at50557          -           2245  6.7e-144  480.0  32.4   4   6   2.9e-05    0.0033   13.4   0.1   832   886   946  1002   933  1019 0.77 -
1593at50557_103372_0:00293a|STRG.7579.5:581-5992|+    -           1804 1621at50557          -           2245  6.7e-144  480.0  32.4   5   6   1.7e-27     2e-25   87.1   1.2   613   756  1029  1185  1016  1192 0.89 -
1593at50557_103372_0:00293a|STRG.7579.5:581-5992|+    -           1804 1621at50557          -           2245  6.7e-144  480.0  32.4   6   6   2.6e-32   2.9e-30  103.1   3.2   257   548  1194  1539  1187  1547 0.74 -
1593at50557_103372_0:00293a|STRG.7579.1:582-6353|+    -           1924 1621at50557          -           2245    1e-143  479.4  32.3   1   6   2.4e-20   2.7e-18   63.4   0.2   336   469   130   274   119   284 0.85 -
1593at50557_103372_0:00293a|STRG.7579.1:582-6353|+    -           1924 1621at50557          -           2245    1e-143  479.4  32.3   2   6     9e-53     1e-50  171.0   0.9   371   754   289   703   275   704 0.85 -
1593at50557_103372_0:00293a|STRG.7579.1:582-6353|+    -           1924 1621at50557          -           2245    1e-143  479.4  32.3   3   6   3.7e-23   4.2e-21   72.8   1.1   300   556   650   919   640   924 0.84 -
1593at50557_103372_0:00293a|STRG.7579.1:582-6353|+    -           1924 1621at50557          -           2245    1e-143  479.4  32.3   4   6     3e-05    0.0034   13.3   0.1   832   886   946  1002   933  1020 0.77 -
1593at50557_103372_0:00293a|STRG.7579.1:582-6353|+    -           1924 1621at50557          -           2245    1e-143  479.4  32.3   5   6   1.8e-27   2.1e-25   87.0   1.2   613   756  1029  1185  1016  1192 0.89 -
1593at50557_103372_0:00293a|STRG.7579.1:582-6353|+    -           1924 1621at50557          -           2245    1e-143  479.4  32.3   6   6   2.7e-32   3.1e-30  103.1   3.2   257   548  1194  1539  1187  1547 0.74 -
1593at50557_103372_0:00293a|STRG.7579.2:582-6356|+    -           1925 1621at50557          -           2245  1.1e-143  479.4  32.3   1   6   2.4e-20   2.7e-18   63.4   0.2   336   469   130   274   119   284 0.85 -
1593at50557_103372_0:00293a|STRG.7579.2:582-6356|+    -           1925 1621at50557          -           2245  1.1e-143  479.4  32.3   2   6     9e-53     1e-50  171.0   0.9   371   754   289   703   275   704 0.85 -
1593at50557_103372_0:00293a|STRG.7579.2:582-6356|+    -           1925 1621at50557          -           2245  1.1e-143  479.4  32.3   3   6   3.7e-23   4.2e-21   72.8   1.1   300   556   650   919   640   924 0.84 -
1593at50557_103372_0:00293a|STRG.7579.2:582-6356|+    -           1925 1621at50557          -           2245  1.1e-143  479.4  32.3   4   6     3e-05    0.0034   13.3   0.1   832   886   946  1002   933  1020 0.77 -
1593at50557_103372_0:00293a|STRG.7579.2:582-6356|+    -           1925 1621at50557          -           2245  1.1e-143  479.4  32.3   5   6   1.8e-27   2.1e-25   87.0   1.2   613   756  1029  1185  1016  1192 0.89 -
1593at50557_103372_0:00293a|STRG.7579.2:582-6356|+    -           1925 1621at50557          -           2245  1.1e-143  479.4  32.3   6   6   2.7e-32   3.1e-30  103.1   3.2   257   548  1194  1539  1187  1547 0.74 -
1593at50557_103372_0:00293a|STRG.7579.6:582-6359|+    -           1926 1621at50557          -           2245  1.1e-143  479.4  32.3   1   6   2.4e-20   2.7e-18   63.4   0.2   336   469   130   274   119   284 0.85 -
1593at50557_103372_0:00293a|STRG.7579.6:582-6359|+    -           1926 1621at50557          -           2245  1.1e-143  479.4  32.3   2   6     9e-53     1e-50  171.0   0.9   371   754   289   703   275   704 0.85 -
1593at50557_103372_0:00293a|STRG.7579.6:582-6359|+    -           1926 1621at50557          -           2245  1.1e-143  479.4  32.3   3   6   3.7e-23   4.2e-21   72.8   1.1   300   556   650   919   640   924 0.84 -
1593at50557_103372_0:00293a|STRG.7579.6:582-6359|+    -           1926 1621at50557          -           2245  1.1e-143  479.4  32.3   4   6     3e-05    0.0034   13.3   0.1   832   886   946  1002   933  1020 0.77 -
1593at50557_103372_0:00293a|STRG.7579.6:582-6359|+    -           1926 1621at50557          -           2245  1.1e-143  479.4  32.3   5   6   1.8e-27   2.1e-25   87.0   1.2   613   756  1029  1185  1016  1192 0.89 -
1593at50557_103372_0:00293a|STRG.7579.6:582-6359|+    -           1926 1621at50557          -           2245  1.1e-143  479.4  32.3   6   6   2.7e-32   3.1e-30  103.1   3.2   257   548  1194  1539  1187  1547 0.74 -
1593at50557_103372_0:00293a|STRG.7579.3:582-6389|+    -           1936 1621at50557          -           2245  1.1e-143  479.4  32.3   1   6   2.4e-20   2.8e-18   63.4   0.2   336   469   130   274   119   284 0.85 -
1593at50557_103372_0:00293a|STRG.7579.3:582-6389|+    -           1936 1621at50557          -           2245  1.1e-143  479.4  32.3   2   6   8.2e-53   9.4e-51  171.1   1.0   371   754   289   703   275   705 0.85 -
1593at50557_103372_0:00293a|STRG.7579.3:582-6389|+    -           1936 1621at50557          -           2245  1.1e-143  479.4  32.3   3   6   3.7e-23   4.2e-21   72.7   1.1   300   556   650   919   640   924 0.84 -
1593at50557_103372_0:00293a|STRG.7579.3:582-6389|+    -           1936 1621at50557          -           2245  1.1e-143  479.4  32.3   4   6     3e-05    0.0035   13.3   0.1   832   886   946  1002   933  1020 0.77 -
1593at50557_103372_0:00293a|STRG.7579.3:582-6389|+    -           1936 1621at50557          -           2245  1.1e-143  479.4  32.3   5   6   1.9e-27   2.1e-25   87.0   1.2   613   756  1029  1185  1016  1192 0.89 -
1593at50557_103372_0:00293a|STRG.7579.3:582-6389|+    -           1936 1621at50557          -           2245  1.1e-143  479.4  32.3   6   6   2.7e-32   3.1e-30  103.1   3.2   257   548  1194  1539  1187  1547 0.74 -
1593at50557_45779_0:001e66|STRG.3739.1:840-4550|+     -           1237 1621at50557          -           2245  2.8e-141  471.4  51.7   1   4   5.1e-11   5.8e-09   32.5   0.5   829   888    30    90    12   111 0.69 -
1593at50557_45779_0:001e66|STRG.3739.1:840-4550|+     -           1237 1621at50557          -           2245  2.8e-141  471.4  51.7   2   4   1.1e-42   1.2e-40  137.5   8.7   301   685   112   536    94   537 0.80 -
1593at50557_45779_0:001e66|STRG.3739.1:840-4550|+     -           1237 1621at50557          -           2245  2.8e-141  471.4  51.7   3   4   4.3e-90   4.9e-88  294.7  22.1   201   752   346   914   343   919 0.88 -
1593at50557_45779_0:001e66|STRG.3739.1:840-4550|+     -           1237 1621at50557          -           2245  2.8e-141  471.4  51.7   4   4   6.3e-16   7.2e-14   48.8   0.4   356   543   923  1136   921  1148 0.75 -
1621at50557_7224_0:00030d|STRG.12818.1:732-3554|+     -            941 1621at50557          -           2245  4.4e-140  467.4  33.8   1   3   3.6e-56   4.1e-54  182.3   5.9   253   587     1   360     1   374 0.81 -
1621at50557_7224_0:00030d|STRG.12818.1:732-3554|+     -            941 1621at50557          -           2245  4.4e-140  467.4  33.8   2   3   1.6e-30   1.8e-28   97.2   4.3   396   586   390   586   382   610 0.86 -
1621at50557_7224_0:00030d|STRG.12818.1:732-3554|+     -            941 1621at50557          -           2245  4.4e-140  467.4  33.8   3   3   6.6e-67   7.5e-65  217.8   7.7   203   604   498   934   495   940 0.87 -
1621at50557_7224_0:00030d|STRG.9589.1:83-2632|+       -            850 1621at50557          -           2245  3.2e-119  398.2  25.8   1   3   5.6e-37   6.3e-35  118.6   4.1   400   652     3   260     1   266 0.55 -
1621at50557_7224_0:00030d|STRG.9589.1:83-2632|+       -            850 1621at50557          -           2245  3.2e-119  398.2  25.8   2   3   5.9e-72   6.7e-70  234.6  10.2   354   756   321   745   298   749 0.89 -
1621at50557_7224_0:00030d|STRG.9589.1:83-2632|+       -            850 1621at50557          -           2245  3.2e-119  398.2  25.8   3   3   2.3e-17   2.7e-15   53.5   0.0   657   755   744   849   743   850 0.85 -
1621at50557_7224_0:00030d|STRG.13637.1:2-2260|+       -            753 1621at50557          -           2245  7.4e-117  390.4  25.9   1   4   6.9e-14   7.8e-12   42.0   2.2   540   594     7    63     1    70 0.73 -
1621at50557_7224_0:00030d|STRG.13637.1:2-2260|+       -            753 1621at50557          -           2245  7.4e-117  390.4  25.9   2   4   3.4e-39   3.9e-37  125.9   1.2   372   585    45   270    45   271 0.90 -
1621at50557_7224_0:00030d|STRG.13637.1:2-2260|+       -            753 1621at50557          -           2245  7.4e-117  390.4  25.9   3   4   2.9e-58   3.3e-56  189.2   6.3   372   757   263   655   262   664 0.88 -
1621at50557_7224_0:00030d|STRG.13637.1:2-2260|+       -            753 1621at50557          -           2245  7.4e-117  390.4  25.9   4   4   3.8e-22   4.3e-20   69.4   0.0   300   451   600   753   594   753 0.90 -
1621at50557_7224_0:00030d|STRG.3739.2:2218-4692|+     -            825 1621at50557          -           2245  3.7e-102  341.6  26.9   1   2   5.7e-91   6.5e-89  297.7  20.8   201   752    48   616    44   621 0.88 -
1621at50557_7224_0:00030d|STRG.3739.2:2218-4692|+     -            825 1621at50557          -           2245  3.7e-102  341.6  26.9   2   2   2.4e-15   2.8e-13   46.8   0.3   356   522   625   815   623   822 0.76 -
1621at50557_7224_0:00030d|STRG.3739.3:693-3167|+      -            825 1621at50557          -           2245  3.7e-102  341.6  26.9   1   2   5.7e-91   6.5e-89  297.7  20.8   201   752    48   616    44   621 0.88 -
1621at50557_7224_0:00030d|STRG.3739.3:693-3167|+      -            825 1621at50557          -           2245  3.7e-102  341.6  26.9   2   2   2.4e-15   2.8e-13   46.8   0.3   356   522   625   815   623   822 0.76 -
1621at50557_319348_0:003555|STRG.20862.1:1-1383|+     -            461 1621at50557          -           2245   3.9e-92  308.4  14.7   1   2   2.2e-24   2.5e-22   76.8   2.3   627   758     1   143     1   144 0.88 -
1621at50557_319348_0:003555|STRG.20862.1:1-1383|+     -            461 1621at50557          -           2245   3.9e-92  308.4  14.7   2   2     4e-75   4.6e-73  245.1   4.8   378   755    63   459    63   461 0.92 -
1621at50557_7224_0:00030d|STRG.14700.1:864-3263|+     -            800 1621at50557          -           2245   5.1e-86  288.1  28.2   1   2     5e-25   5.7e-23   78.9   0.8   654   788     4   160     1   162 0.67 -
1621at50557_7224_0:00030d|STRG.14700.1:864-3263|+     -            800 1621at50557          -           2245   5.1e-86  288.1  28.2   2   2   2.4e-68   2.7e-66  222.6  20.7   263   872   124   800   119   800 0.80 -
1621at50557_7224_0:00030d|STRG.14700.2:864-3263|+     -            800 1621at50557          -           2245   5.1e-86  288.1  28.2   1   2     5e-25   5.7e-23   78.9   0.8   654   788     4   160     1   162 0.67 -
1621at50557_7224_0:00030d|STRG.14700.2:864-3263|+     -            800 1621at50557          -           2245   5.1e-86  288.1  28.2   2   2   2.4e-68   2.7e-66  222.6  20.7   263   872   124   800   119   800 0.80 -
1621at50557_7224_0:00030d|STRG.14700.3:545-2944|+     -            800 1621at50557          -           2245   5.1e-86  288.1  28.2   1   2     5e-25   5.7e-23   78.9   0.8   654   788     4   160     1   162 0.67 -
1621at50557_7224_0:00030d|STRG.14700.3:545-2944|+     -            800 1621at50557          -           2245   5.1e-86  288.1  28.2   2   2   2.4e-68   2.7e-66  222.6  20.7   263   872   124   800   119   800 0.80 -
1621at50557_7224_0:00030d|STRG.14700.4:545-2944|+     -            800 1621at50557          -           2245   5.1e-86  288.1  28.2   1   2     5e-25   5.7e-23   78.9   0.8   654   788     4   160     1   162 0.67 -
1621at50557_7224_0:00030d|STRG.14700.4:545-2944|+     -            800 1621at50557          -           2245   5.1e-86  288.1  28.2   2   2   2.4e-68   2.7e-66  222.6  20.7   263   872   124   800   119   800 0.80 -
1621at50557_7224_0:00030d|STRG.14697.1:656-3055|+     -            800 1621at50557          -           2245   3.8e-85  285.2  29.7   1   2   4.2e-31   4.8e-29   99.1   1.3   553   758     3   225     1   257 0.85 -
1621at50557_7224_0:00030d|STRG.14697.1:656-3055|+     -            800 1621at50557          -           2245   3.8e-85  285.2  29.7   2   2   6.8e-58   7.7e-56  188.0  22.0   396   872   284   800   236   800 0.81 -
1621at50557_7224_0:00030d|STRG.14697.2:656-3079|+     -            808 1621at50557          -           2245   2.8e-81  272.3  29.6   1   2   2.6e-27   2.9e-25   86.5   0.9   553   758     3   233     1   265 0.83 -
1621at50557_7224_0:00030d|STRG.14697.2:656-3079|+     -            808 1621at50557          -           2245   2.8e-81  272.3  29.6   2   2   1.1e-57   1.2e-55  187.3  22.7   396   872   292   808   244   808 0.81 -
1621at50557_7224_0:00030d|STRG.14697.3:346-2769|+     -            808 1621at50557          -           2245   2.8e-81  272.3  29.6   1   2   2.6e-27   2.9e-25   86.5   0.9   553   758     3   233     1   265 0.83 -
1621at50557_7224_0:00030d|STRG.14697.3:346-2769|+     -            808 1621at50557          -           2245   2.8e-81  272.3  29.6   2   2   1.1e-57   1.2e-55  187.3  22.7   396   872   292   808   244   808 0.81 -
1621at50557_307491_0:00188f|STRG.19373.1:2-2002|+     -            667 1621at50557          -           2245     3e-81  272.2  10.9   1   3   1.2e-34   1.4e-32  110.8   1.7   375   578     1   218     1   238 0.87 -
1621at50557_307491_0:00188f|STRG.19373.1:2-2002|+     -            667 1621at50557          -           2245     3e-81  272.2  10.9   2   3   1.1e-28   1.2e-26   91.1   0.4   513   719   268   492   254   495 0.81 -
1621at50557_307491_0:00188f|STRG.19373.1:2-2002|+     -            667 1621at50557          -           2245     3e-81  272.2  10.9   3   3     3e-29   3.4e-27   92.9   0.1   374   557   447   654   444   667 0.81 -
12010at50557_7004_0:001caf|STRG.13210.1:1569-5702|+   -           1378 1621at50557          -           2245   1.3e-79  266.8  31.8   1   6   1.6e-31   1.8e-29  100.5   1.5   420   647    12   259     1   262 0.84 -
12010at50557_7004_0:001caf|STRG.13210.1:1569-5702|+   -           1378 1621at50557          -           2245   1.3e-79  266.8  31.8   2   6   2.4e-29   2.8e-27   93.2   3.2   440   637   263   476   235   477 0.82 -
12010at50557_7004_0:001caf|STRG.13210.1:1569-5702|+   -           1378 1621at50557          -           2245   1.3e-79  266.8  31.8   3   6     2e-07   2.2e-05   20.6   0.1   707   754   449   497   426   508 0.83 -
12010at50557_7004_0:001caf|STRG.13210.1:1569-5702|+   -           1378 1621at50557          -           2245   1.3e-79  266.8  31.8   4   6   1.7e-25   1.9e-23   80.5   0.2   936  1405   486  1013   484  1035 0.74 -
12010at50557_7004_0:001caf|STRG.13210.1:1569-5702|+   -           1378 1621at50557          -           2245   1.3e-79  266.8  31.8   5   6       1.1   1.3e+02   -1.8   0.0  1290  1380  1129  1218  1126  1263 0.53 -
12010at50557_7004_0:001caf|STRG.13210.1:1569-5702|+   -           1378 1621at50557          -           2245   1.3e-79  266.8  31.8   6   6     0.069       7.9    2.2   7.5  1182  1232  1261  1310  1253  1313 0.88 -
1621at50557_1218281_0:000ad3|STRG.19373.1:2207-4075|+ -            623 1621at50557          -           2245   2.4e-72  242.7   8.3   1   3   2.3e-36   2.6e-34  116.5   3.0   402   636     3   242     1   250 0.87 -
1621at50557_1218281_0:000ad3|STRG.19373.1:2207-4075|+ -            623 1621at50557          -           2245   2.4e-72  242.7   8.3   2   3   3.3e-32   3.8e-30  102.7   0.1   337   585   254   522   247   528 0.82 -
1621at50557_1218281_0:000ad3|STRG.19373.1:2207-4075|+ -            623 1621at50557          -           2245   2.4e-72  242.7   8.3   3   3   1.4e-08   1.6e-06   24.4   0.0   383   463   531   621   520   623 0.80 -
1621at50557_246812_0:0009c1|STRG.3739.1:2262-3275|+   -            338 1621at50557          -           2245     1e-57  194.2  16.7   1   1   4.3e-58   4.9e-56  188.6  16.7   322   659     1   338     1   338 0.90 -
1621at50557_7130_0:0037c3|STRG.13211.1:577-1677|+     -            367 1621at50557          -           2245   1.5e-54  183.7  14.7   1   1   1.7e-56   1.9e-54  183.3  14.7   477   807     1   367     1   367 0.84 -
1621at50557_38123_0:001b86|STRG.20861.1:1-939|+       -            313 1621at50557          -           2245   2.1e-44  150.0   0.2   1   1   2.2e-46   2.5e-44  149.8   0.2   203   490    10   312     3   313 0.87 -
26394at50557_34720_0:00274e|STRG.2289.1:352-2757|+    -            802 1621at50557          -           2245     5e-42  142.2   0.0   1   2   1.8e-27     2e-25   87.1   0.0   268   468    45   262    26   273 0.83 -
26394at50557_34720_0:00274e|STRG.2289.1:352-2757|+    -            802 1621at50557          -           2245     5e-42  142.2   0.0   2   2   3.6e-17   4.1e-15   52.9   0.0   370   604   273   508   263   553 0.82 -
1621at50557_7224_0:002769|STRG.20859.1:1-1716|+       -            572 1621at50557          -           2245   4.5e-20   69.3  28.4   1   3   1.4e-07   1.6e-05   21.1   5.3  1144  1231    38   121    24   127 0.93 -
1621at50557_7224_0:002769|STRG.20859.1:1-1716|+       -            572 1621at50557          -           2245   4.5e-20   69.3  28.4   2   3   7.4e-05    0.0084   12.1   6.5  1184  1235   116   164   115   169 0.87 -
1621at50557_7224_0:002769|STRG.20859.1:1-1716|+       -            572 1621at50557          -           2245   4.5e-20   69.3  28.4   3   3     1e-16   1.2e-14   51.4   8.2  1184  1405   157   415   156   438 0.76 -
1621at50557_319348_0:0027fd|STRG.11409.1:2038-4092|+  -            685 1621at50557          -           2245   4.3e-19   66.1 207.4   1  15   8.8e-07    0.0001   18.4   8.6  1181  1231     1    47     1    52 0.95 -
1621at50557_319348_0:0027fd|STRG.11409.1:2038-4092|+  -            685 1621at50557          -           2245   4.3e-19   66.1 207.4   2  15   2.3e-05    0.0027   13.7  10.2  1184  1232    42    86    42    93 0.91 -
1621at50557_319348_0:0027fd|STRG.11409.1:2038-4092|+  -            685 1621at50557          -           2245   4.3e-19   66.1 207.4   3  15   2.1e-06   0.00024   17.2  13.2  1183  1233   119   166   112   176 0.88 -
1621at50557_319348_0:0027fd|STRG.11409.1:2038-4092|+  -            685 1621at50557          -           2245   4.3e-19   66.1 207.4   4  15   4.9e-05    0.0056   12.6   9.2  1184  1231   159   202   158   205 0.92 -
1621at50557_319348_0:0027fd|STRG.11409.1:2038-4092|+  -            685 1621at50557          -           2245   4.3e-19   66.1 207.4   5  15   1.9e-06   0.00021   17.4  10.1  1182  1231   195   240   193   247 0.92 -
1621at50557_319348_0:0027fd|STRG.11409.1:2038-4092|+  -            685 1621at50557          -           2245   4.3e-19   66.1 207.4   6  15   3.5e-05     0.004   13.1   9.5  1181  1231   232   278   230   282 0.94 -
1621at50557_319348_0:0027fd|STRG.11409.1:2038-4092|+  -            685 1621at50557          -           2245   4.3e-19   66.1 207.4   7  15   5.1e-05    0.0058   12.6  13.7  1179  1230   268   315   265   315 0.92 -
1621at50557_319348_0:0027fd|STRG.11409.1:2038-4092|+  -            685 1621at50557          -           2245   4.3e-19   66.1 207.4   8  15   2.6e-07   2.9e-05   20.2  10.3  1182  1231   309   354   307   361 0.93 -
1621at50557_319348_0:0027fd|STRG.11409.1:2038-4092|+  -            685 1621at50557          -           2245   4.3e-19   66.1 207.4   9  15   2.3e-05    0.0026   13.8  10.7  1184  1231   396   439   393   443 0.93 -
1621at50557_319348_0:0027fd|STRG.11409.1:2038-4092|+  -            685 1621at50557          -           2245   4.3e-19   66.1 207.4  10  15   8.5e-06   0.00096   15.2  10.4  1183  1230   433   476   429   478 0.94 -
1621at50557_319348_0:0027fd|STRG.11409.1:2038-4092|+  -            685 1621at50557          -           2245   4.3e-19   66.1 207.4  11  15   1.3e-05    0.0015   14.5   9.9  1181  1230   469   514   468   516 0.96 -
1621at50557_319348_0:0027fd|STRG.11409.1:2038-4092|+  -            685 1621at50557          -           2245   4.3e-19   66.1 207.4  12  15   6.6e-05    0.0075   12.2   8.5  1181  1230   507   554   506   555 0.92 -
1621at50557_319348_0:0027fd|STRG.11409.1:2038-4092|+  -            685 1621at50557          -           2245   4.3e-19   66.1 207.4  13  15   1.1e-05    0.0013   14.8  12.5  1181  1232   547   594   542   604 0.90 -
1621at50557_319348_0:0027fd|STRG.11409.1:2038-4092|+  -            685 1621at50557          -           2245   4.3e-19   66.1 207.4  14  15     0.012       1.3    4.8   6.9  1201  1231   601   631   595   641 0.89 -
1621at50557_319348_0:0027fd|STRG.11409.1:2038-4092|+  -            685 1621at50557          -           2245   4.3e-19   66.1 207.4  15  15       2.5   2.8e+02   -3.0   7.6  1533  1566   646   678   634   684 0.61 -
1621at50557_319348_0:0027fd|STRG.11409.2:1870-3924|+  -            685 1621at50557          -           2245   4.3e-19   66.1 207.4   1  15   8.8e-07    0.0001   18.4   8.6  1181  1231     1    47     1    52 0.95 -
1621at50557_319348_0:0027fd|STRG.11409.2:1870-3924|+  -            685 1621at50557          -           2245   4.3e-19   66.1 207.4   2  15   2.3e-05    0.0027   13.7  10.2  1184  1232    42    86    42    93 0.91 -
1621at50557_319348_0:0027fd|STRG.11409.2:1870-3924|+  -            685 1621at50557          -           2245   4.3e-19   66.1 207.4   3  15   2.1e-06   0.00024   17.2  13.2  1183  1233   119   166   112   176 0.88 -
1621at50557_319348_0:0027fd|STRG.11409.2:1870-3924|+  -            685 1621at50557          -           2245   4.3e-19   66.1 207.4   4  15   4.9e-05    0.0056   12.6   9.2  1184  1231   159   202   158   205 0.92 -
1621at50557_319348_0:0027fd|STRG.11409.2:1870-3924|+  -            685 1621at50557          -           2245   4.3e-19   66.1 207.4   5  15   1.9e-06   0.00021   17.4  10.1  1182  1231   195   240   193   247 0.92 -
1621at50557_319348_0:0027fd|STRG.11409.2:1870-3924|+  -            685 1621at50557          -           2245   4.3e-19   66.1 207.4   6  15   3.5e-05     0.004   13.1   9.5  1181  1231   232   278   230   282 0.94 -
1621at50557_319348_0:0027fd|STRG.11409.2:1870-3924|+  -            685 1621at50557          -           2245   4.3e-19   66.1 207.4   7  15   5.1e-05    0.0058   12.6  13.7  1179  1230   268   315   265   315 0.92 -
1621at50557_319348_0:0027fd|STRG.11409.2:1870-3924|+  -            685 1621at50557          -           2245   4.3e-19   66.1 207.4   8  15   2.6e-07   2.9e-05   20.2  10.3  1182  1231   309   354   307   361 0.93 -
1621at50557_319348_0:0027fd|STRG.11409.2:1870-3924|+  -            685 1621at50557          -           2245   4.3e-19   66.1 207.4   9  15   2.3e-05    0.0026   13.8  10.7  1184  1231   396   439   393   443 0.93 -
1621at50557_319348_0:0027fd|STRG.11409.2:1870-3924|+  -            685 1621at50557          -           2245   4.3e-19   66.1 207.4  10  15   8.5e-06   0.00096   15.2  10.4  1183  1230   433   476   429   478 0.94 -
1621at50557_319348_0:0027fd|STRG.11409.2:1870-3924|+  -            685 1621at50557          -           2245   4.3e-19   66.1 207.4  11  15   1.3e-05    0.0015   14.5   9.9  1181  1230   469   514   468   516 0.96 -
1621at50557_319348_0:0027fd|STRG.11409.2:1870-3924|+  -            685 1621at50557          -           2245   4.3e-19   66.1 207.4  12  15   6.6e-05    0.0075   12.2   8.5  1181  1230   507   554   506   555 0.92 -
1621at50557_319348_0:0027fd|STRG.11409.2:1870-3924|+  -            685 1621at50557          -           2245   4.3e-19   66.1 207.4  13  15   1.1e-05    0.0013   14.8  12.5  1181  1232   547   594   542   604 0.90 -
1621at50557_319348_0:0027fd|STRG.11409.2:1870-3924|+  -            685 1621at50557          -           2245   4.3e-19   66.1 207.4  14  15     0.012       1.3    4.8   6.9  1201  1231   601   631   595   641 0.89 -
1621at50557_319348_0:0027fd|STRG.11409.2:1870-3924|+  -            685 1621at50557          -           2245   4.3e-19   66.1 207.4  15  15       2.5   2.8e+02   -3.0   7.6  1533  1566   646   678   634   684 0.61 -
1621at50557_38123_0:001b86|STRG.13212.1:1580-2539|+   -            320 1621at50557          -           2245   1.7e-16   57.5   0.8   1   1   5.8e-18   6.6e-16   55.5   0.8   310   590     5   320     1   320 0.70 -
1621at50557_38123_0:001b86|STRG.13212.2:1580-2530|+   -            317 1621at50557          -           2245   1.8e-16   57.4   1.3   1   1   6.2e-18   7.1e-16   55.4   1.3   310   590     5   317     1   317 0.67 -
7376at50557_197043_0:00330b|STRG.14471.2:2833-4095|+  -            421 1621at50557          -           2245   8.2e-15   51.9   6.1   1   2    0.0014      0.16    7.8   0.7  1360  1408     7    60     3    67 0.81 -
7376at50557_197043_0:00330b|STRG.14471.2:2833-4095|+  -            421 1621at50557          -           2245   8.2e-15   51.9   6.1   2   2   2.8e-15   3.2e-13   46.6   0.5  1184  1408   146   401   140   414 0.74 -
7376at50557_56086_0:0051ad|STRG.11409.1:1306-1905|+   -            200 1621at50557          -           2245   1.3e-13   47.9  65.4   1   6       1.2   1.4e+02   -1.9   0.2  1395  1408     2    15     1    17 0.76 -
7376at50557_56086_0:0051ad|STRG.11409.1:1306-1905|+   -            200 1621at50557          -           2245   1.3e-13   47.9  65.4   2   6   3.5e-08     4e-06   23.1  11.5  1181  1230    18    63    16    63 0.95 -
7376at50557_56086_0:0051ad|STRG.11409.1:1306-1905|+   -            200 1621at50557          -           2245   1.3e-13   47.9  65.4   3   6   1.4e-06   0.00016   17.7  11.1  1182  1230    57   100    54   101 0.92 -
7376at50557_56086_0:0051ad|STRG.11409.1:1306-1905|+   -            200 1621at50557          -           2245   1.3e-13   47.9  65.4   4   6   4.4e-09     5e-07   26.1  11.6  1182  1231    94   139    88   144 0.93 -
7376at50557_56086_0:0051ad|STRG.11409.1:1306-1905|+   -            200 1621at50557          -           2245   1.3e-13   47.9  65.4   5   6   4.2e-05    0.0047   12.9   6.5  1201  1230   147   176   141   177 0.94 -
7376at50557_56086_0:0051ad|STRG.11409.1:1306-1905|+   -            200 1621at50557          -           2245   1.3e-13   47.9  65.4   6   6   0.00011     0.013   11.5   5.5  1176  1216   164   200   164   200 0.92 -
7376at50557_56086_0:0051ad|STRG.11409.2:1138-1737|+   -            200 1621at50557          -           2245   1.3e-13   47.9  65.4   1   6       1.2   1.4e+02   -1.9   0.2  1395  1408     2    15     1    17 0.76 -
7376at50557_56086_0:0051ad|STRG.11409.2:1138-1737|+   -            200 1621at50557          -           2245   1.3e-13   47.9  65.4   2   6   3.5e-08     4e-06   23.1  11.5  1181  1230    18    63    16    63 0.95 -
7376at50557_56086_0:0051ad|STRG.11409.2:1138-1737|+   -            200 1621at50557          -           2245   1.3e-13   47.9  65.4   3   6   1.4e-06   0.00016   17.7  11.1  1182  1230    57   100    54   101 0.92 -
7376at50557_56086_0:0051ad|STRG.11409.2:1138-1737|+   -            200 1621at50557          -           2245   1.3e-13   47.9  65.4   4   6   4.4e-09     5e-07   26.1  11.6  1182  1231    94   139    88   144 0.93 -
7376at50557_56086_0:0051ad|STRG.11409.2:1138-1737|+   -            200 1621at50557          -           2245   1.3e-13   47.9  65.4   5   6   4.2e-05    0.0047   12.9   6.5  1201  1230   147   176   141   177 0.94 -
7376at50557_56086_0:0051ad|STRG.11409.2:1138-1737|+   -            200 1621at50557          -           2245   1.3e-13   47.9  65.4   6   6   0.00011     0.013   11.5   5.5  1176  1216   164   200   164   200 0.92 -
1621at50557_319348_0:0027fd|STRG.14471.1:3268-4596|+  -            443 1621at50557          -           2245   5.6e-13   45.8   1.0   1   1     8e-15   9.1e-13   45.1   1.0  1185  1408     2   256     1   274 0.74 -
1621at50557_378494_0:001a4c|STRG.18120.1:973-2115|+   -            381 1621at50557          -           2245   3.8e-11   39.7   0.0   1   2   1.3e-09   1.4e-07   27.9   0.0  1216  1410     6   220     2   226 0.75 -
1621at50557_378494_0:001a4c|STRG.18120.1:973-2115|+   -            381 1621at50557          -           2245   3.8e-11   39.7   0.0   2   2   0.00031     0.035   10.0   0.0  1227  1292   237   314   223   342 0.74 -
7376at50557_56086_0:0051ad|STRG.18948.1:1770-2447|+   -            226 1621at50557          -           2245   3.5e-10   36.5  47.1   1   5      0.16        19    1.0   8.3  1144  1228     1    83     1    83 0.71 -
7376at50557_56086_0:0051ad|STRG.18948.1:1770-2447|+   -            226 1621at50557          -           2245   3.5e-10   36.5  47.1   2   5   1.6e-07   1.9e-05   20.9  11.0  1183  1231    80   124    76   126 0.94 -
7376at50557_56086_0:0051ad|STRG.18948.1:1770-2447|+   -            226 1621at50557          -           2245   3.5e-10   36.5  47.1   3   5   4.8e-07   5.5e-05   19.3   9.7  1181  1231   116   162   114   168 0.94 -
7376at50557_56086_0:0051ad|STRG.18948.1:1770-2447|+   -            226 1621at50557          -           2245   3.5e-10   36.5  47.1   4   5     6e-08   6.9e-06   22.3  10.4  1181  1231   154   200   153   204 0.95 -
7376at50557_56086_0:0051ad|STRG.18948.1:1770-2447|+   -            226 1621at50557          -           2245   3.5e-10   36.5  47.1   5   5    0.0002     0.023   10.6   6.3  1183  1219   194   226   191   226 0.93 -
66267at50557_30069_0:002e3c|STRG.11827.1:237-839|+    -            201 1621at50557          -           2245     4e-10   36.3  57.9   1   5      0.15        17    1.1   0.8  1396  1410     3    17     2    20 0.78 -
66267at50557_30069_0:002e3c|STRG.11827.1:237-839|+    -            201 1621at50557          -           2245     4e-10   36.3  57.9   2   5   4.8e-06   0.00055   16.0   8.4  1183  1231    21    68    17    69 0.84 -
66267at50557_30069_0:002e3c|STRG.11827.1:237-839|+    -            201 1621at50557          -           2245     4e-10   36.3  57.9   3   5   1.5e-07   1.7e-05   21.0  10.9  1183  1230    62   105    58   111 0.94 -
66267at50557_30069_0:002e3c|STRG.11827.1:237-839|+    -            201 1621at50557          -           2245     4e-10   36.3  57.9   4   5   0.00011     0.013   11.4  11.0  1181  1230    98   144    97   145 0.88 -
66267at50557_30069_0:002e3c|STRG.11827.1:237-839|+    -            201 1621at50557          -           2245     4e-10   36.3  57.9   5   5   2.7e-07     3e-05   20.2  10.0  1183  1236   139   188   135   195 0.89 -
66267at50557_30069_0:002e3c|STRG.11827.2:992-1594|+   -            201 1621at50557          -           2245     4e-10   36.3  57.9   1   5      0.15        17    1.1   0.8  1396  1410     3    17     2    20 0.78 -
66267at50557_30069_0:002e3c|STRG.11827.2:992-1594|+   -            201 1621at50557          -           2245     4e-10   36.3  57.9   2   5   4.8e-06   0.00055   16.0   8.4  1183  1231    21    68    17    69 0.84 -
66267at50557_30069_0:002e3c|STRG.11827.2:992-1594|+   -            201 1621at50557          -           2245     4e-10   36.3  57.9   3   5   1.5e-07   1.7e-05   21.0  10.9  1183  1230    62   105    58   111 0.94 -
66267at50557_30069_0:002e3c|STRG.11827.2:992-1594|+   -            201 1621at50557          -           2245     4e-10   36.3  57.9   4   5   0.00011     0.013   11.4  11.0  1181  1230    98   144    97   145 0.88 -
66267at50557_30069_0:002e3c|STRG.11827.2:992-1594|+   -            201 1621at50557          -           2245     4e-10   36.3  57.9   5   5   2.7e-07     3e-05   20.2  10.0  1183  1236   139   188   135   195 0.89 -
66267at50557_30069_0:002e3c|STRG.11827.3:734-1336|+   -            201 1621at50557          -           2245     4e-10   36.3  57.9   1   5      0.15        17    1.1   0.8  1396  1410     3    17     2    20 0.78 -
66267at50557_30069_0:002e3c|STRG.11827.3:734-1336|+   -            201 1621at50557          -           2245     4e-10   36.3  57.9   2   5   4.8e-06   0.00055   16.0   8.4  1183  1231    21    68    17    69 0.84 -
66267at50557_30069_0:002e3c|STRG.11827.3:734-1336|+   -            201 1621at50557          -           2245     4e-10   36.3  57.9   3   5   1.5e-07   1.7e-05   21.0  10.9  1183  1230    62   105    58   111 0.94 -
66267at50557_30069_0:002e3c|STRG.11827.3:734-1336|+   -            201 1621at50557          -           2245     4e-10   36.3  57.9   4   5   0.00011     0.013   11.4  11.0  1181  1230    98   144    97   145 0.88 -
66267at50557_30069_0:002e3c|STRG.11827.3:734-1336|+   -            201 1621at50557          -           2245     4e-10   36.3  57.9   5   5   2.7e-07     3e-05   20.2  10.0  1183  1236   139   188   135   195 0.89 -
7376at50557_456900_0:001c8a|STRG.4294.1:2-3328|+      -           1109 1621at50557          -           2245   7.8e-09   32.1  13.5   1   5     0.096        11    1.7   1.7  1203  1220   525   542   506   547 0.81 -
7376at50557_456900_0:001c8a|STRG.4294.1:2-3328|+      -           1109 1621at50557          -           2245   7.8e-09   32.1  13.5   2   5   2.6e-06    0.0003   16.9  11.2  1179  1231   544   593   540   597 0.87 -
7376at50557_456900_0:001c8a|STRG.4294.1:2-3328|+      -           1109 1621at50557          -           2245   7.8e-09   32.1  13.5   3   5    0.0026       0.3    6.9  10.0  1184  1231   588   631   586   637 0.95 -
7376at50557_456900_0:001c8a|STRG.4294.1:2-3328|+      -           1109 1621at50557          -           2245   7.8e-09   32.1  13.5   4   5   3.6e-05    0.0041   13.1  11.7  1181  1237   663   715   657   719 0.90 -
7376at50557_456900_0:001c8a|STRG.4294.1:2-3328|+      -           1109 1621at50557          -           2245   7.8e-09   32.1  13.5   5   5   1.1e-08   1.2e-06   24.8   0.0  1224  1393   760   946   730   954 0.70 -
7376at50557_456900_0:001c8a|STRG.4294.2:2-3334|+      -           1111 1621at50557          -           2245   7.9e-09   32.0  13.5   1   5     0.097        11    1.7   1.7  1203  1220   527   544   508   549 0.81 -
7376at50557_456900_0:001c8a|STRG.4294.2:2-3334|+      -           1111 1621at50557          -           2245   7.9e-09   32.0  13.5   2   5   2.6e-06    0.0003   16.9  11.2  1179  1231   546   595   542   599 0.87 -
7376at50557_456900_0:001c8a|STRG.4294.2:2-3334|+      -           1111 1621at50557          -           2245   7.9e-09   32.0  13.5   3   5    0.0026       0.3    6.9  10.0  1184  1231   590   633   588   639 0.95 -
7376at50557_456900_0:001c8a|STRG.4294.2:2-3334|+      -           1111 1621at50557          -           2245   7.9e-09   32.0  13.5   4   5   3.6e-05    0.0041   13.1  11.7  1181  1237   665   717   659   721 0.90 -
7376at50557_456900_0:001c8a|STRG.4294.2:2-3334|+      -           1111 1621at50557          -           2245   7.9e-09   32.0  13.5   5   5   1.1e-08   1.3e-06   24.7   0.0  1224  1393   762   948   732   956 0.70 -
7376at50557_56086_0:0051ad|STRG.13913.1:5685-6230|+   -            182 1621at50557          -           2245   9.7e-09   31.7  41.8   1   4      0.48        55   -0.6   3.3  1211  1235     1    26     1    40 0.78 -
7376at50557_56086_0:0051ad|STRG.13913.1:5685-6230|+   -            182 1621at50557          -           2245   9.7e-09   31.7  41.8   2   4   8.2e-07   9.3e-05   18.5   7.0  1181  1231    52    97    47   101 0.91 -
7376at50557_56086_0:0051ad|STRG.13913.1:5685-6230|+   -            182 1621at50557          -           2245   9.7e-09   31.7  41.8   3   4   9.1e-07    0.0001   18.4   9.5  1184  1231    92   135    89   141 0.92 -
7376at50557_56086_0:0051ad|STRG.13913.1:5685-6230|+   -            182 1621at50557          -           2245   9.7e-09   31.7  41.8   4   4   2.7e-07   3.1e-05   20.1   9.3  1181  1230   127   172   124   176 0.92 -
7376at50557_56086_0:0051ad|STRG.13913.3:5685-6230|+   -            182 1621at50557          -           2245   9.7e-09   31.7  41.8   1   4      0.48        55   -0.6   3.3  1211  1235     1    26     1    40 0.78 -
7376at50557_56086_0:0051ad|STRG.13913.3:5685-6230|+   -            182 1621at50557          -           2245   9.7e-09   31.7  41.8   2   4   8.2e-07   9.3e-05   18.5   7.0  1181  1231    52    97    47   101 0.91 -
7376at50557_56086_0:0051ad|STRG.13913.3:5685-6230|+   -            182 1621at50557          -           2245   9.7e-09   31.7  41.8   3   4   9.1e-07    0.0001   18.4   9.5  1184  1231    92   135    89   141 0.92 -
7376at50557_56086_0:0051ad|STRG.13913.3:5685-6230|+   -            182 1621at50557          -           2245   9.7e-09   31.7  41.8   4   4   2.7e-07   3.1e-05   20.1   9.3  1181  1230   127   172   124   176 0.92 -
7376at50557_56086_0:0051ad|STRG.13913.4:5685-6230|+   -            182 1621at50557          -           2245   9.7e-09   31.7  41.8   1   4      0.48        55   -0.6   3.3  1211  1235     1    26     1    40 0.78 -
7376at50557_56086_0:0051ad|STRG.13913.4:5685-6230|+   -            182 1621at50557          -           2245   9.7e-09   31.7  41.8   2   4   8.2e-07   9.3e-05   18.5   7.0  1181  1231    52    97    47   101 0.91 -
7376at50557_56086_0:0051ad|STRG.13913.4:5685-6230|+   -            182 1621at50557          -           2245   9.7e-09   31.7  41.8   3   4   9.1e-07    0.0001   18.4   9.5  1184  1231    92   135    89   141 0.92 -
7376at50557_56086_0:0051ad|STRG.13913.4:5685-6230|+   -            182 1621at50557          -           2245   9.7e-09   31.7  41.8   4   4   2.7e-07   3.1e-05   20.1   9.3  1181  1230   127   172   124   176 0.92 -
1621at50557_378494_0:001a4c|STRG.8336.10:4187-5578|+  -            464 1621at50557          -           2245   1.5e-08   31.1   5.1   1   2   4.3e-06   0.00049   16.2   0.4  1341  1415   117   192   100   202 0.85 -
1621at50557_378494_0:001a4c|STRG.8336.10:4187-5578|+  -            464 1621at50557          -           2245   1.5e-08   31.1   5.1   2   2   2.4e-06   0.00027   17.0   0.6  1361  1410   389   444   378   458 0.80 -
1621at50557_378494_0:001a4c|STRG.8336.11:4187-5578|+  -            464 1621at50557          -           2245   1.5e-08   31.1   5.1   1   2   4.3e-06   0.00049   16.2   0.4  1341  1415   117   192   100   202 0.85 -
1621at50557_378494_0:001a4c|STRG.8336.11:4187-5578|+  -            464 1621at50557          -           2245   1.5e-08   31.1   5.1   2   2   2.4e-06   0.00027   17.0   0.6  1361  1410   389   444   378   458 0.80 -
1621at50557_38123_0:00357e|STRG.4508.1:2808-3059|+    -             84 1621at50557          -           2245     3e-08   30.1  27.4   1   2   6.9e-09   7.9e-07   25.4  10.1  1598  1642     1    49     1    50 0.85 -
1621at50557_38123_0:00357e|STRG.4508.1:2808-3059|+    -             84 1621at50557          -           2245     3e-08   30.1  27.4   2   2   0.00018      0.02   10.8  11.4  1597  1630    48    84    44    84 0.86 -
26394at50557_1155016_0:002e6f|STRG.12819.1:552-821|+  -             90 1621at50557          -           2245   4.5e-08   29.6   0.0   1   1   4.1e-10   4.6e-08   29.5   0.0   502   583     2    89     1    90 0.82 -
7376at50557_56086_0:0051ad|STRG.11827.1:1404-2024|+   -            207 1621at50557          -           2245   1.5e-07   27.8  28.5   1   5   0.00049     0.056    9.3  10.6  1183  1231    19    65    15    69 0.88 -
7376at50557_56086_0:0051ad|STRG.11827.1:1404-2024|+   -            207 1621at50557          -           2245   1.5e-07   27.8  28.5   2   5     0.024       2.7    3.8  12.7  1186  1230    62   102    62   103 0.94 -
7376at50557_56086_0:0051ad|STRG.11827.1:1404-2024|+   -            207 1621at50557          -           2245   1.5e-07   27.8  28.5   3   5   2.2e-07   2.5e-05   20.4  10.4  1181  1230    95   140    92   144 0.94 -
7376at50557_56086_0:0051ad|STRG.11827.1:1404-2024|+   -            207 1621at50557          -           2245   1.5e-07   27.8  28.5   4   5   2.6e-07     3e-05   20.2  10.1  1181  1231   133   179   130   182 0.93 -
7376at50557_56086_0:0051ad|STRG.11827.1:1404-2024|+   -            207 1621at50557          -           2245   1.5e-07   27.8  28.5   5   5     0.042       4.8    2.9   5.1  1182  1219   172   206   171   207 0.86 -
7376at50557_56086_0:0051ad|STRG.11827.2:2159-2779|+   -            207 1621at50557          -           2245   1.5e-07   27.8  28.5   1   5   0.00049     0.056    9.3  10.6  1183  1231    19    65    15    69 0.88 -
7376at50557_56086_0:0051ad|STRG.11827.2:2159-2779|+   -            207 1621at50557          -           2245   1.5e-07   27.8  28.5   2   5     0.024       2.7    3.8  12.7  1186  1230    62   102    62   103 0.94 -
7376at50557_56086_0:0051ad|STRG.11827.2:2159-2779|+   -            207 1621at50557          -           2245   1.5e-07   27.8  28.5   3   5   2.2e-07   2.5e-05   20.4  10.4  1181  1230    95   140    92   144 0.94 -
7376at50557_56086_0:0051ad|STRG.11827.2:2159-2779|+   -            207 1621at50557          -           2245   1.5e-07   27.8  28.5   4   5   2.6e-07     3e-05   20.2  10.1  1181  1231   133   179   130   182 0.93 -
7376at50557_56086_0:0051ad|STRG.11827.2:2159-2779|+   -            207 1621at50557          -           2245   1.5e-07   27.8  28.5   5   5     0.042       4.8    2.9   5.1  1182  1219   172   206   171   207 0.86 -
7376at50557_56086_0:0051ad|STRG.11827.3:1901-2521|+   -            207 1621at50557          -           2245   1.5e-07   27.8  28.5   1   5   0.00049     0.056    9.3  10.6  1183  1231    19    65    15    69 0.88 -
7376at50557_56086_0:0051ad|STRG.11827.3:1901-2521|+   -            207 1621at50557          -           2245   1.5e-07   27.8  28.5   2   5     0.024       2.7    3.8  12.7  1186  1230    62   102    62   103 0.94 -
7376at50557_56086_0:0051ad|STRG.11827.3:1901-2521|+   -            207 1621at50557          -           2245   1.5e-07   27.8  28.5   3   5   2.2e-07   2.5e-05   20.4  10.4  1181  1230    95   140    92   144 0.94 -
7376at50557_56086_0:0051ad|STRG.11827.3:1901-2521|+   -            207 1621at50557          -           2245   1.5e-07   27.8  28.5   4   5   2.6e-07     3e-05   20.2  10.1  1181  1231   133   179   130   182 0.93 -
7376at50557_56086_0:0051ad|STRG.11827.3:1901-2521|+   -            207 1621at50557          -           2245   1.5e-07   27.8  28.5   5   5     0.042       4.8    2.9   5.1  1182  1219   172   206   171   207 0.86 -
1621at50557_38123_0:00357e|STRG.4508.2:3302-3547|+    -             82 1621at50557          -           2245   2.2e-06   24.0  28.3   1   1   8.7e-06   0.00099   15.1  28.3  1568  1630     1    82     1    82 0.75 -
66267at50557_680683_0:00177e|STRG.4508.1:2070-3056|+  -            329 1621at50557          -           2245   1.5e-05   21.1  11.9   1   4      0.13        14    1.3  24.0  1594  1650    32    89     3    94 0.75 -
66267at50557_680683_0:00177e|STRG.4508.1:2070-3056|+  -            329 1621at50557          -           2245   1.5e-05   21.1  11.9   2   4     0.043       4.9    2.9  35.0  1543  1642   109   247   101   247 0.67 -
66267at50557_680683_0:00177e|STRG.4508.1:2070-3056|+  -            329 1621at50557          -           2245   1.5e-05   21.1  11.9   3   4   1.3e-07   1.5e-05   21.1  11.9  1597  1642   246   295   241   296 0.84 -
66267at50557_680683_0:00177e|STRG.4508.1:2070-3056|+  -            329 1621at50557          -           2245   1.5e-05   21.1  11.9   4   4    0.0033      0.38    6.6   8.3  1597  1628   294   328   290   329 0.85 -
7376at50557_56086_0:0051ad|STRG.9644.1:3827-4411|+    -            195 1621at50557          -           2245   1.8e-05   20.9  47.2   1   4      0.39        45   -0.3   0.1  1396  1412     1    17     1    23 0.72 -
7376at50557_56086_0:0051ad|STRG.9644.1:3827-4411|+    -            195 1621at50557          -           2245   1.8e-05   20.9  47.2   2   4   3.2e-06   0.00036   16.6  11.7  1184  1230    24    66    17    68 0.93 -
7376at50557_56086_0:0051ad|STRG.9644.1:3827-4411|+    -            195 1621at50557          -           2245   1.8e-05   20.9  47.2   3   4   0.00094      0.11    8.4   9.2  1183  1233    61   107    60   125 0.89 -
7376at50557_56086_0:0051ad|STRG.9644.1:3827-4411|+    -            195 1621at50557          -           2245   1.8e-05   20.9  47.2   4   4   5.9e-06   0.00067   15.7   9.5  1183  1232   141   186   137   193 0.90 -
7376at50557_56086_0:0051ad|STRG.9644.2:3606-4190|+    -            195 1621at50557          -           2245   1.8e-05   20.9  47.2   1   4      0.39        45   -0.3   0.1  1396  1412     1    17     1    23 0.72 -
7376at50557_56086_0:0051ad|STRG.9644.2:3606-4190|+    -            195 1621at50557          -           2245   1.8e-05   20.9  47.2   2   4   3.2e-06   0.00036   16.6  11.7  1184  1230    24    66    17    68 0.93 -
7376at50557_56086_0:0051ad|STRG.9644.2:3606-4190|+    -            195 1621at50557          -           2245   1.8e-05   20.9  47.2   3   4   0.00094      0.11    8.4   9.2  1183  1233    61   107    60   125 0.89 -
7376at50557_56086_0:0051ad|STRG.9644.2:3606-4190|+    -            195 1621at50557          -           2245   1.8e-05   20.9  47.2   4   4   5.9e-06   0.00067   15.7   9.5  1183  1232   141   186   137   193 0.90 -
1621at50557_38123_0:00357e|STRG.4207.1:4331-4630|+    -            100 1621at50557          -           2245   1.9e-05   20.9  26.7   1   2   0.00012     0.014   11.3  11.8  1590  1643     3    57     2    58 0.79 -
1621at50557_38123_0:00357e|STRG.4207.1:4331-4630|+    -            100 1621at50557          -           2245   1.9e-05   20.9  26.7   2   2     5e-06   0.00057   15.9   8.1  1598  1635    56    99    50   100 0.85 -
7376at50557_56086_0:0051ad|STRG.5712.1:1949-2539|+    -            197 1621at50557          -           2245   4.7e-05   19.5   9.2   1   4    0.0014      0.16    7.8   9.9  1184  1230    16    58    11    59 0.86 -
7376at50557_56086_0:0051ad|STRG.5712.1:1949-2539|+    -            197 1621at50557          -           2245   4.7e-05   19.5   9.2   2   4   4.1e-07   4.7e-05   19.5   9.2  1183  1231    53    97    50   103 0.92 -
7376at50557_56086_0:0051ad|STRG.5712.1:1949-2539|+    -            197 1621at50557          -           2245   4.7e-05   19.5   9.2   3   4     0.015       1.7    4.4   9.3  1184  1232    92   138    92   147 0.86 -
7376at50557_56086_0:0051ad|STRG.5712.1:1949-2539|+    -            197 1621at50557          -           2245   4.7e-05   19.5   9.2   4   4    0.0048      0.55    6.0   3.3  1181  1216   166   197   160   197 0.90 -
7376at50557_88501_0:0015cd|STRG.8336.5:1151-6775|+    -           1875 1621at50557          -           2245   0.00015   17.8  21.3   1   5     0.062       7.1    2.4   0.2  1316  1409   280   378   236   389 0.62 -
7376at50557_88501_0:0015cd|STRG.8336.5:1151-6775|+    -           1875 1621at50557          -           2245   0.00015   17.8  21.3   2   5      0.81        93   -1.4   1.4  1210  1230   769   789   676   810 0.71 -
7376at50557_88501_0:0015cd|STRG.8336.5:1151-6775|+    -           1875 1621at50557          -           2245   0.00015   17.8  21.3   3   5   2.7e-05    0.0031   13.5   0.3  1341  1415  1129  1204  1114  1213 0.85 -
7376at50557_88501_0:0015cd|STRG.8336.5:1151-6775|+    -           1875 1621at50557          -           2245   0.00015   17.8  21.3   4   5   1.4e-05    0.0016   14.4   0.7  1361  1410  1401  1456  1391  1470 0.80 -
7376at50557_88501_0:0015cd|STRG.8336.5:1151-6775|+    -           1875 1621at50557          -           2245   0.00015   17.8  21.3   5   5      0.73        83   -1.2   0.0  1341  1373  1609  1640  1608  1642 0.87 -
7376at50557_88501_0:0015cd|STRG.8336.9:1151-6817|+    -           1889 1621at50557          -           2245   0.00016   17.8  21.3   1   5     0.063       7.1    2.3   0.2  1316  1409   280   378   236   389 0.62 -
7376at50557_88501_0:0015cd|STRG.8336.9:1151-6817|+    -           1889 1621at50557          -           2245   0.00016   17.8  21.3   2   5      0.82        94   -1.4   1.4  1210  1230   769   789   676   810 0.71 -
7376at50557_88501_0:0015cd|STRG.8336.9:1151-6817|+    -           1889 1621at50557          -           2245   0.00016   17.8  21.3   3   5   2.7e-05    0.0031   13.5   0.3  1341  1415  1129  1204  1114  1213 0.85 -
7376at50557_88501_0:0015cd|STRG.8336.9:1151-6817|+    -           1889 1621at50557          -           2245   0.00016   17.8  21.3   4   5   1.5e-05    0.0017   14.4   0.7  1361  1410  1401  1456  1391  1470 0.80 -
7376at50557_88501_0:0015cd|STRG.8336.9:1151-6817|+    -           1889 1621at50557          -           2245   0.00016   17.8  21.3   5   5      0.74        84   -1.2   0.0  1341  1373  1609  1640  1608  1642 0.87 -
7376at50557_88501_0:0015cd|STRG.8336.4:1151-6817|+    -           1889 1621at50557          -           2245   0.00016   17.8  21.3   1   5     0.063       7.1    2.3   0.2  1316  1409   280   378   236   389 0.62 -
7376at50557_88501_0:0015cd|STRG.8336.4:1151-6817|+    -           1889 1621at50557          -           2245   0.00016   17.8  21.3   2   5      0.82        94   -1.4   1.4  1210  1230   769   789   676   810 0.71 -
7376at50557_88501_0:0015cd|STRG.8336.4:1151-6817|+    -           1889 1621at50557          -           2245   0.00016   17.8  21.3   3   5   2.7e-05    0.0031   13.5   0.3  1341  1415  1129  1204  1114  1213 0.85 -
7376at50557_88501_0:0015cd|STRG.8336.4:1151-6817|+    -           1889 1621at50557          -           2245   0.00016   17.8  21.3   4   5   1.5e-05    0.0017   14.4   0.7  1361  1410  1401  1456  1391  1470 0.80 -
7376at50557_88501_0:0015cd|STRG.8336.4:1151-6817|+    -           1889 1621at50557          -           2245   0.00016   17.8  21.3   5   5      0.74        84   -1.2   0.0  1341  1373  1608  1639  1607  1641 0.87 -
7376at50557_88501_0:0015cd|STRG.8336.8:1151-6817|+    -           1889 1621at50557          -           2245   0.00016   17.8  21.3   1   5     0.063       7.1    2.3   0.2  1316  1409   280   378   236   389 0.62 -
7376at50557_88501_0:0015cd|STRG.8336.8:1151-6817|+    -           1889 1621at50557          -           2245   0.00016   17.8  21.3   2   5      0.82        94   -1.4   1.4  1210  1230   769   789   676   810 0.71 -
7376at50557_88501_0:0015cd|STRG.8336.8:1151-6817|+    -           1889 1621at50557          -           2245   0.00016   17.8  21.3   3   5   2.7e-05    0.0031   13.5   0.3  1341  1415  1129  1204  1114  1213 0.85 -
7376at50557_88501_0:0015cd|STRG.8336.8:1151-6817|+    -           1889 1621at50557          -           2245   0.00016   17.8  21.3   4   5   1.5e-05    0.0017   14.4   0.7  1361  1410  1401  1456  1391  1470 0.80 -
7376at50557_88501_0:0015cd|STRG.8336.8:1151-6817|+    -           1889 1621at50557          -           2245   0.00016   17.8  21.3   5   5      0.74        84   -1.2   0.0  1341  1373  1608  1639  1607  1641 0.87 -
7376at50557_88501_0:0015cd|STRG.8336.3:454-6123|+     -           1890 1621at50557          -           2245   0.00016   17.8  21.3   1   5     0.063       7.1    2.3   0.2  1316  1409   280   378   236   389 0.62 -
7376at50557_88501_0:0015cd|STRG.8336.3:454-6123|+     -           1890 1621at50557          -           2245   0.00016   17.8  21.3   2   5      0.82        94   -1.4   1.4  1210  1230   769   789   676   810 0.71 -
7376at50557_88501_0:0015cd|STRG.8336.3:454-6123|+     -           1890 1621at50557          -           2245   0.00016   17.8  21.3   3   5   2.7e-05    0.0031   13.5   0.3  1341  1415  1129  1204  1114  1213 0.85 -
7376at50557_88501_0:0015cd|STRG.8336.3:454-6123|+     -           1890 1621at50557          -           2245   0.00016   17.8  21.3   4   5   1.5e-05    0.0017   14.4   0.7  1361  1410  1401  1456  1391  1470 0.80 -
7376at50557_88501_0:0015cd|STRG.8336.3:454-6123|+     -           1890 1621at50557          -           2245   0.00016   17.8  21.3   5   5      0.74        84   -1.2   0.0  1341  1373  1609  1640  1608  1642 0.87 -
7376at50557_88501_0:0015cd|STRG.8336.6:454-6123|+     -           1890 1621at50557          -           2245   0.00016   17.8  21.3   1   5     0.063       7.1    2.3   0.2  1316  1409   280   378   236   389 0.62 -
7376at50557_88501_0:0015cd|STRG.8336.6:454-6123|+     -           1890 1621at50557          -           2245   0.00016   17.8  21.3   2   5      0.82        94   -1.4   1.4  1210  1230   769   789   676   810 0.71 -
7376at50557_88501_0:0015cd|STRG.8336.6:454-6123|+     -           1890 1621at50557          -           2245   0.00016   17.8  21.3   3   5   2.7e-05    0.0031   13.5   0.3  1341  1415  1129  1204  1114  1213 0.85 -
7376at50557_88501_0:0015cd|STRG.8336.6:454-6123|+     -           1890 1621at50557          -           2245   0.00016   17.8  21.3   4   5   1.5e-05    0.0017   14.4   0.7  1361  1410  1401  1456  1391  1470 0.80 -
7376at50557_88501_0:0015cd|STRG.8336.6:454-6123|+     -           1890 1621at50557          -           2245   0.00016   17.8  21.3   5   5      0.74        84   -1.2   0.0  1341  1373  1609  1640  1608  1642 0.87 -
7376at50557_88501_0:0015cd|STRG.8336.7:1151-6820|+    -           1890 1621at50557          -           2245   0.00016   17.8  21.3   1   5     0.063       7.1    2.3   0.2  1316  1409   280   378   236   389 0.62 -
7376at50557_88501_0:0015cd|STRG.8336.7:1151-6820|+    -           1890 1621at50557          -           2245   0.00016   17.8  21.3   2   5      0.82        94   -1.4   1.4  1210  1230   769   789   676   810 0.71 -
7376at50557_88501_0:0015cd|STRG.8336.7:1151-6820|+    -           1890 1621at50557          -           2245   0.00016   17.8  21.3   3   5   2.7e-05    0.0031   13.5   0.3  1341  1415  1129  1204  1114  1213 0.85 -
7376at50557_88501_0:0015cd|STRG.8336.7:1151-6820|+    -           1890 1621at50557          -           2245   0.00016   17.8  21.3   4   5   1.5e-05    0.0017   14.4   0.7  1361  1410  1401  1456  1391  1470 0.80 -
7376at50557_88501_0:0015cd|STRG.8336.7:1151-6820|+    -           1890 1621at50557          -           2245   0.00016   17.8  21.3   5   5      0.74        84   -1.2   0.0  1341  1373  1609  1640  1608  1642 0.87 -
7376at50557_88501_0:0015cd|STRG.8336.2:1151-7126|+    -           1992 1621at50557          -           2245   0.00021   17.4  21.3   1   5     0.067       7.6    2.2   0.2  1317  1409   281   378   236   389 0.62 -
7376at50557_88501_0:0015cd|STRG.8336.2:1151-7126|+    -           1992 1621at50557          -           2245   0.00021   17.4  21.3   2   5      0.87        99   -1.4   1.4  1210  1230   769   789   676   810 0.71 -
7376at50557_88501_0:0015cd|STRG.8336.2:1151-7126|+    -           1992 1621at50557          -           2245   0.00021   17.4  21.3   3   5   2.9e-05    0.0033   13.4   0.3  1341  1415  1129  1204  1114  1213 0.85 -
7376at50557_88501_0:0015cd|STRG.8336.2:1151-7126|+    -           1992 1621at50557          -           2245   0.00021   17.4  21.3   4   5   1.5e-05    0.0018   14.3   0.7  1361  1410  1401  1456  1391  1470 0.80 -
7376at50557_88501_0:0015cd|STRG.8336.2:1151-7126|+    -           1992 1621at50557          -           2245   0.00021   17.4  21.3   5   5      0.78        89   -1.3   0.0  1341  1373  1609  1640  1608  1642 0.87 -
1621at50557_29031_0:001ae0|STRG.13238.2:1-852|+       -            284 1621at50557          -           2245   0.00021   17.4  17.2   1   3   9.3e-06    0.0011   15.0   0.1  2168  2227     2    70     1    81 0.69 -
1621at50557_29031_0:001ae0|STRG.13238.2:1-852|+       -            284 1621at50557          -           2245   0.00021   17.4  17.2   2   3     0.013       1.5    4.6   5.8  2184  2241    76   137    66   141 0.74 -
1621at50557_29031_0:001ae0|STRG.13238.2:1-852|+       -            284 1621at50557          -           2245   0.00021   17.4  17.2   3   3    0.0067      0.76    5.6   1.1  2229  2245   167   183   145   183 0.83 -
1621at50557_7224_0:002769|STRG.11827.1:2340-4139|+    -            600 1621at50557          -           2245   0.00039   16.5   0.2   1   5       7.1   8.1e+02   -4.5  12.8  1184  1234     1    47     1    56 0.83 -
1621at50557_7224_0:002769|STRG.11827.1:2340-4139|+    -            600 1621at50557          -           2245   0.00039   16.5   0.2   2   5       1.2   1.4e+02   -1.9   0.2  1181  1201    79    99    72   107 0.84 -
1621at50557_7224_0:002769|STRG.11827.1:2340-4139|+    -            600 1621at50557          -           2245   0.00039   16.5   0.2   3   5   3.4e-06   0.00039   16.5   0.2  1361  1415   241   299   149   307 0.86 -
1621at50557_7224_0:002769|STRG.11827.1:2340-4139|+    -            600 1621at50557          -           2245   0.00039   16.5   0.2   4   5       0.3        34    0.1   0.6  1206  1221   535   550   529   555 0.81 -
1621at50557_7224_0:002769|STRG.11827.1:2340-4139|+    -            600 1621at50557          -           2245   0.00039   16.5   0.2   5   5    0.0012      0.14    8.0   6.2  1182  1230   553   596   550   599 0.90 -
1621at50557_7224_0:002769|STRG.11827.2:3095-4894|+    -            600 1621at50557          -           2245   0.00039   16.5   0.2   1   5       7.1   8.1e+02   -4.5  12.8  1184  1234     1    47     1    56 0.83 -
1621at50557_7224_0:002769|STRG.11827.2:3095-4894|+    -            600 1621at50557          -           2245   0.00039   16.5   0.2   2   5       1.2   1.4e+02   -1.9   0.2  1181  1201    79    99    72   107 0.84 -
1621at50557_7224_0:002769|STRG.11827.2:3095-4894|+    -            600 1621at50557          -           2245   0.00039   16.5   0.2   3   5   3.4e-06   0.00039   16.5   0.2  1361  1415   241   299   149   307 0.86 -
1621at50557_7224_0:002769|STRG.11827.2:3095-4894|+    -            600 1621at50557          -           2245   0.00039   16.5   0.2   4   5       0.3        34    0.1   0.6  1206  1221   535   550   529   555 0.81 -
1621at50557_7224_0:002769|STRG.11827.2:3095-4894|+    -            600 1621at50557          -           2245   0.00039   16.5   0.2   5   5    0.0012      0.14    8.0   6.2  1182  1230   553   596   550   599 0.90 -
1621at50557_7224_0:002769|STRG.11827.3:2837-4636|+    -            600 1621at50557          -           2245   0.00039   16.5   0.2   1   5       7.1   8.1e+02   -4.5  12.8  1184  1234     1    47     1    56 0.83 -
1621at50557_7224_0:002769|STRG.11827.3:2837-4636|+    -            600 1621at50557          -           2245   0.00039   16.5   0.2   2   5       1.2   1.4e+02   -1.9   0.2  1181  1201    79    99    72   107 0.84 -
1621at50557_7224_0:002769|STRG.11827.3:2837-4636|+    -            600 1621at50557          -           2245   0.00039   16.5   0.2   3   5   3.4e-06   0.00039   16.5   0.2  1361  1415   241   299   149   307 0.86 -
1621at50557_7224_0:002769|STRG.11827.3:2837-4636|+    -            600 1621at50557          -           2245   0.00039   16.5   0.2   4   5       0.3        34    0.1   0.6  1206  1221   535   550   529   555 0.81 -
1621at50557_7224_0:002769|STRG.11827.3:2837-4636|+    -            600 1621at50557          -           2245   0.00039   16.5   0.2   5   5    0.0012      0.14    8.0   6.2  1182  1230   553   596   550   599 0.90 -
7376at50557_45779_0:0001c4|STRG.8772.1:704-1471|+     -            256 1621at50557          -           2245   0.00043   16.3  11.2   1   1   4.3e-06   0.00049   16.1   9.8  1184  1378    18   241    11   251 0.74 -
7376at50557_45779_0:0001c4|STRG.8772.2:9560-10327|+   -            256 1621at50557          -           2245   0.00043   16.3  11.2   1   1   4.3e-06   0.00049   16.1   9.8  1184  1378    18   241    11   251 0.74 -
66267at50557_680683_0:00177e|STRG.17181.1:2378-3712|+ -            445 1621at50557          -           2245   0.00081   15.4  18.4   1   5    0.0016      0.18    7.6  45.3  1541  1642     3   128     1   131 0.68 -
66267at50557_680683_0:00177e|STRG.17181.1:2378-3712|+ -            445 1621at50557          -           2245   0.00081   15.4  18.4   2   5    0.0035       0.4    6.5  12.9  1597  1643   127   176   123   178 0.85 -
66267at50557_680683_0:00177e|STRG.17181.1:2378-3712|+ -            445 1621at50557          -           2245   0.00081   15.4  18.4   3   5   2.6e-05     0.003   13.6  13.7  1598  1642   175   224   171   225 0.87 -
66267at50557_680683_0:00177e|STRG.17181.1:2378-3712|+ -            445 1621at50557          -           2245   0.00081   15.4  18.4   4   5   7.1e-06   0.00081   15.4  18.4  1597  1651   223   280   220   284 0.88 -
66267at50557_680683_0:00177e|STRG.17181.1:2378-3712|+ -            445 1621at50557          -           2245   0.00081   15.4  18.4   5   5       3.7   4.3e+02   -3.5  18.1  1595  1643   360   419   358   442 0.64 -
66267at50557_680683_0:00177e|STRG.4508.2:2558-3544|+  -            329 1621at50557          -           2245    0.0014   14.6  99.1   1   3      0.11        12    1.5  23.8  1594  1650    32    89     3    94 0.75 -
66267at50557_680683_0:00177e|STRG.4508.2:2558-3544|+  -            329 1621at50557          -           2245    0.0014   14.6  99.1   2   3     0.051       5.8    2.6  34.2  1543  1638   109   242    94   247 0.68 -
66267at50557_680683_0:00177e|STRG.4508.2:2558-3544|+  -            329 1621at50557          -           2245    0.0014   14.6  99.1   3   3   0.00045     0.051    9.4  25.0  1568  1628   249   328   249   329 0.73 -
4042at50557_110193_0:002235|STRG.10286.1:1911-4088|+  -            726 1621at50557          -           2245     0.034   10.0 163.4   1   5    0.0075      0.85    5.4  24.6  1544  1634     2    90     1   103 0.63 -
4042at50557_110193_0:002235|STRG.10286.1:1911-4088|+  -            726 1621at50557          -           2245     0.034   10.0 163.4   2   5    0.0021      0.24    7.2   9.3  1598  1633   310   349   294   358 0.85 -
4042at50557_110193_0:002235|STRG.10286.1:1911-4088|+  -            726 1621at50557          -           2245     0.034   10.0 163.4   3   5    0.0065      0.74    5.6  32.0  1564  1650   356   458   348   465 0.79 -
4042at50557_110193_0:002235|STRG.10286.1:1911-4088|+  -            726 1621at50557          -           2245     0.034   10.0 163.4   4   5       3.4   3.9e+02   -3.4  38.9  1540  1642   480   616   464   617 0.62 -
4042at50557_110193_0:002235|STRG.10286.1:1911-4088|+  -            726 1621at50557          -           2245     0.034   10.0 163.4   5   5   0.00015     0.017   11.0  31.4  1563  1634   613   704   612   714 0.80 -
4042at50557_110193_0:002235|STRG.10286.2:1998-4175|+  -            726 1621at50557          -           2245     0.034   10.0 163.4   1   5    0.0075      0.85    5.4  24.6  1544  1634     2    90     1   103 0.63 -
4042at50557_110193_0:002235|STRG.10286.2:1998-4175|+  -            726 1621at50557          -           2245     0.034   10.0 163.4   2   5    0.0021      0.24    7.2   9.3  1598  1633   310   349   294   358 0.85 -
4042at50557_110193_0:002235|STRG.10286.2:1998-4175|+  -            726 1621at50557          -           2245     0.034   10.0 163.4   3   5    0.0065      0.74    5.6  32.0  1564  1650   356   458   348   465 0.79 -
4042at50557_110193_0:002235|STRG.10286.2:1998-4175|+  -            726 1621at50557          -           2245     0.034   10.0 163.4   4   5       3.4   3.9e+02   -3.4  38.9  1540  1642   480   616   464   617 0.62 -
4042at50557_110193_0:002235|STRG.10286.2:1998-4175|+  -            726 1621at50557          -           2245     0.034   10.0 163.4   5   5   0.00015     0.017   11.0  31.4  1563  1634   613   704   612   714 0.80 -
#
# Program:         hmmsearch
# Version:         3.4 (Aug 2023)
# Pipeline mode:   SEARCH
# Query file:      /home/justine/projet_tutore/busco_downloads/lineages/insecta_odb10/hmms/1621at50557.hmm
# Target file:     annotation_analysis/annotation_gcf/T_cornetzi/busco_output/run_insecta_odb10/metaeuk_output/initial_results/assembled_transcripts.fasta.modified.fas
# Option settings: hmmsearch --domtblout annotation_analysis/annotation_gcf/T_cornetzi/busco_output/run_insecta_odb10/hmmer_output/initial_run_results/1621at50557.out --cpu 1 /home/justine/projet_tutore/busco_downloads/lineages/insecta_odb10/hmms/1621at50557.hmm annotation_analysis/annotation_gcf/T_cornetzi/busco_output/run_insecta_odb10/metaeuk_output/initial_results/assembled_transcripts.fasta.modified.fas 
# Current dir:     /home/justine/projet_tutore
# Date:            Sun Dec  1 20:03:39 2024
# [ok]
