#                                                                                                               --- full sequence --- -------------- this domain -------------   hmm coord   ali coord   env coord
# target name                                           accession   tlen query name           accession   qlen   E-value  score  bias   #  of  c-Evalue  i-Evalue  score  bias  from    to  from    to  from    to  acc description of target
#                                   ------------------- ---------- ----- -------------------- ---------- ----- --------- ------ ----- --- --- --------- --------- ------ ----- ----- ----- ----- ----- ----- ----- ---- ---------------------
18458at50557_286306_0:000122|STRG.5357.1:73-3000|+      -            976 18458at50557         -            517  9.9e-203  673.2  82.5   1   8         7   9.2e+03   -6.6  15.3     1    56     2    60     2    78 0.42 -
18458at50557_286306_0:000122|STRG.5357.1:73-3000|+      -            976 18458at50557         -            517  9.9e-203  673.2  82.5   2   8         7   9.2e+03  -14.1  19.6    13    57    76   112    57   157 0.57 -
18458at50557_286306_0:000122|STRG.5357.1:73-3000|+      -            976 18458at50557         -            517  9.9e-203  673.2  82.5   3   8   0.00044      0.58    7.5  10.1    16    67   159   209   141   215 0.61 -
18458at50557_286306_0:000122|STRG.5357.1:73-3000|+      -            976 18458at50557         -            517  9.9e-203  673.2  82.5   4   8   1.5e-53     2e-50  170.7   4.1    57   149   233   335   228   339 0.92 -
18458at50557_286306_0:000122|STRG.5357.1:73-3000|+      -            976 18458at50557         -            517  9.9e-203  673.2  82.5   5   8   2.7e-49   3.6e-46  156.7   5.0   146   231   395   480   381   495 0.93 -
18458at50557_286306_0:000122|STRG.5357.1:73-3000|+      -            976 18458at50557         -            517  9.9e-203  673.2  82.5   6   8   6.1e-22   8.1e-19   66.4   0.1   244   297   553   606   550   620 0.90 -
18458at50557_286306_0:000122|STRG.5357.1:73-3000|+      -            976 18458at50557         -            517  9.9e-203  673.2  82.5   7   8     2e-29   2.6e-26   91.1   0.0   291   381   643   754   629   783 0.86 -
18458at50557_286306_0:000122|STRG.5357.1:73-3000|+      -            976 18458at50557         -            517  9.9e-203  673.2  82.5   8   8   4.9e-68   6.5e-65  218.5   0.0   384   516   794   933   765   934 0.92 -
18458at50557_286306_0:000122|STRG.5357.2:73-2889|+      -            939 18458at50557         -            517  3.6e-201  668.1  70.5   1   7         7   9.2e+03   -6.9  15.7     1    56     2    60     2    77 0.42 -
18458at50557_286306_0:000122|STRG.5357.2:73-2889|+      -            939 18458at50557         -            517  3.6e-201  668.1  70.5   2   7         7   9.2e+03   -8.9  13.8    12    57    75   112    58   128 0.50 -
18458at50557_286306_0:000122|STRG.5357.2:73-2889|+      -            939 18458at50557         -            517  3.6e-201  668.1  70.5   3   7   4.7e-51   6.2e-48  162.5  13.8    55   149   194   298   116   302 0.81 -
18458at50557_286306_0:000122|STRG.5357.2:73-2889|+      -            939 18458at50557         -            517  3.6e-201  668.1  70.5   4   7   2.6e-49   3.4e-46  156.7   5.0   146   231   358   443   344   458 0.93 -
18458at50557_286306_0:000122|STRG.5357.2:73-2889|+      -            939 18458at50557         -            517  3.6e-201  668.1  70.5   5   7   5.8e-22   7.7e-19   66.5   0.1   244   297   516   569   513   583 0.90 -
18458at50557_286306_0:000122|STRG.5357.2:73-2889|+      -            939 18458at50557         -            517  3.6e-201  668.1  70.5   6   7   1.9e-29   2.5e-26   91.2   0.0   291   381   606   717   592   746 0.86 -
18458at50557_286306_0:000122|STRG.5357.2:73-2889|+      -            939 18458at50557         -            517  3.6e-201  668.1  70.5   7   7   4.6e-68   6.1e-65  218.6   0.0   384   516   757   896   728   897 0.92 -
18458at50557_211228_0:0003bc|STRG.5357.3:105-2883|+     -            923 18458at50557         -            517  2.4e-192  638.9  80.4   1   7         7   9.2e+03   -6.7  15.4     1    56     2    60     2    77 0.42 -
18458at50557_211228_0:0003bc|STRG.5357.3:105-2883|+     -            923 18458at50557         -            517  2.4e-192  638.9  80.4   2   7         7   9.2e+03   -9.7  14.8    12    57    75   112    58   137 0.54 -
18458at50557_211228_0:0003bc|STRG.5357.3:105-2883|+     -            923 18458at50557         -            517  2.4e-192  638.9  80.4   3   7   0.00052      0.68    7.3  10.5    16    67   159   209   139   215 0.61 -
18458at50557_211228_0:0003bc|STRG.5357.3:105-2883|+     -            923 18458at50557         -            517  2.4e-192  638.9  80.4   4   7   1.4e-53   1.8e-50  170.8   4.1    57   149   233   335   228   339 0.92 -
18458at50557_211228_0:0003bc|STRG.5357.3:105-2883|+     -            923 18458at50557         -            517  2.4e-192  638.9  80.4   5   7   2.5e-49   3.3e-46  156.8   5.0   146   231   395   480   381   495 0.93 -
18458at50557_211228_0:0003bc|STRG.5357.3:105-2883|+     -            923 18458at50557         -            517  2.4e-192  638.9  80.4   6   7   5.7e-22   7.5e-19   66.5   0.1   244   297   553   606   550   620 0.90 -
18458at50557_211228_0:0003bc|STRG.5357.3:105-2883|+     -            923 18458at50557         -            517  2.4e-192  638.9  80.4   7   7   3.9e-84   5.2e-81  271.6   0.0   291   516   643   880   629   881 0.88 -
18458at50557_7536_0:0043c7|STRG.4838.1:429-1085|+       -            219 18458at50557         -            517   1.2e-22   79.0   0.2   1   1   1.3e-24   1.7e-21   75.2   0.2   316   502     2   219     1   219 0.76 -
106896at50557_1049336_0:0046e8|STRG.12611.3:1386-2216|+ -            277 18458at50557         -            517   0.00039   18.0   0.4   1   2     3e-07   0.00039   18.0   0.4    71   137    24    89    13    97 0.88 -
106896at50557_1049336_0:0046e8|STRG.12611.3:1386-2216|+ -            277 18458at50557         -            517   0.00039   18.0   0.4   2   2    0.0059       7.8    3.8   5.3    48   138   119   215   105   229 0.74 -
39871at50557_7536_0:000d98|STRG.8728.1:1924-2160|+      -             79 18458at50557         -            517     0.001   16.6   6.3   1   1   8.3e-07    0.0011   16.5   6.3    53   126    13    79     4    79 0.85 -
45419at50557_51655_0:002e4f|STRG.13010.1:1558-1857|+    -            100 18458at50557         -            517    0.0018   15.8   1.5   1   2     0.019        25    2.1   4.9    71   127     3    51     1    55 0.64 -
45419at50557_51655_0:002e4f|STRG.13010.1:1558-1857|+    -            100 18458at50557         -            517    0.0018   15.8   1.5   2   2   1.3e-06    0.0018   15.8   1.5    66   113    53    99    49   100 0.77 -
#
# Program:         hmmsearch
# Version:         3.4 (Aug 2023)
# Pipeline mode:   SEARCH
# Query file:      /home/justine/projet_tutore/busco_downloads/lineages/insecta_odb10/hmms/18458at50557.hmm
# Target file:     annotation_analysis/annotation_gcf/T_cornetzi/busco_output/run_insecta_odb10/metaeuk_output/initial_results/assembled_transcripts.fasta.modified.fas
# Option settings: hmmsearch --domtblout annotation_analysis/annotation_gcf/T_cornetzi/busco_output/run_insecta_odb10/hmmer_output/initial_run_results/18458at50557.out --cpu 1 /home/justine/projet_tutore/busco_downloads/lineages/insecta_odb10/hmms/18458at50557.hmm annotation_analysis/annotation_gcf/T_cornetzi/busco_output/run_insecta_odb10/metaeuk_output/initial_results/assembled_transcripts.fasta.modified.fas 
# Current dir:     /home/justine/projet_tutore
# Date:            Sun Dec  1 20:03:58 2024
# [ok]
