#                                                                                                              --- full sequence --- -------------- this domain -------------   hmm coord   ali coord   env coord
# target name                                          accession   tlen query name           accession   qlen   E-value  score  bias   #  of  c-Evalue  i-Evalue  score  bias  from    to  from    to  from    to  acc description of target
#                                  ------------------- ---------- ----- -------------------- ---------- ----- --------- ------ ----- --- --- --------- --------- ------ ----- ----- ----- ----- ----- ----- ----- ---- ---------------------
2101at50557_520822_0:000c37|STRG.6316.2:213-11118|+    -           3608 2101at50557          -           1411         0 1596.7  91.7   1   9   2.7e-50   1.7e-47  160.9  13.8     1   280   151   495   151   522 0.66 -
2101at50557_520822_0:000c37|STRG.6316.2:213-11118|+    -           3608 2101at50557          -           1411         0 1596.7  91.7   2   9   1.7e-23   1.1e-20   72.1  14.0   188   321   535   688   442   696 0.84 -
2101at50557_520822_0:000c37|STRG.6316.2:213-11118|+    -           3608 2101at50557          -           1411         0 1596.7  91.7   3   9   3.8e-16   2.3e-13   47.8   3.5   317   425   712   860   699   919 0.75 -
2101at50557_520822_0:000c37|STRG.6316.2:213-11118|+    -           3608 2101at50557          -           1411         0 1596.7  91.7   4   9   1.8e-16   1.1e-13   48.8   0.3   477   522  1035  1080   932  1093 0.71 -
2101at50557_520822_0:000c37|STRG.6316.2:213-11118|+    -           3608 2101at50557          -           1411         0 1596.7  91.7   5   9   7.5e-50   4.6e-47  159.5   1.4   514   656  1097  1257  1091  1340 0.84 -
2101at50557_520822_0:000c37|STRG.6316.2:213-11118|+    -           3608 2101at50557          -           1411         0 1596.7  91.7   6   9   7.8e-10   4.8e-07   26.9   0.2   698   791  1452  1556  1429  1558 0.77 -
2101at50557_520822_0:000c37|STRG.6316.2:213-11118|+    -           3608 2101at50557          -           1411         0 1596.7  91.7   7   9   7.3e-06    0.0045   13.7   0.2   735   811  1548  1625  1537  1636 0.63 -
2101at50557_520822_0:000c37|STRG.6316.2:213-11118|+    -           3608 2101at50557          -           1411         0 1596.7  91.7   8   9   2.9e-93   1.8e-90  303.3   0.0   794  1008  1641  1898  1625  1909 0.82 -
2101at50557_520822_0:000c37|STRG.6316.2:213-11118|+    -           3608 2101at50557          -           1411         0 1596.7  91.7   9   9  3.5e-243  2.1e-240  800.1   3.6   995  1411  1993  2451  1989  2451 0.92 -
2101at50557_520822_0:000c37|STRG.6316.1:188-11545|+    -           3696 2101at50557          -           1411         0 1573.2  98.3   1   9   1.6e-11   9.5e-09   32.5   0.8     1    90   151   266   151   276 0.69 -
2101at50557_520822_0:000c37|STRG.6316.1:188-11545|+    -           3696 2101at50557          -           1411         0 1573.2  98.3   2   9   5.6e-35   3.5e-32  110.2  13.2    57   252   278   506   271   559 0.65 -
2101at50557_520822_0:000c37|STRG.6316.1:188-11545|+    -           3696 2101at50557          -           1411         0 1573.2  98.3   3   9   2.9e-23   1.8e-20   71.4  14.8   188   321   578   731   484   739 0.83 -
2101at50557_520822_0:000c37|STRG.6316.1:188-11545|+    -           3696 2101at50557          -           1411         0 1573.2  98.3   4   9   5.5e-16   3.4e-13   47.3   4.2   317   426   755   904   743   976 0.74 -
2101at50557_520822_0:000c37|STRG.6316.1:188-11545|+    -           3696 2101at50557          -           1411         0 1573.2  98.3   5   9   8.7e-61   5.4e-58  195.7   8.7   476   656  1077  1300   930  1383 0.76 -
2101at50557_520822_0:000c37|STRG.6316.1:188-11545|+    -           3696 2101at50557          -           1411         0 1573.2  98.3   6   9     8e-10   4.9e-07   26.8   0.2   698   791  1495  1599  1472  1601 0.77 -
2101at50557_520822_0:000c37|STRG.6316.1:188-11545|+    -           3696 2101at50557          -           1411         0 1573.2  98.3   7   9   7.5e-06    0.0046   13.7   0.2   735   811  1591  1668  1580  1679 0.63 -
2101at50557_520822_0:000c37|STRG.6316.1:188-11545|+    -           3696 2101at50557          -           1411         0 1573.2  98.3   8   9     3e-93   1.9e-90  303.3   0.0   794  1008  1684  1941  1668  1952 0.82 -
2101at50557_520822_0:000c37|STRG.6316.1:188-11545|+    -           3696 2101at50557          -           1411         0 1573.2  98.3   9   9  3.6e-243  2.2e-240  800.1   3.6   995  1411  2036  2494  2032  2494 0.92 -
2101at50557_307491_0:000f2d|STRG.11500.1:6024-7289|+   -            422 2101at50557          -           1411   4.1e-63  212.7   3.4   1   2     0.073        45    0.5   0.5  1023  1041     1    19     1    25 0.87 -
2101at50557_307491_0:000f2d|STRG.11500.1:6024-7289|+   -            422 2101at50557          -           1411   4.1e-63  212.7   3.4   2   2   1.3e-65   7.9e-63  211.7   0.1  1079  1411    35   383    27   383 0.83 -
2101at50557_307491_0:000f2d|STRG.11500.2:6024-7289|+   -            422 2101at50557          -           1411   4.1e-63  212.7   3.4   1   2     0.073        45    0.5   0.5  1023  1041     1    19     1    25 0.87 -
2101at50557_307491_0:000f2d|STRG.11500.2:6024-7289|+   -            422 2101at50557          -           1411   4.1e-63  212.7   3.4   2   2   1.3e-65   7.9e-63  211.7   0.1  1079  1411    35   383    27   383 0.83 -
2101at50557_29031_0:00295e|STRG.19499.1:6794-7510|+    -            239 2101at50557          -           1411     2e-43  147.4   0.0   1   2   2.7e-17   1.7e-14   51.6   0.0  1165  1250     1    94     1   107 0.84 -
2101at50557_29031_0:00295e|STRG.19499.1:6794-7510|+    -            239 2101at50557          -           1411     2e-43  147.4   0.0   2   2   4.2e-30   2.6e-27   94.1   0.0  1325  1406   157   238   152   239 0.95 -
2101at50557_29031_0:00295e|STRG.19499.2:6886-7602|+    -            239 2101at50557          -           1411     2e-43  147.4   0.0   1   2   2.7e-17   1.7e-14   51.6   0.0  1165  1250     1    94     1   107 0.84 -
2101at50557_29031_0:00295e|STRG.19499.2:6886-7602|+    -            239 2101at50557          -           1411     2e-43  147.4   0.0   2   2   4.2e-30   2.6e-27   94.1   0.0  1325  1406   157   238   152   239 0.95 -
2101at50557_38123_0:0034b2|STRG.17130.6:8016-8651|+    -            212 2101at50557          -           1411   1.8e-40  137.6   0.1   1   2   3.3e-06     0.002   14.9   0.0  1227  1252     1    26     1    30 0.93 -
2101at50557_38123_0:0034b2|STRG.17130.6:8016-8651|+    -            212 2101at50557          -           1411   1.8e-40  137.6   0.1   2   2   3.1e-38   1.9e-35  121.0   0.0  1325  1411    94   180    90   180 0.97 -
2101at50557_307491_0:000f2d|STRG.10478.1:10125-11153|+ -            343 2101at50557          -           1411   5.6e-28   96.3   0.0   1   1   1.2e-30   7.3e-28   95.9   0.0  1135  1399     3   292     1   295 0.88 -
2101at50557_56086_0:003b59|STRG.19856.1:719-1303|+     -            195 2101at50557          -           1411   3.4e-12   43.9   0.0   1   2   0.00018      0.11    9.1   0.0  1180  1250    20    93     2    97 0.85 -
2101at50557_56086_0:003b59|STRG.19856.1:719-1303|+     -            195 2101at50557          -           1411   3.4e-12   43.9   0.0   2   2     1e-11   6.3e-09   33.1   0.0  1332  1373   126   166   123   192 0.91 -
2101at50557_56086_0:003b59|STRG.19856.3:2203-2787|+    -            195 2101at50557          -           1411   3.4e-12   43.9   0.0   1   2   0.00018      0.11    9.1   0.0  1180  1250    20    93     2    97 0.85 -
2101at50557_56086_0:003b59|STRG.19856.3:2203-2787|+    -            195 2101at50557          -           1411   3.4e-12   43.9   0.0   2   2     1e-11   6.3e-09   33.1   0.0  1332  1373   126   166   123   192 0.91 -
2101at50557_56086_0:003b59|STRG.19856.4:2114-2698|+    -            195 2101at50557          -           1411   3.4e-12   43.9   0.0   1   2   0.00018      0.11    9.1   0.0  1180  1250    20    93     2    97 0.85 -
2101at50557_56086_0:003b59|STRG.19856.4:2114-2698|+    -            195 2101at50557          -           1411   3.4e-12   43.9   0.0   2   2     1e-11   6.3e-09   33.1   0.0  1332  1373   126   166   123   192 0.91 -
2101at50557_56086_0:003b59|STRG.9343.1:2399-2989|+     -            197 2101at50557          -           1411   4.7e-09   33.5   0.3   1   2    0.0054       3.3    4.2   0.0  1175  1257     6    93     1   114 0.83 -
2101at50557_56086_0:003b59|STRG.9343.1:2399-2989|+     -            197 2101at50557          -           1411   4.7e-09   33.5   0.3   2   2   3.1e-10   1.9e-07   28.2   0.1  1326  1397   121   193   108   197 0.80 -
2101at50557_56086_0:003b59|STRG.9343.2:2613-3203|+     -            197 2101at50557          -           1411   4.7e-09   33.5   0.3   1   2    0.0054       3.3    4.2   0.0  1175  1257     6    93     1   114 0.83 -
2101at50557_56086_0:003b59|STRG.9343.2:2613-3203|+     -            197 2101at50557          -           1411   4.7e-09   33.5   0.3   2   2   3.1e-10   1.9e-07   28.2   0.1  1326  1397   121   193   108   197 0.80 -
2101at50557_56086_0:003b59|STRG.9343.3:2841-3431|+     -            197 2101at50557          -           1411   4.7e-09   33.5   0.3   1   2    0.0054       3.3    4.2   0.0  1175  1257     6    93     1   114 0.83 -
2101at50557_56086_0:003b59|STRG.9343.3:2841-3431|+     -            197 2101at50557          -           1411   4.7e-09   33.5   0.3   2   2   3.1e-10   1.9e-07   28.2   0.1  1326  1397   121   193   108   197 0.80 -
2101at50557_56086_0:003b59|STRG.19856.2:719-1180|+     -            154 2101at50557          -           1411   4.9e-09   33.5   0.3   1   2    0.0001     0.064    9.9   0.0  1180  1250    20    93     2    97 0.85 -
2101at50557_56086_0:003b59|STRG.19856.2:719-1180|+     -            154 2101at50557          -           1411   4.9e-09   33.5   0.3   2   2   2.3e-08   1.4e-05   22.0   0.2  1331  1360   125   154   122   154 0.93 -
#
# Program:         hmmsearch
# Version:         3.4 (Aug 2023)
# Pipeline mode:   SEARCH
# Query file:      /home/justine/projet_tutore/busco_downloads/lineages/insecta_odb10/hmms/2101at50557.hmm
# Target file:     annotation_analysis/annotation_gcf/T_cornetzi/busco_output/run_insecta_odb10/metaeuk_output/initial_results/assembled_transcripts.fasta.modified.fas
# Option settings: hmmsearch --domtblout annotation_analysis/annotation_gcf/T_cornetzi/busco_output/run_insecta_odb10/hmmer_output/initial_run_results/2101at50557.out --cpu 1 /home/justine/projet_tutore/busco_downloads/lineages/insecta_odb10/hmms/2101at50557.hmm annotation_analysis/annotation_gcf/T_cornetzi/busco_output/run_insecta_odb10/metaeuk_output/initial_results/assembled_transcripts.fasta.modified.fas 
# Current dir:     /home/justine/projet_tutore
# Date:            Sun Dec  1 20:04:38 2024
# [ok]
