#                                                                                                            --- full sequence --- -------------- this domain -------------   hmm coord   ali coord   env coord
# target name                                        accession   tlen query name           accession   qlen   E-value  score  bias   #  of  c-Evalue  i-Evalue  score  bias  from    to  from    to  from    to  acc description of target
#                                ------------------- ---------- ----- -------------------- ---------- ----- --------- ------ ----- --- --- --------- --------- ------ ----- ----- ----- ----- ----- ----- ----- ---- ---------------------
22096at50557_34720_0:000cb9|STRG.1272.1:406-3348|+   -            981 22096at50557         -            795         0 1042.2  24.7   1   3  4.3e-124  3.3e-121  405.1   6.8     3   289     6   326     4   339 0.89 -
22096at50557_34720_0:000cb9|STRG.1272.1:406-3348|+   -            981 22096at50557         -            795         0 1042.2  24.7   2   3  1.1e-192  8.8e-190  631.9   5.0   286   757   351   897   348   906 0.90 -
22096at50557_34720_0:000cb9|STRG.1272.1:406-3348|+   -            981 22096at50557         -            795         0 1042.2  24.7   3   3   6.7e-06    0.0051   14.2   0.2   752   795   922   975   913   975 0.81 -
22096at50557_62324_0:0016a0|STRG.5056.3:588-2168|+   -            527 22096at50557         -            795   6.3e-21   73.4   5.9   1   3   4.1e-17   3.2e-14   51.2   0.0     8   130    15   141     6   175 0.86 -
22096at50557_62324_0:0016a0|STRG.5056.3:588-2168|+   -            527 22096at50557         -            795   6.3e-21   73.4   5.9   2   3      0.42   3.2e+02   -1.7   0.0   498   530   238   270   215   280 0.76 -
22096at50557_62324_0:0016a0|STRG.5056.3:588-2168|+   -            527 22096at50557         -            795   6.3e-21   73.4   5.9   3   3     2e-08   1.5e-05   22.5   2.4   273   374   311   410   306   417 0.83 -
11161at50557_456900_0:002408|STRG.13553.2:152-3313|+ -           1054 22096at50557         -            795   1.1e-19   69.3  14.7   1   4   7.2e-20   5.5e-17   60.4   0.3    10   197    15   212     6   236 0.83 -
11161at50557_456900_0:002408|STRG.13553.2:152-3313|+ -           1054 22096at50557         -            795   1.1e-19   69.3  14.7   2   4    0.0001     0.078   10.3   4.2   242   503   288   554   260   573 0.69 -
11161at50557_456900_0:002408|STRG.13553.2:152-3313|+ -           1054 22096at50557         -            795   1.1e-19   69.3  14.7   3   4      0.56   4.3e+02   -2.1   0.0   233   273   605   644   574   663 0.72 -
11161at50557_456900_0:002408|STRG.13553.2:152-3313|+ -           1054 22096at50557         -            795   1.1e-19   69.3  14.7   4   4    0.0096       7.4    3.7   0.0   695   729   808   842   739   849 0.73 -
11161at50557_456900_0:002408|STRG.13553.1:152-3325|+ -           1058 22096at50557         -            795   4.9e-19   67.2  15.8   1   4   7.2e-20   5.6e-17   60.4   0.3    10   197    15   212     6   236 0.83 -
11161at50557_456900_0:002408|STRG.13553.1:152-3325|+ -           1058 22096at50557         -            795   4.9e-19   67.2  15.8   2   4    0.0004      0.31    8.3   5.2   243   503   289   558   260   591 0.68 -
11161at50557_456900_0:002408|STRG.13553.1:152-3325|+ -           1058 22096at50557         -            795   4.9e-19   67.2  15.8   3   4      0.47   3.6e+02   -1.9   0.1   233   273   609   648   563   671 0.73 -
11161at50557_456900_0:002408|STRG.13553.1:152-3325|+ -           1058 22096at50557         -            795   4.9e-19   67.2  15.8   4   4    0.0097       7.4    3.7   0.0   695   729   812   846   743   853 0.73 -
11161at50557_315563_0:0015ae|STRG.5973.1:375-2243|+  -            623 22096at50557         -            795   9.4e-15   53.0   3.3   1   1   5.2e-17     4e-14   50.9   3.3    35   365     2   360     1   377 0.73 -
11161at50557_7394_0:000721|STRG.5056.2:481-885|+     -            135 22096at50557         -            795   3.2e-10   38.0   0.0   1   1   4.4e-13   3.3e-10   37.9   0.0    47   140     3   103     1   124 0.83 -
11161at50557_7394_0:000721|STRG.5056.4:535-939|+     -            135 22096at50557         -            795   3.2e-10   38.0   0.0   1   1   4.4e-13   3.3e-10   37.9   0.0    47   140     3   103     1   124 0.83 -
11161at50557_7394_0:000721|STRG.5056.5:634-1038|+    -            135 22096at50557         -            795   3.2e-10   38.0   0.0   1   1   4.4e-13   3.3e-10   37.9   0.0    47   140     3   103     1   124 0.83 -
10664at50557_79782_0:00103c|STRG.10143.2:225-1925|+  -            567 22096at50557         -            795   7.9e-05   20.2   0.0   1   2   3.1e-07   0.00024   18.6   0.0    44   127    11    89     2    95 0.91 -
10664at50557_79782_0:00103c|STRG.10143.2:225-1925|+  -            567 22096at50557         -            795   7.9e-05   20.2   0.0   2   2       1.1   8.3e+02   -3.1   0.1   459   655   181   202   148   228 0.49 -
22096at50557_69004_0:002668|STRG.5056.6:782-2335|+   -            518 22096at50557         -            795   0.00022   18.7   0.2   1   3   2.8e-07   0.00022   18.7   0.2   313   374     8    70     1    77 0.86 -
22096at50557_69004_0:002668|STRG.5056.6:782-2335|+   -            518 22096at50557         -            795   0.00022   18.7   0.2   2   3       1.3   9.7e+02   -3.3   0.2   627   667   215   255   186   304 0.57 -
22096at50557_69004_0:002668|STRG.5056.6:782-2335|+   -            518 22096at50557         -            795   0.00022   18.7   0.2   3   3     0.093        72    0.5   0.5   663   727   448   518   388   518 0.72 -
22096at50557_69004_0:002668|STRG.5056.7:780-2333|+   -            518 22096at50557         -            795   0.00022   18.7   0.2   1   3   2.8e-07   0.00022   18.7   0.2   313   374     8    70     1    77 0.86 -
22096at50557_69004_0:002668|STRG.5056.7:780-2333|+   -            518 22096at50557         -            795   0.00022   18.7   0.2   2   3       1.3   9.7e+02   -3.3   0.2   627   667   215   255   186   304 0.57 -
22096at50557_69004_0:002668|STRG.5056.7:780-2333|+   -            518 22096at50557         -            795   0.00022   18.7   0.2   3   3     0.093        72    0.5   0.5   663   727   448   518   388   518 0.72 -
11161at50557_7394_0:000721|STRG.5056.7:60-314|+      -             85 22096at50557         -            795    0.0044   14.4   0.0   1   1   5.7e-06    0.0044   14.4   0.0    94   144     4    57     1    78 0.78 -
#
# Program:         hmmsearch
# Version:         3.4 (Aug 2023)
# Pipeline mode:   SEARCH
# Query file:      /home/justine/projet_tutore/busco_downloads/lineages/insecta_odb10/hmms/22096at50557.hmm
# Target file:     annotation_analysis/annotation_gcf/T_cornetzi/busco_output/run_insecta_odb10/metaeuk_output/initial_results/assembled_transcripts.fasta.modified.fas
# Option settings: hmmsearch --domtblout annotation_analysis/annotation_gcf/T_cornetzi/busco_output/run_insecta_odb10/hmmer_output/initial_run_results/22096at50557.out --cpu 1 /home/justine/projet_tutore/busco_downloads/lineages/insecta_odb10/hmms/22096at50557.hmm annotation_analysis/annotation_gcf/T_cornetzi/busco_output/run_insecta_odb10/metaeuk_output/initial_results/assembled_transcripts.fasta.modified.fas 
# Current dir:     /home/justine/projet_tutore
# Date:            Sun Dec  1 20:04:44 2024
# [ok]
