#                                                                                                             --- full sequence --- -------------- this domain -------------   hmm coord   ali coord   env coord
# target name                                         accession   tlen query name           accession   qlen   E-value  score  bias   #  of  c-Evalue  i-Evalue  score  bias  from    to  from    to  from    to  acc description of target
#                                 ------------------- ---------- ----- -------------------- ---------- ----- --------- ------ ----- --- --- --------- --------- ------ ----- ----- ----- ----- ----- ----- ----- ---- ---------------------
25937at50557_286306_0:0024f1|STRG.20284.1:176-2008|+  -            611 25937at50557         -            516         0 1037.1   8.8   1   2  2.6e-123  6.6e-121  403.2   4.5     1   185    10   207    10   219 0.94 -
25937at50557_286306_0:0024f1|STRG.20284.1:176-2008|+  -            611 25937at50557         -            516         0 1037.1   8.8   2   2  1.3e-193  3.3e-191  635.2   0.1   182   516   229   609   220   609 0.94 -
25937at50557_13164_0:003806|STRG.13058.1:826-2220|+   -            465 25937at50557         -            516   6.3e-13   47.0   0.2   1   3    0.0014      0.37    8.1   0.0    98   120     3    25     1    41 0.87 -
25937at50557_13164_0:003806|STRG.13058.1:826-2220|+   -            465 25937at50557         -            516   6.3e-13   47.0   0.2   2   3   6.4e-05     0.016   12.6   0.0   394   452   126   184   108   240 0.83 -
25937at50557_13164_0:003806|STRG.13058.1:826-2220|+   -            465 25937at50557         -            516   6.3e-13   47.0   0.2   3   3   8.6e-07   0.00022   18.8   0.2   321   449   320   463   317   465 0.53 -
25937at50557_13164_0:003806|STRG.13058.2:646-2040|+   -            465 25937at50557         -            516   6.3e-13   47.0   0.2   1   3    0.0014      0.37    8.1   0.0    98   120     3    25     1    41 0.87 -
25937at50557_13164_0:003806|STRG.13058.2:646-2040|+   -            465 25937at50557         -            516   6.3e-13   47.0   0.2   2   3   6.4e-05     0.016   12.6   0.0   394   452   126   184   108   240 0.83 -
25937at50557_13164_0:003806|STRG.13058.2:646-2040|+   -            465 25937at50557         -            516   6.3e-13   47.0   0.2   3   3   8.6e-07   0.00022   18.8   0.2   321   449   320   463   317   465 0.53 -
25937at50557_286706_0:0011e5|STRG.19046.1:555-2021|+  -            489 25937at50557         -            516   4.3e-08   31.0   0.1   1   3     0.018       4.7    4.5   0.0    98   122     3    27     1    36 0.87 -
25937at50557_286706_0:0011e5|STRG.19046.1:555-2021|+  -            489 25937at50557         -            516   4.3e-08   31.0   0.1   2   3     0.045        11    3.2   0.0   393   450   118   175    99   198 0.77 -
25937at50557_286706_0:0011e5|STRG.19046.1:555-2021|+  -            489 25937at50557         -            516   4.3e-08   31.0   0.1   3   3   2.8e-06   0.00072   17.1   0.0   321   464   318   477   315   485 0.52 -
25937at50557_286706_0:0011e5|STRG.19046.2:834-2300|+  -            489 25937at50557         -            516   4.3e-08   31.0   0.1   1   3     0.018       4.7    4.5   0.0    98   122     3    27     1    36 0.87 -
25937at50557_286706_0:0011e5|STRG.19046.2:834-2300|+  -            489 25937at50557         -            516   4.3e-08   31.0   0.1   2   3     0.045        11    3.2   0.0   393   450   118   175    99   198 0.77 -
25937at50557_286706_0:0011e5|STRG.19046.2:834-2300|+  -            489 25937at50557         -            516   4.3e-08   31.0   0.1   3   3   2.8e-06   0.00072   17.1   0.0   321   464   318   477   315   485 0.52 -
25937at50557_1629725_0:000a4d|STRG.18796.1:590-1186|+ -            199 25937at50557         -            516   9.6e-07   26.6   0.0   1   2     3e-05    0.0076   13.7   0.0   317   345    26    54    12    64 0.68 -
25937at50557_1629725_0:000a4d|STRG.18796.1:590-1186|+ -            199 25937at50557         -            516   9.6e-07   26.6   0.0   2   2   0.00018     0.046   11.1   0.0   372   464   104   199    79   199 0.77 -
25937at50557_1629725_0:000a4d|STRG.18796.2:587-1327|+ -            247 25937at50557         -            516   1.8e-06   25.6   0.0   1   2   3.3e-05    0.0083   13.6   0.0   317   345    74   102    35   112 0.76 -
25937at50557_1629725_0:000a4d|STRG.18796.2:587-1327|+ -            247 25937at50557         -            516   1.8e-06   25.6   0.0   2   2    0.0003     0.078   10.4   0.0   372   464   152   247   128   247 0.76 -
25937at50557_1629725_0:000a4d|STRG.18796.3:209-949|+  -            247 25937at50557         -            516   1.8e-06   25.6   0.0   1   2   3.3e-05    0.0083   13.6   0.0   317   345    74   102    35   112 0.76 -
25937at50557_1629725_0:000a4d|STRG.18796.3:209-949|+  -            247 25937at50557         -            516   1.8e-06   25.6   0.0   2   2    0.0003     0.078   10.4   0.0   372   464   152   247   128   247 0.76 -
107632at50557_38123_0:001c0e|STRG.7118.3:177-1661|+   -            495 25937at50557         -            516   9.2e-06   23.3   0.3   1   2   0.00067      0.17    9.2   0.1    95   123    52    80    39    88 0.86 -
107632at50557_38123_0:001c0e|STRG.7118.3:177-1661|+   -            495 25937at50557         -            516   9.2e-06   23.3   0.3   2   2   9.6e-05     0.025   12.0   0.0   388   450   153   218   110   265 0.69 -
107632at50557_38123_0:001c0e|STRG.7118.2:177-1667|+   -            497 25937at50557         -            516   9.3e-06   23.3   0.3   1   2   0.00067      0.17    9.2   0.1    95   123    52    80    39    88 0.86 -
107632at50557_38123_0:001c0e|STRG.7118.2:177-1667|+   -            497 25937at50557         -            516   9.3e-06   23.3   0.3   2   2   9.6e-05     0.025   12.0   0.0   388   450   153   218   110   265 0.69 -
107632at50557_38123_0:001c0e|STRG.15008.1:415-1818|+  -            468 25937at50557         -            516     1e-05   23.1   0.3   1   2    0.0041       1.1    6.6   0.0    92   125    35    68     8    79 0.77 -
107632at50557_38123_0:001c0e|STRG.15008.1:415-1818|+  -            468 25937at50557         -            516     1e-05   23.1   0.3   2   2   1.7e-05    0.0043   14.5   0.1   373   446   125   202    89   231 0.72 -
107632at50557_38123_0:001c0e|STRG.1548.1:442-1905|+   -            488 25937at50557         -            516   1.3e-05   22.9   1.1   1   2    0.0014      0.36    8.2   0.2    94   123    41    70    15    85 0.78 -
107632at50557_38123_0:001c0e|STRG.1548.1:442-1905|+   -            488 25937at50557         -            516   1.3e-05   22.9   1.1   2   2   5.6e-05     0.014   12.8   0.0   374   450   128   208   103   230 0.66 -
107632at50557_38123_0:001c0e|STRG.1548.2:352-1815|+   -            488 25937at50557         -            516   1.3e-05   22.9   1.1   1   2    0.0014      0.36    8.2   0.2    94   123    41    70    15    85 0.78 -
107632at50557_38123_0:001c0e|STRG.1548.2:352-1815|+   -            488 25937at50557         -            516   1.3e-05   22.9   1.1   2   2   5.6e-05     0.014   12.8   0.0   374   450   128   208   103   230 0.66 -
107632at50557_38123_0:001c0e|STRG.1548.4:195-1658|+   -            488 25937at50557         -            516   1.3e-05   22.9   1.1   1   2    0.0014      0.36    8.2   0.2    94   123    41    70    15    85 0.78 -
107632at50557_38123_0:001c0e|STRG.1548.4:195-1658|+   -            488 25937at50557         -            516   1.3e-05   22.9   1.1   2   2   5.6e-05     0.014   12.8   0.0   374   450   128   208   103   230 0.66 -
107632at50557_38123_0:001c0e|STRG.18065.2:603-2030|+  -            476 25937at50557         -            516   1.3e-05   22.8   0.1   1   1   1.1e-07   2.9e-05   21.7   0.1    94   228    29   184    26   221 0.72 -
107632at50557_38123_0:001c0e|STRG.7113.2:105-1556|+   -            484 25937at50557         -            516   2.2e-05   22.1   0.2   1   1   3.5e-05    0.0089   13.5   0.2   313   436    48   201     8   236 0.57 -
107632at50557_38123_0:001c0e|STRG.7113.4:223-1638|+   -            472 25937at50557         -            516   2.6e-05   21.9   0.1   1   1   3.6e-05    0.0092   13.4   0.1   373   436   125   189     3   228 0.59 -
107632at50557_38123_0:001c0e|STRG.7113.5:202-1617|+   -            472 25937at50557         -            516   2.6e-05   21.9   0.1   1   1   3.6e-05    0.0092   13.4   0.1   373   436   125   189     3   228 0.59 -
107632at50557_38123_0:001c0e|STRG.11878.1:806-2344|+  -            513 25937at50557         -            516   2.7e-05   21.8   0.1   1   2    0.0063       1.6    6.0   0.1    94   122    32    60    27    66 0.89 -
107632at50557_38123_0:001c0e|STRG.11878.1:806-2344|+  -            513 25937at50557         -            516   2.7e-05   21.8   0.1   2   2   3.3e-05    0.0083   13.6   0.0   340   431    89   177    63   197 0.75 -
25937at50557_1629725_0:000a4d|STRG.5742.1:2936-3547|+ -            204 25937at50557         -            516   8.1e-05   20.2   0.3   1   2     0.014       3.5    4.9   0.2    95   144     8    57     4    85 0.77 -
25937at50557_1629725_0:000a4d|STRG.5742.1:2936-3547|+ -            204 25937at50557         -            516   8.1e-05   20.2   0.3   2   2   3.1e-05    0.0079   13.7   0.0   394   450   104   165    95   196 0.71 -
25937at50557_1629725_0:000a4d|STRG.5742.2:2594-3205|+ -            204 25937at50557         -            516   8.1e-05   20.2   0.3   1   2     0.014       3.5    4.9   0.2    95   144     8    57     4    85 0.77 -
25937at50557_1629725_0:000a4d|STRG.5742.2:2594-3205|+ -            204 25937at50557         -            516   8.1e-05   20.2   0.3   2   2   3.1e-05    0.0079   13.7   0.0   394   450   104   165    95   196 0.71 -
25937at50557_1629725_0:000a4d|STRG.5742.3:2594-3205|+ -            204 25937at50557         -            516   8.1e-05   20.2   0.3   1   2     0.014       3.5    4.9   0.2    95   144     8    57     4    85 0.77 -
25937at50557_1629725_0:000a4d|STRG.5742.3:2594-3205|+ -            204 25937at50557         -            516   8.1e-05   20.2   0.3   2   2   3.1e-05    0.0079   13.7   0.0   394   450   104   165    95   196 0.71 -
25937at50557_1629725_0:000a4d|STRG.5742.4:2043-2654|+ -            204 25937at50557         -            516   8.1e-05   20.2   0.3   1   2     0.014       3.5    4.9   0.2    95   144     8    57     4    85 0.77 -
25937at50557_1629725_0:000a4d|STRG.5742.4:2043-2654|+ -            204 25937at50557         -            516   8.1e-05   20.2   0.3   2   2   3.1e-05    0.0079   13.7   0.0   394   450   104   165    95   196 0.71 -
25937at50557_1629725_0:000a4d|STRG.5742.5:1935-2546|+ -            204 25937at50557         -            516   8.1e-05   20.2   0.3   1   2     0.014       3.5    4.9   0.2    95   144     8    57     4    85 0.77 -
25937at50557_1629725_0:000a4d|STRG.5742.5:1935-2546|+ -            204 25937at50557         -            516   8.1e-05   20.2   0.3   2   2   3.1e-05    0.0079   13.7   0.0   394   450   104   165    95   196 0.71 -
107632at50557_38123_0:001c0e|STRG.1553.1:324-1784|+   -            487 25937at50557         -            516   9.1e-05   20.0   0.1   1   2    0.0018      0.47    7.8   0.0    97   124    44    71     3    98 0.75 -
107632at50557_38123_0:001c0e|STRG.1553.1:324-1784|+   -            487 25937at50557         -            516   9.1e-05   20.0   0.1   2   2   0.00034     0.086   10.2   0.0   376   430   130   185   102   219 0.72 -
96115at50557_7004_0:0002cb|STRG.18798.1:3181-4839|+   -            553 25937at50557         -            516   0.00016   19.2   0.0   1   2   0.00033     0.084   10.3   0.0    92   118   400   426   394   444 0.87 -
96115at50557_7004_0:0002cb|STRG.18798.1:3181-4839|+   -            553 25937at50557         -            516   0.00016   19.2   0.0   2   2    0.0038      0.98    6.7   0.0   182   213   518   549   480   553 0.71 -
25937at50557_1049336_0:002f2c|STRG.3868.1:2097-2909|+ -            271 25937at50557         -            516   0.00024   18.7   0.2   1   2      0.29        74    0.5   0.1    50   115    30    96     1   110 0.59 -
25937at50557_1049336_0:002f2c|STRG.3868.1:2097-2909|+ -            271 25937at50557         -            516   0.00024   18.7   0.2   2   2   4.1e-06    0.0011   16.5   0.0   394   450   172   231   100   256 0.81 -
25937at50557_1049336_0:002f2c|STRG.3868.2:536-1348|+  -            271 25937at50557         -            516   0.00024   18.7   0.2   1   2      0.29        74    0.5   0.1    50   115    30    96     1   110 0.59 -
25937at50557_1049336_0:002f2c|STRG.3868.2:536-1348|+  -            271 25937at50557         -            516   0.00024   18.7   0.2   2   2   4.1e-06    0.0011   16.5   0.0   394   450   172   231   100   256 0.81 -
25937at50557_1049336_0:002f2c|STRG.3868.3:2169-2981|+ -            271 25937at50557         -            516   0.00024   18.7   0.2   1   2      0.29        74    0.5   0.1    50   115    30    96     1   110 0.59 -
25937at50557_1049336_0:002f2c|STRG.3868.3:2169-2981|+ -            271 25937at50557         -            516   0.00024   18.7   0.2   2   2   4.1e-06    0.0011   16.5   0.0   394   450   172   231   100   256 0.81 -
96115at50557_7004_0:0002cb|STRG.17113.2:961-2223|+    -            421 25937at50557         -            516   0.00034   18.2   0.0   1   2     0.043        11    3.3   0.0    83   338   263   295   196   315 0.61 -
96115at50557_7004_0:0002cb|STRG.17113.2:961-2223|+    -            421 25937at50557         -            516   0.00034   18.2   0.0   2   2   6.4e-05     0.016   12.6   0.0   180   212   385   417   372   420 0.91 -
107632at50557_38123_0:001c0e|STRG.11882.1:670-2301|+  -            544 25937at50557         -            516    0.0011   16.5   0.1   1   2     0.034       8.8    3.6   0.1    94   120    32    58    13    64 0.88 -
107632at50557_38123_0:001c0e|STRG.11882.1:670-2301|+  -            544 25937at50557         -            516    0.0011   16.5   0.1   2   2   0.00044      0.11    9.8   0.0   182   226   143   187   135   212 0.68 -
107632at50557_38123_0:001c0e|STRG.11882.2:366-1997|+  -            544 25937at50557         -            516    0.0011   16.5   0.1   1   2     0.034       8.8    3.6   0.1    94   120    32    58    13    64 0.88 -
107632at50557_38123_0:001c0e|STRG.11882.2:366-1997|+  -            544 25937at50557         -            516    0.0011   16.5   0.1   2   2   0.00044      0.11    9.8   0.0   182   226   143   187   135   212 0.68 -
107632at50557_38123_0:001c0e|STRG.11882.3:653-2284|+  -            544 25937at50557         -            516    0.0011   16.5   0.1   1   2     0.034       8.8    3.6   0.1    94   120    32    58    13    64 0.88 -
107632at50557_38123_0:001c0e|STRG.11882.3:653-2284|+  -            544 25937at50557         -            516    0.0011   16.5   0.1   2   2   0.00044      0.11    9.8   0.0   182   226   143   187   135   212 0.68 -
107632at50557_38123_0:001c0e|STRG.11882.4:434-2065|+  -            544 25937at50557         -            516    0.0011   16.5   0.1   1   2     0.034       8.8    3.6   0.1    94   120    32    58    13    64 0.88 -
107632at50557_38123_0:001c0e|STRG.11882.4:434-2065|+  -            544 25937at50557         -            516    0.0011   16.5   0.1   2   2   0.00044      0.11    9.8   0.0   182   226   143   187   135   212 0.68 -
96115at50557_7004_0:0002cb|STRG.1136.2:782-2086|+     -            435 25937at50557         -            516    0.0029   15.1   0.0   1   2     0.056        14    2.9   0.0    86   114   278   305   243   313 0.83 -
96115at50557_7004_0:0002cb|STRG.1136.2:782-2086|+     -            435 25937at50557         -            516    0.0029   15.1   0.0   2   2    0.0004       0.1   10.0   0.0   376   430   380   433   348   435 0.78 -
96115at50557_7004_0:0002cb|STRG.1136.3:782-2031|+     -            407 25937at50557         -            516    0.0037   14.8   0.3   1   2     0.055        14    2.9   0.1    86   114   278   305   241   310 0.81 -
96115at50557_7004_0:0002cb|STRG.1136.3:782-2031|+     -            407 25937at50557         -            516    0.0037   14.8   0.3   2   2   0.00055      0.14    9.5   0.0   393   430   368   405   340   407 0.79 -
#
# Program:         hmmsearch
# Version:         3.4 (Aug 2023)
# Pipeline mode:   SEARCH
# Query file:      /home/justine/projet_tutore/busco_downloads/lineages/insecta_odb10/hmms/25937at50557.hmm
# Target file:     annotation_analysis/annotation_gcf/T_cornetzi/busco_output/run_insecta_odb10/metaeuk_output/initial_results/assembled_transcripts.fasta.modified.fas
# Option settings: hmmsearch --domtblout annotation_analysis/annotation_gcf/T_cornetzi/busco_output/run_insecta_odb10/hmmer_output/initial_run_results/25937at50557.out --cpu 1 /home/justine/projet_tutore/busco_downloads/lineages/insecta_odb10/hmms/25937at50557.hmm annotation_analysis/annotation_gcf/T_cornetzi/busco_output/run_insecta_odb10/metaeuk_output/initial_results/assembled_transcripts.fasta.modified.fas 
# Current dir:     /home/justine/projet_tutore
# Date:            Sun Dec  1 20:05:01 2024
# [ok]
