#                                                                                                              --- full sequence --- -------------- this domain -------------   hmm coord   ali coord   env coord
# target name                                          accession   tlen query name           accession   qlen   E-value  score  bias   #  of  c-Evalue  i-Evalue  score  bias  from    to  from    to  from    to  acc description of target
#                                  ------------------- ---------- ----- -------------------- ---------- ----- --------- ------ ----- --- --- --------- --------- ------ ----- ----- ----- ----- ----- ----- ----- ---- ---------------------
25981at50557_456900_0:000c28|STRG.8154.1:74-2353|+     -            760 25981at50557         -            589         0 1095.4  25.5   1   3  1.2e-262  2.4e-260  864.1  11.1     1   458     3   499     3   536 0.92 -
25981at50557_456900_0:000c28|STRG.8154.1:74-2353|+     -            760 25981at50557         -            589         0 1095.4  25.5   2   3       1.4   2.7e+02   -1.3   1.4   445   483   515   554   504   573 0.68 -
25981at50557_456900_0:000c28|STRG.8154.1:74-2353|+     -            760 25981at50557         -            589         0 1095.4  25.5   3   3   1.6e-72   3.2e-70  236.2   1.8   446   585   598   738   587   742 0.93 -
109756at50557_52612_0:003ea0|STRG.3942.1:302-523|+     -             74 25981at50557         -            589   1.2e-15   56.0   0.5   1   1   7.3e-18   1.4e-15   55.8   0.5    74   137     5    71     2    73 0.91 -
74932at50557_222816_0:000a9b|STRG.18149.1:198-1241|+   -            348 25981at50557         -            589   3.8e-14   51.0   0.4   1   1   2.7e-16   5.3e-14   50.6   0.4    74   138     3    69     2    80 0.91 -
41065at50557_7536_0:00279b|STRG.2361.1:311-607|+       -             99 25981at50557         -            589   1.1e-13   49.5   0.1   1   1   6.9e-16   1.3e-13   49.2   0.1    74   136     1    65     1    71 0.92 -
109756at50557_378494_0:003794|STRG.12328.1:290-502|+   -             71 25981at50557         -            589   2.6e-13   48.3   0.8   1   1   1.5e-15   2.9e-13   48.1   0.8    76   137     1    66     1    70 0.91 -
109756at50557_378494_0:003794|STRG.12328.3:264-476|+   -             71 25981at50557         -            589   2.6e-13   48.3   0.8   1   1   1.5e-15   2.9e-13   48.1   0.8    76   137     1    66     1    70 0.91 -
74932at50557_286706_0:00199c|STRG.6574.1:219-1232|+    -            338 25981at50557         -            589     3e-12   44.8   0.1   1   1   2.1e-14   4.1e-12   44.3   0.1    76   136    11    71     4    83 0.94 -
74932at50557_286706_0:00199c|STRG.6574.2:216-1229|+    -            338 25981at50557         -            589     3e-12   44.8   0.1   1   1   2.1e-14   4.1e-12   44.3   0.1    76   136    11    71     4    83 0.94 -
74932at50557_286706_0:00199c|STRG.6574.3:447-1460|+    -            338 25981at50557         -            589     3e-12   44.8   0.1   1   1   2.1e-14   4.1e-12   44.3   0.1    76   136    11    71     4    83 0.94 -
74932at50557_103372_0:0007c3|STRG.3605.1:11-1126|+     -            372 25981at50557         -            589   4.1e-12   44.3   0.0   1   1   3.5e-14   6.8e-12   43.6   0.0    51   137    19   105     4   114 0.87 -
73951at50557_34720_0:00262d|STRG.8218.3:32-1578|+      -            481 25981at50557         -            589   1.7e-11   42.3   0.3   1   1   1.3e-13   2.4e-11   41.8   0.3    75   146    87   161    76   167 0.87 -
73951at50557_34720_0:00262d|STRG.8218.2:31-1605|+      -            525 25981at50557         -            589   1.8e-11   42.2   0.3   1   1   1.4e-13   2.6e-11   41.7   0.3    75   146    82   156    68   162 0.87 -
109756at50557_378494_0:003794|STRG.12328.2:290-475|+   -             62 25981at50557         -            589   1.8e-11   42.2   0.4   1   1     1e-13     2e-11   42.1   0.4    76   132     1    61     1    62 0.91 -
73951at50557_34720_0:00262d|STRG.8218.1:32-1621|+      -            530 25981at50557         -            589   1.9e-11   42.1   0.3   1   1   1.5e-13   2.8e-11   41.6   0.3    75   146    87   161    76   167 0.87 -
125026at50557_411798_0:00322d|STRG.11209.1:1-777|+     -            259 25981at50557         -            589   7.6e-11   40.1   0.0   1   1   8.1e-13   1.6e-10   39.1   0.0    70   130    53   117    46   122 0.89 -
109756at50557_103372_0:00251e|STRG.17061.3:182-859|+   -            226 25981at50557         -            589   9.4e-11   39.8   0.2   1   1   6.3e-13   1.2e-10   39.5   0.2    76   137    14    78     5    99 0.86 -
109756at50557_103372_0:00251e|STRG.17061.2:183-872|+   -            230 25981at50557         -            589   9.6e-11   39.8   0.2   1   1   6.5e-13   1.2e-10   39.4   0.2    76   137    14    78     5    99 0.86 -
125026at50557_454923_0:000298|STRG.18876.1:2049-2438|+ -            130 25981at50557         -            589     1e-10   39.7   0.0   1   1   7.1e-13   1.4e-10   39.3   0.0    74   134    44   106    39   111 0.92 -
125026at50557_454923_0:000298|STRG.18876.2:1791-2180|+ -            130 25981at50557         -            589     1e-10   39.7   0.0   1   1   7.1e-13   1.4e-10   39.3   0.0    74   134    44   106    39   111 0.92 -
125026at50557_454923_0:000298|STRG.18876.3:2117-2506|+ -            130 25981at50557         -            589     1e-10   39.7   0.0   1   1   7.1e-13   1.4e-10   39.3   0.0    74   134    44   106    39   111 0.92 -
109756at50557_103372_0:00251e|STRG.17061.1:183-926|+   -            248 25981at50557         -            589   1.1e-10   39.6   0.2   1   1   7.6e-13   1.5e-10   39.2   0.2    76   137    14    78     5    99 0.86 -
88846at50557_34720_0:00286f|STRG.20725.1:0-1316|+      -            439 25981at50557         -            589   2.3e-10   38.6   0.0   1   1   1.8e-12   3.4e-10   38.0   0.0    68   134    39   107    11   171 0.88 -
100045at50557_103372_0:000fa2|STRG.12907.1:55-1026|+   -            324 25981at50557         -            589   5.3e-10   37.4   0.0   1   1   4.9e-12   9.4e-10   36.5   0.0    71   133     5    70     2    73 0.92 -
41065at50557_103372_0:000e4c|STRG.8980.1:139-1581|+    -            481 25981at50557         -            589   5.4e-09   34.0   0.4   1   1   4.4e-11   8.4e-09   33.4   0.4    73   141   377   451   365   455 0.85 -
127306at50557_64793_0:0016b5|STRG.15520.3:90-743|+     -            218 25981at50557         -            589   1.6e-08   32.5   0.4   1   1   1.1e-10   2.1e-08   32.1   0.4    74   137    67   133    57   139 0.92 -
127306at50557_64793_0:0016b5|STRG.15520.1:144-818|+    -            225 25981at50557         -            589   1.7e-08   32.4   0.4   1   1   1.2e-10   2.2e-08   32.0   0.4    74   137    67   133    57   139 0.92 -
127306at50557_64793_0:0016b5|STRG.15520.2:90-764|+     -            225 25981at50557         -            589   1.7e-08   32.4   0.4   1   1   1.2e-10   2.2e-08   32.0   0.4    74   137    67   133    57   139 0.92 -
126448at50557_568069_0:001ed1|STRG.11111.1:122-859|+   -            246 25981at50557         -            589     2e-08   32.1   0.2   1   2   1.1e-10     2e-08   32.1   0.2    75   139    17    86     8    91 0.85 -
126448at50557_568069_0:001ed1|STRG.11111.1:122-859|+   -            246 25981at50557         -            589     2e-08   32.1   0.2   2   2       5.9   1.1e+03   -3.4   0.3   443   471   178   208   166   221 0.55 -
41065at50557_133901_0:001440|STRG.17666.1:346-1698|+   -            451 25981at50557         -            589   1.6e-07   29.1   0.6   1   1   1.6e-09     3e-07   28.3   0.6    74   134   349   417   343   426 0.84 -
41065at50557_133901_0:001440|STRG.17666.2:162-1514|+   -            451 25981at50557         -            589   1.6e-07   29.1   0.6   1   1   1.6e-09     3e-07   28.3   0.6    74   134   349   417   343   426 0.84 -
100045at50557_7395_0:004563|STRG.6180.1:167-445|+      -             93 25981at50557         -            589   4.4e-07   27.7   0.1   1   1   2.6e-09     5e-07   27.5   0.1    75   133     3    62     1    68 0.92 -
60993at50557_103372_0:00057c|STRG.3313.1:85-1767|+     -            561 25981at50557         -            589   6.6e-07   27.1   0.1   1   1     6e-09   1.1e-06   26.3   0.1    73   136    13    82     4    84 0.81 -
109756at50557_378494_0:003794|STRG.12773.1:3330-3521|+ -             64 25981at50557         -            589   6.8e-07   27.1   0.0   1   1   3.8e-09   7.2e-07   27.0   0.0    85   131    10    62     2    64 0.82 -
109756at50557_378494_0:003794|STRG.12773.2:3359-3550|+ -             64 25981at50557         -            589   6.8e-07   27.1   0.0   1   1   3.8e-09   7.2e-07   27.0   0.0    85   131    10    62     2    64 0.82 -
108140at50557_34720_0:001e92|STRG.12922.1:173-2107|+   -            645 25981at50557         -            589   2.8e-06   25.1   2.3   1   2   1.6e-08   3.1e-06   24.9   0.0    76   133     5    66     3    70 0.83 -
108140at50557_34720_0:001e92|STRG.12922.1:173-2107|+   -            645 25981at50557         -            589   2.8e-06   25.1   2.3   2   2       3.5   6.7e+02   -2.6   0.8   452   533   245   332   201   335 0.57 -
108140at50557_34720_0:001e92|STRG.12922.5:575-2509|+   -            645 25981at50557         -            589   2.8e-06   25.1   2.3   1   2   1.6e-08   3.1e-06   24.9   0.0    76   133     5    66     3    70 0.83 -
108140at50557_34720_0:001e92|STRG.12922.5:575-2509|+   -            645 25981at50557         -            589   2.8e-06   25.1   2.3   2   2       3.5   6.7e+02   -2.6   0.8   452   533   245   332   201   335 0.57 -
108140at50557_520822_0:000b46|STRG.12922.2:132-2066|+  -            645 25981at50557         -            589   2.8e-06   25.1   2.3   1   2   1.6e-08   3.1e-06   24.9   0.0    76   133     5    66     3    70 0.83 -
108140at50557_520822_0:000b46|STRG.12922.2:132-2066|+  -            645 25981at50557         -            589   2.8e-06   25.1   2.3   2   2       3.5   6.7e+02   -2.6   0.8   452   533   245   332   201   335 0.57 -
108140at50557_121225_0:00229f|STRG.12922.4:147-1200|+  -            344 25981at50557         -            589   5.4e-06   24.1   0.0   1   2   2.8e-08   5.4e-06   24.1   0.0    76   124     5    57     3    72 0.74 -
108140at50557_121225_0:00229f|STRG.12922.4:147-1200|+  -            344 25981at50557         -            589   5.4e-06   24.1   0.0   2   2       1.8   3.4e+02   -1.7   1.2   452   534   203   291   176   295 0.59 -
96874at50557_34720_0:002015|STRG.3817.1:339-1448|+     -            370 25981at50557         -            589     2e-05   22.2   0.0   1   2       9.2   1.8e+03   -4.0   0.4   177   227   141   194   125   196 0.48 -
96874at50557_34720_0:002015|STRG.3817.1:339-1448|+     -            370 25981at50557         -            589     2e-05   22.2   0.0   2   2   1.1e-07     2e-05   22.2   0.0    72   130   296   361   286   366 0.85 -
74932at50557_104421_0:00028f|STRG.9250.4:111-698|+     -            196 25981at50557         -            589   0.00061   17.3   0.0   1   2   7.4e-06    0.0014   16.1   0.0    76   137     5    68     2    74 0.92 -
74932at50557_104421_0:00028f|STRG.9250.4:111-698|+     -            196 25981at50557         -            589   0.00061   17.3   0.0   2   2         3   5.7e+02   -2.4   0.0   255   292   126   163   115   172 0.77 -
74932at50557_104421_0:00028f|STRG.9250.5:111-698|+     -            196 25981at50557         -            589   0.00061   17.3   0.0   1   2   7.4e-06    0.0014   16.1   0.0    76   137     5    68     2    74 0.92 -
74932at50557_104421_0:00028f|STRG.9250.5:111-698|+     -            196 25981at50557         -            589   0.00061   17.3   0.0   2   2         3   5.7e+02   -2.4   0.0   255   292   126   163   115   172 0.77 -
60993at50557_1155016_0:000fc6|STRG.8061.1:1047-1217|+  -             57 25981at50557         -            589     0.001   16.6   0.1   1   1   5.2e-06     0.001   16.6   0.1    76   106     3    35     1    56 0.79 -
60993at50557_1155016_0:000fc6|STRG.8061.2:427-597|+    -             57 25981at50557         -            589     0.001   16.6   0.1   1   1   5.2e-06     0.001   16.6   0.1    76   106     3    35     1    56 0.79 -
60993at50557_1155016_0:000fc6|STRG.8061.3:353-523|+    -             57 25981at50557         -            589     0.001   16.6   0.1   1   1   5.2e-06     0.001   16.6   0.1    76   106     3    35     1    56 0.79 -
74932at50557_104421_0:00028f|STRG.9250.1:137-1072|+    -            312 25981at50557         -            589    0.0017   15.8   0.0   1   1   1.8e-05    0.0035   14.8   0.0    76   137     5    68     2    73 0.92 -
146677at50557_520822_0:000d68|STRG.882.1:76-414|+      -            113 25981at50557         -            589    0.0038   14.7   0.0   1   2       1.4   2.7e+02   -1.3   0.0   294   314    20    40    14    53 0.83 -
146677at50557_520822_0:000d68|STRG.882.1:76-414|+      -            113 25981at50557         -            589    0.0038   14.7   0.0   2   2   5.2e-05    0.0099   13.3   0.0    66   105    55    94    45    99 0.86 -
2744at50557_103372_0:002a6a|STRG.20187.1:354-7043|+    -           2230 25981at50557         -            589     0.026   11.9   0.0   1   1   0.00031     0.059   10.8   0.0    75   125  1293  1345  1286  1358 0.80 -
2744at50557_103372_0:002a6a|STRG.20187.2:354-7118|+    -           2255 25981at50557         -            589     0.027   11.9   0.0   1   1   0.00031      0.06   10.8   0.0    75   125  1318  1370  1311  1383 0.80 -
#
# Program:         hmmsearch
# Version:         3.4 (Aug 2023)
# Pipeline mode:   SEARCH
# Query file:      /home/justine/projet_tutore/busco_downloads/lineages/insecta_odb10/hmms/25981at50557.hmm
# Target file:     annotation_analysis/annotation_gcf/T_cornetzi/busco_output/run_insecta_odb10/metaeuk_output/initial_results/assembled_transcripts.fasta.modified.fas
# Option settings: hmmsearch --domtblout annotation_analysis/annotation_gcf/T_cornetzi/busco_output/run_insecta_odb10/hmmer_output/initial_run_results/25981at50557.out --cpu 1 /home/justine/projet_tutore/busco_downloads/lineages/insecta_odb10/hmms/25981at50557.hmm annotation_analysis/annotation_gcf/T_cornetzi/busco_output/run_insecta_odb10/metaeuk_output/initial_results/assembled_transcripts.fasta.modified.fas 
# Current dir:     /home/justine/projet_tutore
# Date:            Sun Dec  1 20:05:01 2024
# [ok]
