#                                                                                                            --- full sequence --- -------------- this domain -------------   hmm coord   ali coord   env coord
# target name                                        accession   tlen query name           accession   qlen   E-value  score  bias   #  of  c-Evalue  i-Evalue  score  bias  from    to  from    to  from    to  acc description of target
#                                ------------------- ---------- ----- -------------------- ---------- ----- --------- ------ ----- --- --- --------- --------- ------ ----- ----- ----- ----- ----- ----- ----- ---- ---------------------
30050at50557_411798_0:001ff0|STRG.17167.1:189-2501|+ -            771 30050at50557         -            577  8.4e-260  862.3 110.5   1   5  3.4e-133    1e-129  432.7  44.2     1   257     4   266     4   274 0.97 -
30050at50557_411798_0:001ff0|STRG.17167.1:189-2501|+ -            771 30050at50557         -            577  8.4e-260  862.3 110.5   2   5   1.4e-27   4.4e-24   84.0   9.4   255   340   302   388   285   391 0.87 -
30050at50557_411798_0:001ff0|STRG.17167.1:189-2501|+ -            771 30050at50557         -            577  8.4e-260  862.3 110.5   3   5   5.3e-21   1.6e-17   62.3   8.4   312   411   387   518   376   523 0.71 -
30050at50557_411798_0:001ff0|STRG.17167.1:189-2501|+ -            771 30050at50557         -            577  8.4e-260  862.3 110.5   4   5   2.4e-08   7.5e-05   20.5   0.4   407   443   551   588   543   593 0.83 -
30050at50557_411798_0:001ff0|STRG.17167.1:189-2501|+ -            771 30050at50557         -            577  8.4e-260  862.3 110.5   5   5     5e-87   1.5e-83  280.3  21.2   432   577   599   744   588   744 0.97 -
30050at50557_411798_0:001ff0|STRG.17167.2:507-2009|+ -            501 30050at50557         -            577  6.3e-175  582.0  71.9   1   3  1.1e-133  3.5e-130  434.3  44.0     1   257     4   266     4   275 0.97 -
30050at50557_411798_0:001ff0|STRG.17167.2:507-2009|+ -            501 30050at50557         -            577  6.3e-175  582.0  71.9   2   3   9.2e-28   2.8e-24   84.6   9.9   255   340   302   388   286   393 0.87 -
30050at50557_411798_0:001ff0|STRG.17167.2:507-2009|+ -            501 30050at50557         -            577  6.3e-175  582.0  71.9   3   3   1.4e-24   4.3e-21   74.1   4.7   311   405   386   501   374   501 0.76 -
41050at50557_29053_0:000973|STRG.11626.1:1-504|+     -            168 30050at50557         -            577     0.021   12.4   0.0   1   1   8.6e-06     0.027   12.1   0.0   141   212    54   127    39   132 0.83 -
#
# Program:         hmmsearch
# Version:         3.4 (Aug 2023)
# Pipeline mode:   SEARCH
# Query file:      /home/justine/projet_tutore/busco_downloads/lineages/insecta_odb10/hmms/30050at50557.hmm
# Target file:     annotation_analysis/annotation_gcf/T_cornetzi/busco_output/run_insecta_odb10/metaeuk_output/initial_results/assembled_transcripts.fasta.modified.fas
# Option settings: hmmsearch --domtblout annotation_analysis/annotation_gcf/T_cornetzi/busco_output/run_insecta_odb10/hmmer_output/initial_run_results/30050at50557.out --cpu 1 /home/justine/projet_tutore/busco_downloads/lineages/insecta_odb10/hmms/30050at50557.hmm annotation_analysis/annotation_gcf/T_cornetzi/busco_output/run_insecta_odb10/metaeuk_output/initial_results/assembled_transcripts.fasta.modified.fas 
# Current dir:     /home/justine/projet_tutore
# Date:            Sun Dec  1 20:05:19 2024
# [ok]
