#                                                                                                              --- full sequence --- -------------- this domain -------------   hmm coord   ali coord   env coord
# target name                                          accession   tlen query name           accession   qlen   E-value  score  bias   #  of  c-Evalue  i-Evalue  score  bias  from    to  from    to  from    to  acc description of target
#                                  ------------------- ---------- ----- -------------------- ---------- ----- --------- ------ ----- --- --- --------- --------- ------ ----- ----- ----- ----- ----- ----- ----- ---- ---------------------
30308at50557_456900_0:0004aa|STRG.16825.1:935-3916|+   -            994 30308at50557         -            342    2e-166  552.1  65.8   1   7   0.00011      0.02   12.9   0.2     1    20   230   249   230   264 0.85 -
30308at50557_456900_0:0004aa|STRG.16825.1:935-3916|+   -            994 30308at50557         -            342    2e-166  552.1  65.8   2   7    0.0034      0.64    7.9   4.6    12    64   366   418   358   422 0.89 -
30308at50557_456900_0:0004aa|STRG.16825.1:935-3916|+   -            994 30308at50557         -            342    2e-166  552.1  65.8   3   7     0.013       2.4    6.0   7.1    16    54   411   456   405   461 0.77 -
30308at50557_456900_0:0004aa|STRG.16825.1:935-3916|+   -            994 30308at50557         -            342    2e-166  552.1  65.8   4   7     4e-73   7.5e-71  237.9   4.5    18   155   483   624   475   636 0.87 -
30308at50557_456900_0:0004aa|STRG.16825.1:935-3916|+   -            994 30308at50557         -            342    2e-166  552.1  65.8   5   7   1.1e-05    0.0021   16.1   0.0   148   173   667   692   655   698 0.85 -
30308at50557_456900_0:0004aa|STRG.16825.1:935-3916|+   -            994 30308at50557         -            342    2e-166  552.1  65.8   6   7       3.1   5.8e+02   -1.8   0.1    13    48   743   778   736   797 0.64 -
30308at50557_456900_0:0004aa|STRG.16825.1:935-3916|+   -            994 30308at50557         -            342    2e-166  552.1  65.8   7   7   8.5e-95   1.6e-92  309.1   2.1   166   342   795   994   781   994 0.92 -
30308at50557_1629725_0:00102c|STRG.3229.2:716-2158|+   -            481 30308at50557         -            342   1.1e-55  187.9  13.5   1   2   9.7e-42   1.8e-39  134.7   6.8    57   151    26   120    16   126 0.94 -
30308at50557_1629725_0:00102c|STRG.3229.2:716-2158|+   -            481 30308at50557         -            342   1.1e-55  187.9  13.5   2   2   3.1e-18   5.8e-16   57.4   0.5   165   326   283   460   276   468 0.83 -
41390at50557_224129_0:001af6|STRG.19353.1:809-1741|+   -            311 30308at50557         -            342   4.5e-52  176.1   4.9   1   1     3e-54   5.6e-52  175.8   4.9    65   322     2   285     1   303 0.84 -
41390at50557_224129_0:001af6|STRG.19353.2:846-1778|+   -            311 30308at50557         -            342   4.5e-52  176.1   4.9   1   1     3e-54   5.6e-52  175.8   4.9    65   322     2   285     1   303 0.84 -
41390at50557_224129_0:001af6|STRG.19353.3:785-1717|+   -            311 30308at50557         -            342   4.5e-52  176.1   4.9   1   1     3e-54   5.6e-52  175.8   4.9    65   322     2   285     1   303 0.84 -
41390at50557_224129_0:001af6|STRG.19353.4:1533-2465|+  -            311 30308at50557         -            342   4.5e-52  176.1   4.9   1   1     3e-54   5.6e-52  175.8   4.9    65   322     2   285     1   303 0.84 -
32224at50557_103372_0:000046|STRG.15683.1:0-1592|+     -            531 30308at50557         -            342   9.4e-51  171.8  11.2   1   3   2.7e-35     5e-33  113.5   2.1    64   146    61   143    15   157 0.89 -
32224at50557_103372_0:000046|STRG.15683.1:0-1592|+     -            531 30308at50557         -            342   9.4e-51  171.8  11.2   2   3   1.8e-08   3.3e-06   25.3   0.0   162   224   314   378   297   390 0.78 -
32224at50557_103372_0:000046|STRG.15683.1:0-1592|+     -            531 30308at50557         -            342   9.4e-51  171.8  11.2   3   3   2.6e-12   4.8e-10   37.9   0.5   233   322   414   510   402   525 0.84 -
32224at50557_103372_0:000046|STRG.15683.2:0-1592|+     -            531 30308at50557         -            342   9.4e-51  171.8  11.2   1   3   2.7e-35     5e-33  113.5   2.1    64   146    61   143    15   157 0.89 -
32224at50557_103372_0:000046|STRG.15683.2:0-1592|+     -            531 30308at50557         -            342   9.4e-51  171.8  11.2   2   3   1.8e-08   3.3e-06   25.3   0.0   162   224   314   378   297   390 0.78 -
32224at50557_103372_0:000046|STRG.15683.2:0-1592|+     -            531 30308at50557         -            342   9.4e-51  171.8  11.2   3   3   2.6e-12   4.8e-10   37.9   0.5   233   322   414   510   402   525 0.84 -
32224at50557_103372_0:000046|STRG.15683.5:0-1592|+     -            531 30308at50557         -            342   9.4e-51  171.8  11.2   1   3   2.7e-35     5e-33  113.5   2.1    64   146    61   143    15   157 0.89 -
32224at50557_103372_0:000046|STRG.15683.5:0-1592|+     -            531 30308at50557         -            342   9.4e-51  171.8  11.2   2   3   1.8e-08   3.3e-06   25.3   0.0   162   224   314   378   297   390 0.78 -
32224at50557_103372_0:000046|STRG.15683.5:0-1592|+     -            531 30308at50557         -            342   9.4e-51  171.8  11.2   3   3   2.6e-12   4.8e-10   37.9   0.5   233   322   414   510   402   525 0.84 -
32224at50557_103372_0:000046|STRG.15683.3:0-1601|+     -            534 30308at50557         -            342   1.1e-50  171.6  11.1   1   3   2.7e-35   5.1e-33  113.5   2.1    64   146    61   143    15   157 0.89 -
32224at50557_103372_0:000046|STRG.15683.3:0-1601|+     -            534 30308at50557         -            342   1.1e-50  171.6  11.1   2   3   1.8e-08   3.4e-06   25.3   0.0   162   224   314   378   297   390 0.78 -
32224at50557_103372_0:000046|STRG.15683.3:0-1601|+     -            534 30308at50557         -            342   1.1e-50  171.6  11.1   3   3     3e-12   5.7e-10   37.7   0.4   233   322   414   513   402   528 0.84 -
30308at50557_7038_0:0029d0|STRG.4042.4:193-1380|+      -            396 30308at50557         -            342   3.6e-44  150.1   9.8   1   2     7e-32   1.3e-29  102.2   6.7    63   150    66   153    38   186 0.87 -
30308at50557_7038_0:0029d0|STRG.4042.4:193-1380|+      -            396 30308at50557         -            342   3.6e-44  150.1   9.8   2   2   1.2e-15   2.3e-13   48.9   0.1   157   303   190   348   181   371 0.74 -
30308at50557_13164_0:00159e|STRG.4042.3:506-1621|+     -            372 30308at50557         -            342   5.8e-44  149.4  10.6   1   2   9.6e-32   1.8e-29  101.8   7.4    63   151    36   124     7   163 0.87 -
30308at50557_13164_0:00159e|STRG.4042.3:506-1621|+     -            372 30308at50557         -            342   5.8e-44  149.4  10.6   2   2     1e-15   1.9e-13   49.1   0.1   157   304   166   325   157   348 0.74 -
30308at50557_7536_0:001a28|STRG.4042.1:538-1548|+      -            337 30308at50557         -            342   1.4e-43  148.2  11.6   1   1     5e-44   9.4e-42  142.2  11.6    64   304    17   290     5   313 0.76 -
30308at50557_7536_0:001a28|STRG.4042.2:343-1353|+      -            337 30308at50557         -            342   1.4e-43  148.2  11.6   1   1     5e-44   9.4e-42  142.2  11.6    64   304    17   290     5   313 0.76 -
61616at50557_45779_0:001426|STRG.1297.2:150-1148|+     -            333 30308at50557         -            342   1.4e-40  138.4  12.2   1   2   7.8e-24   1.5e-21   75.8   8.5    63   139     3    79     2    85 0.94 -
61616at50557_45779_0:001426|STRG.1297.2:150-1148|+     -            333 30308at50557         -            342   1.4e-40  138.4  12.2   2   2   2.8e-20   5.3e-18   64.1   0.1   167   322   138   308   121   321 0.80 -
61616at50557_7070_0:00224e|STRG.1297.1:156-1163|+      -            336 30308at50557         -            342     2e-39  134.6  12.6   1   2   1.1e-22   2.1e-20   72.0   8.8    63   137     3    77     2    87 0.91 -
61616at50557_7070_0:00224e|STRG.1297.1:156-1163|+      -            336 30308at50557         -            342     2e-39  134.6  12.6   2   2   2.9e-20   5.4e-18   64.1   0.1   167   322   141   311   124   324 0.80 -
84269at50557_156304_0:001360|STRG.17384.3:526-1978|+   -            480 30308at50557         -            342   9.7e-29   99.4   9.8   1   2   2.6e-24     5e-22   77.3   6.2    65   139   107   181   100   189 0.94 -
84269at50557_156304_0:001360|STRG.17384.3:526-1978|+   -            480 30308at50557         -            342   9.7e-29   99.4   9.8   2   2   6.6e-08   1.2e-05   23.4   0.1   173   298   275   412   251   441 0.72 -
41390at50557_34720_0:001bf7|STRG.17384.2:269-1912|+    -            548 30308at50557         -            342   1.4e-28   98.9   9.6   1   2   4.5e-24   8.5e-22   76.6   6.6    65   139   151   225   145   233 0.94 -
41390at50557_34720_0:001bf7|STRG.17384.2:269-1912|+    -            548 30308at50557         -            342   1.4e-28   98.9   9.6   2   2   9.2e-08   1.7e-05   22.9   0.0   173   297   343   479   333   509 0.70 -
41390at50557_34720_0:001bf7|STRG.17384.1:115-1824|+    -            570 30308at50557         -            342   1.6e-28   98.7   9.6   1   2   4.8e-24     9e-22   76.5   6.6    65   139   173   247   167   255 0.94 -
41390at50557_34720_0:001bf7|STRG.17384.1:115-1824|+    -            570 30308at50557         -            342   1.6e-28   98.7   9.6   2   2   9.9e-08   1.9e-05   22.8   0.0   173   297   365   501   355   531 0.70 -
84269at50557_156304_0:001360|STRG.17384.4:327-1905|+   -            522 30308at50557         -            342   1.8e-28   98.5  10.2   1   2   4.2e-24   7.9e-22   76.7   6.6    65   139   149   223   143   231 0.94 -
84269at50557_156304_0:001360|STRG.17384.4:327-1905|+   -            522 30308at50557         -            342   1.8e-28   98.5  10.2   2   2   7.8e-08   1.5e-05   23.2   0.1   173   297   317   453   293   483 0.72 -
41272at50557_123851_0:00161e|STRG.4560.1:64-1359|+     -            432 30308at50557         -            342   1.1e-27   95.9   4.8   1   2   6.7e-29   1.3e-26   92.4   5.2    64   153    16   111    10   144 0.80 -
41272at50557_123851_0:00161e|STRG.4560.1:64-1359|+     -            432 30308at50557         -            342   1.1e-27   95.9   4.8   2   2      0.57   1.1e+02    0.6   0.0   184   278   255   351   243   404 0.70 -
41272at50557_520822_0:0018b8|STRG.20469.1:0-2411|+     -            804 30308at50557         -            342   7.3e-27   93.2  12.3   1   2     1e-26   1.9e-24   85.3   6.7    46   145   448   550   418   562 0.82 -
41272at50557_520822_0:0018b8|STRG.20469.1:0-2411|+     -            804 30308at50557         -            342   7.3e-27   93.2  12.3   2   2   0.00045     0.085   10.8   0.3   168   290   605   729   602   786 0.74 -
41390at50557_34720_0:001bf7|STRG.17384.5:266-1825|+    -            520 30308at50557         -            342     8e-27   93.1  11.6   1   2   2.7e-22   5.1e-20   70.7   8.5    65   133   107   175   101   194 0.90 -
41390at50557_34720_0:001bf7|STRG.17384.5:266-1825|+    -            520 30308at50557         -            342     8e-27   93.1  11.6   2   2   8.3e-08   1.6e-05   23.1   0.0   173   297   315   451   305   481 0.70 -
41390at50557_34720_0:001bf7|STRG.17384.6:269-1960|+    -            564 30308at50557         -            342     1e-26   92.7  11.5   1   2     3e-22   5.7e-20   70.6   8.5    65   133   151   219   145   238 0.90 -
41390at50557_34720_0:001bf7|STRG.17384.6:269-1960|+    -            564 30308at50557         -            342     1e-26   92.7  11.5   2   2   9.7e-08   1.8e-05   22.9   0.0   173   297   359   495   349   525 0.70 -
41390at50557_224129_0:001af6|STRG.12257.1:493-1503|+   -            337 30308at50557         -            342   1.1e-26   92.7  13.0   1   2   8.8e-23   1.7e-20   72.3  10.7    65   139     5    80     2   103 0.92 -
41390at50557_224129_0:001af6|STRG.12257.1:493-1503|+   -            337 30308at50557         -            342   1.1e-26   92.7  13.0   2   2   6.3e-07   0.00012   20.2   0.0   183   319   184   334   167   337 0.78 -
41390at50557_224129_0:001af6|STRG.12257.2:342-1352|+   -            337 30308at50557         -            342   1.1e-26   92.7  13.0   1   2   8.8e-23   1.7e-20   72.3  10.7    65   139     5    80     2   103 0.92 -
41390at50557_224129_0:001af6|STRG.12257.2:342-1352|+   -            337 30308at50557         -            342   1.1e-26   92.7  13.0   2   2   6.3e-07   0.00012   20.2   0.0   183   319   184   334   167   337 0.78 -
41390at50557_224129_0:001af6|STRG.12257.3:469-1479|+   -            337 30308at50557         -            342   1.1e-26   92.7  13.0   1   2   8.8e-23   1.7e-20   72.3  10.7    65   139     5    80     2   103 0.92 -
41390at50557_224129_0:001af6|STRG.12257.3:469-1479|+   -            337 30308at50557         -            342   1.1e-26   92.7  13.0   2   2   6.3e-07   0.00012   20.2   0.0   183   319   184   334   167   337 0.78 -
41390at50557_224129_0:001af6|STRG.6141.1:1412-2431|+   -            340 30308at50557         -            342   2.3e-26   91.6  16.7   1   2   3.9e-21   7.3e-19   66.9  13.4    64   141     2    79     1    85 0.97 -
41390at50557_224129_0:001af6|STRG.6141.1:1412-2431|+   -            340 30308at50557         -            342   2.3e-26   91.6  16.7   2   2   1.4e-08   2.6e-06   25.6   0.1   172   322   141   311   132   328 0.72 -
41390at50557_224129_0:001af6|STRG.6141.2:551-1570|+    -            340 30308at50557         -            342   2.3e-26   91.6  16.7   1   2   3.9e-21   7.3e-19   66.9  13.4    64   141     2    79     1    85 0.97 -
41390at50557_224129_0:001af6|STRG.6141.2:551-1570|+    -            340 30308at50557         -            342   2.3e-26   91.6  16.7   2   2   1.4e-08   2.6e-06   25.6   0.1   172   322   141   311   132   328 0.72 -
41390at50557_224129_0:001af6|STRG.6141.6:613-1632|+    -            340 30308at50557         -            342   2.3e-26   91.6  16.7   1   2   3.9e-21   7.3e-19   66.9  13.4    64   141     2    79     1    85 0.97 -
41390at50557_224129_0:001af6|STRG.6141.6:613-1632|+    -            340 30308at50557         -            342   2.3e-26   91.6  16.7   2   2   1.4e-08   2.6e-06   25.6   0.1   172   322   141   311   132   328 0.72 -
41272at50557_79782_0:001a9e|STRG.2449.1:858-1979|+     -            374 30308at50557         -            342   3.1e-26   91.2  14.5   1   2   4.9e-22   9.2e-20   69.9   8.8    63   135     8    80     3    90 0.94 -
41272at50557_79782_0:001a9e|STRG.2449.1:858-1979|+     -            374 30308at50557         -            342   3.1e-26   91.2  14.5   2   2   2.7e-08   5.1e-06   24.7   0.3   174   321   199   359   166   372 0.75 -
41272at50557_79782_0:001a9e|STRG.2449.2:821-1942|+     -            374 30308at50557         -            342   3.1e-26   91.2  14.5   1   2   4.9e-22   9.2e-20   69.9   8.8    63   135     8    80     3    90 0.94 -
41272at50557_79782_0:001a9e|STRG.2449.2:821-1942|+     -            374 30308at50557         -            342   3.1e-26   91.2  14.5   2   2   2.7e-08   5.1e-06   24.7   0.3   174   321   199   359   166   372 0.75 -
41272at50557_79782_0:001a9e|STRG.2449.3:618-1739|+     -            374 30308at50557         -            342   3.1e-26   91.2  14.5   1   2   4.9e-22   9.2e-20   69.9   8.8    63   135     8    80     3    90 0.94 -
41272at50557_79782_0:001a9e|STRG.2449.3:618-1739|+     -            374 30308at50557         -            342   3.1e-26   91.2  14.5   2   2   2.7e-08   5.1e-06   24.7   0.3   174   321   199   359   166   372 0.75 -
41272at50557_79782_0:001a9e|STRG.2449.4:698-1819|+     -            374 30308at50557         -            342   3.1e-26   91.2  14.5   1   2   4.9e-22   9.2e-20   69.9   8.8    63   135     8    80     3    90 0.94 -
41272at50557_79782_0:001a9e|STRG.2449.4:698-1819|+     -            374 30308at50557         -            342   3.1e-26   91.2  14.5   2   2   2.7e-08   5.1e-06   24.7   0.3   174   321   199   359   166   372 0.75 -
41390at50557_224129_0:001af6|STRG.6141.5:440-1480|+    -            347 30308at50557         -            342   1.2e-25   89.2  17.1   1   2     4e-21   7.5e-19   66.9  13.4    64   141     2    79     1    85 0.97 -
41390at50557_224129_0:001af6|STRG.6141.5:440-1480|+    -            347 30308at50557         -            342   1.2e-25   89.2  17.1   2   2   1.3e-07   2.5e-05   22.4   0.1   172   322   141   318   133   334 0.70 -
41390at50557_224129_0:001af6|STRG.6141.3:493-1278|+    -            262 30308at50557         -            342   9.7e-23   79.7  16.7   1   2   2.4e-21   4.5e-19   67.6  13.4    64   141     2    79     1    85 0.97 -
41390at50557_224129_0:001af6|STRG.6141.3:493-1278|+    -            262 30308at50557         -            342   9.7e-23   79.7  16.7   2   2   8.6e-05     0.016   13.2   0.1   172   278   141   258   131   262 0.74 -
41390at50557_224129_0:001af6|STRG.6141.4:552-1337|+    -            262 30308at50557         -            342   9.7e-23   79.7  16.7   1   2   2.4e-21   4.5e-19   67.6  13.4    64   141     2    79     1    85 0.97 -
41390at50557_224129_0:001af6|STRG.6141.4:552-1337|+    -            262 30308at50557         -            342   9.7e-23   79.7  16.7   2   2   8.6e-05     0.016   13.2   0.1   172   278   141   258   131   262 0.74 -
41390at50557_224129_0:001af6|STRG.7891.1:1457-2755|+   -            433 30308at50557         -            342   1.2e-21   76.1  12.1   1   2   9.7e-24   1.8e-21   75.5   9.1    57   139     6    88     2    96 0.92 -
41390at50557_224129_0:001af6|STRG.7891.1:1457-2755|+   -            433 30308at50557         -            342   1.2e-21   76.1  12.1   2   2      0.58   1.1e+02    0.6   0.0   182   250   276   312   224   323 0.61 -
61616at50557_13686_0:000ff1|STRG.7993.1:178-801|+      -            208 30308at50557         -            342   2.3e-20   71.8   5.3   1   1     2e-22   3.7e-20   71.2   5.3    64   131   138   206   106   208 0.90 -
41390at50557_224129_0:001af6|STRG.7891.2:1267-2526|+   -            420 30308at50557         -            342   9.6e-20   69.8  13.2   1   2   7.3e-22   1.4e-19   69.3  10.2    65   139     1    75     1    84 0.96 -
41390at50557_224129_0:001af6|STRG.7891.2:1267-2526|+   -            420 30308at50557         -            342   9.6e-20   69.8  13.2   2   2      0.55     1e+02    0.7   0.0   182   250   263   299   211   310 0.61 -
41390at50557_224129_0:001af6|STRG.7891.3:1723-2982|+   -            420 30308at50557         -            342   9.6e-20   69.8  13.2   1   2   7.3e-22   1.4e-19   69.3  10.2    65   139     1    75     1    84 0.96 -
41390at50557_224129_0:001af6|STRG.7891.3:1723-2982|+   -            420 30308at50557         -            342   9.6e-20   69.8  13.2   2   2      0.55     1e+02    0.7   0.0   182   250   263   299   211   310 0.61 -
41390at50557_1218281_0:00140d|STRG.16384.1:81-281|+    -             67 30308at50557         -            342   9.1e-17   60.0   7.7   1   1   5.4e-19     1e-16   59.9   7.7    64   122     6    67     3    67 0.90 -
61616at50557_29053_0:000417|STRG.3229.1:561-1100|+     -            180 30308at50557         -            342   1.4e-13   49.6   0.0   1   1   8.7e-16   1.6e-13   49.3   0.0   183   327     1   161     1   168 0.82 -
41390at50557_1218281_0:00140d|STRG.12091.1:1535-1717|+ -             61 30308at50557         -            342   1.5e-11   42.9   8.1   1   1   8.5e-14   1.6e-11   42.8   8.1    65   121     3    60     1    61 0.94 -
41390at50557_1218281_0:00140d|STRG.8253.1:667-843|+    -             59 30308at50557         -            342   1.5e-09   36.3   9.1   1   1   8.4e-12   1.6e-09   36.2   9.1    65   121     1    58     1    59 0.94 -
61616at50557_67767_0:0009cf|STRG.7996.1:130-966|+      -            279 30308at50557         -            342   3.9e-09   34.9   0.1   1   2   2.1e-05     0.004   15.2   0.0   175   218    75   120    65   132 0.83 -
61616at50557_67767_0:0009cf|STRG.7996.1:130-966|+      -            279 30308at50557         -            342   3.9e-09   34.9   0.1   2   2   3.2e-06   0.00061   17.9   0.0   257   325   177   254   154   266 0.71 -
61616at50557_67767_0:0009cf|STRG.7996.2:77-1207|+      -            246 30308at50557         -            342   1.2e-08   33.4   0.1   1   2   8.2e-05     0.015   13.3   0.0   175   218    42    87    32    99 0.83 -
61616at50557_67767_0:0009cf|STRG.7996.2:77-1207|+      -            246 30308at50557         -            342   1.2e-08   33.4   0.1   2   2   2.5e-06   0.00047   18.2   0.0   257   325   144   221   121   233 0.71 -
41390at50557_37344_0:00178e|STRG.17384.4:1174-1905|+   -            244 30308at50557         -            342     2e-06   26.0   0.1   1   1   1.3e-08   2.5e-06   25.7   0.1   173   298    39   176    26   206 0.70 -
41272at50557_38123_0:0004d9|STRG.12257.4:265-966|+     -            234 30308at50557         -            342   1.2e-05   23.5   0.1   1   1   7.5e-08   1.4e-05   23.2   0.1   183   321    69   221    52   234 0.76 -
#
# Program:         hmmsearch
# Version:         3.4 (Aug 2023)
# Pipeline mode:   SEARCH
# Query file:      /home/justine/projet_tutore/busco_downloads/lineages/insecta_odb10/hmms/30308at50557.hmm
# Target file:     annotation_analysis/annotation_gcf/T_cornetzi/busco_output/run_insecta_odb10/metaeuk_output/initial_results/assembled_transcripts.fasta.modified.fas
# Option settings: hmmsearch --domtblout annotation_analysis/annotation_gcf/T_cornetzi/busco_output/run_insecta_odb10/hmmer_output/initial_run_results/30308at50557.out --cpu 1 /home/justine/projet_tutore/busco_downloads/lineages/insecta_odb10/hmms/30308at50557.hmm annotation_analysis/annotation_gcf/T_cornetzi/busco_output/run_insecta_odb10/metaeuk_output/initial_results/assembled_transcripts.fasta.modified.fas 
# Current dir:     /home/justine/projet_tutore
# Date:            Sun Dec  1 20:05:19 2024
# [ok]
