#                                                                                                            --- full sequence --- -------------- this domain -------------   hmm coord   ali coord   env coord
# target name                                        accession   tlen query name           accession   qlen   E-value  score  bias   #  of  c-Evalue  i-Evalue  score  bias  from    to  from    to  from    to  acc description of target
#                                ------------------- ---------- ----- -------------------- ---------- ----- --------- ------ ----- --- --- --------- --------- ------ ----- ----- ----- ----- ----- ----- ----- ---- ---------------------
37243at50557_103372_0:000879|STRG.16031.1:401-2518|+ -            706 37243at50557         -            302    1e-114  381.8  44.6   1   4     2e-63   3.6e-60  202.7   3.9     1   145   125   288   125   334 0.87 -
37243at50557_103372_0:000879|STRG.16031.1:401-2518|+ -            706 37243at50557         -            302    1e-114  381.8  44.6   2   4    0.0056        10    4.1   1.2   140   186   346   387   334   417 0.67 -
37243at50557_103372_0:000879|STRG.16031.1:401-2518|+ -            706 37243at50557         -            302    1e-114  381.8  44.6   3   4    0.0062        11    4.0   2.0   158   207   491   543   474   545 0.83 -
37243at50557_103372_0:000879|STRG.16031.1:401-2518|+ -            706 37243at50557         -            302    1e-114  381.8  44.6   4   4   1.8e-58   3.2e-55  186.4  17.7   174   300   541   674   535   683 0.92 -
37243at50557_103372_0:000879|STRG.16031.4:204-2321|+ -            706 37243at50557         -            302    1e-114  381.8  44.6   1   4     2e-63   3.6e-60  202.7   3.9     1   145   125   288   125   334 0.87 -
37243at50557_103372_0:000879|STRG.16031.4:204-2321|+ -            706 37243at50557         -            302    1e-114  381.8  44.6   2   4    0.0056        10    4.1   1.2   140   186   346   387   334   417 0.67 -
37243at50557_103372_0:000879|STRG.16031.4:204-2321|+ -            706 37243at50557         -            302    1e-114  381.8  44.6   3   4    0.0062        11    4.0   2.0   158   207   491   543   474   545 0.83 -
37243at50557_103372_0:000879|STRG.16031.4:204-2321|+ -            706 37243at50557         -            302    1e-114  381.8  44.6   4   4   1.8e-58   3.2e-55  186.4  17.7   174   300   541   674   535   683 0.92 -
37243at50557_103372_0:000879|STRG.16031.2:195-2399|+ -            735 37243at50557         -            302    1e-114  381.7  44.3   1   4     2e-63   3.7e-60  202.6   3.9     1   145   154   317   154   363 0.87 -
37243at50557_103372_0:000879|STRG.16031.2:195-2399|+ -            735 37243at50557         -            302    1e-114  381.7  44.3   2   4    0.0056        10    4.1   1.1   140   186   375   416   363   445 0.67 -
37243at50557_103372_0:000879|STRG.16031.2:195-2399|+ -            735 37243at50557         -            302    1e-114  381.7  44.3   3   4    0.0076        14    3.7   2.0   159   207   521   572   514   574 0.82 -
37243at50557_103372_0:000879|STRG.16031.2:195-2399|+ -            735 37243at50557         -            302    1e-114  381.7  44.3   4   4   1.9e-58   3.5e-55  186.3  17.7   174   300   570   703   564   712 0.92 -
37243at50557_103372_0:000879|STRG.16031.3:204-2408|+ -            735 37243at50557         -            302    1e-114  381.7  44.3   1   4     2e-63   3.7e-60  202.6   3.9     1   145   154   317   154   363 0.87 -
37243at50557_103372_0:000879|STRG.16031.3:204-2408|+ -            735 37243at50557         -            302    1e-114  381.7  44.3   2   4    0.0056        10    4.1   1.1   140   186   375   416   363   445 0.67 -
37243at50557_103372_0:000879|STRG.16031.3:204-2408|+ -            735 37243at50557         -            302    1e-114  381.7  44.3   3   4    0.0076        14    3.7   2.0   159   207   521   572   514   574 0.82 -
37243at50557_103372_0:000879|STRG.16031.3:204-2408|+ -            735 37243at50557         -            302    1e-114  381.7  44.3   4   4   1.9e-58   3.5e-55  186.3  17.7   174   300   570   703   564   712 0.92 -
37243at50557_103372_0:000879|STRG.16031.5:329-1801|+ -            491 37243at50557         -            302   2.9e-81  271.9  39.9   1   4   4.9e-29     9e-26   89.7   0.5    80   145     2    73     1   100 0.90 -
37243at50557_103372_0:000879|STRG.16031.5:329-1801|+ -            491 37243at50557         -            302   2.9e-81  271.9  39.9   2   4     0.004       7.4    4.6   1.4   140   188   131   174   121   203 0.67 -
37243at50557_103372_0:000879|STRG.16031.5:329-1801|+ -            491 37243at50557         -            302   2.9e-81  271.9  39.9   3   4     0.003       5.6    5.0   1.9   158   207   276   328   260   331 0.83 -
37243at50557_103372_0:000879|STRG.16031.5:329-1801|+ -            491 37243at50557         -            302   2.9e-81  271.9  39.9   4   4   7.9e-59   1.5e-55  187.5  17.5   174   300   326   459   320   468 0.92 -
#
# Program:         hmmsearch
# Version:         3.4 (Aug 2023)
# Pipeline mode:   SEARCH
# Query file:      /home/justine/projet_tutore/busco_downloads/lineages/insecta_odb10/hmms/37243at50557.hmm
# Target file:     annotation_analysis/annotation_gcf/T_cornetzi/busco_output/run_insecta_odb10/metaeuk_output/initial_results/assembled_transcripts.fasta.modified.fas
# Option settings: hmmsearch --domtblout annotation_analysis/annotation_gcf/T_cornetzi/busco_output/run_insecta_odb10/hmmer_output/initial_run_results/37243at50557.out --cpu 1 /home/justine/projet_tutore/busco_downloads/lineages/insecta_odb10/hmms/37243at50557.hmm annotation_analysis/annotation_gcf/T_cornetzi/busco_output/run_insecta_odb10/metaeuk_output/initial_results/assembled_transcripts.fasta.modified.fas 
# Current dir:     /home/justine/projet_tutore
# Date:            Sun Dec  1 20:05:43 2024
# [ok]
