#                                                                                                           --- full sequence --- -------------- this domain -------------   hmm coord   ali coord   env coord
# target name                                       accession   tlen query name           accession   qlen   E-value  score  bias   #  of  c-Evalue  i-Evalue  score  bias  from    to  from    to  from    to  acc description of target
#                               ------------------- ---------- ----- -------------------- ---------- ----- --------- ------ ----- --- --- --------- --------- ------ ----- ----- ----- ----- ----- ----- ----- ---- ---------------------
37947at50557_103372_0:001c2e|STRG.20344.1:49-1770|+ -            574 37947at50557         -            365  1.5e-126  421.3   8.1   1   2   1.3e-78   2.9e-75  252.5   0.5     2   197    95   303    94   317 0.90 -
37947at50557_103372_0:001c2e|STRG.20344.1:49-1770|+ -            574 37947at50557         -            365  1.5e-126  421.3   8.1   2   2   2.7e-54   6.2e-51  172.5   1.8   191   361   344   531   329   534 0.88 -
15684at50557_103372_0:000f0c|STRG.1652.3:259-4126|+ -           1218 37947at50557         -            365   0.00034   18.7   0.3   1   4      0.38   8.9e+02   -2.4   0.3   226   273    23    70    18    87 0.81 -
15684at50557_103372_0:000f0c|STRG.1652.3:259-4126|+ -           1218 37947at50557         -            365   0.00034   18.7   0.3   2   4   1.5e-07   0.00034   18.7   0.3     6    81   207   287   203   337 0.84 -
15684at50557_103372_0:000f0c|STRG.1652.3:259-4126|+ -           1218 37947at50557         -            365   0.00034   18.7   0.3   3   4      0.57   1.3e+03   -3.0   0.0   219   343   438   471   406   486 0.57 -
15684at50557_103372_0:000f0c|STRG.1652.3:259-4126|+ -           1218 37947at50557         -            365   0.00034   18.7   0.3   4   4      0.24   5.4e+02   -1.7   0.0   294   327   487   521   484   528 0.81 -
15684at50557_103372_0:000f0c|STRG.1652.2:138-3917|+ -           1260 37947at50557         -            365   0.00035   18.6   0.3   1   3       0.4   9.2e+02   -2.5   0.3   226   273    65   112    60   129 0.81 -
15684at50557_103372_0:000f0c|STRG.1652.2:138-3917|+ -           1260 37947at50557         -            365   0.00035   18.6   0.3   2   3   1.5e-07   0.00035   18.6   0.3     6    81   249   329   245   379 0.84 -
15684at50557_103372_0:000f0c|STRG.1652.2:138-3917|+ -           1260 37947at50557         -            365   0.00035   18.6   0.3   3   3      0.26   5.9e+02   -1.8   0.0   294   327   529   563   527   570 0.81 -
15684at50557_103372_0:000f0c|STRG.1652.1:138-3920|+ -           1261 37947at50557         -            365   0.00035   18.6   0.3   1   3       0.4   9.2e+02   -2.5   0.3   226   273    66   113    61   130 0.81 -
15684at50557_103372_0:000f0c|STRG.1652.1:138-3920|+ -           1261 37947at50557         -            365   0.00035   18.6   0.3   2   3   1.5e-07   0.00035   18.6   0.3     6    81   250   330   246   380 0.84 -
15684at50557_103372_0:000f0c|STRG.1652.1:138-3920|+ -           1261 37947at50557         -            365   0.00035   18.6   0.3   3   3      0.26   5.9e+02   -1.8   0.0   294   327   530   564   528   571 0.81 -
#
# Program:         hmmsearch
# Version:         3.4 (Aug 2023)
# Pipeline mode:   SEARCH
# Query file:      /home/justine/projet_tutore/busco_downloads/lineages/insecta_odb10/hmms/37947at50557.hmm
# Target file:     annotation_analysis/annotation_gcf/T_cornetzi/busco_output/run_insecta_odb10/metaeuk_output/initial_results/assembled_transcripts.fasta.modified.fas
# Option settings: hmmsearch --domtblout annotation_analysis/annotation_gcf/T_cornetzi/busco_output/run_insecta_odb10/hmmer_output/initial_run_results/37947at50557.out --cpu 1 /home/justine/projet_tutore/busco_downloads/lineages/insecta_odb10/hmms/37947at50557.hmm annotation_analysis/annotation_gcf/T_cornetzi/busco_output/run_insecta_odb10/metaeuk_output/initial_results/assembled_transcripts.fasta.modified.fas 
# Current dir:     /home/justine/projet_tutore
# Date:            Sun Dec  1 20:05:50 2024
# [ok]
