#                                                                                                              --- full sequence --- -------------- this domain -------------   hmm coord   ali coord   env coord
# target name                                          accession   tlen query name           accession   qlen   E-value  score  bias   #  of  c-Evalue  i-Evalue  score  bias  from    to  from    to  from    to  acc description of target
#                                  ------------------- ---------- ----- -------------------- ---------- ----- --------- ------ ----- --- --- --------- --------- ------ ----- ----- ----- ----- ----- ----- ----- ---- ---------------------
40260at50557_520822_0:0015ec|STRG.6591.1:167-1651|+    -            495 40260at50557         -            408  1.6e-249  826.8  72.5   1   5     5e-55   5.6e-53  179.5   8.6     1    96     1    96     1   105 0.97 -
40260at50557_520822_0:0015ec|STRG.6591.1:167-1651|+    -            495 40260at50557         -            408  1.6e-249  826.8  72.5   2   5   1.3e-15   1.4e-13   49.7   0.7    84   116   105   137    97   138 0.89 -
40260at50557_520822_0:0015ec|STRG.6591.1:167-1651|+    -            495 40260at50557         -            408  1.6e-249  826.8  72.5   3   5   8.2e-42   9.1e-40  136.0  11.1   174   282   131   237   131   237 0.95 -
40260at50557_520822_0:0015ec|STRG.6591.1:167-1651|+    -            495 40260at50557         -            408  1.6e-249  826.8  72.5   4   5  6.2e-123  6.9e-121  403.1  17.8   149   342   200   400   197   416 0.94 -
40260at50557_520822_0:0015ec|STRG.6591.1:167-1651|+    -            495 40260at50557         -            408  1.6e-249  826.8  72.5   5   5   6.7e-35   7.4e-33  113.2   3.9   337   408   418   495   412   495 0.96 -
40260at50557_103372_0:000b0e|STRG.6591.2:168-1655|+    -            496 40260at50557         -            408  5.7e-244  808.5  67.2   1   5     6e-55   6.6e-53  179.2   8.8     1    96     1    96     1   104 0.97 -
40260at50557_103372_0:000b0e|STRG.6591.2:168-1655|+    -            496 40260at50557         -            408  5.7e-244  808.5  67.2   2   5   1.2e-15   1.4e-13   49.8   0.6    84   116   105   137    97   139 0.89 -
40260at50557_103372_0:000b0e|STRG.6591.2:168-1655|+    -            496 40260at50557         -            408  5.7e-244  808.5  67.2   3   5   4.4e-36   4.9e-34  117.1   6.0   177   282   134   238   134   239 0.92 -
40260at50557_103372_0:000b0e|STRG.6591.2:168-1655|+    -            496 40260at50557         -            408  5.7e-244  808.5  67.2   4   5  3.9e-123  4.3e-121  403.8  17.5   147   342   199   401   196   416 0.94 -
40260at50557_103372_0:000b0e|STRG.6591.2:168-1655|+    -            496 40260at50557         -            408  5.7e-244  808.5  67.2   5   5   6.3e-35     7e-33  113.3   3.8   337   408   419   496   412   496 0.96 -
40260at50557_88501_0:001eb3|STRG.6591.3:164-679|+      -            172 40260at50557         -            408   1.2e-77  260.7  25.9   1   3   7.8e-56   8.6e-54  182.2   8.9     1    96     2    97     2   104 0.97 -
40260at50557_88501_0:001eb3|STRG.6591.3:164-679|+      -            172 40260at50557         -            408   1.2e-77  260.7  25.9   2   3   2.6e-16   2.8e-14   52.0   0.5    83   116   105   138    98   140 0.89 -
40260at50557_88501_0:001eb3|STRG.6591.3:164-679|+      -            172 40260at50557         -            408   1.2e-77  260.7  25.9   3   3     5e-13   5.5e-11   41.2   3.6   177   213   135   171   135   172 0.91 -
40260at50557_13249_0:002616|STRG.6591.4:167-433|+      -             89 40260at50557         -            408   1.1e-53  181.8   8.2   1   1   1.1e-55   1.2e-53  181.7   8.2     1    87     1    87     1    89 0.98 -
40260at50557_13249_0:002616|STRG.14458.2:1600-1812|+   -             71 40260at50557         -            408   1.8e-20   72.4   5.8   1   1   1.8e-22     2e-20   72.3   5.8    11    81     1    71     1    71 0.99 -
40260at50557_13249_0:002616|STRG.14458.3:1341-1553|+   -             71 40260at50557         -            408   1.8e-20   72.4   5.8   1   1   1.8e-22     2e-20   72.3   5.8    11    81     1    71     1    71 0.99 -
40260at50557_13249_0:002616|STRG.14458.4:1602-1814|+   -             71 40260at50557         -            408   1.8e-20   72.4   5.8   1   1   1.8e-22     2e-20   72.3   5.8    11    81     1    71     1    71 0.99 -
40260at50557_13249_0:002616|STRG.14458.5:1525-1737|+   -             71 40260at50557         -            408   1.8e-20   72.4   5.8   1   1   1.8e-22     2e-20   72.3   5.8    11    81     1    71     1    71 0.99 -
40260at50557_1049336_0:0024c0|STRG.7402.1:770-1684|+   -            305 40260at50557         -            408   2.1e-16   59.1  50.7   1   4   7.4e-05    0.0082   14.3   1.7    27    69    21    63     1    64 0.72 -
40260at50557_1049336_0:0024c0|STRG.7402.1:770-1684|+   -            305 40260at50557         -            408   2.1e-16   59.1  50.7   2   4   0.00026     0.029   12.5   3.4   162   216    65   118    58   123 0.70 -
40260at50557_1049336_0:0024c0|STRG.7402.1:770-1684|+   -            305 40260at50557         -            408   2.1e-16   59.1  50.7   3   4   9.2e-06     0.001   17.3   7.5   159   223   122   186   118   197 0.65 -
40260at50557_1049336_0:0024c0|STRG.7402.1:770-1684|+   -            305 40260at50557         -            408   2.1e-16   59.1  50.7   4   4   1.2e-06   0.00013   20.2   3.3   162   219   247   302   243   305 0.79 -
40260at50557_1049336_0:0024c0|STRG.7402.3:654-1568|+   -            305 40260at50557         -            408   2.1e-16   59.1  50.7   1   4   7.4e-05    0.0082   14.3   1.7    27    69    21    63     1    64 0.72 -
40260at50557_1049336_0:0024c0|STRG.7402.3:654-1568|+   -            305 40260at50557         -            408   2.1e-16   59.1  50.7   2   4   0.00026     0.029   12.5   3.4   162   216    65   118    58   123 0.70 -
40260at50557_1049336_0:0024c0|STRG.7402.3:654-1568|+   -            305 40260at50557         -            408   2.1e-16   59.1  50.7   3   4   9.2e-06     0.001   17.3   7.5   159   223   122   186   118   197 0.65 -
40260at50557_1049336_0:0024c0|STRG.7402.3:654-1568|+   -            305 40260at50557         -            408   2.1e-16   59.1  50.7   4   4   1.2e-06   0.00013   20.2   3.3   162   219   247   302   243   305 0.79 -
40260at50557_1049336_0:0024c0|STRG.7402.4:1157-2071|+  -            305 40260at50557         -            408   2.1e-16   59.1  50.7   1   4   7.4e-05    0.0082   14.3   1.7    27    69    21    63     1    64 0.72 -
40260at50557_1049336_0:0024c0|STRG.7402.4:1157-2071|+  -            305 40260at50557         -            408   2.1e-16   59.1  50.7   2   4   0.00026     0.029   12.5   3.4   162   216    65   118    58   123 0.70 -
40260at50557_1049336_0:0024c0|STRG.7402.4:1157-2071|+  -            305 40260at50557         -            408   2.1e-16   59.1  50.7   3   4   9.2e-06     0.001   17.3   7.5   159   223   122   186   118   197 0.65 -
40260at50557_1049336_0:0024c0|STRG.7402.4:1157-2071|+  -            305 40260at50557         -            408   2.1e-16   59.1  50.7   4   4   1.2e-06   0.00013   20.2   3.3   162   219   247   302   243   305 0.79 -
40260at50557_133901_0:000d2e|STRG.11150.1:102-314|+    -             71 40260at50557         -            408   7.8e-16   57.2   5.7   1   1   7.6e-18   8.4e-16   57.1   5.7     7    76     1    71     1    71 0.96 -
40260at50557_13249_0:002616|STRG.7384.1:327-527|+      -             67 40260at50557         -            408   3.7e-13   48.4   5.5   1   1   3.7e-15   4.1e-13   48.2   5.5    10    75     1    67     1    67 0.97 -
40260at50557_13249_0:002616|STRG.7384.2:293-493|+      -             67 40260at50557         -            408   3.7e-13   48.4   5.5   1   1   3.7e-15   4.1e-13   48.2   5.5    10    75     1    67     1    67 0.97 -
40260at50557_13249_0:002616|STRG.7384.3:292-492|+      -             67 40260at50557         -            408   3.7e-13   48.4   5.5   1   1   3.7e-15   4.1e-13   48.2   5.5    10    75     1    67     1    67 0.97 -
40260at50557_13249_0:002616|STRG.18477.10:2684-2842|+  -             53 40260at50557         -            408   3.4e-12   45.2   4.5   1   1   3.3e-14   3.6e-12   45.1   4.5     9    60     2    53     1    53 0.97 -
40260at50557_13249_0:002616|STRG.18477.11:549-707|+    -             53 40260at50557         -            408   3.4e-12   45.2   4.5   1   1   3.3e-14   3.6e-12   45.1   4.5     9    60     2    53     1    53 0.97 -
40260at50557_13249_0:002616|STRG.18477.12:636-794|+    -             53 40260at50557         -            408   3.4e-12   45.2   4.5   1   1   3.3e-14   3.6e-12   45.1   4.5     9    60     2    53     1    53 0.97 -
40260at50557_13249_0:002616|STRG.18477.13:722-880|+    -             53 40260at50557         -            408   3.4e-12   45.2   4.5   1   1   3.3e-14   3.6e-12   45.1   4.5     9    60     2    53     1    53 0.97 -
40260at50557_13249_0:002616|STRG.18477.14:1017-1175|+  -             53 40260at50557         -            408   3.4e-12   45.2   4.5   1   1   3.3e-14   3.6e-12   45.1   4.5     9    60     2    53     1    53 0.97 -
40260at50557_13249_0:002616|STRG.18477.16:2481-2639|+  -             53 40260at50557         -            408   3.4e-12   45.2   4.5   1   1   3.3e-14   3.6e-12   45.1   4.5     9    60     2    53     1    53 0.97 -
40260at50557_13249_0:002616|STRG.18477.1:2684-2842|+   -             53 40260at50557         -            408   3.4e-12   45.2   4.5   1   1   3.3e-14   3.6e-12   45.1   4.5     9    60     2    53     1    53 0.97 -
40260at50557_13249_0:002616|STRG.18477.2:2684-2842|+   -             53 40260at50557         -            408   3.4e-12   45.2   4.5   1   1   3.3e-14   3.6e-12   45.1   4.5     9    60     2    53     1    53 0.97 -
40260at50557_13249_0:002616|STRG.18477.3:2166-2324|+   -             53 40260at50557         -            408   3.4e-12   45.2   4.5   1   1   3.3e-14   3.6e-12   45.1   4.5     9    60     2    53     1    53 0.97 -
40260at50557_13249_0:002616|STRG.18477.4:1965-2123|+   -             53 40260at50557         -            408   3.4e-12   45.2   4.5   1   1   3.3e-14   3.6e-12   45.1   4.5     9    60     2    53     1    53 0.97 -
40260at50557_13249_0:002616|STRG.18477.5:2253-2411|+   -             53 40260at50557         -            408   3.4e-12   45.2   4.5   1   1   3.3e-14   3.6e-12   45.1   4.5     9    60     2    53     1    53 0.97 -
40260at50557_13249_0:002616|STRG.18477.9:2684-2842|+   -             53 40260at50557         -            408   3.4e-12   45.2   4.5   1   1   3.3e-14   3.6e-12   45.1   4.5     9    60     2    53     1    53 0.97 -
26432at50557_6973_0:00651c|STRG.7402.10:426-899|+      -            158 40260at50557         -            408   6.5e-09   34.4  24.6   1   3   1.4e-05    0.0015   16.7   6.3   356   396     2    44     1    58 0.66 -
26432at50557_6973_0:00651c|STRG.7402.10:426-899|+      -            158 40260at50557         -            408   6.5e-09   34.4  24.6   2   3   1.6e-06   0.00018   19.7   5.8   162   220    43    99    40   107 0.78 -
26432at50557_6973_0:00651c|STRG.7402.10:426-899|+      -            158 40260at50557         -            408   6.5e-09   34.4  24.6   3   3     0.014       1.6    6.8   2.7   178   200   121   143    98   158 0.62 -
26432at50557_6973_0:00651c|STRG.7402.5:634-1107|+      -            158 40260at50557         -            408   6.5e-09   34.4  24.6   1   3   1.4e-05    0.0015   16.7   6.3   356   396     2    44     1    58 0.66 -
26432at50557_6973_0:00651c|STRG.7402.5:634-1107|+      -            158 40260at50557         -            408   6.5e-09   34.4  24.6   2   3   1.6e-06   0.00018   19.7   5.8   162   220    43    99    40   107 0.78 -
26432at50557_6973_0:00651c|STRG.7402.5:634-1107|+      -            158 40260at50557         -            408   6.5e-09   34.4  24.6   3   3     0.014       1.6    6.8   2.7   178   200   121   143    98   158 0.62 -
26432at50557_6973_0:00651c|STRG.7402.6:2163-2636|+     -            158 40260at50557         -            408   6.5e-09   34.4  24.6   1   3   1.4e-05    0.0015   16.7   6.3   356   396     2    44     1    58 0.66 -
26432at50557_6973_0:00651c|STRG.7402.6:2163-2636|+     -            158 40260at50557         -            408   6.5e-09   34.4  24.6   2   3   1.6e-06   0.00018   19.7   5.8   162   220    43    99    40   107 0.78 -
26432at50557_6973_0:00651c|STRG.7402.6:2163-2636|+     -            158 40260at50557         -            408   6.5e-09   34.4  24.6   3   3     0.014       1.6    6.8   2.7   178   200   121   143    98   158 0.62 -
26432at50557_6973_0:00651c|STRG.7402.7:2096-2569|+     -            158 40260at50557         -            408   6.5e-09   34.4  24.6   1   3   1.4e-05    0.0015   16.7   6.3   356   396     2    44     1    58 0.66 -
26432at50557_6973_0:00651c|STRG.7402.7:2096-2569|+     -            158 40260at50557         -            408   6.5e-09   34.4  24.6   2   3   1.6e-06   0.00018   19.7   5.8   162   220    43    99    40   107 0.78 -
26432at50557_6973_0:00651c|STRG.7402.7:2096-2569|+     -            158 40260at50557         -            408   6.5e-09   34.4  24.6   3   3     0.014       1.6    6.8   2.7   178   200   121   143    98   158 0.62 -
26432at50557_6973_0:00651c|STRG.7402.8:966-1439|+      -            158 40260at50557         -            408   6.5e-09   34.4  24.6   1   3   1.4e-05    0.0015   16.7   6.3   356   396     2    44     1    58 0.66 -
26432at50557_6973_0:00651c|STRG.7402.8:966-1439|+      -            158 40260at50557         -            408   6.5e-09   34.4  24.6   2   3   1.6e-06   0.00018   19.7   5.8   162   220    43    99    40   107 0.78 -
26432at50557_6973_0:00651c|STRG.7402.8:966-1439|+      -            158 40260at50557         -            408   6.5e-09   34.4  24.6   3   3     0.014       1.6    6.8   2.7   178   200   121   143    98   158 0.62 -
26432at50557_6973_0:00651c|STRG.7402.9:619-1092|+      -            158 40260at50557         -            408   6.5e-09   34.4  24.6   1   3   1.4e-05    0.0015   16.7   6.3   356   396     2    44     1    58 0.66 -
26432at50557_6973_0:00651c|STRG.7402.9:619-1092|+      -            158 40260at50557         -            408   6.5e-09   34.4  24.6   2   3   1.6e-06   0.00018   19.7   5.8   162   220    43    99    40   107 0.78 -
26432at50557_6973_0:00651c|STRG.7402.9:619-1092|+      -            158 40260at50557         -            408   6.5e-09   34.4  24.6   3   3     0.014       1.6    6.8   2.7   178   200   121   143    98   158 0.62 -
26432at50557_1507135_0:0025ae|STRG.14346.1:1376-1726|+ -            117 40260at50557         -            408     9e-08   30.6   7.6   1   2   1.5e-07   1.6e-05   23.2   2.4   162   230     1    70     1    73 0.91 -
26432at50557_1507135_0:0025ae|STRG.14346.1:1376-1726|+ -            117 40260at50557         -            408     9e-08   30.6   7.6   2   2   5.5e-05    0.0061   14.7   0.6   162   196    65   100    62   105 0.73 -
40260at50557_7004_0:002f5a|STRG.4409.1:1469-1810|+     -            114 40260at50557         -            408   2.6e-07   29.1  15.8   1   2   1.3e-07   1.4e-05   23.4   7.9   164   222     3    62     1    77 0.57 -
40260at50557_7004_0:002f5a|STRG.4409.1:1469-1810|+     -            114 40260at50557         -            408   2.6e-07   29.1  15.8   2   2    0.0027       0.3    9.1   4.9    11   198    63   100    60   114 0.35 -
40260at50557_7004_0:002f5a|STRG.4409.4:1469-1810|+     -            114 40260at50557         -            408   2.6e-07   29.1  15.8   1   2   1.3e-07   1.4e-05   23.4   7.9   164   222     3    62     1    77 0.57 -
40260at50557_7004_0:002f5a|STRG.4409.4:1469-1810|+     -            114 40260at50557         -            408   2.6e-07   29.1  15.8   2   2    0.0027       0.3    9.1   4.9    11   198    63   100    60   114 0.35 -
26432at50557_6973_0:00651c|STRG.20424.1:259-813|+      -            185 40260at50557         -            408   3.2e-07   28.8  25.8   1   2   3.1e-07   3.4e-05   22.1  17.9   265   401     1   132     1   137 0.75 -
26432at50557_6973_0:00651c|STRG.20424.1:259-813|+      -            185 40260at50557         -            408   3.2e-07   28.8  25.8   2   2     0.018         2    6.4   1.9   174   196   144   166   129   184 0.78 -
26432at50557_6973_0:00651c|STRG.14952.1:1440-2048|+    -            203 40260at50557         -            408   3.8e-07   28.6  21.0   1   3      0.63        70    1.3   6.2   340   386    23    75    15    87 0.56 -
26432at50557_6973_0:00651c|STRG.14952.1:1440-2048|+    -            203 40260at50557         -            408   3.8e-07   28.6  21.0   2   3   4.7e-07   5.2e-05   21.5   3.6   176   222    96   142    75   147 0.64 -
26432at50557_6973_0:00651c|STRG.14952.1:1440-2048|+    -            203 40260at50557         -            408   3.8e-07   28.6  21.0   3   3   0.00014     0.016   13.4   0.6   174   212   161   202   158   203 0.74 -
26432at50557_6973_0:00651c|STRG.14952.2:1093-1701|+    -            203 40260at50557         -            408   3.8e-07   28.6  21.0   1   3      0.63        70    1.3   6.2   340   386    23    75    15    87 0.56 -
26432at50557_6973_0:00651c|STRG.14952.2:1093-1701|+    -            203 40260at50557         -            408   3.8e-07   28.6  21.0   2   3   4.7e-07   5.2e-05   21.5   3.6   176   222    96   142    75   147 0.64 -
26432at50557_6973_0:00651c|STRG.14952.2:1093-1701|+    -            203 40260at50557         -            408   3.8e-07   28.6  21.0   3   3   0.00014     0.016   13.4   0.6   174   212   161   202   158   203 0.74 -
26432at50557_6973_0:00651c|STRG.14952.3:1416-2024|+    -            203 40260at50557         -            408   3.8e-07   28.6  21.0   1   3      0.63        70    1.3   6.2   340   386    23    75    15    87 0.56 -
26432at50557_6973_0:00651c|STRG.14952.3:1416-2024|+    -            203 40260at50557         -            408   3.8e-07   28.6  21.0   2   3   4.7e-07   5.2e-05   21.5   3.6   176   222    96   142    75   147 0.64 -
26432at50557_6973_0:00651c|STRG.14952.3:1416-2024|+    -            203 40260at50557         -            408   3.8e-07   28.6  21.0   3   3   0.00014     0.016   13.4   0.6   174   212   161   202   158   203 0.74 -
26432at50557_6973_0:00651c|STRG.14952.4:1872-2480|+    -            203 40260at50557         -            408   3.8e-07   28.6  21.0   1   3      0.63        70    1.3   6.2   340   386    23    75    15    87 0.56 -
26432at50557_6973_0:00651c|STRG.14952.4:1872-2480|+    -            203 40260at50557         -            408   3.8e-07   28.6  21.0   2   3   4.7e-07   5.2e-05   21.5   3.6   176   222    96   142    75   147 0.64 -
26432at50557_6973_0:00651c|STRG.14952.4:1872-2480|+    -            203 40260at50557         -            408   3.8e-07   28.6  21.0   3   3   0.00014     0.016   13.4   0.6   174   212   161   202   158   203 0.74 -
40260at50557_121845_0:00039e|STRG.4409.2:1373-1810|+   -            146 40260at50557         -            408     4e-07   28.5  16.7   1   2   1.2e-07   1.4e-05   23.4   8.6   162   222    33    94    18   109 0.61 -
40260at50557_121845_0:00039e|STRG.4409.2:1373-1810|+   -            146 40260at50557         -            408     4e-07   28.5  16.7   2   2    0.0043      0.48    8.4   5.0   161   198    94   132    91   146 0.39 -
40260at50557_121845_0:00039e|STRG.4409.3:1373-1810|+   -            146 40260at50557         -            408     4e-07   28.5  16.7   1   2   1.2e-07   1.4e-05   23.4   8.6   162   222    33    94    18   109 0.61 -
40260at50557_121845_0:00039e|STRG.4409.3:1373-1810|+   -            146 40260at50557         -            408     4e-07   28.5  16.7   2   2    0.0043      0.48    8.4   5.0   161   198    94   132    91   146 0.39 -
40260at50557_13249_0:002616|STRG.4333.1:393-542|+      -             50 40260at50557         -            408   1.1e-06   27.1   3.5   1   1   9.9e-09   1.1e-06   27.0   3.5   162   211     1    49     1    50 0.52 -
40260at50557_13249_0:002616|STRG.4333.2:1798-1947|+    -             50 40260at50557         -            408   1.1e-06   27.1   3.5   1   1   9.9e-09   1.1e-06   27.0   3.5   162   211     1    49     1    50 0.52 -
26432at50557_6973_0:00651c|STRG.4088.11:245-805|+      -            187 40260at50557         -            408   1.1e-06   27.1  18.4   1   3   3.3e-05    0.0036   15.4   3.3     7    70    18    80     9    87 0.76 -
26432at50557_6973_0:00651c|STRG.4088.11:245-805|+      -            187 40260at50557         -            408   1.1e-06   27.1  18.4   2   3     0.012       1.3    7.0   4.8    26    72    95   141    78   145 0.56 -
26432at50557_6973_0:00651c|STRG.4088.11:245-805|+      -            187 40260at50557         -            408   1.1e-06   27.1  18.4   3   3   5.2e-05    0.0057   14.8   0.6   162   196   137   173   134   185 0.71 -
26432at50557_6973_0:00651c|STRG.4088.6:2533-3102|+     -            190 40260at50557         -            408   2.1e-06   26.1  19.4   1   3   3.1e-05    0.0035   15.5   3.3     7    70    18    80     9    88 0.76 -
26432at50557_6973_0:00651c|STRG.4088.6:2533-3102|+     -            190 40260at50557         -            408   2.1e-06   26.1  19.4   2   3    0.0077      0.85    7.6   5.0     9    72    79   141    73   147 0.57 -
26432at50557_6973_0:00651c|STRG.4088.6:2533-3102|+     -            190 40260at50557         -            408   2.1e-06   26.1  19.4   3   3   7.4e-05    0.0083   14.3   1.2   163   197   138   174   136   189 0.71 -
26432at50557_178035_0:0024cb|STRG.20424.2:1974-3038|+  -            355 40260at50557         -            408   5.8e-06   24.7  26.5   1   2   3.8e-06   0.00042   18.5  19.7   265   401   172   303   164   305 0.75 -
26432at50557_178035_0:0024cb|STRG.20424.2:1974-3038|+  -            355 40260at50557         -            408   5.8e-06   24.7  26.5   2   2      0.06       6.7    4.7   2.6   173   196   314   337   297   349 0.73 -
26432at50557_1507135_0:0025ae|STRG.16301.1:229-573|+   -            115 40260at50557         -            408   1.2e-05   23.6   7.1   1   2   3.5e-05    0.0039   15.4   2.4   161   220     4    63     1    71 0.68 -
26432at50557_1507135_0:0025ae|STRG.16301.1:229-573|+   -            115 40260at50557         -            408   1.2e-05   23.6   7.1   2   2    0.0005     0.055   11.5   1.0    10    46    65   100    57   115 0.61 -
26432at50557_1507135_0:0025ae|STRG.16301.2:47-424|+    -            126 40260at50557         -            408   1.3e-05   23.5   7.1   1   2     3e-05    0.0033   15.6   2.3   160   220    14    74     4    82 0.71 -
26432at50557_1507135_0:0025ae|STRG.16301.2:47-424|+    -            126 40260at50557         -            408   1.3e-05   23.5   7.1   2   2   0.00071     0.079   11.0   1.1    11    46    77   111    69   126 0.61 -
40260at50557_133901_0:000d2e|STRG.18477.6:1066-1212|+  -             49 40260at50557         -            408   2.4e-05   22.6   4.1   1   1   2.3e-07   2.5e-05   22.5   4.1    11    59     1    49     1    49 0.94 -
40260at50557_133901_0:000d2e|STRG.18477.7:1362-1508|+  -             49 40260at50557         -            408   2.4e-05   22.6   4.1   1   1   2.3e-07   2.5e-05   22.5   4.1    11    59     1    49     1    49 0.94 -
26432at50557_1507135_0:0025ae|STRG.16301.3:115-438|+   -            108 40260at50557         -            408   2.5e-05   22.5   6.5   1   2   5.5e-05    0.0061   14.7   0.6   174   219    12    55     1    58 0.52 -
26432at50557_1507135_0:0025ae|STRG.16301.3:115-438|+   -            108 40260at50557         -            408   2.5e-05   22.5   6.5   2   2   0.00041     0.046   11.8   0.9    10    46    58    93    49   108 0.62 -
26432at50557_2015173_0:000a04|STRG.7606.7:344-2248|+   -            635 40260at50557         -            408   4.3e-05   21.8  25.5   1   4     0.001      0.11   10.5   0.2    10    61   268   318   251   333 0.70 -
26432at50557_2015173_0:000a04|STRG.7606.7:344-2248|+   -            635 40260at50557         -            408   4.3e-05   21.8  25.5   2   4     0.073       8.1    4.4   1.3   280   324   475   520   452   522 0.66 -
26432at50557_2015173_0:000a04|STRG.7606.7:344-2248|+   -            635 40260at50557         -            408   4.3e-05   21.8  25.5   3   4     0.025       2.8    5.9   5.9     9    72   520   582   517   585 0.80 -
26432at50557_2015173_0:000a04|STRG.7606.7:344-2248|+   -            635 40260at50557         -            408   4.3e-05   21.8  25.5   4   4   8.9e-05    0.0099   14.0   2.4     8    63   578   633   571   635 0.83 -
26432at50557_2015173_0:000a04|STRG.7606.9:14-2014|+    -            667 40260at50557         -            408   4.5e-05   21.7  26.2   1   4   0.00057     0.063   11.4   0.3   162   211   267   314   234   330 0.56 -
26432at50557_2015173_0:000a04|STRG.7606.9:14-2014|+    -            667 40260at50557         -            408   4.5e-05   21.7  26.2   2   4     0.077       8.5    4.3   1.3   280   324   507   552   484   554 0.66 -
26432at50557_2015173_0:000a04|STRG.7606.9:14-2014|+    -            667 40260at50557         -            408   4.5e-05   21.7  26.2   3   4     0.031       3.4    5.7   6.0     9    72   552   614   550   617 0.80 -
26432at50557_2015173_0:000a04|STRG.7606.9:14-2014|+    -            667 40260at50557         -            408   4.5e-05   21.7  26.2   4   4   9.8e-05     0.011   13.9   2.4     8    63   610   665   603   667 0.83 -
26432at50557_2015173_0:000a04|STRG.7606.1:479-2638|+   -            700 40260at50557         -            408   6.3e-05   21.2  26.3   1   4   0.00061     0.068   11.3   0.3   162   211   301   348   268   364 0.56 -
26432at50557_2015173_0:000a04|STRG.7606.1:479-2638|+   -            700 40260at50557         -            408   6.3e-05   21.2  26.3   2   4     0.084       9.3    4.2   1.3   280   324   540   585   517   587 0.66 -
26432at50557_2015173_0:000a04|STRG.7606.1:479-2638|+   -            700 40260at50557         -            408   6.3e-05   21.2  26.3   3   4     0.033       3.6    5.6   6.0     9    72   585   647   583   650 0.80 -
26432at50557_2015173_0:000a04|STRG.7606.1:479-2638|+   -            700 40260at50557         -            408   6.3e-05   21.2  26.3   4   4   0.00011     0.012   13.8   2.4     8    63   643   698   636   700 0.83 -
26432at50557_2015173_0:000a04|STRG.7606.5:386-2635|+   -            750 40260at50557         -            408   8.4e-05   20.8  26.3   1   4   0.00067     0.074   11.1   0.3   162   211   301   348   268   364 0.56 -
26432at50557_2015173_0:000a04|STRG.7606.5:386-2635|+   -            750 40260at50557         -            408   8.4e-05   20.8  26.3   2   4     0.069       7.7    4.5   0.6   280   324   590   635   569   636 0.65 -
26432at50557_2015173_0:000a04|STRG.7606.5:386-2635|+   -            750 40260at50557         -            408   8.4e-05   20.8  26.3   3   4     0.022       2.4    6.1   6.1     8    72   634   697   629   700 0.79 -
26432at50557_2015173_0:000a04|STRG.7606.5:386-2635|+   -            750 40260at50557         -            408   8.4e-05   20.8  26.3   4   4   0.00012     0.013   13.6   2.4     8    63   693   748   686   750 0.83 -
42193at50557_88501_0:0015e5|STRG.4088.10:808-2076|+    -            423 40260at50557         -            408   9.2e-05   20.7  19.5   1   3   0.00014     0.015   13.4   3.3     7    70   254   316   245   323 0.76 -
42193at50557_88501_0:0015e5|STRG.4088.10:808-2076|+    -            423 40260at50557         -            408   9.2e-05   20.7  19.5   2   3     0.037       4.1    5.4   5.2     9    72   315   377   309   382 0.56 -
42193at50557_88501_0:0015e5|STRG.4088.10:808-2076|+    -            423 40260at50557         -            408   9.2e-05   20.7  19.5   3   3   0.00032     0.035   12.2   1.2   163   196   374   409   372   419 0.76 -
42193at50557_88501_0:0015e5|STRG.4088.1:182-1450|+     -            423 40260at50557         -            408   9.2e-05   20.7  19.5   1   3   0.00014     0.015   13.4   3.3     7    70   254   316   245   323 0.76 -
42193at50557_88501_0:0015e5|STRG.4088.1:182-1450|+     -            423 40260at50557         -            408   9.2e-05   20.7  19.5   2   3     0.037       4.1    5.4   5.2     9    72   315   377   309   382 0.56 -
42193at50557_88501_0:0015e5|STRG.4088.1:182-1450|+     -            423 40260at50557         -            408   9.2e-05   20.7  19.5   3   3   0.00032     0.035   12.2   1.2   163   196   374   409   372   419 0.76 -
42193at50557_88501_0:0015e5|STRG.4088.2:520-1788|+     -            423 40260at50557         -            408   9.2e-05   20.7  19.5   1   3   0.00014     0.015   13.4   3.3     7    70   254   316   245   323 0.76 -
42193at50557_88501_0:0015e5|STRG.4088.2:520-1788|+     -            423 40260at50557         -            408   9.2e-05   20.7  19.5   2   3     0.037       4.1    5.4   5.2     9    72   315   377   309   382 0.56 -
42193at50557_88501_0:0015e5|STRG.4088.2:520-1788|+     -            423 40260at50557         -            408   9.2e-05   20.7  19.5   3   3   0.00032     0.035   12.2   1.2   163   196   374   409   372   419 0.76 -
42193at50557_88501_0:0015e5|STRG.4088.3:435-1703|+     -            423 40260at50557         -            408   9.2e-05   20.7  19.5   1   3   0.00014     0.015   13.4   3.3     7    70   254   316   245   323 0.76 -
42193at50557_88501_0:0015e5|STRG.4088.3:435-1703|+     -            423 40260at50557         -            408   9.2e-05   20.7  19.5   2   3     0.037       4.1    5.4   5.2     9    72   315   377   309   382 0.56 -
42193at50557_88501_0:0015e5|STRG.4088.3:435-1703|+     -            423 40260at50557         -            408   9.2e-05   20.7  19.5   3   3   0.00032     0.035   12.2   1.2   163   196   374   409   372   419 0.76 -
42193at50557_88501_0:0015e5|STRG.4088.4:311-1579|+     -            423 40260at50557         -            408   9.2e-05   20.7  19.5   1   3   0.00014     0.015   13.4   3.3     7    70   254   316   245   323 0.76 -
42193at50557_88501_0:0015e5|STRG.4088.4:311-1579|+     -            423 40260at50557         -            408   9.2e-05   20.7  19.5   2   3     0.037       4.1    5.4   5.2     9    72   315   377   309   382 0.56 -
42193at50557_88501_0:0015e5|STRG.4088.4:311-1579|+     -            423 40260at50557         -            408   9.2e-05   20.7  19.5   3   3   0.00032     0.035   12.2   1.2   163   196   374   409   372   419 0.76 -
42193at50557_88501_0:0015e5|STRG.4088.5:262-1530|+     -            423 40260at50557         -            408   9.2e-05   20.7  19.5   1   3   0.00014     0.015   13.4   3.3     7    70   254   316   245   323 0.76 -
42193at50557_88501_0:0015e5|STRG.4088.5:262-1530|+     -            423 40260at50557         -            408   9.2e-05   20.7  19.5   2   3     0.037       4.1    5.4   5.2     9    72   315   377   309   382 0.56 -
42193at50557_88501_0:0015e5|STRG.4088.5:262-1530|+     -            423 40260at50557         -            408   9.2e-05   20.7  19.5   3   3   0.00032     0.035   12.2   1.2   163   196   374   409   372   419 0.76 -
42193at50557_88501_0:0015e5|STRG.4088.7:642-1910|+     -            423 40260at50557         -            408   9.2e-05   20.7  19.5   1   3   0.00014     0.015   13.4   3.3     7    70   254   316   245   323 0.76 -
42193at50557_88501_0:0015e5|STRG.4088.7:642-1910|+     -            423 40260at50557         -            408   9.2e-05   20.7  19.5   2   3     0.037       4.1    5.4   5.2     9    72   315   377   309   382 0.56 -
42193at50557_88501_0:0015e5|STRG.4088.7:642-1910|+     -            423 40260at50557         -            408   9.2e-05   20.7  19.5   3   3   0.00032     0.035   12.2   1.2   163   196   374   409   372   419 0.76 -
42193at50557_88501_0:0015e5|STRG.4088.8:1995-3263|+    -            423 40260at50557         -            408   9.2e-05   20.7  19.5   1   3   0.00014     0.015   13.4   3.3     7    70   254   316   245   323 0.76 -
42193at50557_88501_0:0015e5|STRG.4088.8:1995-3263|+    -            423 40260at50557         -            408   9.2e-05   20.7  19.5   2   3     0.037       4.1    5.4   5.2     9    72   315   377   309   382 0.56 -
42193at50557_88501_0:0015e5|STRG.4088.8:1995-3263|+    -            423 40260at50557         -            408   9.2e-05   20.7  19.5   3   3   0.00032     0.035   12.2   1.2   163   196   374   409   372   419 0.76 -
42193at50557_88501_0:0015e5|STRG.4088.9:1234-2502|+    -            423 40260at50557         -            408   9.2e-05   20.7  19.5   1   3   0.00014     0.015   13.4   3.3     7    70   254   316   245   323 0.76 -
42193at50557_88501_0:0015e5|STRG.4088.9:1234-2502|+    -            423 40260at50557         -            408   9.2e-05   20.7  19.5   2   3     0.037       4.1    5.4   5.2     9    72   315   377   309   382 0.56 -
42193at50557_88501_0:0015e5|STRG.4088.9:1234-2502|+    -            423 40260at50557         -            408   9.2e-05   20.7  19.5   3   3   0.00032     0.035   12.2   1.2   163   196   374   409   372   419 0.76 -
40260at50557_315563_0:002def|STRG.8089.12:758-1498|+   -            247 40260at50557         -            408   9.8e-05   20.6  31.3   1   2   1.8e-06    0.0002   19.6  26.2    30   222    13   194     4   204 0.79 -
40260at50557_315563_0:002def|STRG.8089.12:758-1498|+   -            247 40260at50557         -            408   9.8e-05   20.6  31.3   2   2      0.64        72    1.3   0.9    10    42   194   226   193   238 0.73 -
40260at50557_315563_0:002def|STRG.8089.13:713-1453|+   -            247 40260at50557         -            408   9.8e-05   20.6  31.3   1   2   1.8e-06    0.0002   19.6  26.2    30   222    13   194     4   204 0.79 -
40260at50557_315563_0:002def|STRG.8089.13:713-1453|+   -            247 40260at50557         -            408   9.8e-05   20.6  31.3   2   2      0.64        72    1.3   0.9    10    42   194   226   193   238 0.73 -
40260at50557_315563_0:002def|STRG.8089.2:757-1497|+    -            247 40260at50557         -            408   9.8e-05   20.6  31.3   1   2   1.8e-06    0.0002   19.6  26.2    30   222    13   194     4   204 0.79 -
40260at50557_315563_0:002def|STRG.8089.2:757-1497|+    -            247 40260at50557         -            408   9.8e-05   20.6  31.3   2   2      0.64        72    1.3   0.9    10    42   194   226   193   238 0.73 -
40260at50557_315563_0:002def|STRG.8089.3:756-1496|+    -            247 40260at50557         -            408   9.8e-05   20.6  31.3   1   2   1.8e-06    0.0002   19.6  26.2    30   222    13   194     4   204 0.79 -
40260at50557_315563_0:002def|STRG.8089.3:756-1496|+    -            247 40260at50557         -            408   9.8e-05   20.6  31.3   2   2      0.64        72    1.3   0.9    10    42   194   226   193   238 0.73 -
40260at50557_315563_0:002def|STRG.8089.4:756-1496|+    -            247 40260at50557         -            408   9.8e-05   20.6  31.3   1   2   1.8e-06    0.0002   19.6  26.2    30   222    13   194     4   204 0.79 -
40260at50557_315563_0:002def|STRG.8089.4:756-1496|+    -            247 40260at50557         -            408   9.8e-05   20.6  31.3   2   2      0.64        72    1.3   0.9    10    42   194   226   193   238 0.73 -
40260at50557_315563_0:002def|STRG.8089.5:757-1497|+    -            247 40260at50557         -            408   9.8e-05   20.6  31.3   1   2   1.8e-06    0.0002   19.6  26.2    30   222    13   194     4   204 0.79 -
40260at50557_315563_0:002def|STRG.8089.5:757-1497|+    -            247 40260at50557         -            408   9.8e-05   20.6  31.3   2   2      0.64        72    1.3   0.9    10    42   194   226   193   238 0.73 -
40260at50557_315563_0:002def|STRG.8089.6:757-1497|+    -            247 40260at50557         -            408   9.8e-05   20.6  31.3   1   2   1.8e-06    0.0002   19.6  26.2    30   222    13   194     4   204 0.79 -
40260at50557_315563_0:002def|STRG.8089.6:757-1497|+    -            247 40260at50557         -            408   9.8e-05   20.6  31.3   2   2      0.64        72    1.3   0.9    10    42   194   226   193   238 0.73 -
40260at50557_315563_0:002def|STRG.8089.7:757-1497|+    -            247 40260at50557         -            408   9.8e-05   20.6  31.3   1   2   1.8e-06    0.0002   19.6  26.2    30   222    13   194     4   204 0.79 -
40260at50557_315563_0:002def|STRG.8089.7:757-1497|+    -            247 40260at50557         -            408   9.8e-05   20.6  31.3   2   2      0.64        72    1.3   0.9    10    42   194   226   193   238 0.73 -
40260at50557_315563_0:002def|STRG.8089.10:160-918|+    -            253 40260at50557         -            408   0.00026   19.2  34.4   1   2   4.6e-06   0.00051   18.2  29.5    11   221     1   199     1   204 0.78 -
40260at50557_315563_0:002def|STRG.8089.10:160-918|+    -            253 40260at50557         -            408   0.00026   19.2  34.4   2   2      0.63        70    1.3   1.0    10    42   200   232   198   242 0.72 -
40260at50557_315563_0:002def|STRG.8089.11:160-918|+    -            253 40260at50557         -            408   0.00026   19.2  34.4   1   2   4.6e-06   0.00051   18.2  29.5    11   221     1   199     1   204 0.78 -
40260at50557_315563_0:002def|STRG.8089.11:160-918|+    -            253 40260at50557         -            408   0.00026   19.2  34.4   2   2      0.63        70    1.3   1.0    10    42   200   232   198   242 0.72 -
40260at50557_77166_0:00128c|STRG.8089.1:154-912|+      -            253 40260at50557         -            408   0.00026   19.2  34.4   1   2   4.6e-06   0.00051   18.2  29.5    11   221     1   199     1   204 0.78 -
40260at50557_77166_0:00128c|STRG.8089.1:154-912|+      -            253 40260at50557         -            408   0.00026   19.2  34.4   2   2      0.63        70    1.3   1.0    10    42   200   232   198   242 0.72 -
40260at50557_77166_0:00128c|STRG.8089.8:160-918|+      -            253 40260at50557         -            408   0.00026   19.2  34.4   1   2   4.6e-06   0.00051   18.2  29.5    11   221     1   199     1   204 0.78 -
40260at50557_77166_0:00128c|STRG.8089.8:160-918|+      -            253 40260at50557         -            408   0.00026   19.2  34.4   2   2      0.63        70    1.3   1.0    10    42   200   232   198   242 0.72 -
40260at50557_77166_0:00128c|STRG.8089.9:160-918|+      -            253 40260at50557         -            408   0.00026   19.2  34.4   1   2   4.6e-06   0.00051   18.2  29.5    11   221     1   199     1   204 0.78 -
40260at50557_77166_0:00128c|STRG.8089.9:160-918|+      -            253 40260at50557         -            408   0.00026   19.2  34.4   2   2      0.63        70    1.3   1.0    10    42   200   232   198   242 0.72 -
26432at50557_29031_0:002738|STRG.9970.1:6-428|+        -            141 40260at50557         -            408   0.00052   18.2   2.4   1   2   4.7e-06   0.00052   18.2   2.4     8    66    27    85    20    88 0.80 -
26432at50557_29031_0:002738|STRG.9970.1:6-428|+        -            141 40260at50557         -            408   0.00052   18.2   2.4   2   2     0.048       5.3    5.0   1.6   263   298    88   126    82   132 0.56 -
65449at50557_88501_0:00074b|STRG.8838.2:808-3318|+     -            837 40260at50557         -            408    0.0045   15.1  23.0   1   3   0.00076     0.084   10.9   1.6     7    59   652   708   646   719 0.70 -
65449at50557_88501_0:00074b|STRG.8838.2:808-3318|+     -            837 40260at50557         -            408    0.0045   15.1  23.0   2   3   5.7e-05    0.0064   14.6   1.2   162   219   721   777   710   780 0.64 -
65449at50557_88501_0:00074b|STRG.8838.2:808-3318|+     -            837 40260at50557         -            408    0.0045   15.1  23.0   3   3       2.5   2.8e+02   -0.6   7.0    10    59   780   832   772   837 0.53 -
65449at50557_88501_0:00074b|STRG.8838.1:586-3093|+     -            836 40260at50557         -            408    0.0046   15.1  23.8   1   3     0.001      0.11   10.5   2.0     7    59   648   704   642   713 0.69 -
65449at50557_88501_0:00074b|STRG.8838.1:586-3093|+     -            836 40260at50557         -            408    0.0046   15.1  23.8   2   3   0.00015     0.016   13.3   2.7   162   219   717   773   696   776 0.68 -
65449at50557_88501_0:00074b|STRG.8838.1:586-3093|+     -            836 40260at50557         -            408    0.0046   15.1  23.8   3   3         2   2.3e+02   -0.3   7.7    10    62   776   832   768   836 0.50 -
26432at50557_132113_0:002b60|STRG.7606.6:344-1648|+    -            435 40260at50557         -            408     0.039   12.0   0.2   1   1   0.00059     0.066   11.3   0.2    10    61   268   318   251   333 0.70 -
#
# Program:         hmmsearch
# Version:         3.4 (Aug 2023)
# Pipeline mode:   SEARCH
# Query file:      /home/justine/projet_tutore/busco_downloads/lineages/insecta_odb10/hmms/40260at50557.hmm
# Target file:     annotation_analysis/annotation_gcf/T_cornetzi/busco_output/run_insecta_odb10/metaeuk_output/initial_results/assembled_transcripts.fasta.modified.fas
# Option settings: hmmsearch --domtblout annotation_analysis/annotation_gcf/T_cornetzi/busco_output/run_insecta_odb10/hmmer_output/initial_run_results/40260at50557.out --cpu 1 /home/justine/projet_tutore/busco_downloads/lineages/insecta_odb10/hmms/40260at50557.hmm annotation_analysis/annotation_gcf/T_cornetzi/busco_output/run_insecta_odb10/metaeuk_output/initial_results/assembled_transcripts.fasta.modified.fas 
# Current dir:     /home/justine/projet_tutore
# Date:            Sun Dec  1 20:05:58 2024
# [ok]
