#                                                                                                             --- full sequence --- -------------- this domain -------------   hmm coord   ali coord   env coord
# target name                                         accession   tlen query name           accession   qlen   E-value  score  bias   #  of  c-Evalue  i-Evalue  score  bias  from    to  from    to  from    to  acc description of target
#                                 ------------------- ---------- ----- -------------------- ---------- ----- --------- ------ ----- --- --- --------- --------- ------ ----- ----- ----- ----- ----- ----- ----- ---- ---------------------
43010at50557_411798_0:00301e|STRG.2732.2:0-2153|+     -            718 43010at50557         -            456  1.9e-221  734.7  73.6   1   5   1.2e-08   3.1e-06   25.3   0.0     1    31    31    61    31    67 0.95 -
43010at50557_411798_0:00301e|STRG.2732.2:0-2153|+     -            718 43010at50557         -            456  1.9e-221  734.7  73.6   2   5  6.8e-160  1.7e-157  523.9  14.5    25   279   116   387   111   405 0.93 -
43010at50557_411798_0:00301e|STRG.2732.2:0-2153|+     -            718 43010at50557         -            456  1.9e-221  734.7  73.6   3   5   2.9e-35   7.6e-33  113.0  19.6   271   375   412   514   399   543 0.82 -
43010at50557_411798_0:00301e|STRG.2732.2:0-2153|+     -            718 43010at50557         -            456  1.9e-221  734.7  73.6   4   5   3.5e-07   8.9e-05   20.5   6.8   345   412   548   636   541   645 0.73 -
43010at50557_411798_0:00301e|STRG.2732.2:0-2153|+     -            718 43010at50557         -            456  1.9e-221  734.7  73.6   5   5   3.5e-21     9e-19   66.6   9.7   398   456   643   706   632   706 0.85 -
43010at50557_456900_0:000325|STRG.2732.4:729-2432|+   -            568 43010at50557         -            456  6.1e-199  660.5  41.4   1   2  6.3e-166  1.6e-163  543.7  16.1     1   279    43   357    43   376 0.91 -
43010at50557_456900_0:000325|STRG.2732.4:729-2432|+   -            568 43010at50557         -            456  6.1e-199  660.5  41.4   2   2   2.9e-36   7.6e-34  116.3  17.7   271   382   382   491   369   500 0.83 -
43010at50557_456900_0:000325|STRG.2732.5:40-1659|+    -            540 43010at50557         -            456  1.2e-190  633.2  41.0   1   2  8.3e-159  2.1e-156  520.3  15.7    31   280    64   330    60   351 0.93 -
43010at50557_456900_0:000325|STRG.2732.5:40-1659|+    -            540 43010at50557         -            456  1.2e-190  633.2  41.0   2   2     3e-36   7.7e-34  116.3  18.0   270   382   353   463   336   478 0.84 -
43010at50557_597456_0:00171b|STRG.2732.3:40-1410|+    -            457 43010at50557         -            456    6e-190  630.8  41.6   1   2  1.1e-158  2.8e-156  519.9  17.0    31   280    64   330    60   354 0.93 -
43010at50557_597456_0:00171b|STRG.2732.3:40-1410|+    -            457 43010at50557         -            456    6e-190  630.8  41.6   2   2   1.2e-35   3.2e-33  114.2  17.6   271   369   354   450   343   457 0.86 -
43010at50557_246812_0:0014c3|STRG.2732.1:147-824|+    -            226 43010at50557         -            456   4.2e-25   87.5  25.0   1   2   1.7e-07   4.3e-05   21.5   9.2   344   412    66   155     6   163 0.79 -
43010at50557_246812_0:0014c3|STRG.2732.1:147-824|+    -            226 43010at50557         -            456   4.2e-25   87.5  25.0   2   2   5.2e-22   1.3e-19   69.3   9.5   401   456   164   225   152   225 0.86 -
23788at50557_520822_0:00115e|STRG.2621.1:37-3735|+    -           1233 43010at50557         -            456   2.7e-14   51.8   1.7   1   1   2.7e-16   6.8e-14   50.5   1.7   342   456  1096  1216  1064  1216 0.73 -
43010at50557_246812_0:0014c3|STRG.9354.1:1870-2364|+  -            165 43010at50557         -            456   1.2e-13   49.8  12.1   1   1   5.2e-16   1.3e-13   49.5  12.1   307   456     5   165     2   165 0.65 -
43010at50557_246812_0:0014c3|STRG.9354.2:1882-2376|+  -            165 43010at50557         -            456   1.2e-13   49.8  12.1   1   1   5.2e-16   1.3e-13   49.5  12.1   307   456     5   165     2   165 0.65 -
43010at50557_246812_0:0014c3|STRG.9354.3:1882-2376|+  -            165 43010at50557         -            456   1.2e-13   49.8  12.1   1   1   5.2e-16   1.3e-13   49.5  12.1   307   456     5   165     2   165 0.65 -
43010at50557_246812_0:0014c3|STRG.9354.4:1865-2359|+  -            165 43010at50557         -            456   1.2e-13   49.8  12.1   1   1   5.2e-16   1.3e-13   49.5  12.1   307   456     5   165     2   165 0.65 -
43010at50557_246812_0:0014c3|STRG.9354.5:1979-2473|+  -            165 43010at50557         -            456   1.2e-13   49.8  12.1   1   1   5.2e-16   1.3e-13   49.5  12.1   307   456     5   165     2   165 0.65 -
108452at50557_7536_0:002ce9|STRG.15880.1:399-839|+    -            147 43010at50557         -            456     9e-13   46.8   1.8   1   1   3.8e-15   9.8e-13   46.7   1.8   371   456    43   138     6   138 0.67 -
108452at50557_7536_0:002ce9|STRG.15880.2:399-839|+    -            147 43010at50557         -            456     9e-13   46.8   1.8   1   1   3.8e-15   9.8e-13   46.7   1.8   371   456    43   138     6   138 0.67 -
108452at50557_144034_0:001560|STRG.7105.1:75-920|+    -            282 43010at50557         -            456     1e-10   40.0   2.2   1   1   4.6e-13   1.2e-10   39.8   2.2   375   456   134   223    82   223 0.71 -
108452at50557_7224_0:00009b|STRG.15963.1:1994-2524|+  -            177 43010at50557         -            456   1.2e-10   39.8   4.4   1   1   5.1e-13   1.3e-10   39.7   4.4   336   456    51   173    33   173 0.77 -
108452at50557_7224_0:00009b|STRG.15963.2:1763-2293|+  -            177 43010at50557         -            456   1.2e-10   39.8   4.4   1   1   5.1e-13   1.3e-10   39.7   4.4   336   456    51   173    33   173 0.77 -
108452at50557_7224_0:00009b|STRG.15963.3:1604-2134|+  -            177 43010at50557         -            456   1.2e-10   39.8   4.4   1   1   5.1e-13   1.3e-10   39.7   4.4   336   456    51   173    33   173 0.77 -
108452at50557_7224_0:00009b|STRG.15963.4:1762-2292|+  -            177 43010at50557         -            456   1.2e-10   39.8   4.4   1   1   5.1e-13   1.3e-10   39.7   4.4   336   456    51   173    33   173 0.77 -
12466at50557_67767_0:0000ec|STRG.7051.4:0-1892|+      -            631 43010at50557         -            456     2e-10   39.1   1.5   1   3     0.083        21    2.7   0.0    77   118   100   138    94   155 0.86 -
12466at50557_67767_0:0000ec|STRG.7051.4:0-1892|+      -            631 43010at50557         -            456     2e-10   39.1   1.5   2   3   1.5e-10   3.9e-08   31.5   0.0   117   193   204   279   200   285 0.83 -
12466at50557_67767_0:0000ec|STRG.7051.4:0-1892|+      -            631 43010at50557         -            456     2e-10   39.1   1.5   3   3      0.17        43    1.7   0.2    70    86   611   627   606   629 0.91 -
12466at50557_67767_0:0000ec|STRG.7051.2:0-1856|+      -            619 43010at50557         -            456     2e-10   39.1   1.5   1   3     0.092        24    2.6   0.0    77   118   100   138    94   143 0.84 -
12466at50557_67767_0:0000ec|STRG.7051.2:0-1856|+      -            619 43010at50557         -            456     2e-10   39.1   1.5   2   3   1.5e-10   3.7e-08   31.6   0.0   117   193   192   267   188   273 0.83 -
12466at50557_67767_0:0000ec|STRG.7051.2:0-1856|+      -            619 43010at50557         -            456     2e-10   39.1   1.5   3   3      0.17        43    1.7   0.2    70    86   599   615   594   617 0.91 -
12466at50557_456900_0:0007bb|STRG.7051.3:0-1964|+     -            655 43010at50557         -            456   2.5e-10   38.8   1.5   1   3     0.099        25    2.5   0.0    77   118   100   138    94   143 0.84 -
12466at50557_456900_0:0007bb|STRG.7051.3:0-1964|+     -            655 43010at50557         -            456   2.5e-10   38.8   1.5   2   3   1.6e-10   4.1e-08   31.5   0.0   117   193   228   303   224   309 0.83 -
12466at50557_456900_0:0007bb|STRG.7051.3:0-1964|+     -            655 43010at50557         -            456   2.5e-10   38.8   1.5   3   3      0.18        45    1.6   0.2    70    86   635   651   630   653 0.91 -
28503at50557_69004_0:0020b1|STRG.13841.2:1984-5322|+  -           1113 43010at50557         -            456     6e-10   37.5   4.0   1   1     4e-12     1e-09   36.7   4.0   407   456  1055  1110  1031  1110 0.82 -
28503at50557_69004_0:0020b1|STRG.13841.1:782-4135|+   -           1118 43010at50557         -            456   6.1e-10   37.5   4.0   1   1     4e-12     1e-09   36.7   4.0   407   456  1055  1110  1031  1110 0.82 -
48864at50557_520822_0:000d82|STRG.2155.1:313-1845|+   -            511 43010at50557         -            456   6.1e-10   37.5   0.5   1   3   2.4e-12   6.1e-10   37.5   0.5   382   441   118   179    94   192 0.84 -
48864at50557_520822_0:000d82|STRG.2155.1:313-1845|+   -            511 43010at50557         -            456   6.1e-10   37.5   0.5   2   3       3.5   9.1e+02   -2.6   0.1   330   374   273   320   265   351 0.67 -
48864at50557_520822_0:000d82|STRG.2155.1:313-1845|+   -            511 43010at50557         -            456   6.1e-10   37.5   0.5   3   3       4.5   1.1e+03   -3.0   0.2   361   385   372   396   315   423 0.63 -
23788at50557_378494_0:0029c0|STRG.19219.1:6575-6718|+ -             48 43010at50557         -            456   1.3e-09   36.4   6.3   1   1   5.4e-12   1.4e-09   36.3   6.3   416   456     1    47     1    47 0.80 -
23788at50557_378494_0:0029c0|STRG.19219.2:6634-6777|+ -             48 43010at50557         -            456   1.3e-09   36.4   6.3   1   1   5.4e-12   1.4e-09   36.3   6.3   416   456     1    47     1    47 0.80 -
108452at50557_121845_0:000f76|STRG.10070.1:62-352|+   -             97 43010at50557         -            456     1e-08   33.4   7.1   1   1   4.3e-11   1.1e-08   33.3   7.1   406   456    26    83    12    83 0.84 -
60694at50557_315563_0:000bf8|STRG.19257.1:149-6172|+  -           2008 43010at50557         -            456   4.2e-08   31.4   4.4   1   1   4.1e-10     1e-07   30.1   4.4   401   448   115   165    90   179 0.76 -
108452at50557_13249_0:002762|STRG.12424.1:2389-2634|+ -             82 43010at50557         -            456   4.5e-08   31.3  10.3   1   1   1.9e-10   4.8e-08   31.2  10.3   411   456     8    60     1    60 0.76 -
108452at50557_13249_0:002762|STRG.12424.2:2389-2634|+ -             82 43010at50557         -            456   4.5e-08   31.3  10.3   1   1   1.9e-10   4.8e-08   31.2  10.3   411   456     8    60     1    60 0.76 -
75832at50557_7394_0:0024f6|STRG.8192.1:1049-3001|+    -            651 43010at50557         -            456     2e-07   29.2   0.1   1   2   2.6e-08   6.7e-06   24.2   0.0   111   191    88   168    73   176 0.83 -
75832at50557_7394_0:0024f6|STRG.8192.1:1049-3001|+    -            651 43010at50557         -            456     2e-07   29.2   0.1   2   2      0.11        28    2.3   0.0   416   453   461   499   400   501 0.74 -
75832at50557_7394_0:0024f6|STRG.8192.2:1049-2929|+    -            627 43010at50557         -            456   0.00088   17.2   0.0   1   2   0.00013     0.033   12.0   0.0   111   146    88   123    73   152 0.79 -
75832at50557_7394_0:0024f6|STRG.8192.2:1049-2929|+    -            627 43010at50557         -            456   0.00088   17.2   0.0   2   2       0.1        27    2.4   0.0   416   453   437   475   376   477 0.74 -
58640at50557_34720_0:00294d|STRG.11493.1:407-1762|+   -            404 43010at50557         -            456    0.0011   16.9   2.2   1   2   0.00094      0.24    9.1   0.0   171   234   167   240   153   255 0.83 -
58640at50557_34720_0:00294d|STRG.11493.1:407-1762|+   -            404 43010at50557         -            456    0.0011   16.9   2.2   2   2    0.0088       2.3    5.9   1.7   403   441   334   375   323   388 0.81 -
58640at50557_34720_0:00294d|STRG.11493.4:190-1401|+   -            404 43010at50557         -            456    0.0011   16.9   2.2   1   2   0.00094      0.24    9.1   0.0   171   234   167   240   153   255 0.83 -
58640at50557_34720_0:00294d|STRG.11493.4:190-1401|+   -            404 43010at50557         -            456    0.0011   16.9   2.2   2   2    0.0088       2.3    5.9   1.7   403   441   334   375   323   388 0.81 -
58640at50557_34720_0:00294d|STRG.11493.5:336-1547|+   -            404 43010at50557         -            456    0.0011   16.9   2.2   1   2   0.00094      0.24    9.1   0.0   171   234   167   240   153   255 0.83 -
58640at50557_34720_0:00294d|STRG.11493.5:336-1547|+   -            404 43010at50557         -            456    0.0011   16.9   2.2   2   2    0.0088       2.3    5.9   1.7   403   441   334   375   323   388 0.81 -
58640at50557_34720_0:00294d|STRG.11493.6:88-1299|+    -            404 43010at50557         -            456    0.0011   16.9   2.2   1   2   0.00094      0.24    9.1   0.0   171   234   167   240   153   255 0.83 -
58640at50557_34720_0:00294d|STRG.11493.6:88-1299|+    -            404 43010at50557         -            456    0.0011   16.9   2.2   2   2    0.0088       2.3    5.9   1.7   403   441   334   375   323   388 0.81 -
#
# Program:         hmmsearch
# Version:         3.4 (Aug 2023)
# Pipeline mode:   SEARCH
# Query file:      /home/justine/projet_tutore/busco_downloads/lineages/insecta_odb10/hmms/43010at50557.hmm
# Target file:     annotation_analysis/annotation_gcf/T_cornetzi/busco_output/run_insecta_odb10/metaeuk_output/initial_results/assembled_transcripts.fasta.modified.fas
# Option settings: hmmsearch --domtblout annotation_analysis/annotation_gcf/T_cornetzi/busco_output/run_insecta_odb10/hmmer_output/initial_run_results/43010at50557.out --cpu 1 /home/justine/projet_tutore/busco_downloads/lineages/insecta_odb10/hmms/43010at50557.hmm annotation_analysis/annotation_gcf/T_cornetzi/busco_output/run_insecta_odb10/metaeuk_output/initial_results/assembled_transcripts.fasta.modified.fas 
# Current dir:     /home/justine/projet_tutore
# Date:            Sun Dec  1 20:06:12 2024
# [ok]
