#                                                                                                             --- full sequence --- -------------- this domain -------------   hmm coord   ali coord   env coord
# target name                                         accession   tlen query name           accession   qlen   E-value  score  bias   #  of  c-Evalue  i-Evalue  score  bias  from    to  from    to  from    to  acc description of target
#                                 ------------------- ---------- ----- -------------------- ---------- ----- --------- ------ ----- --- --- --------- --------- ------ ----- ----- ----- ----- ----- ----- ----- ---- ---------------------
46918at50557_34720_0:002978|STRG.20793.2:462-2618|+   -            719 46918at50557         -            265  2.2e-133  442.3  18.3   1   2   4.7e-63   2.2e-60  203.1   1.6     1   114   264   380   264   415 0.93 -
46918at50557_34720_0:002978|STRG.20793.2:462-2618|+   -            719 46918at50557         -            265  2.2e-133  442.3  18.3   2   2   1.3e-71   5.8e-69  231.1  10.4   106   265   414   623   400   623 0.84 -
46918at50557_34720_0:002978|STRG.20793.3:128-2893|+   -            922 46918at50557         -            265  9.1e-133  440.3  18.5   1   2   5.3e-63   2.4e-60  202.9   1.1     1   114   478   594   478   622 0.94 -
46918at50557_34720_0:002978|STRG.20793.3:128-2893|+   -            922 46918at50557         -            265  9.1e-133  440.3  18.5   2   2   2.2e-71     1e-68  230.3  10.5   106   265   628   837   616   837 0.84 -
46918at50557_34720_0:002978|STRG.20793.5:128-2920|+   -            931 46918at50557         -            265    1e-132  440.1  18.6   1   2   5.3e-63   2.5e-60  202.9   1.1     1   114   478   594   478   622 0.94 -
46918at50557_34720_0:002978|STRG.20793.5:128-2920|+   -            931 46918at50557         -            265    1e-132  440.1  18.6   2   2   2.4e-71   1.1e-68  230.2  10.6   106   265   628   837   616   837 0.84 -
46918at50557_34720_0:002978|STRG.20793.1:128-2926|+   -            933 46918at50557         -            265    1e-132  440.1  18.6   1   2   5.4e-63   2.5e-60  202.9   1.1     1   114   478   594   478   622 0.94 -
46918at50557_34720_0:002978|STRG.20793.1:128-2926|+   -            933 46918at50557         -            265    1e-132  440.1  18.6   2   2   2.4e-71   1.1e-68  230.2  10.6   106   265   628   837   616   837 0.84 -
46918at50557_34720_0:002978|STRG.20793.4:128-2953|+   -            942 46918at50557         -            265  1.1e-132  440.0  18.6   1   2   5.4e-63   2.5e-60  202.8   1.1     1   114   478   594   478   622 0.94 -
46918at50557_34720_0:002978|STRG.20793.4:128-2953|+   -            942 46918at50557         -            265  1.1e-132  440.0  18.6   2   2   2.5e-71   1.1e-68  230.2  10.6   106   265   628   837   616   837 0.84 -
45419at50557_51655_0:002e4f|STRG.6705.1:1276-1500|+   -             75 46918at50557         -            265    0.0045   15.1   0.8   1   2      0.11        53    1.8   0.0   224   245     1    22     1    25 0.86 -
45419at50557_51655_0:002e4f|STRG.6705.1:1276-1500|+   -             75 46918at50557         -            265    0.0045   15.1   0.8   2   2   5.2e-05     0.024   12.7   0.2   220   255    25    60    20    66 0.89 -
45419at50557_51655_0:002e4f|STRG.6705.2:1177-1401|+   -             75 46918at50557         -            265    0.0045   15.1   0.8   1   2      0.11        53    1.8   0.0   224   245     1    22     1    25 0.86 -
45419at50557_51655_0:002e4f|STRG.6705.2:1177-1401|+   -             75 46918at50557         -            265    0.0045   15.1   0.8   2   2   5.2e-05     0.024   12.7   0.2   220   255    25    60    20    66 0.89 -
45419at50557_51655_0:002e4f|STRG.6705.3:1177-1401|+   -             75 46918at50557         -            265    0.0045   15.1   0.8   1   2      0.11        53    1.8   0.0   224   245     1    22     1    25 0.86 -
45419at50557_51655_0:002e4f|STRG.6705.3:1177-1401|+   -             75 46918at50557         -            265    0.0045   15.1   0.8   2   2   5.2e-05     0.024   12.7   0.2   220   255    25    60    20    66 0.89 -
39871at50557_7536_0:000d98|STRG.12385.1:2854-3120|+   -             89 46918at50557         -            265     0.013   13.6   0.3   1   2     0.051        23    3.0   0.0   224   243     3    22     1    29 0.87 -
39871at50557_7536_0:000d98|STRG.12385.1:2854-3120|+   -             89 46918at50557         -            265     0.013   13.6   0.3   2   2   0.00027      0.12   10.4   0.1   220   251    26    57    12    77 0.81 -
135254at50557_103372_0:002a85|STRG.11625.1:871-1074|+ -             68 46918at50557         -            265     0.029   12.5   0.0   1   1   6.6e-05     0.031   12.4   0.0     9    58     1    53     1    67 0.80 -
135254at50557_103372_0:002a85|STRG.11625.2:791-994|+  -             68 46918at50557         -            265     0.029   12.5   0.0   1   1   6.6e-05     0.031   12.4   0.0     9    58     1    53     1    67 0.80 -
135254at50557_103372_0:002a85|STRG.11625.3:724-927|+  -             68 46918at50557         -            265     0.029   12.5   0.0   1   1   6.6e-05     0.031   12.4   0.0     9    58     1    53     1    67 0.80 -
135254at50557_103372_0:002a85|STRG.11625.4:900-1103|+ -             68 46918at50557         -            265     0.029   12.5   0.0   1   1   6.6e-05     0.031   12.4   0.0     9    58     1    53     1    67 0.80 -
135254at50557_103372_0:002a85|STRG.11625.5:781-984|+  -             68 46918at50557         -            265     0.029   12.5   0.0   1   1   6.6e-05     0.031   12.4   0.0     9    58     1    53     1    67 0.80 -
135254at50557_103372_0:002a85|STRG.11625.6:900-1103|+ -             68 46918at50557         -            265     0.029   12.5   0.0   1   1   6.6e-05     0.031   12.4   0.0     9    58     1    53     1    67 0.80 -
135254at50557_103372_0:002a85|STRG.11625.7:900-1103|+ -             68 46918at50557         -            265     0.029   12.5   0.0   1   1   6.6e-05     0.031   12.4   0.0     9    58     1    53     1    67 0.80 -
35806at50557_121225_0:000aa0|STRG.6587.1:3027-4145|+  -            373 46918at50557         -            265       0.3    9.2  10.0   1   4       0.4   1.9e+02    0.0   0.1   223   246    16    39    12    55 0.85 -
35806at50557_121225_0:000aa0|STRG.6587.1:3027-4145|+  -            373 46918at50557         -            265       0.3    9.2  10.0   2   4     0.012       5.6    5.0   0.0   221   246    73    98    65   106 0.91 -
35806at50557_121225_0:000aa0|STRG.6587.1:3027-4145|+  -            373 46918at50557         -            265       0.3    9.2  10.0   3   4       1.3   5.8e+02   -1.6   0.1   224   242   132   150   125   157 0.85 -
35806at50557_121225_0:000aa0|STRG.6587.1:3027-4145|+  -            373 46918at50557         -            265       0.3    9.2  10.0   4   4    0.0015      0.71    7.9   0.5   194   248   235   289   208   306 0.77 -
57812at50557_139723_0:0023b3|STRG.16960.1:2682-3089|+ -            136 46918at50557         -            265      0.38    8.8   2.7   1   3      0.54   2.5e+02   -0.4   0.0   224   245     1    22     1    27 0.88 -
57812at50557_139723_0:0023b3|STRG.16960.1:2682-3089|+ -            136 46918at50557         -            265      0.38    8.8   2.7   2   3     0.007       3.2    5.8   0.1   218   241    29    52    23    60 0.80 -
57812at50557_139723_0:0023b3|STRG.16960.1:2682-3089|+ -            136 46918at50557         -            265      0.38    8.8   2.7   3   3     0.079        36    2.3   0.1   220   247    59    86    51   101 0.81 -
57812at50557_139723_0:0023b3|STRG.16960.2:2554-2961|+ -            136 46918at50557         -            265      0.38    8.8   2.7   1   3      0.54   2.5e+02   -0.4   0.0   224   245     1    22     1    27 0.88 -
57812at50557_139723_0:0023b3|STRG.16960.2:2554-2961|+ -            136 46918at50557         -            265      0.38    8.8   2.7   2   3     0.007       3.2    5.8   0.1   218   241    29    52    23    60 0.80 -
57812at50557_139723_0:0023b3|STRG.16960.2:2554-2961|+ -            136 46918at50557         -            265      0.38    8.8   2.7   3   3     0.079        36    2.3   0.1   220   247    59    86    51   101 0.81 -
57812at50557_139723_0:0023b3|STRG.9904.2:1671-2021|+  -            117 46918at50557         -            265       5.1    5.1   7.7   1   3    0.0073       3.4    5.7   2.3   224   247     2    25     1    43 0.76 -
57812at50557_139723_0:0023b3|STRG.9904.2:1671-2021|+  -            117 46918at50557         -            265       5.1    5.1   7.7   2   3      0.16        74    1.3   1.9   220   241    25    46    18    72 0.80 -
57812at50557_139723_0:0023b3|STRG.9904.2:1671-2021|+  -            117 46918at50557         -            265       5.1    5.1   7.7   3   3      0.35   1.6e+02    0.2   0.4   174   192    50    68    39    83 0.71 -
#
# Program:         hmmsearch
# Version:         3.4 (Aug 2023)
# Pipeline mode:   SEARCH
# Query file:      /home/justine/projet_tutore/busco_downloads/lineages/insecta_odb10/hmms/46918at50557.hmm
# Target file:     annotation_analysis/annotation_gcf/T_cornetzi/busco_output/run_insecta_odb10/metaeuk_output/initial_results/assembled_transcripts.fasta.modified.fas
# Option settings: hmmsearch --domtblout annotation_analysis/annotation_gcf/T_cornetzi/busco_output/run_insecta_odb10/hmmer_output/initial_run_results/46918at50557.out --cpu 1 /home/justine/projet_tutore/busco_downloads/lineages/insecta_odb10/hmms/46918at50557.hmm annotation_analysis/annotation_gcf/T_cornetzi/busco_output/run_insecta_odb10/metaeuk_output/initial_results/assembled_transcripts.fasta.modified.fas 
# Current dir:     /home/justine/projet_tutore
# Date:            Sun Dec  1 20:06:28 2024
# [ok]
