#                                                                                                            --- full sequence --- -------------- this domain -------------   hmm coord   ali coord   env coord
# target name                                        accession   tlen query name           accession   qlen   E-value  score  bias   #  of  c-Evalue  i-Evalue  score  bias  from    to  from    to  from    to  acc description of target
#                                ------------------- ---------- ----- -------------------- ---------- ----- --------- ------ ----- --- --- --------- --------- ------ ----- ----- ----- ----- ----- ----- ----- ---- ---------------------
47489at50557_520822_0:000559|STRG.12338.1:13-1404|+  -            464 47489at50557         -            346  5.2e-164  544.2   1.3   1   2  9.5e-155  6.7e-152  504.4   0.2     1   290    16   322    16   338 0.93 -
47489at50557_520822_0:000559|STRG.12338.1:13-1404|+  -            464 47489at50557         -            346  5.2e-164  544.2   1.3   2   2   3.2e-13   2.3e-10   39.0   0.1   304   345   407   451   384   452 0.84 -
47489at50557_520822_0:000559|STRG.12338.2:63-1265|+  -            401 47489at50557         -            346  1.1e-130  434.7   1.3   1   2  2.4e-121  1.7e-118  394.5   0.2    49   290     1   259     1   275 0.92 -
47489at50557_520822_0:000559|STRG.12338.2:63-1265|+  -            401 47489at50557         -            346  1.1e-130  434.7   1.3   2   2   2.6e-13   1.9e-10   39.3   0.1   304   345   344   388   321   389 0.84 -
69855at50557_6973_0:00328a|STRG.12399.1:282-968|+    -            229 47489at50557         -            346   1.1e-28   99.3   0.0   1   1     4e-29   2.8e-26   91.3   0.0     4   227     6   228     4   229 0.87 -
69855at50557_6973_0:00328a|STRG.12399.4:256-942|+    -            229 47489at50557         -            346   1.1e-28   99.3   0.0   1   1     4e-29   2.8e-26   91.3   0.0     4   227     6   228     4   229 0.87 -
69855at50557_6973_0:00328a|STRG.12399.5:655-1341|+   -            229 47489at50557         -            346   1.1e-28   99.3   0.0   1   1     4e-29   2.8e-26   91.3   0.0     4   227     6   228     4   229 0.87 -
47489at50557_222816_0:001f5e|STRG.15699.1:494-1198|+ -            235 47489at50557         -            346   1.6e-23   82.3   0.0   1   1   2.6e-24   1.8e-21   75.5   0.0     6   228     1   221     1   234 0.85 -
69855at50557_6973_0:0057a0|STRG.12399.2:627-1118|+   -            164 47489at50557         -            346   3.3e-22   77.9   0.0   1   1   5.2e-25   3.7e-22   77.8   0.0    80   227     2   164     1   164 0.84 -
69855at50557_6973_0:0057a0|STRG.12399.3:190-672|+    -            161 47489at50557         -            346   8.6e-22   76.6   0.0   1   1   1.3e-24   9.4e-22   76.4   0.0    83   227     2   161     1   161 0.84 -
69855at50557_103372_0:000721|STRG.15927.1:141-2111|+ -            657 47489at50557         -            346   2.6e-16   58.5   0.0   1   1   5.4e-17   3.8e-14   51.4   0.0     2   229   309   539   308   567 0.80 -
69855at50557_103372_0:000721|STRG.15927.3:99-2069|+  -            657 47489at50557         -            346   2.6e-16   58.5   0.0   1   1   5.4e-17   3.8e-14   51.4   0.0     2   229   309   539   308   567 0.80 -
69855at50557_103372_0:000721|STRG.15927.4:141-2111|+ -            657 47489at50557         -            346   2.6e-16   58.5   0.0   1   1   5.4e-17   3.8e-14   51.4   0.0     2   229   309   539   308   567 0.80 -
69855at50557_103372_0:000721|STRG.15927.5:141-2111|+ -            657 47489at50557         -            346   2.6e-16   58.5   0.0   1   1   5.4e-17   3.8e-14   51.4   0.0     2   229   309   539   308   567 0.80 -
69855at50557_103372_0:000721|STRG.15927.2:416-1831|+ -            472 47489at50557         -            346   4.9e-11   41.2   0.0   1   2     6e-07   0.00043   18.4   0.0     2    45   309   352   308   360 0.87 -
69855at50557_103372_0:000721|STRG.15927.2:416-1831|+ -            472 47489at50557         -            346   4.9e-11   41.2   0.0   2   2   1.1e-07   7.5e-05   20.9   0.0    78   149   369   443   358   472 0.80 -
#
# Program:         hmmsearch
# Version:         3.4 (Aug 2023)
# Pipeline mode:   SEARCH
# Query file:      /home/justine/projet_tutore/busco_downloads/lineages/insecta_odb10/hmms/47489at50557.hmm
# Target file:     annotation_analysis/annotation_gcf/T_cornetzi/busco_output/run_insecta_odb10/metaeuk_output/initial_results/assembled_transcripts.fasta.modified.fas
# Option settings: hmmsearch --domtblout annotation_analysis/annotation_gcf/T_cornetzi/busco_output/run_insecta_odb10/hmmer_output/initial_run_results/47489at50557.out --cpu 1 /home/justine/projet_tutore/busco_downloads/lineages/insecta_odb10/hmms/47489at50557.hmm annotation_analysis/annotation_gcf/T_cornetzi/busco_output/run_insecta_odb10/metaeuk_output/initial_results/assembled_transcripts.fasta.modified.fas 
# Current dir:     /home/justine/projet_tutore
# Date:            Sun Dec  1 20:06:29 2024
# [ok]
