#                                                                                                            --- full sequence --- -------------- this domain -------------   hmm coord   ali coord   env coord
# target name                                        accession   tlen query name           accession   qlen   E-value  score  bias   #  of  c-Evalue  i-Evalue  score  bias  from    to  from    to  from    to  acc description of target
#                                ------------------- ---------- ----- -------------------- ---------- ----- --------- ------ ----- --- --- --------- --------- ------ ----- ----- ----- ----- ----- ----- ----- ---- ---------------------
50275at50557_103372_0:001400|STRG.18992.2:247-3215|+ -            974 50275at50557         -            330  6.9e-155  514.2  47.3   1   6     0.048        74    1.4   0.2     4    24    56    76    53    85 0.82 -
50275at50557_103372_0:001400|STRG.18992.2:247-3215|+ -            974 50275at50557         -            330  6.9e-155  514.2  47.3   2   6    0.0016       2.5    6.2   0.6     5    25   103   123    99   129 0.72 -
50275at50557_103372_0:001400|STRG.18992.2:247-3215|+ -            974 50275at50557         -            330  6.9e-155  514.2  47.3   3   6      0.02        30    2.6   3.3   136   174   128   167   124   168 0.86 -
50275at50557_103372_0:001400|STRG.18992.2:247-3215|+ -            974 50275at50557         -            330  6.9e-155  514.2  47.3   4   6  4.2e-148  6.5e-145  481.4  13.0     1   308   168   512   168   518 0.88 -
50275at50557_103372_0:001400|STRG.18992.2:247-3215|+ -            974 50275at50557         -            330  6.9e-155  514.2  47.3   5   6   2.4e-12   3.6e-09   35.3   1.5   279   309   731   767   684   770 0.80 -
50275at50557_103372_0:001400|STRG.18992.2:247-3215|+ -            974 50275at50557         -            330  6.9e-155  514.2  47.3   6   6    0.0013       1.9    6.6   0.0   313   330   823   842   809   842 0.75 -
50275at50557_103372_0:001400|STRG.18992.1:247-2853|+ -            869 50275at50557         -            330  1.7e-153  509.6  44.8   1   5     0.042        65    1.6   0.2     4    24    56    76    52    85 0.82 -
50275at50557_103372_0:001400|STRG.18992.1:247-2853|+ -            869 50275at50557         -            330  1.7e-153  509.6  44.8   2   5    0.0015       2.3    6.3   0.6     5    25   103   123    99   129 0.72 -
50275at50557_103372_0:001400|STRG.18992.1:247-2853|+ -            869 50275at50557         -            330  1.7e-153  509.6  44.8   3   5     0.014        21    3.2   2.8   136   174   128   167   126   168 0.86 -
50275at50557_103372_0:001400|STRG.18992.1:247-2853|+ -            869 50275at50557         -            330  1.7e-153  509.6  44.8   4   5  2.4e-148  3.6e-145  482.2  12.5     1   308   168   512   168   518 0.88 -
50275at50557_103372_0:001400|STRG.18992.1:247-2853|+ -            869 50275at50557         -            330  1.7e-153  509.6  44.8   5   5   1.8e-12   2.8e-09   35.6   1.3   279   309   764   800   716   803 0.80 -
50275at50557_28612_0:005a60|STRG.3772.1:2963-3523|+  -            187 50275at50557         -            330   2.6e-11   42.3   3.3   1   4    0.0046       7.1    4.7   0.4   156   185    11    40     1    46 0.54 -
50275at50557_28612_0:005a60|STRG.3772.1:2963-3523|+  -            187 50275at50557         -            330   2.6e-11   42.3   3.3   2   4   0.00012      0.19    9.9   4.0   131   187    32    88    26    93 0.88 -
50275at50557_28612_0:005a60|STRG.3772.1:2963-3523|+  -            187 50275at50557         -            330   2.6e-11   42.3   3.3   3   4   2.2e-10   3.4e-07   28.8   0.2   124   191    99   167    93   170 0.91 -
50275at50557_28612_0:005a60|STRG.3772.1:2963-3523|+  -            187 50275at50557         -            330   2.6e-11   42.3   3.3   4   4   4.8e-08   7.4e-05   21.1   0.3   129   187   128   186   126   187 0.93 -
120971at50557_103372_0:001b69|STRG.19751.1:193-642|+ -            150 50275at50557         -            330   2.4e-06   26.0   2.9   1   2   1.6e-05     0.025   12.8   0.0   135   185    18    69    12    73 0.89 -
120971at50557_103372_0:001b69|STRG.19751.1:193-642|+ -            150 50275at50557         -            330   2.4e-06   26.0   2.9   2   2   1.8e-06    0.0027   16.0   2.4   136   181    66   111    64   141 0.90 -
120971at50557_54969_0:0040c5|STRG.5173.1:195-494|+   -            100 50275at50557         -            330   4.7e-06   25.0  15.0   1   2   7.3e-08   0.00011   20.5   6.5   134   184    23    73    12    73 0.95 -
120971at50557_54969_0:0040c5|STRG.5173.1:195-494|+   -            100 50275at50557         -            330   4.7e-06   25.0  15.0   2   2   2.4e-05     0.037   12.2   2.7   136   163    71    98    67   100 0.78 -
120971at50557_54969_0:0040c5|STRG.5173.2:195-494|+   -            100 50275at50557         -            330   4.7e-06   25.0  15.0   1   2   7.3e-08   0.00011   20.5   6.5   134   184    23    73    12    73 0.95 -
120971at50557_54969_0:0040c5|STRG.5173.2:195-494|+   -            100 50275at50557         -            330   4.7e-06   25.0  15.0   2   2   2.4e-05     0.037   12.2   2.7   136   163    71    98    67   100 0.78 -
#
# Program:         hmmsearch
# Version:         3.4 (Aug 2023)
# Pipeline mode:   SEARCH
# Query file:      /home/justine/projet_tutore/busco_downloads/lineages/insecta_odb10/hmms/50275at50557.hmm
# Target file:     annotation_analysis/annotation_gcf/T_cornetzi/busco_output/run_insecta_odb10/metaeuk_output/initial_results/assembled_transcripts.fasta.modified.fas
# Option settings: hmmsearch --domtblout annotation_analysis/annotation_gcf/T_cornetzi/busco_output/run_insecta_odb10/hmmer_output/initial_run_results/50275at50557.out --cpu 1 /home/justine/projet_tutore/busco_downloads/lineages/insecta_odb10/hmms/50275at50557.hmm annotation_analysis/annotation_gcf/T_cornetzi/busco_output/run_insecta_odb10/metaeuk_output/initial_results/assembled_transcripts.fasta.modified.fas 
# Current dir:     /home/justine/projet_tutore
# Date:            Sun Dec  1 20:08:03 2024
# [ok]
