#                                                                                                            --- full sequence --- -------------- this domain -------------   hmm coord   ali coord   env coord
# target name                                        accession   tlen query name           accession   qlen   E-value  score  bias   #  of  c-Evalue  i-Evalue  score  bias  from    to  from    to  from    to  acc description of target
#                                ------------------- ---------- ----- -------------------- ---------- ----- --------- ------ ----- --- --- --------- --------- ------ ----- ----- ----- ----- ----- ----- ----- ---- ---------------------
56896at50557_103372_0:002302|STRG.11642.2:148-3156|+ -           1003 56896at50557         -            600  2.7e-177  589.9  50.5   1   6   5.9e-26   2.7e-22   78.0   1.0     1    52     3    55     3    60 0.95 -
56896at50557_103372_0:002302|STRG.11642.2:148-3156|+ -           1003 56896at50557         -            600  2.7e-177  589.9  50.5   2   6   1.6e-08   7.2e-05   20.4   0.7    50    71    81   102    57   107 0.87 -
56896at50557_103372_0:002302|STRG.11642.2:148-3156|+ -           1003 56896at50557         -            600  2.7e-177  589.9  50.5   3   6   4.3e-08    0.0002   19.0   0.3    68    97   144   173   103   179 0.75 -
56896at50557_103372_0:002302|STRG.11642.2:148-3156|+ -           1003 56896at50557         -            600  2.7e-177  589.9  50.5   4   6   1.7e-26   7.9e-23   79.7   7.7    89   236   198   405   192   409 0.79 -
56896at50557_103372_0:002302|STRG.11642.2:148-3156|+ -           1003 56896at50557         -            600  2.7e-177  589.9  50.5   5   6     3e-39   1.4e-35  121.9   2.4   255   420   504   729   500   735 0.80 -
56896at50557_103372_0:002302|STRG.11642.2:148-3156|+ -           1003 56896at50557         -            600  2.7e-177  589.9  50.5   6   6     8e-92   3.7e-88  295.5   3.9   417   600   759   969   749   969 0.90 -
56896at50557_103372_0:002302|STRG.11642.1:94-2984|+  -            783 56896at50557         -            600  8.8e-159  528.8  34.3   1   5   4.3e-26     2e-22   78.4   1.0     1    52     3    55     3    60 0.95 -
56896at50557_103372_0:002302|STRG.11642.1:94-2984|+  -            783 56896at50557         -            600  8.8e-159  528.8  34.3   2   5   1.2e-08   5.5e-05   20.8   0.7    50    71    81   102    57   105 0.86 -
56896at50557_103372_0:002302|STRG.11642.1:94-2984|+  -            783 56896at50557         -            600  8.8e-159  528.8  34.3   3   5   3.4e-11   1.6e-07   29.2   0.2   174   236   113   185   108   213 0.90 -
56896at50557_103372_0:002302|STRG.11642.1:94-2984|+  -            783 56896at50557         -            600  8.8e-159  528.8  34.3   4   5     2e-39   9.1e-36  122.5   2.5   255   420   284   509   280   515 0.80 -
56896at50557_103372_0:002302|STRG.11642.1:94-2984|+  -            783 56896at50557         -            600  8.8e-159  528.8  34.3   5   5   5.2e-92   2.4e-88  296.1   3.9   417   600   539   749   529   749 0.90 -
#
# Program:         hmmsearch
# Version:         3.4 (Aug 2023)
# Pipeline mode:   SEARCH
# Query file:      /home/justine/projet_tutore/busco_downloads/lineages/insecta_odb10/hmms/56896at50557.hmm
# Target file:     annotation_analysis/annotation_gcf/T_cornetzi/busco_output/run_insecta_odb10/metaeuk_output/initial_results/assembled_transcripts.fasta.modified.fas
# Option settings: hmmsearch --domtblout annotation_analysis/annotation_gcf/T_cornetzi/busco_output/run_insecta_odb10/hmmer_output/initial_run_results/56896at50557.out --cpu 1 /home/justine/projet_tutore/busco_downloads/lineages/insecta_odb10/hmms/56896at50557.hmm annotation_analysis/annotation_gcf/T_cornetzi/busco_output/run_insecta_odb10/metaeuk_output/initial_results/assembled_transcripts.fasta.modified.fas 
# Current dir:     /home/justine/projet_tutore
# Date:            Sun Dec  1 20:08:23 2024
# [ok]
