#                                                                                                               --- full sequence --- -------------- this domain -------------   hmm coord   ali coord   env coord
# target name                                           accession   tlen query name           accession   qlen   E-value  score  bias   #  of  c-Evalue  i-Evalue  score  bias  from    to  from    to  from    to  acc description of target
#                                   ------------------- ---------- ----- -------------------- ---------- ----- --------- ------ ----- --- --- --------- --------- ------ ----- ----- ----- ----- ----- ----- ----- ---- ---------------------
58189at50557_103372_0:000235|STRG.17922.1:991-2229|+    -            413 58189at50557         -            171   3.3e-75  250.5   6.5   1   3       0.8   2.7e+02    0.2   0.1   139   166     7    37     4    42 0.62 -
58189at50557_103372_0:000235|STRG.17922.1:991-2229|+    -            413 58189at50557         -            171   3.3e-75  250.5   6.5   2   3     4e-42   1.4e-39  134.6   0.0     1    91   167   277   167   280 0.91 -
58189at50557_103372_0:000235|STRG.17922.1:991-2229|+    -            413 58189at50557         -            171   3.3e-75  250.5   6.5   3   3   9.3e-36   3.2e-33  113.9   1.1    88   171   311   413   299   413 0.83 -
58189at50557_121225_0:000d00|STRG.16991.1:14571-15611|+ -            347 58189at50557         -            171   6.8e-10   37.9   1.1   1   2   4.1e-08   1.4e-05   23.9   0.0     2    89   122   228   121   243 0.79 -
58189at50557_121225_0:000d00|STRG.16991.1:14571-15611|+ -            347 58189at50557         -            171   6.8e-10   37.9   1.1   2   2   0.00014     0.048   12.4   0.2   111   151   301   342   291   347 0.81 -
58189at50557_121225_0:000d00|STRG.16991.2:11492-12532|+ -            347 58189at50557         -            171   6.8e-10   37.9   1.1   1   2   4.1e-08   1.4e-05   23.9   0.0     2    89   122   228   121   243 0.79 -
58189at50557_121225_0:000d00|STRG.16991.2:11492-12532|+ -            347 58189at50557         -            171   6.8e-10   37.9   1.1   2   2   0.00014     0.048   12.4   0.2   111   151   301   342   291   347 0.81 -
58189at50557_121225_0:000d00|STRG.16991.3:6096-7136|+   -            347 58189at50557         -            171   6.8e-10   37.9   1.1   1   2   4.1e-08   1.4e-05   23.9   0.0     2    89   122   228   121   243 0.79 -
58189at50557_121225_0:000d00|STRG.16991.3:6096-7136|+   -            347 58189at50557         -            171   6.8e-10   37.9   1.1   2   2   0.00014     0.048   12.4   0.2   111   151   301   342   291   347 0.81 -
31793at50557_7004_0:0042c4|STRG.3998.1:1113-1865|+      -            251 58189at50557         -            171   8.3e-09   34.4   0.1   1   1   1.9e-10   6.4e-08   31.5   0.1    10    92   147   250   139   251 0.87 -
31793at50557_7004_0:0042c4|STRG.3998.2:1107-1859|+      -            251 58189at50557         -            171   8.3e-09   34.4   0.1   1   1   1.9e-10   6.4e-08   31.5   0.1    10    92   147   250   139   251 0.87 -
31793at50557_7004_0:0042c4|STRG.4003.4:982-1803|+       -            274 58189at50557         -            171   4.6e-08   32.0   0.2   1   1     1e-09   3.5e-07   29.1   0.2    17    92   154   250   146   252 0.88 -
31793at50557_39758_0:0015fa|STRG.3993.1:13-792|+        -            260 58189at50557         -            171   1.6e-07   30.2   0.0   1   1   3.1e-09     1e-06   27.6   0.0    17    92    81   177    72   180 0.87 -
31793at50557_79782_0:0006d2|STRG.19331.1:924-1880|+     -            319 58189at50557         -            171   4.6e-07   28.7   1.0   1   2       5.5   1.9e+03   -2.6   0.0    78    96    67    85    58    94 0.78 -
31793at50557_79782_0:0006d2|STRG.19331.1:924-1880|+     -            319 58189at50557         -            171   4.6e-07   28.7   1.0   2   2   3.9e-08   1.3e-05   24.0   0.8     9    91   170   272   157   279 0.72 -
31793at50557_79782_0:0006d2|STRG.19331.2:569-1525|+     -            319 58189at50557         -            171   4.6e-07   28.7   1.0   1   2       5.5   1.9e+03   -2.6   0.0    78    96    67    85    58    94 0.78 -
31793at50557_79782_0:0006d2|STRG.19331.2:569-1525|+     -            319 58189at50557         -            171   4.6e-07   28.7   1.0   2   2   3.9e-08   1.3e-05   24.0   0.8     9    91   170   272   157   279 0.72 -
31793at50557_1049336_0:002448|STRG.4003.2:1646-1987|+   -            114 58189at50557         -            171   4.8e-06   25.4   0.1   1   1   9.6e-08   3.3e-05   22.7   0.1    17    86    24   114    15   114 0.84 -
31793at50557_1049336_0:002448|STRG.4003.3:1400-1777|+   -            126 58189at50557         -            171   6.7e-06   24.9   0.1   1   1   1.3e-07   4.6e-05   22.2   0.1    17    86    36   126    27   126 0.84 -
22348at50557_411798_0:00330e|STRG.13680.3:320-1795|+    -            492 58189at50557         -            171   8.8e-06   24.6   0.3   1   3       1.6   5.5e+02   -0.8   0.0    89   119   207   238   195   254 0.70 -
22348at50557_411798_0:00330e|STRG.13680.3:320-1795|+    -            492 58189at50557         -            171   8.8e-06   24.6   0.3   2   3   1.9e-07   6.6e-05   21.7   0.0    14    92   285   376   273   384 0.82 -
22348at50557_411798_0:00330e|STRG.13680.3:320-1795|+    -            492 58189at50557         -            171   8.8e-06   24.6   0.3   3   3       7.8   2.7e+03   -3.1   0.0   123   147   457   481   439   485 0.60 -
31793at50557_286706_0:000ea2|STRG.8977.1:466-2067|+     -            534 58189at50557         -            171   1.2e-05   24.2   1.7   1   2   3.4e-08   1.2e-05   24.2   1.7    10    91   164   265   151   268 0.78 -
31793at50557_286706_0:000ea2|STRG.8977.1:466-2067|+     -            534 58189at50557         -            171   1.2e-05   24.2   1.7   2   2       2.9   9.9e+02   -1.7   0.1   113   139   500   526   486   533 0.59 -
31793at50557_286706_0:000ea2|STRG.8977.2:476-2077|+     -            534 58189at50557         -            171   1.2e-05   24.2   1.7   1   2   3.4e-08   1.2e-05   24.2   1.7    10    91   164   265   151   268 0.78 -
31793at50557_286706_0:000ea2|STRG.8977.2:476-2077|+     -            534 58189at50557         -            171   1.2e-05   24.2   1.7   2   2       2.9   9.9e+02   -1.7   0.1   113   139   500   526   486   533 0.59 -
31793at50557_286706_0:000ea2|STRG.8977.3:265-1866|+     -            534 58189at50557         -            171   1.2e-05   24.2   1.7   1   2   3.4e-08   1.2e-05   24.2   1.7    10    91   164   265   151   268 0.78 -
31793at50557_286706_0:000ea2|STRG.8977.3:265-1866|+     -            534 58189at50557         -            171   1.2e-05   24.2   1.7   2   2       2.9   9.9e+02   -1.7   0.1   113   139   500   526   486   533 0.59 -
31793at50557_286706_0:000ea2|STRG.8977.4:265-1866|+     -            534 58189at50557         -            171   1.2e-05   24.2   1.7   1   2   3.4e-08   1.2e-05   24.2   1.7    10    91   164   265   151   268 0.78 -
31793at50557_286706_0:000ea2|STRG.8977.4:265-1866|+     -            534 58189at50557         -            171   1.2e-05   24.2   1.7   2   2       2.9   9.9e+02   -1.7   0.1   113   139   500   526   486   533 0.59 -
31793at50557_1049336_0:002448|STRG.4003.1:1391-1849|+   -            153 58189at50557         -            171   1.2e-05   24.1   0.1   1   1   2.5e-07   8.4e-05   21.4   0.1    17    86    63   153    55   153 0.83 -
22348at50557_103372_0:002a7b|STRG.13680.5:320-1810|+    -            497 58189at50557         -            171   1.6e-05   23.7   0.0   1   2     2e-07   6.8e-05   21.7   0.0    14    92   290   381   278   389 0.82 -
22348at50557_103372_0:002a7b|STRG.13680.5:320-1810|+    -            497 58189at50557         -            171   1.6e-05   23.7   0.0   2   2       7.9   2.7e+03   -3.1   0.0   123   147   462   486   444   490 0.60 -
22348at50557_103372_0:002a7b|STRG.13680.1:277-2376|+    -            700 58189at50557         -            171   1.9e-05   23.5   0.4   1   2       2.8   9.6e+02   -1.6   0.0    89   118   415   445   405   461 0.71 -
22348at50557_103372_0:002a7b|STRG.13680.1:277-2376|+    -            700 58189at50557         -            171   1.9e-05   23.5   0.4   2   2   3.4e-07   0.00011   20.9   0.0    14    92   493   584   481   592 0.82 -
22348at50557_103372_0:002a7b|STRG.13680.4:320-1813|+    -            498 58189at50557         -            171   1.9e-05   23.5   0.0   1   2     2e-07   6.8e-05   21.7   0.0    14    92   291   382   279   390 0.82 -
22348at50557_103372_0:002a7b|STRG.13680.4:320-1813|+    -            498 58189at50557         -            171   1.9e-05   23.5   0.0   2   2       7.9   2.7e+03   -3.1   0.0   123   147   463   487   445   491 0.60 -
22348at50557_103372_0:002a7b|STRG.13680.2:277-2391|+    -            705 58189at50557         -            171   2.8e-05   22.9   0.0   1   1   3.4e-07   0.00012   20.9   0.0    14    92   498   589   486   597 0.82 -
31793at50557_7004_0:0042c4|STRG.1467.1:539-1375|+       -            279 58189at50557         -            171   4.6e-05   22.2   0.0   1   1   3.2e-07   0.00011   21.0   0.0    12    90   151   249   135   255 0.67 -
31793at50557_456900_0:001971|STRG.19330.1:715-2502|+    -            596 58189at50557         -            171   0.00036   19.3   0.3   1   1   9.9e-06    0.0034   16.1   0.3    15    91   183   279   166   302 0.79 -
22348at50557_535359_0:00183a|STRG.14905.1:460-2109|+    -            550 58189at50557         -            171   0.00083   18.1   0.0   1   1   5.8e-06     0.002   16.9   0.0     2    89   380   487   379   493 0.79 -
22348at50557_680683_0:002a76|STRG.7510.1:855-2516|+     -            554 58189at50557         -            171    0.0083   14.9   1.3   1   2     0.038        13    4.5   0.1    66   139   188   260   177   264 0.83 -
22348at50557_680683_0:002a76|STRG.7510.1:855-2516|+     -            554 58189at50557         -            171    0.0083   14.9   1.3   2   2    0.0076       2.6    6.8   0.2     2    91   418   526   417   535 0.61 -
22348at50557_39758_0:0000a5|STRG.7510.2:999-1409|+      -            137 58189at50557         -            171    0.0089   14.8   0.2   1   1   0.00033      0.11   11.2   0.2     2    91     8   116     7   125 0.67 -
#
# Program:         hmmsearch
# Version:         3.4 (Aug 2023)
# Pipeline mode:   SEARCH
# Query file:      /home/justine/projet_tutore/busco_downloads/lineages/insecta_odb10/hmms/58189at50557.hmm
# Target file:     annotation_analysis/annotation_gcf/T_cornetzi/busco_output/run_insecta_odb10/metaeuk_output/initial_results/assembled_transcripts.fasta.modified.fas
# Option settings: hmmsearch --domtblout annotation_analysis/annotation_gcf/T_cornetzi/busco_output/run_insecta_odb10/hmmer_output/initial_run_results/58189at50557.out --cpu 1 /home/justine/projet_tutore/busco_downloads/lineages/insecta_odb10/hmms/58189at50557.hmm annotation_analysis/annotation_gcf/T_cornetzi/busco_output/run_insecta_odb10/metaeuk_output/initial_results/assembled_transcripts.fasta.modified.fas 
# Current dir:     /home/justine/projet_tutore
# Date:            Sun Dec  1 20:08:32 2024
# [ok]
