#                                                                                                             --- full sequence --- -------------- this domain -------------   hmm coord   ali coord   env coord
# target name                                         accession   tlen query name           accession   qlen   E-value  score  bias   #  of  c-Evalue  i-Evalue  score  bias  from    to  from    to  from    to  acc description of target
#                                 ------------------- ---------- ----- -------------------- ---------- ----- --------- ------ ----- --- --- --------- --------- ------ ----- ----- ----- ----- ----- ----- ----- ---- ---------------------
58363at50557_103372_0:001475|STRG.14524.2:212-2170|+  -            653 58363at50557         -            305    3e-126  419.8  15.5   1   3   1.4e-06   0.00037   18.9   0.0     8    32    59    83    52   108 0.80 -
58363at50557_103372_0:001475|STRG.14524.2:212-2170|+  -            653 58363at50557         -            305    3e-126  419.8  15.5   2   3   2.7e-52   7.5e-50  168.9   5.3     9   161   288   450   282   462 0.84 -
58363at50557_103372_0:001475|STRG.14524.2:212-2170|+  -            653 58363at50557         -            305    3e-126  419.8  15.5   3   3   4.9e-72   1.3e-69  233.8   2.0   161   301   481   639   462   648 0.88 -
58363at50557_103372_0:001475|STRG.14524.1:212-2281|+  -            690 58363at50557         -            305  3.7e-126  419.5  15.4   1   3   1.4e-06   0.00039   18.8   0.0     8    33    59    84    52   111 0.80 -
58363at50557_103372_0:001475|STRG.14524.1:212-2281|+  -            690 58363at50557         -            305  3.7e-126  419.5  15.4   2   3   3.2e-52   8.6e-50  168.7   5.4     9   161   325   487   319   499 0.84 -
58363at50557_103372_0:001475|STRG.14524.1:212-2281|+  -            690 58363at50557         -            305  3.7e-126  419.5  15.4   3   3   4.8e-72   1.3e-69  233.8   1.8   161   301   518   676   500   685 0.88 -
57156at50557_77166_0:0029c4|STRG.12402.1:510-1715|+   -            402 58363at50557         -            305     1e-28   99.5  12.8   1   5   1.4e-06   0.00039   18.8   0.1   201   272    10    81     1    84 0.85 -
57156at50557_77166_0:0029c4|STRG.12402.1:510-1715|+   -            402 58363at50557         -            305     1e-28   99.5  12.8   2   5   8.9e-11   2.4e-08   32.6   1.0   164   272    74   183    72   185 0.94 -
57156at50557_77166_0:0029c4|STRG.12402.1:510-1715|+   -            402 58363at50557         -            305     1e-28   99.5  12.8   3   5   9.5e-06    0.0026   16.1   0.2   192   250   171   229   163   232 0.94 -
57156at50557_77166_0:0029c4|STRG.12402.1:510-1715|+   -            402 58363at50557         -            305     1e-28   99.5  12.8   4   5   2.8e-07   7.5e-05   21.1   0.4   178   274   225   321   223   326 0.91 -
57156at50557_77166_0:0029c4|STRG.12402.1:510-1715|+   -            402 58363at50557         -            305     1e-28   99.5  12.8   5   5   4.4e-08   1.2e-05   23.7   0.0   181   250   330   399   325   402 0.91 -
57156at50557_77166_0:0029c4|STRG.12402.2:541-1746|+   -            402 58363at50557         -            305     1e-28   99.5  12.8   1   5   1.4e-06   0.00039   18.8   0.1   201   272    10    81     1    84 0.85 -
57156at50557_77166_0:0029c4|STRG.12402.2:541-1746|+   -            402 58363at50557         -            305     1e-28   99.5  12.8   2   5   8.9e-11   2.4e-08   32.6   1.0   164   272    74   183    72   185 0.94 -
57156at50557_77166_0:0029c4|STRG.12402.2:541-1746|+   -            402 58363at50557         -            305     1e-28   99.5  12.8   3   5   9.5e-06    0.0026   16.1   0.2   192   250   171   229   163   232 0.94 -
57156at50557_77166_0:0029c4|STRG.12402.2:541-1746|+   -            402 58363at50557         -            305     1e-28   99.5  12.8   4   5   2.8e-07   7.5e-05   21.1   0.4   178   274   225   321   223   326 0.91 -
57156at50557_77166_0:0029c4|STRG.12402.2:541-1746|+   -            402 58363at50557         -            305     1e-28   99.5  12.8   5   5   4.4e-08   1.2e-05   23.7   0.0   181   250   330   399   325   402 0.91 -
89121at50557_454923_0:000612|STRG.5446.1:1879-2997|+  -            373 58363at50557         -            305   7.2e-18   63.9   6.2   1   4   2.5e-10   6.8e-08   31.1   0.1   199   270    14    85     8    89 0.96 -
89121at50557_454923_0:000612|STRG.5446.1:1879-2997|+  -            373 58363at50557         -            305   7.2e-18   63.9   6.2   2   4   0.00058      0.16   10.2   0.4   205   270   102   168    92   170 0.85 -
89121at50557_454923_0:000612|STRG.5446.1:1879-2997|+  -            373 58363at50557         -            305   7.2e-18   63.9   6.2   3   4   2.1e-06   0.00056   18.3   0.0    86   246   165   317   163   330 0.80 -
89121at50557_454923_0:000612|STRG.5446.1:1879-2997|+  -            373 58363at50557         -            305   7.2e-18   63.9   6.2   4   4     0.017       4.5    5.4   0.0   216   255   321   361   308   371 0.68 -
26870at50557_13249_0:003446|STRG.5597.1:1574-2434|+   -            287 58363at50557         -            305   3.7e-15   55.0   0.0   1   3   3.2e-10   8.8e-08   30.8   0.0   179   272   102   195    82   196 0.95 -
26870at50557_13249_0:003446|STRG.5597.1:1574-2434|+   -            287 58363at50557         -            305   3.7e-15   55.0   0.0   2   3   7.7e-10   2.1e-07   29.5   0.0    70   136   140   206   134   224 0.87 -
26870at50557_13249_0:003446|STRG.5597.1:1574-2434|+   -            287 58363at50557         -            305   3.7e-15   55.0   0.0   3   3     0.039        11    4.2   0.0   180   251   205   276   204   285 0.77 -
89121at50557_34720_0:000746|STRG.18142.1:167-1522|+   -            452 58363at50557         -            305   5.6e-15   54.4   3.7   1   4   3.9e-05      0.01   14.1   0.2   180   240    72   132    36   163 0.80 -
89121at50557_34720_0:000746|STRG.18142.1:167-1522|+   -            452 58363at50557         -            305   5.6e-15   54.4   3.7   2   4     0.019       5.3    5.2   0.0   227   273   187   233   136   242 0.78 -
89121at50557_34720_0:000746|STRG.18142.1:167-1522|+   -            452 58363at50557         -            305   5.6e-15   54.4   3.7   3   4     5e-08   1.3e-05   23.6   0.0   185   253   247   315   238   318 0.93 -
89121at50557_34720_0:000746|STRG.18142.1:167-1522|+   -            452 58363at50557         -            305   5.6e-15   54.4   3.7   4   4   3.6e-05    0.0098   14.2   0.0    59   138   302   382   302   417 0.85 -
57156at50557_28612_0:002d5e|STRG.12402.3:847-1470|+   -            208 58363at50557         -            305   3.3e-14   51.9   1.7   1   3   4.4e-07   0.00012   20.5   0.4   191   274    11    94     2    94 0.91 -
57156at50557_28612_0:002d5e|STRG.12402.3:847-1470|+   -            208 58363at50557         -            305   3.3e-14   51.9   1.7   2   3   0.00092      0.25    9.6   0.0   216   253    70   107    67   112 0.87 -
57156at50557_28612_0:002d5e|STRG.12402.3:847-1470|+   -            208 58363at50557         -            305   3.3e-14   51.9   1.7   3   3   5.1e-09   1.4e-06   26.8   0.1   180   254   102   175    98   200 0.88 -
57156at50557_103372_0:001116|STRG.18029.1:191-1816|+  -            542 58363at50557         -            305   2.7e-10   39.0   8.8   1   5   4.8e-05     0.013   13.8   0.1   189   242    19    72     9    76 0.92 -
57156at50557_103372_0:001116|STRG.18029.1:191-1816|+  -            542 58363at50557         -            305   2.7e-10   39.0   8.8   2   5     0.012       3.3    5.9   0.0   203   243    67   107    64   116 0.85 -
57156at50557_103372_0:001116|STRG.18029.1:191-1816|+  -            542 58363at50557         -            305   2.7e-10   39.0   8.8   3   5      0.74     2e+02    0.0   0.1   216   249   233   266   219   289 0.72 -
57156at50557_103372_0:001116|STRG.18029.1:191-1816|+  -            542 58363at50557         -            305   2.7e-10   39.0   8.8   4   5   0.00041      0.11   10.7   0.2    38   100   336   399   311   408 0.82 -
57156at50557_103372_0:001116|STRG.18029.1:191-1816|+  -            542 58363at50557         -            305   2.7e-10   39.0   8.8   5   5   0.00046      0.12   10.6   0.0    89   131   422   464   411   491 0.60 -
26870at50557_520822_0:0007ca|STRG.19991.1:126-1847|+  -            574 58363at50557         -            305   1.1e-08   33.7   1.7   1   4       1.7   4.5e+02   -1.1   0.0   248   288   148   188   146   196 0.82 -
26870at50557_520822_0:0007ca|STRG.19991.1:126-1847|+  -            574 58363at50557         -            305   1.1e-08   33.7   1.7   2   4   1.7e-09   4.6e-07   28.4   0.1   177   253   307   383   275   389 0.89 -
26870at50557_520822_0:0007ca|STRG.19991.1:126-1847|+  -            574 58363at50557         -            305   1.1e-08   33.7   1.7   3   4      0.21        56    1.8   0.0   199   239   397   437   394   444 0.88 -
26870at50557_520822_0:0007ca|STRG.19991.1:126-1847|+  -            574 58363at50557         -            305   1.1e-08   33.7   1.7   4   4       2.6     7e+02   -1.8   0.0    95   133   480   518   461   528 0.79 -
89121at50557_34720_0:000746|STRG.18142.2:167-1036|+   -            290 58363at50557         -            305     2e-08   32.9   1.1   1   3   1.6e-05    0.0044   15.3   0.2   179   240    71   132    32   162 0.79 -
89121at50557_34720_0:000746|STRG.18142.2:167-1036|+   -            290 58363at50557         -            305     2e-08   32.9   1.1   2   3    0.0095       2.6    6.2   0.0   227   273   187   233   136   242 0.78 -
89121at50557_34720_0:000746|STRG.18142.2:167-1036|+   -            290 58363at50557         -            305     2e-08   32.9   1.1   3   3    0.0013      0.36    9.1   0.0   185   224   247   286   238   289 0.86 -
89121at50557_34720_0:000746|STRG.18142.3:247-1116|+   -            290 58363at50557         -            305     2e-08   32.9   1.1   1   3   1.6e-05    0.0044   15.3   0.2   179   240    71   132    32   162 0.79 -
89121at50557_34720_0:000746|STRG.18142.3:247-1116|+   -            290 58363at50557         -            305     2e-08   32.9   1.1   2   3    0.0095       2.6    6.2   0.0   227   273   187   233   136   242 0.78 -
89121at50557_34720_0:000746|STRG.18142.3:247-1116|+   -            290 58363at50557         -            305     2e-08   32.9   1.1   3   3    0.0013      0.36    9.1   0.0   185   224   247   286   238   289 0.86 -
27499at50557_35570_0:0022cb|STRG.6178.1:1502-3010|+   -            503 58363at50557         -            305   9.7e-08   30.6  12.2   1   4   0.00097      0.26    9.5   0.1    61   140    40   122     2   137 0.77 -
27499at50557_35570_0:0022cb|STRG.6178.1:1502-3010|+   -            503 58363at50557         -            305   9.7e-08   30.6  12.2   2   4   7.2e-06     0.002   16.5   0.4   182   272   152   242   148   302 0.81 -
27499at50557_35570_0:0022cb|STRG.6178.1:1502-3010|+   -            503 58363at50557         -            305   9.7e-08   30.6  12.2   3   4     0.076        21    3.3   1.6   196   281   347   443   341   444 0.60 -
27499at50557_35570_0:0022cb|STRG.6178.1:1502-3010|+   -            503 58363at50557         -            305   9.7e-08   30.6  12.2   4   4   0.00041      0.11   10.7   0.1   188   246   418   476   407   497 0.82 -
89121at50557_143995_0:002338|STRG.18405.1:1446-2285|+ -            280 58363at50557         -            305   1.9e-07   29.6   2.5   1   3   1.5e-05    0.0042   15.4   3.0   178   268    45   135    31   143 0.92 -
89121at50557_143995_0:002338|STRG.18405.1:1446-2285|+ -            280 58363at50557         -            305   1.9e-07   29.6   2.5   2   3    0.0089       2.4    6.3   0.0   175   241   144   210   137   215 0.86 -
89121at50557_143995_0:002338|STRG.18405.1:1446-2285|+ -            280 58363at50557         -            305   1.9e-07   29.6   2.5   3   3    0.0014      0.39    8.9   0.0   175   251   178   254   175   271 0.90 -
89121at50557_143995_0:002338|STRG.18405.2:1264-2103|+ -            280 58363at50557         -            305   1.9e-07   29.6   2.5   1   3   1.5e-05    0.0042   15.4   3.0   178   268    45   135    31   143 0.92 -
89121at50557_143995_0:002338|STRG.18405.2:1264-2103|+ -            280 58363at50557         -            305   1.9e-07   29.6   2.5   2   3    0.0089       2.4    6.3   0.0   175   241   144   210   137   215 0.86 -
89121at50557_143995_0:002338|STRG.18405.2:1264-2103|+ -            280 58363at50557         -            305   1.9e-07   29.6   2.5   3   3    0.0014      0.39    8.9   0.0   175   251   178   254   175   271 0.90 -
41065at50557_103372_0:000e4c|STRG.8980.1:139-1581|+   -            481 58363at50557         -            305   2.1e-07   29.5   1.0   1   2   0.00077      0.21    9.8   0.0    65   128    27    90    22   131 0.92 -
41065at50557_103372_0:000e4c|STRG.8980.1:139-1581|+   -            481 58363at50557         -            305   2.1e-07   29.5   1.0   2   2   1.5e-05    0.0042   15.4   0.3     4   245   199   359   178   365 0.48 -
138527at50557_315563_0:000b19|STRG.4448.1:149-988|+   -            280 58363at50557         -            305   3.4e-06   25.5   2.4   1   3       1.2   3.4e+02   -0.7   0.0   191   210    27    46    14    66 0.69 -
138527at50557_315563_0:000b19|STRG.4448.1:149-988|+   -            280 58363at50557         -            305   3.4e-06   25.5   2.4   2   3     0.016       4.3    5.5   0.2    94   135    76   117    54   131 0.73 -
138527at50557_315563_0:000b19|STRG.4448.1:149-988|+   -            280 58363at50557         -            305   3.4e-06   25.5   2.4   3   3   1.4e-06   0.00038   18.8   0.0   195   251   132   188   117   197 0.86 -
138527at50557_315563_0:000b19|STRG.4448.2:120-959|+   -            280 58363at50557         -            305   3.4e-06   25.5   2.4   1   3       1.2   3.4e+02   -0.7   0.0   191   210    27    46    14    66 0.69 -
138527at50557_315563_0:000b19|STRG.4448.2:120-959|+   -            280 58363at50557         -            305   3.4e-06   25.5   2.4   2   3     0.016       4.3    5.5   0.2    94   135    76   117    54   131 0.73 -
138527at50557_315563_0:000b19|STRG.4448.2:120-959|+   -            280 58363at50557         -            305   3.4e-06   25.5   2.4   3   3   1.4e-06   0.00038   18.8   0.0   195   251   132   188   117   197 0.86 -
89121at50557_7176_0:000845|STRG.14879.1:1026-1661|+   -            212 58363at50557         -            305   1.3e-05   23.7   0.2   1   2    0.0013      0.35    9.1   0.0   228   274    20    69     7   107 0.76 -
89121at50557_7176_0:000845|STRG.14879.1:1026-1661|+   -            212 58363at50557         -            305   1.3e-05   23.7   0.2   2   2   8.6e-05     0.023   12.9   0.0   192   252   141   201   112   208 0.87 -
89121at50557_7176_0:000845|STRG.14879.2:678-1313|+    -            212 58363at50557         -            305   1.3e-05   23.7   0.2   1   2    0.0013      0.35    9.1   0.0   228   274    20    69     7   107 0.76 -
89121at50557_7176_0:000845|STRG.14879.2:678-1313|+    -            212 58363at50557         -            305   1.3e-05   23.7   0.2   2   2   8.6e-05     0.023   12.9   0.0   192   252   141   201   112   208 0.87 -
15852at50557_103372_0:0023aa|STRG.2902.1:22-2829|+    -            936 58363at50557         -            305   0.00054   18.3   7.6   1   3       1.1     3e+02   -0.6   0.1   196   242   384   426   283   480 0.63 -
15852at50557_103372_0:0023aa|STRG.2902.1:22-2829|+    -            936 58363at50557         -            305   0.00054   18.3   7.6   2   3   0.00076      0.21    9.8   0.2    70   137   609   676   599   702 0.87 -
15852at50557_103372_0:0023aa|STRG.2902.1:22-2829|+    -            936 58363at50557         -            305   0.00054   18.3   7.6   3   3   0.00063      0.17   10.1   0.3    67   138   707   778   703   894 0.91 -
102414at50557_104421_0:001872|STRG.11649.1:333-1199|+ -            289 58363at50557         -            305    0.0007   17.9   0.2   1   2       2.3   6.1e+02   -1.6   0.0   191   232   100   141    92   148 0.68 -
102414at50557_104421_0:001872|STRG.11649.1:333-1199|+ -            289 58363at50557         -            305    0.0007   17.9   0.2   2   2   7.6e-06    0.0021   16.4   0.1   173   257   150   237   138   244 0.79 -
102414at50557_104421_0:001872|STRG.11649.2:333-1199|+ -            289 58363at50557         -            305    0.0007   17.9   0.2   1   2       2.3   6.1e+02   -1.6   0.0   191   232   100   141    92   148 0.68 -
102414at50557_104421_0:001872|STRG.11649.2:333-1199|+ -            289 58363at50557         -            305    0.0007   17.9   0.2   2   2   7.6e-06    0.0021   16.4   0.1   173   257   150   237   138   244 0.79 -
57156at50557_197043_0:0019bd|STRG.1223.1:2-328|+      -            109 58363at50557         -            305    0.0011   17.4   0.0   1   1   4.3e-06    0.0012   17.2   0.0   188   277    13   102     2   109 0.91 -
108301at50557_39758_0:00449f|STRG.14985.1:1288-1713|+ -            142 58363at50557         -            305    0.0029   15.9   0.3   1   1   1.6e-05    0.0043   15.3   0.2   189   246    31    88     6   115 0.80 -
89121at50557_112268_0:0018f4|STRG.17496.1:1261-2139|+ -            293 58363at50557         -            305    0.0053   15.1   4.2   1   2     0.011         3    6.0   0.0    70   105   121   156    97   166 0.60 -
89121at50557_112268_0:0018f4|STRG.17496.1:1261-2139|+ -            293 58363at50557         -            305    0.0053   15.1   4.2   2   2    0.0016      0.42    8.8   0.5   191   258   211   278   206   292 0.86 -
89121at50557_112268_0:0018f4|STRG.17496.2:1261-2139|+ -            293 58363at50557         -            305    0.0053   15.1   4.2   1   2     0.011         3    6.0   0.0    70   105   121   156    97   166 0.60 -
89121at50557_112268_0:0018f4|STRG.17496.2:1261-2139|+ -            293 58363at50557         -            305    0.0053   15.1   4.2   2   2    0.0016      0.42    8.8   0.5   191   258   211   278   206   292 0.86 -
27499at50557_1218281_0:000f72|STRG.7810.1:151-555|+   -            135 58363at50557         -            305    0.0054   15.0   0.1   1   1   6.2e-05     0.017   13.4   0.1   181   216    86   121    64   130 0.78 -
35300at50557_456900_0:001384|STRG.3929.1:2-2857|+     -            952 58363at50557         -            305    0.0071   14.6   9.0   1   5       4.3   1.2e+03   -2.5   0.0    75   198   211   228   137   238 0.59 -
35300at50557_456900_0:001384|STRG.3929.1:2-2857|+     -            952 58363at50557         -            305    0.0071   14.6   9.0   2   5     0.035       9.5    4.4   0.6    85   183   300   403   293   495 0.55 -
35300at50557_456900_0:001384|STRG.3929.1:2-2857|+     -            952 58363at50557         -            305    0.0071   14.6   9.0   3   5       0.2        53    1.9   0.1   205   242   440   477   415   519 0.72 -
35300at50557_456900_0:001384|STRG.3929.1:2-2857|+     -            952 58363at50557         -            305    0.0071   14.6   9.0   4   5    0.0074         2    6.6   0.1   186   246   698   758   661   765 0.91 -
35300at50557_456900_0:001384|STRG.3929.1:2-2857|+     -            952 58363at50557         -            305    0.0071   14.6   9.0   5   5     0.051        14    3.8   0.1   155   235   811   893   800   902 0.80 -
35300at50557_103372_0:002ae9|STRG.13845.1:346-2103|+  -            586 58363at50557         -            305     0.017   13.4   2.1   1   3      0.72     2e+02    0.1   0.1   225   242   104   121    80   168 0.53 -
35300at50557_103372_0:002ae9|STRG.13845.1:346-2103|+  -            586 58363at50557         -            305     0.017   13.4   2.1   2   3       2.1   5.7e+02   -1.5   0.0   193   243   349   399   327   410 0.68 -
35300at50557_103372_0:002ae9|STRG.13845.1:346-2103|+  -            586 58363at50557         -            305     0.017   13.4   2.1   3   3   0.00028     0.077   11.2   0.1   154   244   454   547   423   552 0.81 -
57156at50557_197043_0:0019bd|STRG.1223.2:9-266|+      -             86 58363at50557         -            305      0.03   12.6   0.0   1   1   0.00011     0.031   12.5   0.0   200   277     2    79     1    86 0.89 -
57156at50557_197043_0:0019bd|STRG.1223.3:9-266|+      -             86 58363at50557         -            305      0.03   12.6   0.0   1   1   0.00011     0.031   12.5   0.0   200   277     2    79     1    86 0.89 -
65980at50557_103372_0:0003b3|STRG.12504.2:135-1897|+  -            487 58363at50557         -            305     0.084   11.1   6.7   1   3       3.3     9e+02   -2.1   0.0   250   290   213   253   167   268 0.76 -
65980at50557_103372_0:0003b3|STRG.12504.2:135-1897|+  -            487 58363at50557         -            305     0.084   11.1   6.7   2   3   0.00065      0.18   10.1   0.2   211   274   309   372   270   394 0.50 -
65980at50557_103372_0:0003b3|STRG.12504.2:135-1897|+  -            487 58363at50557         -            305     0.084   11.1   6.7   3   3     0.051        14    3.8   0.5   192   249   398   455   390   465 0.83 -
65980at50557_103372_0:0003b3|STRG.12504.1:210-1697|+  -            496 58363at50557         -            305      0.12   10.5   8.2   1   3       3.4   9.2e+02   -2.2   0.0   250   290   213   253   167   268 0.76 -
65980at50557_103372_0:0003b3|STRG.12504.1:210-1697|+  -            496 58363at50557         -            305      0.12   10.5   8.2   2   3    0.0004      0.11   10.7   0.6   181   265   313   399   287   405 0.71 -
65980at50557_103372_0:0003b3|STRG.12504.1:210-1697|+  -            496 58363at50557         -            305      0.12   10.5   8.2   3   3     0.045        12    4.0   1.6   191   250   393   452   375   494 0.74 -
#
# Program:         hmmsearch
# Version:         3.4 (Aug 2023)
# Pipeline mode:   SEARCH
# Query file:      /home/justine/projet_tutore/busco_downloads/lineages/insecta_odb10/hmms/58363at50557.hmm
# Target file:     annotation_analysis/annotation_gcf/T_cornetzi/busco_output/run_insecta_odb10/metaeuk_output/initial_results/assembled_transcripts.fasta.modified.fas
# Option settings: hmmsearch --domtblout annotation_analysis/annotation_gcf/T_cornetzi/busco_output/run_insecta_odb10/hmmer_output/initial_run_results/58363at50557.out --cpu 1 /home/justine/projet_tutore/busco_downloads/lineages/insecta_odb10/hmms/58363at50557.hmm annotation_analysis/annotation_gcf/T_cornetzi/busco_output/run_insecta_odb10/metaeuk_output/initial_results/assembled_transcripts.fasta.modified.fas 
# Current dir:     /home/justine/projet_tutore
# Date:            Sun Dec  1 20:08:35 2024
# [ok]
