#                                                                                                             --- full sequence --- -------------- this domain -------------   hmm coord   ali coord   env coord
# target name                                         accession   tlen query name           accession   qlen   E-value  score  bias   #  of  c-Evalue  i-Evalue  score  bias  from    to  from    to  from    to  acc description of target
#                                 ------------------- ---------- ----- -------------------- ---------- ----- --------- ------ ----- --- --- --------- --------- ------ ----- ----- ----- ----- ----- ----- ----- ---- ---------------------
58479at50557_103372_0:001928|STRG.1260.1:261-1637|+   -            459 58479at50557         -            356  1.2e-189  628.7   9.1   1   2   1.6e-85   7.8e-83  277.4   6.4     4   174    27   243    21   253 0.87 -
58479at50557_103372_0:001928|STRG.1260.1:261-1637|+   -            459 58479at50557         -            356  1.2e-189  628.7   9.1   2   2  3.5e-106  1.7e-103  345.4   0.0   170   356   261   459   254   459 0.95 -
80377at50557_30019_0:0008bb|STRG.6179.1:1374-2234|+   -            287 58479at50557         -            356   1.8e-06   26.2   4.0   1   3   6.7e-05     0.033   12.2   0.7    61   206    11   163     3   165 0.65 -
80377at50557_30019_0:0008bb|STRG.6179.1:1374-2234|+   -            287 58479at50557         -            356   1.8e-06   26.2   4.0   2   3     0.001      0.49    8.3   0.0   149   208   140   205   130   211 0.76 -
80377at50557_30019_0:0008bb|STRG.6179.1:1374-2234|+   -            287 58479at50557         -            356   1.8e-06   26.2   4.0   3   3     0.012       5.7    4.8   0.0   152   180   223   251   215   287 0.70 -
80377at50557_30019_0:0008bb|STRG.6179.2:1343-2203|+   -            287 58479at50557         -            356   1.8e-06   26.2   4.0   1   3   6.7e-05     0.033   12.2   0.7    61   206    11   163     3   165 0.65 -
80377at50557_30019_0:0008bb|STRG.6179.2:1343-2203|+   -            287 58479at50557         -            356   1.8e-06   26.2   4.0   2   3     0.001      0.49    8.3   0.0   149   208   140   205   130   211 0.76 -
80377at50557_30019_0:0008bb|STRG.6179.2:1343-2203|+   -            287 58479at50557         -            356   1.8e-06   26.2   4.0   3   3     0.012       5.7    4.8   0.0   152   180   223   251   215   287 0.70 -
80377at50557_30019_0:0008bb|STRG.6179.3:1895-2755|+   -            287 58479at50557         -            356   1.8e-06   26.2   4.0   1   3   6.7e-05     0.033   12.2   0.7    61   206    11   163     3   165 0.65 -
80377at50557_30019_0:0008bb|STRG.6179.3:1895-2755|+   -            287 58479at50557         -            356   1.8e-06   26.2   4.0   2   3     0.001      0.49    8.3   0.0   149   208   140   205   130   211 0.76 -
80377at50557_30019_0:0008bb|STRG.6179.3:1895-2755|+   -            287 58479at50557         -            356   1.8e-06   26.2   4.0   3   3     0.012       5.7    4.8   0.0   152   180   223   251   215   287 0.70 -
80377at50557_30019_0:0008bb|STRG.6179.4:1895-2755|+   -            287 58479at50557         -            356   1.8e-06   26.2   4.0   1   3   6.7e-05     0.033   12.2   0.7    61   206    11   163     3   165 0.65 -
80377at50557_30019_0:0008bb|STRG.6179.4:1895-2755|+   -            287 58479at50557         -            356   1.8e-06   26.2   4.0   2   3     0.001      0.49    8.3   0.0   149   208   140   205   130   211 0.76 -
80377at50557_30019_0:0008bb|STRG.6179.4:1895-2755|+   -            287 58479at50557         -            356   1.8e-06   26.2   4.0   3   3     0.012       5.7    4.8   0.0   152   180   223   251   215   287 0.70 -
40115at50557_116153_0:000cbb|STRG.8524.1:165-1064|+   -            300 58479at50557         -            356     4e-06   25.1   0.0   1   4      0.11        53    1.6   0.0   155   173    14    32     6    40 0.86 -
40115at50557_116153_0:000cbb|STRG.8524.1:165-1064|+   -            300 58479at50557         -            356     4e-06   25.1   0.0   2   4     0.017         8    4.3   0.0   319   342    47    70    41    81 0.85 -
40115at50557_116153_0:000cbb|STRG.8524.1:165-1064|+   -            300 58479at50557         -            356     4e-06   25.1   0.0   3   4   0.00038      0.18    9.7   0.0    81   151   105   180    94   197 0.73 -
40115at50557_116153_0:000cbb|STRG.8524.1:165-1064|+   -            300 58479at50557         -            356     4e-06   25.1   0.0   4   4     0.021        10    4.0   0.0   152   173   233   254   219   283 0.83 -
40115at50557_144034_0:000898|STRG.12872.1:741-1610|+  -            290 58479at50557         -            356     5e-06   24.8   0.2   1   1   3.6e-07   0.00017   19.7   0.2    65   177     5   128     3   232 0.78 -
40115at50557_1629725_0:001335|STRG.14750.1:618-1421|+ -            268 58479at50557         -            356   6.1e-05   21.2   3.5   1   4   0.00048      0.23    9.4   0.3   151   210    36   101     5   110 0.70 -
40115at50557_1629725_0:001335|STRG.14750.1:618-1421|+ -            268 58479at50557         -            356   6.1e-05   21.2   3.5   2   4      0.11        53    1.7   0.0   147   174   115   142   102   155 0.76 -
40115at50557_1629725_0:001335|STRG.14750.1:618-1421|+ -            268 58479at50557         -            356   6.1e-05   21.2   3.5   3   4    0.0019      0.93    7.4   0.1   153   205   161   219   151   223 0.72 -
40115at50557_1629725_0:001335|STRG.14750.1:618-1421|+ -            268 58479at50557         -            356   6.1e-05   21.2   3.5   4   4      0.05        24    2.8   0.0   146   173   194   221   186   238 0.86 -
40115at50557_29053_0:0017ce|STRG.9291.1:268-1140|+    -            291 58479at50557         -            356   9.3e-05   20.6   0.2   1   3   2.9e-06    0.0014   16.7   0.1    65   175     4   126     2   136 0.74 -
40115at50557_29053_0:0017ce|STRG.9291.1:268-1140|+    -            291 58479at50557         -            356   9.3e-05   20.6   0.2   2   3      0.26   1.3e+02    0.4   0.0   154   179   147   172   127   223 0.72 -
40115at50557_29053_0:0017ce|STRG.9291.1:268-1140|+    -            291 58479at50557         -            356   9.3e-05   20.6   0.2   3   3      0.91   4.4e+02   -1.4   0.0   152   173   231   252   209   259 0.74 -
12735at50557_34720_0:000d5c|STRG.12354.2:194-3205|+   -           1004 58479at50557         -            356   0.00032   18.8   0.5   1   3   0.00037      0.18    9.8   0.2   145   179   683   717   673   731 0.88 -
12735at50557_34720_0:000d5c|STRG.12354.2:194-3205|+   -           1004 58479at50557         -            356   0.00032   18.8   0.5   2   3     0.013       6.2    4.7   0.0   153   183   733   763   716   785 0.83 -
12735at50557_34720_0:000d5c|STRG.12354.2:194-3205|+   -           1004 58479at50557         -            356   0.00032   18.8   0.5   3   3      0.53   2.6e+02   -0.6   0.0   153   178   871   896   855   933 0.71 -
12735at50557_34720_0:000d5c|STRG.12354.1:197-2998|+   -            934 58479at50557         -            356   0.00033   18.8   0.5   1   3   0.00034      0.16    9.9   0.2   145   179   613   647   603   661 0.88 -
12735at50557_34720_0:000d5c|STRG.12354.1:197-2998|+   -            934 58479at50557         -            356   0.00033   18.8   0.5   2   3     0.012       5.8    4.8   0.0   153   184   663   694   650   719 0.83 -
12735at50557_34720_0:000d5c|STRG.12354.1:197-2998|+   -            934 58479at50557         -            356   0.00033   18.8   0.5   3   3      0.49   2.4e+02   -0.5   0.0   153   178   801   826   785   863 0.71 -
12735at50557_34720_0:000d5c|STRG.12354.3:194-3082|+   -            963 58479at50557         -            356   0.00037   18.6   0.5   1   3   0.00035      0.17    9.9   0.2   145   179   642   676   632   690 0.88 -
12735at50557_34720_0:000d5c|STRG.12354.3:194-3082|+   -            963 58479at50557         -            356   0.00037   18.6   0.5   2   3     0.012         6    4.8   0.0   153   184   692   723   679   748 0.83 -
12735at50557_34720_0:000d5c|STRG.12354.3:194-3082|+   -            963 58479at50557         -            356   0.00037   18.6   0.5   3   3      0.51   2.5e+02   -0.5   0.0   153   178   830   855   814   892 0.71 -
40115at50557_597456_0:00265e|STRG.2953.1:2366-3235|+  -            290 58479at50557         -            356   0.00045   18.3   2.0   1   4     0.045        22    2.9   0.0   129   172    33    77    12    86 0.75 -
40115at50557_597456_0:00265e|STRG.2953.1:2366-3235|+  -            290 58479at50557         -            356   0.00045   18.3   2.0   2   4       0.2        95    0.8   0.1   154   173   101   120    89   148 0.77 -
40115at50557_597456_0:00265e|STRG.2953.1:2366-3235|+  -            290 58479at50557         -            356   0.00045   18.3   2.0   3   4   0.00014     0.067   11.2   0.1   152   202   148   203   138   234 0.73 -
40115at50557_597456_0:00265e|STRG.2953.1:2366-3235|+  -            290 58479at50557         -            356   0.00045   18.3   2.0   4   4       1.1   5.4e+02   -1.7   0.0   152   171   271   290   264   290 0.85 -
40115at50557_597456_0:00265e|STRG.2953.2:1895-2764|+  -            290 58479at50557         -            356   0.00045   18.3   2.0   1   4     0.045        22    2.9   0.0   129   172    33    77    12    86 0.75 -
40115at50557_597456_0:00265e|STRG.2953.2:1895-2764|+  -            290 58479at50557         -            356   0.00045   18.3   2.0   2   4       0.2        95    0.8   0.1   154   173   101   120    89   148 0.77 -
40115at50557_597456_0:00265e|STRG.2953.2:1895-2764|+  -            290 58479at50557         -            356   0.00045   18.3   2.0   3   4   0.00014     0.067   11.2   0.1   152   202   148   203   138   234 0.73 -
40115at50557_597456_0:00265e|STRG.2953.2:1895-2764|+  -            290 58479at50557         -            356   0.00045   18.3   2.0   4   4       1.1   5.4e+02   -1.7   0.0   152   171   271   290   264   290 0.85 -
40115at50557_597456_0:00265e|STRG.2953.3:775-1644|+   -            290 58479at50557         -            356   0.00045   18.3   2.0   1   4     0.045        22    2.9   0.0   129   172    33    77    12    86 0.75 -
40115at50557_597456_0:00265e|STRG.2953.3:775-1644|+   -            290 58479at50557         -            356   0.00045   18.3   2.0   2   4       0.2        95    0.8   0.1   154   173   101   120    89   148 0.77 -
40115at50557_597456_0:00265e|STRG.2953.3:775-1644|+   -            290 58479at50557         -            356   0.00045   18.3   2.0   3   4   0.00014     0.067   11.2   0.1   152   202   148   203   138   234 0.73 -
40115at50557_597456_0:00265e|STRG.2953.3:775-1644|+   -            290 58479at50557         -            356   0.00045   18.3   2.0   4   4       1.1   5.4e+02   -1.7   0.0   152   171   271   290   264   290 0.85 -
33043at50557_454923_0:001231|STRG.9785.1:3528-4898|+  -            457 58479at50557         -            356   0.00069   17.7   0.8   1   5      0.38   1.9e+02   -0.1   0.0   155   174    14    33     7    61 0.82 -
33043at50557_454923_0:001231|STRG.9785.1:3528-4898|+  -            457 58479at50557         -            356   0.00069   17.7   0.8   2   5      0.63   3.1e+02   -0.9   0.0   153   179   188   214   171   228 0.82 -
33043at50557_454923_0:001231|STRG.9785.1:3528-4898|+  -            457 58479at50557         -            356   0.00069   17.7   0.8   3   5      0.75   3.6e+02   -1.1   0.0   154   207   231   291   215   316 0.64 -
33043at50557_454923_0:001231|STRG.9785.1:3528-4898|+  -            457 58479at50557         -            356   0.00069   17.7   0.8   4   5     0.025        12    3.8   0.0   151   173   350   372   339   380 0.85 -
33043at50557_454923_0:001231|STRG.9785.1:3528-4898|+  -            457 58479at50557         -            356   0.00069   17.7   0.8   5   5     0.002      0.96    7.4   0.1   148   173   390   415   376   421 0.88 -
40115at50557_103372_0:0021d6|STRG.11081.1:216-1661|+  -            482 58479at50557         -            356    0.0037   15.3   0.1   1   3      0.44   2.1e+02   -0.3   0.0   154   176   132   154   123   200 0.68 -
40115at50557_103372_0:0021d6|STRG.11081.1:216-1661|+  -            482 58479at50557         -            356    0.0037   15.3   0.1   2   3     0.064        31    2.4   0.0   154   207   337   399   331   408 0.64 -
40115at50557_103372_0:0021d6|STRG.11081.1:216-1661|+  -            482 58479at50557         -            356    0.0037   15.3   0.1   3   3    0.0011      0.55    8.2   0.1   146   178   413   446   408   453 0.82 -
80377at50557_454923_0:001015|STRG.16929.1:141-920|+   -            260 58479at50557         -            356    0.0076   14.3   0.1   1   3      0.23   1.1e+02    0.6   0.0   152   174    62    84    21   105 0.72 -
80377at50557_454923_0:001015|STRG.16929.1:141-920|+   -            260 58479at50557         -            356    0.0076   14.3   0.1   2   3    0.0017      0.83    7.6   0.0   152   179   104   130    94   138 0.79 -
80377at50557_454923_0:001015|STRG.16929.1:141-920|+   -            260 58479at50557         -            356    0.0076   14.3   0.1   3   3      0.08        39    2.1   0.0   155   207   194   252   184   257 0.65 -
40115at50557_411798_0:002bfa|STRG.13519.1:1086-1871|+ -            262 58479at50557         -            356     0.022   12.8   0.0   1   3    0.0048       2.3    6.1   0.0   259   295    20    58     3    80 0.75 -
40115at50557_411798_0:002bfa|STRG.13519.1:1086-1871|+ -            262 58479at50557         -            356     0.022   12.8   0.0   2   3       0.1        49    1.8   0.0   147   173   108   135    83   154 0.83 -
40115at50557_411798_0:002bfa|STRG.13519.1:1086-1871|+ -            262 58479at50557         -            356     0.022   12.8   0.0   3   3      0.14        68    1.3   0.0   116   170   202   262   183   262 0.71 -
#
# Program:         hmmsearch
# Version:         3.4 (Aug 2023)
# Pipeline mode:   SEARCH
# Query file:      /home/justine/projet_tutore/busco_downloads/lineages/insecta_odb10/hmms/58479at50557.hmm
# Target file:     annotation_analysis/annotation_gcf/T_cornetzi/busco_output/run_insecta_odb10/metaeuk_output/initial_results/assembled_transcripts.fasta.modified.fas
# Option settings: hmmsearch --domtblout annotation_analysis/annotation_gcf/T_cornetzi/busco_output/run_insecta_odb10/hmmer_output/initial_run_results/58479at50557.out --cpu 1 /home/justine/projet_tutore/busco_downloads/lineages/insecta_odb10/hmms/58479at50557.hmm annotation_analysis/annotation_gcf/T_cornetzi/busco_output/run_insecta_odb10/metaeuk_output/initial_results/assembled_transcripts.fasta.modified.fas 
# Current dir:     /home/justine/projet_tutore
# Date:            Sun Dec  1 20:08:35 2024
# [ok]
