#                                                                                                             --- full sequence --- -------------- this domain -------------   hmm coord   ali coord   env coord
# target name                                         accession   tlen query name           accession   qlen   E-value  score  bias   #  of  c-Evalue  i-Evalue  score  bias  from    to  from    to  from    to  acc description of target
#                                 ------------------- ---------- ----- -------------------- ---------- ----- --------- ------ ----- --- --- --------- --------- ------ ----- ----- ----- ----- ----- ----- ----- ---- ---------------------
63110at50557_132113_0:000456|STRG.2824.4:601-1759|+   -            379 63110at50557         -            256   4.2e-89  297.9  13.4   1   2   1.2e-30   1.4e-27   96.3   0.9     2   110     1   139     1   142 0.80 -
63110at50557_132113_0:000456|STRG.2824.4:601-1759|+   -            379 63110at50557         -            256   4.2e-89  297.9  13.4   2   2   2.1e-60   2.5e-57  193.8   5.8    93   256   154   375   140   375 0.80 -
63110at50557_34720_0:001be1|STRG.2824.1:348-1634|+    -            429 63110at50557         -            256   4.4e-89  297.8  13.5   1   3   5.3e-31   6.2e-28   97.4   1.1     1   110    48   187    48   192 0.80 -
63110at50557_34720_0:001be1|STRG.2824.1:348-1634|+    -            429 63110at50557         -            256   4.4e-89  297.8  13.5   2   3   1.2e-22   1.4e-19   70.1   0.2    93   154   202   275   188   289 0.83 -
63110at50557_34720_0:001be1|STRG.2824.1:348-1634|+    -            429 63110at50557         -            256   4.4e-89  297.8  13.5   3   3   7.3e-42   8.5e-39  133.0   1.2   150   256   290   425   283   425 0.85 -
63110at50557_34720_0:001be1|STRG.2824.2:348-1645|+    -            429 63110at50557         -            256   4.4e-89  297.8  13.5   1   3   5.3e-31   6.2e-28   97.4   1.1     1   110    48   187    48   192 0.80 -
63110at50557_34720_0:001be1|STRG.2824.2:348-1645|+    -            429 63110at50557         -            256   4.4e-89  297.8  13.5   2   3   1.2e-22   1.4e-19   70.1   0.2    93   154   202   275   188   289 0.83 -
63110at50557_34720_0:001be1|STRG.2824.2:348-1645|+    -            429 63110at50557         -            256   4.4e-89  297.8  13.5   3   3   7.3e-42   8.5e-39  133.0   1.2   150   256   290   425   283   425 0.85 -
63110at50557_520822_0:0003d5|STRG.2824.3:348-1321|+   -            321 63110at50557         -            256   4.6e-50  169.9   6.2   1   2     3e-31   3.5e-28   98.2   1.1     1   110    48   187    48   191 0.80 -
63110at50557_520822_0:0003d5|STRG.2824.3:348-1321|+   -            321 63110at50557         -            256   4.6e-50  169.9   6.2   2   2   1.5e-23   1.7e-20   73.1   0.4    93   176   202   297   185   309 0.84 -
63110at50557_1629725_0:001fb6|STRG.2824.4:1340-1747|+ -            136 63110at50557         -            256   1.4e-41  142.2   1.6   1   1   5.5e-43   6.3e-40  136.7   1.6   151   256     2   136     1   136 0.84 -
63110at50557_104452_0:001c01|STRG.2824.3:776-1153|+   -            126 63110at50557         -            256   1.9e-24   86.0   2.3   1   2   1.5e-06    0.0017   17.3   0.1    70   110     4    48     2    52 0.86 -
63110at50557_104452_0:001c01|STRG.2824.3:776-1153|+   -            126 63110at50557         -            256   1.9e-24   86.0   2.3   2   2     3e-22   3.5e-19   68.8   0.3    93   147    63   126    46   126 0.86 -
80686at50557_103372_0:002188|STRG.11062.1:124-1266|+  -            381 63110at50557         -            256   6.8e-05   21.9   0.1   1   3   0.00016      0.19   10.7   0.0    25    71    56   105    48   116 0.83 -
80686at50557_103372_0:002188|STRG.11062.1:124-1266|+  -            381 63110at50557         -            256   6.8e-05   21.9   0.1   2   3       0.8   9.3e+02   -1.4   0.0   132   167   205   238   203   263 0.73 -
80686at50557_103372_0:002188|STRG.11062.1:124-1266|+  -            381 63110at50557         -            256   6.8e-05   21.9   0.1   3   3    0.0012       1.4    7.8   0.0   214   248   334   368   256   370 0.81 -
80686at50557_103372_0:002188|STRG.11062.2:429-1571|+  -            381 63110at50557         -            256   6.8e-05   21.9   0.1   1   3   0.00016      0.19   10.7   0.0    25    71    56   105    48   116 0.83 -
80686at50557_103372_0:002188|STRG.11062.2:429-1571|+  -            381 63110at50557         -            256   6.8e-05   21.9   0.1   2   3       0.8   9.3e+02   -1.4   0.0   132   167   205   238   203   263 0.73 -
80686at50557_103372_0:002188|STRG.11062.2:429-1571|+  -            381 63110at50557         -            256   6.8e-05   21.9   0.1   3   3    0.0012       1.4    7.8   0.0   214   248   334   368   256   370 0.81 -
#
# Program:         hmmsearch
# Version:         3.4 (Aug 2023)
# Pipeline mode:   SEARCH
# Query file:      /home/justine/projet_tutore/busco_downloads/lineages/insecta_odb10/hmms/63110at50557.hmm
# Target file:     annotation_analysis/annotation_gcf/T_cornetzi/busco_output/run_insecta_odb10/metaeuk_output/initial_results/assembled_transcripts.fasta.modified.fas
# Option settings: hmmsearch --domtblout annotation_analysis/annotation_gcf/T_cornetzi/busco_output/run_insecta_odb10/hmmer_output/initial_run_results/63110at50557.out --cpu 1 /home/justine/projet_tutore/busco_downloads/lineages/insecta_odb10/hmms/63110at50557.hmm annotation_analysis/annotation_gcf/T_cornetzi/busco_output/run_insecta_odb10/metaeuk_output/initial_results/assembled_transcripts.fasta.modified.fas 
# Current dir:     /home/justine/projet_tutore
# Date:            Sun Dec  1 20:08:49 2024
# [ok]
