#                                                                                                             --- full sequence --- -------------- this domain -------------   hmm coord   ali coord   env coord
# target name                                         accession   tlen query name           accession   qlen   E-value  score  bias   #  of  c-Evalue  i-Evalue  score  bias  from    to  from    to  from    to  acc description of target
#                                 ------------------- ---------- ----- -------------------- ---------- ----- --------- ------ ----- --- --- --------- --------- ------ ----- ----- ----- ----- ----- ----- ----- ---- ---------------------
65980at50557_103372_0:0003b3|STRG.12504.1:210-1697|+  -            496 65980at50557         -            380  5.3e-171  567.8   2.8   1   2  1.3e-173  6.5e-171  567.5   1.5     1   374     4   425     4   439 0.93 -
65980at50557_103372_0:0003b3|STRG.12504.1:210-1697|+  -            496 65980at50557         -            380  5.3e-171  567.8   2.8   2   2      0.85   4.4e+02   -1.3   0.0   334   357   447   470   433   478 0.74 -
65980at50557_103372_0:0003b3|STRG.12504.2:135-1897|+  -            487 65980at50557         -            380  1.2e-165  550.2   2.5   1   2  2.4e-168  1.2e-165  550.2   0.8     1   374     4   429     4   436 0.92 -
65980at50557_103372_0:0003b3|STRG.12504.2:135-1897|+  -            487 65980at50557         -            380  1.2e-165  550.2   2.5   2   2       0.8   4.1e+02   -1.2   0.0   333   357   450   474   432   480 0.74 -
65980at50557_103372_0:0003b3|STRG.12504.3:135-1380|+  -            292 65980at50557         -            380  4.4e-109  364.0   0.4   1   2     1e-28   5.2e-26   90.6   0.0     1    92     4    94     4    98 0.91 -
65980at50557_103372_0:0003b3|STRG.12504.3:135-1380|+  -            292 65980at50557         -            380  4.4e-109  364.0   0.4   2   2   3.1e-84   1.6e-81  273.3   0.5   112   292    92   292    84   292 0.92 -
89121at50557_34720_0:000746|STRG.18142.1:167-1522|+   -            452 65980at50557         -            380   2.8e-07   28.9   1.3   1   2      0.85   4.4e+02   -1.3   0.0     6    46    44    84    41   118 0.70 -
89121at50557_34720_0:000746|STRG.18142.1:167-1522|+   -            452 65980at50557         -            380   2.8e-07   28.9   1.3   2   2     1e-09   5.2e-07   28.1   0.5   158   348   112   321    87   339 0.74 -
89121at50557_34720_0:000746|STRG.18142.2:167-1036|+   -            290 65980at50557         -            380   2.1e-05   22.8   1.0   1   2      0.73   3.7e+02   -1.1   0.0     6    37    44    75    41   103 0.78 -
89121at50557_34720_0:000746|STRG.18142.2:167-1036|+   -            290 65980at50557         -            380   2.1e-05   22.8   1.0   2   2   8.4e-08   4.3e-05   21.8   0.3   150   316   104   288    82   289 0.74 -
89121at50557_34720_0:000746|STRG.18142.3:247-1116|+   -            290 65980at50557         -            380   2.1e-05   22.8   1.0   1   2      0.73   3.7e+02   -1.1   0.0     6    37    44    75    41   103 0.78 -
89121at50557_34720_0:000746|STRG.18142.3:247-1116|+   -            290 65980at50557         -            380   2.1e-05   22.8   1.0   2   2   8.4e-08   4.3e-05   21.8   0.3   150   316   104   288    82   289 0.74 -
89121at50557_454923_0:000612|STRG.5446.1:1879-2997|+  -            373 65980at50557         -            380     5e-05   21.5   0.0   1   3     0.062        32    2.4   0.0   180   207    61    88    41    91 0.76 -
89121at50557_454923_0:000612|STRG.5446.1:1879-2997|+  -            373 65980at50557         -            380     5e-05   21.5   0.0   2   3    0.0094       4.8    5.1   0.0   319   349   161   192   125   223 0.68 -
89121at50557_454923_0:000612|STRG.5446.1:1879-2997|+  -            373 65980at50557         -            380     5e-05   21.5   0.0   3   3   0.00029      0.15   10.1   0.0   198   275   277   357   266   361 0.84 -
108301at50557_103372_0:000620|STRG.11992.1:274-1074|+ -            267 65980at50557         -            380    0.0019   16.4   0.2   1   1   5.6e-06    0.0029   15.8   0.2   221   270   151   203   144   208 0.89 -
108301at50557_103372_0:000620|STRG.11992.2:25-825|+   -            267 65980at50557         -            380    0.0019   16.4   0.2   1   1   5.6e-06    0.0029   15.8   0.2   221   270   151   203   144   208 0.89 -
108301at50557_103372_0:000620|STRG.11992.3:188-988|+  -            267 65980at50557         -            380    0.0019   16.4   0.2   1   1   5.6e-06    0.0029   15.8   0.2   221   270   151   203   144   208 0.89 -
15852at50557_103372_0:0023aa|STRG.2902.1:22-2829|+    -            936 65980at50557         -            380    0.0023   16.1   0.5   1   3     0.023        12    3.8   0.0   214   262   344   392   338   398 0.91 -
15852at50557_103372_0:0023aa|STRG.2902.1:22-2829|+    -            936 65980at50557         -            380    0.0023   16.1   0.5   2   3    0.0056       2.9    5.9   0.0   206   253   397   443   386   460 0.82 -
15852at50557_103372_0:0023aa|STRG.2902.1:22-2829|+    -            936 65980at50557         -            380    0.0023   16.1   0.5   3   3     0.038        20    3.1   0.0   190   261   688   760   670   776 0.70 -
57156at50557_28612_0:002d5e|STRG.12402.3:847-1470|+   -            208 65980at50557         -            380    0.0024   16.0   1.6   1   1   1.3e-05    0.0065   14.6   1.6   192   342    10   175     1   183 0.72 -
26870at50557_13249_0:003446|STRG.5597.1:1574-2434|+   -            287 65980at50557         -            380    0.0025   16.0   0.1   1   1   7.5e-06    0.0038   15.4   0.1   221   328   117   229    99   281 0.88 -
57156at50557_103372_0:001116|STRG.18029.1:191-1816|+  -            542 65980at50557         -            380    0.0065   14.6   0.9   1   3      0.82   4.2e+02   -1.2   0.0   310   338    16    44     8    54 0.85 -
57156at50557_103372_0:001116|STRG.18029.1:191-1816|+  -            542 65980at50557         -            380    0.0065   14.6   0.9   2   3    0.0053       2.7    6.0   0.2     5    41   270   306   265   331 0.88 -
57156at50557_103372_0:001116|STRG.18029.1:191-1816|+  -            542 65980at50557         -            380    0.0065   14.6   0.9   3   3     0.011       5.4    5.0   0.0   213   271   406   467   402   472 0.84 -
108301at50557_29031_0:0018ed|STRG.16113.2:585-890|+   -            102 65980at50557         -            380    0.0094   14.1   2.1   1   2     0.065        33    2.4   0.2     3    28    42    67    40    74 0.85 -
108301at50557_29031_0:0018ed|STRG.16113.2:585-890|+   -            102 65980at50557         -            380    0.0094   14.1   2.1   2   2   9.5e-05     0.049   11.7   0.2     4    29    77   102    74   102 0.89 -
108301at50557_29031_0:0018ed|STRG.16113.4:204-509|+   -            102 65980at50557         -            380    0.0094   14.1   2.1   1   2     0.065        33    2.4   0.2     3    28    42    67    40    74 0.85 -
108301at50557_29031_0:0018ed|STRG.16113.4:204-509|+   -            102 65980at50557         -            380    0.0094   14.1   2.1   2   2   9.5e-05     0.049   11.7   0.2     4    29    77   102    74   102 0.89 -
108301at50557_29031_0:0018ed|STRG.16113.3:32-376|+    -            115 65980at50557         -            380     0.013   13.6   2.1   1   2     0.075        38    2.2   0.2     3    28    55    80    53    89 0.85 -
108301at50557_29031_0:0018ed|STRG.16113.3:32-376|+    -            115 65980at50557         -            380     0.013   13.6   2.1   2   2   0.00012      0.06   11.4   0.2     4    29    90   115    87   115 0.89 -
27499at50557_1218281_0:000f72|STRG.7810.1:151-555|+   -            135 65980at50557         -            380     0.014   13.5   0.1   1   2   0.00053      0.27    9.3   0.0     3    44    18    59    16    80 0.89 -
27499at50557_1218281_0:000f72|STRG.7810.1:151-555|+   -            135 65980at50557         -            380     0.014   13.5   0.1   2   2     0.058        30    2.5   0.0   314   346    95   128    84   134 0.63 -
#
# Program:         hmmsearch
# Version:         3.4 (Aug 2023)
# Pipeline mode:   SEARCH
# Query file:      /home/justine/projet_tutore/busco_downloads/lineages/insecta_odb10/hmms/65980at50557.hmm
# Target file:     annotation_analysis/annotation_gcf/T_cornetzi/busco_output/run_insecta_odb10/metaeuk_output/initial_results/assembled_transcripts.fasta.modified.fas
# Option settings: hmmsearch --domtblout annotation_analysis/annotation_gcf/T_cornetzi/busco_output/run_insecta_odb10/hmmer_output/initial_run_results/65980at50557.out --cpu 1 /home/justine/projet_tutore/busco_downloads/lineages/insecta_odb10/hmms/65980at50557.hmm annotation_analysis/annotation_gcf/T_cornetzi/busco_output/run_insecta_odb10/metaeuk_output/initial_results/assembled_transcripts.fasta.modified.fas 
# Current dir:     /home/justine/projet_tutore
# Date:            Sun Dec  1 20:09:01 2024
# [ok]
