#                                                                                                            --- full sequence --- -------------- this domain -------------   hmm coord   ali coord   env coord
# target name                                        accession   tlen query name           accession   qlen   E-value  score  bias   #  of  c-Evalue  i-Evalue  score  bias  from    to  from    to  from    to  acc description of target
#                                ------------------- ---------- ----- -------------------- ---------- ----- --------- ------ ----- --- --- --------- --------- ------ ----- ----- ----- ----- ----- ----- ----- ---- ---------------------
67725at50557_307658_0:0020a5|STRG.20742.4:615-1733|+ -            373 67725at50557         -            304  1.4e-181  601.6  19.8   1   1  1.3e-184  1.8e-181  601.3  19.8     1   304    41   373    41   373 0.95 -
67725at50557_307658_0:0020a5|STRG.20742.3:368-1639|+ -            424 67725at50557         -            304  2.2e-181  601.0  19.8   1   1  2.1e-184  2.8e-181  600.7  19.8     1   304    34   366    34   366 0.95 -
67725at50557_307658_0:0020a5|STRG.20742.1:383-1675|+ -            431 67725at50557         -            304  2.3e-181  600.9  19.8   1   1  2.2e-184  2.9e-181  600.6  19.8     1   304    41   373    41   373 0.95 -
67725at50557_307658_0:0020a5|STRG.20742.2:380-1672|+ -            431 67725at50557         -            304  2.3e-181  600.9  19.8   1   1  2.2e-184  2.9e-181  600.6  19.8     1   304    41   373    41   373 0.95 -
72573at50557_83485_0:001a64|STRG.13730.1:228-1001|+  -            258 67725at50557         -            304   8.8e-35  119.6   6.8   1   1   8.9e-38   1.2e-34  119.2   6.8    14   210    57   258    44   258 0.93 -
72573at50557_83485_0:001a64|STRG.13730.2:156-929|+   -            258 67725at50557         -            304   8.8e-35  119.6   6.8   1   1   8.9e-38   1.2e-34  119.2   6.8    14   210    57   258    44   258 0.93 -
72573at50557_7536_0:003efa|STRG.13729.1:1316-1753|-  -             97 67725at50557         -            304   4.4e-08   31.9   0.3   1   1   3.9e-11   5.2e-08   31.7   0.3   206   263     1    64     1    72 0.84 -
#
# Program:         hmmsearch
# Version:         3.4 (Aug 2023)
# Pipeline mode:   SEARCH
# Query file:      /home/justine/projet_tutore/busco_downloads/lineages/insecta_odb10/hmms/67725at50557.hmm
# Target file:     annotation_analysis/annotation_gcf/T_cornetzi/busco_output/run_insecta_odb10/metaeuk_output/initial_results/assembled_transcripts.fasta.modified.fas
# Option settings: hmmsearch --domtblout annotation_analysis/annotation_gcf/T_cornetzi/busco_output/run_insecta_odb10/hmmer_output/initial_run_results/67725at50557.out --cpu 1 /home/justine/projet_tutore/busco_downloads/lineages/insecta_odb10/hmms/67725at50557.hmm annotation_analysis/annotation_gcf/T_cornetzi/busco_output/run_insecta_odb10/metaeuk_output/initial_results/assembled_transcripts.fasta.modified.fas 
# Current dir:     /home/justine/projet_tutore
# Date:            Sun Dec  1 20:09:07 2024
# [ok]
