#                                                                                                             --- full sequence --- -------------- this domain -------------   hmm coord   ali coord   env coord
# target name                                         accession   tlen query name           accession   qlen   E-value  score  bias   #  of  c-Evalue  i-Evalue  score  bias  from    to  from    to  from    to  acc description of target
#                                 ------------------- ---------- ----- -------------------- ---------- ----- --------- ------ ----- --- --- --------- --------- ------ ----- ----- ----- ----- ----- ----- ----- ---- ---------------------
68878at50557_307658_0:0010cb|STRG.1366.7:840-2435|+   -            532 68878at50557         -            147   2.9e-87  289.3   2.0   1   2   1.7e-83   1.2e-81  271.0   0.3     1   123    17   139    17   145 0.99 -
68878at50557_307658_0:0010cb|STRG.1366.7:840-2435|+   -            532 68878at50557         -            147   2.9e-87  289.3   2.0   2   2   2.5e-05    0.0018   17.4   0.1   122   142   195   215   190   219 0.86 -
68878at50557_307658_0:0010cb|STRG.1366.8:1029-2624|+  -            532 68878at50557         -            147   2.9e-87  289.3   2.0   1   2   1.7e-83   1.2e-81  271.0   0.3     1   123    17   139    17   145 0.99 -
68878at50557_307658_0:0010cb|STRG.1366.8:1029-2624|+  -            532 68878at50557         -            147   2.9e-87  289.3   2.0   2   2   2.5e-05    0.0018   17.4   0.1   122   142   195   215   190   219 0.86 -
68878at50557_103372_0:001d38|STRG.1366.3:1029-2753|+  -            575 68878at50557         -            147   3.1e-87  289.2   2.0   1   2   1.9e-83   1.4e-81  270.9   0.3     1   123    17   139    17   145 0.99 -
68878at50557_103372_0:001d38|STRG.1366.3:1029-2753|+  -            575 68878at50557         -            147   3.1e-87  289.2   2.0   2   2   2.8e-05     0.002   17.3   0.1   122   142   195   215   190   219 0.86 -
68878at50557_456900_0:00124f|STRG.1366.4:1026-2741|+  -            572 68878at50557         -            147   3.3e-87  289.1   2.0   1   2   1.9e-83   1.4e-81  270.9   0.3     1   123    17   139    17   145 0.99 -
68878at50557_456900_0:00124f|STRG.1366.4:1026-2741|+  -            572 68878at50557         -            147   3.3e-87  289.1   2.0   2   2   2.7e-05     0.002   17.3   0.1   122   142   195   215   190   219 0.86 -
68878at50557_456900_0:00124f|STRG.1366.5:387-2102|+   -            572 68878at50557         -            147   3.3e-87  289.1   2.0   1   2   1.9e-83   1.4e-81  270.9   0.3     1   123    17   139    17   145 0.99 -
68878at50557_456900_0:00124f|STRG.1366.5:387-2102|+   -            572 68878at50557         -            147   3.3e-87  289.1   2.0   2   2   2.7e-05     0.002   17.3   0.1   122   142   195   215   190   219 0.86 -
68878at50557_456900_0:00124f|STRG.1366.6:796-2511|+   -            572 68878at50557         -            147   3.3e-87  289.1   2.0   1   2   1.9e-83   1.4e-81  270.9   0.3     1   123    17   139    17   145 0.99 -
68878at50557_456900_0:00124f|STRG.1366.6:796-2511|+   -            572 68878at50557         -            147   3.3e-87  289.1   2.0   2   2   2.7e-05     0.002   17.3   0.1   122   142   195   215   190   219 0.86 -
68878at50557_29031_0:000dd0|STRG.3811.1:419-778|+     -            120 68878at50557         -            147   1.6e-54  183.1   0.1   1   1   2.7e-56   1.9e-54  182.8   0.1     4   121     1   118     1   119 0.99 -
68878at50557_29031_0:000dd0|STRG.3811.2:419-778|+     -            120 68878at50557         -            147   1.6e-54  183.1   0.1   1   1   2.7e-56   1.9e-54  182.8   0.1     4   121     1   118     1   119 0.99 -
68878at50557_29031_0:000dd0|STRG.3811.3:561-920|+     -            120 68878at50557         -            147   1.6e-54  183.1   0.1   1   1   2.7e-56   1.9e-54  182.8   0.1     4   121     1   118     1   119 0.99 -
68878at50557_29031_0:000dd0|STRG.3811.5:426-785|+     -            120 68878at50557         -            147   1.6e-54  183.1   0.1   1   1   2.7e-56   1.9e-54  182.8   0.1     4   121     1   118     1   119 0.99 -
68878at50557_29031_0:000dd0|STRG.7394.1:79-438|+      -            120 68878at50557         -            147   1.3e-53  180.1   0.1   1   1     2e-55   1.4e-53  180.0   0.1     1   117     1   118     1   120 0.97 -
68878at50557_29031_0:000dd0|STRG.7394.2:816-1175|+    -            120 68878at50557         -            147   1.3e-53  180.1   0.1   1   1     2e-55   1.4e-53  180.0   0.1     1   117     1   118     1   120 0.97 -
68878at50557_29031_0:000dd0|STRG.16815.1:455-808|+    -            118 68878at50557         -            147   4.7e-52  175.0   0.3   1   1   7.2e-54   5.2e-52  174.9   0.3     1   117     1   117     1   118 0.98 -
68878at50557_29031_0:000dd0|STRG.16815.2:455-808|+    -            118 68878at50557         -            147   4.7e-52  175.0   0.3   1   1   7.2e-54   5.2e-52  174.9   0.3     1   117     1   117     1   118 0.98 -
68878at50557_29031_0:000dd0|STRG.16815.3:455-808|+    -            118 68878at50557         -            147   4.7e-52  175.0   0.3   1   1   7.2e-54   5.2e-52  174.9   0.3     1   117     1   117     1   118 0.98 -
68878at50557_307491_0:0030a6|STRG.8888.22:192-1490|+  -            433 68878at50557         -            147   3.9e-51  172.1   1.5   1   2   3.1e-52   2.2e-50  169.6   0.0     4   123     1   120     1   137 0.94 -
68878at50557_307491_0:0030a6|STRG.8888.22:192-1490|+  -            433 68878at50557         -            147   3.9e-51  172.1   1.5   2   2       2.8     2e+02    1.1   0.4   113   142   179   208   171   214 0.54 -
68878at50557_307491_0:0030a6|STRG.8888.13:229-1527|+  -            433 68878at50557         -            147     4e-51  172.0   1.5   1   2   3.1e-52   2.2e-50  169.6   0.0     4   123     1   120     1   137 0.94 -
68878at50557_307491_0:0030a6|STRG.8888.13:229-1527|+  -            433 68878at50557         -            147     4e-51  172.0   1.5   2   2       2.8     2e+02    1.1   0.4   113   142   179   208   171   214 0.54 -
68878at50557_29031_0:000dd0|STRG.8888.10:229-567|+    -            113 68878at50557         -            147   6.9e-51  171.3   0.1   1   1   1.1e-52   7.6e-51  171.1   0.1     4   116     1   113     1   113 0.99 -
68878at50557_29031_0:000dd0|STRG.8888.11:229-567|+    -            113 68878at50557         -            147   6.9e-51  171.3   0.1   1   1   1.1e-52   7.6e-51  171.1   0.1     4   116     1   113     1   113 0.99 -
68878at50557_29031_0:000dd0|STRG.8888.12:229-567|+    -            113 68878at50557         -            147   6.9e-51  171.3   0.1   1   1   1.1e-52   7.6e-51  171.1   0.1     4   116     1   113     1   113 0.99 -
68878at50557_29031_0:000dd0|STRG.8888.14:197-535|+    -            113 68878at50557         -            147   6.9e-51  171.3   0.1   1   1   1.1e-52   7.6e-51  171.1   0.1     4   116     1   113     1   113 0.99 -
68878at50557_29031_0:000dd0|STRG.8888.15:197-535|+    -            113 68878at50557         -            147   6.9e-51  171.3   0.1   1   1   1.1e-52   7.6e-51  171.1   0.1     4   116     1   113     1   113 0.99 -
68878at50557_29031_0:000dd0|STRG.8888.16:197-535|+    -            113 68878at50557         -            147   6.9e-51  171.3   0.1   1   1   1.1e-52   7.6e-51  171.1   0.1     4   116     1   113     1   113 0.99 -
68878at50557_29031_0:000dd0|STRG.8888.17:197-535|+    -            113 68878at50557         -            147   6.9e-51  171.3   0.1   1   1   1.1e-52   7.6e-51  171.1   0.1     4   116     1   113     1   113 0.99 -
68878at50557_29031_0:000dd0|STRG.8888.18:197-535|+    -            113 68878at50557         -            147   6.9e-51  171.3   0.1   1   1   1.1e-52   7.6e-51  171.1   0.1     4   116     1   113     1   113 0.99 -
68878at50557_29031_0:000dd0|STRG.8888.19:192-530|+    -            113 68878at50557         -            147   6.9e-51  171.3   0.1   1   1   1.1e-52   7.6e-51  171.1   0.1     4   116     1   113     1   113 0.99 -
68878at50557_29031_0:000dd0|STRG.8888.1:255-593|+     -            113 68878at50557         -            147   6.9e-51  171.3   0.1   1   1   1.1e-52   7.6e-51  171.1   0.1     4   116     1   113     1   113 0.99 -
68878at50557_29031_0:000dd0|STRG.8888.20:192-530|+    -            113 68878at50557         -            147   6.9e-51  171.3   0.1   1   1   1.1e-52   7.6e-51  171.1   0.1     4   116     1   113     1   113 0.99 -
68878at50557_29031_0:000dd0|STRG.8888.21:192-530|+    -            113 68878at50557         -            147   6.9e-51  171.3   0.1   1   1   1.1e-52   7.6e-51  171.1   0.1     4   116     1   113     1   113 0.99 -
68878at50557_29031_0:000dd0|STRG.8888.23:1284-1622|+  -            113 68878at50557         -            147   6.9e-51  171.3   0.1   1   1   1.1e-52   7.6e-51  171.1   0.1     4   116     1   113     1   113 0.99 -
68878at50557_29031_0:000dd0|STRG.8888.24:192-530|+    -            113 68878at50557         -            147   6.9e-51  171.3   0.1   1   1   1.1e-52   7.6e-51  171.1   0.1     4   116     1   113     1   113 0.99 -
68878at50557_29031_0:000dd0|STRG.8888.25:192-530|+    -            113 68878at50557         -            147   6.9e-51  171.3   0.1   1   1   1.1e-52   7.6e-51  171.1   0.1     4   116     1   113     1   113 0.99 -
68878at50557_29031_0:000dd0|STRG.8888.26:192-530|+    -            113 68878at50557         -            147   6.9e-51  171.3   0.1   1   1   1.1e-52   7.6e-51  171.1   0.1     4   116     1   113     1   113 0.99 -
68878at50557_29031_0:000dd0|STRG.8888.27:192-530|+    -            113 68878at50557         -            147   6.9e-51  171.3   0.1   1   1   1.1e-52   7.6e-51  171.1   0.1     4   116     1   113     1   113 0.99 -
68878at50557_29031_0:000dd0|STRG.8888.28:192-530|+    -            113 68878at50557         -            147   6.9e-51  171.3   0.1   1   1   1.1e-52   7.6e-51  171.1   0.1     4   116     1   113     1   113 0.99 -
68878at50557_29031_0:000dd0|STRG.8888.29:192-530|+    -            113 68878at50557         -            147   6.9e-51  171.3   0.1   1   1   1.1e-52   7.6e-51  171.1   0.1     4   116     1   113     1   113 0.99 -
68878at50557_29031_0:000dd0|STRG.8888.2:229-567|+     -            113 68878at50557         -            147   6.9e-51  171.3   0.1   1   1   1.1e-52   7.6e-51  171.1   0.1     4   116     1   113     1   113 0.99 -
68878at50557_29031_0:000dd0|STRG.8888.30:1284-1622|+  -            113 68878at50557         -            147   6.9e-51  171.3   0.1   1   1   1.1e-52   7.6e-51  171.1   0.1     4   116     1   113     1   113 0.99 -
68878at50557_29031_0:000dd0|STRG.8888.31:1284-1622|+  -            113 68878at50557         -            147   6.9e-51  171.3   0.1   1   1   1.1e-52   7.6e-51  171.1   0.1     4   116     1   113     1   113 0.99 -
68878at50557_29031_0:000dd0|STRG.8888.32:192-530|+    -            113 68878at50557         -            147   6.9e-51  171.3   0.1   1   1   1.1e-52   7.6e-51  171.1   0.1     4   116     1   113     1   113 0.99 -
68878at50557_29031_0:000dd0|STRG.8888.33:1284-1622|+  -            113 68878at50557         -            147   6.9e-51  171.3   0.1   1   1   1.1e-52   7.6e-51  171.1   0.1     4   116     1   113     1   113 0.99 -
68878at50557_29031_0:000dd0|STRG.8888.34:211-549|+    -            113 68878at50557         -            147   6.9e-51  171.3   0.1   1   1   1.1e-52   7.6e-51  171.1   0.1     4   116     1   113     1   113 0.99 -
68878at50557_29031_0:000dd0|STRG.8888.35:211-549|+    -            113 68878at50557         -            147   6.9e-51  171.3   0.1   1   1   1.1e-52   7.6e-51  171.1   0.1     4   116     1   113     1   113 0.99 -
68878at50557_29031_0:000dd0|STRG.8888.36:515-853|+    -            113 68878at50557         -            147   6.9e-51  171.3   0.1   1   1   1.1e-52   7.6e-51  171.1   0.1     4   116     1   113     1   113 0.99 -
68878at50557_29031_0:000dd0|STRG.8888.37:489-827|+    -            113 68878at50557         -            147   6.9e-51  171.3   0.1   1   1   1.1e-52   7.6e-51  171.1   0.1     4   116     1   113     1   113 0.99 -
68878at50557_29031_0:000dd0|STRG.8888.38:489-827|+    -            113 68878at50557         -            147   6.9e-51  171.3   0.1   1   1   1.1e-52   7.6e-51  171.1   0.1     4   116     1   113     1   113 0.99 -
68878at50557_29031_0:000dd0|STRG.8888.39:489-827|+    -            113 68878at50557         -            147   6.9e-51  171.3   0.1   1   1   1.1e-52   7.6e-51  171.1   0.1     4   116     1   113     1   113 0.99 -
68878at50557_29031_0:000dd0|STRG.8888.3:229-567|+     -            113 68878at50557         -            147   6.9e-51  171.3   0.1   1   1   1.1e-52   7.6e-51  171.1   0.1     4   116     1   113     1   113 0.99 -
68878at50557_29031_0:000dd0|STRG.8888.40:489-827|+    -            113 68878at50557         -            147   6.9e-51  171.3   0.1   1   1   1.1e-52   7.6e-51  171.1   0.1     4   116     1   113     1   113 0.99 -
68878at50557_29031_0:000dd0|STRG.8888.41:485-823|+    -            113 68878at50557         -            147   6.9e-51  171.3   0.1   1   1   1.1e-52   7.6e-51  171.1   0.1     4   116     1   113     1   113 0.99 -
68878at50557_29031_0:000dd0|STRG.8888.42:489-827|+    -            113 68878at50557         -            147   6.9e-51  171.3   0.1   1   1   1.1e-52   7.6e-51  171.1   0.1     4   116     1   113     1   113 0.99 -
68878at50557_29031_0:000dd0|STRG.8888.4:229-567|+     -            113 68878at50557         -            147   6.9e-51  171.3   0.1   1   1   1.1e-52   7.6e-51  171.1   0.1     4   116     1   113     1   113 0.99 -
68878at50557_29031_0:000dd0|STRG.8888.5:229-567|+     -            113 68878at50557         -            147   6.9e-51  171.3   0.1   1   1   1.1e-52   7.6e-51  171.1   0.1     4   116     1   113     1   113 0.99 -
68878at50557_29031_0:000dd0|STRG.8888.6:229-567|+     -            113 68878at50557         -            147   6.9e-51  171.3   0.1   1   1   1.1e-52   7.6e-51  171.1   0.1     4   116     1   113     1   113 0.99 -
68878at50557_29031_0:000dd0|STRG.8888.7:229-567|+     -            113 68878at50557         -            147   6.9e-51  171.3   0.1   1   1   1.1e-52   7.6e-51  171.1   0.1     4   116     1   113     1   113 0.99 -
68878at50557_29031_0:000dd0|STRG.8888.8:229-567|+     -            113 68878at50557         -            147   6.9e-51  171.3   0.1   1   1   1.1e-52   7.6e-51  171.1   0.1     4   116     1   113     1   113 0.99 -
68878at50557_29031_0:000dd0|STRG.8888.9:229-567|+     -            113 68878at50557         -            147   6.9e-51  171.3   0.1   1   1   1.1e-52   7.6e-51  171.1   0.1     4   116     1   113     1   113 0.99 -
105732at50557_246812_0:0033b1|STRG.917.2:317-1657|+   -            447 68878at50557         -            147   1.3e-48  163.8   1.5   1   2   7.1e-49     5e-47  158.7   0.1     4   126     1   123     1   141 0.92 -
105732at50557_246812_0:0033b1|STRG.917.2:317-1657|+   -            447 68878at50557         -            147   1.3e-48  163.8   1.5   2   2      0.31        22    4.2   0.2   113   133   268   288   266   301 0.84 -
105732at50557_246812_0:0033b1|STRG.917.3:316-1656|+   -            447 68878at50557         -            147   1.3e-48  163.8   1.5   1   2   7.1e-49     5e-47  158.7   0.1     4   126     1   123     1   141 0.92 -
105732at50557_246812_0:0033b1|STRG.917.3:316-1656|+   -            447 68878at50557         -            147   1.3e-48  163.8   1.5   2   2      0.31        22    4.2   0.2   113   133   268   288   266   301 0.84 -
70122at50557_197043_0:006b82|STRG.7703.1:237-584|+    -            116 68878at50557         -            147   4.9e-48  162.0   0.1   1   1   7.4e-50   5.3e-48  161.9   0.1     3   116     3   116     1   116 0.98 -
68878at50557_29031_0:000dd0|STRG.9661.1:204-608|+     -            135 68878at50557         -            147   4.1e-47  159.0   0.0   1   1   6.5e-49   4.7e-47  158.8   0.0     2   119     1   121     1   133 0.93 -
68878at50557_29031_0:000dd0|STRG.9661.2:360-764|+     -            135 68878at50557         -            147   4.1e-47  159.0   0.0   1   1   6.5e-49   4.7e-47  158.8   0.0     2   119     1   121     1   133 0.93 -
70122at50557_411798_0:0024d5|STRG.16614.1:1658-3025|+ -            456 68878at50557         -            147   1.3e-46  157.3   0.2   1   1   3.7e-48   2.6e-46  156.4   0.2     3   122     4   123     2   141 0.94 -
70122at50557_411798_0:0024d5|STRG.16614.3:669-2036|+  -            456 68878at50557         -            147   1.3e-46  157.3   0.2   1   1   3.7e-48   2.6e-46  156.4   0.2     3   122     4   123     2   141 0.94 -
70122at50557_197043_0:006b82|STRG.917.1:325-660|+     -            112 68878at50557         -            147     2e-46  156.8   0.1   1   1   3.1e-48   2.2e-46  156.6   0.1     4   115     1   112     1   112 0.99 -
70122at50557_197043_0:006b82|STRG.917.4:210-545|+     -            112 68878at50557         -            147     2e-46  156.8   0.1   1   1   3.1e-48   2.2e-46  156.6   0.1     4   115     1   112     1   112 0.99 -
70122at50557_103372_0:0029b5|STRG.16614.2:563-2260|+  -            566 68878at50557         -            147   2.1e-46  156.7   0.2   1   1   5.4e-48   3.9e-46  155.9   0.2     3   122     4   123     2   141 0.94 -
70122at50557_197043_0:006b82|STRG.8885.2:813-1172|+   -            120 68878at50557         -            147     2e-45  153.5   0.3   1   1   3.1e-47   2.2e-45  153.4   0.3     4   121     1   119     1   120 0.97 -
70122at50557_197043_0:006b82|STRG.8885.3:813-1172|+   -            120 68878at50557         -            147     2e-45  153.5   0.3   1   1   3.1e-47   2.2e-45  153.4   0.3     4   121     1   119     1   120 0.97 -
70122at50557_197043_0:006b82|STRG.8885.5:96-455|+     -            120 68878at50557         -            147     2e-45  153.5   0.3   1   1   3.1e-47   2.2e-45  153.4   0.3     4   121     1   119     1   120 0.97 -
70122at50557_197043_0:006b82|STRG.8885.7:79-438|+     -            120 68878at50557         -            147     2e-45  153.5   0.3   1   1   3.1e-47   2.2e-45  153.4   0.3     4   121     1   119     1   120 0.97 -
70122at50557_286706_0:000bf4|STRG.4069.2:375-1580|+   -            402 68878at50557         -            147   1.4e-44  150.8   0.2   1   1   3.4e-46   2.4e-44  150.0   0.2     2   127     5   131     4   151 0.93 -
70122at50557_56086_0:00188d|STRG.4069.4:384-737|+     -            118 68878at50557         -            147   3.3e-44  149.6   0.2   1   1     5e-46   3.6e-44  149.5   0.2     2   116     2   116     1   118 0.98 -
70122at50557_7091_0:0008c7|STRG.4069.1:393-1640|+     -            416 68878at50557         -            147   4.8e-44  149.1   0.2   1   1   1.2e-45   8.2e-44  148.3   0.2     5   127     2   125     1   145 0.94 -
70122at50557_7091_0:0008c7|STRG.4069.5:393-1640|+     -            416 68878at50557         -            147   4.8e-44  149.1   0.2   1   1   1.2e-45   8.2e-44  148.3   0.2     5   127     2   125     1   145 0.94 -
70122at50557_7091_0:0008c7|STRG.4069.3:393-1637|+     -            415 68878at50557         -            147   4.9e-44  149.1   0.2   1   1   1.1e-45   8.2e-44  148.3   0.2     5   127     2   125     1   145 0.94 -
68878at50557_680683_0:0024e5|STRG.11258.4:357-1211|+  -            285 68878at50557         -            147   1.3e-43  147.6   0.0   1   1   2.4e-45   1.7e-43  147.3   0.0     4   131     1   129     1   154 0.90 -
68878at50557_307491_0:0030a6|STRG.11258.5:357-1388|+  -            344 68878at50557         -            147   1.9e-43  147.1   0.0   1   1   3.9e-45   2.8e-43  146.6   0.0     4   130     1   128     1   148 0.90 -
68878at50557_307491_0:0030a6|STRG.11258.1:556-1587|+  -            344 68878at50557         -            147     2e-43  147.0   0.0   1   1   3.9e-45   2.8e-43  146.6   0.0     4   130     1   128     1   148 0.90 -
68878at50557_307491_0:0030a6|STRG.11258.2:264-1295|+  -            344 68878at50557         -            147     2e-43  147.0   0.0   1   1   3.9e-45   2.8e-43  146.6   0.0     4   130     1   128     1   148 0.90 -
68878at50557_307491_0:0030a6|STRG.11258.3:357-1388|+  -            344 68878at50557         -            147     2e-43  147.0   0.0   1   1   3.9e-45   2.8e-43  146.6   0.0     4   130     1   128     1   148 0.90 -
68878at50557_307491_0:0030a6|STRG.11258.6:243-1274|+  -            344 68878at50557         -            147     2e-43  147.0   0.0   1   1   3.9e-45   2.8e-43  146.6   0.0     4   130     1   128     1   148 0.90 -
70122at50557_286706_0:000bf4|STRG.20430.3:1799-2851|+ -            351 68878at50557         -            147   1.7e-42  144.1   0.0   1   1   4.1e-44   2.9e-42  143.3   0.0     4   120     4   120     2   131 0.97 -
70122at50557_286706_0:000bf4|STRG.20430.5:1799-2851|+ -            351 68878at50557         -            147   1.7e-42  144.1   0.0   1   1   4.1e-44   2.9e-42  143.3   0.0     4   120     4   120     2   131 0.97 -
70122at50557_246812_0:0007a3|STRG.20430.4:1808-2551|+ -            248 68878at50557         -            147   1.8e-42  144.0   0.0   1   1   3.8e-44   2.7e-42  143.4   0.0     4   120     1   117     1   128 0.97 -
68878at50557_121845_0:001d53|STRG.604.4:52-463|+      -            114 68878at50557         -            147   2.1e-42  143.7   0.3   1   1   3.2e-44   2.3e-42  143.6   0.3     2   114     2   114     1   114 0.99 -
68878at50557_121845_0:001d53|STRG.604.1:150-491|+     -            114 68878at50557         -            147   2.3e-42  143.6   0.3   1   1   3.6e-44   2.6e-42  143.5   0.3     2   114     2   114     1   114 0.99 -
68878at50557_121845_0:001d53|STRG.604.2:144-485|+     -            114 68878at50557         -            147   2.3e-42  143.6   0.3   1   1   3.6e-44   2.6e-42  143.5   0.3     2   114     2   114     1   114 0.99 -
68878at50557_121845_0:001d53|STRG.604.3:44-385|+      -            114 68878at50557         -            147   2.3e-42  143.6   0.3   1   1   3.6e-44   2.6e-42  143.5   0.3     2   114     2   114     1   114 0.99 -
70122at50557_34740_0:00443e|STRG.20430.6:1066-2211|+  -            382 68878at50557         -            147   4.4e-42  142.7   0.0   1   1     1e-43   7.1e-42  142.0   0.0     4   120     1   117     1   128 0.97 -
70122at50557_7130_0:001fba|STRG.20430.1:1808-3055|+   -            416 68878at50557         -            147   4.7e-42  142.6   0.0   1   1   1.2e-43   8.4e-42  141.8   0.0     4   120     1   117     1   128 0.97 -
70122at50557_7130_0:001fba|STRG.20430.2:1728-2975|+   -            416 68878at50557         -            147   4.7e-42  142.6   0.0   1   1   1.2e-43   8.4e-42  141.8   0.0     4   120     1   117     1   128 0.97 -
70122at50557_56086_0:00188d|STRG.3968.3:654-1001|+    -            116 68878at50557         -            147   3.7e-40  136.5   0.1   1   1   5.9e-42   4.2e-40  136.3   0.1     2   115     3   116     2   116 0.99 -
70122at50557_56086_0:00188d|STRG.3968.4:654-1001|+    -            116 68878at50557         -            147   3.7e-40  136.5   0.1   1   1   5.9e-42   4.2e-40  136.3   0.1     2   115     3   116     2   116 0.99 -
70122at50557_56086_0:00188d|STRG.3968.5:654-1001|+    -            116 68878at50557         -            147   3.7e-40  136.5   0.1   1   1   5.9e-42   4.2e-40  136.3   0.1     2   115     3   116     2   116 0.99 -
70122at50557_56086_0:00188d|STRG.3968.6:654-1001|+    -            116 68878at50557         -            147   3.7e-40  136.5   0.1   1   1   5.9e-42   4.2e-40  136.3   0.1     2   115     3   116     2   116 0.99 -
70122at50557_56086_0:00188d|STRG.3968.7:654-1001|+    -            116 68878at50557         -            147   3.7e-40  136.5   0.1   1   1   5.9e-42   4.2e-40  136.3   0.1     2   115     3   116     2   116 0.99 -
70122at50557_56086_0:00188d|STRG.19085.1:486-836|+    -            117 68878at50557         -            147   7.5e-40  135.5   0.2   1   1   1.3e-41   9.1e-40  135.2   0.2     4   115     4   115     2   117 0.98 -
70122at50557_56086_0:00188d|STRG.19085.2:423-773|+    -            117 68878at50557         -            147   7.5e-40  135.5   0.2   1   1   1.3e-41   9.1e-40  135.2   0.2     4   115     4   115     2   117 0.98 -
70122at50557_56086_0:00188d|STRG.19085.3:778-1128|+   -            117 68878at50557         -            147   7.5e-40  135.5   0.2   1   1   1.3e-41   9.1e-40  135.2   0.2     4   115     4   115     2   117 0.98 -
70122at50557_56086_0:00188d|STRG.19085.4:186-536|+    -            117 68878at50557         -            147   7.5e-40  135.5   0.2   1   1   1.3e-41   9.1e-40  135.2   0.2     4   115     4   115     2   117 0.98 -
70122at50557_56086_0:00188d|STRG.19085.5:186-536|+    -            117 68878at50557         -            147   7.5e-40  135.5   0.2   1   1   1.3e-41   9.1e-40  135.2   0.2     4   115     4   115     2   117 0.98 -
70122at50557_7536_0:0046b6|STRG.3968.2:654-1805|+     -            384 68878at50557         -            147   9.9e-40  135.1   0.1   1   1   2.4e-41   1.7e-39  134.3   0.1     2   117     3   118     2   127 0.97 -
70122at50557_197043_0:006b82|STRG.9373.1:1464-1787|+  -            108 68878at50557         -            147   1.8e-37  127.7   0.1   1   1   2.8e-39     2e-37  127.6   0.1     7   114     1   108     1   108 1.00 -
70122at50557_197043_0:006b82|STRG.20000.2:207-533|+   -            109 68878at50557         -            147   1.2e-36  125.1   0.0   1   1   1.9e-38   1.3e-36  124.9   0.0     7   114     1   108     1   109 0.99 -
106896at50557_103372_0:001755|STRG.5420.1:881-2533|+  -            551 68878at50557         -            147   8.6e-36  122.3   0.0   1   1   2.6e-37   1.9e-35  121.2   0.0     2   127    39   166    38   183 0.91 -
70122at50557_51655_0:0018b8|STRG.20000.1:207-1373|+   -            389 68878at50557         -            147   1.2e-35  121.9   0.0   1   1   2.6e-37   1.9e-35  121.2   0.0     7   115     1   109     1   123 0.97 -
68878at50557_29031_0:000dd0|STRG.757.1:50-394|+       -            115 68878at50557         -            147   2.4e-35  120.9   0.0   1   1   3.6e-37   2.6e-35  120.7   0.0     3   114     3   114     1   115 0.98 -
68878at50557_29031_0:000dd0|STRG.757.2:10-354|+       -            115 68878at50557         -            147   2.4e-35  120.9   0.0   1   1   3.6e-37   2.6e-35  120.7   0.0     3   114     3   114     1   115 0.98 -
70122at50557_197043_0:006b82|STRG.16128.1:299-646|+   -            116 68878at50557         -            147   1.4e-32  111.9   0.0   1   1   2.1e-34   1.5e-32  111.8   0.0     4   116     1   114     1   116 0.97 -
70122at50557_197043_0:006b82|STRG.16128.2:297-644|+   -            116 68878at50557         -            147   1.4e-32  111.9   0.0   1   1   2.1e-34   1.5e-32  111.8   0.0     4   116     1   114     1   116 0.97 -
70122at50557_197043_0:006b82|STRG.16128.3:239-586|+   -            116 68878at50557         -            147   1.4e-32  111.9   0.0   1   1   2.1e-34   1.5e-32  111.8   0.0     4   116     1   114     1   116 0.97 -
70122at50557_56086_0:00188d|STRG.2152.1:195-527|+     -            111 68878at50557         -            147   5.1e-31  106.8   0.1   1   1   7.7e-33   5.5e-31  106.7   0.1     4   114     1   111     1   111 0.98 -
70122at50557_56086_0:00188d|STRG.2152.2:194-526|+     -            111 68878at50557         -            147   5.1e-31  106.8   0.1   1   1   7.7e-33   5.5e-31  106.7   0.1     4   114     1   111     1   111 0.98 -
70122at50557_197043_0:006b82|STRG.17172.1:370-741|+   -            124 68878at50557         -            147   3.5e-26   91.1   0.0   1   1   5.6e-28     4e-26   90.9   0.0     4   118     1   115     1   123 0.96 -
70122at50557_197043_0:006b82|STRG.17172.2:370-741|+   -            124 68878at50557         -            147   3.5e-26   91.1   0.0   1   1   5.6e-28     4e-26   90.9   0.0     4   118     1   115     1   123 0.96 -
106896at50557_34720_0:0025d6|STRG.5420.2:864-2300|+   -            479 68878at50557         -            147   2.9e-21   75.1   0.1   1   1   8.9e-23   6.4e-21   74.1   0.0    42   127     3    90     1   107 0.87 -
70122at50557_56086_0:00188d|STRG.12840.1:392-712|+    -            107 68878at50557         -            147   3.3e-21   75.0   0.1   1   1   5.1e-23   3.6e-21   74.8   0.1     8   114     1   107     1   107 0.98 -
68878at50557_29031_0:000dd0|STRG.3564.2:189-521|+     -            111 68878at50557         -            147     7e-16   57.7   0.0   1   1   1.1e-17   7.9e-16   57.5   0.0    24   112    17   111     5   111 0.87 -
40442at50557_1155016_0:000337|STRG.19511.1:659-1255|+ -            199 68878at50557         -            147   4.5e-13   48.6   0.1   1   1   1.2e-14   8.6e-13   47.7   0.0    32   116     1    87     1   104 0.88 -
39871at50557_166423_0:000a2c|STRG.8973.1:3231-4618|+  -            461 68878at50557         -            147   6.8e-12   44.8   0.0   1   1   1.8e-13   1.3e-11   43.8   0.0     8   122    10   125     4   149 0.80 -
68878at50557_121845_0:001d53|STRG.15733.2:1165-1443|+ -             93 68878at50557         -            147   9.3e-12   44.3   0.1   1   1   1.3e-13   9.3e-12   44.3   0.1    24    97     1    76     1    93 0.82 -
40442at50557_121225_0:0005ca|STRG.13067.2:547-1719|+  -            391 68878at50557         -            147   2.6e-10   39.6   0.0   1   1   7.5e-12   5.4e-10   38.6   0.0    24   113     4    95     1   109 0.80 -
70122at50557_13686_0:000d36|STRG.17982.1:648-1232|+   -            195 68878at50557         -            147   3.2e-05   23.1   0.0   1   2   0.00039     0.028   13.6   0.0    30   101     7    82     1    91 0.78 -
70122at50557_13686_0:000d36|STRG.17982.1:648-1232|+   -            195 68878at50557         -            147   3.2e-05   23.1   0.0   2   2     0.029         2    7.5   0.0    42    61   142   161   139   170 0.86 -
70122at50557_13686_0:000d36|STRG.17982.2:666-1250|+   -            195 68878at50557         -            147   3.2e-05   23.1   0.0   1   2   0.00039     0.028   13.6   0.0    30   101     7    82     1    91 0.78 -
70122at50557_13686_0:000d36|STRG.17982.2:666-1250|+   -            195 68878at50557         -            147   3.2e-05   23.1   0.0   2   2     0.029         2    7.5   0.0    42    61   142   161   139   170 0.86 -
40442at50557_103372_0:0005ec|STRG.11406.2:118-1623|+  -            502 68878at50557         -            147   4.2e-05   22.7   0.1   1   1   1.2e-06   8.5e-05   21.7   0.1    22   116    50   149    36   158 0.83 -
40442at50557_103372_0:0005ec|STRG.11406.1:320-1711|+  -            464 68878at50557         -            147   4.7e-05   22.6   0.1   1   1   1.3e-06   9.6e-05   21.6   0.1    22   116    12   111     2   120 0.84 -
28503at50557_69004_0:0020b1|STRG.13841.2:1984-5322|+  -           1113 68878at50557         -            147     0.007   15.5   0.2   1   1    0.0003     0.022   13.9   0.1    16   116    46   142    40   147 0.75 -
28503at50557_69004_0:0020b1|STRG.13841.1:782-4135|+   -           1118 68878at50557         -            147    0.0071   15.5   0.2   1   1    0.0003     0.022   13.9   0.1    16   116    46   142    40   147 0.75 -
#
# Program:         hmmsearch
# Version:         3.4 (Aug 2023)
# Pipeline mode:   SEARCH
# Query file:      /home/justine/projet_tutore/busco_downloads/lineages/insecta_odb10/hmms/68878at50557.hmm
# Target file:     annotation_analysis/annotation_gcf/T_cornetzi/busco_output/run_insecta_odb10/metaeuk_output/initial_results/assembled_transcripts.fasta.modified.fas
# Option settings: hmmsearch --domtblout annotation_analysis/annotation_gcf/T_cornetzi/busco_output/run_insecta_odb10/hmmer_output/initial_run_results/68878at50557.out --cpu 1 /home/justine/projet_tutore/busco_downloads/lineages/insecta_odb10/hmms/68878at50557.hmm annotation_analysis/annotation_gcf/T_cornetzi/busco_output/run_insecta_odb10/metaeuk_output/initial_results/assembled_transcripts.fasta.modified.fas 
# Current dir:     /home/justine/projet_tutore
# Date:            Sun Dec  1 20:09:11 2024
# [ok]
