#                                                                                                             --- full sequence --- -------------- this domain -------------   hmm coord   ali coord   env coord
# target name                                         accession   tlen query name           accession   qlen   E-value  score  bias   #  of  c-Evalue  i-Evalue  score  bias  from    to  from    to  from    to  acc description of target
#                                 ------------------- ---------- ----- -------------------- ---------- ----- --------- ------ ----- --- --- --------- --------- ------ ----- ----- ----- ----- ----- ----- ----- ---- ---------------------
7053at50557_144034_0:0024cb|STRG.16246.1:213-1832|+   -            540 7053at50557          -            712  1.9e-198  660.2  13.9   1   3   8.3e-07    0.0026   15.2   0.2   138   193     4    87     1    93 0.71 -
7053at50557_144034_0:0024cb|STRG.16246.1:213-1832|+   -            540 7053at50557          -            712  1.9e-198  660.2  13.9   2   3   2.3e-86   7.1e-83  278.1   1.3   193   328   123   259   108   271 0.96 -
7053at50557_144034_0:0024cb|STRG.16246.1:213-1832|+   -            540 7053at50557          -            712  1.9e-198  660.2  13.9   3   3  3.4e-115    1e-111  373.5   1.1   325   509   355   540   350   540 0.99 -
7053at50557_7200_0:0008b9|STRG.16248.1:3-773|+        -            257 7053at50557          -            712   8.8e-37  125.8   1.9   1   3   6.4e-08    0.0002   18.9   0.2   532   590    20   109    11   111 0.65 -
7053at50557_7200_0:0008b9|STRG.16248.1:3-773|+        -            257 7053at50557          -            712   8.8e-37  125.8   1.9   2   3   1.6e-21   4.9e-18   63.8   0.1   582   619   127   164   120   168 0.92 -
7053at50557_7200_0:0008b9|STRG.16248.1:3-773|+        -            257 7053at50557          -            712   8.8e-37  125.8   1.9   3   3   4.8e-13   1.5e-09   35.8   0.0   616   658   197   256   190   257 0.77 -
7053at50557_1507135_0:0015e7|STRG.16241.1:1285-2403|+ -            373 7053at50557          -            712     7e-34  116.2   0.1   1   3   4.8e-11   1.5e-07   29.2   0.0     1    43   131   185   131   198 0.80 -
7053at50557_1507135_0:0015e7|STRG.16241.1:1285-2403|+ -            373 7053at50557          -            712     7e-34  116.2   0.1   2   3   3.6e-10   1.1e-06   26.3   0.0    38    85   210   270   195   274 0.79 -
7053at50557_1507135_0:0015e7|STRG.16241.1:1285-2403|+ -            373 7053at50557          -            712     7e-34  116.2   0.1   3   3   1.7e-19   5.2e-16   57.1   0.0    82   136   296   352   290   360 0.91 -
#
# Program:         hmmsearch
# Version:         3.4 (Aug 2023)
# Pipeline mode:   SEARCH
# Query file:      /home/justine/projet_tutore/busco_downloads/lineages/insecta_odb10/hmms/7053at50557.hmm
# Target file:     annotation_analysis/annotation_gcf/T_cornetzi/busco_output/run_insecta_odb10/metaeuk_output/initial_results/assembled_transcripts.fasta.modified.fas
# Option settings: hmmsearch --domtblout annotation_analysis/annotation_gcf/T_cornetzi/busco_output/run_insecta_odb10/hmmer_output/initial_run_results/7053at50557.out --cpu 1 /home/justine/projet_tutore/busco_downloads/lineages/insecta_odb10/hmms/7053at50557.hmm annotation_analysis/annotation_gcf/T_cornetzi/busco_output/run_insecta_odb10/metaeuk_output/initial_results/assembled_transcripts.fasta.modified.fas 
# Current dir:     /home/justine/projet_tutore
# Date:            Sun Dec  1 20:09:17 2024
# [ok]
