#                                                                                                             --- full sequence --- -------------- this domain -------------   hmm coord   ali coord   env coord
# target name                                         accession   tlen query name           accession   qlen   E-value  score  bias   #  of  c-Evalue  i-Evalue  score  bias  from    to  from    to  from    to  acc description of target
#                                 ------------------- ---------- ----- -------------------- ---------- ----- --------- ------ ----- --- --- --------- --------- ------ ----- ----- ----- ----- ----- ----- ----- ---- ---------------------
75671at50557_520822_0:001b19|STRG.2310.1:1053-2906|+  -            618 75671at50557         -            300   1.9e-91  305.5  26.7   1   4   3.9e-52   4.5e-49  166.4   0.2     1   139     9   162     9   165 0.91 -
75671at50557_520822_0:001b19|STRG.2310.1:1053-2906|+  -            618 75671at50557         -            300   1.9e-91  305.5  26.7   2   4   6.3e-41   7.2e-38  129.6   8.2   134   259   210   374   203   382 0.75 -
75671at50557_520822_0:001b19|STRG.2310.1:1053-2906|+  -            618 75671at50557         -            300   1.9e-91  305.5  26.7   3   4   2.2e-06    0.0025   16.2   0.2   253   284   387   426   383   462 0.87 -
75671at50557_520822_0:001b19|STRG.2310.1:1053-2906|+  -            618 75671at50557         -            300   1.9e-91  305.5  26.7   4   4       1.5   1.7e+03   -2.9   0.7   133   174   544   585   515   605 0.60 -
75671at50557_520822_0:001b19|STRG.2310.2:0-1853|+     -            618 75671at50557         -            300   1.9e-91  305.5  26.7   1   4   3.9e-52   4.5e-49  166.4   0.2     1   139     9   162     9   165 0.91 -
75671at50557_520822_0:001b19|STRG.2310.2:0-1853|+     -            618 75671at50557         -            300   1.9e-91  305.5  26.7   2   4   6.3e-41   7.2e-38  129.6   8.2   134   259   210   374   203   382 0.75 -
75671at50557_520822_0:001b19|STRG.2310.2:0-1853|+     -            618 75671at50557         -            300   1.9e-91  305.5  26.7   3   4   2.2e-06    0.0025   16.2   0.2   253   284   387   426   383   462 0.87 -
75671at50557_520822_0:001b19|STRG.2310.2:0-1853|+     -            618 75671at50557         -            300   1.9e-91  305.5  26.7   4   4       1.5   1.7e+03   -2.9   0.7   133   174   544   585   515   605 0.60 -
75671at50557_520822_0:001b19|STRG.2310.3:309-2162|+   -            618 75671at50557         -            300   1.9e-91  305.5  26.7   1   4   3.9e-52   4.5e-49  166.4   0.2     1   139     9   162     9   165 0.91 -
75671at50557_520822_0:001b19|STRG.2310.3:309-2162|+   -            618 75671at50557         -            300   1.9e-91  305.5  26.7   2   4   6.3e-41   7.2e-38  129.6   8.2   134   259   210   374   203   382 0.75 -
75671at50557_520822_0:001b19|STRG.2310.3:309-2162|+   -            618 75671at50557         -            300   1.9e-91  305.5  26.7   3   4   2.2e-06    0.0025   16.2   0.2   253   284   387   426   383   462 0.87 -
75671at50557_520822_0:001b19|STRG.2310.3:309-2162|+   -            618 75671at50557         -            300   1.9e-91  305.5  26.7   4   4       1.5   1.7e+03   -2.9   0.7   133   174   544   585   515   605 0.60 -
75671at50557_520822_0:001b19|STRG.2310.4:312-2165|+   -            618 75671at50557         -            300   1.9e-91  305.5  26.7   1   4   3.9e-52   4.5e-49  166.4   0.2     1   139     9   162     9   165 0.91 -
75671at50557_520822_0:001b19|STRG.2310.4:312-2165|+   -            618 75671at50557         -            300   1.9e-91  305.5  26.7   2   4   6.3e-41   7.2e-38  129.6   8.2   134   259   210   374   203   382 0.75 -
75671at50557_520822_0:001b19|STRG.2310.4:312-2165|+   -            618 75671at50557         -            300   1.9e-91  305.5  26.7   3   4   2.2e-06    0.0025   16.2   0.2   253   284   387   426   383   462 0.87 -
75671at50557_520822_0:001b19|STRG.2310.4:312-2165|+   -            618 75671at50557         -            300   1.9e-91  305.5  26.7   4   4       1.5   1.7e+03   -2.9   0.7   133   174   544   585   515   605 0.60 -
31141at50557_34720_0:0021d7|STRG.17885.1:468-2513|+   -            682 75671at50557         -            300   1.4e-06   26.9   0.0   1   2   0.00021      0.24    9.7   0.0   175   235   153   216   141   221 0.80 -
31141at50557_34720_0:0021d7|STRG.17885.1:468-2513|+   -            682 75671at50557         -            300   1.4e-06   26.9   0.0   2   2     6e-06    0.0069   14.8   0.2   186   240   233   291   228   299 0.86 -
31141at50557_34720_0:0021d7|STRG.17885.2:142-2520|+   -            793 75671at50557         -            300     2e-06   26.4   0.0   1   2   0.00026       0.3    9.4   0.0   175   235   264   327   252   332 0.80 -
31141at50557_34720_0:0021d7|STRG.17885.2:142-2520|+   -            793 75671at50557         -            300     2e-06   26.4   0.0   2   2   7.3e-06    0.0084   14.5   0.2   186   240   344   402   339   410 0.86 -
102968at50557_113334_0:00227f|STRG.2578.1:5397-5588|+ -             64 75671at50557         -            300    0.0058   15.0   0.2   1   1   5.6e-06    0.0064   14.9   0.2   185   238     8    64     4    64 0.85 -
102968at50557_113334_0:00227f|STRG.2578.2:5397-5588|+ -             64 75671at50557         -            300    0.0058   15.0   0.2   1   1   5.6e-06    0.0064   14.9   0.2   185   238     8    64     4    64 0.85 -
#
# Program:         hmmsearch
# Version:         3.4 (Aug 2023)
# Pipeline mode:   SEARCH
# Query file:      /home/justine/projet_tutore/busco_downloads/lineages/insecta_odb10/hmms/75671at50557.hmm
# Target file:     annotation_analysis/annotation_gcf/T_cornetzi/busco_output/run_insecta_odb10/metaeuk_output/initial_results/assembled_transcripts.fasta.modified.fas
# Option settings: hmmsearch --domtblout annotation_analysis/annotation_gcf/T_cornetzi/busco_output/run_insecta_odb10/hmmer_output/initial_run_results/75671at50557.out --cpu 1 /home/justine/projet_tutore/busco_downloads/lineages/insecta_odb10/hmms/75671at50557.hmm annotation_analysis/annotation_gcf/T_cornetzi/busco_output/run_insecta_odb10/metaeuk_output/initial_results/assembled_transcripts.fasta.modified.fas 
# Current dir:     /home/justine/projet_tutore
# Date:            Sun Dec  1 20:09:34 2024
# [ok]
