#                                                                                                           --- full sequence --- -------------- this domain -------------   hmm coord   ali coord   env coord
# target name                                       accession   tlen query name           accession   qlen   E-value  score  bias   #  of  c-Evalue  i-Evalue  score  bias  from    to  from    to  from    to  acc description of target
#                               ------------------- ---------- ----- -------------------- ---------- ----- --------- ------ ----- --- --- --------- --------- ------ ----- ----- ----- ----- ----- ----- ----- ---- ---------------------
87063at50557_34720_0:0008f7|STRG.19649.4:259-1602|+ -            448 87063at50557         -            298  5.2e-132  438.5  31.8   1   3     2e-52   3.1e-49  166.8   0.2     1   115     9   148     9   164 0.84 -
87063at50557_34720_0:0008f7|STRG.19649.4:259-1602|+ -            448 87063at50557         -            298  5.2e-132  438.5  31.8   2   3   8.7e-09   1.3e-05   23.5   3.0   108   144   168   218   149   235 0.77 -
87063at50557_34720_0:0008f7|STRG.19649.4:259-1602|+ -            448 87063at50557         -            298  5.2e-132  438.5  31.8   3   3   2.5e-78   3.8e-75  251.8  15.5   150   298   262   423   246   423 0.91 -
87063at50557_34720_0:0008f7|STRG.19649.3:259-1605|+ -            449 87063at50557         -            298  5.2e-132  438.5  31.8   1   3     2e-52   3.1e-49  166.8   0.2     1   115     9   148     9   164 0.84 -
87063at50557_34720_0:0008f7|STRG.19649.3:259-1605|+ -            449 87063at50557         -            298  5.2e-132  438.5  31.8   2   3   8.7e-09   1.3e-05   23.5   3.0   108   144   168   218   149   235 0.77 -
87063at50557_34720_0:0008f7|STRG.19649.3:259-1605|+ -            449 87063at50557         -            298  5.2e-132  438.5  31.8   3   3   2.5e-78   3.8e-75  251.8  15.5   150   298   262   423   246   423 0.91 -
87063at50557_34720_0:0008f7|STRG.19649.2:284-1680|+ -            448 87063at50557         -            298  3.3e-130  432.6  31.0   1   3     2e-52   3.1e-49  166.8   0.2     1   115     9   148     9   164 0.84 -
87063at50557_34720_0:0008f7|STRG.19649.2:284-1680|+ -            448 87063at50557         -            298  3.3e-130  432.6  31.0   2   3   8.7e-09   1.3e-05   23.5   3.0   108   144   168   218   149   235 0.77 -
87063at50557_34720_0:0008f7|STRG.19649.2:284-1680|+ -            448 87063at50557         -            298  3.3e-130  432.6  31.0   3   3   1.6e-76   2.4e-73  245.9  14.6   150   298   262   423   246   423 0.91 -
87063at50557_34720_0:0008f7|STRG.19649.1:284-1683|+ -            449 87063at50557         -            298  3.3e-130  432.6  31.0   1   3     2e-52   3.1e-49  166.8   0.2     1   115     9   148     9   164 0.84 -
87063at50557_34720_0:0008f7|STRG.19649.1:284-1683|+ -            449 87063at50557         -            298  3.3e-130  432.6  31.0   2   3   8.7e-09   1.3e-05   23.5   3.0   108   144   168   218   149   235 0.77 -
87063at50557_34720_0:0008f7|STRG.19649.1:284-1683|+ -            449 87063at50557         -            298  3.3e-130  432.6  31.0   3   3   1.6e-76   2.4e-73  245.9  14.6   150   298   262   423   246   423 0.91 -
119324at50557_79782_0:002ece|STRG.12344.1:84-503|+  -            140 87063at50557         -            298     0.064   11.4   0.2   1   2   8.5e-05      0.13   10.4   0.1     8    69     4    66     2    83 0.79 -
119324at50557_79782_0:002ece|STRG.12344.1:84-503|+  -            140 87063at50557         -            298     0.064   11.4   0.2   2   2      0.29   4.5e+02   -1.2   0.0    12    32    84   104    72   140 0.69 -
119324at50557_79782_0:002ece|STRG.12344.2:93-536|+  -            148 87063at50557         -            298     0.066   11.4   0.2   1   2   8.7e-05      0.13   10.3   0.1     8    69    12    74     9    93 0.79 -
119324at50557_79782_0:002ece|STRG.12344.2:93-536|+  -            148 87063at50557         -            298     0.066   11.4   0.2   2   2      0.67     1e+03   -2.4   0.0    12    30    92   110    80   122 0.76 -
#
# Program:         hmmsearch
# Version:         3.4 (Aug 2023)
# Pipeline mode:   SEARCH
# Query file:      /home/justine/projet_tutore/busco_downloads/lineages/insecta_odb10/hmms/87063at50557.hmm
# Target file:     annotation_analysis/annotation_gcf/T_cornetzi/busco_output/run_insecta_odb10/metaeuk_output/initial_results/assembled_transcripts.fasta.modified.fas
# Option settings: hmmsearch --domtblout annotation_analysis/annotation_gcf/T_cornetzi/busco_output/run_insecta_odb10/hmmer_output/initial_run_results/87063at50557.out --cpu 1 /home/justine/projet_tutore/busco_downloads/lineages/insecta_odb10/hmms/87063at50557.hmm annotation_analysis/annotation_gcf/T_cornetzi/busco_output/run_insecta_odb10/metaeuk_output/initial_results/assembled_transcripts.fasta.modified.fas 
# Current dir:     /home/justine/projet_tutore
# Date:            Sun Dec  1 20:10:16 2024
# [ok]
