#                                                                                                             --- full sequence --- -------------- this domain -------------   hmm coord   ali coord   env coord
# target name                                         accession   tlen query name           accession   qlen   E-value  score  bias   #  of  c-Evalue  i-Evalue  score  bias  from    to  from    to  from    to  acc description of target
#                                 ------------------- ---------- ----- -------------------- ---------- ----- --------- ------ ----- --- --- --------- --------- ------ ----- ----- ----- ----- ----- ----- ----- ---- ---------------------
89135at50557_520822_0:0019c1|STRG.13616.1:318-1502|+  -            395 89135at50557         -            193   6.8e-56  188.0  17.3   1   5   2.3e-16   4.2e-13   48.4   1.3     1    53    17    81    17    90 0.80 -
89135at50557_520822_0:0019c1|STRG.13616.1:318-1502|+  -            395 89135at50557         -            193   6.8e-56  188.0  17.3   2   5   1.7e-22   3.1e-19   68.4   0.4    59   114   136   194   128   213 0.79 -
89135at50557_520822_0:0019c1|STRG.13616.1:318-1502|+  -            395 89135at50557         -            193   6.8e-56  188.0  17.3   3   5    0.0064        12    4.5   0.2    97   117   221   241   210   248 0.86 -
89135at50557_520822_0:0019c1|STRG.13616.1:318-1502|+  -            395 89135at50557         -            193   6.8e-56  188.0  17.3   4   5   2.3e-11   4.3e-08   32.0   0.0   119   187   283   355   265   362 0.86 -
89135at50557_520822_0:0019c1|STRG.13616.1:318-1502|+  -            395 89135at50557         -            193   6.8e-56  188.0  17.3   5   5   3.7e-13   6.8e-10   37.9   0.1   162   193   364   395   356   395 0.94 -
89135at50557_520822_0:0019c1|STRG.13616.2:318-1382|+  -            355 89135at50557         -            193   2.4e-52  176.4  12.3   1   4     2e-16   3.8e-13   48.6   1.3     1    53    17    81    17    90 0.80 -
89135at50557_520822_0:0019c1|STRG.13616.2:318-1382|+  -            355 89135at50557         -            193   2.4e-52  176.4  12.3   2   4   1.4e-22   2.5e-19   68.7   0.5    59   114   136   194   116   216 0.81 -
89135at50557_520822_0:0019c1|STRG.13616.2:318-1382|+  -            355 89135at50557         -            193   2.4e-52  176.4  12.3   3   4   7.2e-08   0.00013   20.7   0.0    97   187   221   315   210   319 0.77 -
89135at50557_520822_0:0019c1|STRG.13616.2:318-1382|+  -            355 89135at50557         -            193   2.4e-52  176.4  12.3   4   4   3.3e-13     6e-10   38.1   0.1   162   193   324   355   317   355 0.94 -
131847at50557_535359_0:001e8d|STRG.14934.1:382-1767|+ -            462 89135at50557         -            193   0.00013   20.7   0.2   1   2    0.0002      0.37    9.4   0.0   151   192   225   261   205   262 0.81 -
131847at50557_535359_0:001e8d|STRG.14934.1:382-1767|+ -            462 89135at50557         -            193   0.00013   20.7   0.2   2   2    0.0003      0.56    8.8   0.1   162   191   349   378   283   380 0.75 -
108452at50557_7536_0:002ce9|STRG.15880.1:399-839|+    -            147 89135at50557         -            193     0.035   12.8   0.0   1   1   2.8e-05     0.051   12.2   0.0    73   123    20    70     5    79 0.86 -
108452at50557_7536_0:002ce9|STRG.15880.2:399-839|+    -            147 89135at50557         -            193     0.035   12.8   0.0   1   1   2.8e-05     0.051   12.2   0.0    73   123    20    70     5    79 0.86 -
#
# Program:         hmmsearch
# Version:         3.4 (Aug 2023)
# Pipeline mode:   SEARCH
# Query file:      /home/justine/projet_tutore/busco_downloads/lineages/insecta_odb10/hmms/89135at50557.hmm
# Target file:     annotation_analysis/annotation_gcf/T_cornetzi/busco_output/run_insecta_odb10/metaeuk_output/initial_results/assembled_transcripts.fasta.modified.fas
# Option settings: hmmsearch --domtblout annotation_analysis/annotation_gcf/T_cornetzi/busco_output/run_insecta_odb10/hmmer_output/initial_run_results/89135at50557.out --cpu 1 /home/justine/projet_tutore/busco_downloads/lineages/insecta_odb10/hmms/89135at50557.hmm annotation_analysis/annotation_gcf/T_cornetzi/busco_output/run_insecta_odb10/metaeuk_output/initial_results/assembled_transcripts.fasta.modified.fas 
# Current dir:     /home/justine/projet_tutore
# Date:            Sun Dec  1 20:10:22 2024
# [ok]
