#                                                                                                          --- full sequence --- -------------- this domain -------------   hmm coord   ali coord   env coord
# target name                                      accession   tlen query name           accession   qlen   E-value  score  bias   #  of  c-Evalue  i-Evalue  score  bias  from    to  from    to  from    to  acc description of target
#                              ------------------- ---------- ----- -------------------- ---------- ----- --------- ------ ----- --- --- --------- --------- ------ ----- ----- ----- ----- ----- ----- ----- ---- ---------------------
97426at50557_103372_0:001c14|STRG.20583.2:63-893|+ -            277 97426at50557         -            208   6.3e-89  296.2  21.8   1   3   2.1e-20   6.3e-17   61.0   1.9     5    56    10    65     6    70 0.89 -
97426at50557_103372_0:001c14|STRG.20583.2:63-893|+ -            277 97426at50557         -            208   6.3e-89  296.2  21.8   2   3   1.6e-74   5.1e-71  237.7   7.6    51   188    77   231    64   241 0.93 -
97426at50557_103372_0:001c14|STRG.20583.2:63-893|+ -            277 97426at50557         -            208   6.3e-89  296.2  21.8   3   3    0.0024       7.3    5.3   0.2   188   208   256   277   246   277 0.86 -
97426at50557_103372_0:001c14|STRG.20583.1:98-853|+ -            252 97426at50557         -            208     3e-85  284.2  12.3   1   2   5.9e-88   1.8e-84  281.6   7.3     5   188    10   206     6   216 0.90 -
97426at50557_103372_0:001c14|STRG.20583.1:98-853|+ -            252 97426at50557         -            208     3e-85  284.2  12.3   2   2    0.0021       6.4    5.4   0.2   188   208   231   252   221   252 0.86 -
97426at50557_7176_0:00079a|STRG.15501.1:723-1490|+ -            256 97426at50557         -            208     0.018   13.8   0.3   1   2         1   3.2e+03   -3.4   0.1    55    71    69    85    63    90 0.67 -
97426at50557_7176_0:00079a|STRG.15501.1:723-1490|+ -            256 97426at50557         -            208     0.018   13.8   0.3   2   2   5.7e-06     0.018   13.8   0.3    81   187   152   256   141   256 0.81 -
#
# Program:         hmmsearch
# Version:         3.4 (Aug 2023)
# Pipeline mode:   SEARCH
# Query file:      /home/justine/projet_tutore/busco_downloads/lineages/insecta_odb10/hmms/97426at50557.hmm
# Target file:     annotation_analysis/annotation_gcf/T_cornetzi/busco_output/run_insecta_odb10/metaeuk_output/initial_results/assembled_transcripts.fasta.modified.fas
# Option settings: hmmsearch --domtblout annotation_analysis/annotation_gcf/T_cornetzi/busco_output/run_insecta_odb10/hmmer_output/initial_run_results/97426at50557.out --cpu 1 /home/justine/projet_tutore/busco_downloads/lineages/insecta_odb10/hmms/97426at50557.hmm annotation_analysis/annotation_gcf/T_cornetzi/busco_output/run_insecta_odb10/metaeuk_output/initial_results/assembled_transcripts.fasta.modified.fas 
# Current dir:     /home/justine/projet_tutore
# Date:            Sun Dec  1 20:10:58 2024
# [ok]
