#                                                                                                             --- full sequence --- -------------- this domain -------------   hmm coord   ali coord   env coord
# target name                                         accession   tlen query name           accession   qlen   E-value  score  bias   #  of  c-Evalue  i-Evalue  score  bias  from    to  from    to  from    to  acc description of target
#                                 ------------------- ---------- ----- -------------------- ---------- ----- --------- ------ ----- --- --- --------- --------- ------ ----- ----- ----- ----- ----- ----- ----- ---- ---------------------
97917at50557_103372_0:000b0a|STRG.6622.1:0-938|+      -            313 97917at50557         -            266    1e-139  463.5  20.6   1   2  7.5e-115    2e-112  374.0  17.3     6   211    18   240    11   251 0.94 -
97917at50557_103372_0:000b0a|STRG.6622.1:0-938|+      -            313 97917at50557         -            266    1e-139  463.5  20.6   2   2   1.7e-28   4.6e-26   90.9   0.1   211   266   258   313   253   313 0.97 -
97917at50557_29058_0:001773|STRG.4864.2:5356-5997|+   -            214 97917at50557         -            266   9.3e-19   66.9  13.3   1   1   4.9e-21   1.3e-18   66.4  13.3    10   151    16   160     4   173 0.87 -
99770at50557_456900_0:000f0b|STRG.4864.1:1105-2577|+  -            491 97917at50557         -            266   1.7e-18   66.1  27.0   1   3      0.46   1.3e+02    0.9   0.6    18    51    24    57    11    61 0.78 -
99770at50557_456900_0:000f0b|STRG.4864.1:1105-2577|+  -            491 97917at50557         -            266   1.7e-18   66.1  27.0   2   3   1.2e-19   3.2e-17   61.9  14.7    10   151    49   193    38   198 0.87 -
99770at50557_456900_0:000f0b|STRG.4864.1:1105-2577|+  -            491 97917at50557         -            266   1.7e-18   66.1  27.0   3   3   0.00045      0.12   10.8   2.3   198   245   439   489   429   491 0.80 -
99770at50557_456900_0:000f0b|STRG.4864.3:2659-4131|+  -            491 97917at50557         -            266   1.7e-18   66.1  27.0   1   3      0.46   1.3e+02    0.9   0.6    18    51    24    57    11    61 0.78 -
99770at50557_456900_0:000f0b|STRG.4864.3:2659-4131|+  -            491 97917at50557         -            266   1.7e-18   66.1  27.0   2   3   1.2e-19   3.2e-17   61.9  14.7    10   151    49   193    38   198 0.87 -
99770at50557_456900_0:000f0b|STRG.4864.3:2659-4131|+  -            491 97917at50557         -            266   1.7e-18   66.1  27.0   3   3   0.00045      0.12   10.8   2.3   198   245   439   489   429   491 0.80 -
97917at50557_1049336_0:000bae|STRG.15283.2:652-1179|+ -            176 97917at50557         -            266   8.1e-14   50.7   5.4   1   1   3.4e-16   9.4e-14   50.5   5.4    23   123    26   127     6   175 0.78 -
97917at50557_66420_0:003a43|STRG.858.1:634-1185|+     -            184 97917at50557         -            266   2.6e-13   49.1   2.0   1   1   1.4e-15   3.7e-13   48.5   2.0    18   119    57   161    45   177 0.86 -
97917at50557_7375_0:002680|STRG.15283.1:652-1209|+    -            186 97917at50557         -            266   2.9e-13   48.9   8.0   1   1   1.3e-15   3.5e-13   48.6   8.0    23   147    26   153     7   184 0.73 -
97917at50557_13037_0:001ac7|STRG.742.1:381-1013|+     -            211 97917at50557         -            266   1.4e-12   46.7  10.8   1   1   6.6e-15   1.8e-12   46.3  10.8    10   177    30   210     3   211 0.71 -
97917at50557_29053_0:000467|STRG.13145.1:1378-1866|+  -            163 97917at50557         -            266   4.8e-12   44.9   8.9   1   1     2e-14   5.5e-12   44.7   8.9    10   125    24   141    15   163 0.76 -
97917at50557_121225_0:002644|STRG.6317.2:542-1093|+   -            184 97917at50557         -            266   1.1e-11   43.7  13.5   1   1   5.3e-14   1.4e-11   43.3  13.5    22   164    23   167     1   183 0.80 -
97917at50557_219809_0:00090b|STRG.14490.1:318-803|+   -            162 97917at50557         -            266   1.4e-11   43.4   7.3   1   1   5.9e-14   1.6e-11   43.2   7.3     9   118    44   158    20   162 0.83 -
97917at50557_108931_0:003ee5|STRG.19334.1:608-1735|+  -            376 97917at50557         -            266     2e-11   42.8  26.0   1   3   1.3e-13   3.5e-11   42.1   8.3    10   123    33   150    23   210 0.79 -
97917at50557_108931_0:003ee5|STRG.19334.1:608-1735|+  -            376 97917at50557         -            266     2e-11   42.8  26.0   2   3      0.31        85    1.5   2.9   199   229   306   337   291   341 0.80 -
97917at50557_108931_0:003ee5|STRG.19334.1:608-1735|+  -            376 97917at50557         -            266     2e-11   42.8  26.0   3   3   0.00072       0.2   10.1   0.8   213   246   340   374   337   376 0.86 -
97917at50557_108931_0:003ee5|STRG.19334.2:608-1735|+  -            376 97917at50557         -            266     2e-11   42.8  26.0   1   3   1.3e-13   3.5e-11   42.1   8.3    10   123    33   150    23   210 0.79 -
97917at50557_108931_0:003ee5|STRG.19334.2:608-1735|+  -            376 97917at50557         -            266     2e-11   42.8  26.0   2   3      0.31        85    1.5   2.9   199   229   306   337   291   341 0.80 -
97917at50557_108931_0:003ee5|STRG.19334.2:608-1735|+  -            376 97917at50557         -            266     2e-11   42.8  26.0   3   3   0.00072       0.2   10.1   0.8   213   246   340   374   337   376 0.86 -
97917at50557_67767_0:001dfe|STRG.14214.1:425-832|+    -            136 97917at50557         -            266   2.4e-11   42.6   7.8   1   1     1e-13   2.7e-11   42.4   7.8    10   121    19   134    11   136 0.85 -
97917at50557_7244_0:0029a5|STRG.6317.1:488-1192|+     -            235 97917at50557         -            266   2.4e-11   42.6  18.1   1   1   1.1e-13   2.9e-11   42.3  18.1    22   210    41   231    16   235 0.79 -
97917at50557_43151_0:00251f|STRG.710.1:699-1448|+     -            250 97917at50557         -            266   1.4e-10   40.1  14.0   1   1   1.1e-12   3.1e-10   39.0  14.0    19   213    12   235     2   246 0.72 -
97917at50557_43151_0:00251f|STRG.710.2:699-1448|+     -            250 97917at50557         -            266   1.4e-10   40.1  14.0   1   1   1.1e-12   3.1e-10   39.0  14.0    19   213    12   235     2   246 0.72 -
97917at50557_143948_0:000b56|STRG.17377.1:408-962|+   -            185 97917at50557         -            266   3.8e-10   38.7   6.8   1   1   1.7e-12   4.7e-10   38.4   6.8    23   123    19   120     3   183 0.74 -
97917at50557_143948_0:000b56|STRG.17377.2:778-1332|+  -            185 97917at50557         -            266   3.8e-10   38.7   6.8   1   1   1.7e-12   4.7e-10   38.4   6.8    23   123    19   120     3   183 0.74 -
97917at50557_143948_0:000b56|STRG.17377.3:426-980|+   -            185 97917at50557         -            266   3.8e-10   38.7   6.8   1   1   1.7e-12   4.7e-10   38.4   6.8    23   123    19   120     3   183 0.74 -
97917at50557_454923_0:001142|STRG.18598.2:78-755|+    -            226 97917at50557         -            266   1.1e-09   37.2  23.9   1   1   1.1e-11   2.9e-09   35.8  23.9    22   212    28   223    10   225 0.73 -
97917at50557_7176_0:000aad|STRG.3251.2:151-708|+      -            186 97917at50557         -            266   1.7e-09   36.6   4.9   1   1     7e-12   1.9e-09   36.4   4.9    11   121    23   137     9   184 0.81 -
97917at50557_454923_0:001142|STRG.18598.4:78-758|+    -            227 97917at50557         -            266   1.7e-09   36.5  22.0   1   1   1.4e-11   3.8e-09   35.4  22.0    22   178    28   197    10   225 0.73 -
97917at50557_54969_0:00081c|STRG.4931.1:1-738|+       -            246 97917at50557         -            266     3e-09   35.7  12.1   1   1   1.5e-11   4.1e-09   35.3  12.1    28   211     2   199     1   230 0.73 -
97917at50557_143948_0:000b56|STRG.17362.1:528-947|+   -            140 97917at50557         -            266   3.9e-09   35.4   8.1   1   1   1.6e-11   4.3e-09   35.2   8.1    11   126     7   125     2   140 0.78 -
97917at50557_454923_0:001142|STRG.18598.3:150-989|+   -            280 97917at50557         -            266   4.1e-09   35.3  28.6   1   2     4e-11   1.1e-08   33.9  27.4    22   216    28   227    10   252 0.74 -
97917at50557_454923_0:001142|STRG.18598.3:150-989|+   -            280 97917at50557         -            266   4.1e-09   35.3  28.6   2   2       1.3   3.6e+02   -0.6   0.0   217   244   249   276   231   280 0.75 -
97917at50557_7176_0:000aad|STRG.13920.1:332-1204|+    -            291 97917at50557         -            266   5.4e-09   34.9  12.0   1   1   4.1e-11   1.1e-08   33.9  12.0    17   214    45   256    29   265 0.73 -
97917at50557_7176_0:000aad|STRG.13920.2:312-1184|+    -            291 97917at50557         -            266   5.4e-09   34.9  12.0   1   1   4.1e-11   1.1e-08   33.9  12.0    17   214    45   256    29   265 0.73 -
97917at50557_66420_0:003a43|STRG.4304.1:4-816|+       -            271 97917at50557         -            266   1.3e-08   33.6   7.7   1   2   1.6e-08   4.3e-06   25.4   1.3    66   127     2    64     1   132 0.73 -
97917at50557_66420_0:003a43|STRG.4304.1:4-816|+       -            271 97917at50557         -            266   1.3e-08   33.6   7.7   2   2   0.00022     0.059   11.8   0.6   213   253   227   267   193   271 0.82 -
97917at50557_77166_0:000859|STRG.13755.1:996-1511|+   -            172 97917at50557         -            266   3.8e-08   32.1  12.5   1   1   2.2e-10   6.1e-08   31.5  12.5    23   164    11   164     2   171 0.73 -
99770at50557_456900_0:000f0b|STRG.3251.1:46-1860|+    -            605 97917at50557         -            266   4.2e-08   32.0   6.7   1   2   1.6e-10   4.2e-08   32.0   6.7    11   124    58   175    46   237 0.68 -
99770at50557_456900_0:000f0b|STRG.3251.1:46-1860|+    -            605 97917at50557         -            266   4.2e-08   32.0   6.7   2   2      0.16        42    2.5   0.4   197   226   521   549   507   559 0.82 -
97917at50557_7029_0:0044e3|STRG.8743.1:0-809|+        -            270 97917at50557         -            266   1.1e-06   27.3  16.2   1   2   1.1e-08   3.1e-06   25.9   8.7    29   122     2    98     1   167 0.78 -
97917at50557_7029_0:0044e3|STRG.8743.1:0-809|+        -            270 97917at50557         -            266   1.1e-06   27.3  16.2   2   2      0.04        11    4.4   0.8   213   238   244   270   203   270 0.82 -
97917at50557_7159_0:000fd3|STRG.10284.1:916-1530|+    -            205 97917at50557         -            266   2.4e-06   26.2   4.9   1   1   1.1e-08   3.1e-06   25.9   4.9    24   174    38   197    17   204 0.75 -
97917at50557_7159_0:000fd3|STRG.10284.2:202-816|+     -            205 97917at50557         -            266   2.4e-06   26.2   4.9   1   1   1.1e-08   3.1e-06   25.9   4.9    24   174    38   197    17   204 0.75 -
#
# Program:         hmmsearch
# Version:         3.4 (Aug 2023)
# Pipeline mode:   SEARCH
# Query file:      /home/justine/projet_tutore/busco_downloads/lineages/insecta_odb10/hmms/97917at50557.hmm
# Target file:     annotation_analysis/annotation_gcf/T_cornetzi/busco_output/run_insecta_odb10/metaeuk_output/initial_results/assembled_transcripts.fasta.modified.fas
# Option settings: hmmsearch --domtblout annotation_analysis/annotation_gcf/T_cornetzi/busco_output/run_insecta_odb10/hmmer_output/initial_run_results/97917at50557.out --cpu 1 /home/justine/projet_tutore/busco_downloads/lineages/insecta_odb10/hmms/97917at50557.hmm annotation_analysis/annotation_gcf/T_cornetzi/busco_output/run_insecta_odb10/metaeuk_output/initial_results/assembled_transcripts.fasta.modified.fas 
# Current dir:     /home/justine/projet_tutore
# Date:            Sun Dec  1 20:10:58 2024
# [ok]
