#                                                                                                             --- full sequence --- -------------- this domain -------------   hmm coord   ali coord   env coord
# target name                                         accession   tlen query name           accession   qlen   E-value  score  bias   #  of  c-Evalue  i-Evalue  score  bias  from    to  from    to  from    to  acc description of target
#                                 ------------------- ---------- ----- -------------------- ---------- ----- --------- ------ ----- --- --- --------- --------- ------ ----- ----- ----- ----- ----- ----- ----- ---- ---------------------
98381at50557_34720_0:000144|STRG.13668.1:216-1193|+   -            326 98381at50557         -            180   4.6e-60  201.8  17.2   1   3   3.7e-31   1.1e-27   96.3   2.1     1    64     1    70     1    86 0.93 -
98381at50557_34720_0:000144|STRG.13668.1:216-1193|+   -            326 98381at50557         -            180   4.6e-60  201.8  17.2   2   3   1.6e-17   4.8e-14   51.9   0.9    65   115   111   163   106   185 0.86 -
98381at50557_34720_0:000144|STRG.13668.1:216-1193|+   -            326 98381at50557         -            180   4.6e-60  201.8  17.2   3   3   4.1e-21   1.2e-17   63.6   0.7   114   179   190   261   170   265 0.83 -
98381at50557_34720_0:000144|STRG.13668.2:1-954|+      -            318 98381at50557         -            180   1.5e-59  200.1  17.0   1   3   1.3e-30     4e-27   94.5   2.0     2    64     1    69     1    83 0.93 -
98381at50557_34720_0:000144|STRG.13668.2:1-954|+      -            318 98381at50557         -            180   1.5e-59  200.1  17.0   2   3   1.9e-17   5.8e-14   51.6   1.0    65   115   103   155    99   165 0.85 -
98381at50557_34720_0:000144|STRG.13668.2:1-954|+      -            318 98381at50557         -            180   1.5e-59  200.1  17.0   3   3   4.2e-21   1.3e-17   63.5   0.7   114   179   182   253   168   257 0.83 -
124433at50557_123851_0:0003fa|STRG.15098.5:702-1178|+ -            134 98381at50557         -            180     0.016   14.3   0.1   1   1   7.2e-06     0.022   13.9   0.1    25    73    34    82    30    98 0.90 -
#
# Program:         hmmsearch
# Version:         3.4 (Aug 2023)
# Pipeline mode:   SEARCH
# Query file:      /home/justine/projet_tutore/busco_downloads/lineages/insecta_odb10/hmms/98381at50557.hmm
# Target file:     annotation_analysis/annotation_gcf/T_cornetzi/busco_output/run_insecta_odb10/metaeuk_output/initial_results/assembled_transcripts.fasta.modified.fas
# Option settings: hmmsearch --domtblout annotation_analysis/annotation_gcf/T_cornetzi/busco_output/run_insecta_odb10/hmmer_output/initial_run_results/98381at50557.out --cpu 1 /home/justine/projet_tutore/busco_downloads/lineages/insecta_odb10/hmms/98381at50557.hmm annotation_analysis/annotation_gcf/T_cornetzi/busco_output/run_insecta_odb10/metaeuk_output/initial_results/assembled_transcripts.fasta.modified.fas 
# Current dir:     /home/justine/projet_tutore
# Date:            Sun Dec  1 20:10:59 2024
# [ok]
