#                                                                                                             --- full sequence --- -------------- this domain -------------   hmm coord   ali coord   env coord
# target name                                         accession   tlen query name           accession   qlen   E-value  score  bias   #  of  c-Evalue  i-Evalue  score  bias  from    to  from    to  from    to  acc description of target
#                                 ------------------- ---------- ----- -------------------- ---------- ----- --------- ------ ----- --- --- --------- --------- ------ ----- ----- ----- ----- ----- ----- ----- ---- ---------------------
99293at50557_34720_0:00065b|STRG.16913.3:1339-2481|+  -            381 99293at50557         -            323  8.9e-150  497.6   3.5   1   2  3.4e-143  1.9e-140  467.0   0.4     1   295     5   321     5   327 0.93 -
99293at50557_34720_0:00065b|STRG.16913.3:1339-2481|+  -            381 99293at50557         -            323  8.9e-150  497.6   3.5   2   2   9.5e-11   5.5e-08   31.7   0.2   293   323   341   374   338   374 0.90 -
99293at50557_34720_0:00065b|STRG.16913.1:458-1621|+   -            388 99293at50557         -            323  9.7e-150  497.5   3.5   1   2  3.6e-143  2.1e-140  466.9   0.4     1   295     5   321     5   327 0.93 -
99293at50557_34720_0:00065b|STRG.16913.1:458-1621|+   -            388 99293at50557         -            323  9.7e-150  497.5   3.5   2   2   9.7e-11   5.6e-08   31.7   0.2   293   323   341   374   338   374 0.90 -
99293at50557_34720_0:00065b|STRG.16913.2:317-1480|+   -            388 99293at50557         -            323  9.7e-150  497.5   3.5   1   2  3.6e-143  2.1e-140  466.9   0.4     1   295     5   321     5   327 0.93 -
99293at50557_34720_0:00065b|STRG.16913.2:317-1480|+   -            388 99293at50557         -            323  9.7e-150  497.5   3.5   2   2   9.7e-11   5.6e-08   31.7   0.2   293   323   341   374   338   374 0.90 -
44226at50557_568069_0:001222|STRG.16674.1:156-2144|+  -            663 99293at50557         -            323   1.6e-37  128.7   0.0   1   1   5.5e-40   3.2e-37  127.8   0.0     5   255   247   501   243   561 0.79 -
99293at50557_30023_0:00300a|STRG.4968.1:760-1494|+    -            245 99293at50557         -            323   1.4e-11   43.5   0.1   1   2   1.9e-07   0.00011   20.8   0.0     6    56    24    77    19    89 0.80 -
99293at50557_30023_0:00300a|STRG.4968.1:760-1494|+    -            245 99293at50557         -            323   1.4e-11   43.5   0.1   2   2   1.7e-07   9.9e-05   21.0   0.0   131   228   152   245   126   245 0.83 -
99293at50557_7200_0:000733|STRG.9287.1:242-871|+      -            210 99293at50557         -            323   1.6e-11   43.4   0.1   1   1   1.6e-13     9e-11   40.9   0.1    22   229     5   209     1   210 0.76 -
99293at50557_7200_0:000733|STRG.9287.2:242-871|+      -            210 99293at50557         -            323   1.6e-11   43.4   0.1   1   1   1.6e-13     9e-11   40.9   0.1    22   229     5   209     1   210 0.76 -
99293at50557_319348_0:000c13|STRG.18458.1:263-928|+   -            222 99293at50557         -            323   2.8e-09   36.0   4.3   1   1   1.6e-11   9.1e-09   34.3   4.3    11   228     3   222     1   222 0.72 -
99293at50557_319348_0:000c13|STRG.18458.2:204-869|+   -            222 99293at50557         -            323   2.8e-09   36.0   4.3   1   1   1.6e-11   9.1e-09   34.3   4.3    11   228     3   222     1   222 0.72 -
99293at50557_319348_0:000c13|STRG.18466.1:301-960|+   -            220 99293at50557         -            323   1.1e-08   34.1   1.2   1   2    0.0016       0.9    8.0   0.0    21    56     5    40     1    64 0.82 -
99293at50557_319348_0:000c13|STRG.18466.1:301-960|+   -            220 99293at50557         -            323   1.1e-08   34.1   1.2   2   2   9.4e-09   5.4e-06   25.2   0.4   131   229   118   213    83   218 0.82 -
99293at50557_123851_0:002503|STRG.9288.1:587-1246|+   -            220 99293at50557         -            323   1.5e-07   30.3   0.2   1   2       2.3   1.3e+03   -2.4   0.0    28   165    16    45     9    56 0.54 -
99293at50557_123851_0:002503|STRG.9288.1:587-1246|+   -            220 99293at50557         -            323   1.5e-07   30.3   0.2   2   2   4.7e-10   2.7e-07   29.4   0.0    99   230    93   215    90   220 0.76 -
99293at50557_123851_0:002503|STRG.9288.2:810-1469|+   -            220 99293at50557         -            323   1.5e-07   30.3   0.2   1   2       2.3   1.3e+03   -2.4   0.0    28   165    16    45     9    56 0.54 -
99293at50557_123851_0:002503|STRG.9288.2:810-1469|+   -            220 99293at50557         -            323   1.5e-07   30.3   0.2   2   2   4.7e-10   2.7e-07   29.4   0.0    99   230    93   215    90   220 0.76 -
106926at50557_568069_0:001f52|STRG.17848.2:282-1148|+ -            289 99293at50557         -            323   3.7e-05   22.4   0.9   1   1   2.4e-07   0.00014   20.5   0.9     4   228    40   264    37   283 0.57 -
99293at50557_319348_0:000c13|STRG.17848.1:458-1129|+  -            224 99293at50557         -            323   0.00013   20.6   0.4   1   1   7.1e-07   0.00041   19.0   0.4     9   203     2   200     1   224 0.52 -
99293at50557_319348_0:000c13|STRG.17848.3:185-856|+   -            224 99293at50557         -            323   0.00013   20.6   0.4   1   1   7.1e-07   0.00041   19.0   0.4     9   203     2   200     1   224 0.52 -
106926at50557_568069_0:001f52|STRG.3821.1:149-982|+   -            278 99293at50557         -            323   0.00042   18.9   0.0   1   1   1.3e-06   0.00076   18.1   0.0     6   230    42   267    37   272 0.78 -
#
# Program:         hmmsearch
# Version:         3.4 (Aug 2023)
# Pipeline mode:   SEARCH
# Query file:      /home/justine/projet_tutore/busco_downloads/lineages/insecta_odb10/hmms/99293at50557.hmm
# Target file:     annotation_analysis/annotation_gcf/T_cornetzi/busco_output/run_insecta_odb10/metaeuk_output/initial_results/assembled_transcripts.fasta.modified.fas
# Option settings: hmmsearch --domtblout annotation_analysis/annotation_gcf/T_cornetzi/busco_output/run_insecta_odb10/hmmer_output/initial_run_results/99293at50557.out --cpu 1 /home/justine/projet_tutore/busco_downloads/lineages/insecta_odb10/hmms/99293at50557.hmm annotation_analysis/annotation_gcf/T_cornetzi/busco_output/run_insecta_odb10/metaeuk_output/initial_results/assembled_transcripts.fasta.modified.fas 
# Current dir:     /home/justine/projet_tutore
# Date:            Sun Dec  1 20:11:02 2024
# [ok]
