#                                                                                                             --- full sequence --- -------------- this domain -------------   hmm coord   ali coord   env coord
# target name                                         accession   tlen query name           accession   qlen   E-value  score  bias   #  of  c-Evalue  i-Evalue  score  bias  from    to  from    to  from    to  acc description of target
#                                 ------------------- ---------- ----- -------------------- ---------- ----- --------- ------ ----- --- --- --------- --------- ------ ----- ----- ----- ----- ----- ----- ----- ---- ---------------------
139832at50557_103372_0:001bc5|STRG.10091.2:0-770|+    -            257 139832at50557        -             99   5.4e-42  138.5   0.4   1   1     6e-42   7.7e-40  131.6   0.4     2    99    87   198    86   198 0.93 -
139832at50557_103372_0:001bc5|STRG.10091.1:0-778|+    -            251 139832at50557        -             99   1.5e-40  133.9   0.2   1   1   1.1e-41   1.5e-39  130.7   0.2     2    99    87   192    86   192 0.79 -
139832at50557_133901_0:0004e3|STRG.14645.2:575-985|+  -            137 139832at50557        -             99     8e-18   61.0   4.6   1   1   7.5e-20   9.6e-18   60.8   4.0    24    92    71   137    24   137 0.91 -
139832at50557_133901_0:0004e3|STRG.14645.3:21-431|+   -            137 139832at50557        -             99     8e-18   61.0   4.6   1   1   7.5e-20   9.6e-18   60.8   4.0    24    92    71   137    24   137 0.91 -
139832at50557_222816_0:00136a|STRG.12636.1:513-929|+  -            139 139832at50557        -             99   1.9e-13   47.0   0.9   1   2       2.8   3.6e+02   -2.0   0.0    42    51    49    58    45    82 0.66 -
139832at50557_222816_0:00136a|STRG.12636.1:513-929|+  -            139 139832at50557        -             99   1.9e-13   47.0   0.9   2   2   2.3e-15   2.9e-13   46.4   0.5    29    81    89   139    64   139 0.90 -
139832at50557_1155016_0:001c63|STRG.9309.1:621-833|+  -             71 139832at50557        -             99   1.7e-11   40.7   0.9   1   1   1.6e-13     2e-11   40.5   0.9    29    81    21    71     6    71 0.89 -
139832at50557_568069_0:000194|STRG.10533.1:81-401|+   -            107 139832at50557        -             99   6.5e-11   38.8   0.2   1   1   5.8e-13   7.4e-11   38.7   0.2    20    83    40   102    23   107 0.80 -
139832at50557_7038_0:002dbe|STRG.6596.1:122-490|+     -            123 139832at50557        -             99   8.7e-11   38.5   1.8   1   3       5.8   7.4e+02   -3.0   0.0    56    64     2    10     1    16 0.81 -
139832at50557_7038_0:002dbe|STRG.6596.1:122-490|+     -            123 139832at50557        -             99   8.7e-11   38.5   1.8   2   3      0.45        57    0.5   0.1    14    42    20    48    10    52 0.77 -
139832at50557_7038_0:002dbe|STRG.6596.1:122-490|+     -            123 139832at50557        -             99   8.7e-11   38.5   1.8   3   3   1.8e-12   2.3e-10   37.1   0.0    30    82    66   116    56   122 0.87 -
139832at50557_7038_0:002dbe|STRG.6596.2:275-643|+     -            123 139832at50557        -             99   8.7e-11   38.5   1.8   1   3       5.8   7.4e+02   -3.0   0.0    56    64     2    10     1    16 0.81 -
139832at50557_7038_0:002dbe|STRG.6596.2:275-643|+     -            123 139832at50557        -             99   8.7e-11   38.5   1.8   2   3      0.45        57    0.5   0.1    14    42    20    48    10    52 0.77 -
139832at50557_7038_0:002dbe|STRG.6596.2:275-643|+     -            123 139832at50557        -             99   8.7e-11   38.5   1.8   3   3   1.8e-12   2.3e-10   37.1   0.0    30    82    66   116    56   122 0.87 -
139832at50557_1155016_0:001c63|STRG.19399.1:421-684|+ -             88 139832at50557        -             99   9.5e-08   28.7   0.1   1   1   8.9e-10   1.1e-07   28.4   0.1    38    88     1    50     1    57 0.88 -
139832at50557_1155016_0:001c63|STRG.19399.2:614-877|+ -             88 139832at50557        -             99   9.5e-08   28.7   0.1   1   1   8.9e-10   1.1e-07   28.4   0.1    38    88     1    50     1    57 0.88 -
139832at50557_1155016_0:001c63|STRG.19399.3:451-714|+ -             88 139832at50557        -             99   9.5e-08   28.7   0.1   1   1   8.9e-10   1.1e-07   28.4   0.1    38    88     1    50     1    57 0.88 -
139832at50557_28612_0:000da3|STRG.10482.3:1623-2138|+ -            172 139832at50557        -             99   2.1e-05   21.2   0.5   1   1   2.1e-07   2.7e-05   20.8   0.5    18    55   109   146    92   172 0.79 -
139832at50557_28612_0:000da3|STRG.10482.5:809-1324|+  -            172 139832at50557        -             99   2.1e-05   21.2   0.5   1   1   2.1e-07   2.7e-05   20.8   0.5    18    55   109   146    92   172 0.79 -
#
# Program:         hmmsearch
# Version:         3.4 (Aug 2023)
# Pipeline mode:   SEARCH
# Query file:      /data/projet1/projet_tutore/busco_downloads/lineages/insecta_odb10/hmms/139832at50557.hmm
# Target file:     annotation_analysis/annotation_gca/T_zeteki/busco_output/run_insecta_odb10/metaeuk_output/rerun_results/assembled_transcripts.fasta.modified.fas
# Option settings: hmmsearch --domtblout annotation_analysis/annotation_gca/T_zeteki/busco_output/run_insecta_odb10/hmmer_output/rerun_results/139832at50557.out --cpu 1 /data/projet1/projet_tutore/busco_downloads/lineages/insecta_odb10/hmms/139832at50557.hmm annotation_analysis/annotation_gca/T_zeteki/busco_output/run_insecta_odb10/metaeuk_output/rerun_results/assembled_transcripts.fasta.modified.fas 
# Current dir:     /data/projet1/projet_tutore
# Date:            Sun Dec  1 18:09:02 2024
# [ok]
