#                                                                                                            --- full sequence --- -------------- this domain -------------   hmm coord   ali coord   env coord
# target name                                        accession   tlen query name           accession   qlen   E-value  score  bias   #  of  c-Evalue  i-Evalue  score  bias  from    to  from    to  from    to  acc description of target
#                                ------------------- ---------- ----- -------------------- ---------- ----- --------- ------ ----- --- --- --------- --------- ------ ----- ----- ----- ----- ----- ----- ----- ---- ---------------------
147640at50557_286706_0:001245|STRG.20075.2:0-293|+   -             98 147640at50557        -             89   1.1e-40  134.5   0.9   1   1   8.9e-43   1.2e-40  134.3   0.9     1    68    10    79    10    96 0.88 -
147640at50557_610380_0:0028d8|STRG.20075.1:2-211|+   -             70 147640at50557        -             89   1.1e-33  111.9   0.4   1   1     1e-35   1.4e-33  111.7   0.4    31    89     1    64     1    64 0.95 -
147640at50557_315563_0:002b49|STRG.1148.1:159-458|+  -            100 147640at50557        -             89   5.8e-13   45.6   0.2   1   1   5.4e-15   7.4e-13   45.2   0.2     9    85    22   100    17   100 0.80 -
147640at50557_51655_0:002407|STRG.1148.2:3-188|+     -             62 147640at50557        -             89   1.4e-11   41.1   0.2   1   1   1.2e-13   1.7e-11   40.9   0.2    28    85     1    62     1    62 0.83 -
140706at50557_13249_0:001590|STRG.2905.1:111-374|+   -             88 147640at50557        -             89   7.6e-07   26.0   0.0   1   1   5.8e-09   8.1e-07   25.9   0.0    20    83     4    68     1    75 0.78 -
140706at50557_13249_0:001590|STRG.2905.2:132-395|+   -             88 147640at50557        -             89   7.6e-07   26.0   0.0   1   1   5.8e-09   8.1e-07   25.9   0.0    20    83     4    68     1    75 0.78 -
140706at50557_56086_0:000525|STRG.18585.1:51-251|+   -             67 147640at50557        -             89   1.1e-05   22.3   0.0   1   1     1e-07   1.4e-05   21.9   0.0    22    68     8    51     3    66 0.77 -
147640at50557_166361_0:002eb9|STRG.9088.1:497-790|-  -             98 147640at50557        -             89   0.00023   18.0   0.2   1   1   3.3e-06   0.00045   17.1   0.2     7    62    19    76    13    96 0.68 -
140706at50557_7029_0:003d29|STRG.16503.1:341-550|+   -             70 147640at50557        -             89   0.00027   17.8   0.0   1   1   2.8e-06   0.00039   17.3   0.0    19    85     6    66     1    68 0.75 -
140706at50557_121225_0:000ab7|STRG.16503.2:341-544|+ -             68 147640at50557        -             89   0.00098   16.0   0.0   1   1   1.1e-05    0.0015   15.4   0.0    27    85    11    64     2    66 0.77 -
140706at50557_7038_0:0010dd|STRG.14684.2:146-343|+   -             66 147640at50557        -             89    0.0011   15.9   0.1   1   1   3.6e-05     0.005   13.7   0.1    30    84    17    61     3    64 0.70 -
140706at50557_326594_0:0012c6|STRG.14684.1:146-346|+ -             67 147640at50557        -             89    0.0014   15.5   0.1   1   1   3.1e-05    0.0043   13.9   0.1    30    84    17    62     3    65 0.70 -
140706at50557_7029_0:003d29|STRG.16503.3:18-188|+    -             57 147640at50557        -             89    0.0016   15.4   0.0   1   1   1.7e-05    0.0024   14.8   0.0    31    85     4    53     1    55 0.79 -
#
# Program:         hmmsearch
# Version:         3.4 (Aug 2023)
# Pipeline mode:   SEARCH
# Query file:      /data/projet1/projet_tutore/busco_downloads/lineages/insecta_odb10/hmms/147640at50557.hmm
# Target file:     annotation_analysis/annotation_gca/T_zeteki/busco_output/run_insecta_odb10/metaeuk_output/rerun_results/assembled_transcripts.fasta.modified.fas
# Option settings: hmmsearch --domtblout annotation_analysis/annotation_gca/T_zeteki/busco_output/run_insecta_odb10/hmmer_output/rerun_results/147640at50557.out --cpu 1 /data/projet1/projet_tutore/busco_downloads/lineages/insecta_odb10/hmms/147640at50557.hmm annotation_analysis/annotation_gca/T_zeteki/busco_output/run_insecta_odb10/metaeuk_output/rerun_results/assembled_transcripts.fasta.modified.fas 
# Current dir:     /data/projet1/projet_tutore
# Date:            Sun Dec  1 18:09:04 2024
# [ok]
