#                                                                                                             --- full sequence --- -------------- this domain -------------   hmm coord   ali coord   env coord
# target name                                         accession   tlen query name           accession   qlen   E-value  score  bias   #  of  c-Evalue  i-Evalue  score  bias  from    to  from    to  from    to  acc description of target
#                                 ------------------- ---------- ----- -------------------- ---------- ----- --------- ------ ----- --- --- --------- --------- ------ ----- ----- ----- ----- ----- ----- ----- ---- ---------------------
22348at50557_411798_0:00330e|STRG.19283.1:2-1048|+    -            349 22348at50557         -            571  2.4e-202  669.8  14.5   1   1  8.7e-203  9.7e-201  664.6  14.5   262   571     1   340     1   340 0.95 -
22348at50557_7130_0:000f23|STRG.7232.1:9103-10023|+   -            307 22348at50557         -            571   4.3e-38  127.6   1.1   1   1   4.8e-40   5.4e-38  127.2   1.1   274   525    15   273     6   297 0.80 -
22348at50557_7130_0:000f23|STRG.7232.2:9031-9951|+    -            307 22348at50557         -            571   4.3e-38  127.6   1.1   1   1   4.8e-40   5.4e-38  127.2   1.1   274   525    15   273     6   297 0.80 -
22348at50557_7130_0:000f23|STRG.7232.3:13064-13984|+  -            307 22348at50557         -            571   4.3e-38  127.6   1.1   1   1   4.8e-40   5.4e-38  127.2   1.1   274   525    15   273     6   297 0.80 -
22348at50557_7130_0:000f23|STRG.7232.4:13059-13979|+  -            307 22348at50557         -            571   4.3e-38  127.6   1.1   1   1   4.8e-40   5.4e-38  127.2   1.1   274   525    15   273     6   297 0.80 -
22348at50557_197043_0:001d27|STRG.3854.1:1467-2918|+  -            484 22348at50557         -            571   5.5e-30  100.8   3.3   1   1   4.9e-31   5.5e-29   97.5   3.3   259   516   184   473    14   478 0.79 -
22348at50557_680683_0:002a76|STRG.3854.2:242-1817|+   -            506 22348at50557         -            571   2.8e-29   98.4   4.9   1   1   2.6e-30     3e-28   95.1   4.9   259   516   194   462     5   471 0.78 -
22348at50557_197043_0:001d27|STRG.3854.3:272-1738|+   -            489 22348at50557         -            571   1.5e-28   96.1   4.5   1   1   2.8e-29   3.1e-27   91.7   4.5   259   516   184   478    13   482 0.78 -
22348at50557_110193_0:00178f|STRG.17637.1:1467-2378|+ -            304 22348at50557         -            571   1.7e-23   79.3   0.4   1   1   1.9e-25   2.1e-23   79.1   0.4   252   519    19   303     9   304 0.80 -
8602at50557_1218281_0:002946|STRG.16061.1:1-711|+     -            237 22348at50557         -            571   5.2e-23   77.8   0.0   1   1     6e-25   6.7e-23   77.4   0.0   390   517    16   148     4   182 0.87 -
22348at50557_7130_0:000f23|STRG.1500.1:130-870|+      -            247 22348at50557         -            571   7.8e-23   77.2   0.1   1   1   8.3e-25   9.4e-23   76.9   0.1   272   493     1   235     1   245 0.86 -
8602at50557_56086_0:000070|STRG.17641.1:963-2054|+    -            364 22348at50557         -            571   3.7e-19   65.1   0.2   1   1   4.5e-21     5e-19   64.6   0.2   272   515     6   268     2   274 0.82 -
8602at50557_108931_0:003521|STRG.7310.1:221-1123|+    -            301 22348at50557         -            571   1.1e-16   56.8   0.7   1   1   1.8e-18     2e-16   56.0   0.7   270   500    40   298    31   300 0.73 -
8602at50557_103372_0:001ee7|STRG.16060.1:2-2245|+     -            748 22348at50557         -            571     2e-16   56.0  13.3   1   4   3.5e-06   0.00039   15.4   0.1   129   172     1    45     1    50 0.94 -
8602at50557_103372_0:001ee7|STRG.16060.1:2-2245|+     -            748 22348at50557         -            571     2e-16   56.0  13.3   2   4   2.5e-08   2.8e-06   22.5   0.4    88   171    48   135    44   144 0.80 -
8602at50557_103372_0:001ee7|STRG.16060.1:2-2245|+     -            748 22348at50557         -            571     2e-16   56.0  13.3   3   4   1.1e-06   0.00012   17.1   0.4    94   169   161   236   152   242 0.84 -
8602at50557_103372_0:001ee7|STRG.16060.1:2-2245|+     -            748 22348at50557         -            571     2e-16   56.0  13.3   4   4   0.00045     0.051    8.5   0.1   197   225   669   697   660   741 0.78 -
8602at50557_6973_0:002d01|STRG.16060.2:2-511|+        -            170 22348at50557         -            571   8.4e-12   40.8   0.1   1   1   8.3e-14   9.3e-12   40.6   0.1   214   360     1   154     1   167 0.82 -
22348at50557_168631_0:001c73|STRG.8210.1:95-385|+     -             97 22348at50557         -            571   4.9e-09   31.6   0.2   1   1   4.9e-11   5.5e-09   31.5   0.2   406   495     1    97     1    97 0.78 -
#
# Program:         hmmsearch
# Version:         3.4 (Aug 2023)
# Pipeline mode:   SEARCH
# Query file:      /data/projet1/projet_tutore/busco_downloads/lineages/insecta_odb10/hmms/22348at50557.hmm
# Target file:     annotation_analysis/annotation_gca/T_zeteki/busco_output/run_insecta_odb10/metaeuk_output/rerun_results/assembled_transcripts.fasta.modified.fas
# Option settings: hmmsearch --domtblout annotation_analysis/annotation_gca/T_zeteki/busco_output/run_insecta_odb10/hmmer_output/rerun_results/22348at50557.out --cpu 1 /data/projet1/projet_tutore/busco_downloads/lineages/insecta_odb10/hmms/22348at50557.hmm annotation_analysis/annotation_gca/T_zeteki/busco_output/run_insecta_odb10/metaeuk_output/rerun_results/assembled_transcripts.fasta.modified.fas 
# Current dir:     /data/projet1/projet_tutore
# Date:            Sun Dec  1 18:09:05 2024
# [ok]
