#                                                                                                             --- full sequence --- -------------- this domain -------------   hmm coord   ali coord   env coord
# target name                                         accession   tlen query name           accession   qlen   E-value  score  bias   #  of  c-Evalue  i-Evalue  score  bias  from    to  from    to  from    to  acc description of target
#                                 ------------------- ---------- ----- -------------------- ---------- ----- --------- ------ ----- --- --- --------- --------- ------ ----- ----- ----- ----- ----- ----- ----- ---- ---------------------
35897at50557_1507135_0:001cf3|STRG.14519.1:275-967|+  -            231 35897at50557         -            554   8.7e-88  291.7   3.0   1   1   8.7e-90     1e-87  291.4   3.0   361   554    15   222     5   222 0.92 -
35897at50557_1507135_0:001cf3|STRG.14519.2:275-1004|+ -            231 35897at50557         -            554   8.7e-88  291.7   3.0   1   1   8.7e-90     1e-87  291.4   3.0   361   554    15   222     5   222 0.92 -
35897at50557_568069_0:0003b4|STRG.7971.1:788-2377|+   -            530 35897at50557         -            554   4.6e-16   54.9  17.8   1   5   4.1e-06   0.00049   15.2   0.6   105   195    12   103     4   124 0.48 -
35897at50557_568069_0:0003b4|STRG.7971.1:788-2377|+   -            530 35897at50557         -            554   4.6e-16   54.9  17.8   2   5   5.9e-06    0.0007   14.7   0.4   250   359   126   243   122   248 0.76 -
35897at50557_568069_0:0003b4|STRG.7971.1:788-2377|+   -            530 35897at50557         -            554   4.6e-16   54.9  17.8   3   5   0.00079     0.094    7.7   1.6   290   343   249   306   234   312 0.82 -
35897at50557_568069_0:0003b4|STRG.7971.1:788-2377|+   -            530 35897at50557         -            554   4.6e-16   54.9  17.8   4   5   6.1e-05    0.0073   11.4   0.0   246   308   334   398   330   412 0.74 -
35897at50557_568069_0:0003b4|STRG.7971.1:788-2377|+   -            530 35897at50557         -            554   4.6e-16   54.9  17.8   5   5     8e-06   0.00096   14.3   0.1   272   346   429   508   399   511 0.80 -
35897at50557_568069_0:0003b4|STRG.7971.2:788-2377|+   -            530 35897at50557         -            554   4.6e-16   54.9  17.8   1   5   4.1e-06   0.00049   15.2   0.6   105   195    12   103     4   124 0.48 -
35897at50557_568069_0:0003b4|STRG.7971.2:788-2377|+   -            530 35897at50557         -            554   4.6e-16   54.9  17.8   2   5   5.9e-06    0.0007   14.7   0.4   250   359   126   243   122   248 0.76 -
35897at50557_568069_0:0003b4|STRG.7971.2:788-2377|+   -            530 35897at50557         -            554   4.6e-16   54.9  17.8   3   5   0.00079     0.094    7.7   1.6   290   343   249   306   234   312 0.82 -
35897at50557_568069_0:0003b4|STRG.7971.2:788-2377|+   -            530 35897at50557         -            554   4.6e-16   54.9  17.8   4   5   6.1e-05    0.0073   11.4   0.0   246   308   334   398   330   412 0.74 -
35897at50557_568069_0:0003b4|STRG.7971.2:788-2377|+   -            530 35897at50557         -            554   4.6e-16   54.9  17.8   5   5     8e-06   0.00096   14.3   0.1   272   346   429   508   399   511 0.80 -
35897at50557_568069_0:0003b4|STRG.7971.3:788-2377|+   -            530 35897at50557         -            554   4.6e-16   54.9  17.8   1   5   4.1e-06   0.00049   15.2   0.6   105   195    12   103     4   124 0.48 -
35897at50557_568069_0:0003b4|STRG.7971.3:788-2377|+   -            530 35897at50557         -            554   4.6e-16   54.9  17.8   2   5   5.9e-06    0.0007   14.7   0.4   250   359   126   243   122   248 0.76 -
35897at50557_568069_0:0003b4|STRG.7971.3:788-2377|+   -            530 35897at50557         -            554   4.6e-16   54.9  17.8   3   5   0.00079     0.094    7.7   1.6   290   343   249   306   234   312 0.82 -
35897at50557_568069_0:0003b4|STRG.7971.3:788-2377|+   -            530 35897at50557         -            554   4.6e-16   54.9  17.8   4   5   6.1e-05    0.0073   11.4   0.0   246   308   334   398   330   412 0.74 -
35897at50557_568069_0:0003b4|STRG.7971.3:788-2377|+   -            530 35897at50557         -            554   4.6e-16   54.9  17.8   5   5     8e-06   0.00096   14.3   0.1   272   346   429   508   399   511 0.80 -
35897at50557_568069_0:0003b4|STRG.7971.4:1027-2616|+  -            530 35897at50557         -            554   4.6e-16   54.9  17.8   1   5   4.1e-06   0.00049   15.2   0.6   105   195    12   103     4   124 0.48 -
35897at50557_568069_0:0003b4|STRG.7971.4:1027-2616|+  -            530 35897at50557         -            554   4.6e-16   54.9  17.8   2   5   5.9e-06    0.0007   14.7   0.4   250   359   126   243   122   248 0.76 -
35897at50557_568069_0:0003b4|STRG.7971.4:1027-2616|+  -            530 35897at50557         -            554   4.6e-16   54.9  17.8   3   5   0.00079     0.094    7.7   1.6   290   343   249   306   234   312 0.82 -
35897at50557_568069_0:0003b4|STRG.7971.4:1027-2616|+  -            530 35897at50557         -            554   4.6e-16   54.9  17.8   4   5   6.1e-05    0.0073   11.4   0.0   246   308   334   398   330   412 0.74 -
35897at50557_568069_0:0003b4|STRG.7971.4:1027-2616|+  -            530 35897at50557         -            554   4.6e-16   54.9  17.8   5   5     8e-06   0.00096   14.3   0.1   272   346   429   508   399   511 0.80 -
35897at50557_568069_0:0003b4|STRG.7971.5:886-2475|+   -            530 35897at50557         -            554   4.6e-16   54.9  17.8   1   5   4.1e-06   0.00049   15.2   0.6   105   195    12   103     4   124 0.48 -
35897at50557_568069_0:0003b4|STRG.7971.5:886-2475|+   -            530 35897at50557         -            554   4.6e-16   54.9  17.8   2   5   5.9e-06    0.0007   14.7   0.4   250   359   126   243   122   248 0.76 -
35897at50557_568069_0:0003b4|STRG.7971.5:886-2475|+   -            530 35897at50557         -            554   4.6e-16   54.9  17.8   3   5   0.00079     0.094    7.7   1.6   290   343   249   306   234   312 0.82 -
35897at50557_568069_0:0003b4|STRG.7971.5:886-2475|+   -            530 35897at50557         -            554   4.6e-16   54.9  17.8   4   5   6.1e-05    0.0073   11.4   0.0   246   308   334   398   330   412 0.74 -
35897at50557_568069_0:0003b4|STRG.7971.5:886-2475|+   -            530 35897at50557         -            554   4.6e-16   54.9  17.8   5   5     8e-06   0.00096   14.3   0.1   272   346   429   508   399   511 0.80 -
35897at50557_568069_0:0003b4|STRG.7971.6:941-2530|+   -            530 35897at50557         -            554   4.6e-16   54.9  17.8   1   5   4.1e-06   0.00049   15.2   0.6   105   195    12   103     4   124 0.48 -
35897at50557_568069_0:0003b4|STRG.7971.6:941-2530|+   -            530 35897at50557         -            554   4.6e-16   54.9  17.8   2   5   5.9e-06    0.0007   14.7   0.4   250   359   126   243   122   248 0.76 -
35897at50557_568069_0:0003b4|STRG.7971.6:941-2530|+   -            530 35897at50557         -            554   4.6e-16   54.9  17.8   3   5   0.00079     0.094    7.7   1.6   290   343   249   306   234   312 0.82 -
35897at50557_568069_0:0003b4|STRG.7971.6:941-2530|+   -            530 35897at50557         -            554   4.6e-16   54.9  17.8   4   5   6.1e-05    0.0073   11.4   0.0   246   308   334   398   330   412 0.74 -
35897at50557_568069_0:0003b4|STRG.7971.6:941-2530|+   -            530 35897at50557         -            554   4.6e-16   54.9  17.8   5   5     8e-06   0.00096   14.3   0.1   272   346   429   508   399   511 0.80 -
35897at50557_7176_0:001a60|STRG.380.1:2702-4153|+     -            484 35897at50557         -            554   5.7e-15   51.3   0.3   1   4    0.0012      0.14    7.1   0.0   303   357    17    77     3    84 0.56 -
35897at50557_7176_0:001a60|STRG.380.1:2702-4153|+     -            484 35897at50557         -            554   5.7e-15   51.3   0.3   2   4     4e-08   4.8e-06   21.8   0.0    48   110    85   148    81   231 0.88 -
35897at50557_7176_0:001a60|STRG.380.1:2702-4153|+     -            484 35897at50557         -            554   5.7e-15   51.3   0.3   3   4     3e-06   0.00036   15.7   0.1   258   342   305   398   295   404 0.79 -
35897at50557_7176_0:001a60|STRG.380.1:2702-4153|+     -            484 35897at50557         -            554   5.7e-15   51.3   0.3   4   4     0.068       8.2    1.3   0.0   239   271   424   455   412   479 0.76 -
35897at50557_7176_0:001a60|STRG.380.2:308-1759|+      -            484 35897at50557         -            554   5.7e-15   51.3   0.3   1   4    0.0012      0.14    7.1   0.0   303   357    17    77     3    84 0.56 -
35897at50557_7176_0:001a60|STRG.380.2:308-1759|+      -            484 35897at50557         -            554   5.7e-15   51.3   0.3   2   4     4e-08   4.8e-06   21.8   0.0    48   110    85   148    81   231 0.88 -
35897at50557_7176_0:001a60|STRG.380.2:308-1759|+      -            484 35897at50557         -            554   5.7e-15   51.3   0.3   3   4     3e-06   0.00036   15.7   0.1   258   342   305   398   295   404 0.79 -
35897at50557_7176_0:001a60|STRG.380.2:308-1759|+      -            484 35897at50557         -            554   5.7e-15   51.3   0.3   4   4     0.068       8.2    1.3   0.0   239   271   424   455   412   479 0.76 -
35897at50557_7176_0:001a60|STRG.380.3:2702-4153|+     -            484 35897at50557         -            554   5.7e-15   51.3   0.3   1   4    0.0012      0.14    7.1   0.0   303   357    17    77     3    84 0.56 -
35897at50557_7176_0:001a60|STRG.380.3:2702-4153|+     -            484 35897at50557         -            554   5.7e-15   51.3   0.3   2   4     4e-08   4.8e-06   21.8   0.0    48   110    85   148    81   231 0.88 -
35897at50557_7176_0:001a60|STRG.380.3:2702-4153|+     -            484 35897at50557         -            554   5.7e-15   51.3   0.3   3   4     3e-06   0.00036   15.7   0.1   258   342   305   398   295   404 0.79 -
35897at50557_7176_0:001a60|STRG.380.3:2702-4153|+     -            484 35897at50557         -            554   5.7e-15   51.3   0.3   4   4     0.068       8.2    1.3   0.0   239   271   424   455   412   479 0.76 -
35897at50557_7004_0:0007c4|STRG.3155.1:562-1524|+     -            321 35897at50557         -            554   6.8e-06   21.3   0.1   1   3       1.1   1.3e+02   -2.7   0.0   252   276     2    26     1    29 0.89 -
35897at50557_7004_0:0007c4|STRG.3155.1:562-1524|+     -            321 35897at50557         -            554   6.8e-06   21.3   0.1   2   3     4e-06   0.00048   15.3   0.0   179   348    36   223    13   231 0.73 -
35897at50557_7004_0:0007c4|STRG.3155.1:562-1524|+     -            321 35897at50557         -            554   6.8e-06   21.3   0.1   3   3   0.00025      0.03    9.3   0.1    35   132   188   284   186   304 0.76 -
35897at50557_7536_0:000f2f|STRG.19672.1:516-1184|+    -            223 35897at50557         -            554   2.3e-05   19.6   0.4   1   3    0.0015      0.19    6.7   0.0   298   348    28    82    14   136 0.59 -
35897at50557_7536_0:000f2f|STRG.19672.1:516-1184|+    -            223 35897at50557         -            554   2.3e-05   19.6   0.4   2   3   0.00025      0.03    9.3   0.4   381   462    86   168    77   184 0.80 -
35897at50557_7536_0:000f2f|STRG.19672.1:516-1184|+    -            223 35897at50557         -            554   2.3e-05   19.6   0.4   3   3   0.00057     0.068    8.1   0.1    54   127   148   223   140   223 0.83 -
35897at50557_7536_0:000f2f|STRG.4129.1:305-880|+      -            192 35897at50557         -            554   2.4e-05   19.5   0.0   1   2    0.0075       0.9    4.4   0.0   171   200    26    55     4    66 0.66 -
35897at50557_7536_0:000f2f|STRG.4129.1:305-880|+      -            192 35897at50557         -            554   2.4e-05   19.5   0.0   2   2     3e-05    0.0036   12.4   0.0   248   347    71   177    67   186 0.80 -
35897at50557_1507135_0:001cf3|STRG.13625.1:459-1382|+ -            308 35897at50557         -            554   2.7e-05   19.4  12.7   1   3   7.3e-06   0.00087   14.4   0.8   297   361     8    78     2    83 0.82 -
35897at50557_1507135_0:001cf3|STRG.13625.1:459-1382|+ -            308 35897at50557         -            554   2.7e-05   19.4  12.7   2   3     0.066         8    1.3   1.8    63   141   103   184    75   213 0.60 -
35897at50557_1507135_0:001cf3|STRG.13625.1:459-1382|+ -            308 35897at50557         -            554   2.7e-05   19.4  12.7   3   3   8.4e-05      0.01   10.9   0.6   104   166   239   300   171   308 0.71 -
#
# Program:         hmmsearch
# Version:         3.4 (Aug 2023)
# Pipeline mode:   SEARCH
# Query file:      /data/projet1/projet_tutore/busco_downloads/lineages/insecta_odb10/hmms/35897at50557.hmm
# Target file:     annotation_analysis/annotation_gca/T_zeteki/busco_output/run_insecta_odb10/metaeuk_output/rerun_results/assembled_transcripts.fasta.modified.fas
# Option settings: hmmsearch --domtblout annotation_analysis/annotation_gca/T_zeteki/busco_output/run_insecta_odb10/hmmer_output/rerun_results/35897at50557.out --cpu 1 /data/projet1/projet_tutore/busco_downloads/lineages/insecta_odb10/hmms/35897at50557.hmm annotation_analysis/annotation_gca/T_zeteki/busco_output/run_insecta_odb10/metaeuk_output/rerun_results/assembled_transcripts.fasta.modified.fas 
# Current dir:     /data/projet1/projet_tutore
# Date:            Sun Dec  1 18:09:07 2024
# [ok]
