#                                                                                                              --- full sequence --- -------------- this domain -------------   hmm coord   ali coord   env coord
# target name                                          accession   tlen query name           accession   qlen   E-value  score  bias   #  of  c-Evalue  i-Evalue  score  bias  from    to  from    to  from    to  acc description of target
#                                  ------------------- ---------- ----- -------------------- ---------- ----- --------- ------ ----- --- --- --------- --------- ------ ----- ----- ----- ----- ----- ----- ----- ---- ---------------------
102020at50557_34720_0:000a33|STRG.3576.1:362-1282|+    -            307 102020at50557        -            212   9.2e-64  213.9  24.5   1   1   2.3e-64   1.1e-61  207.0  24.5     2   212    13   272    12   272 0.82 -
102020at50557_34720_0:000a33|STRG.3576.2:436-1488|+    -            351 102020at50557        -            212   1.8e-63  212.9  24.5   1   1   3.7e-64   1.9e-61  206.3  24.5     2   212    57   316    56   316 0.82 -
102433at50557_116153_0:000386|STRG.10805.2:1119-1541|+ -            141 102020at50557        -            212   5.6e-07   28.3   0.8   1   1   1.3e-09   6.4e-07   28.1   0.8   164   212    85   131    37   131 0.86 -
91691at50557_224129_0:0018bf|STRG.9171.1:250-1014|+    -            255 102020at50557        -            212   1.5e-05   23.7  10.1   1   1   4.4e-08   2.2e-05   23.1  10.1   171   212    12    51     6    51 0.89 -
28875at50557_197043_0:001126|STRG.442.1:1071-1313|+    -             81 102020at50557        -            212    0.0028   16.3   2.4   1   1   5.6e-06    0.0028   16.2   2.4   156   212    26    81    10    81 0.79 -
28875at50557_197043_0:001126|STRG.442.2:741-983|+      -             81 102020at50557        -            212    0.0028   16.3   2.4   1   1   5.6e-06    0.0028   16.2   2.4   156   212    26    81    10    81 0.79 -
102433at50557_103372_0:002677|STRG.599.1:0-857|+       -            286 102020at50557        -            212    0.0032   16.1   8.2   1   3     0.042        21    3.6   0.0     3    83    15    98    13   127 0.78 -
102433at50557_103372_0:002677|STRG.599.1:0-857|+       -            286 102020at50557        -            212    0.0032   16.1   8.2   2   3       1.2   6.3e+02   -1.2   0.0    95   131   145   181   113   184 0.74 -
102433at50557_103372_0:002677|STRG.599.1:0-857|+       -            286 102020at50557        -            212    0.0032   16.1   8.2   3   3   4.7e-05     0.024   13.2   4.4   163   212   225   271   218   273 0.78 -
28875at50557_246812_0:000289|STRG.7480.2:1178-1300|+   -             41 102020at50557        -            212     0.012   14.2   0.2   1   1   2.3e-05     0.012   14.2   0.2   166   199     6    39     2    41 0.90 -
28875at50557_246812_0:000289|STRG.7480.3:1251-1373|+   -             41 102020at50557        -            212     0.012   14.2   0.2   1   1   2.3e-05     0.012   14.2   0.2   166   199     6    39     2    41 0.90 -
102433at50557_43151_0:0014de|STRG.15867.1:322-801|+    -            160 102020at50557        -            212      0.05   12.2   5.8   1   1   0.00016      0.08   11.5   5.8   173   212   107   147   100   148 0.75 -
102433at50557_43151_0:0014de|STRG.4143.1:21-551|+      -            177 102020at50557        -            212     0.093   11.3   4.1   1   1   0.00025      0.13   10.8   4.1   172   212    24    65    19    65 0.82 -
102433at50557_197043_0:007171|STRG.18653.1:440-682|+   -             81 102020at50557        -            212       0.1   11.2   4.9   1   1   0.00022      0.11   11.0   4.9   157   212    15    69     3    69 0.79 -
102433at50557_197043_0:007171|STRG.2206.3:1542-1814|+  -             91 102020at50557        -            212      0.79    8.2   4.9   1   1    0.0017      0.86    8.1   4.9   170   212    37    79    20    79 0.89 -
112400at50557_103372_0:0027c8|STRG.10414.2:0-1103|+    -            319 102020at50557        -            212      0.86    8.1   7.9   1   1    0.0031       1.6    7.2   7.9   171   209   250   286   246   291 0.74 -
112400at50557_103372_0:0027c8|STRG.10414.1:0-971|+     -            324 102020at50557        -            212      0.88    8.1   7.9   1   1    0.0032       1.6    7.2   7.9   171   209   250   286   246   291 0.74 -
#
# Program:         hmmsearch
# Version:         3.4 (Aug 2023)
# Pipeline mode:   SEARCH
# Query file:      /data/projet1/projet_tutore/busco_downloads/lineages/insecta_odb10/hmms/102020at50557.hmm
# Target file:     annotation_analysis/annotation_gca/T_zeteki/busco_output/run_insecta_odb10/metaeuk_output/initial_results/assembled_transcripts.fasta.modified.fas
# Option settings: hmmsearch --domtblout annotation_analysis/annotation_gca/T_zeteki/busco_output/run_insecta_odb10/hmmer_output/initial_run_results/102020at50557.out --cpu 1 /data/projet1/projet_tutore/busco_downloads/lineages/insecta_odb10/hmms/102020at50557.hmm annotation_analysis/annotation_gca/T_zeteki/busco_output/run_insecta_odb10/metaeuk_output/initial_results/assembled_transcripts.fasta.modified.fas 
# Current dir:     /data/projet1/projet_tutore
# Date:            Sun Dec  1 17:32:39 2024
# [ok]
