#                                                                                                             --- full sequence --- -------------- this domain -------------   hmm coord   ali coord   env coord
# target name                                         accession   tlen query name           accession   qlen   E-value  score  bias   #  of  c-Evalue  i-Evalue  score  bias  from    to  from    to  from    to  acc description of target
#                                 ------------------- ---------- ----- -------------------- ---------- ----- --------- ------ ----- --- --- --------- --------- ------ ----- ----- ----- ----- ----- ----- ----- ---- ---------------------
102774at50557_103372_0:0012ad|STRG.14369.1:590-2446|+ -            619 102774at50557        -             52   8.1e-27   91.9   7.4   1   2   2.4e-24   3.1e-21   74.0   0.4     1    39    87   125    87   128 0.97 -
102774at50557_103372_0:0012ad|STRG.14369.1:590-2446|+ -            619 102774at50557        -             52   8.1e-27   91.9   7.4   2   2   1.1e-07   0.00014   20.7   1.8    37    52   146   161   144   161 0.93 -
102774at50557_103372_0:0012ad|STRG.14369.2:590-2501|+ -            619 102774at50557        -             52   8.1e-27   91.9   7.4   1   2   2.4e-24   3.1e-21   74.0   0.4     1    39    87   125    87   128 0.97 -
102774at50557_103372_0:0012ad|STRG.14369.2:590-2501|+ -            619 102774at50557        -             52   8.1e-27   91.9   7.4   2   2   1.1e-07   0.00014   20.7   1.8    37    52   146   161   144   161 0.93 -
19423at50557_197043_0:0028de|STRG.4328.1:110-687|-    -            158 102774at50557        -             52    0.0004   19.2   0.0   1   2      0.93   1.2e+03   -1.5   0.0    10    31    19    41    16    43 0.72 -
19423at50557_197043_0:0028de|STRG.4328.1:110-687|-    -            158 102774at50557        -             52    0.0004   19.2   0.0   2   2   1.2e-06    0.0015   17.4   0.0     2    28    78   104    77   120 0.86 -
10008at50557_378494_0:004813|STRG.14173.1:105-383|+   -             93 102774at50557        -             52   0.00058   18.7   0.1   1   1   7.2e-07   0.00092   18.1   0.1     7    28    52    73    47    82 0.89 -
45419at50557_51655_0:002e4f|STRG.18936.1:2983-3225|+  -             81 102774at50557        -             52     0.054   12.4   1.4   1   3     0.083   1.1e+02    1.9   0.0     2    11    17    26    16    29 0.91 -
45419at50557_51655_0:002e4f|STRG.18936.1:2983-3225|+  -             81 102774at50557        -             52     0.054   12.4   1.4   2   3    0.0079        10    5.1   0.1    27    36    32    41    30    49 0.78 -
45419at50557_51655_0:002e4f|STRG.18936.1:2983-3225|+  -             81 102774at50557        -             52     0.054   12.4   1.4   3   3     0.045        57    2.7   0.0    27    37    60    70    59    75 0.73 -
45419at50557_51655_0:002e4f|STRG.18936.2:2517-2759|+  -             81 102774at50557        -             52     0.054   12.4   1.4   1   3     0.083   1.1e+02    1.9   0.0     2    11    17    26    16    29 0.91 -
45419at50557_51655_0:002e4f|STRG.18936.2:2517-2759|+  -             81 102774at50557        -             52     0.054   12.4   1.4   2   3    0.0079        10    5.1   0.1    27    36    32    41    30    49 0.78 -
45419at50557_51655_0:002e4f|STRG.18936.2:2517-2759|+  -             81 102774at50557        -             52     0.054   12.4   1.4   3   3     0.045        57    2.7   0.0    27    37    60    70    59    75 0.73 -
#
# Program:         hmmsearch
# Version:         3.4 (Aug 2023)
# Pipeline mode:   SEARCH
# Query file:      /data/projet1/projet_tutore/busco_downloads/lineages/insecta_odb10/hmms/102774at50557.hmm
# Target file:     annotation_analysis/annotation_gca/T_zeteki/busco_output/run_insecta_odb10/metaeuk_output/initial_results/assembled_transcripts.fasta.modified.fas
# Option settings: hmmsearch --domtblout annotation_analysis/annotation_gca/T_zeteki/busco_output/run_insecta_odb10/hmmer_output/initial_run_results/102774at50557.out --cpu 1 /data/projet1/projet_tutore/busco_downloads/lineages/insecta_odb10/hmms/102774at50557.hmm annotation_analysis/annotation_gca/T_zeteki/busco_output/run_insecta_odb10/metaeuk_output/initial_results/assembled_transcripts.fasta.modified.fas 
# Current dir:     /data/projet1/projet_tutore
# Date:            Sun Dec  1 17:32:41 2024
# [ok]
