#                                                                                                            --- full sequence --- -------------- this domain -------------   hmm coord   ali coord   env coord
# target name                                        accession   tlen query name           accession   qlen   E-value  score  bias   #  of  c-Evalue  i-Evalue  score  bias  from    to  from    to  from    to  acc description of target
#                                ------------------- ---------- ----- -------------------- ---------- ----- --------- ------ ----- --- --- --------- --------- ------ ----- ----- ----- ----- ----- ----- ----- ---- ---------------------
104526at50557_103372_0:001e58|STRG.6504.1:219-1373|+ -            385 104526at50557        -            245  3.5e-100  333.4   4.8   1   4       2.5   2.8e+03   -3.6   0.1     1    12     1    12     1    13 0.89 -
104526at50557_103372_0:001e58|STRG.6504.1:219-1373|+ -            385 104526at50557        -            245  3.5e-100  333.4   4.8   2   4     0.031        34    2.7   0.0    11    25    33    47    21    50 0.80 -
104526at50557_103372_0:001e58|STRG.6504.1:219-1373|+ -            385 104526at50557        -            245  3.5e-100  333.4   4.8   3   4   4.5e-66   4.9e-63  211.7   0.8    21   162    68   228    52   244 0.86 -
104526at50557_103372_0:001e58|STRG.6504.1:219-1373|+ -            385 104526at50557        -            245  3.5e-100  333.4   4.8   4   4   8.2e-38     9e-35  119.2   0.0   141   245   258   373   238   373 0.84 -
104526at50557_103372_0:001e58|STRG.6504.2:435-1589|+ -            385 104526at50557        -            245  3.5e-100  333.4   4.8   1   4       2.5   2.8e+03   -3.6   0.1     1    12     1    12     1    13 0.89 -
104526at50557_103372_0:001e58|STRG.6504.2:435-1589|+ -            385 104526at50557        -            245  3.5e-100  333.4   4.8   2   4     0.031        34    2.7   0.0    11    25    33    47    21    50 0.80 -
104526at50557_103372_0:001e58|STRG.6504.2:435-1589|+ -            385 104526at50557        -            245  3.5e-100  333.4   4.8   3   4   4.5e-66   4.9e-63  211.7   0.8    21   162    68   228    52   244 0.86 -
104526at50557_103372_0:001e58|STRG.6504.2:435-1589|+ -            385 104526at50557        -            245  3.5e-100  333.4   4.8   4   4   8.2e-38     9e-35  119.2   0.0   141   245   258   373   238   373 0.84 -
104526at50557_103372_0:001e58|STRG.6504.3:461-1626|+ -            385 104526at50557        -            245  3.5e-100  333.4   4.8   1   4       2.5   2.8e+03   -3.6   0.1     1    12     1    12     1    13 0.89 -
104526at50557_103372_0:001e58|STRG.6504.3:461-1626|+ -            385 104526at50557        -            245  3.5e-100  333.4   4.8   2   4     0.031        34    2.7   0.0    11    25    33    47    21    50 0.80 -
104526at50557_103372_0:001e58|STRG.6504.3:461-1626|+ -            385 104526at50557        -            245  3.5e-100  333.4   4.8   3   4   4.5e-66   4.9e-63  211.7   0.8    21   162    68   228    52   244 0.86 -
104526at50557_103372_0:001e58|STRG.6504.3:461-1626|+ -            385 104526at50557        -            245  3.5e-100  333.4   4.8   4   4   8.2e-38     9e-35  119.2   0.0   141   245   258   373   238   373 0.84 -
104526at50557_79782_0:001fcb|STRG.7930.2:171-935|+   -            255 104526at50557        -            245     7e-10   37.7   0.1   1   1   9.6e-13     1e-09   37.1   0.1    26   179     6   180     2   196 0.70 -
104526at50557_222816_0:00259b|STRG.7930.1:600-1265|+ -            222 104526at50557        -            245   3.1e-08   32.2   0.1   1   1   4.2e-11   4.6e-08   31.7   0.1    48   179     1   147     1   163 0.73 -
104526at50557_56086_0:0041a1|STRG.3905.1:396-698|+   -            101 104526at50557        -            245   1.9e-06   26.4   0.0   1   1   2.2e-09   2.4e-06   26.1   0.0    25    96    11    94     5    98 0.79 -
104526at50557_56086_0:0041a1|STRG.3905.2:108-410|+   -            101 104526at50557        -            245   1.9e-06   26.4   0.0   1   1   2.2e-09   2.4e-06   26.1   0.0    25    96    11    94     5    98 0.79 -
#
# Program:         hmmsearch
# Version:         3.4 (Aug 2023)
# Pipeline mode:   SEARCH
# Query file:      /data/projet1/projet_tutore/busco_downloads/lineages/insecta_odb10/hmms/104526at50557.hmm
# Target file:     annotation_analysis/annotation_gca/T_zeteki/busco_output/run_insecta_odb10/metaeuk_output/initial_results/assembled_transcripts.fasta.modified.fas
# Option settings: hmmsearch --domtblout annotation_analysis/annotation_gca/T_zeteki/busco_output/run_insecta_odb10/hmmer_output/initial_run_results/104526at50557.out --cpu 1 /data/projet1/projet_tutore/busco_downloads/lineages/insecta_odb10/hmms/104526at50557.hmm annotation_analysis/annotation_gca/T_zeteki/busco_output/run_insecta_odb10/metaeuk_output/initial_results/assembled_transcripts.fasta.modified.fas 
# Current dir:     /data/projet1/projet_tutore
# Date:            Sun Dec  1 17:32:42 2024
# [ok]
