#                                                                                                              --- full sequence --- -------------- this domain -------------   hmm coord   ali coord   env coord
# target name                                          accession   tlen query name           accession   qlen   E-value  score  bias   #  of  c-Evalue  i-Evalue  score  bias  from    to  from    to  from    to  acc description of target
#                                  ------------------- ---------- ----- -------------------- ---------- ----- --------- ------ ----- --- --- --------- --------- ------ ----- ----- ----- ----- ----- ----- ----- ---- ---------------------
108755at50557_456900_0:000c82|STRG.12749.1:0-634|+     -            207 108755at50557        -            150     2e-95  315.3   2.5   1   1     4e-97   2.3e-95  315.1   2.5     1   150    11   165    11   165 0.98 -
108755at50557_178035_0:0020de|STRG.12749.2:233-859|+   -            209 108755at50557        -            150     2e-95  315.3   2.5   1   1   4.1e-97   2.4e-95  315.0   2.5     1   150    11   165    11   165 0.98 -
107216at50557_13164_0:0032c6|STRG.617.2:1230-1786|+    -            178 108755at50557        -            150   9.2e-42  141.1   0.1   1   1   1.9e-43   1.1e-41  140.9   0.1     4   149    10   158     8   159 0.94 -
104262at50557_39758_0:003743|STRG.17582.1:6-617|+      -            204 108755at50557        -            150   8.2e-41  138.0   1.1   1   1   1.7e-42     1e-40  137.7   1.1     4   149     7   157     5   158 0.92 -
104262at50557_411798_0:001745|STRG.9101.1:3-518|+      -            172 108755at50557        -            150   3.9e-40  135.9   1.2   1   1     8e-42   4.7e-40  135.6   1.2     4   149     9   159     7   160 0.93 -
106023at50557_34720_0:001fd2|STRG.3841.1:900-1559|+    -            220 108755at50557        -            150   4.7e-40  135.6   0.1   1   1   9.8e-42   5.8e-40  135.3   0.1     3   149    26   177    24   178 0.94 -
106023at50557_456900_0:0019f7|STRG.3841.2:347-1307|+   -            243 108755at50557        -            150   5.9e-40  135.3   0.1   1   1   1.3e-41   7.8e-40  134.9   0.1     3   149    49   200    47   201 0.94 -
106023at50557_456900_0:0019f7|STRG.3841.3:347-1075|+   -            243 108755at50557        -            150   5.9e-40  135.3   0.1   1   1   1.3e-41   7.8e-40  134.9   0.1     3   149    49   200    47   201 0.94 -
107216at50557_7038_0:002032|STRG.617.1:660-1193|+      -            178 108755at50557        -            150   3.1e-39  132.9   0.0   1   1   6.4e-41   3.8e-39  132.6   0.0     4   149    17   168    15   169 0.92 -
104262at50557_132113_0:00109a|STRG.11720.1:604-1074|+  -            157 108755at50557        -            150   3.3e-37  126.4   0.2   1   1   6.4e-39   3.8e-37  126.1   0.2     4   150     4   155     2   155 0.94 -
104262at50557_132113_0:00109a|STRG.11720.2:200-709|+   -            170 108755at50557        -            150   4.3e-37  126.0   0.2   1   1   8.7e-39   5.1e-37  125.7   0.2     4   150    17   168    15   168 0.94 -
107216at50557_103372_0:00094d|STRG.2202.1:6-572|+      -            189 108755at50557        -            150   2.4e-36  123.5   0.1   1   1   5.3e-38   3.1e-36  123.2   0.1     4   149     5   155     3   156 0.93 -
107216at50557_56086_0:000591|STRG.2392.1:3-509|+       -            169 108755at50557        -            150   3.6e-35  119.7   0.8   1   1     7e-37   4.1e-35  119.5   0.8     4   149     9   159     6   160 0.90 -
107216at50557_110193_0:000c8b|STRG.14579.2:30-608|+    -            193 108755at50557        -            150   3.9e-35  119.6   0.4   1   1   9.9e-37   5.8e-35  119.0   0.4     4   148    13   164    11   166 0.89 -
107216at50557_103372_0:00094d|STRG.4293.1:361-1005|+   -            215 108755at50557        -            150   1.1e-34  118.2   0.2   1   1   2.3e-36   1.4e-34  117.8   0.2     4   149    12   162    10   163 0.92 -
107216at50557_103372_0:00094d|STRG.4293.2:361-1005|+   -            215 108755at50557        -            150   1.1e-34  118.2   0.2   1   1   2.3e-36   1.4e-34  117.8   0.2     4   149    12   162    10   163 0.92 -
107216at50557_103372_0:00094d|STRG.4293.3:0-617|+      -            206 108755at50557        -            150     6e-34  115.8   0.2   1   1   1.3e-35   7.4e-34  115.5   0.2     4   149     3   153     1   154 0.92 -
129498at50557_103372_0:001a9c|STRG.18458.1:454-1158|+  -            235 108755at50557        -            150   7.8e-34  115.4   0.3   1   1     2e-35   1.2e-33  114.8   0.3     3   149    11   162    10   163 0.94 -
107216at50557_7004_0:001b36|STRG.17482.2:6-569|+       -            188 108755at50557        -            150   4.2e-33  113.0   0.0   1   1   8.7e-35   5.1e-33  112.7   0.0     4   149     7   156     4   157 0.91 -
104262at50557_104421_0:0019e6|STRG.7160.2:9-494|+      -            162 108755at50557        -            150   9.7e-33  111.8   0.0   1   1   1.9e-34   1.1e-32  111.7   0.0     3   149     5   156     3   157 0.93 -
107216at50557_39758_0:004d90|STRG.5756.1:284-826|+     -            181 108755at50557        -            150   3.3e-32  110.1   0.0   1   1   7.2e-34   4.3e-32  109.8   0.0     4   149    12   162    10   163 0.93 -
104262at50557_132113_0:00109a|STRG.8823.1:439-915|+    -            159 108755at50557        -            150     4e-32  109.8   0.6   1   1   8.2e-34   4.8e-32  109.6   0.6     4   149     7   156     5   157 0.89 -
106023at50557_37001_0:0016d5|STRG.7639.2:12-521|+      -            170 108755at50557        -            150   7.8e-32  108.9   0.1   1   1   1.6e-33   9.6e-32  108.6   0.1     5   150     9   163     4   163 0.83 -
106023at50557_39758_0:004d29|STRG.7639.1:109-645|+     -            179 108755at50557        -            150   9.4e-32  108.6   0.1   1   1     2e-33   1.2e-31  108.3   0.1     5   150    18   172    13   172 0.83 -
107216at50557_7004_0:001b36|STRG.17482.1:563-1430|+    -            183 108755at50557        -            150   4.5e-31  106.4   0.1   1   1   9.5e-33   5.6e-31  106.1   0.1     4   149     7   151     4   152 0.89 -
109573at50557_103372_0:0023c7|STRG.7941.1:0-653|+      -            218 108755at50557        -            150     2e-30  104.3   0.0   1   1   4.5e-32   2.6e-30  103.9   0.0     3   149     9   165     8   166 0.88 -
104262at50557_610380_0:000ef5|STRG.19903.2:3-623|+     -            207 108755at50557        -            150   2.1e-30  104.2   0.0   1   1   4.7e-32   2.7e-30  103.9   0.0     5   149     7   162     4   163 0.85 -
104262at50557_132113_0:00109a|STRG.8823.2:3-431|+      -            143 108755at50557        -            150   1.2e-28   98.6   1.0   1   1   2.3e-30   1.3e-28   98.4   1.0    14   149     1   140     1   141 0.89 -
104262at50557_132113_0:00109a|STRG.6684.1:85-633|+     -            183 108755at50557        -            150   1.4e-25   88.6   0.0   1   1     3e-27   1.8e-25   88.3   0.0     4   146    14   160    12   164 0.90 -
107216at50557_7038_0:002032|STRG.617.3:660-1060|+      -            126 108755at50557        -            150   1.9e-25   88.2   0.1   1   1   3.8e-27   2.2e-25   87.9   0.1     4   110    17   126    15   126 0.93 -
108271at50557_286306_0:004073|STRG.3046.3:0-590|+      -            197 108755at50557        -            150   3.7e-25   87.2   0.2   1   1   7.9e-27   4.6e-25   86.9   0.2     4   149    12   162     9   163 0.88 -
108271at50557_64793_0:001833|STRG.3046.2:0-602|+       -            201 108755at50557        -            150   3.8e-25   87.2   0.2   1   1   8.4e-27     5e-25   86.8   0.2     4   149    12   162     9   163 0.88 -
108271at50557_64793_0:001833|STRG.3046.1:701-1318|+    -            206 108755at50557        -            150   4.1e-25   87.1   0.2   1   1   9.2e-27   5.4e-25   86.7   0.2     4   149    17   167    14   168 0.88 -
108755at50557_121225_0:0004e7|STRG.12193.2:443-934|+   -            164 108755at50557        -            150   1.6e-24   85.2   0.0   1   1     3e-26   1.8e-24   85.0   0.0     2   147     2   154     1   157 0.87 -
108271at50557_224129_0:0005ad|STRG.8113.1:9-551|+      -            181 108755at50557        -            150   2.3e-24   84.7   0.5   1   1   5.8e-26   3.4e-24   84.1   0.5     4   149     1   151     1   152 0.86 -
107216at50557_39758_0:004d90|STRG.2190.1:60-563|+      -            168 108755at50557        -            150   5.7e-24   83.4   0.0   1   1   1.2e-25   7.3e-24   83.0   0.0     5   149    10   165     7   166 0.85 -
107216at50557_39758_0:004d90|STRG.2190.4:60-563|+      -            168 108755at50557        -            150   5.7e-24   83.4   0.0   1   1   1.2e-25   7.3e-24   83.0   0.0     5   149    10   165     7   166 0.85 -
104262at50557_88501_0:0010fe|STRG.7160.1:1110-1541|+   -            144 108755at50557        -            150   4.2e-23   80.6   0.0   1   1   8.2e-25   4.8e-23   80.4   0.0    35   149    22   141     2   142 0.90 -
108271at50557_43151_0:001e01|STRG.5703.1:89-646|+      -            186 108755at50557        -            150   1.5e-22   78.8   0.1   1   1     3e-24   1.8e-22   78.6   0.1     4   150     1   152     1   152 0.88 -
108755at50557_37001_0:002fa3|STRG.12193.1:443-790|+    -            116 108755at50557        -            150   2.3e-22   78.2   0.0   1   1   4.3e-24   2.5e-22   78.0   0.0     2   111     2   116     1   116 0.91 -
104262at50557_88501_0:0010fe|STRG.9468.1:239-889|+     -            217 108755at50557        -            150   3.7e-22   77.5   0.0   1   1   9.1e-24   5.3e-22   77.0   0.0     4   149    14   171    11   172 0.83 -
107216at50557_103372_0:00094d|STRG.16101.1:5205-5741|+ -            179 108755at50557        -            150   1.2e-21   75.9   0.1   1   1   2.6e-23   1.5e-21   75.5   0.1     4   149     4   158     2   159 0.86 -
129498at50557_37001_0:002409|STRG.19889.3:12-584|+     -            191 108755at50557        -            150   4.2e-21   74.1   0.3   1   1   9.1e-23   5.4e-21   73.7   0.3     4   148     2   157     1   159 0.86 -
108271at50557_197043_0:002be2|STRG.6929.1:12-521|+     -            170 108755at50557        -            150   5.8e-21   73.6   0.0   1   1   1.1e-22   6.7e-21   73.4   0.0     5   149     1   150     1   151 0.88 -
129498at50557_7029_0:0053a0|STRG.16101.2:5214-5898|+   -            171 108755at50557        -            150     2e-20   71.9   0.1   1   1   4.2e-22   2.4e-20   71.6   0.1     4   149     1   154     1   155 0.85 -
129498at50557_7200_0:0025b6|STRG.19889.1:185-827|+     -            175 108755at50557        -            150   3.1e-19   68.0   0.3   1   1   6.7e-21   3.9e-19   67.7   0.3     4   148     8   163     6   165 0.85 -
129498at50557_7200_0:0025b6|STRG.19889.2:185-780|+     -            175 108755at50557        -            150   3.1e-19   68.0   0.3   1   1   6.7e-21   3.9e-19   67.7   0.3     4   148     8   163     6   165 0.85 -
104262at50557_13164_0:00360e|STRG.11840.1:39-587|+     -            183 108755at50557        -            150   1.2e-18   66.1   0.0   1   1   2.4e-20   1.4e-18   65.9   0.0     5   148     1   153     1   155 0.88 -
115559at50557_286306_0:000620|STRG.9565.1:140-745|+    -            202 108755at50557        -            150   1.3e-18   66.0   0.8   1   1   3.1e-20   1.8e-18   65.5   0.8     4   147    27   175    25   178 0.84 -
115559at50557_286306_0:000620|STRG.9565.2:211-816|+    -            202 108755at50557        -            150   1.3e-18   66.0   0.8   1   1   3.1e-20   1.8e-18   65.5   0.8     4   147    27   175    25   178 0.84 -
115559at50557_286306_0:000620|STRG.9565.3:134-739|+    -            202 108755at50557        -            150   1.3e-18   66.0   0.8   1   1   3.1e-20   1.8e-18   65.5   0.8     4   147    27   175    25   178 0.84 -
108271at50557_28612_0:005172|STRG.5526.1:156-725|+     -            190 108755at50557        -            150   1.3e-18   66.0   0.0   1   1   2.9e-20   1.7e-18   65.6   0.0     2   144     2   149     1   155 0.86 -
108271at50557_43041_0:000285|STRG.15809.1:69-608|+     -            180 108755at50557        -            150   2.7e-18   64.9   0.0   1   1   5.7e-20   3.3e-18   64.7   0.0     1   143    13   160    13   166 0.84 -
129498at50557_7493_0:00132e|STRG.14417.1:977-1453|+    -            159 108755at50557        -            150   3.1e-18   64.8   0.0   1   1   6.2e-20   3.6e-18   64.6   0.0     4   148     1   147     1   149 0.82 -
129498at50557_7493_0:00132e|STRG.14417.2:344-820|+     -            159 108755at50557        -            150   3.1e-18   64.8   0.0   1   1   6.2e-20   3.6e-18   64.6   0.0     4   148     1   147     1   149 0.82 -
129498at50557_7493_0:00132e|STRG.14417.3:236-712|+     -            159 108755at50557        -            150   3.1e-18   64.8   0.0   1   1   6.2e-20   3.6e-18   64.6   0.0     4   148     1   147     1   149 0.82 -
108271at50557_43151_0:001e01|STRG.11476.1:568-1303|-   -            158 108755at50557        -            150   6.1e-18   63.8   0.0   1   1   1.4e-19   8.3e-18   63.4   0.0     4   148     1   150     1   152 0.89 -
108271at50557_40932_0:00088c|STRG.15809.2:111-739|+    -            167 108755at50557        -            150     1e-17   63.1   0.0   1   1   2.1e-19   1.2e-17   62.8   0.0     4   143     2   146     1   152 0.84 -
107216at50557_139723_0:001fab|STRG.2190.3:1061-1441|+  -            127 108755at50557        -            150     2e-17   62.1   0.0   1   1   3.9e-19   2.3e-17   61.9   0.0     5    94    11   105     8   127 0.81 -
107216at50557_139723_0:001fab|STRG.2190.5:1061-1441|+  -            127 108755at50557        -            150     2e-17   62.1   0.0   1   1   3.9e-19   2.3e-17   61.9   0.0     5    94    11   105     8   127 0.81 -
107216at50557_104452_0:000bc4|STRG.6684.6:100-570|+    -            157 108755at50557        -            150   2.1e-17   62.1   0.0   1   1     5e-19   2.9e-17   61.6   0.0     4    81     9    86     7   108 0.89 -
104262at50557_6973_0:00268c|STRG.19903.1:470-996|+     -            170 108755at50557        -            150   4.8e-17   60.9   0.2   1   2   1.9e-08   1.1e-06   27.3   0.1     5    60    14    74    11    77 0.82 -
104262at50557_6973_0:00268c|STRG.19903.1:470-996|+     -            170 108755at50557        -            150   4.8e-17   60.9   0.2   2   2   6.9e-10     4e-08   31.9   0.0   106   149    82   125    75   126 0.94 -
106023at50557_7038_0:002188|STRG.5438.1:629-955|-      -            109 108755at50557        -            150   8.9e-17   60.0   0.0   1   1   1.8e-18     1e-16   59.8   0.0    56   141     1    91     1    99 0.89 -
105221at50557_7460_0:001362|STRG.1752.1:54-695|+       -            214 108755at50557        -            150   1.1e-16   59.8   0.0   1   1   2.6e-18   1.5e-16   59.3   0.0     3   149    25   179    23   180 0.78 -
109797at50557_83485_0:000ec1|STRG.13038.1:362-1361|+   -            302 108755at50557        -            150   2.8e-16   58.4   0.0   1   1     7e-18   4.1e-16   57.9   0.0     5   149    28   174    25   175 0.84 -
140221at50557_568069_0:001a32|STRG.12470.1:645-1136|+  -            164 108755at50557        -            150   9.5e-16   56.7   0.0   1   1   2.2e-17   1.3e-15   56.2   0.0     4   127     8   135     6   163 0.85 -
140221at50557_568069_0:001a32|STRG.12470.2:645-1136|+  -            164 108755at50557        -            150   9.5e-16   56.7   0.0   1   1   2.2e-17   1.3e-15   56.2   0.0     4   127     8   135     6   163 0.85 -
105221at50557_121845_0:0034ac|STRG.17630.3:228-761|+   -            178 108755at50557        -            150     1e-15   56.6   0.2   1   1   1.5e-15   8.8e-14   50.3   0.2     4   148     7   171     4   173 0.74 -
105221at50557_121845_0:0034ac|STRG.17630.1:679-1317|+  -            175 108755at50557        -            150   1.4e-15   56.2   0.1   1   1   1.5e-15     9e-14   50.3   0.1     4   148     7   168     4   170 0.71 -
105221at50557_13164_0:0022d8|STRG.17630.2:679-1590|+   -            174 108755at50557        -            150     3e-15   55.1   0.1   1   1   3.3e-15   1.9e-13   49.2   0.1     4   148     7   167     4   169 0.70 -
108755at50557_7070_0:0026e1|STRG.19089.1:302-794|+     -            141 108755at50557        -            150   1.1e-14   53.2   0.0   1   2   8.4e-13   4.9e-11   41.4   0.0     5    66     1    64     1    73 0.87 -
108755at50557_7070_0:0026e1|STRG.19089.1:302-794|+     -            141 108755at50557        -            150   1.1e-14   53.2   0.0   2   2    0.0012     0.071   11.7   0.0    84   148    62   129    60   131 0.73 -
140221at50557_568069_0:001a32|STRG.8386.5:213-722|+    -            170 108755at50557        -            150   1.3e-14   53.0   0.0   1   1   2.7e-16   1.6e-14   52.7   0.0     4   130    15   145    12   167 0.83 -
104262at50557_13164_0:00360e|STRG.11840.2:459-971|+    -            171 108755at50557        -            150   1.8e-14   52.6   0.0   1   1   3.6e-16   2.1e-14   52.3   0.0    17   148     1   141     1   143 0.88 -
129498at50557_45779_0:0039a1|STRG.16951.1:35-214|+     -             60 108755at50557        -            150   2.1e-14   52.3   0.7   1   1   4.2e-16   2.5e-14   52.1   0.7     4    57     7    60     5    60 0.98 -
140221at50557_568069_0:001a32|STRG.8386.1:100-564|+    -            155 108755at50557        -            150     3e-14   51.8   0.0   1   1   6.1e-16   3.6e-14   51.6   0.0     5   130     1   130     1   154 0.84 -
140221at50557_568069_0:001a32|STRG.8386.2:665-1129|+   -            155 108755at50557        -            150     3e-14   51.8   0.0   1   1   6.1e-16   3.6e-14   51.6   0.0     5   130     1   130     1   154 0.84 -
140221at50557_568069_0:001a32|STRG.8386.3:329-793|+    -            155 108755at50557        -            150     3e-14   51.8   0.0   1   1   6.1e-16   3.6e-14   51.6   0.0     5   130     1   130     1   154 0.84 -
140221at50557_568069_0:001a32|STRG.8386.4:254-718|+    -            155 108755at50557        -            150     3e-14   51.8   0.0   1   1   6.1e-16   3.6e-14   51.6   0.0     5   130     1   130     1   154 0.84 -
140221at50557_568069_0:001a32|STRG.8386.6:18-482|+     -            155 108755at50557        -            150     3e-14   51.8   0.0   1   1   6.1e-16   3.6e-14   51.6   0.0     5   130     1   130     1   154 0.84 -
105221at50557_29053_0:00200e|STRG.10131.1:21-521|+     -            167 108755at50557        -            150   4.1e-14   51.4   0.0   1   1   8.5e-16     5e-14   51.1   0.0     5   149     1   156     1   157 0.82 -
140221at50557_568069_0:001a32|STRG.8309.1:138-617|+    -            160 108755at50557        -            150   6.2e-14   50.8   0.0   1   1   6.4e-15   3.8e-13   48.3   0.0     2   142     2   159     1   160 0.79 -
140221at50557_568069_0:001a32|STRG.8309.2:136-615|+    -            160 108755at50557        -            150   6.2e-14   50.8   0.0   1   1   6.4e-15   3.8e-13   48.3   0.0     2   142     2   159     1   160 0.79 -
140221at50557_568069_0:001a32|STRG.8309.3:564-1043|+   -            160 108755at50557        -            150   6.2e-14   50.8   0.0   1   1   6.4e-15   3.8e-13   48.3   0.0     2   142     2   159     1   160 0.79 -
140221at50557_568069_0:001a32|STRG.8309.4:0-479|+      -            160 108755at50557        -            150   6.2e-14   50.8   0.0   1   1   6.4e-15   3.8e-13   48.3   0.0     2   142     2   159     1   160 0.79 -
140221at50557_568069_0:001a32|STRG.18055.1:3-482|+     -            160 108755at50557        -            150     1e-13   50.1   0.0   1   1   1.9e-15   1.1e-13   50.0   0.0     2   122     2   126     1   153 0.82 -
108755at50557_1155016_0:001d0a|STRG.9468.2:675-854|+   -             60 108755at50557        -            150   1.6e-13   49.5   0.0   1   1   2.9e-15   1.7e-13   49.4   0.0     4    62     1    60     1    60 0.95 -
108755at50557_1155016_0:001d0a|STRG.9468.3:2108-2287|+ -             60 108755at50557        -            150   1.6e-13   49.5   0.0   1   1   2.9e-15   1.7e-13   49.4   0.0     4    62     1    60     1    60 0.95 -
140221at50557_568069_0:001a32|STRG.4931.1:63-539|+     -            159 108755at50557        -            150   2.1e-13   49.1   0.0   1   1   5.1e-15     3e-13   48.6   0.0     3   119     2   123     1   158 0.80 -
140221at50557_568069_0:001a32|STRG.17594.1:0-479|+     -            160 108755at50557        -            150   2.7e-13   48.7   0.0   1   1   3.3e-14   1.9e-12   46.0   0.0     2   142     2   159     1   160 0.76 -
105221at50557_54969_0:000f08|STRG.3110.2:353-841|+     -            163 108755at50557        -            150   5.5e-13   47.7   0.9   1   1   1.3e-14   7.4e-13   47.3   0.9     3   149     5   156     4   157 0.76 -
129498at50557_7227_0:0034ce|STRG.6684.5:200-610|+      -            137 108755at50557        -            150   1.6e-12   46.2   0.0   1   1   3.3e-14   1.9e-12   46.0   0.0    51   146     4   103     1   107 0.86 -
140221at50557_568069_0:001a32|STRG.14219.1:275-721|+   -            149 108755at50557        -            150   7.5e-12   44.1   0.0   1   1   1.4e-13   8.3e-12   43.9   0.0     5   142     2   148     1   149 0.77 -
140221at50557_568069_0:001a32|STRG.14219.2:325-771|+   -            149 108755at50557        -            150   7.5e-12   44.1   0.0   1   1   1.4e-13   8.3e-12   43.9   0.0     5   142     2   148     1   149 0.77 -
140221at50557_568069_0:001a32|STRG.14219.3:2184-2630|+ -            149 108755at50557        -            150   7.5e-12   44.1   0.0   1   1   1.4e-13   8.3e-12   43.9   0.0     5   142     2   148     1   149 0.77 -
140221at50557_568069_0:001a32|STRG.14219.4:27-473|+    -            149 108755at50557        -            150   7.5e-12   44.1   0.0   1   1   1.4e-13   8.3e-12   43.9   0.0     5   142     2   148     1   149 0.77 -
107216at50557_28612_0:00371f|STRG.2190.2:1085-1438|+   -            118 108755at50557        -            150   1.4e-11   43.2   0.0   1   2   4.8e-07   2.8e-05   22.7   0.0     5    42     3    40     1    61 0.88 -
107216at50557_28612_0:00371f|STRG.2190.2:1085-1438|+   -            118 108755at50557        -            150   1.4e-11   43.2   0.0   2   2   5.2e-06    0.0003   19.4   0.0   105   149    69   115    43   116 0.80 -
140221at50557_568069_0:001a32|STRG.18055.2:492-941|+   -            150 108755at50557        -            150   1.7e-11   42.9   0.0   1   1   3.2e-13   1.9e-11   42.7   0.0    12   123     2   117     1   144 0.82 -
115559at50557_42026_0:0013f7|STRG.12111.1:1119-1610|+  -            164 108755at50557        -            150   6.7e-10   37.7   0.0   1   1   1.9e-10   1.1e-08   33.7   0.0     4   148     9   156     6   158 0.69 -
108271at50557_13249_0:001644|STRG.7267.1:21-506|+      -            162 108755at50557        -            150   1.8e-09   36.4   0.0   1   1   3.8e-11   2.2e-09   36.0   0.0     5   143     1   143     1   148 0.83 -
104262at50557_378494_0:000a18|STRG.19903.1:700-927|+   -             76 108755at50557        -            150   4.9e-09   34.9   0.0   1   1   1.1e-10   6.2e-09   34.6   0.0   106   149    11    54     4    55 0.94 -
104262at50557_56086_0:00316c|STRG.16952.1:1-237|+      -             79 108755at50557        -            150   6.9e-09   34.4   0.3   1   1   3.8e-10   2.3e-08   32.8   0.3    58   119     1    67     1    79 0.80 -
108271at50557_13037_0:002e30|STRG.11476.1:803-1309|-   -            106 108755at50557        -            150   1.3e-08   33.6   0.0   1   1   2.5e-10   1.5e-08   33.3   0.0     3    77     2    75     1    93 0.85 -
108271at50557_7536_0:004142|STRG.2261.1:600-1139|+     -            180 108755at50557        -            150   5.9e-08   31.4   0.0   1   1   5.5e-09   3.2e-07   29.0   0.0    84   143    84   144     1   152 0.63 -
115559at50557_51655_0:001474|STRG.8658.1:1-372|+       -            124 108755at50557        -            150   6.5e-08   31.3   0.2   1   1   1.7e-09     1e-07   30.6   0.2    13   127     1   122     1   124 0.78 -
118237at50557_411798_0:000ee6|STRG.18103.2:0-620|+     -            207 108755at50557        -            150   1.2e-07   30.4   0.0   1   1   2.9e-09   1.7e-07   29.9   0.0     6   125    26   151    23   162 0.81 -
109797at50557_56086_0:0019c0|STRG.6684.4:73-291|+      -             73 108755at50557        -            150   1.4e-07   30.2   0.0   1   1   2.5e-09   1.5e-07   30.1   0.0    50   115     4    73     1    73 0.82 -
28600at50557_520822_0:000c07|STRG.19519.2:698-2578|+   -            627 108755at50557        -            150   2.7e-07   29.3   0.0   1   2   1.4e-05    0.0008   18.0   0.0     4   148    12   161     9   163 0.76 -
28600at50557_520822_0:000c07|STRG.19519.2:698-2578|+   -            627 108755at50557        -            150   2.7e-07   29.3   0.0   2   2     0.014       0.8    8.3   0.0     8   120   428   544   422   549 0.75 -
28600at50557_13686_0:0008a3|STRG.19519.1:698-2617|+    -            640 108755at50557        -            150   2.9e-07   29.2   0.0   1   2   1.4e-05   0.00083   17.9   0.0     4   148    12   161     9   163 0.76 -
28600at50557_13686_0:0008a3|STRG.19519.1:698-2617|+    -            640 108755at50557        -            150   2.9e-07   29.2   0.0   2   2     0.014      0.83    8.2   0.0     8   120   428   544   422   549 0.75 -
115559at50557_110193_0:002217|STRG.2261.2:166-552|+    -            129 108755at50557        -            150   4.2e-07   28.6   0.0   1   1   8.7e-09   5.1e-07   28.4   0.0   106   143    75   112    45   120 0.84 -
104262at50557_88501_0:0010fe|STRG.4804.1:213-833|+     -            207 108755at50557        -            150   8.5e-07   27.7   0.0   1   2   3.2e-05    0.0019   16.8   0.0     4    74    29   101    26   135 0.83 -
104262at50557_88501_0:0010fe|STRG.4804.1:213-833|+     -            207 108755at50557        -            150   8.5e-07   27.7   0.0   2   2     0.006      0.35    9.4   0.0    88   127   137   180   117   207 0.63 -
104262at50557_88501_0:0010fe|STRG.4804.2:45-665|+      -            207 108755at50557        -            150   8.5e-07   27.7   0.0   1   2   3.2e-05    0.0019   16.8   0.0     4    74    29   101    26   135 0.83 -
104262at50557_88501_0:0010fe|STRG.4804.2:45-665|+      -            207 108755at50557        -            150   8.5e-07   27.7   0.0   2   2     0.006      0.35    9.4   0.0    88   127   137   180   117   207 0.63 -
104262at50557_88501_0:0010fe|STRG.4804.3:45-665|+      -            207 108755at50557        -            150   8.5e-07   27.7   0.0   1   2   3.2e-05    0.0019   16.8   0.0     4    74    29   101    26   135 0.83 -
104262at50557_88501_0:0010fe|STRG.4804.3:45-665|+      -            207 108755at50557        -            150   8.5e-07   27.7   0.0   2   2     0.006      0.35    9.4   0.0    88   127   137   180   117   207 0.63 -
108271at50557_34740_0:0010fd|STRG.10806.1:1467-2105|+  -            213 108755at50557        -            150   1.4e-06   26.9   0.0   1   1     1e-07   6.1e-06   24.9   0.0     2   114    36   162    35   202 0.65 -
118237at50557_7070_0:00080a|STRG.14256.1:1146-1622|+   -            159 108755at50557        -            150   2.7e-06   26.0   0.0   1   1   5.8e-08   3.4e-06   25.7   0.0     5   116     2   115     1   123 0.84 -
105221at50557_166361_0:00208a|STRG.16101.3:753-1076|+  -            108 108755at50557        -            150   6.4e-06   24.8   0.0   1   1   1.2e-07   7.3e-06   24.6   0.0    58   149     1   100     1   101 0.79 -
111939at50557_103372_0:001457|STRG.19609.1:88-722|+    -            186 108755at50557        -            150   3.2e-05   22.5   0.0   1   1   8.1e-07   4.8e-05   22.0   0.0     5   116    22   135    18   150 0.75 -
111939at50557_103372_0:001457|STRG.19609.2:0-557|+     -            186 108755at50557        -            150   3.2e-05   22.5   0.0   1   1   8.1e-07   4.8e-05   22.0   0.0     5   116    22   135    18   150 0.75 -
118237at50557_411798_0:000ee6|STRG.18103.1:591-1265|+  -            181 108755at50557        -            150   3.4e-05   22.4   0.0   1   1   8.2e-07   4.8e-05   22.0   0.0     6    86    26   106    23   124 0.84 -
109573at50557_454923_0:0006c3|STRG.6684.3:200-526|+    -            109 108755at50557        -            150    0.0003   19.4   0.0   1   1   5.6e-06   0.00033   19.3   0.0    51    82     4    35     1    75 0.82 -
104262at50557_2015173_0:0022de|STRG.9936.1:144-596|+   -            151 108755at50557        -            150   0.00031   19.3   0.1   1   1   5.9e-06   0.00035   19.2   0.1     4    92     1    94     1   135 0.82 -
104262at50557_2015173_0:0022de|STRG.9936.2:369-821|+   -            151 108755at50557        -            150   0.00031   19.3   0.1   1   1   5.9e-06   0.00035   19.2   0.1     4    92     1    94     1   135 0.82 -
117348at50557_104688_0:0004f3|STRG.3732.1:189-596|+    -            136 108755at50557        -            150   0.00041   18.9   0.0   1   1   9.1e-06   0.00053   18.6   0.0     4    97    10    96     7   125 0.79 -
129498at50557_7282_0:0022e4|STRG.6684.2:200-586|+      -            129 108755at50557        -            150   0.00042   18.9   0.0   1   1   9.9e-06   0.00058   18.5   0.0    51    82     4    35     1    57 0.79 -
111939at50557_69319_0:001fe2|STRG.5930.2:9-314|+       -            102 108755at50557        -            150   0.00072   18.1   0.0   1   1   1.5e-05   0.00086   17.9   0.0     5    90     2    94     1   100 0.70 -
118237at50557_28612_0:004a80|STRG.19414.1:51-539|+     -            163 108755at50557        -            150   0.00099   17.7   0.0   1   1   2.2e-05    0.0013   17.3   0.0     6   118     3   116     1   129 0.74 -
118237at50557_7070_0:00080a|STRG.11357.1:5-415|+       -            137 108755at50557        -            150    0.0011   17.5   0.0   1   1   2.4e-05    0.0014   17.2   0.0    49   119    25   101     8   132 0.69 -
118237at50557_121845_0:0047c3|STRG.13880.1:122-640|+   -            173 108755at50557        -            150    0.0012   17.5   0.0   1   1   2.7e-05    0.0016   17.0   0.0     4   120    18   135    15   166 0.68 -
118237at50557_121845_0:0047c3|STRG.13880.2:122-712|+   -            173 108755at50557        -            150    0.0012   17.5   0.0   1   1   2.7e-05    0.0016   17.0   0.0     4   120    18   135    15   166 0.68 -
118237at50557_121845_0:0047c3|STRG.13880.3:418-1008|+  -            173 108755at50557        -            150    0.0012   17.5   0.0   1   1   2.7e-05    0.0016   17.0   0.0     4   120    18   135    15   166 0.68 -
107216at50557_7394_0:0010f2|STRG.19792.1:836-1432|+    -            199 108755at50557        -            150    0.0062   15.1   0.0   1   2     0.016      0.93    8.1   0.0     5   116     9   138     6   145 0.51 -
107216at50557_7394_0:0010f2|STRG.19792.1:836-1432|+    -            199 108755at50557        -            150    0.0062   15.1   0.0   2   2       1.1        64    2.1   0.0   121   148   166   193   159   195 0.81 -
#
# Program:         hmmsearch
# Version:         3.4 (Aug 2023)
# Pipeline mode:   SEARCH
# Query file:      /data/projet1/projet_tutore/busco_downloads/lineages/insecta_odb10/hmms/108755at50557.hmm
# Target file:     annotation_analysis/annotation_gca/T_zeteki/busco_output/run_insecta_odb10/metaeuk_output/initial_results/assembled_transcripts.fasta.modified.fas
# Option settings: hmmsearch --domtblout annotation_analysis/annotation_gca/T_zeteki/busco_output/run_insecta_odb10/hmmer_output/initial_run_results/108755at50557.out --cpu 1 /data/projet1/projet_tutore/busco_downloads/lineages/insecta_odb10/hmms/108755at50557.hmm annotation_analysis/annotation_gca/T_zeteki/busco_output/run_insecta_odb10/metaeuk_output/initial_results/assembled_transcripts.fasta.modified.fas 
# Current dir:     /data/projet1/projet_tutore
# Date:            Sun Dec  1 17:32:46 2024
# [ok]
