#                                                                                                            --- full sequence --- -------------- this domain -------------   hmm coord   ali coord   env coord
# target name                                        accession   tlen query name           accession   qlen   E-value  score  bias   #  of  c-Evalue  i-Evalue  score  bias  from    to  from    to  from    to  acc description of target
#                                ------------------- ---------- ----- -------------------- ---------- ----- --------- ------ ----- --- --- --------- --------- ------ ----- ----- ----- ----- ----- ----- ----- ---- ---------------------
10998at50557_34720_0:00269f|STRG.16484.3:165-3014|+  -            950 10998at50557         -            270  1.5e-118  393.8   4.2   1   1    6e-121  2.7e-118  393.0   4.2     1   270   113   430   113   430 0.92 -
10998at50557_34720_0:00269f|STRG.16484.6:165-4379|+  -            950 10998at50557         -            270  1.5e-118  393.8   4.2   1   1    6e-121  2.7e-118  393.0   4.2     1   270   113   430   113   430 0.92 -
10998at50557_34720_0:00269f|STRG.16484.2:151-3528|+  -           1126 10998at50557         -            270    2e-118  393.4   4.2   1   1  8.4e-121  3.8e-118  392.5   4.2     1   270   289   606   289   606 0.92 -
10998at50557_34720_0:00269f|STRG.16484.1:151-4893|+  -           1126 10998at50557         -            270    2e-118  393.4   4.2   1   1  8.4e-121  3.8e-118  392.5   4.2     1   270   289   606   289   606 0.92 -
10998at50557_34720_0:00269f|STRG.16484.4:69-5858|+   -           1475 10998at50557         -            270  3.4e-118  392.7   4.2   1   1  1.4e-120  6.1e-118  391.8   4.2     1   270   638   955   638   955 0.92 -
10998at50557_34720_0:00269f|STRG.16484.8:6-4460|+    -           1485 10998at50557         -            270  3.4e-118  392.6   4.2   1   1  1.4e-120  6.2e-118  391.8   4.2     1   270   648   965   648   965 0.92 -
10998at50557_34720_0:00269f|STRG.16484.7:69-4556|+   -           1496 10998at50557         -            270  3.4e-118  392.6   4.2   1   1  1.4e-120  6.2e-118  391.8   4.2     1   270   659   976   659   976 0.92 -
10998at50557_34720_0:00269f|STRG.16484.5:2-4507|+    -           1502 10998at50557         -            270  3.5e-118  392.6   4.2   1   1  1.4e-120  6.3e-118  391.8   4.2     1   270   665   982   665   982 0.92 -
10998at50557_45779_0:00034b|STRG.19011.1:578-1705|+  -            376 10998at50557         -            270     1e-23   82.8   7.2   1   1   4.3e-24   1.9e-21   75.3   7.2     1   270    35   375    35   375 0.73 -
10998at50557_45779_0:00034b|STRG.19011.2:2990-4117|+ -            376 10998at50557         -            270     1e-23   82.8   7.2   1   1   4.3e-24   1.9e-21   75.3   7.2     1   270    35   375    35   375 0.73 -
10998at50557_45779_0:00034b|STRG.19011.3:752-1879|+  -            376 10998at50557         -            270     1e-23   82.8   7.2   1   1   4.3e-24   1.9e-21   75.3   7.2     1   270    35   375    35   375 0.73 -
10998at50557_45779_0:00034b|STRG.19011.4:3434-4561|+ -            376 10998at50557         -            270     1e-23   82.8   7.2   1   1   4.3e-24   1.9e-21   75.3   7.2     1   270    35   375    35   375 0.73 -
10998at50557_45779_0:00034b|STRG.19011.5:2693-3820|+ -            376 10998at50557         -            270     1e-23   82.8   7.2   1   1   4.3e-24   1.9e-21   75.3   7.2     1   270    35   375    35   375 0.73 -
10998at50557_45779_0:00034b|STRG.19011.6:462-1589|+  -            376 10998at50557         -            270     1e-23   82.8   7.2   1   1   4.3e-24   1.9e-21   75.3   7.2     1   270    35   375    35   375 0.73 -
107099at50557_103372_0:00205a|STRG.6455.3:0-785|+    -            262 10998at50557         -            270    0.0048   15.0   2.3   1   1     2e-05    0.0089   14.2   2.3   112   203    64   157    52   166 0.87 -
107099at50557_103372_0:00205a|STRG.6455.2:143-1135|+ -            265 10998at50557         -            270    0.0049   15.0   2.3   1   1     2e-05    0.0091   14.1   2.3   112   203    67   160    55   169 0.87 -
107099at50557_103372_0:00205a|STRG.6455.1:133-936|+  -            268 10998at50557         -            270     0.005   15.0   2.3   1   1   2.1e-05    0.0093   14.1   2.3   112   203    70   163    58   172 0.87 -
#
# Program:         hmmsearch
# Version:         3.4 (Aug 2023)
# Pipeline mode:   SEARCH
# Query file:      /data/projet1/projet_tutore/busco_downloads/lineages/insecta_odb10/hmms/10998at50557.hmm
# Target file:     annotation_analysis/annotation_gca/T_zeteki/busco_output/run_insecta_odb10/metaeuk_output/initial_results/assembled_transcripts.fasta.modified.fas
# Option settings: hmmsearch --domtblout annotation_analysis/annotation_gca/T_zeteki/busco_output/run_insecta_odb10/hmmer_output/initial_run_results/10998at50557.out --cpu 1 /data/projet1/projet_tutore/busco_downloads/lineages/insecta_odb10/hmms/10998at50557.hmm annotation_analysis/annotation_gca/T_zeteki/busco_output/run_insecta_odb10/metaeuk_output/initial_results/assembled_transcripts.fasta.modified.fas 
# Current dir:     /data/projet1/projet_tutore
# Date:            Sun Dec  1 17:32:51 2024
# [ok]
