#                                                                                                             --- full sequence --- -------------- this domain -------------   hmm coord   ali coord   env coord
# target name                                         accession   tlen query name           accession   qlen   E-value  score  bias   #  of  c-Evalue  i-Evalue  score  bias  from    to  from    to  from    to  acc description of target
#                                 ------------------- ---------- ----- -------------------- ---------- ----- --------- ------ ----- --- --- --------- --------- ------ ----- ----- ----- ----- ----- ----- ----- ---- ---------------------
111744at50557_103372_0:001abd|STRG.15071.1:108-1280|+ -            391 111744at50557        -            301    6e-123  408.6  16.9   1   1  1.9e-122  6.1e-120  398.7  16.9     1   301    22   387    22   387 0.86 -
111744at50557_103372_0:001abd|STRG.15071.2:119-1231|+ -            371 111744at50557        -            301  1.3e-122  407.5  17.1   1   1  4.7e-122  1.5e-119  397.4  17.1     2   301     3   367     2   367 0.86 -
111744at50557_103372_0:001abd|STRG.15071.3:54-1163|+  -            370 111744at50557        -            301  1.3e-122  407.5  17.1   1   1  4.7e-122  1.5e-119  397.4  17.1     2   301     2   366     1   366 0.86 -
92128at50557_7029_0:005190|STRG.11394.1:972-1856|+    -            295 111744at50557        -            301   2.1e-12   45.6   0.0   1   2      0.41   1.3e+02    0.3   7.7    16    66    16    65     1   116 0.65 -
92128at50557_7029_0:005190|STRG.11394.1:972-1856|+    -            295 111744at50557        -            301   2.1e-12   45.6   0.0   2   2   6.7e-15   2.1e-12   45.6   0.0   215   286   220   295   218   295 0.78 -
92128at50557_7029_0:005190|STRG.11394.2:972-1856|+    -            295 111744at50557        -            301   2.1e-12   45.6   0.0   1   2      0.41   1.3e+02    0.3   7.7    16    66    16    65     1   116 0.65 -
92128at50557_7029_0:005190|STRG.11394.2:972-1856|+    -            295 111744at50557        -            301   2.1e-12   45.6   0.0   2   2   6.7e-15   2.1e-12   45.6   0.0   215   286   220   295   218   295 0.78 -
92128at50557_7029_0:005190|STRG.11394.3:930-1814|+    -            295 111744at50557        -            301   2.1e-12   45.6   0.0   1   2      0.41   1.3e+02    0.3   7.7    16    66    16    65     1   116 0.65 -
92128at50557_7029_0:005190|STRG.11394.3:930-1814|+    -            295 111744at50557        -            301   2.1e-12   45.6   0.0   2   2   6.7e-15   2.1e-12   45.6   0.0   215   286   220   295   218   295 0.78 -
92128at50557_7029_0:005190|STRG.11394.4:925-1809|+    -            295 111744at50557        -            301   2.1e-12   45.6   0.0   1   2      0.41   1.3e+02    0.3   7.7    16    66    16    65     1   116 0.65 -
92128at50557_7029_0:005190|STRG.11394.4:925-1809|+    -            295 111744at50557        -            301   2.1e-12   45.6   0.0   2   2   6.7e-15   2.1e-12   45.6   0.0   215   286   220   295   218   295 0.78 -
92128at50557_7029_0:005190|STRG.11394.5:941-1825|+    -            295 111744at50557        -            301   2.1e-12   45.6   0.0   1   2      0.41   1.3e+02    0.3   7.7    16    66    16    65     1   116 0.65 -
92128at50557_7029_0:005190|STRG.11394.5:941-1825|+    -            295 111744at50557        -            301   2.1e-12   45.6   0.0   2   2   6.7e-15   2.1e-12   45.6   0.0   215   286   220   295   218   295 0.78 -
92128at50557_7029_0:005190|STRG.11394.6:988-1872|+    -            295 111744at50557        -            301   2.1e-12   45.6   0.0   1   2      0.41   1.3e+02    0.3   7.7    16    66    16    65     1   116 0.65 -
92128at50557_7029_0:005190|STRG.11394.6:988-1872|+    -            295 111744at50557        -            301   2.1e-12   45.6   0.0   2   2   6.7e-15   2.1e-12   45.6   0.0   215   286   220   295   218   295 0.78 -
92128at50557_7029_0:005190|STRG.11394.7:768-1652|+    -            295 111744at50557        -            301   2.1e-12   45.6   0.0   1   2      0.41   1.3e+02    0.3   7.7    16    66    16    65     1   116 0.65 -
92128at50557_7029_0:005190|STRG.11394.7:768-1652|+    -            295 111744at50557        -            301   2.1e-12   45.6   0.0   2   2   6.7e-15   2.1e-12   45.6   0.0   215   286   220   295   218   295 0.78 -
92128at50557_103372_0:00151f|STRG.4803.1:0-926|+      -            309 111744at50557        -            301   8.6e-11   40.3   0.7   1   2   4.3e-13   1.4e-10   39.7   0.1   211   290    44   127    13   134 0.80 -
92128at50557_103372_0:00151f|STRG.4803.1:0-926|+      -            309 111744at50557        -            301   8.6e-11   40.3   0.7   2   2       3.1   9.8e+02   -2.5   0.1   179   213   152   187   148   201 0.59 -
92128at50557_7159_0:001a99|STRG.889.1:874-1839|+      -            322 111744at50557        -            301   6.1e-09   34.3   0.2   1   2     0.095        30    2.4   0.2    64    93    41    71    28   128 0.71 -
92128at50557_7159_0:001a99|STRG.889.1:874-1839|+      -            322 111744at50557        -            301   6.1e-09   34.3   0.2   2   2   4.4e-10   1.4e-07   29.8   0.0   216   287   219   294   194   303 0.85 -
92128at50557_108931_0:002241|STRG.9928.1:177-1136|+   -            320 111744at50557        -            301   1.6e-08   32.9   0.1   1   3       1.3   4.3e+02   -1.4   1.1    63    77    41    55    32    62 0.84 -
92128at50557_108931_0:002241|STRG.9928.1:177-1136|+   -            320 111744at50557        -            301   1.6e-08   32.9   0.1   2   3   4.9e-11   1.6e-08   32.9   0.1   217   288   165   239   159   244 0.83 -
92128at50557_108931_0:002241|STRG.9928.1:177-1136|+   -            320 111744at50557        -            301   1.6e-08   32.9   0.1   3   3         3   9.5e+02   -2.5   0.4   280   293   272   285   269   291 0.78 -
92128at50557_108931_0:002241|STRG.9928.2:177-1136|+   -            320 111744at50557        -            301   1.6e-08   32.9   0.1   1   3       1.3   4.3e+02   -1.4   1.1    63    77    41    55    32    62 0.84 -
92128at50557_108931_0:002241|STRG.9928.2:177-1136|+   -            320 111744at50557        -            301   1.6e-08   32.9   0.1   2   3   4.9e-11   1.6e-08   32.9   0.1   217   288   165   239   159   244 0.83 -
92128at50557_108931_0:002241|STRG.9928.2:177-1136|+   -            320 111744at50557        -            301   1.6e-08   32.9   0.1   3   3         3   9.5e+02   -2.5   0.4   280   293   272   285   269   291 0.78 -
111744at50557_13037_0:000a98|STRG.18737.3:891-1997|+  -            369 111744at50557        -            301   1.1e-07   30.1   2.1   1   2     0.011       3.5    5.5   2.3     2    83     1    74     1    79 0.79 -
111744at50557_13037_0:000a98|STRG.18737.3:891-1997|+  -            369 111744at50557        -            301   1.1e-07   30.1   2.1   2   2   1.1e-07   3.5e-05   21.9   0.0   216   289   280   357   274   368 0.85 -
111744at50557_39758_0:0024da|STRG.7101.2:660-1589|+   -            310 111744at50557        -            301   1.4e-07   29.8   0.3   1   2       1.1   3.4e+02   -1.0   9.9     2    83    10    78     9    86 0.73 -
111744at50557_39758_0:0024da|STRG.7101.2:660-1589|+   -            310 111744at50557        -            301   1.4e-07   29.8   0.3   2   2   4.3e-10   1.4e-07   29.8   0.3   216   285   236   309   212   310 0.79 -
92128at50557_69319_0:0011dd|STRG.6853.1:198-1040|+    -            281 111744at50557        -            301   4.6e-06   24.8   0.1   1   2       2.9   9.2e+02   -2.4   0.0    14    25     4    15     2    32 0.84 -
92128at50557_69319_0:0011dd|STRG.6853.1:198-1040|+    -            281 111744at50557        -            301   4.6e-06   24.8   0.1   2   2   5.2e-08   1.7e-05   23.0   0.1   217   288   161   239   149   244 0.77 -
92128at50557_7224_0:00002f|STRG.624.1:240-1259|+      -            340 111744at50557        -            301   0.00075   17.6   0.0   1   2       3.3     1e+03   -2.6   1.6    62    78    38    54     2    63 0.80 -
92128at50557_7224_0:00002f|STRG.624.1:240-1259|+      -            340 111744at50557        -            301   0.00075   17.6   0.0   2   2   2.3e-06   0.00075   17.6   0.0   217   289   176   252   130   261 0.78 -
92128at50557_7224_0:00002f|STRG.624.2:27-1046|+       -            340 111744at50557        -            301   0.00075   17.6   0.0   1   2       3.3     1e+03   -2.6   1.6    62    78    38    54     2    63 0.80 -
92128at50557_7224_0:00002f|STRG.624.2:27-1046|+       -            340 111744at50557        -            301   0.00075   17.6   0.0   2   2   2.3e-06   0.00075   17.6   0.0   217   289   176   252   130   261 0.78 -
26388at50557_56086_0:004349|STRG.9975.1:6812-7162|+   -            117 111744at50557        -            301    0.0031   15.5   0.1   1   2      0.15        47    1.8   0.0   240   274     7    40     2    54 0.66 -
26388at50557_56086_0:004349|STRG.9975.1:6812-7162|+   -            117 111744at50557        -            301    0.0031   15.5   0.1   2   2   0.00013      0.04   11.9   0.0   224   253    68   105    59   110 0.63 -
26388at50557_56086_0:004349|STRG.9975.2:6814-7164|+   -            117 111744at50557        -            301    0.0031   15.5   0.1   1   2      0.15        47    1.8   0.0   240   274     7    40     2    54 0.66 -
26388at50557_56086_0:004349|STRG.9975.2:6814-7164|+   -            117 111744at50557        -            301    0.0031   15.5   0.1   2   2   0.00013      0.04   11.9   0.0   224   253    68   105    59   110 0.63 -
26388at50557_56086_0:004349|STRG.16140.1:3088-3576|+  -            163 111744at50557        -            301     0.021   12.8   0.4   1   2      0.16        51    1.7   0.1   241   281    61   104    56   117 0.72 -
26388at50557_56086_0:004349|STRG.16140.1:3088-3576|+  -            163 111744at50557        -            301     0.021   12.8   0.4   2   2    0.0008      0.25    9.2   0.0   222   257   120   163   118   163 0.65 -
26388at50557_56086_0:004349|STRG.16140.2:3099-3587|+  -            163 111744at50557        -            301     0.021   12.8   0.4   1   2      0.16        51    1.7   0.1   241   281    61   104    56   117 0.72 -
26388at50557_56086_0:004349|STRG.16140.2:3099-3587|+  -            163 111744at50557        -            301     0.021   12.8   0.4   2   2    0.0008      0.25    9.2   0.0   222   257   120   163   118   163 0.65 -
26388at50557_123851_0:0008a6|STRG.9938.1:4098-4583|+  -            162 111744at50557        -            301     0.034   12.1   2.2   1   2      0.39   1.2e+02    0.4   0.0     1    37    55    93    55   103 0.59 -
26388at50557_123851_0:0008a6|STRG.9938.1:4098-4583|+  -            162 111744at50557        -            301     0.034   12.1   2.2   2   2   0.00023     0.074   11.0   0.0   225   257   120   160   109   161 0.74 -
#
# Program:         hmmsearch
# Version:         3.4 (Aug 2023)
# Pipeline mode:   SEARCH
# Query file:      /data/projet1/projet_tutore/busco_downloads/lineages/insecta_odb10/hmms/111744at50557.hmm
# Target file:     annotation_analysis/annotation_gca/T_zeteki/busco_output/run_insecta_odb10/metaeuk_output/initial_results/assembled_transcripts.fasta.modified.fas
# Option settings: hmmsearch --domtblout annotation_analysis/annotation_gca/T_zeteki/busco_output/run_insecta_odb10/hmmer_output/initial_run_results/111744at50557.out --cpu 1 /data/projet1/projet_tutore/busco_downloads/lineages/insecta_odb10/hmms/111744at50557.hmm annotation_analysis/annotation_gca/T_zeteki/busco_output/run_insecta_odb10/metaeuk_output/initial_results/assembled_transcripts.fasta.modified.fas 
# Current dir:     /data/projet1/projet_tutore
# Date:            Sun Dec  1 17:32:53 2024
# [ok]
