#                                                                                                              --- full sequence --- -------------- this domain -------------   hmm coord   ali coord   env coord
# target name                                          accession   tlen query name           accession   qlen   E-value  score  bias   #  of  c-Evalue  i-Evalue  score  bias  from    to  from    to  from    to  acc description of target
#                                  ------------------- ---------- ----- -------------------- ---------- ----- --------- ------ ----- --- --- --------- --------- ------ ----- ----- ----- ----- ----- ----- ----- ---- ---------------------
117348at50557_456900_0:002d4b|STRG.5070.1:6-272|-      -             89 117348at50557        -            180   1.2e-52  177.2   1.7   1   1   1.8e-54   1.3e-52  177.1   1.7     1    88     1    88     1    89 0.99 -
117348at50557_456900_0:002c58|STRG.5071.1:241-507|+    -             89 117348at50557        -            180   1.9e-38  130.9   0.0   1   1     3e-40   2.1e-38  130.8   0.0    86   164     2    89     1    89 0.92 -
118237at50557_121845_0:0047c3|STRG.2073.1:149-673|+    -            175 117348at50557        -            180   5.1e-33  113.2   0.2   1   1   2.5e-34   1.7e-32  111.4   0.2     8   178     2   171     1   173 0.87 -
118237at50557_121845_0:0047c3|STRG.2073.3:21-545|+     -            175 117348at50557        -            180   5.1e-33  113.2   0.2   1   1   2.5e-34   1.7e-32  111.4   0.2     8   178     2   171     1   173 0.87 -
118237at50557_121845_0:0047c3|STRG.2073.2:149-679|+    -            177 117348at50557        -            180   1.4e-32  111.8   0.2   1   1   6.9e-34   4.8e-32  110.0   0.2     8   176     2   169     1   172 0.87 -
118237at50557_121845_0:0047c3|STRG.13880.1:122-640|+   -            173 117348at50557        -            180   2.2e-30  104.6   0.1   1   1   7.2e-32   4.9e-30  103.5   0.1     3   174     3   173     1   173 0.86 -
118237at50557_121845_0:0047c3|STRG.13880.2:122-712|+   -            173 117348at50557        -            180   2.2e-30  104.6   0.1   1   1   7.2e-32   4.9e-30  103.5   0.1     3   174     3   173     1   173 0.86 -
118237at50557_121845_0:0047c3|STRG.13880.3:418-1008|+  -            173 117348at50557        -            180   2.2e-30  104.6   0.1   1   1   7.2e-32   4.9e-30  103.5   0.1     3   174     3   173     1   173 0.86 -
118237at50557_28612_0:004a80|STRG.19414.1:51-539|+     -            163 117348at50557        -            180   2.8e-27   94.5   0.0   1   1   9.8e-29   6.7e-27   93.2   0.0    20   176     3   158     1   162 0.83 -
111939at50557_103372_0:001457|STRG.19609.1:88-722|+    -            186 117348at50557        -            180   3.9e-26   90.8   0.1   1   1   8.3e-28   5.7e-26   90.2   0.1     7   176    10   179     1   183 0.85 -
111939at50557_103372_0:001457|STRG.19609.2:0-557|+     -            186 117348at50557        -            180   3.9e-26   90.8   0.1   1   1   8.3e-28   5.7e-26   90.2   0.1     7   176    10   179     1   183 0.85 -
117348at50557_104688_0:0004f3|STRG.3732.1:189-596|+    -            136 117348at50557        -            180   5.2e-26   90.4   0.0   1   1   1.4e-27   9.6e-26   89.5   0.0    12   145     3   135     1   136 0.85 -
117348at50557_116153_0:00098a|STRG.14657.1:8-415|+     -            136 117348at50557        -            180   1.2e-25   89.1   0.0   1   1     2e-27   1.4e-25   89.0   0.0    52   180     1   136     1   136 0.90 -
118237at50557_7070_0:00080a|STRG.11357.1:5-415|+       -            137 117348at50557        -            180   5.6e-24   83.7   0.0   1   1   9.1e-26   6.2e-24   83.6   0.0    54   170    13   136     2   137 0.86 -
118237at50557_7539_0:0029ad|STRG.6607.1:377-832|+      -            152 117348at50557        -            180   1.4e-23   82.4   0.2   1   1   4.4e-25     3e-23   81.3   0.2    20   171     1   151     1   152 0.84 -
118237at50557_7539_0:0029ad|STRG.6607.2:0-449|+        -            150 117348at50557        -            180   7.9e-23   80.0   0.1   1   1   2.5e-24   1.7e-22   78.9   0.1    23   171     2   149     1   150 0.84 -
118237at50557_7070_0:00080a|STRG.14256.1:1146-1622|+   -            159 117348at50557        -            180     1e-22   79.6   0.0   1   1   2.5e-24   1.7e-22   78.9   0.0    20   173     3   158     1   159 0.80 -
118237at50557_411798_0:000ee6|STRG.18103.2:0-620|+     -            207 117348at50557        -            180   1.4e-22   79.2   0.0   1   1     3e-24   2.1e-22   78.6   0.0    18   178    24   192    12   195 0.74 -
117348at50557_29031_0:00277d|STRG.18050.3:373-909|+    -            179 117348at50557        -            180   2.9e-21   74.9   0.7   1   1   2.4e-22   1.7e-20   72.4   0.7    21   137     2   116     1   171 0.79 -
117348at50557_7091_0:000076|STRG.15025.1:2-370|+       -            123 117348at50557        -            180   3.8e-20   71.2   0.0   1   1   6.4e-22   4.4e-20   71.1   0.0    67   178     2   122     1   123 0.86 -
117348at50557_54969_0:003e1b|STRG.18050.2:373-804|+    -            106 117348at50557        -            180   2.1e-17   62.3   0.1   1   1   3.9e-19   2.7e-17   62.0   0.1    20   119     1    97     1   106 0.86 -
117348at50557_7539_0:000af2|STRG.9497.2:173-682|+      -            170 117348at50557        -            180   1.6e-16   59.5   0.0   1   1     1e-17   6.9e-16   57.4   0.0    21   175     2   167     1   170 0.74 -
117348at50557_7159_0:000a6a|STRG.18050.4:373-684|+     -            104 117348at50557        -            180   1.8e-16   59.3   0.2   1   1   7.8e-18   5.4e-16   57.7   0.2    20   119     1    95     1   104 0.86 -
117348at50557_7539_0:000af2|STRG.9497.1:1098-1604|+    -            169 117348at50557        -            180   2.8e-16   58.6   0.0   1   1   1.8e-17   1.3e-15   56.5   0.0    21   175     1   166     1   169 0.74 -
117348at50557_7539_0:000af2|STRG.9497.3:156-662|+      -            169 117348at50557        -            180   2.8e-16   58.6   0.0   1   1   1.8e-17   1.3e-15   56.5   0.0    21   175     1   166     1   169 0.74 -
118237at50557_411798_0:000ee6|STRG.18103.1:591-1265|+  -            181 117348at50557        -            180   3.6e-15   55.0   0.0   1   2   4.3e-15   2.9e-13   48.8   0.0    18   111    24   114    12   134 0.76 -
118237at50557_411798_0:000ee6|STRG.18103.1:591-1265|+  -            181 117348at50557        -            180   3.6e-15   55.0   0.0   2   2      0.19        13    4.3   0.0   148   178   136   166   129   169 0.79 -
110603at50557_103372_0:00177b|STRG.12142.1:0-737|+     -            246 117348at50557        -            180   1.1e-09   37.2   1.2   1   1   3.1e-11   2.1e-09   36.2   1.2    19   148    47   177    30   196 0.76 -
104262at50557_132113_0:00109a|STRG.11720.1:604-1074|+  -            157 117348at50557        -            180   1.5e-09   36.8   0.2   1   1   2.7e-11   1.8e-09   36.4   0.2    54   133    35   121     3   138 0.72 -
104262at50557_132113_0:00109a|STRG.11720.2:200-709|+   -            170 117348at50557        -            180   1.5e-09   36.7   0.2   1   1   2.7e-11   1.9e-09   36.4   0.2    40   133    40   134    11   151 0.71 -
104262at50557_132113_0:00109a|STRG.8823.1:439-915|+    -            159 117348at50557        -            180     1e-08   34.0   0.2   1   1   1.8e-10   1.2e-08   33.8   0.2    19   134     8   124     3   153 0.69 -
104262at50557_132113_0:00109a|STRG.6684.1:85-633|+     -            183 117348at50557        -            180   1.2e-08   33.8   0.0   1   1   2.3e-10   1.6e-08   33.4   0.0    19   135    15   132     6   165 0.79 -
107216at50557_104452_0:000bc4|STRG.6684.6:100-570|+    -            157 117348at50557        -            180   1.4e-08   33.5   0.0   1   1   3.1e-10   2.2e-08   33.0   0.0    19   133    10   123     6   133 0.77 -
104262at50557_610380_0:000ef5|STRG.19903.2:3-623|+     -            207 117348at50557        -            180   1.7e-08   33.3   0.0   1   1   3.4e-10   2.3e-08   32.8   0.0    28   179    16   173     1   174 0.68 -
107216at50557_110193_0:000c8b|STRG.14579.2:30-608|+    -            193 117348at50557        -            180   1.7e-08   33.3   0.1   1   1     3e-10   2.1e-08   33.0   0.1    49   143    41   140    10   177 0.63 -
107216at50557_7038_0:002032|STRG.617.1:660-1193|+      -            178 117348at50557        -            180   1.8e-08   33.2   0.0   1   1   3.1e-10   2.2e-08   33.0   0.0    47   133    40   135     6   172 0.69 -
104262at50557_132113_0:00109a|STRG.8823.2:3-431|+      -            143 117348at50557        -            180   2.9e-08   32.5   0.1   1   1   4.7e-10   3.2e-08   32.4   0.1    48   134    15   108     5   138 0.73 -
129498at50557_7493_0:00132e|STRG.14417.1:977-1453|+    -            159 117348at50557        -            180   3.3e-08   32.3   0.0   1   1   5.5e-10   3.8e-08   32.2   0.0    21   139     4   122     1   157 0.71 -
129498at50557_7493_0:00132e|STRG.14417.2:344-820|+     -            159 117348at50557        -            180   3.3e-08   32.3   0.0   1   1   5.5e-10   3.8e-08   32.2   0.0    21   139     4   122     1   157 0.71 -
129498at50557_7493_0:00132e|STRG.14417.3:236-712|+     -            159 117348at50557        -            180   3.3e-08   32.3   0.0   1   1   5.5e-10   3.8e-08   32.2   0.0    21   139     4   122     1   157 0.71 -
107216at50557_56086_0:000591|STRG.2392.1:3-509|+       -            169 117348at50557        -            180   4.7e-08   31.8   0.3   1   1   9.7e-10   6.7e-08   31.4   0.3    20   176    11   167     2   169 0.67 -
107216at50557_7004_0:001b36|STRG.17482.1:563-1430|+    -            183 117348at50557        -            180   6.5e-08   31.4   0.0   1   1   1.1e-09   7.5e-08   31.2   0.0    37   107    18    88     7   152 0.84 -
129498at50557_7029_0:0053a0|STRG.16101.2:5214-5898|+   -            171 117348at50557        -            180   1.1e-07   30.6   0.1   1   1   2.4e-09   1.7e-07   30.1   0.1    20   178     3   164     1   166 0.71 -
107216at50557_7004_0:001b36|STRG.17482.2:6-569|+       -            188 117348at50557        -            180   1.5e-07   30.2   0.0   1   1   2.5e-09   1.7e-07   30.0   0.0    46   107    28    93     4   157 0.76 -
107216at50557_103372_0:00094d|STRG.2202.1:6-572|+      -            189 117348at50557        -            180     2e-07   29.8   0.0   1   1   3.9e-09   2.7e-07   29.4   0.0    21   170     8   157     3   166 0.75 -
107216at50557_39758_0:004d90|STRG.5756.1:284-826|+     -            181 117348at50557        -            180   3.9e-07   28.9   0.0   1   1   9.9e-09   6.8e-07   28.1   0.0    20   171    14   165     6   174 0.77 -
106023at50557_34720_0:001fd2|STRG.3841.1:900-1559|+    -            220 117348at50557        -            180   4.6e-07   28.6   0.0   1   1   8.7e-09     6e-07   28.3   0.0    18   135    27   146    22   184 0.73 -
104262at50557_88501_0:0010fe|STRG.9468.1:239-889|+     -            217 117348at50557        -            180   4.8e-07   28.6   0.1   1   1   9.6e-09   6.6e-07   28.1   0.1    14   134    10   137     5   183 0.68 -
129498at50557_103372_0:001a9c|STRG.18458.1:454-1158|+  -            235 117348at50557        -            180   5.5e-07   28.4   0.2   1   1   1.1e-08   7.3e-07   28.0   0.2    18   135    12   131     8   171 0.67 -
107216at50557_103372_0:00094d|STRG.16101.1:5205-5741|+ -            179 117348at50557        -            180   5.6e-07   28.3   0.1   1   1   1.3e-08   8.8e-07   27.7   0.1    21   178     7   168     2   170 0.68 -
106023at50557_456900_0:0019f7|STRG.3841.2:347-1307|+   -            243 117348at50557        -            180   5.8e-07   28.3   0.0   1   1   1.2e-08     8e-07   27.9   0.0    18   135    50   169    45   207 0.73 -
106023at50557_456900_0:0019f7|STRG.3841.3:347-1075|+   -            243 117348at50557        -            180   5.8e-07   28.3   0.0   1   1   1.2e-08     8e-07   27.9   0.0    18   135    50   169    45   207 0.73 -
104262at50557_104421_0:0019e6|STRG.7160.2:9-494|+      -            162 117348at50557        -            180   1.7e-06   26.8   0.1   1   1   2.8e-08   1.9e-06   26.6   0.1    17   106     5    91     3   154 0.80 -
109797at50557_56086_0:0019c0|STRG.6684.4:73-291|+      -             73 117348at50557        -            180     2e-06   26.5   0.0   1   1     3e-08     2e-06   26.5   0.0    65   131     2    72     1    73 0.78 -
129498at50557_7227_0:0034ce|STRG.6684.5:200-610|+      -            137 117348at50557        -            180   2.1e-06   26.5   0.0   1   1   3.4e-08   2.3e-06   26.3   0.0    67   135     3    75     1   111 0.86 -
109573at50557_454923_0:0006c3|STRG.6684.3:200-526|+    -            109 117348at50557        -            180   2.2e-06   26.4   0.0   1   1   3.7e-08   2.5e-06   26.2   0.0    67   133     3    71     1    82 0.84 -
108755at50557_456900_0:000c82|STRG.12749.1:0-634|+     -            207 117348at50557        -            180   2.3e-06   26.4   0.1   1   1     5e-08   3.4e-06   25.8   0.1    54   167    43   163    12   174 0.63 -
108755at50557_178035_0:0020de|STRG.12749.2:233-859|+   -            209 117348at50557        -            180   2.3e-06   26.3   0.1   1   1   5.1e-08   3.5e-06   25.8   0.1    54   167    43   163    12   174 0.63 -
129498at50557_7282_0:0022e4|STRG.6684.2:200-586|+      -            129 117348at50557        -            180   3.5e-06   25.8   0.0   1   1     6e-08   4.1e-06   25.5   0.0    67   133     3    71     1    82 0.84 -
104262at50557_39758_0:003743|STRG.17582.1:6-617|+      -            204 117348at50557        -            180   3.6e-06   25.7   0.1   1   1   6.4e-08   4.4e-06   25.4   0.1    48   174    31   163     4   169 0.67 -
106023at50557_39758_0:004d29|STRG.7639.1:109-645|+     -            179 117348at50557        -            180   4.1e-06   25.5   0.1   1   1     1e-07   7.1e-06   24.8   0.1    18   109    17   105     9   146 0.71 -
106023at50557_37001_0:0016d5|STRG.7639.2:12-521|+      -            170 117348at50557        -            180   4.1e-06   25.5   0.1   1   1     1e-07   6.9e-06   24.8   0.1    18   109     8    96     2   137 0.71 -
107216at50557_13164_0:0032c6|STRG.617.2:1230-1786|+    -            178 117348at50557        -            180   4.8e-06   25.3   0.0   1   1   8.9e-08   6.1e-06   25.0   0.0    19   134    11   126     7   165 0.71 -
104262at50557_411798_0:001745|STRG.9101.1:3-518|+      -            172 117348at50557        -            180   4.8e-06   25.3   0.1   1   1   8.9e-08   6.1e-06   25.0   0.1    54   142    38   135     8   170 0.69 -
104262at50557_13164_0:00360e|STRG.11840.1:39-587|+     -            183 117348at50557        -            180     5e-06   25.3   0.0   1   1   8.7e-08     6e-06   25.0   0.0    20   139     2   127     1   164 0.72 -
129498at50557_7200_0:0025b6|STRG.19889.1:185-827|+     -            175 117348at50557        -            180   6.5e-06   24.9   0.2   1   1   2.2e-07   1.5e-05   23.7   0.2    17   169     7   165     2   174 0.77 -
129498at50557_7200_0:0025b6|STRG.19889.2:185-780|+     -            175 117348at50557        -            180   6.5e-06   24.9   0.2   1   1   2.2e-07   1.5e-05   23.7   0.2    17   169     7   165     2   174 0.77 -
115559at50557_286306_0:000620|STRG.9565.1:140-745|+    -            202 117348at50557        -            180   1.3e-05   23.9   0.3   1   1   2.2e-07   1.5e-05   23.7   0.3     2   169    10   178     9   189 0.71 -
115559at50557_286306_0:000620|STRG.9565.2:211-816|+    -            202 117348at50557        -            180   1.3e-05   23.9   0.3   1   1   2.2e-07   1.5e-05   23.7   0.3     2   169    10   178     9   189 0.71 -
115559at50557_286306_0:000620|STRG.9565.3:134-739|+    -            202 117348at50557        -            180   1.3e-05   23.9   0.3   1   1   2.2e-07   1.5e-05   23.7   0.3     2   169    10   178     9   189 0.71 -
28600at50557_520822_0:000c07|STRG.19519.2:698-2578|+   -            627 117348at50557        -            180   1.9e-05   23.3   0.4   1   2    0.0018      0.12   10.9   0.0    90   165    81   159     6   172 0.71 -
28600at50557_520822_0:000c07|STRG.19519.2:698-2578|+   -            627 117348at50557        -            180   1.9e-05   23.3   0.4   2   2     0.003      0.21   10.2   0.1    13   135   419   542   412   553 0.64 -
109573at50557_103372_0:0023c7|STRG.7941.1:0-653|+      -            218 117348at50557        -            180   1.9e-05   23.3   0.0   1   1   6.7e-07   4.6e-05   22.1   0.0    65   174    55   171     8   177 0.68 -
28600at50557_13686_0:0008a3|STRG.19519.1:698-2617|+    -            640 117348at50557        -            180   2.1e-05   23.3   0.4   1   2    0.0018      0.13   10.9   0.0    90   165    81   159     6   172 0.71 -
28600at50557_13686_0:0008a3|STRG.19519.1:698-2617|+    -            640 117348at50557        -            180   2.1e-05   23.3   0.4   2   2    0.0031      0.21   10.2   0.1    13   135   419   542   412   553 0.64 -
129498at50557_37001_0:002409|STRG.19889.3:12-584|+     -            191 117348at50557        -            180   2.5e-05   23.0   0.1   1   1     8e-07   5.5e-05   21.9   0.1    19   170     3   160     1   170 0.74 -
81145at50557_104421_0:001dae|STRG.7297.1:526-1428|+    -            301 117348at50557        -            180   3.4e-05   22.5   0.3   1   2   2.2e-06   0.00015   20.5   0.1    20   111     5    98     2   112 0.81 -
81145at50557_104421_0:001dae|STRG.7297.1:526-1428|+    -            301 117348at50557        -            180   3.4e-05   22.5   0.3   2   2       5.6   3.8e+02   -0.4   0.0    84   123   153   195   149   227 0.74 -
81145at50557_104421_0:001dae|STRG.7297.2:442-1344|+    -            301 117348at50557        -            180   3.4e-05   22.5   0.3   1   2   2.2e-06   0.00015   20.5   0.1    20   111     5    98     2   112 0.81 -
81145at50557_104421_0:001dae|STRG.7297.2:442-1344|+    -            301 117348at50557        -            180   3.4e-05   22.5   0.3   2   2       5.6   3.8e+02   -0.4   0.0    84   123   153   195   149   227 0.74 -
104262at50557_13164_0:00360e|STRG.11840.2:459-971|+    -            171 117348at50557        -            180   5.2e-05   21.9   0.0   1   1   8.7e-07     6e-05   21.7   0.0    60   139    28   115     6   152 0.74 -
107216at50557_7038_0:002032|STRG.617.3:660-1060|+      -            126 117348at50557        -            180   6.5e-05   21.6   0.0   1   1     1e-06   7.2e-05   21.5   0.0    46   101    39    98     5   123 0.72 -
117348at50557_116153_0:00098a|STRG.12417.1:519-851|+   -            111 117348at50557        -            180   7.8e-05   21.4   0.1   1   1   4.2e-06   0.00029   19.5   0.1    55   132    18   111     1   111 0.74 -
107216at50557_103372_0:00094d|STRG.4293.1:361-1005|+   -            215 117348at50557        -            180     9e-05   21.2   0.0   1   1   1.9e-06   0.00013   20.6   0.0    18   174    12   168     3   174 0.64 -
107216at50557_103372_0:00094d|STRG.4293.2:361-1005|+   -            215 117348at50557        -            180     9e-05   21.2   0.0   1   1   1.9e-06   0.00013   20.6   0.0    18   174    12   168     3   174 0.64 -
108755at50557_37001_0:002fa3|STRG.12193.1:443-790|+    -            116 117348at50557        -            180    0.0001   21.0   0.0   1   1   1.9e-06   0.00013   20.7   0.0    21   101     7    84     4    96 0.74 -
105221at50557_54969_0:000f08|STRG.3110.2:353-841|+     -            163 117348at50557        -            180   0.00012   20.8   0.2   1   1   2.4e-06   0.00016   20.3   0.2    24   135    12   123     4   137 0.76 -
107216at50557_103372_0:00094d|STRG.4293.3:0-617|+      -            206 117348at50557        -            180   0.00012   20.7   0.0   1   1   2.7e-06   0.00019   20.1   0.0    19   174     4   159     2   165 0.63 -
108755at50557_121225_0:0004e7|STRG.12193.2:443-934|+   -            164 117348at50557        -            180   0.00014   20.6   0.0   1   1   2.4e-06   0.00016   20.3   0.0    21   102     7    85     4   162 0.76 -
108271at50557_286306_0:004073|STRG.3046.3:0-590|+      -            197 117348at50557        -            180   0.00019   20.1   0.0   1   1   3.5e-06   0.00024   19.8   0.0    56   136    51   132     8   172 0.69 -
108271at50557_64793_0:001833|STRG.3046.2:0-602|+       -            201 117348at50557        -            180   0.00021   20.0   0.0   1   1   3.8e-06   0.00026   19.6   0.0    57   136    52   132     8   172 0.70 -
108271at50557_64793_0:001833|STRG.3046.1:701-1318|+    -            206 117348at50557        -            180   0.00022   19.9   0.0   1   1   3.9e-06   0.00027   19.6   0.0    56   136    56   137    12   177 0.70 -
108271at50557_43151_0:001e01|STRG.11476.1:568-1303|-   -            158 117348at50557        -            180   0.00024   19.7   0.0   1   1   3.6e-06   0.00025   19.7   0.0    64   170    43   153     1   158 0.72 -
108271at50557_40932_0:00088c|STRG.15809.2:111-739|+    -            167 117348at50557        -            180   0.00038   19.1   0.0   1   1   5.8e-06    0.0004   19.1   0.0    64   136    44   122     1   161 0.73 -
108271at50557_43041_0:000285|STRG.15809.1:69-608|+     -            180 117348at50557        -            180    0.0004   19.1   0.0   1   1   6.9e-06   0.00048   18.8   0.0    64   136    58   136    14   174 0.72 -
108271at50557_197043_0:002be2|STRG.6929.1:12-521|+     -            170 117348at50557        -            180   0.00051   18.7   0.0   1   1   9.6e-06   0.00066   18.3   0.0    64   136    42   120    30   159 0.78 -
140221at50557_568069_0:001a32|STRG.8386.1:100-564|+    -            155 117348at50557        -            180   0.00078   18.1   0.0   1   1   1.4e-05   0.00097   17.8   0.0    59   134    35   117     1   135 0.67 -
140221at50557_568069_0:001a32|STRG.8386.2:665-1129|+   -            155 117348at50557        -            180   0.00078   18.1   0.0   1   1   1.4e-05   0.00097   17.8   0.0    59   134    35   117     1   135 0.67 -
140221at50557_568069_0:001a32|STRG.8386.3:329-793|+    -            155 117348at50557        -            180   0.00078   18.1   0.0   1   1   1.4e-05   0.00097   17.8   0.0    59   134    35   117     1   135 0.67 -
140221at50557_568069_0:001a32|STRG.8386.4:254-718|+    -            155 117348at50557        -            180   0.00078   18.1   0.0   1   1   1.4e-05   0.00097   17.8   0.0    59   134    35   117     1   135 0.67 -
140221at50557_568069_0:001a32|STRG.8386.6:18-482|+     -            155 117348at50557        -            180   0.00078   18.1   0.0   1   1   1.4e-05   0.00097   17.8   0.0    59   134    35   117     1   135 0.67 -
140221at50557_568069_0:001a32|STRG.8386.5:213-722|+    -            170 117348at50557        -            180   0.00078   18.1   0.0   1   1   1.6e-05    0.0011   17.6   0.0    58   134    49   132     9   149 0.67 -
108271at50557_28612_0:005172|STRG.5526.1:156-725|+     -            190 117348at50557        -            180    0.0008   18.1   0.2   1   1   1.4e-05   0.00099   17.8   0.2    62   138    44   126     5   131 0.79 -
107216at50557_39758_0:004d90|STRG.2190.1:60-563|+      -            168 117348at50557        -            180   0.00097   17.8   0.0   1   1     2e-05    0.0014   17.3   0.0    59   135    46   132     4   138 0.62 -
107216at50557_39758_0:004d90|STRG.2190.4:60-563|+      -            168 117348at50557        -            180   0.00097   17.8   0.0   1   1     2e-05    0.0014   17.3   0.0    59   135    46   132     4   138 0.62 -
104262at50557_88501_0:0010fe|STRG.7160.1:1110-1541|+   -            144 117348at50557        -            180    0.0013   17.4   0.0   1   1   2.1e-05    0.0014   17.3   0.0    61   106    31    76    22   133 0.77 -
111939at50557_69319_0:001fe2|STRG.5930.2:9-314|+       -            102 117348at50557        -            180    0.0013   17.4   0.0   1   1   2.2e-05    0.0015   17.2   0.0    20   111     3    97     1   101 0.78 -
108271at50557_43151_0:001e01|STRG.5703.1:89-646|+      -            186 117348at50557        -            180    0.0018   16.9   0.1   1   1   2.9e-05     0.002   16.8   0.1    66   173    45   156     3   163 0.70 -
129498at50557_6973_0:0041f7|STRG.4616.2:203-484|+      -             94 117348at50557        -            180    0.0028   16.3   0.1   1   2   0.00042     0.029   13.0   0.0    71   111     5    45     2    62 0.80 -
129498at50557_6973_0:0041f7|STRG.4616.2:203-484|+      -             94 117348at50557        -            180    0.0028   16.3   0.1   2   2       1.1        78    1.8   0.0   113   132    70    89    52    93 0.76 -
89456at50557_516756_0:00105d|STRG.14134.1:948-1493|+   -            182 117348at50557        -            180    0.0056   15.3   0.0   1   1   0.00018     0.013   14.2   0.0    20   136     6   132     2   172 0.69 -
106023at50557_7038_0:002188|STRG.5438.1:629-955|-      -            109 117348at50557        -            180    0.0073   14.9   0.0   1   1   0.00011    0.0079   14.8   0.0    74   135     2    68     1   105 0.75 -
109573at50557_1507135_0:000e82|STRG.4616.1:142-735|+   -            198 117348at50557        -            180      0.01   14.5   0.1   1   2    0.0017      0.12   11.0   0.0    71   112    55    95    45   111 0.81 -
109573at50557_1507135_0:000e82|STRG.4616.1:142-735|+   -            198 117348at50557        -            180      0.01   14.5   0.1   2   2       2.5   1.7e+02    0.7   0.0   113   133   120   140   102   151 0.76 -
107216at50557_139723_0:001fab|STRG.2190.3:1061-1441|+  -            127 117348at50557        -            180     0.021   13.5   0.0   1   1   0.00031     0.021   13.4   0.0    59   104    47    95     5   127 0.64 -
107216at50557_139723_0:001fab|STRG.2190.5:1061-1441|+  -            127 117348at50557        -            180     0.021   13.5   0.0   1   1   0.00031     0.021   13.4   0.0    59   104    47    95     5   127 0.64 -
105221at50557_166361_0:00208a|STRG.16101.3:753-1076|+  -            108 117348at50557        -            180     0.024   13.2   0.0   1   1   0.00042     0.029   13.0   0.0   116   176    48   108     1   108 0.61 -
104262at50557_6973_0:00268c|STRG.19903.1:470-996|+     -            170 117348at50557        -            180      0.06   12.0   0.1   1   2       4.4     3e+02   -0.1   0.0    18    45    11    32     6    54 0.53 -
104262at50557_6973_0:00268c|STRG.19903.1:470-996|+     -            170 117348at50557        -            180      0.06   12.0   0.1   2   2    0.0038      0.26    9.9   0.0    96   180    54   137    48   137 0.77 -
#
# Program:         hmmsearch
# Version:         3.4 (Aug 2023)
# Pipeline mode:   SEARCH
# Query file:      /data/projet1/projet_tutore/busco_downloads/lineages/insecta_odb10/hmms/117348at50557.hmm
# Target file:     annotation_analysis/annotation_gca/T_zeteki/busco_output/run_insecta_odb10/metaeuk_output/initial_results/assembled_transcripts.fasta.modified.fas
# Option settings: hmmsearch --domtblout annotation_analysis/annotation_gca/T_zeteki/busco_output/run_insecta_odb10/hmmer_output/initial_run_results/117348at50557.out --cpu 1 /data/projet1/projet_tutore/busco_downloads/lineages/insecta_odb10/hmms/117348at50557.hmm annotation_analysis/annotation_gca/T_zeteki/busco_output/run_insecta_odb10/metaeuk_output/initial_results/assembled_transcripts.fasta.modified.fas 
# Current dir:     /data/projet1/projet_tutore
# Date:            Sun Dec  1 17:32:58 2024
# [ok]
