#                                                                                                           --- full sequence --- -------------- this domain -------------   hmm coord   ali coord   env coord
# target name                                       accession   tlen query name           accession   qlen   E-value  score  bias   #  of  c-Evalue  i-Evalue  score  bias  from    to  from    to  from    to  acc description of target
#                               ------------------- ---------- ----- -------------------- ---------- ----- --------- ------ ----- --- --- --------- --------- ------ ----- ----- ----- ----- ----- ----- ----- ---- ---------------------
1451at50557_34720_0:00018f|STRG.11868.1:0-8288|+    -           2763 1451at50557          -           2019         0 2340.6 141.7   1   7  6.7e-116  7.3e-113  376.8  13.9     1   322     4   335     4   357 0.88 -
1451at50557_34720_0:00018f|STRG.11868.1:0-8288|+    -           2763 1451at50557          -           2019         0 2340.6 141.7   2   7   1.9e-13     2e-10   37.0  15.4   215   382   276   475   274   529 0.72 -
1451at50557_34720_0:00018f|STRG.11868.1:0-8288|+    -           2763 1451at50557          -           2019         0 2340.6 141.7   3   7   1.7e-13   1.8e-10   37.2   0.2   437   493   673   749   661   769 0.83 -
1451at50557_34720_0:00018f|STRG.11868.1:0-8288|+    -           2763 1451at50557          -           2019         0 2340.6 141.7   4   7   5.1e-13   5.6e-10   35.6   0.1   487   540   772   830   759   834 0.88 -
1451at50557_34720_0:00018f|STRG.11868.1:0-8288|+    -           2763 1451at50557          -           2019         0 2340.6 141.7   5   7  2.6e-115  2.9e-112  374.8  12.3   529   850   866  1239   853  1250 0.86 -
1451at50557_34720_0:00018f|STRG.11868.1:0-8288|+    -           2763 1451at50557          -           2019         0 2340.6 141.7   6   7  9.3e-148    1e-144  482.4   7.4   835  1211  1254  1678  1248  1690 0.87 -
1451at50557_34720_0:00018f|STRG.11868.1:0-8288|+    -           2763 1451at50557          -           2019         0 2340.6 141.7   7   7  6.4e-307    7e-304 1010.2  59.6  1206  2019  1752  2749  1750  2749 0.86 -
2187at50557_52612_0:000a87|STRG.15842.4:1791-3779|+ -            663 1451at50557          -           2019   7.1e-05   18.7   0.1   1   2     2e-07   0.00022   17.0   0.0    78   151   142   215   125   231 0.92 -
2187at50557_52612_0:000a87|STRG.15842.4:1791-3779|+ -            663 1451at50557          -           2019   7.1e-05   18.7   0.1   2   2     0.089        97   -1.7   0.0  1923  1960   537   575   525   595 0.79 -
2187at50557_34720_0:00065c|STRG.15842.4:221-3779|+  -           1159 1451at50557          -           2019   8.2e-05   18.4   0.2   1   3      0.41   4.5e+02   -3.9   0.0  1022  1074   278   328   263   332 0.78 -
2187at50557_34720_0:00065c|STRG.15842.4:221-3779|+  -           1159 1451at50557          -           2019   8.2e-05   18.4   0.2   2   3   4.2e-07   0.00046   16.0   0.0    78   151   638   711   621   727 0.92 -
2187at50557_34720_0:00065c|STRG.15842.4:221-3779|+  -           1159 1451at50557          -           2019   8.2e-05   18.4   0.2   3   3      0.22   2.5e+02   -3.0   0.0  1923  1959  1033  1070  1023  1079 0.80 -
2187at50557_144034_0:000505|STRG.15842.3:2-6952|+   -           2317 1451at50557          -           2019    0.0002   17.1   0.1   1   1   9.7e-07    0.0011   14.8   0.1    78   151  1796  1869  1779  1884 0.92 -
5495at50557_520822_0:00270a|STRG.11896.1:127-4035|+ -           1303 1451at50557          -           2019      0.05    9.2   0.7   1   3    0.0058       6.4    2.2   0.2  1715  1801   856   953   812   973 0.76 -
5495at50557_520822_0:00270a|STRG.11896.1:127-4035|+ -           1303 1451at50557          -           2019      0.05    9.2   0.7   2   3       0.1   1.1e+02   -1.9   0.0  1047  1079  1015  1047   995  1055 0.80 -
5495at50557_520822_0:00270a|STRG.11896.1:127-4035|+ -           1303 1451at50557          -           2019      0.05    9.2   0.7   3   3    0.0014       1.6    4.2   0.0  1277  1321  1056  1101  1049  1105 0.89 -
5495at50557_520822_0:00270a|STRG.11896.3:127-4035|+ -           1303 1451at50557          -           2019      0.05    9.2   0.7   1   3    0.0058       6.4    2.2   0.2  1715  1801   856   953   812   973 0.76 -
5495at50557_520822_0:00270a|STRG.11896.3:127-4035|+ -           1303 1451at50557          -           2019      0.05    9.2   0.7   2   3       0.1   1.1e+02   -1.9   0.0  1047  1079  1015  1047   995  1055 0.80 -
5495at50557_520822_0:00270a|STRG.11896.3:127-4035|+ -           1303 1451at50557          -           2019      0.05    9.2   0.7   3   3    0.0014       1.6    4.2   0.0  1277  1321  1056  1101  1049  1105 0.89 -
10664at50557_103372_0:000ca5|STRG.2636.1:0-3338|+   -           1113 1451at50557          -           2019      0.15    7.6   7.1   1   4    0.0057       6.3    2.2   0.2   745   867   202   329   152   335 0.63 -
10664at50557_103372_0:000ca5|STRG.2636.1:0-3338|+   -           1113 1451at50557          -           2019      0.15    7.6   7.1   2   4     0.011        12    1.4   0.0    53   123   482   553   468   588 0.79 -
10664at50557_103372_0:000ca5|STRG.2636.1:0-3338|+   -           1113 1451at50557          -           2019      0.15    7.6   7.1   3   4      0.04        44   -0.6   0.0    99   135   697   733   690   750 0.83 -
10664at50557_103372_0:000ca5|STRG.2636.1:0-3338|+   -           1113 1451at50557          -           2019      0.15    7.6   7.1   4   4    0.0014       1.6    4.2   0.1    77   129   836   888   808   901 0.84 -
#
# Program:         hmmsearch
# Version:         3.4 (Aug 2023)
# Pipeline mode:   SEARCH
# Query file:      /data/projet1/projet_tutore/busco_downloads/lineages/insecta_odb10/hmms/1451at50557.hmm
# Target file:     annotation_analysis/annotation_gca/T_zeteki/busco_output/run_insecta_odb10/metaeuk_output/initial_results/assembled_transcripts.fasta.modified.fas
# Option settings: hmmsearch --domtblout annotation_analysis/annotation_gca/T_zeteki/busco_output/run_insecta_odb10/hmmer_output/initial_run_results/1451at50557.out --cpu 1 /data/projet1/projet_tutore/busco_downloads/lineages/insecta_odb10/hmms/1451at50557.hmm annotation_analysis/annotation_gca/T_zeteki/busco_output/run_insecta_odb10/metaeuk_output/initial_results/assembled_transcripts.fasta.modified.fas 
# Current dir:     /data/projet1/projet_tutore
# Date:            Sun Dec  1 17:33:31 2024
# [ok]
