#                                                                                                              --- full sequence --- -------------- this domain -------------   hmm coord   ali coord   env coord
# target name                                          accession   tlen query name           accession   qlen   E-value  score  bias   #  of  c-Evalue  i-Evalue  score  bias  from    to  from    to  from    to  acc description of target
#                                  ------------------- ---------- ----- -------------------- ---------- ----- --------- ------ ----- --- --- --------- --------- ------ ----- ----- ----- ----- ----- ----- ----- ---- ---------------------
146677at50557_520822_0:000d68|STRG.9621.3:21-353|+     -            111 146677at50557        -            101   2.2e-50  167.9   0.7   1   1   1.5e-52   4.7e-50  166.9   0.7     1   101     3   110     3   110 0.89 -
146677at50557_520822_0:000d68|STRG.9621.1:2-397|+      -            132 146677at50557        -            101   2.5e-50  167.8   1.3   1   2       0.9   2.7e+02    0.7   0.0    14    35     4    25     3    27 0.85 -
146677at50557_520822_0:000d68|STRG.9621.1:2-397|+      -            132 146677at50557        -            101   2.5e-50  167.8   1.3   2   2   2.9e-52   8.9e-50  166.0   0.7     1   101    24   131    24   131 0.89 -
146677at50557_456900_0:0028b1|STRG.9621.2:7-378|+      -            121 146677at50557        -            101   3.1e-49  164.3   0.5   1   1   2.1e-51   6.5e-49  163.3   0.5     4   101    16   120    13   120 0.89 -
109756at50557_52612_0:003ea0|STRG.17578.1:362-583|+    -             74 146677at50557        -            101   0.00029   19.9   0.0   1   1     1e-06   0.00031   19.8   0.0    56    84     9    37     3    58 0.93 -
74932at50557_222816_0:000a9b|STRG.15609.1:516-1562|+   -            349 146677at50557        -            101   0.00079   18.5   0.0   1   1   4.6e-06    0.0014   17.7   0.0    56    95     7    46     2    54 0.88 -
74932at50557_222816_0:000a9b|STRG.15609.2:3-1049|+     -            349 146677at50557        -            101   0.00079   18.5   0.0   1   1   4.6e-06    0.0014   17.7   0.0    56    95     7    46     2    54 0.88 -
25981at50557_456900_0:000c28|STRG.16406.2:0-2279|+     -            760 146677at50557        -            101    0.0014   17.7   0.0   1   1   1.2e-05    0.0036   16.4   0.0    39    84    92   137    87   154 0.87 -
41065at50557_7536_0:00279b|STRG.14387.1:168-458|+      -             97 146677at50557        -            101    0.0017   17.5   0.0   1   1   7.7e-06    0.0023   17.0   0.0    56    95     3    42     1    50 0.89 -
126448at50557_568069_0:001ed1|STRG.3396.2:103-915|+    -            271 146677at50557        -            101    0.0026   16.9   0.0   1   1   2.2e-05    0.0066   15.5   0.0    55    84    19    48     8    63 0.86 -
125026at50557_454923_0:000298|STRG.19566.1:2083-2472|+ -            130 146677at50557        -            101    0.0033   16.5   0.0   1   1   1.8e-05    0.0055   15.8   0.0    55    87    47    79    31    91 0.90 -
125026at50557_454923_0:000298|STRG.19566.2:1689-2078|+ -            130 146677at50557        -            101    0.0033   16.5   0.0   1   1   1.8e-05    0.0055   15.8   0.0    55    87    47    79    31    91 0.90 -
100045at50557_103372_0:000fa2|STRG.14826.1:0-971|+     -            324 146677at50557        -            101    0.0046   16.1   0.1   1   2   0.00011     0.035   13.2   0.0    56    84    12    40     2    58 0.84 -
100045at50557_103372_0:000fa2|STRG.14826.1:0-971|+     -            324 146677at50557        -            101    0.0046   16.1   0.1   2   2       1.8   5.5e+02   -0.2   0.1    16    47    80   111    70   118 0.79 -
88846at50557_34720_0:00286f|STRG.7877.1:0-1301|+       -            434 146677at50557        -            101    0.0085   15.2   0.0   1   1    0.0001     0.032   13.3   0.0    56    84    44    72    37    76 0.93 -
109756at50557_103372_0:00251e|STRG.7171.2:1-612|+      -            204 146677at50557        -            101     0.015   14.4   0.0   1   1   7.2e-05     0.022   13.9   0.0    56    95     9    49     4    58 0.81 -
41065at50557_133901_0:001440|STRG.14266.1:313-1644|+   -            444 146677at50557        -            101     0.015   14.4   0.4   1   1   0.00014     0.041   13.0   0.4    47    84   338   375   305   389 0.85 -
41065at50557_133901_0:001440|STRG.14266.2:39-1370|+    -            444 146677at50557        -            101     0.015   14.4   0.4   1   1   0.00014     0.041   13.0   0.4    47    84   338   375   305   389 0.85 -
109756at50557_103372_0:00251e|STRG.7171.1:1-666|+      -            222 146677at50557        -            101     0.017   14.2   0.0   1   1   8.3e-05     0.025   13.7   0.0    56    95     9    49     4    58 0.81 -
74932at50557_103372_0:0007c3|STRG.3156.1:0-1076|+      -            359 146677at50557        -            101     0.018   14.2   0.0   1   1   0.00012     0.036   13.2   0.0    54    84    28    58    21    70 0.88 -
109756at50557_610380_0:002b2f|STRG.7171.3:1-762|+      -            254 146677at50557        -            101     0.018   14.2   0.0   1   1    0.0001     0.032   13.4   0.0    56    95     9    49     4    58 0.81 -
109756at50557_378494_0:003794|STRG.9691.1:319-531|+    -             71 146677at50557        -            101     0.025   13.7   0.1   1   1   0.00014     0.042   13.0   0.0    56    84     3    31     2    53 0.90 -
73951at50557_456900_0:0027c3|STRG.16482.2:2-1357|+     -            452 146677at50557        -            101      0.03   13.5   0.1   1   1   0.00022     0.068   12.3   0.1    46    83    77   114    60   132 0.88 -
73951at50557_103372_0:001613|STRG.16482.1:17-1453|+    -            479 146677at50557        -            101     0.032   13.3   0.1   1   1   0.00024     0.074   12.2   0.1    46    83    72   109    55   127 0.88 -
74932at50557_286706_0:00199c|STRG.18471.2:311-1410|+   -            313 146677at50557        -            101     0.043   12.9   0.1   1   1   0.00039      0.12   11.5   0.0    56    84    13    41     2    53 0.87 -
74932at50557_286706_0:00199c|STRG.18471.1:250-1263|+   -            338 146677at50557        -            101     0.052   12.7   0.1   1   1   0.00043      0.13   11.4   0.0    56    84    13    41     2    53 0.87 -
100045at50557_7395_0:004563|STRG.3745.1:9-290|+        -             94 146677at50557        -            101     0.088   11.9   0.0   1   1    0.0004      0.12   11.5   0.0    56    85     7    36     3    53 0.89 -
#
# Program:         hmmsearch
# Version:         3.4 (Aug 2023)
# Pipeline mode:   SEARCH
# Query file:      /data/projet1/projet_tutore/busco_downloads/lineages/insecta_odb10/hmms/146677at50557.hmm
# Target file:     annotation_analysis/annotation_gca/T_zeteki/busco_output/run_insecta_odb10/metaeuk_output/initial_results/assembled_transcripts.fasta.modified.fas
# Option settings: hmmsearch --domtblout annotation_analysis/annotation_gca/T_zeteki/busco_output/run_insecta_odb10/hmmer_output/initial_run_results/146677at50557.out --cpu 1 /data/projet1/projet_tutore/busco_downloads/lineages/insecta_odb10/hmms/146677at50557.hmm annotation_analysis/annotation_gca/T_zeteki/busco_output/run_insecta_odb10/metaeuk_output/initial_results/assembled_transcripts.fasta.modified.fas 
# Current dir:     /data/projet1/projet_tutore
# Date:            Sun Dec  1 17:33:32 2024
# [ok]
