#                                                                                                            --- full sequence --- -------------- this domain -------------   hmm coord   ali coord   env coord
# target name                                        accession   tlen query name           accession   qlen   E-value  score  bias   #  of  c-Evalue  i-Evalue  score  bias  from    to  from    to  from    to  acc description of target
#                                ------------------- ---------- ----- -------------------- ---------- ----- --------- ------ ----- --- --- --------- --------- ------ ----- ----- ----- ----- ----- ----- ----- ---- ---------------------
2098at50557_456900_0:0029c6|STRG.6550.1:219-7043|+   -           2275 2098at50557          -            864         0 1466.4  41.2   1   6   2.2e-37   5.5e-34  116.2   1.0    17   103   972  1067   968  1074 0.88 -
2098at50557_456900_0:0029c6|STRG.6550.1:219-7043|+   -           2275 2098at50557          -            864         0 1466.4  41.2   2   6   1.5e-55   3.9e-52  176.3   3.5    96   207  1095  1209  1085  1227 0.94 -
2098at50557_456900_0:0029c6|STRG.6550.1:219-7043|+   -           2275 2098at50557          -            864         0 1466.4  41.2   3   6     3e-52   7.5e-49  165.4   0.4   207   321  1270  1397  1259  1406 0.89 -
2098at50557_456900_0:0029c6|STRG.6550.1:219-7043|+   -           2275 2098at50557          -            864         0 1466.4  41.2   4   6   2.3e-14   5.9e-11   40.0   3.1   311   368  1413  1478  1404  1497 0.80 -
2098at50557_456900_0:0029c6|STRG.6550.1:219-7043|+   -           2275 2098at50557          -            864         0 1466.4  41.2   5   6   2.6e-90   6.6e-87  291.3   0.3   366   499  1508  1641  1503  1650 0.97 -
2098at50557_456900_0:0029c6|STRG.6550.1:219-7043|+   -           2275 2098at50557          -            864         0 1466.4  41.2   6   6  4.8e-214  1.2e-210  700.7   0.4   495   864  1670  2065  1648  2065 0.93 -
57980at50557_139723_0:0008b8|STRG.15554.1:846-1244|+ -            133 2098at50557          -            864    0.0081   13.1   0.1   1   1   3.4e-06    0.0087   13.0   0.1   179   251    17    89     3   122 0.84 -
57980at50557_139723_0:0008b8|STRG.15554.2:828-1226|+ -            133 2098at50557          -            864    0.0081   13.1   0.1   1   1   3.4e-06    0.0087   13.0   0.1   179   251    17    89     3   122 0.84 -
#
# Program:         hmmsearch
# Version:         3.4 (Aug 2023)
# Pipeline mode:   SEARCH
# Query file:      /data/projet1/projet_tutore/busco_downloads/lineages/insecta_odb10/hmms/2098at50557.hmm
# Target file:     annotation_analysis/annotation_gca/T_zeteki/busco_output/run_insecta_odb10/metaeuk_output/initial_results/assembled_transcripts.fasta.modified.fas
# Option settings: hmmsearch --domtblout annotation_analysis/annotation_gca/T_zeteki/busco_output/run_insecta_odb10/hmmer_output/initial_run_results/2098at50557.out --cpu 1 /data/projet1/projet_tutore/busco_downloads/lineages/insecta_odb10/hmms/2098at50557.hmm annotation_analysis/annotation_gca/T_zeteki/busco_output/run_insecta_odb10/metaeuk_output/initial_results/assembled_transcripts.fasta.modified.fas 
# Current dir:     /data/projet1/projet_tutore
# Date:            Sun Dec  1 17:34:04 2024
# [ok]
