#                                                                                                          --- full sequence --- -------------- this domain -------------   hmm coord   ali coord   env coord
# target name                                      accession   tlen query name           accession   qlen   E-value  score  bias   #  of  c-Evalue  i-Evalue  score  bias  from    to  from    to  from    to  acc description of target
#                              ------------------- ---------- ----- -------------------- ---------- ----- --------- ------ ----- --- --- --------- --------- ------ ----- ----- ----- ----- ----- ----- ----- ---- ---------------------
2168at50557_103372_0:000c54|STRG.2674.1:1-4707|+   -           1569 2168at50557          -            931         0 1133.2  10.0   1   4     0.001       1.1    5.6   0.2   204   271   553   619   517   644 0.71 -
2168at50557_103372_0:000c54|STRG.2674.1:1-4707|+   -           1569 2168at50557          -            931         0 1133.2  10.0   2   4   1.2e-09   1.3e-06   25.3   0.0   228   273   713   765   697   786 0.80 -
2168at50557_103372_0:000c54|STRG.2674.1:1-4707|+   -           1569 2168at50557          -            931         0 1133.2  10.0   3   4   8.5e-17   9.2e-14   48.9   0.0   274   324   800   850   783   865 0.87 -
2168at50557_103372_0:000c54|STRG.2674.1:1-4707|+   -           1569 2168at50557          -            931         0 1133.2  10.0   4   4         0         0 1054.4   2.9   325   927   879  1542   863  1545 0.91 -
2168at50557_7070_0:000521|STRG.2074.2:981-3287|+   -            769 2168at50557          -            931  4.4e-108  361.1   2.4   1   2   2.3e-10   2.5e-07   27.6   0.0   271   332    53   113    23   129 0.79 -
2168at50557_7070_0:000521|STRG.2074.2:981-3287|+   -            769 2168at50557          -            931  4.4e-108  361.1   2.4   2   2    2e-102   2.2e-99  332.3   1.8   323   925   135   735   122   741 0.84 -
2168at50557_7070_0:000521|STRG.2074.1:786-3122|+   -            779 2168at50557          -            931    1e-106  356.5   8.2   1   3   2.5e-10   2.7e-07   27.5   0.0   271   332    53   113    23   127 0.79 -
2168at50557_7070_0:000521|STRG.2074.1:786-3122|+   -            779 2168at50557          -            931    1e-106  356.5   8.2   2   3  6.4e-102     7e-99  330.6   3.4   323   925   135   735   123   741 0.84 -
2168at50557_7070_0:000521|STRG.2074.1:786-3122|+   -            779 2168at50557          -            931    1e-106  356.5   8.2   3   3     0.045        49    0.2   0.3   872   924   715   776   710   778 0.61 -
2168at50557_246812_0:000685|STRG.2673.1:142-1473|+ -            444 2168at50557          -            931   1.8e-67  226.7   5.3   1   2   2.7e-68   2.9e-65  219.4   1.2     2   158    13   186    12   207 0.87 -
2168at50557_246812_0:000685|STRG.2673.1:142-1473|+ -            444 2168at50557          -            931   1.8e-67  226.7   5.3   2   2   7.7e-05     0.084    9.3   0.2   154   193   217   267   205   330 0.69 -
2168at50557_246812_0:000685|STRG.2673.2:142-1411|+ -            419 2168at50557          -            931   3.6e-48  162.8   4.0   1   2   1.7e-47   1.9e-44  150.5   0.9     2   158    13   161    12   190 0.79 -
2168at50557_246812_0:000685|STRG.2673.2:142-1411|+ -            419 2168at50557          -            931   3.6e-48  162.8   4.0   2   2   6.8e-05     0.074    9.5   0.1   153   192   191   241   173   301 0.71 -
2168at50557_62324_0:001c98|STRG.9894.1:114-1751|+  -            546 2168at50557          -            931   1.3e-40  137.8   6.2   1   2   3.7e-11     4e-08   30.2   0.2   458   496     1    39     1    49 0.93 -
2168at50557_62324_0:001c98|STRG.9894.1:114-1751|+  -            546 2168at50557          -            931   1.3e-40  137.8   6.2   2   2   3.3e-35   3.6e-32  109.8   1.8   531   851    53   381    48   396 0.83 -
2168at50557_51655_0:001071|STRG.2674.2:5-271|+     -             89 2168at50557          -            931   4.8e-29   99.5   0.4   1   1   4.5e-32   4.9e-29   99.5   0.4   781   856     8    86     1    89 0.86 -
#
# Program:         hmmsearch
# Version:         3.4 (Aug 2023)
# Pipeline mode:   SEARCH
# Query file:      /data/projet1/projet_tutore/busco_downloads/lineages/insecta_odb10/hmms/2168at50557.hmm
# Target file:     annotation_analysis/annotation_gca/T_zeteki/busco_output/run_insecta_odb10/metaeuk_output/initial_results/assembled_transcripts.fasta.modified.fas
# Option settings: hmmsearch --domtblout annotation_analysis/annotation_gca/T_zeteki/busco_output/run_insecta_odb10/hmmer_output/initial_run_results/2168at50557.out --cpu 1 /data/projet1/projet_tutore/busco_downloads/lineages/insecta_odb10/hmms/2168at50557.hmm annotation_analysis/annotation_gca/T_zeteki/busco_output/run_insecta_odb10/metaeuk_output/initial_results/assembled_transcripts.fasta.modified.fas 
# Current dir:     /data/projet1/projet_tutore
# Date:            Sun Dec  1 17:34:05 2024
# [ok]
