#                                                                                                           --- full sequence --- -------------- this domain -------------   hmm coord   ali coord   env coord
# target name                                       accession   tlen query name           accession   qlen   E-value  score  bias   #  of  c-Evalue  i-Evalue  score  bias  from    to  from    to  from    to  acc description of target
#                               ------------------- ---------- ----- -------------------- ---------- ----- --------- ------ ----- --- --- --------- --------- ------ ----- ----- ----- ----- ----- ----- ----- ---- ---------------------
26016at50557_28612_0:003704|STRG.307.1:228-1256|-   -            284 26016at50557         -            457   3.6e-60  202.7   1.1   1   2   1.3e-11   1.7e-08   32.4   0.0   298   326     1    29     1    33 0.95 -
26016at50557_28612_0:003704|STRG.307.1:228-1256|-   -            284 26016at50557         -            457   3.6e-60  202.7   1.1   2   2   5.2e-53   6.6e-50  168.9   0.7   317   448    73   220    58   237 0.82 -
26016at50557_7536_0:002fc0|STRG.19253.1:1944-2462|+ -            173 26016at50557         -            457   2.1e-27   94.7   0.1   1   1   1.9e-30   2.4e-27   94.5   0.1   104   261     8   171     3   173 0.92 -
26016at50557_7536_0:002fc0|STRG.19253.2:1937-2455|+ -            173 26016at50557         -            457   2.1e-27   94.7   0.1   1   1   1.9e-30   2.4e-27   94.5   0.1   104   261     8   171     3   173 0.92 -
26016at50557_7536_0:002fc0|STRG.1144.1:837-1322|+   -            162 26016at50557         -            457   1.8e-25   88.4   0.3   1   1   1.6e-28   2.1e-25   88.1   0.3   110   260     1   159     1   162 0.83 -
26016at50557_7536_0:002fc0|STRG.11643.1:773-1276|+  -            168 26016at50557         -            457   7.4e-20   69.8   0.0   1   1   6.4e-23   8.1e-20   69.7   0.0   105   263     5   168     1   168 0.92 -
26016at50557_7536_0:002fc0|STRG.13882.1:651-1160|+  -            170 26016at50557         -            457   4.9e-15   54.0   0.1   1   1   6.5e-17   8.3e-14   49.9   0.1   106   263     1   168     1   170 0.74 -
#
# Program:         hmmsearch
# Version:         3.4 (Aug 2023)
# Pipeline mode:   SEARCH
# Query file:      /data/projet1/projet_tutore/busco_downloads/lineages/insecta_odb10/hmms/26016at50557.hmm
# Target file:     annotation_analysis/annotation_gca/T_zeteki/busco_output/run_insecta_odb10/metaeuk_output/initial_results/assembled_transcripts.fasta.modified.fas
# Option settings: hmmsearch --domtblout annotation_analysis/annotation_gca/T_zeteki/busco_output/run_insecta_odb10/hmmer_output/initial_run_results/26016at50557.out --cpu 1 /data/projet1/projet_tutore/busco_downloads/lineages/insecta_odb10/hmms/26016at50557.hmm annotation_analysis/annotation_gca/T_zeteki/busco_output/run_insecta_odb10/metaeuk_output/initial_results/assembled_transcripts.fasta.modified.fas 
# Current dir:     /data/projet1/projet_tutore
# Date:            Sun Dec  1 17:34:18 2024
# [ok]
