#                                                                                                            --- full sequence --- -------------- this domain -------------   hmm coord   ali coord   env coord
# target name                                        accession   tlen query name           accession   qlen   E-value  score  bias   #  of  c-Evalue  i-Evalue  score  bias  from    to  from    to  from    to  acc description of target
#                                ------------------- ---------- ----- -------------------- ---------- ----- --------- ------ ----- --- --- --------- --------- ------ ----- ----- ----- ----- ----- ----- ----- ---- ---------------------
28555at50557_34720_0:001b68|STRG.10845.1:0-1814|+    -            605 28555at50557         -            467  5.9e-197  653.8   6.9   1   2  1.6e-172  1.8e-169  563.2   2.3     1   415     7   525     7   532 0.86 -
28555at50557_34720_0:001b68|STRG.10845.1:0-1814|+    -            605 28555at50557         -            467  5.9e-197  653.8   6.9   2   2   2.6e-28   2.9e-25   87.7   0.2   413   467   546   600   538   600 0.95 -
28555at50557_34720_0:001b68|STRG.10849.1:0-1644|+    -            494 28555at50557         -            467  1.5e-133  444.7  13.5   1   2  7.9e-123  8.6e-120  399.3  10.8    77   417     7   394     5   399 0.87 -
28555at50557_34720_0:001b68|STRG.10849.1:0-1644|+    -            494 28555at50557         -            467  1.5e-133  444.7  13.5   2   2     8e-14   8.8e-11   39.9   0.0   416   467   439   489   426   489 0.89 -
28555at50557_2015173_0:00187e|STRG.13285.1:33-1703|+ -            557 28555at50557         -            467   9.9e-28   95.8  14.2   1   2   7.2e-25   7.8e-22   76.4   9.9     9   363     2   420     1   430 0.69 -
28555at50557_2015173_0:00187e|STRG.13285.1:33-1703|+ -            557 28555at50557         -            467   9.9e-28   95.8  14.2   2   2   4.7e-07   0.00051   17.6   0.1   415   466   506   555   489   556 0.84 -
32612at50557_597456_0:00117f|STRG.5862.2:117-1742|+  -            542 28555at50557         -            467   1.5e-13   49.0   4.2   1   3      0.33   3.6e+02   -1.6   0.0   104   126    89   111    63   167 0.67 -
32612at50557_597456_0:00117f|STRG.5862.2:117-1742|+  -            542 28555at50557         -            467   1.5e-13   49.0   4.2   2   3   5.1e-13   5.6e-10   37.3   0.6   176   303   189   327   185   349 0.80 -
32612at50557_597456_0:00117f|STRG.5862.2:117-1742|+  -            542 28555at50557         -            467   1.5e-13   49.0   4.2   3   3   2.7e-05      0.03   11.8   0.0   412   466   487   540   416   541 0.82 -
32612at50557_597456_0:00117f|STRG.5862.1:117-1742|+  -            542 28555at50557         -            467     2e-13   48.7   4.5   1   3      0.35   3.8e+02   -1.7   0.0   103   127    88   112    60   167 0.66 -
32612at50557_597456_0:00117f|STRG.5862.1:117-1742|+  -            542 28555at50557         -            467     2e-13   48.7   4.5   2   3   5.1e-13   5.6e-10   37.3   0.6   176   303   189   327   185   349 0.80 -
32612at50557_597456_0:00117f|STRG.5862.1:117-1742|+  -            542 28555at50557         -            467     2e-13   48.7   4.5   3   3   2.7e-05      0.03   11.8   0.0   412   466   487   540   416   541 0.82 -
32612at50557_103372_0:0018c8|STRG.6734.1:361-2893|-  -            562 28555at50557         -            467   1.9e-09   35.6   2.6   1   2   1.4e-09   1.5e-06   26.0   1.5   178   290   213   339    71   373 0.81 -
32612at50557_103372_0:0018c8|STRG.6734.1:361-2893|-  -            562 28555at50557         -            467   1.9e-09   35.6   2.6   2   2   0.00034      0.37    8.2   0.0   419   465   500   545   484   547 0.86 -
32612at50557_1041015_0:001a29|STRG.16233.1:84-1862|+ -            593 28555at50557         -            467     9e-05   20.1   0.7   1   3   0.00029      0.31    8.4   0.0   178   208   218   248   208   258 0.88 -
32612at50557_1041015_0:001a29|STRG.16233.1:84-1862|+ -            593 28555at50557         -            467     9e-05   20.1   0.7   2   3   0.00024      0.26    8.7   0.2   255   314   332   392   294   399 0.83 -
32612at50557_1041015_0:001a29|STRG.16233.1:84-1862|+ -            593 28555at50557         -            467     9e-05   20.1   0.7   3   3      0.27   2.9e+02   -1.3   0.0   420   443   544   567   532   593 0.62 -
#
# Program:         hmmsearch
# Version:         3.4 (Aug 2023)
# Pipeline mode:   SEARCH
# Query file:      /data/projet1/projet_tutore/busco_downloads/lineages/insecta_odb10/hmms/28555at50557.hmm
# Target file:     annotation_analysis/annotation_gca/T_zeteki/busco_output/run_insecta_odb10/metaeuk_output/initial_results/assembled_transcripts.fasta.modified.fas
# Option settings: hmmsearch --domtblout annotation_analysis/annotation_gca/T_zeteki/busco_output/run_insecta_odb10/hmmer_output/initial_run_results/28555at50557.out --cpu 1 /data/projet1/projet_tutore/busco_downloads/lineages/insecta_odb10/hmms/28555at50557.hmm annotation_analysis/annotation_gca/T_zeteki/busco_output/run_insecta_odb10/metaeuk_output/initial_results/assembled_transcripts.fasta.modified.fas 
# Current dir:     /data/projet1/projet_tutore
# Date:            Sun Dec  1 17:34:24 2024
# [ok]
