#                                                                                                           --- full sequence --- -------------- this domain -------------   hmm coord   ali coord   env coord
# target name                                       accession   tlen query name           accession   qlen   E-value  score  bias   #  of  c-Evalue  i-Evalue  score  bias  from    to  from    to  from    to  acc description of target
#                               ------------------- ---------- ----- -------------------- ---------- ----- --------- ------ ----- --- --- --------- --------- ------ ----- ----- ----- ----- ----- ----- ----- ---- ---------------------
28678at50557_7159_0:0012de|STRG.7334.2:156-2060|+   -            635 28678at50557         -            491  1.2e-119  399.2  39.4   1   4   3.4e-33   1.5e-30  105.3   0.5     1    99    15   113    15   123 0.97 -
28678at50557_7159_0:0012de|STRG.7334.2:156-2060|+   -            635 28678at50557         -            491  1.2e-119  399.2  39.4   2   4   2.3e-31   1.1e-28   99.3   0.3   110   223   166   280   156   288 0.89 -
28678at50557_7159_0:0012de|STRG.7334.2:156-2060|+   -            635 28678at50557         -            491  1.2e-119  399.2  39.4   3   4   5.5e-43   2.5e-40  137.6  18.8   219   367   302   466   298   484 0.86 -
28678at50557_7159_0:0012de|STRG.7334.2:156-2060|+   -            635 28678at50557         -            491  1.2e-119  399.2  39.4   4   4   3.5e-22   1.6e-19   69.0   1.0   396   490   538   635   530   635 0.89 -
28678at50557_7159_0:0012de|STRG.7334.1:1217-3567|+  -            636 28678at50557         -            491  2.1e-119  398.4  39.4   1   4   5.7e-33   2.6e-30  104.6   0.5     1    99    15   114    15   124 0.95 -
28678at50557_7159_0:0012de|STRG.7334.1:1217-3567|+  -            636 28678at50557         -            491  2.1e-119  398.4  39.4   2   4   2.3e-31   1.1e-28   99.3   0.3   110   223   167   281   157   289 0.89 -
28678at50557_7159_0:0012de|STRG.7334.1:1217-3567|+  -            636 28678at50557         -            491  2.1e-119  398.4  39.4   3   4   5.5e-43   2.5e-40  137.6  18.8   219   367   303   467   299   485 0.86 -
28678at50557_7159_0:0012de|STRG.7334.1:1217-3567|+  -            636 28678at50557         -            491  2.1e-119  398.4  39.4   4   4   3.5e-22   1.6e-19   69.0   1.0   396   490   539   636   531   636 0.89 -
28678at50557_69004_0:000d22|STRG.7331.1:165-2165|+  -            667 28678at50557         -            491  4.3e-113  377.6  32.6   1   4   1.4e-32   6.1e-30  103.3   0.4     4    99    12   106     9   129 0.93 -
28678at50557_69004_0:000d22|STRG.7331.1:165-2165|+  -            667 28678at50557         -            491  4.3e-113  377.6  32.6   2   4   4.1e-30   1.8e-27   95.2   0.1   111   220   158   269   139   274 0.88 -
28678at50557_69004_0:000d22|STRG.7331.1:165-2165|+  -            667 28678at50557         -            491  4.3e-113  377.6  32.6   3   4   5.8e-34   2.6e-31  107.9  15.6   219   373   308   485   298   488 0.85 -
28678at50557_69004_0:000d22|STRG.7331.1:165-2165|+  -            667 28678at50557         -            491  4.3e-113  377.6  32.6   4   4   1.1e-25   5.1e-23   80.5   0.6   359   486   534   659   525   663 0.86 -
28678at50557_69004_0:000d22|STRG.7331.2:151-2202|+  -            684 28678at50557         -            491    5e-113  377.4  32.6   1   4   1.4e-32   6.3e-30  103.3   0.4     4    99    29   123    26   146 0.93 -
28678at50557_69004_0:000d22|STRG.7331.2:151-2202|+  -            684 28678at50557         -            491    5e-113  377.4  32.6   2   4   4.2e-30   1.9e-27   95.1   0.1   111   220   175   286   156   291 0.88 -
28678at50557_69004_0:000d22|STRG.7331.2:151-2202|+  -            684 28678at50557         -            491    5e-113  377.4  32.6   3   4   5.9e-34   2.6e-31  107.8  15.5   219   373   325   502   315   505 0.85 -
28678at50557_69004_0:000d22|STRG.7331.2:151-2202|+  -            684 28678at50557         -            491    5e-113  377.4  32.6   4   4   1.2e-25   5.3e-23   80.5   0.6   359   486   551   676   542   680 0.86 -
28678at50557_378494_0:004e5a|STRG.19313.1:2-841|+   -            280 28678at50557         -            491  2.1e-103  345.6   6.7   1   2   4.2e-50   1.9e-47  161.1   1.9    22   109     1    88     1    93 0.96 -
28678at50557_378494_0:004e5a|STRG.19313.1:2-841|+   -            280 28678at50557         -            491  2.1e-103  345.6   6.7   2   2   4.8e-58   2.1e-55  187.3   0.2    99   219   144   266   126   275 0.93 -
28678at50557_69004_0:000d22|STRG.7331.4:143-1990|+  -            616 28678at50557         -            491  8.9e-101  337.0  30.5   1   4   1.5e-19   6.8e-17   60.3   0.1    44    99     1    55     1    78 0.91 -
28678at50557_69004_0:000d22|STRG.7331.4:143-1990|+  -            616 28678at50557         -            491  8.9e-101  337.0  30.5   2   4   3.6e-30   1.6e-27   95.4   0.1   111   220   107   218    88   223 0.88 -
28678at50557_69004_0:000d22|STRG.7331.4:143-1990|+  -            616 28678at50557         -            491  8.9e-101  337.0  30.5   3   4   4.5e-34     2e-31  108.2  15.4   219   373   257   434   247   437 0.85 -
28678at50557_69004_0:000d22|STRG.7331.4:143-1990|+  -            616 28678at50557         -            491  8.9e-101  337.0  30.5   4   4   9.9e-26   4.5e-23   80.7   0.6   358   486   482   608   474   612 0.86 -
28678at50557_7159_0:0012de|STRG.7331.3:129-1964|+   -            612 28678at50557         -            491  2.7e-100  335.4  29.6   1   4   8.9e-19     4e-16   57.8   0.1    46    99     1    53     1    76 0.91 -
28678at50557_7159_0:0012de|STRG.7331.3:129-1964|+   -            612 28678at50557         -            491  2.7e-100  335.4  29.6   2   4   3.5e-30   1.6e-27   95.4   0.1   111   220   105   216    86   221 0.88 -
28678at50557_7159_0:0012de|STRG.7331.3:129-1964|+   -            612 28678at50557         -            491  2.7e-100  335.4  29.6   3   4   3.2e-34   1.5e-31  108.7  15.0   219   373   255   432   245   435 0.85 -
28678at50557_7159_0:0012de|STRG.7331.3:129-1964|+   -            612 28678at50557         -            491  2.7e-100  335.4  29.6   4   4   9.8e-26   4.4e-23   80.7   0.6   358   486   480   606   472   610 0.86 -
28678at50557_144034_0:000f3f|STRG.19312.1:0-704|+   -            235 28678at50557         -            491   1.1e-87  293.8  25.2   1   2   9.7e-78   4.4e-75  252.2  16.0   223   368     1   163     1   191 0.88 -
28678at50557_144034_0:000f3f|STRG.19312.1:0-704|+   -            235 28678at50557         -            491   1.1e-87  293.8  25.2   2   2   5.7e-13   2.6e-10   38.6   5.3   338   403   175   235   168   235 0.79 -
28678at50557_7200_0:000e75|STRG.3454.1:563-2542|+   -            660 28678at50557         -            491   7.8e-84  281.1  33.5   1   5   1.3e-23   5.9e-21   73.7   2.8     1   103    20   123    20   130 0.91 -
28678at50557_7200_0:000e75|STRG.3454.1:563-2542|+   -            660 28678at50557         -            491   7.8e-84  281.1  33.5   2   5   3.6e-21   1.6e-18   65.6   0.0   109   219   180   293   160   304 0.86 -
28678at50557_7200_0:000e75|STRG.3454.1:563-2542|+   -            660 28678at50557         -            491   7.8e-84  281.1  33.5   3   5   3.7e-17   1.6e-14   52.4   0.2   221   335   331   445   328   451 0.97 -
28678at50557_7200_0:000e75|STRG.3454.1:563-2542|+   -            660 28678at50557         -            491   7.8e-84  281.1  33.5   4   5   5.5e-11   2.5e-08   32.1   7.6   336   373   472   515   464   522 0.82 -
28678at50557_7200_0:000e75|STRG.3454.1:563-2542|+   -            660 28678at50557         -            491   7.8e-84  281.1  33.5   5   5   3.1e-23   1.4e-20   72.5   0.8   361   473   544   653   531   660 0.89 -
28678at50557_7200_0:000e75|STRG.3454.2:231-2210|+   -            660 28678at50557         -            491   7.8e-84  281.1  33.5   1   5   1.3e-23   5.9e-21   73.7   2.8     1   103    20   123    20   130 0.91 -
28678at50557_7200_0:000e75|STRG.3454.2:231-2210|+   -            660 28678at50557         -            491   7.8e-84  281.1  33.5   2   5   3.6e-21   1.6e-18   65.6   0.0   109   219   180   293   160   304 0.86 -
28678at50557_7200_0:000e75|STRG.3454.2:231-2210|+   -            660 28678at50557         -            491   7.8e-84  281.1  33.5   3   5   3.7e-17   1.6e-14   52.4   0.2   221   335   331   445   328   451 0.97 -
28678at50557_7200_0:000e75|STRG.3454.2:231-2210|+   -            660 28678at50557         -            491   7.8e-84  281.1  33.5   4   5   5.5e-11   2.5e-08   32.1   7.6   336   373   472   515   464   522 0.82 -
28678at50557_7200_0:000e75|STRG.3454.2:231-2210|+   -            660 28678at50557         -            491   7.8e-84  281.1  33.5   5   5   3.1e-23   1.4e-20   72.5   0.8   361   473   544   653   531   660 0.89 -
28678at50557_37344_0:001f30|STRG.3807.1:325-2199|+  -            625 28678at50557         -            491   8.4e-62  208.4  35.5   1   4   6.9e-17   3.1e-14   51.5   0.1     1   101    40   143    40   174 0.86 -
28678at50557_37344_0:001f30|STRG.3807.1:325-2199|+  -            625 28678at50557         -            491   8.4e-62  208.4  35.5   2   4   6.6e-21     3e-18   64.8   2.9   107   217   180   296   151   304 0.85 -
28678at50557_37344_0:001f30|STRG.3807.1:325-2199|+  -            625 28678at50557         -            491   8.4e-62  208.4  35.5   3   4   2.3e-17     1e-14   53.1  13.2   220   374   327   511   324   520 0.72 -
28678at50557_37344_0:001f30|STRG.3807.1:325-2199|+  -            625 28678at50557         -            491   8.4e-62  208.4  35.5   4   4   9.7e-15   4.3e-12   44.5   1.7   362   454   533   625   521   625 0.86 -
28678at50557_37344_0:001f30|STRG.3807.2:27-1901|+   -            625 28678at50557         -            491   8.4e-62  208.4  35.5   1   4   6.9e-17   3.1e-14   51.5   0.1     1   101    40   143    40   174 0.86 -
28678at50557_37344_0:001f30|STRG.3807.2:27-1901|+   -            625 28678at50557         -            491   8.4e-62  208.4  35.5   2   4   6.6e-21     3e-18   64.8   2.9   107   217   180   296   151   304 0.85 -
28678at50557_37344_0:001f30|STRG.3807.2:27-1901|+   -            625 28678at50557         -            491   8.4e-62  208.4  35.5   3   4   2.3e-17     1e-14   53.1  13.2   220   374   327   511   324   520 0.72 -
28678at50557_37344_0:001f30|STRG.3807.2:27-1901|+   -            625 28678at50557         -            491   8.4e-62  208.4  35.5   4   4   9.7e-15   4.3e-12   44.5   1.7   362   454   533   625   521   625 0.86 -
28678at50557_77166_0:00219c|STRG.7335.1:48-1970|+   -            641 28678at50557         -            491   3.5e-54  183.3  32.6   1   4   5.5e-16   2.5e-13   48.6   1.2     2   109    29   136    28   143 0.95 -
28678at50557_77166_0:00219c|STRG.7335.1:48-1970|+   -            641 28678at50557         -            491   3.5e-54  183.3  32.6   2   4     7e-20   3.1e-17   61.4   0.9   108   223   165   279   155   294 0.85 -
28678at50557_77166_0:00219c|STRG.7335.1:48-1970|+   -            641 28678at50557         -            491   3.5e-54  183.3  32.6   3   4   3.8e-15   1.7e-12   45.8   5.6   220   367   304   478   293   497 0.75 -
28678at50557_77166_0:00219c|STRG.7335.1:48-1970|+   -            641 28678at50557         -            491   3.5e-54  183.3  32.6   4   4   4.8e-14   2.1e-11   42.2   5.5   338   490   490   634   483   635 0.85 -
28678at50557_77166_0:00219c|STRG.7335.2:263-2185|+  -            641 28678at50557         -            491   3.5e-54  183.3  32.6   1   4   5.5e-16   2.5e-13   48.6   1.2     2   109    29   136    28   143 0.95 -
28678at50557_77166_0:00219c|STRG.7335.2:263-2185|+  -            641 28678at50557         -            491   3.5e-54  183.3  32.6   2   4     7e-20   3.1e-17   61.4   0.9   108   223   165   279   155   294 0.85 -
28678at50557_77166_0:00219c|STRG.7335.2:263-2185|+  -            641 28678at50557         -            491   3.5e-54  183.3  32.6   3   4   3.8e-15   1.7e-12   45.8   5.6   220   367   304   478   293   497 0.75 -
28678at50557_77166_0:00219c|STRG.7335.2:263-2185|+  -            641 28678at50557         -            491   3.5e-54  183.3  32.6   4   4   4.8e-14   2.1e-11   42.2   5.5   338   490   490   634   483   635 0.85 -
28678at50557_77166_0:00219c|STRG.7335.4:272-2194|+  -            641 28678at50557         -            491   3.5e-54  183.3  32.6   1   4   5.5e-16   2.5e-13   48.6   1.2     2   109    29   136    28   143 0.95 -
28678at50557_77166_0:00219c|STRG.7335.4:272-2194|+  -            641 28678at50557         -            491   3.5e-54  183.3  32.6   2   4     7e-20   3.1e-17   61.4   0.9   108   223   165   279   155   294 0.85 -
28678at50557_77166_0:00219c|STRG.7335.4:272-2194|+  -            641 28678at50557         -            491   3.5e-54  183.3  32.6   3   4   3.8e-15   1.7e-12   45.8   5.6   220   367   304   478   293   497 0.75 -
28678at50557_77166_0:00219c|STRG.7335.4:272-2194|+  -            641 28678at50557         -            491   3.5e-54  183.3  32.6   4   4   4.8e-14   2.1e-11   42.2   5.5   338   490   490   634   483   635 0.85 -
28678at50557_77166_0:00219c|STRG.7335.5:263-1762|+  -            500 28678at50557         -            491   1.8e-43  147.9  21.3   1   3   3.7e-16   1.6e-13   49.1   1.2     2   109    29   136    28   143 0.95 -
28678at50557_77166_0:00219c|STRG.7335.5:263-1762|+  -            500 28678at50557         -            491   1.8e-43  147.9  21.3   2   3   4.7e-20   2.1e-17   62.0   1.0   108   223   165   279   155   294 0.85 -
28678at50557_77166_0:00219c|STRG.7335.5:263-1762|+  -            500 28678at50557         -            491   1.8e-43  147.9  21.3   3   3   1.5e-15   6.9e-13   47.1   5.2   219   366   303   477   280   496 0.75 -
28678at50557_211228_0:000ac4|STRG.7335.3:127-1648|+ -            444 28678at50557         -            491   1.2e-33  115.6  26.3   1   3     3e-10   1.3e-07   29.7   3.1   121   223     1    87     1   102 0.89 -
28678at50557_211228_0:000ac4|STRG.7335.3:127-1648|+ -            444 28678at50557         -            491   1.2e-33  115.6  26.3   2   3   8.8e-16   3.9e-13   47.9   4.9   219   367   111   286    88   305 0.75 -
28678at50557_211228_0:000ac4|STRG.7335.3:127-1648|+ -            444 28678at50557         -            491   1.2e-33  115.6  26.3   3   3     2e-14   8.9e-12   43.4   5.4   338   490   298   442   287   443 0.85 -
#
# Program:         hmmsearch
# Version:         3.4 (Aug 2023)
# Pipeline mode:   SEARCH
# Query file:      /data/projet1/projet_tutore/busco_downloads/lineages/insecta_odb10/hmms/28678at50557.hmm
# Target file:     annotation_analysis/annotation_gca/T_zeteki/busco_output/run_insecta_odb10/metaeuk_output/initial_results/assembled_transcripts.fasta.modified.fas
# Option settings: hmmsearch --domtblout annotation_analysis/annotation_gca/T_zeteki/busco_output/run_insecta_odb10/hmmer_output/initial_run_results/28678at50557.out --cpu 1 /data/projet1/projet_tutore/busco_downloads/lineages/insecta_odb10/hmms/28678at50557.hmm annotation_analysis/annotation_gca/T_zeteki/busco_output/run_insecta_odb10/metaeuk_output/initial_results/assembled_transcripts.fasta.modified.fas 
# Current dir:     /data/projet1/projet_tutore
# Date:            Sun Dec  1 17:34:24 2024
# [ok]
