#                                                                                                              --- full sequence --- -------------- this domain -------------   hmm coord   ali coord   env coord
# target name                                          accession   tlen query name           accession   qlen   E-value  score  bias   #  of  c-Evalue  i-Evalue  score  bias  from    to  from    to  from    to  acc description of target
#                                  ------------------- ---------- ----- -------------------- ---------- ----- --------- ------ ----- --- --- --------- --------- ------ ----- ----- ----- ----- ----- ----- ----- ---- ---------------------
28783at50557_680683_0:001835|STRG.408.3:1443-4716|+    -           1084 28783at50557         -            591  1.3e-288  957.5  18.0   1   5   2.4e-16     1e-13   49.7   1.0    20    83   234   319   229   322 0.79 -
28783at50557_680683_0:001835|STRG.408.3:1443-4716|+    -           1084 28783at50557         -            591  1.3e-288  957.5  18.0   2   5   1.7e-06   0.00073   17.2   0.0    71   104   338   371   332   380 0.83 -
28783at50557_680683_0:001835|STRG.408.3:1443-4716|+    -           1084 28783at50557         -            591  1.3e-288  957.5  18.0   3   5  9.5e-112    4e-109  364.8   2.1   112   300   434   640   419   656 0.89 -
28783at50557_680683_0:001835|STRG.408.3:1443-4716|+    -           1084 28783at50557         -            591  1.3e-288  957.5  18.0   4   5  3.8e-153  1.6e-150  501.5   0.2   290   549   696   982   677   988 0.91 -
28783at50557_680683_0:001835|STRG.408.3:1443-4716|+    -           1084 28783at50557         -            591  1.3e-288  957.5  18.0   5   5   1.8e-10   7.5e-08   30.4   0.1   549   579  1026  1066  1019  1078 0.76 -
28783at50557_516756_0:00216b|STRG.408.1:1449-4647|+    -           1039 28783at50557         -            591    5e-152  506.5  20.3   1   6      0.83   3.5e+02   -1.6   0.8   136   176   195   236    72   303 0.56 -
28783at50557_516756_0:00216b|STRG.408.1:1449-4647|+    -           1039 28783at50557         -            591    5e-152  506.5  20.3   2   6   1.6e-22   6.8e-20   70.1   0.0   177   256   491   572   485   573 0.88 -
28783at50557_516756_0:00216b|STRG.408.1:1449-4647|+    -           1039 28783at50557         -            591    5e-152  506.5  20.3   3   6   9.7e-05     0.041   11.4   0.0     1    21   573   593   573   599 0.91 -
28783at50557_516756_0:00216b|STRG.408.1:1449-4647|+    -           1039 28783at50557         -            591    5e-152  506.5  20.3   4   6   2.3e-16   9.6e-14   49.8   1.1    20    83   614   699   608   702 0.79 -
28783at50557_516756_0:00216b|STRG.408.1:1449-4647|+    -           1039 28783at50557         -            591    5e-152  506.5  20.3   5   6   1.6e-06    0.0007   17.3   0.0    71   104   718   751   712   760 0.83 -
28783at50557_516756_0:00216b|STRG.408.1:1449-4647|+    -           1039 28783at50557         -            591    5e-152  506.5  20.3   6   6  6.5e-112  2.8e-109  365.3   2.6   112   305   814  1025   798  1038 0.87 -
28783at50557_516756_0:00216b|STRG.408.2:1449-4623|+    -           1031 28783at50557         -            591  5.9e-152  506.2  20.5   1   6      0.82   3.5e+02   -1.6   0.8   136   176   195   236    72   303 0.56 -
28783at50557_516756_0:00216b|STRG.408.2:1449-4623|+    -           1031 28783at50557         -            591  5.9e-152  506.2  20.5   2   6   1.6e-22   6.8e-20   70.1   0.0   177   256   491   572   485   573 0.88 -
28783at50557_516756_0:00216b|STRG.408.2:1449-4623|+    -           1031 28783at50557         -            591  5.9e-152  506.2  20.5   3   6   9.6e-05     0.041   11.4   0.0     1    21   573   593   573   599 0.91 -
28783at50557_516756_0:00216b|STRG.408.2:1449-4623|+    -           1031 28783at50557         -            591  5.9e-152  506.2  20.5   4   6   2.3e-16   9.7e-14   49.8   1.1    20    83   614   699   608   702 0.79 -
28783at50557_516756_0:00216b|STRG.408.2:1449-4623|+    -           1031 28783at50557         -            591  5.9e-152  506.2  20.5   5   6   1.7e-06   0.00071   17.2   0.0    71   104   710   743   705   752 0.83 -
28783at50557_516756_0:00216b|STRG.408.2:1449-4623|+    -           1031 28783at50557         -            591  5.9e-152  506.2  20.5   6   6  6.4e-112  2.7e-109  365.3   2.6   112   305   806  1017   790  1030 0.87 -
28783at50557_516756_0:00216b|STRG.408.4:1449-4662|+    -           1044 28783at50557         -            591  6.7e-152  506.0  19.9   1   6      0.84   3.5e+02   -1.6   0.8   136   176   195   236    72   303 0.56 -
28783at50557_516756_0:00216b|STRG.408.4:1449-4662|+    -           1044 28783at50557         -            591  6.7e-152  506.0  19.9   2   6   1.4e-24   5.8e-22   77.0   0.1   177   266   491   582   485   582 0.89 -
28783at50557_516756_0:00216b|STRG.408.4:1449-4662|+    -           1044 28783at50557         -            591  6.7e-152  506.0  19.9   3   6   9.9e-05     0.042   11.4   0.0     1    21   573   593   573   598 0.91 -
28783at50557_516756_0:00216b|STRG.408.4:1449-4662|+    -           1044 28783at50557         -            591  6.7e-152  506.0  19.9   4   6   2.3e-16   9.7e-14   49.8   1.1    20    83   614   699   608   702 0.79 -
28783at50557_516756_0:00216b|STRG.408.4:1449-4662|+    -           1044 28783at50557         -            591  6.7e-152  506.0  19.9   5   6   1.7e-06    0.0007   17.3   0.0    71   104   718   751   712   760 0.83 -
28783at50557_516756_0:00216b|STRG.408.4:1449-4662|+    -           1044 28783at50557         -            591  6.7e-152  506.0  19.9   6   6  8.6e-112  3.6e-109  364.9   2.2   112   301   814  1021   797  1038 0.89 -
1859at50557_34720_0:002187|STRG.1470.1:1-5037|+        -           1679 28783at50557         -            591   6.3e-15   53.7   0.8   1   5       5.2   2.2e+03   -4.2   5.1   102   174   216   294   207   324 0.54 -
1859at50557_34720_0:002187|STRG.1470.1:1-5037|+        -           1679 28783at50557         -            591   6.3e-15   53.7   0.8   2   5   9.4e-07    0.0004   18.1   0.2   426   501   632   707   627   711 0.93 -
1859at50557_34720_0:002187|STRG.1470.1:1-5037|+        -           1679 28783at50557         -            591   6.3e-15   53.7   0.8   3   5   5.4e-09   2.3e-06   25.5   0.0   427   498   890   961   879   968 0.84 -
1859at50557_34720_0:002187|STRG.1470.1:1-5037|+        -           1679 28783at50557         -            591   6.3e-15   53.7   0.8   4   5   1.2e-06   0.00051   17.7   0.1   425   493  1194  1262  1178  1325 0.86 -
1859at50557_34720_0:002187|STRG.1470.1:1-5037|+        -           1679 28783at50557         -            591   6.3e-15   53.7   0.8   5   5   2.7e-06    0.0011   16.6   0.0   427   494  1486  1553  1462  1561 0.87 -
1859at50557_34720_0:002187|STRG.1470.2:1-5174|+        -           1679 28783at50557         -            591   6.3e-15   53.7   0.8   1   5       5.2   2.2e+03   -4.2   5.1   102   174   216   294   207   324 0.54 -
1859at50557_34720_0:002187|STRG.1470.2:1-5174|+        -           1679 28783at50557         -            591   6.3e-15   53.7   0.8   2   5   9.4e-07    0.0004   18.1   0.2   426   501   632   707   627   711 0.93 -
1859at50557_34720_0:002187|STRG.1470.2:1-5174|+        -           1679 28783at50557         -            591   6.3e-15   53.7   0.8   3   5   5.4e-09   2.3e-06   25.5   0.0   427   498   890   961   879   968 0.84 -
1859at50557_34720_0:002187|STRG.1470.2:1-5174|+        -           1679 28783at50557         -            591   6.3e-15   53.7   0.8   4   5   1.2e-06   0.00051   17.7   0.1   425   493  1194  1262  1178  1325 0.86 -
1859at50557_34720_0:002187|STRG.1470.2:1-5174|+        -           1679 28783at50557         -            591   6.3e-15   53.7   0.8   5   5   2.7e-06    0.0011   16.6   0.0   427   494  1486  1553  1462  1561 0.87 -
104469at50557_7397_0:004245|STRG.4487.1:80-313|+       -             78 28783at50557         -            591   4.3e-07   27.9   0.0   1   1     1e-09   4.4e-07   27.8   0.0   427   493    11    77     4    78 0.91 -
104469at50557_7397_0:004245|STRG.4487.2:600-764|+      -             55 28783at50557         -            591   5.3e-06   24.3   0.0   1   1   1.3e-08   5.4e-06   24.2   0.0   440   493     1    54     1    55 0.94 -
57812at50557_219809_0:001907|STRG.5923.4:118-2114|+    -            576 28783at50557         -            591   5.8e-06   24.1   0.1   1   1   2.3e-08   9.8e-06   23.4   0.1   403   496   272   362   257   410 0.83 -
124433at50557_535359_0:00022b|STRG.10392.4:0-734|+     -            245 28783at50557         -            591   8.1e-06   23.6   0.2   1   1   2.5e-08     1e-05   23.3   0.2   431   497    91   157    73   178 0.87 -
57812at50557_219809_0:001907|STRG.5923.3:2516-4837|+   -            725 28783at50557         -            591   8.8e-06   23.5   0.1   1   1   3.4e-08   1.4e-05   22.8   0.1   403   496   421   511   406   556 0.83 -
124433at50557_535359_0:00022b|STRG.10392.1:1052-2126|+ -            351 28783at50557         -            591   1.5e-05   22.7   0.2   1   1   5.2e-08   2.2e-05   22.2   0.2   431   497   197   263   179   275 0.86 -
104469at50557_7130_0:000905|STRG.5517.1:613-1098|+     -            162 28783at50557         -            591   0.00036   18.2   0.1   1   1     1e-06   0.00042   18.0   0.1   415   495    77   157    46   161 0.83 -
104469at50557_7130_0:000905|STRG.5517.2:676-1161|+     -            162 28783at50557         -            591   0.00036   18.2   0.1   1   1     1e-06   0.00042   18.0   0.1   415   495    77   157    46   161 0.83 -
104469at50557_6973_0:003e54|STRG.12133.2:555-1004|+    -            150 28783at50557         -            591    0.0018   15.9   0.1   1   1     5e-06    0.0021   15.7   0.1   430   492    88   150    50   150 0.82 -
104469at50557_7130_0:000905|STRG.12133.3:555-1061|+    -            169 28783at50557         -            591     0.002   15.7   0.2   1   1   7.3e-06    0.0031   15.1   0.1   430   492   107   169    72   169 0.82 -
104469at50557_7130_0:000905|STRG.12133.1:1786-2277|+   -            164 28783at50557         -            591    0.0052   14.4   0.6   1   2       2.2   9.5e+02   -3.0   0.1   120   147    26    53    12    77 0.57 -
104469at50557_7130_0:000905|STRG.12133.1:1786-2277|+   -            164 28783at50557         -            591    0.0052   14.4   0.6   2   2   1.4e-05    0.0059   14.2   0.0   431   492   103   164    83   164 0.91 -
104469at50557_123851_0:002509|STRG.4653.1:309-1169|+   -            287 28783at50557         -            591    0.0079   13.8   0.0   1   2       1.6   6.7e+02   -2.5   2.0   136   177    55    98    14   108 0.60 -
104469at50557_123851_0:002509|STRG.4653.1:309-1169|+   -            287 28783at50557         -            591    0.0079   13.8   0.0   2   2   1.9e-05    0.0079   13.8   0.0   435   492   228   285   210   287 0.87 -
#
# Program:         hmmsearch
# Version:         3.4 (Aug 2023)
# Pipeline mode:   SEARCH
# Query file:      /data/projet1/projet_tutore/busco_downloads/lineages/insecta_odb10/hmms/28783at50557.hmm
# Target file:     annotation_analysis/annotation_gca/T_zeteki/busco_output/run_insecta_odb10/metaeuk_output/initial_results/assembled_transcripts.fasta.modified.fas
# Option settings: hmmsearch --domtblout annotation_analysis/annotation_gca/T_zeteki/busco_output/run_insecta_odb10/hmmer_output/initial_run_results/28783at50557.out --cpu 1 /data/projet1/projet_tutore/busco_downloads/lineages/insecta_odb10/hmms/28783at50557.hmm annotation_analysis/annotation_gca/T_zeteki/busco_output/run_insecta_odb10/metaeuk_output/initial_results/assembled_transcripts.fasta.modified.fas 
# Current dir:     /data/projet1/projet_tutore
# Date:            Sun Dec  1 17:34:25 2024
# [ok]
