#                                                                                                             --- full sequence --- -------------- this domain -------------   hmm coord   ali coord   env coord
# target name                                         accession   tlen query name           accession   qlen   E-value  score  bias   #  of  c-Evalue  i-Evalue  score  bias  from    to  from    to  from    to  acc description of target
#                                 ------------------- ---------- ----- -------------------- ---------- ----- --------- ------ ----- --- --- --------- --------- ------ ----- ----- ----- ----- ----- ----- ----- ---- ---------------------
29422at50557_103372_0:000c0a|STRG.2563.1:218-4114|+   -           1299 29422at50557         -            421    3e-130  434.0  18.4   1   3     0.013        25    2.7   0.2     1    17    25    41    25    52 0.82 -
29422at50557_103372_0:000c0a|STRG.2563.1:218-4114|+   -           1299 29422at50557         -            421    3e-130  434.0  18.4   2   3  1.3e-119  2.5e-116  388.1   5.3    17   337    94   493    85   505 0.84 -
29422at50557_103372_0:000c0a|STRG.2563.1:218-4114|+   -           1299 29422at50557         -            421    3e-130  434.0  18.4   3   3   7.8e-17   1.5e-13   49.5   1.0   335   420   542   652   512   653 0.81 -
33043at50557_454923_0:001231|STRG.13622.1:2758-4128|+ -            457 29422at50557         -            421    0.0001   20.4   1.3   1   3   3.1e-07   0.00059   17.9   0.0    74   138    84   155    77   159 0.80 -
33043at50557_454923_0:001231|STRG.13622.1:2758-4128|+ -            457 29422at50557         -            421    0.0001   20.4   1.3   2   3      0.13   2.5e+02   -0.6   0.2    71   112   257   300   192   310 0.72 -
33043at50557_454923_0:001231|STRG.13622.1:2758-4128|+ -            457 29422at50557         -            421    0.0001   20.4   1.3   3   3      0.22   4.1e+02   -1.3   0.0   167   188   389   410   384   413 0.86 -
33043at50557_454923_0:001231|STRG.13622.2:2961-4331|+ -            457 29422at50557         -            421    0.0001   20.4   1.3   1   3   3.1e-07   0.00059   17.9   0.0    74   138    84   155    77   159 0.80 -
33043at50557_454923_0:001231|STRG.13622.2:2961-4331|+ -            457 29422at50557         -            421    0.0001   20.4   1.3   2   3      0.13   2.5e+02   -0.6   0.2    71   112   257   300   192   310 0.72 -
33043at50557_454923_0:001231|STRG.13622.2:2961-4331|+ -            457 29422at50557         -            421    0.0001   20.4   1.3   3   3      0.22   4.1e+02   -1.3   0.0   167   188   389   410   384   413 0.86 -
33043at50557_454923_0:001231|STRG.13622.3:2811-4181|+ -            457 29422at50557         -            421    0.0001   20.4   1.3   1   3   3.1e-07   0.00059   17.9   0.0    74   138    84   155    77   159 0.80 -
33043at50557_454923_0:001231|STRG.13622.3:2811-4181|+ -            457 29422at50557         -            421    0.0001   20.4   1.3   2   3      0.13   2.5e+02   -0.6   0.2    71   112   257   300   192   310 0.72 -
33043at50557_454923_0:001231|STRG.13622.3:2811-4181|+ -            457 29422at50557         -            421    0.0001   20.4   1.3   3   3      0.22   4.1e+02   -1.3   0.0   167   188   389   410   384   413 0.86 -
#
# Program:         hmmsearch
# Version:         3.4 (Aug 2023)
# Pipeline mode:   SEARCH
# Query file:      /data/projet1/projet_tutore/busco_downloads/lineages/insecta_odb10/hmms/29422at50557.hmm
# Target file:     annotation_analysis/annotation_gca/T_zeteki/busco_output/run_insecta_odb10/metaeuk_output/initial_results/assembled_transcripts.fasta.modified.fas
# Option settings: hmmsearch --domtblout annotation_analysis/annotation_gca/T_zeteki/busco_output/run_insecta_odb10/hmmer_output/initial_run_results/29422at50557.out --cpu 1 /data/projet1/projet_tutore/busco_downloads/lineages/insecta_odb10/hmms/29422at50557.hmm annotation_analysis/annotation_gca/T_zeteki/busco_output/run_insecta_odb10/metaeuk_output/initial_results/assembled_transcripts.fasta.modified.fas 
# Current dir:     /data/projet1/projet_tutore
# Date:            Sun Dec  1 17:34:26 2024
# [ok]
