#                                                                                                            --- full sequence --- -------------- this domain -------------   hmm coord   ali coord   env coord
# target name                                        accession   tlen query name           accession   qlen   E-value  score  bias   #  of  c-Evalue  i-Evalue  score  bias  from    to  from    to  from    to  acc description of target
#                                ------------------- ---------- ----- -------------------- ---------- ----- --------- ------ ----- --- --- --------- --------- ------ ----- ----- ----- ----- ----- ----- ----- ---- ---------------------
32185at50557_34720_0:0005a5|STRG.18025.1:263-2431|+  -            723 32185at50557         -            116   3.5e-23   80.8  56.1   1   8      0.37     7e+02   -0.8   0.3    57    68    82    93    65   151 0.67 -
32185at50557_34720_0:0005a5|STRG.18025.1:263-2431|+  -            723 32185at50557         -            116   3.5e-23   80.8  56.1   2   8      0.54     1e+03   -1.3   0.2    59    75   133   149   100   178 0.54 -
32185at50557_34720_0:0005a5|STRG.18025.1:263-2431|+  -            723 32185at50557         -            116   3.5e-23   80.8  56.1   3   8   3.4e-14   6.5e-11   41.3   1.2    10    48   236   273   210   281 0.87 -
32185at50557_34720_0:0005a5|STRG.18025.1:263-2431|+  -            723 32185at50557         -            116   3.5e-23   80.8  56.1   4   8   5.5e-09   1.1e-05   24.5   3.4    39    69   282   320   276   351 0.85 -
32185at50557_34720_0:0005a5|STRG.18025.1:263-2431|+  -            723 32185at50557         -            116   3.5e-23   80.8  56.1   5   8   1.2e-09   2.2e-06   26.6   3.8    66   106   358   409   347   414 0.74 -
32185at50557_34720_0:0005a5|STRG.18025.1:263-2431|+  -            723 32185at50557         -            116   3.5e-23   80.8  56.1   6   8   4.9e-06    0.0094   15.0   1.3    89   109   419   439   407   446 0.73 -
32185at50557_34720_0:0005a5|STRG.18025.1:263-2431|+  -            723 32185at50557         -            116   3.5e-23   80.8  56.1   7   8       0.5   9.5e+02   -1.2   2.8    86   111   618   646   510   654 0.57 -
32185at50557_34720_0:0005a5|STRG.18025.1:263-2431|+  -            723 32185at50557         -            116   3.5e-23   80.8  56.1   8   8      0.38   7.2e+02   -0.8   4.4    70   111   659   700   587   704 0.64 -
32185at50557_34720_0:0005a5|STRG.18025.2:0-2291|+    -            764 32185at50557         -            116   4.5e-23   80.5  55.6   1   9      0.42     8e+02   -1.0   0.2    55    68   121   134   108   183 0.71 -
32185at50557_34720_0:0005a5|STRG.18025.2:0-2291|+    -            764 32185at50557         -            116   4.5e-23   80.5  55.6   2   9      0.57   1.1e+03   -1.4   0.2    59    75   174   190   142   219 0.53 -
32185at50557_34720_0:0005a5|STRG.18025.2:0-2291|+    -            764 32185at50557         -            116   4.5e-23   80.5  55.6   3   9   3.6e-14   6.9e-11   41.2   1.2    10    48   277   314   251   322 0.87 -
32185at50557_34720_0:0005a5|STRG.18025.2:0-2291|+    -            764 32185at50557         -            116   4.5e-23   80.5  55.6   4   9   1.4e-08   2.6e-05   23.2   4.7    39    69   323   361   310   390 0.86 -
32185at50557_34720_0:0005a5|STRG.18025.2:0-2291|+    -            764 32185at50557         -            116   4.5e-23   80.5  55.6   5   9   1.1e-09   2.2e-06   26.7   3.7    66   106   399   450   388   456 0.74 -
32185at50557_34720_0:0005a5|STRG.18025.2:0-2291|+    -            764 32185at50557         -            116   4.5e-23   80.5  55.6   6   9   2.6e-06    0.0049   15.9   2.6    71   109   442   480   438   487 0.70 -
32185at50557_34720_0:0005a5|STRG.18025.2:0-2291|+    -            764 32185at50557         -            116   4.5e-23   80.5  55.6   7   9      0.85   1.6e+03   -1.9   0.0   101   114   564   577   523   579 0.67 -
32185at50557_34720_0:0005a5|STRG.18025.2:0-2291|+    -            764 32185at50557         -            116   4.5e-23   80.5  55.6   8   9      0.38   7.3e+02   -0.8   0.8    64    64   587   587   551   658 0.52 -
32185at50557_34720_0:0005a5|STRG.18025.2:0-2291|+    -            764 32185at50557         -            116   4.5e-23   80.5  55.6   9   9      0.34   6.5e+02   -0.7   4.1    70   111   700   741   628   744 0.64 -
32185at50557_34720_0:0005a5|STRG.18025.4:263-1504|+  -            414 32185at50557         -            116   4.3e-17   61.2  21.8   1   5      0.19   3.5e+02    0.2   0.3    55    68   121   134   101   184 0.72 -
32185at50557_34720_0:0005a5|STRG.18025.4:263-1504|+  -            414 32185at50557         -            116   4.3e-17   61.2  21.8   2   5      0.26   4.9e+02   -0.3   0.3    59    76   174   191   140   221 0.53 -
32185at50557_34720_0:0005a5|STRG.18025.4:263-1504|+  -            414 32185at50557         -            116   4.3e-17   61.2  21.8   3   5     0.043        82    2.2   0.1     1    11   251   261   251   264 0.89 -
32185at50557_34720_0:0005a5|STRG.18025.4:263-1504|+  -            414 32185at50557         -            116   4.3e-17   61.2  21.8   4   5     1e-14     2e-11   42.9   0.2    10    48   277   314   270   321 0.88 -
32185at50557_34720_0:0005a5|STRG.18025.4:263-1504|+  -            414 32185at50557         -            116   4.3e-17   61.2  21.8   5   5   3.3e-09   6.3e-06   25.2   3.7    39    69   323   361   317   392 0.85 -
32185at50557_144034_0:000287|STRG.18025.3:329-1294|+ -            322 32185at50557         -            116   4.2e-15   54.8  23.2   1   4      0.16     3e+02    0.4   0.8    56    68    41    53    21   111 0.68 -
32185at50557_144034_0:000287|STRG.18025.3:329-1294|+ -            322 32185at50557         -            116   4.2e-15   54.8  23.2   2   4       0.2   3.9e+02    0.1   0.4    59    76    93   110    59   138 0.53 -
32185at50557_144034_0:000287|STRG.18025.3:329-1294|+ -            322 32185at50557         -            116   4.2e-15   54.8  23.2   3   4   2.7e-12   5.1e-09   35.2   1.9    10    48   196   232   170   240 0.86 -
32185at50557_144034_0:000287|STRG.18025.3:329-1294|+ -            322 32185at50557         -            116   4.2e-15   54.8  23.2   4   4   2.6e-09     5e-06   25.5   3.6    39    69   241   279   235   288 0.84 -
#
# Program:         hmmsearch
# Version:         3.4 (Aug 2023)
# Pipeline mode:   SEARCH
# Query file:      /data/projet1/projet_tutore/busco_downloads/lineages/insecta_odb10/hmms/32185at50557.hmm
# Target file:     annotation_analysis/annotation_gca/T_zeteki/busco_output/run_insecta_odb10/metaeuk_output/initial_results/assembled_transcripts.fasta.modified.fas
# Option settings: hmmsearch --domtblout annotation_analysis/annotation_gca/T_zeteki/busco_output/run_insecta_odb10/hmmer_output/initial_run_results/32185at50557.out --cpu 1 /data/projet1/projet_tutore/busco_downloads/lineages/insecta_odb10/hmms/32185at50557.hmm annotation_analysis/annotation_gca/T_zeteki/busco_output/run_insecta_odb10/metaeuk_output/initial_results/assembled_transcripts.fasta.modified.fas 
# Current dir:     /data/projet1/projet_tutore
# Date:            Sun Dec  1 17:34:31 2024
# [ok]
