#                                                                                                              --- full sequence --- -------------- this domain -------------   hmm coord   ali coord   env coord
# target name                                          accession   tlen query name           accession   qlen   E-value  score  bias   #  of  c-Evalue  i-Evalue  score  bias  from    to  from    to  from    to  acc description of target
#                                  ------------------- ---------- ----- -------------------- ---------- ----- --------- ------ ----- --- --- --------- --------- ------ ----- ----- ----- ----- ----- ----- ----- ---- ---------------------
32850at50557_103372_0:001251|STRG.13925.1:0-2360|+     -            787 32850at50557         -            623         0 1055.4  41.0   1   4  1.5e-235  1.6e-232  772.3  14.5     1   379     1   412     1   422 0.95 -
32850at50557_103372_0:001251|STRG.13925.1:0-2360|+     -            787 32850at50557         -            623         0 1055.4  41.0   2   4     0.046        50    1.0   0.0   372   391   433   452   414   458 0.78 -
32850at50557_103372_0:001251|STRG.13925.1:0-2360|+     -            787 32850at50557         -            623         0 1055.4  41.0   3   4   2.1e-21   2.3e-18   64.9   1.6   378   484   463   595   453   609 0.68 -
32850at50557_103372_0:001251|STRG.13925.1:0-2360|+     -            787 32850at50557         -            623         0 1055.4  41.0   4   4   4.4e-71   4.8e-68  229.0   8.0   459   623   603   773   585   773 0.87 -
32850at50557_168631_0:000ff4|STRG.9351.1:156-440|+     -             92 32850at50557         -            623   4.1e-43  146.6   3.3   1   1   4.1e-46   4.5e-43  146.5   3.3   195   287     2    92     1    92 0.98 -
54056at50557_34720_0:000cf5|STRG.15563.2:468-2315|+    -            616 32850at50557         -            623   9.8e-19   66.1   8.6   1   2   1.5e-10   1.6e-07   29.0   0.4     6    74    83   153    81   155 0.90 -
54056at50557_34720_0:000cf5|STRG.15563.2:468-2315|+    -            616 32850at50557         -            623   9.8e-19   66.1   8.6   2   2     3e-14   3.3e-11   41.2   2.7    23   111   154   243   152   252 0.86 -
54056at50557_34720_0:000cf5|STRG.15563.1:343-2340|+    -            666 32850at50557         -            623   1.2e-18   65.8   8.6   1   2   1.7e-10   1.8e-07   28.9   0.4     6    74    46   116    44   118 0.90 -
54056at50557_34720_0:000cf5|STRG.15563.1:343-2340|+    -            666 32850at50557         -            623   1.2e-18   65.8   8.6   2   2   3.4e-14   3.7e-11   41.1   2.7    23   111   117   206   115   215 0.86 -
124342at50557_13686_0:001e21|STRG.824.1:276-824|+      -            183 32850at50557         -            623   0.00052   17.5   0.0   1   1   5.5e-07    0.0006   17.3   0.0   203   300    27   131    21   153 0.74 -
124342at50557_13686_0:001e21|STRG.824.2:3-545|+        -            181 32850at50557         -            623    0.0011   16.4   0.0   1   1   1.1e-06    0.0013   16.2   0.0   203   300    27   129    21   151 0.76 -
54056at50557_1218281_0:00254d|STRG.14930.1:1079-1489|+ -            137 32850at50557         -            623     0.027   11.8   4.1   1   2   9.7e-05      0.11    9.8   4.3    10    84     5    77     1   111 0.76 -
54056at50557_1218281_0:00254d|STRG.14930.1:1079-1489|+ -            137 32850at50557         -            623     0.027   11.8   4.1   2   2    0.0095        10    3.3   0.3     8    73    56   124    50   136 0.79 -
#
# Program:         hmmsearch
# Version:         3.4 (Aug 2023)
# Pipeline mode:   SEARCH
# Query file:      /data/projet1/projet_tutore/busco_downloads/lineages/insecta_odb10/hmms/32850at50557.hmm
# Target file:     annotation_analysis/annotation_gca/T_zeteki/busco_output/run_insecta_odb10/metaeuk_output/initial_results/assembled_transcripts.fasta.modified.fas
# Option settings: hmmsearch --domtblout annotation_analysis/annotation_gca/T_zeteki/busco_output/run_insecta_odb10/hmmer_output/initial_run_results/32850at50557.out --cpu 1 /data/projet1/projet_tutore/busco_downloads/lineages/insecta_odb10/hmms/32850at50557.hmm annotation_analysis/annotation_gca/T_zeteki/busco_output/run_insecta_odb10/metaeuk_output/initial_results/assembled_transcripts.fasta.modified.fas 
# Current dir:     /data/projet1/projet_tutore
# Date:            Sun Dec  1 17:34:32 2024
# [ok]
