#                                                                                                           --- full sequence --- -------------- this domain -------------   hmm coord   ali coord   env coord
# target name                                       accession   tlen query name           accession   qlen   E-value  score  bias   #  of  c-Evalue  i-Evalue  score  bias  from    to  from    to  from    to  acc description of target
#                               ------------------- ---------- ----- -------------------- ---------- ----- --------- ------ ----- --- --- --------- --------- ------ ----- ----- ----- ----- ----- ----- ----- ---- ---------------------
33426at50557_286306_0:001867|STRG.8818.2:249-2033|+ -            595 33426at50557         -            499         0 1030.5   8.0   1   2         0         0 1018.4   5.3     1   466     3   490     3   522 0.96 -
33426at50557_286306_0:001867|STRG.8818.2:249-2033|+ -            595 33426at50557         -            499         0 1030.5   8.0   2   2   1.6e-05      0.02   11.9   0.0   467   499   544   584   537   584 0.86 -
33426at50557_286306_0:001867|STRG.8818.3:159-2044|+ -            595 33426at50557         -            499         0 1030.5   8.0   1   2         0         0 1018.4   5.3     1   466     3   490     3   522 0.96 -
33426at50557_286306_0:001867|STRG.8818.3:159-2044|+ -            595 33426at50557         -            499         0 1030.5   8.0   2   2   1.6e-05      0.02   11.9   0.0   467   499   544   584   537   584 0.86 -
33426at50557_286306_0:001867|STRG.8818.5:733-2517|+ -            595 33426at50557         -            499         0 1030.5   8.0   1   2         0         0 1018.4   5.3     1   466     3   490     3   522 0.96 -
33426at50557_286306_0:001867|STRG.8818.5:733-2517|+ -            595 33426at50557         -            499         0 1030.5   8.0   2   2   1.6e-05      0.02   11.9   0.0   467   499   544   584   537   584 0.86 -
33426at50557_286306_0:001867|STRG.8818.6:0-1784|+   -            595 33426at50557         -            499         0 1030.5   8.0   1   2         0         0 1018.4   5.3     1   466     3   490     3   522 0.96 -
33426at50557_286306_0:001867|STRG.8818.6:0-1784|+   -            595 33426at50557         -            499         0 1030.5   8.0   2   2   1.6e-05      0.02   11.9   0.0   467   499   544   584   537   584 0.86 -
33426at50557_286306_0:001867|STRG.8818.4:497-2029|+ -            511 33426at50557         -            499  1.1e-253  840.8   7.3   1   2  5.2e-253  6.6e-250  828.3   4.7    82   466     1   406     1   438 0.95 -
33426at50557_286306_0:001867|STRG.8818.4:497-2029|+ -            511 33426at50557         -            499  1.1e-253  840.8   7.3   2   2   1.3e-05     0.017   12.2   0.0   467   499   460   500   453   500 0.86 -
33426at50557_13164_0:003512|STRG.3491.1:190-1842|+  -            551 33426at50557         -            499  1.7e-116  388.2   0.1   1   1  1.6e-119    2e-116  387.9   0.1     3   431     5   432     3   493 0.94 -
#
# Program:         hmmsearch
# Version:         3.4 (Aug 2023)
# Pipeline mode:   SEARCH
# Query file:      /data/projet1/projet_tutore/busco_downloads/lineages/insecta_odb10/hmms/33426at50557.hmm
# Target file:     annotation_analysis/annotation_gca/T_zeteki/busco_output/run_insecta_odb10/metaeuk_output/initial_results/assembled_transcripts.fasta.modified.fas
# Option settings: hmmsearch --domtblout annotation_analysis/annotation_gca/T_zeteki/busco_output/run_insecta_odb10/hmmer_output/initial_run_results/33426at50557.out --cpu 1 /data/projet1/projet_tutore/busco_downloads/lineages/insecta_odb10/hmms/33426at50557.hmm annotation_analysis/annotation_gca/T_zeteki/busco_output/run_insecta_odb10/metaeuk_output/initial_results/assembled_transcripts.fasta.modified.fas 
# Current dir:     /data/projet1/projet_tutore
# Date:            Sun Dec  1 17:34:35 2024
# [ok]
