#                                                                                                           --- full sequence --- -------------- this domain -------------   hmm coord   ali coord   env coord
# target name                                       accession   tlen query name           accession   qlen   E-value  score  bias   #  of  c-Evalue  i-Evalue  score  bias  from    to  from    to  from    to  acc description of target
#                               ------------------- ---------- ----- -------------------- ---------- ----- --------- ------ ----- --- --- --------- --------- ------ ----- ----- ----- ----- ----- ----- ----- ---- ---------------------
34630at50557_34720_0:00024b|STRG.4932.2:0-1832|+    -            611 34630at50557         -            364  7.9e-138  458.1  11.9   1   3    0.0007       1.1    7.0   0.3     2    85    17   104    16   199 0.57 -
34630at50557_34720_0:00024b|STRG.4932.2:0-1832|+    -            611 34630at50557         -            364  7.9e-138  458.1  11.9   2   3  1.3e-112  2.1e-109  364.7   0.2    40   252   206   429   186   455 0.86 -
34630at50557_34720_0:00024b|STRG.4932.2:0-1832|+    -            611 34630at50557         -            364  7.9e-138  458.1  11.9   3   3     1e-28   1.5e-25   88.7   2.0   253   364   463   611   458   611 0.83 -
34630at50557_62324_0:00310d|STRG.4932.1:1198-1995|+ -            266 34630at50557         -            364   2.6e-67  226.1  11.5   1   2   3.7e-43   5.7e-40  136.2   1.8   169   252     1    84     1   111 0.83 -
34630at50557_62324_0:00310d|STRG.4932.1:1198-1995|+ -            266 34630at50557         -            364   2.6e-67  226.1  11.5   2   2   2.1e-29   3.3e-26   90.9   2.4   253   364   118   266   112   266 0.83 -
34630at50557_103372_0:00133f|STRG.4932.1:270-1199|+ -            310 34630at50557         -            364   9.1e-51  171.7   2.1   1   2   0.00017      0.26    9.0   0.3     2   171    17   196    16   203 0.60 -
34630at50557_103372_0:00133f|STRG.4932.1:270-1199|+ -            310 34630at50557         -            364   9.1e-51  171.7   2.1   2   2   4.8e-51   7.4e-48  162.1   0.2    40   137   206   310   184   310 0.87 -
138762at50557_13249_0:0030f7|STRG.18530.1:54-1526|+ -            491 34630at50557         -            364    0.0047   14.7   0.3   1   1   5.6e-06    0.0085   13.9   0.3   178   289   135   248   124   270 0.71 -
134345at50557_34720_0:0014ff|STRG.12571.1:59-526|+  -            156 34630at50557         -            364      0.04   11.7   0.0   1   1   3.4e-05     0.052   11.3   0.0   102   138    33    69    25    93 0.85 -
#
# Program:         hmmsearch
# Version:         3.4 (Aug 2023)
# Pipeline mode:   SEARCH
# Query file:      /data/projet1/projet_tutore/busco_downloads/lineages/insecta_odb10/hmms/34630at50557.hmm
# Target file:     annotation_analysis/annotation_gca/T_zeteki/busco_output/run_insecta_odb10/metaeuk_output/initial_results/assembled_transcripts.fasta.modified.fas
# Option settings: hmmsearch --domtblout annotation_analysis/annotation_gca/T_zeteki/busco_output/run_insecta_odb10/hmmer_output/initial_run_results/34630at50557.out --cpu 1 /data/projet1/projet_tutore/busco_downloads/lineages/insecta_odb10/hmms/34630at50557.hmm annotation_analysis/annotation_gca/T_zeteki/busco_output/run_insecta_odb10/metaeuk_output/initial_results/assembled_transcripts.fasta.modified.fas 
# Current dir:     /data/projet1/projet_tutore
# Date:            Sun Dec  1 17:34:36 2024
# [ok]
