#                                                                                                             --- full sequence --- -------------- this domain -------------   hmm coord   ali coord   env coord
# target name                                         accession   tlen query name           accession   qlen   E-value  score  bias   #  of  c-Evalue  i-Evalue  score  bias  from    to  from    to  from    to  acc description of target
#                                 ------------------- ---------- ----- -------------------- ---------- ----- --------- ------ ----- --- --- --------- --------- ------ ----- ----- ----- ----- ----- ----- ----- ---- ---------------------
43304at50557_34720_0:00174e|STRG.791.1:151-2355|+     -            735 43304at50557         -            376  9.7e-162  536.8  15.7   1   2     7e-22   7.3e-20   69.9   0.1     7    53   159   205   149   210 0.87 -
43304at50557_34720_0:00174e|STRG.791.1:151-2355|+     -            735 43304at50557         -            376  9.7e-162  536.8  15.7   2   2  1.7e-140  1.8e-138  460.2  11.5    49   365   249   639   245   645 0.86 -
43304at50557_34720_0:00174e|STRG.791.2:0-2204|+       -            735 43304at50557         -            376  9.7e-162  536.8  15.7   1   2     7e-22   7.3e-20   69.9   0.1     7    53   159   205   149   210 0.87 -
43304at50557_34720_0:00174e|STRG.791.2:0-2204|+       -            735 43304at50557         -            376  9.7e-162  536.8  15.7   2   2  1.7e-140  1.8e-138  460.2  11.5    49   365   249   639   245   645 0.86 -
43304at50557_568069_0:003ee6|STRG.1168.2:3-1238|+     -            412 43304at50557         -            376   9.9e-79  263.6   3.0   1   1   1.2e-80   1.3e-78  263.2   3.0     7   337    15   371    10   398 0.83 -
43304at50557_568069_0:003ee6|STRG.1168.1:142-1446|+   -            435 43304at50557         -            376   1.2e-78  263.3   3.0   1   1   1.5e-80   1.6e-78  262.9   3.0     7   337    38   394    33   421 0.83 -
29312at50557_116153_0:001f21|STRG.810.1:450-1589|+    -            380 43304at50557         -            376     1e-66  224.1   2.3   1   1   1.3e-68   1.3e-66  223.7   2.3     7   337    21   377    12   380 0.85 -
65449at50557_42026_0:002fbc|STRG.10164.1:117-1430|+   -            438 43304at50557         -            376   1.4e-56  190.7   0.2   1   1   1.8e-58   1.9e-56  190.3   0.2     8   324    21   362    12   407 0.78 -
46658at50557_28612_0:0048c7|STRG.9429.1:99-1220|+     -            374 43304at50557         -            376   1.5e-56  190.6   0.2   1   1   3.3e-58   3.5e-56  189.4   0.1     6   307    25   347    16   354 0.85 -
29312at50557_34720_0:0009c1|STRG.16684.1:103-2406|+   -            768 43304at50557         -            376   1.8e-56  190.4   0.1   1   1   2.8e-58   2.9e-56  189.7   0.1     6   313   274   606   266   644 0.81 -
35385at50557_37001_0:001231|STRG.10294.1:329-1663|+   -            445 43304at50557         -            376   6.3e-56  188.6   0.0   1   1   7.5e-58   7.9e-56  188.3   0.0     7   312    70   401    64   429 0.84 -
35385at50557_7375_0:0001af|STRG.10294.2:239-1585|+    -            449 43304at50557         -            376   6.6e-56  188.5   0.0   1   1   7.9e-58   8.3e-56  188.2   0.0     7   312    78   409    72   436 0.84 -
35385at50557_35570_0:00290c|STRG.7305.1:1014-2258|+   -            415 43304at50557         -            376   2.4e-55  186.7   0.0   1   1   2.1e-56   2.2e-54  183.5   0.0     6   328    29   393    24   399 0.82 -
35385at50557_7375_0:0001af|STRG.10294.3:305-2471|+    -            449 43304at50557         -            376   3.2e-55  186.2   0.0   1   1   3.9e-57     4e-55  185.9   0.0     7   312    78   409    72   436 0.84 -
35385at50557_37001_0:001231|STRG.18129.1:1221-2450|+  -            410 43304at50557         -            376   3.2e-55  186.2   0.2   1   2   1.7e-37   1.7e-35  121.3   0.1     8   154    41   198    34   203 0.87 -
35385at50557_37001_0:001231|STRG.18129.1:1221-2450|+  -            410 43304at50557         -            376   3.2e-55  186.2   0.2   2   2   8.5e-20   8.9e-18   63.0   0.0   193   314   267   398   218   409 0.79 -
35385at50557_37001_0:001231|STRG.18129.2:987-2216|+   -            410 43304at50557         -            376   3.2e-55  186.2   0.2   1   2   1.7e-37   1.7e-35  121.3   0.1     8   154    41   198    34   203 0.87 -
35385at50557_37001_0:001231|STRG.18129.2:987-2216|+   -            410 43304at50557         -            376   3.2e-55  186.2   0.2   2   2   8.5e-20   8.9e-18   63.0   0.0   193   314   267   398   218   409 0.79 -
35385at50557_7375_0:0001af|STRG.13467.2:823-2142|+    -            440 43304at50557         -            376   5.1e-55  185.6   0.0   1   1     6e-57   6.3e-55  185.3   0.0     7   324    70   413    64   434 0.81 -
35385at50557_7375_0:0001af|STRG.13467.3:201-1520|+    -            440 43304at50557         -            376   5.1e-55  185.6   0.0   1   1     6e-57   6.3e-55  185.3   0.0     7   324    70   413    64   434 0.81 -
35385at50557_7375_0:0001af|STRG.13467.1:823-2628|+    -            440 43304at50557         -            376   2.5e-54  183.3   0.0   1   1   2.9e-56   3.1e-54  183.0   0.0     7   324    70   413    64   434 0.81 -
65449at50557_34720_0:000b83|STRG.12673.1:187-2941|+   -            587 43304at50557         -            376   1.1e-53  181.2   0.3   1   1   1.1e-55   1.1e-53  181.2   0.3    10   355    30   403    22   422 0.76 -
35385at50557_37001_0:001231|STRG.10295.2:437-1693|+   -            419 43304at50557         -            376   1.2e-53  181.1   0.0   1   1   1.3e-55   1.4e-53  180.9   0.0     8   314    49   381    42   413 0.83 -
35385at50557_37001_0:001231|STRG.10295.1:366-1694|+   -            443 43304at50557         -            376   1.4e-53  180.9   0.0   1   1   1.6e-55   1.7e-53  180.6   0.0     8   314    73   405    66   437 0.83 -
65449at50557_34720_0:000b83|STRG.12673.3:0-1763|+     -            588 43304at50557         -            376   3.8e-53  179.4   0.3   1   1   3.7e-55   3.8e-53  179.4   0.3    10   355    30   404    22   423 0.76 -
18450at50557_144034_0:001371|STRG.10469.1:0-2852|+    -            951 43304at50557         -            376     1e-52  178.0   0.0   1   1   1.4e-54   1.5e-52  177.5   0.0     6   308   309   637   303   652 0.84 -
35385at50557_7370_0:001aad|STRG.8927.1:0-1757|+       -            586 43304at50557         -            376   1.3e-52  177.6   0.0   1   1   1.7e-54   1.8e-52  177.2   0.0     7   312    10   341     4   403 0.83 -
46658at50557_28612_0:0048c7|STRG.11789.1:216-1400|+   -            395 43304at50557         -            376   5.1e-52  175.7   0.8   1   1   5.9e-54   6.2e-52  175.4   0.8     6   328    36   381    27   390 0.84 -
46658at50557_28612_0:0048c7|STRG.11789.2:216-1400|+   -            395 43304at50557         -            376   5.1e-52  175.7   0.8   1   1   5.9e-54   6.2e-52  175.4   0.8     6   328    36   381    27   390 0.84 -
46658at50557_28612_0:0048c7|STRG.11789.3:216-2566|+   -            395 43304at50557         -            376   5.1e-52  175.7   0.8   1   1   5.9e-54   6.2e-52  175.4   0.8     6   328    36   381    27   390 0.84 -
35385at50557_7370_0:001aad|STRG.15942.2:1316-2596|+   -            427 43304at50557         -            376   9.4e-51  171.5   0.0   1   1   1.2e-52   1.2e-50  171.2   0.0     5   313    76   408    72   421 0.83 -
35385at50557_7370_0:001aad|STRG.15942.1:1191-2468|+   -            426 43304at50557         -            376   9.5e-51  171.5   0.0   1   1   1.2e-52   1.2e-50  171.1   0.0     5   313    76   408    72   420 0.83 -
35385at50557_7370_0:001aad|STRG.15942.3:612-1889|+    -            426 43304at50557         -            376   9.5e-51  171.5   0.0   1   1   1.2e-52   1.2e-50  171.1   0.0     5   313    76   408    72   420 0.83 -
46658at50557_211228_0:001f32|STRG.3167.1:51-1145|+    -            365 43304at50557         -            376   1.2e-50  171.2   0.5   1   1   1.4e-52   1.4e-50  170.9   0.5     7   326    20   357    14   364 0.85 -
18450at50557_1155016_0:0026c2|STRG.17079.1:995-2197|+ -            401 43304at50557         -            376   1.9e-49  167.2   0.0   1   2   6.3e-33   6.6e-31  106.2   0.0     4   165    31   209    28   224 0.83 -
18450at50557_1155016_0:0026c2|STRG.17079.1:995-2197|+ -            401 43304at50557         -            376   1.9e-49  167.2   0.0   2   2   1.4e-18   1.5e-16   59.0   0.0   216   307   271   369   249   385 0.86 -
46658at50557_219809_0:0017ae|STRG.15186.1:508-1857|+  -            450 43304at50557         -            376   4.6e-49  166.0   1.0   1   1   5.5e-51   5.7e-49  165.7   1.0     7   311    82   402    76   433 0.83 -
46658at50557_219809_0:0017ae|STRG.15186.2:1122-2471|+ -            450 43304at50557         -            376   4.6e-49  166.0   1.0   1   1   5.5e-51   5.7e-49  165.7   1.0     7   311    82   402    76   433 0.83 -
65449at50557_7220_0:002055|STRG.4386.1:1185-2996|+    -            604 43304at50557         -            376     5e-47  159.3   1.1   1   3   1.1e-28   1.2e-26   92.3   0.0     8   153     7   162     3   204 0.87 -
65449at50557_7220_0:002055|STRG.4386.1:1185-2996|+    -            604 43304at50557         -            376     5e-47  159.3   1.1   2   3       1.5   1.6e+02   -0.3   0.1   318   354   241   277   234   299 0.61 -
65449at50557_7220_0:002055|STRG.4386.1:1185-2996|+    -            604 43304at50557         -            376     5e-47  159.3   1.1   3   3   4.8e-20     5e-18   63.8   0.0   237   341   396   507   394   538 0.84 -
65449at50557_7237_0:000776|STRG.3410.1:226-1503|+     -            426 43304at50557         -            376   2.1e-46  157.3   0.0   1   1   2.8e-48     3e-46  156.7   0.0    56   311    12   287     7   338 0.82 -
35385at50557_7004_0:0045a0|STRG.16512.1:1-903|+       -            301 43304at50557         -            376   3.8e-43  146.5   0.1   1   1   4.4e-45   4.6e-43  146.2   0.1    25   290     4   299     1   301 0.81 -
46658at50557_211228_0:001f32|STRG.15110.1:99-1172|+   -            358 43304at50557         -            376   4.1e-42  143.1   0.3   1   1   4.8e-44     5e-42  142.8   0.3     7   313    20   337    14   356 0.81 -
35385at50557_37001_0:001231|STRG.13467.4:201-1280|+   -            360 43304at50557         -            376   3.4e-41  140.1   0.0   1   1   3.9e-43     4e-41  139.8   0.0     7   272    70   360    64   360 0.80 -
35385at50557_37001_0:001231|STRG.13467.5:201-1280|+   -            360 43304at50557         -            376   3.4e-41  140.1   0.0   1   1   3.9e-43     4e-41  139.8   0.0     7   272    70   360    64   360 0.80 -
46658at50557_6973_0:00426b|STRG.11425.1:3-702|+       -            170 43304at50557         -            376   3.8e-41  139.9   0.0   1   1   4.5e-43   4.7e-41  139.6   0.0     7   166     7   167     3   169 0.88 -
57791at50557_34720_0:001e64|STRG.693.1:0-1973|+       -            658 43304at50557         -            376   1.9e-37  127.7   7.0   1   3      0.17        18    2.8   1.3   141   197    20    77     7   104 0.77 -
57791at50557_34720_0:001e64|STRG.693.1:0-1973|+       -            658 43304at50557         -            376   1.9e-37  127.7   7.0   2   3   2.1e-20   2.2e-18   65.0   0.0    25   142   235   366   226   427 0.77 -
57791at50557_34720_0:001e64|STRG.693.1:0-1973|+       -            658 43304at50557         -            376   1.9e-37  127.7   7.0   3   3   2.8e-19   2.9e-17   61.3   0.3   196   340   454   618   449   655 0.69 -
123578at50557_7168_0:0013fb|STRG.15010.1:421-1821|+   -            467 43304at50557         -            376   1.1e-35  121.9   0.7   1   1   3.4e-37   3.5e-35  120.3   0.7     7   301    93   426    87   434 0.75 -
65449at50557_7425_0:001950|STRG.13926.3:367-1295|+    -            301 43304at50557         -            376   1.5e-35  121.5   0.2   1   1   2.6e-37   2.7e-35  120.7   0.2    12   294    10   301     6   301 0.82 -
65449at50557_217634_0:0037dd|STRG.13926.1:534-1780|+  -            397 43304at50557         -            376   9.3e-34  115.6   0.3   1   1   2.6e-35   2.8e-33  114.1   0.3    12   307     1   295     1   313 0.82 -
65449at50557_217634_0:0037dd|STRG.13926.2:534-1780|+  -            397 43304at50557         -            376   9.3e-34  115.6   0.3   1   1   2.6e-35   2.8e-33  114.1   0.3    12   307     1   295     1   313 0.82 -
68043at50557_456900_0:001f98|STRG.14512.2:0-1586|+    -            529 43304at50557         -            376   2.8e-32  110.8   0.0   1   1   6.6e-34   6.9e-32  109.5   0.0     8   317   125   460   119   497 0.74 -
68043at50557_34720_0:001307|STRG.14512.1:137-1810|+   -            558 43304at50557         -            376   3.2e-32  110.5   0.0   1   1   7.5e-34   7.9e-32  109.3   0.0     8   317   154   489   148   527 0.74 -
46658at50557_174628_0:001983|STRG.18954.1:224-1333|+  -            370 43304at50557         -            376   3.6e-30  103.8   0.2   1   1   4.4e-32   4.6e-30  103.5   0.2     7   320    20   364    14   369 0.77 -
46658at50557_144034_0:002a0f|STRG.15186.3:169-840|+   -            224 43304at50557         -            376   4.2e-28   97.0   0.3   1   1   4.5e-30   4.8e-28   96.8   0.3     7   150    76   221    70   224 0.88 -
46658at50557_7274_0:00208b|STRG.5936.2:137-1170|+     -            336 43304at50557         -            376   1.7e-27   95.0   1.4   1   1   1.3e-28   1.3e-26   92.1   1.4     4   297    29   336    26   336 0.77 -
41619at50557_103372_0:0019ac|STRG.18312.1:11-921|+    -            298 43304at50557         -            376   1.2e-23   82.4   3.7   1   1   1.6e-25   1.7e-23   81.9   3.7     7   257     8   278     2   293 0.80 -
41619at50557_103372_0:0019ac|STRG.18312.2:11-904|+    -            298 43304at50557         -            376   1.2e-23   82.4   3.7   1   1   1.6e-25   1.7e-23   81.9   3.7     7   257     8   278     2   293 0.80 -
46658at50557_28612_0:0048c7|STRG.5936.2:481-1170|+    -            230 43304at50557         -            376   3.1e-18   64.5   0.1   1   1   1.3e-19   1.4e-17   62.4   0.1    95   297     5   230     2   230 0.73 -
25910at50557_103372_0:001a63|STRG.17951.1:2-2629|+    -            605 43304at50557         -            376   3.3e-18   64.5   0.3   1   3     0.046       4.8    4.7   0.0    55    79   203   227   195   235 0.84 -
25910at50557_103372_0:001a63|STRG.17951.1:2-2629|+    -            605 43304at50557         -            376   3.3e-18   64.5   0.3   2   3     0.012       1.3    6.5   0.0   126   165   239   286   230   319 0.70 -
25910at50557_103372_0:001a63|STRG.17951.1:2-2629|+    -            605 43304at50557         -            376   3.3e-18   64.5   0.3   3   3   8.7e-16   9.1e-14   49.8   0.0   213   312   380   489   364   497 0.83 -
65449at50557_34720_0:000b83|STRG.12673.2:869-1798|+   -            310 43304at50557         -            376     2e-17   61.9   0.0   1   1   1.9e-19     2e-17   61.9   0.0   239   357     5   128     2   145 0.77 -
46658at50557_168631_0:000a66|STRG.11789.3:2024-2566|+ -            181 43304at50557         -            376   6.4e-17   60.2   0.1   1   1   7.5e-19   7.8e-17   59.9   0.1   194   329    22   168    11   176 0.82 -
19244at50557_116153_0:001e22|STRG.5619.1:27-1052|+    -            342 43304at50557         -            376   1.1e-12   46.3   0.0   1   2     7e-09   7.3e-07   27.1   0.0    11   143     9   145     4   193 0.69 -
19244at50557_116153_0:001e22|STRG.5619.1:27-1052|+    -            342 43304at50557         -            376   1.1e-12   46.3   0.0   2   2   8.2e-06   0.00086   17.0   0.0   216   303   241   335   233   341 0.82 -
46658at50557_168631_0:000569|STRG.5936.1:137-487|+    -            117 43304at50557         -            376   7.5e-10   36.9   0.4   1   1   8.3e-12   8.7e-10   36.7   0.4     4    90    29   117    26   117 0.86 -
41619at50557_143948_0:002374|STRG.18313.1:8-658|+     -            217 43304at50557         -            376   1.1e-07   29.8   0.0   1   1   1.3e-09   1.4e-07   29.5   0.0   268   314    17    63     4   125 0.80 -
19244at50557_29053_0:002948|STRG.12343.1:1587-2774|+  -            396 43304at50557         -            376     8e-07   27.0   0.0   1   1   6.1e-08   6.4e-06   24.0   0.0    31   321    28   341     8   364 0.55 -
19244at50557_7536_0:001656|STRG.5111.1:321-1445|+     -            375 43304at50557         -            376   2.4e-06   25.4   0.0   1   2      0.17        18    2.8   0.0    21    48     1    28     1   118 0.84 -
19244at50557_7536_0:001656|STRG.5111.1:321-1445|+     -            375 43304at50557         -            376   2.4e-06   25.4   0.0   2   2   5.8e-07   6.1e-05   20.8   0.0   262   356   266   362   209   370 0.77 -
68043at50557_133901_0:001e43|STRG.6007.1:1684-2922|+  -            413 43304at50557         -            376   3.5e-06   24.9   0.5   1   2   3.3e-08   3.5e-06   24.9   0.5    10   135    22   157    16   180 0.81 -
68043at50557_133901_0:001e43|STRG.6007.1:1684-2922|+  -            413 43304at50557         -            376   3.5e-06   24.9   0.5   2   2       7.4   7.7e+02   -2.6   0.0   208   239   253   284   240   288 0.75 -
68043at50557_133901_0:001e43|STRG.6007.2:1275-2513|+  -            413 43304at50557         -            376   3.5e-06   24.9   0.5   1   2   3.3e-08   3.5e-06   24.9   0.5    10   135    22   157    16   180 0.81 -
68043at50557_133901_0:001e43|STRG.6007.2:1275-2513|+  -            413 43304at50557         -            376   3.5e-06   24.9   0.5   2   2       7.4   7.7e+02   -2.6   0.0   208   239   253   284   240   288 0.75 -
19244at50557_34720_0:002014|STRG.18598.3:0-4418|+     -           1473 43304at50557         -            376   0.00016   19.4   0.6   1   1     4e-05    0.0042   14.7   0.6    22   305   792  1116   778  1138 0.64 -
19244at50557_34720_0:002014|STRG.18598.4:454-4929|+   -           1492 43304at50557         -            376   0.00016   19.4   0.6   1   1   4.1e-05    0.0043   14.7   0.6    22   305   811  1135   797  1157 0.64 -
19244at50557_34720_0:002014|STRG.18598.5:127-4611|+   -           1495 43304at50557         -            376   0.00016   19.4   0.6   1   1   4.1e-05    0.0043   14.7   0.6    22   305   814  1138   800  1160 0.64 -
41619at50557_121225_0:000d27|STRG.6543.3:654-1595|+   -            314 43304at50557         -            376   0.00017   19.3   0.0   1   2   7.8e-06   0.00081   17.1   0.0     8   142    10   155     5   175 0.76 -
41619at50557_121225_0:000d27|STRG.6543.3:654-1595|+   -            314 43304at50557         -            376   0.00017   19.3   0.0   2   2       1.4   1.5e+02   -0.3   0.1   187   250   230   284   205   296 0.70 -
19244at50557_34720_0:002014|STRG.18598.1:117-4691|+   -           1525 43304at50557         -            376   0.00017   19.3   0.6   1   1   4.3e-05    0.0045   14.6   0.6    22   305   844  1168   830  1190 0.64 -
68043at50557_7200_0:000154|STRG.7688.1:1420-2565|+    -            382 43304at50557         -            376    0.0046   14.6   0.1   1   1   7.6e-05     0.008   13.8   0.1    11   136     7   142     2   164 0.78 -
19244at50557_13037_0:00338e|STRG.18598.2:229-1719|+   -            497 43304at50557         -            376    0.0064   14.1   0.2   1   1   0.00016     0.016   12.8   0.0   260   308    94   143    68   172 0.81 -
65449at50557_38123_0:002d0c|STRG.4765.1:427-1020|+    -            198 43304at50557         -            376     0.016   12.8   0.0   1   1   0.00023     0.024   12.2   0.0   256   288    11    44     7    50 0.79 -
68043at50557_45779_0:0013b8|STRG.6007.1:4291-5382|+   -            364 43304at50557         -            376     0.029   11.9   0.1   1   1   0.00048      0.05   11.2   0.1    12   164     2   152     1   184 0.68 -
68043at50557_45779_0:0013b8|STRG.6007.2:3882-4973|+   -            364 43304at50557         -            376     0.029   11.9   0.1   1   1   0.00048      0.05   11.2   0.1    12   164     2   152     1   184 0.68 -
#
# Program:         hmmsearch
# Version:         3.4 (Aug 2023)
# Pipeline mode:   SEARCH
# Query file:      /data/projet1/projet_tutore/busco_downloads/lineages/insecta_odb10/hmms/43304at50557.hmm
# Target file:     annotation_analysis/annotation_gca/T_zeteki/busco_output/run_insecta_odb10/metaeuk_output/initial_results/assembled_transcripts.fasta.modified.fas
# Option settings: hmmsearch --domtblout annotation_analysis/annotation_gca/T_zeteki/busco_output/run_insecta_odb10/hmmer_output/initial_run_results/43304at50557.out --cpu 1 /data/projet1/projet_tutore/busco_downloads/lineages/insecta_odb10/hmms/43304at50557.hmm annotation_analysis/annotation_gca/T_zeteki/busco_output/run_insecta_odb10/metaeuk_output/initial_results/assembled_transcripts.fasta.modified.fas 
# Current dir:     /data/projet1/projet_tutore
# Date:            Sun Dec  1 17:34:59 2024
# [ok]
