#                                                                                                            --- full sequence --- -------------- this domain -------------   hmm coord   ali coord   env coord
# target name                                        accession   tlen query name           accession   qlen   E-value  score  bias   #  of  c-Evalue  i-Evalue  score  bias  from    to  from    to  from    to  acc description of target
#                                ------------------- ---------- ----- -------------------- ---------- ----- --------- ------ ----- --- --- --------- --------- ------ ----- ----- ----- ----- ----- ----- ----- ---- ---------------------
47233at50557_520822_0:001e73|STRG.19392.2:0-1664|+   -            555 47233at50557         -            389  9.1e-155  514.1  14.7   1   3   1.5e-27   2.4e-24   84.7   0.0    11    61    49    99    44   109 0.91 -
47233at50557_520822_0:001e73|STRG.19392.2:0-1664|+   -            555 47233at50557         -            389  9.1e-155  514.1  14.7   2   3   1.2e-45   1.9e-42  144.3   0.4    71   179   147   273   126   280 0.87 -
47233at50557_520822_0:001e73|STRG.19392.2:0-1664|+   -            555 47233at50557         -            389  9.1e-155  514.1  14.7   3   3   8.9e-90   1.4e-86  289.6   5.6   176   389   290   553   283   553 0.85 -
47233at50557_520822_0:001e73|STRG.19392.1:182-2028|+ -            558 47233at50557         -            389  9.4e-155  514.0  14.7   1   3   1.6e-27   2.4e-24   84.7   0.0    11    61    52   102    47   112 0.91 -
47233at50557_520822_0:001e73|STRG.19392.1:182-2028|+ -            558 47233at50557         -            389  9.4e-155  514.0  14.7   2   3   1.3e-45   1.9e-42  144.3   0.4    71   179   150   276   129   283 0.87 -
47233at50557_520822_0:001e73|STRG.19392.1:182-2028|+ -            558 47233at50557         -            389  9.4e-155  514.0  14.7   3   3     9e-90   1.4e-86  289.6   5.6   176   389   293   556   286   556 0.85 -
40115at50557_7370_0:002473|STRG.931.2:264-1381|+     -            291 47233at50557         -            389    0.0003   18.5   0.0   1   3      0.24   3.6e+02   -1.5   0.0    36    53    13    29     9    36 0.76 -
40115at50557_7370_0:002473|STRG.931.2:264-1381|+     -            291 47233at50557         -            389    0.0003   18.5   0.0   2   3      0.42   6.4e+02   -2.3   0.0    31    45    92   106    56   132 0.56 -
40115at50557_7370_0:002473|STRG.931.2:264-1381|+     -            291 47233at50557         -            389    0.0003   18.5   0.0   3   3     2e-06    0.0031   15.2   0.0    23    83   169   226   165   279 0.76 -
80377at50557_121845_0:0030d4|STRG.931.1:117-983|+    -            289 47233at50557         -            389    0.0003   18.5   0.0   1   3      0.23   3.6e+02   -1.5   0.0    36    53    12    28     8    35 0.76 -
80377at50557_121845_0:0030d4|STRG.931.1:117-983|+    -            289 47233at50557         -            389    0.0003   18.5   0.0   2   3      0.41   6.3e+02   -2.3   0.0    31    46    91   106    55   132 0.57 -
80377at50557_121845_0:0030d4|STRG.931.1:117-983|+    -            289 47233at50557         -            389    0.0003   18.5   0.0   3   3     2e-06    0.0031   15.2   0.0    23    83   168   225   164   278 0.76 -
31374at50557_197043_0:003de5|STRG.13802.1:192-809|+  -            206 47233at50557         -            389     0.013   13.2   0.0   1   3      0.84   1.3e+03   -3.3   0.0    32    53    64    84    56    87 0.65 -
31374at50557_197043_0:003de5|STRG.13802.1:192-809|+  -            206 47233at50557         -            389     0.013   13.2   0.0   2   3      0.45   6.9e+02   -2.4   0.0    36    52   110   126   107   131 0.83 -
31374at50557_197043_0:003de5|STRG.13802.1:192-809|+  -            206 47233at50557         -            389     0.013   13.2   0.0   3   3   2.8e-05     0.043   11.4   0.0    35    66   151   181   140   192 0.82 -
#
# Program:         hmmsearch
# Version:         3.4 (Aug 2023)
# Pipeline mode:   SEARCH
# Query file:      /data/projet1/projet_tutore/busco_downloads/lineages/insecta_odb10/hmms/47233at50557.hmm
# Target file:     annotation_analysis/annotation_gca/T_zeteki/busco_output/run_insecta_odb10/metaeuk_output/initial_results/assembled_transcripts.fasta.modified.fas
# Option settings: hmmsearch --domtblout annotation_analysis/annotation_gca/T_zeteki/busco_output/run_insecta_odb10/hmmer_output/initial_run_results/47233at50557.out --cpu 1 /data/projet1/projet_tutore/busco_downloads/lineages/insecta_odb10/hmms/47233at50557.hmm annotation_analysis/annotation_gca/T_zeteki/busco_output/run_insecta_odb10/metaeuk_output/initial_results/assembled_transcripts.fasta.modified.fas 
# Current dir:     /data/projet1/projet_tutore
# Date:            Sun Dec  1 17:35:07 2024
# [ok]
