#                                                                                                             --- full sequence --- -------------- this domain -------------   hmm coord   ali coord   env coord
# target name                                         accession   tlen query name           accession   qlen   E-value  score  bias   #  of  c-Evalue  i-Evalue  score  bias  from    to  from    to  from    to  acc description of target
#                                 ------------------- ---------- ----- -------------------- ---------- ----- --------- ------ ----- --- --- --------- --------- ------ ----- ----- ----- ----- ----- ----- ----- ---- ---------------------
47258at50557_144034_0:000ab7|STRG.3947.1:139-2445|+   -            769 47258at50557         -            526  8.7e-274  907.5  45.5   1   4  6.7e-154  2.7e-151  503.3  15.1     1   265    26   324    26   328 0.91 -
47258at50557_144034_0:000ab7|STRG.3947.1:139-2445|+   -            769 47258at50557         -            526  8.7e-274  907.5  45.5   2   4   0.00017     0.069   10.3   6.6   242   277   317   353   313   363 0.75 -
47258at50557_144034_0:000ab7|STRG.3947.1:139-2445|+   -            769 47258at50557         -            526  8.7e-274  907.5  45.5   3   4   4.5e-91   1.8e-88  296.1   3.8   265   433   364   546   354   559 0.93 -
47258at50557_144034_0:000ab7|STRG.3947.1:139-2445|+   -            769 47258at50557         -            526  8.7e-274  907.5  45.5   4   4   2.6e-35   1.1e-32  112.0   1.0   426   526   649   768   644   768 0.85 -
47258at50557_51655_0:000272|STRG.14375.1:2637-2882|+  -             82 47258at50557         -            526   7.3e-15   53.2   0.2   1   1   2.1e-17   8.6e-15   52.9   0.2     5    60    28    81    26    82 0.94 -
47258at50557_51655_0:000272|STRG.14375.2:2526-2771|+  -             82 47258at50557         -            526   7.3e-15   53.2   0.2   1   1   2.1e-17   8.6e-15   52.9   0.2     5    60    28    81    26    82 0.94 -
47258at50557_51655_0:000272|STRG.14375.3:1161-1406|+  -             82 47258at50557         -            526   7.3e-15   53.2   0.2   1   1   2.1e-17   8.6e-15   52.9   0.2     5    60    28    81    26    82 0.94 -
47258at50557_51655_0:000272|STRG.14375.4:1676-1921|+  -             82 47258at50557         -            526   7.3e-15   53.2   0.2   1   1   2.1e-17   8.6e-15   52.9   0.2     5    60    28    81    26    82 0.94 -
42720at50557_64793_0:001e6a|STRG.10377.2:199-2574|+   -            792 47258at50557         -            526   1.6e-14   52.0   0.4   1   1     1e-16   4.1e-14   50.7   0.4    10    63     8    60     4    91 0.85 -
42720at50557_88501_0:001731|STRG.10377.3:29-2327|+    -            760 47258at50557         -            526   1.7e-14   51.9   0.3   1   1   1.1e-16   4.3e-14   50.6   0.3    10    64     3    56     1    69 0.87 -
42720at50557_64793_0:001e6a|STRG.10377.4:29-2995|+    -            797 47258at50557         -            526   1.8e-14   51.9   0.3   1   1   1.1e-16   4.4e-14   50.6   0.3    10    63     3    55     1    94 0.81 -
42720at50557_64793_0:001e6a|STRG.10377.1:29-2389|+    -            787 47258at50557         -            526     2e-14   51.7   0.4   1   1   1.2e-16   4.9e-14   50.4   0.4    10    63     3    55     1    86 0.85 -
104302at50557_43151_0:00269f|STRG.10838.1:1976-2206|+ -             77 47258at50557         -            526   6.5e-08   30.2   0.0   1   1   1.8e-10   7.1e-08   30.1   0.0   458   524     7    76     4    77 0.85 -
104302at50557_43151_0:00269f|STRG.10838.2:1824-2054|+ -             77 47258at50557         -            526   6.5e-08   30.2   0.0   1   1   1.8e-10   7.1e-08   30.1   0.0   458   524     7    76     4    77 0.85 -
104302at50557_43151_0:00269f|STRG.14717.1:118-345|+   -             76 47258at50557         -            526   8.2e-08   29.9   0.0   1   1   2.2e-10   8.9e-08   29.8   0.0   458   523     7    75     4    76 0.85 -
104302at50557_43151_0:00269f|STRG.14717.2:0-227|+     -             76 47258at50557         -            526   8.2e-08   29.9   0.0   1   1   2.2e-10   8.9e-08   29.8   0.0   458   523     7    75     4    76 0.85 -
104302at50557_43151_0:00269f|STRG.19363.1:1287-1514|+ -             76 47258at50557         -            526   8.2e-08   29.9   0.0   1   1   2.2e-10   8.9e-08   29.8   0.0   458   523     7    75     4    76 0.85 -
104302at50557_43151_0:00269f|STRG.19363.2:1170-1397|+ -             76 47258at50557         -            526   8.2e-08   29.9   0.0   1   1   2.2e-10   8.9e-08   29.8   0.0   458   523     7    75     4    76 0.85 -
104302at50557_43151_0:00269f|STRG.8968.1:53-280|+     -             76 47258at50557         -            526   1.4e-07   29.1   0.0   1   1   3.8e-10   1.5e-07   29.0   0.0   458   523     7    75     4    76 0.85 -
104302at50557_43151_0:00269f|STRG.8968.2:0-227|+      -             76 47258at50557         -            526   1.4e-07   29.1   0.0   1   1   3.8e-10   1.5e-07   29.0   0.0   458   523     7    75     4    76 0.85 -
104302at50557_43151_0:00269f|STRG.17605.1:181-408|+   -             76 47258at50557         -            526   2.5e-06   25.0   0.0   1   1   6.8e-09   2.7e-06   24.9   0.0   458   519     7    70     4    76 0.86 -
104302at50557_43151_0:00269f|STRG.951.1:15-218|+      -             68 47258at50557         -            526    0.0044   14.3   0.0   1   1   1.1e-05    0.0044   14.3   0.0   464   520     9    67     2    68 0.80 -
#
# Program:         hmmsearch
# Version:         3.4 (Aug 2023)
# Pipeline mode:   SEARCH
# Query file:      /data/projet1/projet_tutore/busco_downloads/lineages/insecta_odb10/hmms/47258at50557.hmm
# Target file:     annotation_analysis/annotation_gca/T_zeteki/busco_output/run_insecta_odb10/metaeuk_output/initial_results/assembled_transcripts.fasta.modified.fas
# Option settings: hmmsearch --domtblout annotation_analysis/annotation_gca/T_zeteki/busco_output/run_insecta_odb10/hmmer_output/initial_run_results/47258at50557.out --cpu 1 /data/projet1/projet_tutore/busco_downloads/lineages/insecta_odb10/hmms/47258at50557.hmm annotation_analysis/annotation_gca/T_zeteki/busco_output/run_insecta_odb10/metaeuk_output/initial_results/assembled_transcripts.fasta.modified.fas 
# Current dir:     /data/projet1/projet_tutore
# Date:            Sun Dec  1 17:35:07 2024
# [ok]
