#                                                                                                             --- full sequence --- -------------- this domain -------------   hmm coord   ali coord   env coord
# target name                                         accession   tlen query name           accession   qlen   E-value  score  bias   #  of  c-Evalue  i-Evalue  score  bias  from    to  from    to  from    to  acc description of target
#                                 ------------------- ---------- ----- -------------------- ---------- ----- --------- ------ ----- --- --- --------- --------- ------ ----- ----- ----- ----- ----- ----- ----- ---- ---------------------
48837at50557_34720_0:0008c2|STRG.13659.1:147-2045|+   -            633 48837at50557         -            283  1.8e-120  400.2  42.9   1   4   1.5e-96     2e-94  314.7   3.6     2   222    39   282    38   312 0.83 -
48837at50557_34720_0:0008c2|STRG.13659.1:147-2045|+   -            633 48837at50557         -            283  1.8e-120  400.2  42.9   2   4   7.3e-13   9.7e-11   40.1   8.4   167   224   324   391   289   396 0.68 -
48837at50557_34720_0:0008c2|STRG.13659.1:147-2045|+   -            633 48837at50557         -            283  1.8e-120  400.2  42.9   3   4     2e-17   2.6e-15   55.1  12.3   197   263   410   493   397   502 0.81 -
48837at50557_34720_0:0008c2|STRG.13659.1:147-2045|+   -            633 48837at50557         -            283  1.8e-120  400.2  42.9   4   4       1.1   1.4e+02    0.2   0.8   244   269   532   557   492   561 0.53 -
37657at50557_76194_0:0021a4|STRG.15326.1:1452-1754|+  -            101 48837at50557         -            283   1.4e-11   42.8   0.0   1   1   1.1e-13   1.5e-11   42.8   0.0    42    97    45   100    17   101 0.96 -
37657at50557_76194_0:0021a4|STRG.15326.2:1374-1676|+  -            101 48837at50557         -            283   1.4e-11   42.8   0.0   1   1   1.1e-13   1.5e-11   42.8   0.0    42    97    45   100    17   101 0.96 -
37657at50557_76194_0:0021a4|STRG.15326.3:2005-2307|+  -            101 48837at50557         -            283   1.4e-11   42.8   0.0   1   1   1.1e-13   1.5e-11   42.8   0.0    42    97    45   100    17   101 0.96 -
37657at50557_76194_0:0021a4|STRG.15326.4:2706-3008|+  -            101 48837at50557         -            283   1.4e-11   42.8   0.0   1   1   1.1e-13   1.5e-11   42.8   0.0    42    97    45   100    17   101 0.96 -
37657at50557_76194_0:0021a4|STRG.15326.5:2703-3005|+  -            101 48837at50557         -            283   1.4e-11   42.8   0.0   1   1   1.1e-13   1.5e-11   42.8   0.0    42    97    45   100    17   101 0.96 -
37657at50557_76194_0:0021a4|STRG.15326.6:2430-2732|+  -            101 48837at50557         -            283   1.4e-11   42.8   0.0   1   1   1.1e-13   1.5e-11   42.8   0.0    42    97    45   100    17   101 0.96 -
37657at50557_76194_0:0021a4|STRG.15326.7:1341-1643|+  -            101 48837at50557         -            283   1.4e-11   42.8   0.0   1   1   1.1e-13   1.5e-11   42.8   0.0    42    97    45   100    17   101 0.96 -
37657at50557_108931_0:003065|STRG.17042.4:147-710|+   -            188 48837at50557         -            283   3.3e-08   31.8   0.0   1   1   3.9e-10   5.2e-08   31.2   0.0    43    89    43    89    30    98 0.89 -
37657at50557_307658_0:001de5|STRG.17042.3:0-1610|+    -            537 48837at50557         -            283   1.7e-07   29.4   0.0   1   1   2.2e-09   2.9e-07   28.7   0.0    44    88    93   137    88   147 0.89 -
110125at50557_74873_0:001c94|STRG.14337.1:1209-1748|+ -            180 48837at50557         -            283   2.1e-07   29.1   0.2   1   2   1.6e-09   2.1e-07   29.1   0.2    44    99     3    58     2    63 0.92 -
110125at50557_74873_0:001c94|STRG.14337.1:1209-1748|+ -            180 48837at50557         -            283   2.1e-07   29.1   0.2   2   2       1.4   1.9e+02   -0.2   2.0   205   247    73   113    60   133 0.65 -
110125at50557_74873_0:001c94|STRG.14337.2:1098-1637|+ -            180 48837at50557         -            283   2.1e-07   29.1   0.2   1   2   1.6e-09   2.1e-07   29.1   0.2    44    99     3    58     2    63 0.92 -
110125at50557_74873_0:001c94|STRG.14337.2:1098-1637|+ -            180 48837at50557         -            283   2.1e-07   29.1   0.2   2   2       1.4   1.9e+02   -0.2   2.0   205   247    73   113    60   133 0.65 -
110125at50557_74873_0:001c94|STRG.14337.3:1098-1637|+ -            180 48837at50557         -            283   2.1e-07   29.1   0.2   1   2   1.6e-09   2.1e-07   29.1   0.2    44    99     3    58     2    63 0.92 -
110125at50557_74873_0:001c94|STRG.14337.3:1098-1637|+ -            180 48837at50557         -            283   2.1e-07   29.1   0.2   2   2       1.4   1.9e+02   -0.2   2.0   205   247    73   113    60   133 0.65 -
110125at50557_74873_0:001c94|STRG.14337.4:1098-1637|+ -            180 48837at50557         -            283   2.1e-07   29.1   0.2   1   2   1.6e-09   2.1e-07   29.1   0.2    44    99     3    58     2    63 0.92 -
110125at50557_74873_0:001c94|STRG.14337.4:1098-1637|+ -            180 48837at50557         -            283   2.1e-07   29.1   0.2   2   2       1.4   1.9e+02   -0.2   2.0   205   247    73   113    60   133 0.65 -
110125at50557_74873_0:001c94|STRG.14337.5:1098-1637|+ -            180 48837at50557         -            283   2.1e-07   29.1   0.2   1   2   1.6e-09   2.1e-07   29.1   0.2    44    99     3    58     2    63 0.92 -
110125at50557_74873_0:001c94|STRG.14337.5:1098-1637|+ -            180 48837at50557         -            283   2.1e-07   29.1   0.2   2   2       1.4   1.9e+02   -0.2   2.0   205   247    73   113    60   133 0.65 -
110125at50557_74873_0:001c94|STRG.14337.6:1098-1637|+ -            180 48837at50557         -            283   2.1e-07   29.1   0.2   1   2   1.6e-09   2.1e-07   29.1   0.2    44    99     3    58     2    63 0.92 -
110125at50557_74873_0:001c94|STRG.14337.6:1098-1637|+ -            180 48837at50557         -            283   2.1e-07   29.1   0.2   2   2       1.4   1.9e+02   -0.2   2.0   205   247    73   113    60   133 0.65 -
110125at50557_74873_0:001c94|STRG.14337.7:1098-1637|+ -            180 48837at50557         -            283   2.1e-07   29.1   0.2   1   2   1.6e-09   2.1e-07   29.1   0.2    44    99     3    58     2    63 0.92 -
110125at50557_74873_0:001c94|STRG.14337.7:1098-1637|+ -            180 48837at50557         -            283   2.1e-07   29.1   0.2   2   2       1.4   1.9e+02   -0.2   2.0   205   247    73   113    60   133 0.65 -
110125at50557_74873_0:001c94|STRG.14337.8:1098-1637|+ -            180 48837at50557         -            283   2.1e-07   29.1   0.2   1   2   1.6e-09   2.1e-07   29.1   0.2    44    99     3    58     2    63 0.92 -
110125at50557_74873_0:001c94|STRG.14337.8:1098-1637|+ -            180 48837at50557         -            283   2.1e-07   29.1   0.2   2   2       1.4   1.9e+02   -0.2   2.0   205   247    73   113    60   133 0.65 -
110125at50557_103372_0:000b46|STRG.10971.1:216-947|+  -            244 48837at50557         -            283   1.1e-06   26.8   0.8   1   2   1.6e-08   2.1e-06   25.9   0.0    15    97    14    93     3   120 0.82 -
110125at50557_103372_0:000b46|STRG.10971.1:216-947|+  -            244 48837at50557         -            283   1.1e-06   26.8   0.8   2   2       2.7   3.5e+02   -1.1   0.2   204   232   132   157   113   189 0.55 -
110125at50557_7539_0:00092e|STRG.16154.1:704-1060|+   -            119 48837at50557         -            283   1.9e-06   26.1   0.0   1   1   2.2e-08   2.9e-06   25.4   0.0    51    94    20    63    14    69 0.89 -
132744at50557_103372_0:0003f0|STRG.15035.1:295-666|+  -            124 48837at50557         -            283   4.4e-06   24.8   0.0   1   1   4.8e-08   6.4e-06   24.3   0.0    44    87    65   108    60   113 0.95 -
132744at50557_319348_0:00228b|STRG.16240.3:480-656|+  -             59 48837at50557         -            283   5.4e-06   24.5   0.0   1   1   4.5e-08     6e-06   24.4   0.0    44    87     3    46     2    54 0.91 -
132744at50557_319348_0:00228b|STRG.16240.6:363-539|+  -             59 48837at50557         -            283   5.4e-06   24.5   0.0   1   1   4.5e-08     6e-06   24.4   0.0    44    87     3    46     2    54 0.91 -
110125at50557_224129_0:002918|STRG.1522.1:57-431|+    -            125 48837at50557         -            283   1.4e-05   23.1   0.0   1   1   1.3e-07   1.7e-05   22.9   0.0    27    86    22    80    10    93 0.85 -
110125at50557_224129_0:002918|STRG.1522.2:57-431|+    -            125 48837at50557         -            283   1.4e-05   23.1   0.0   1   1   1.3e-07   1.7e-05   22.9   0.0    27    86    22    80    10    93 0.85 -
102616at50557_197043_0:0010e9|STRG.9699.2:1303-1548|+ -             82 48837at50557         -            283   1.5e-05   23.1   0.0   1   1   1.1e-07   1.5e-05   23.1   0.0    44    96    28    81    12    82 0.85 -
102616at50557_197043_0:0010e9|STRG.9699.3:270-515|+   -             82 48837at50557         -            283   1.5e-05   23.1   0.0   1   1   1.1e-07   1.5e-05   23.1   0.0    44    96    28    81    12    82 0.85 -
102616at50557_197043_0:0010e9|STRG.9699.4:335-580|+   -             82 48837at50557         -            283   1.5e-05   23.1   0.0   1   1   1.1e-07   1.5e-05   23.1   0.0    44    96    28    81    12    82 0.85 -
132744at50557_108931_0:001550|STRG.322.1:3656-3934|+  -             93 48837at50557         -            283   2.5e-05   22.4   0.0   1   1   2.3e-07     3e-05   22.1   0.0    44    95    40    90    34    92 0.87 -
132744at50557_108931_0:001550|STRG.322.2:3686-3964|+  -             93 48837at50557         -            283   2.5e-05   22.4   0.0   1   1   2.3e-07     3e-05   22.1   0.0    44    95    40    90    34    92 0.87 -
132744at50557_108931_0:001550|STRG.322.3:2769-3047|+  -             93 48837at50557         -            283   2.5e-05   22.4   0.0   1   1   2.3e-07     3e-05   22.1   0.0    44    95    40    90    34    92 0.87 -
102616at50557_217634_0:0021fe|STRG.9699.1:635-1162|+  -            176 48837at50557         -            283     7e-05   20.9   0.0   1   1   7.7e-07    0.0001   20.4   0.0    44    96   122   175   107   176 0.84 -
10394at50557_38123_0:002dad|STRG.14337.1:2739-3119|+  -            127 48837at50557         -            283   9.8e-05   20.4   0.1   1   2   0.00011     0.015   13.3   0.0    59    82     1    24     1    35 0.86 -
10394at50557_38123_0:002dad|STRG.14337.1:2739-3119|+  -            127 48837at50557         -            283   9.8e-05   20.4   0.1   2   2     0.027       3.5    5.5   0.0    44    85    84   126    78   127 0.89 -
10394at50557_38123_0:002dad|STRG.14337.2:2355-2735|+  -            127 48837at50557         -            283   9.8e-05   20.4   0.1   1   2   0.00011     0.015   13.3   0.0    59    82     1    24     1    35 0.86 -
10394at50557_38123_0:002dad|STRG.14337.2:2355-2735|+  -            127 48837at50557         -            283   9.8e-05   20.4   0.1   2   2     0.027       3.5    5.5   0.0    44    85    84   126    78   127 0.89 -
10394at50557_38123_0:002dad|STRG.14337.4:2355-2735|+  -            127 48837at50557         -            283   9.8e-05   20.4   0.1   1   2   0.00011     0.015   13.3   0.0    59    82     1    24     1    35 0.86 -
10394at50557_38123_0:002dad|STRG.14337.4:2355-2735|+  -            127 48837at50557         -            283   9.8e-05   20.4   0.1   2   2     0.027       3.5    5.5   0.0    44    85    84   126    78   127 0.89 -
10394at50557_38123_0:002dad|STRG.14337.6:2355-2735|+  -            127 48837at50557         -            283   9.8e-05   20.4   0.1   1   2   0.00011     0.015   13.3   0.0    59    82     1    24     1    35 0.86 -
10394at50557_38123_0:002dad|STRG.14337.6:2355-2735|+  -            127 48837at50557         -            283   9.8e-05   20.4   0.1   2   2     0.027       3.5    5.5   0.0    44    85    84   126    78   127 0.89 -
10394at50557_38123_0:002dad|STRG.14337.3:2355-2765|+  -            137 48837at50557         -            283   0.00012   20.1   0.1   1   2   0.00013     0.017   13.1   0.0    59    82     1    24     1    35 0.86 -
10394at50557_38123_0:002dad|STRG.14337.3:2355-2765|+  -            137 48837at50557         -            283   0.00012   20.1   0.1   2   2     0.031       4.1    5.2   0.0    44    85    94   136    88   137 0.89 -
10394at50557_38123_0:002dad|STRG.14337.5:2628-3038|+  -            137 48837at50557         -            283   0.00012   20.1   0.1   1   2   0.00013     0.017   13.1   0.0    59    82     1    24     1    35 0.86 -
10394at50557_38123_0:002dad|STRG.14337.5:2628-3038|+  -            137 48837at50557         -            283   0.00012   20.1   0.1   2   2     0.031       4.1    5.2   0.0    44    85    94   136    88   137 0.89 -
10394at50557_38123_0:002dad|STRG.14337.7:2355-2765|+  -            137 48837at50557         -            283   0.00012   20.1   0.1   1   2   0.00013     0.017   13.1   0.0    59    82     1    24     1    35 0.86 -
10394at50557_38123_0:002dad|STRG.14337.7:2355-2765|+  -            137 48837at50557         -            283   0.00012   20.1   0.1   2   2     0.031       4.1    5.2   0.0    44    85    94   136    88   137 0.89 -
10394at50557_38123_0:002dad|STRG.14337.8:2628-3038|+  -            137 48837at50557         -            283   0.00012   20.1   0.1   1   2   0.00013     0.017   13.1   0.0    59    82     1    24     1    35 0.86 -
10394at50557_38123_0:002dad|STRG.14337.8:2628-3038|+  -            137 48837at50557         -            283   0.00012   20.1   0.1   2   2     0.031       4.1    5.2   0.0    44    85    94   136    88   137 0.89 -
37657at50557_76194_0:0021a4|STRG.8373.1:3818-4054|+   -             79 48837at50557         -            283   0.00021   19.3   0.0   1   1   1.7e-06   0.00022   19.2   0.0    41    96    23    79     7    79 0.83 -
37657at50557_76194_0:0021a4|STRG.8373.2:3818-4054|+   -             79 48837at50557         -            283   0.00021   19.3   0.0   1   1   1.7e-06   0.00022   19.2   0.0    41    96    23    79     7    79 0.83 -
110125at50557_7539_0:00092e|STRG.8373.1:3518-3781|+   -             88 48837at50557         -            283   0.00021   19.3   0.1   1   1   1.8e-06   0.00023   19.2   0.1    52   106    25    82    17    87 0.79 -
110125at50557_7539_0:00092e|STRG.8373.2:3518-3781|+   -             88 48837at50557         -            283   0.00021   19.3   0.1   1   1   1.8e-06   0.00023   19.2   0.1    52   106    25    82    17    87 0.79 -
110125at50557_69820_0:0005bb|STRG.16055.1:2238-2570|+ -            111 48837at50557         -            283   0.00028   18.9   0.0   1   1   2.5e-06   0.00034   18.7   0.0    34    95    28    90    19    94 0.91 -
110125at50557_69820_0:0005bb|STRG.16055.2:2397-2729|+ -            111 48837at50557         -            283   0.00028   18.9   0.0   1   1   2.5e-06   0.00034   18.7   0.0    34    95    28    90    19    94 0.91 -
110125at50557_69820_0:0005bb|STRG.16055.3:2397-2729|+ -            111 48837at50557         -            283   0.00028   18.9   0.0   1   1   2.5e-06   0.00034   18.7   0.0    34    95    28    90    19    94 0.91 -
110125at50557_69820_0:0005bb|STRG.16055.4:2397-2729|+ -            111 48837at50557         -            283   0.00028   18.9   0.0   1   1   2.5e-06   0.00034   18.7   0.0    34    95    28    90    19    94 0.91 -
26432at50557_132113_0:002b60|STRG.4622.1:351-1655|+   -            435 48837at50557         -            283   0.00068   17.6   0.0   1   1   8.9e-06    0.0012   16.9   0.0    42    88    30    76     4    85 0.82 -
10394at50557_52612_0:0049a4|STRG.16055.3:1791-2753|+  -            321 48837at50557         -            283    0.0017   16.3   0.0   1   1   2.5e-05    0.0033   15.4   0.0    34    95   230   292   222   296 0.91 -
8717at50557_67767_0:001727|STRG.7203.5:669-2528|+     -            620 48837at50557         -            283    0.0039   15.2   0.0   1   1     3e-05    0.0039   15.2   0.0    44    86   384   426   381   435 0.90 -
8717at50557_103372_0:0008b5|STRG.7203.1:397-4644|+    -           1416 48837at50557         -            283     0.004   15.1   0.0   1   1   7.7e-05      0.01   13.8   0.0    44    86   537   579   534   588 0.90 -
8717at50557_103372_0:0008b5|STRG.7203.2:397-4263|+    -           1289 48837at50557         -            283    0.0092   13.9   0.0   1   1     7e-05    0.0092   13.9   0.0    44    86   537   579   534   588 0.90 -
8717at50557_103372_0:0008b5|STRG.7203.3:397-4380|+    -           1328 48837at50557         -            283    0.0095   13.9   0.0   1   1   7.2e-05    0.0095   13.9   0.0    44    86   537   579   534   588 0.90 -
8717at50557_103372_0:0008b5|STRG.7203.4:397-4542|+    -           1382 48837at50557         -            283    0.0099   13.8   0.0   1   1   7.5e-05    0.0099   13.8   0.0    44    86   537   579   534   588 0.90 -
26432at50557_2015173_0:000a04|STRG.4622.4:2-2203|+    -            714 48837at50557         -            283     0.027   12.4   0.1   1   1   0.00037     0.049   11.5   0.1    48    88     1    41     1    50 0.85 -
110125at50557_52612_0:003d2a|STRG.18503.1:4486-4854|+ -            123 48837at50557         -            283      0.05   11.5   0.0   1   1   0.00048     0.063   11.2   0.0    44    77    34    67    29    81 0.90 -
110125at50557_52612_0:003d2a|STRG.18503.2:3676-4044|+ -            123 48837at50557         -            283      0.05   11.5   0.0   1   1   0.00048     0.063   11.2   0.0    44    77    34    67    29    81 0.90 -
#
# Program:         hmmsearch
# Version:         3.4 (Aug 2023)
# Pipeline mode:   SEARCH
# Query file:      /data/projet1/projet_tutore/busco_downloads/lineages/insecta_odb10/hmms/48837at50557.hmm
# Target file:     annotation_analysis/annotation_gca/T_zeteki/busco_output/run_insecta_odb10/metaeuk_output/initial_results/assembled_transcripts.fasta.modified.fas
# Option settings: hmmsearch --domtblout annotation_analysis/annotation_gca/T_zeteki/busco_output/run_insecta_odb10/hmmer_output/initial_run_results/48837at50557.out --cpu 1 /data/projet1/projet_tutore/busco_downloads/lineages/insecta_odb10/hmms/48837at50557.hmm annotation_analysis/annotation_gca/T_zeteki/busco_output/run_insecta_odb10/metaeuk_output/initial_results/assembled_transcripts.fasta.modified.fas 
# Current dir:     /data/projet1/projet_tutore
# Date:            Sun Dec  1 17:35:34 2024
# [ok]
