#                                                                                                           --- full sequence --- -------------- this domain -------------   hmm coord   ali coord   env coord
# target name                                       accession   tlen query name           accession   qlen   E-value  score  bias   #  of  c-Evalue  i-Evalue  score  bias  from    to  from    to  from    to  acc description of target
#                               ------------------- ---------- ----- -------------------- ---------- ----- --------- ------ ----- --- --- --------- --------- ------ ----- ----- ----- ----- ----- ----- ----- ---- ---------------------
63135at50557_103372_0:00045d|STRG.5726.1:101-1499|+ -            434 63135at50557         -            313  4.5e-133  441.9   4.6   1   3   3.4e-34   8.5e-31  105.9   0.1     1    64     9    76     9    83 0.91 -
63135at50557_103372_0:00045d|STRG.5726.1:101-1499|+ -            434 63135at50557         -            313  4.5e-133  441.9   4.6   2   3   5.1e-80   1.3e-76  256.5   0.2    69   237   120   308   106   314 0.93 -
63135at50557_103372_0:00045d|STRG.5726.1:101-1499|+ -            434 63135at50557         -            313  4.5e-133  441.9   4.6   3   3   1.6e-26   4.1e-23   80.7   0.1   236   313   344   434   307   434 0.75 -
63135at50557_103372_0:00045d|STRG.5726.2:18-1259|+  -            414 63135at50557         -            313    3e-126  419.5   4.2   1   3   3.7e-27   9.4e-24   82.8   0.0    13    64     1    56     1    63 0.90 -
63135at50557_103372_0:00045d|STRG.5726.2:18-1259|+  -            414 63135at50557         -            313    3e-126  419.5   4.2   2   3   4.6e-80   1.2e-76  256.6   0.2    69   237   100   288    86   294 0.93 -
63135at50557_103372_0:00045d|STRG.5726.2:18-1259|+  -            414 63135at50557         -            313    3e-126  419.5   4.2   3   3   1.5e-26   3.8e-23   80.8   0.1   236   313   324   414   287   414 0.75 -
63135at50557_7375_0:0016c1|STRG.15476.1:1197-2129|+ -            311 63135at50557         -            313   1.6e-22   78.8   9.0   1   2   8.7e-19   2.2e-15   55.3   7.8    74   241     3   210     1   224 0.78 -
63135at50557_7375_0:0016c1|STRG.15476.1:1197-2129|+ -            311 63135at50557         -            313   1.6e-22   78.8   9.0   2   2   1.4e-07   0.00037   18.5   0.1   238   297   241   308   208   311 0.68 -
#
# Program:         hmmsearch
# Version:         3.4 (Aug 2023)
# Pipeline mode:   SEARCH
# Query file:      /data/projet1/projet_tutore/busco_downloads/lineages/insecta_odb10/hmms/63135at50557.hmm
# Target file:     annotation_analysis/annotation_gca/T_zeteki/busco_output/run_insecta_odb10/metaeuk_output/initial_results/assembled_transcripts.fasta.modified.fas
# Option settings: hmmsearch --domtblout annotation_analysis/annotation_gca/T_zeteki/busco_output/run_insecta_odb10/hmmer_output/initial_run_results/63135at50557.out --cpu 1 /data/projet1/projet_tutore/busco_downloads/lineages/insecta_odb10/hmms/63135at50557.hmm annotation_analysis/annotation_gca/T_zeteki/busco_output/run_insecta_odb10/metaeuk_output/initial_results/assembled_transcripts.fasta.modified.fas 
# Current dir:     /data/projet1/projet_tutore
# Date:            Sun Dec  1 17:36:02 2024
# [ok]
