#                                                                                                            --- full sequence --- -------------- this domain -------------   hmm coord   ali coord   env coord
# target name                                        accession   tlen query name           accession   qlen   E-value  score  bias   #  of  c-Evalue  i-Evalue  score  bias  from    to  from    to  from    to  acc description of target
#                                ------------------- ---------- ----- -------------------- ---------- ----- --------- ------ ----- --- --- --------- --------- ------ ----- ----- ----- ----- ----- ----- ----- ---- ---------------------
64266at50557_103372_0:002065|STRG.10291.2:216-1559|+ -            357 64266at50557         -            296  4.3e-169  560.2   4.3   1   1  1.4e-170  1.1e-167  555.6   4.3     1   296    18   351    18   351 0.92 -
64266at50557_103372_0:002065|STRG.10291.3:216-1927|+ -            357 64266at50557         -            296  4.3e-169  560.2   4.3   1   1  1.4e-170  1.1e-167  555.6   4.3     1   296    18   351    18   351 0.92 -
64266at50557_103372_0:002065|STRG.10291.1:216-1289|+ -            358 64266at50557         -            296  4.4e-169  560.2   4.3   1   1  1.4e-170  1.1e-167  555.6   4.3     1   296    19   352    19   352 0.92 -
64266at50557_103372_0:002065|STRG.10291.4:0-959|+    -            320 64266at50557         -            296  2.2e-162  538.2   4.1   1   1  8.2e-164  6.3e-161  533.4   4.1     1   282     1   320     1   320 0.91 -
64266at50557_104452_0:00323e|STRG.2639.1:635-1111|+  -            159 64266at50557         -            296   2.3e-26   91.6   6.5   1   2   0.00029      0.22    9.6   0.1   167   185     5    23     2    27 0.83 -
64266at50557_104452_0:00323e|STRG.2639.1:635-1111|+  -            159 64266at50557         -            296   2.3e-26   91.6   6.5   2   2   6.8e-29   5.2e-26   90.5   2.3     2   122    14   136    13   150 0.95 -
64266at50557_104452_0:00323e|STRG.2639.2:605-1081|+  -            159 64266at50557         -            296   2.3e-26   91.6   6.5   1   2   0.00029      0.22    9.6   0.1   167   185     5    23     2    27 0.83 -
64266at50557_104452_0:00323e|STRG.2639.2:605-1081|+  -            159 64266at50557         -            296   2.3e-26   91.6   6.5   2   2   6.8e-29   5.2e-26   90.5   2.3     2   122    14   136    13   150 0.95 -
64266at50557_104452_0:00323e|STRG.2639.3:602-1078|+  -            159 64266at50557         -            296   2.3e-26   91.6   6.5   1   2   0.00029      0.22    9.6   0.1   167   185     5    23     2    27 0.83 -
64266at50557_104452_0:00323e|STRG.2639.3:602-1078|+  -            159 64266at50557         -            296   2.3e-26   91.6   6.5   2   2   6.8e-29   5.2e-26   90.5   2.3     2   122    14   136    13   150 0.95 -
64266at50557_104452_0:00323e|STRG.2639.4:496-972|+   -            159 64266at50557         -            296   2.3e-26   91.6   6.5   1   2   0.00029      0.22    9.6   0.1   167   185     5    23     2    27 0.83 -
64266at50557_104452_0:00323e|STRG.2639.4:496-972|+   -            159 64266at50557         -            296   2.3e-26   91.6   6.5   2   2   6.8e-29   5.2e-26   90.5   2.3     2   122    14   136    13   150 0.95 -
64266at50557_104452_0:00323e|STRG.2639.5:481-957|+   -            159 64266at50557         -            296   2.3e-26   91.6   6.5   1   2   0.00029      0.22    9.6   0.1   167   185     5    23     2    27 0.83 -
64266at50557_104452_0:00323e|STRG.2639.5:481-957|+   -            159 64266at50557         -            296   2.3e-26   91.6   6.5   2   2   6.8e-29   5.2e-26   90.5   2.3     2   122    14   136    13   150 0.95 -
64266at50557_104452_0:00323e|STRG.2639.6:610-1086|+  -            159 64266at50557         -            296   2.3e-26   91.6   6.5   1   2   0.00029      0.22    9.6   0.1   167   185     5    23     2    27 0.83 -
64266at50557_104452_0:00323e|STRG.2639.6:610-1086|+  -            159 64266at50557         -            296   2.3e-26   91.6   6.5   2   2   6.8e-29   5.2e-26   90.5   2.3     2   122    14   136    13   150 0.95 -
#
# Program:         hmmsearch
# Version:         3.4 (Aug 2023)
# Pipeline mode:   SEARCH
# Query file:      /data/projet1/projet_tutore/busco_downloads/lineages/insecta_odb10/hmms/64266at50557.hmm
# Target file:     annotation_analysis/annotation_gca/T_zeteki/busco_output/run_insecta_odb10/metaeuk_output/initial_results/assembled_transcripts.fasta.modified.fas
# Option settings: hmmsearch --domtblout annotation_analysis/annotation_gca/T_zeteki/busco_output/run_insecta_odb10/hmmer_output/initial_run_results/64266at50557.out --cpu 1 /data/projet1/projet_tutore/busco_downloads/lineages/insecta_odb10/hmms/64266at50557.hmm annotation_analysis/annotation_gca/T_zeteki/busco_output/run_insecta_odb10/metaeuk_output/initial_results/assembled_transcripts.fasta.modified.fas 
# Current dir:     /data/projet1/projet_tutore
# Date:            Sun Dec  1 17:36:05 2024
# [ok]
