#                                                                                                              --- full sequence --- -------------- this domain -------------   hmm coord   ali coord   env coord
# target name                                          accession   tlen query name           accession   qlen   E-value  score  bias   #  of  c-Evalue  i-Evalue  score  bias  from    to  from    to  from    to  acc description of target
#                                  ------------------- ---------- ----- -------------------- ---------- ----- --------- ------ ----- --- --- --------- --------- ------ ----- ----- ----- ----- ----- ----- ----- ---- ---------------------
64976at50557_103372_0:000330|STRG.8848.1:44-1948|+     -            635 64976at50557         -            403  4.1e-126  419.7 102.6   1   2   0.00057      0.34    8.3   3.3    56    93    37    76    16    84 0.64 -
64976at50557_103372_0:000330|STRG.8848.1:44-1948|+     -            635 64976at50557         -            403  4.1e-126  419.7 102.6   2   2  1.3e-126  7.9e-124  412.2  91.4     1   402    88   614    88   615 0.82 -
64976at50557_143995_0:00255c|STRG.8848.2:44-1940|+     -            630 64976at50557         -            403  4.6e-126  419.5 103.7   1   2   0.00057      0.33    8.3   3.3    56    93    37    76    16    84 0.64 -
64976at50557_143995_0:00255c|STRG.8848.2:44-1940|+     -            630 64976at50557         -            403  4.6e-126  419.5 103.7   2   2  1.5e-126  8.5e-124  412.0  92.5     1   402    88   613    88   614 0.82 -
64976at50557_103372_0:000330|STRG.8848.4:292-2106|+    -            605 64976at50557         -            403    9e-126  418.6 103.3   1   2    0.0013      0.75    7.2   3.7    69   138    20    47     3    53 0.59 -
64976at50557_103372_0:000330|STRG.8848.4:292-2106|+    -            605 64976at50557         -            403    9e-126  418.6 103.3   2   2  1.4e-126    8e-124  412.1  91.7     1   402    58   584    58   585 0.82 -
64976at50557_143995_0:00255c|STRG.8848.3:865-2662|+    -            597 64976at50557         -            403  9.6e-126  418.5 104.2   1   2    0.0017         1    6.7   4.0    70   138    18    44     2    50 0.60 -
64976at50557_143995_0:00255c|STRG.8848.3:865-2662|+    -            597 64976at50557         -            403  9.6e-126  418.5 104.2   2   2  9.9e-127  5.8e-124  412.6  92.2     1   402    55   580    55   581 0.82 -
64976at50557_1049336_0:000a8e|STRG.7886.1:89-1930|+    -            614 64976at50557         -            403   3.3e-29  100.6  53.6   1   2   1.1e-08   6.2e-06   23.9  11.5   295   400     1   143     1   147 0.70 -
64976at50557_1049336_0:000a8e|STRG.7886.1:89-1930|+    -            614 64976at50557         -            403   3.3e-29  100.6  53.6   2   2   4.3e-29   2.5e-26   91.1  34.1   103   402   161   509   142   510 0.66 -
64976at50557_121845_0:001997|STRG.8619.1:1953-2612|+   -            220 64976at50557         -            403   1.2e-10   39.5   0.1   1   2   6.3e-11   3.7e-08   31.2   0.1   183   222    29    70     4    93 0.78 -
64976at50557_121845_0:001997|STRG.8619.1:1953-2612|+   -            220 64976at50557         -            403   1.2e-10   39.5   0.1   2   2    0.0022       1.3    6.4   0.0   273   327   164   220   149   220 0.71 -
64976at50557_121845_0:001997|STRG.8619.2:1953-2612|+   -            220 64976at50557         -            403   1.2e-10   39.5   0.1   1   2   6.3e-11   3.7e-08   31.2   0.1   183   222    29    70     4    93 0.78 -
64976at50557_121845_0:001997|STRG.8619.2:1953-2612|+   -            220 64976at50557         -            403   1.2e-10   39.5   0.1   2   2    0.0022       1.3    6.4   0.0   273   327   164   220   149   220 0.71 -
64976at50557_121845_0:001997|STRG.8619.3:1822-2481|+   -            220 64976at50557         -            403   1.2e-10   39.5   0.1   1   2   6.3e-11   3.7e-08   31.2   0.1   183   222    29    70     4    93 0.78 -
64976at50557_121845_0:001997|STRG.8619.3:1822-2481|+   -            220 64976at50557         -            403   1.2e-10   39.5   0.1   2   2    0.0022       1.3    6.4   0.0   273   327   164   220   149   220 0.71 -
64976at50557_121845_0:001997|STRG.8619.4:1953-2612|+   -            220 64976at50557         -            403   1.2e-10   39.5   0.1   1   2   6.3e-11   3.7e-08   31.2   0.1   183   222    29    70     4    93 0.78 -
64976at50557_121845_0:001997|STRG.8619.4:1953-2612|+   -            220 64976at50557         -            403   1.2e-10   39.5   0.1   2   2    0.0022       1.3    6.4   0.0   273   327   164   220   149   220 0.71 -
64976at50557_7004_0:001742|STRG.10937.1:9558-10280|+   -            241 64976at50557         -            403   5.1e-08   30.8  10.0   1   1   2.8e-09   1.7e-06   25.8  10.0   198   342     2   175     1   241 0.54 -
64976at50557_1049336_0:001b8a|STRG.11054.1:8503-9012|+ -            170 64976at50557         -            403   1.5e-06   26.0   0.1   1   1   3.9e-09   2.3e-06   25.3   0.1   199   327    10   150     4   157 0.70 -
64976at50557_121845_0:001997|STRG.7888.1:3279-3977|+   -            233 64976at50557         -            403   0.00018   19.1   6.0   1   3      0.36   2.1e+02   -0.9   1.6   137   207    48    76     3    87 0.51 -
64976at50557_121845_0:001997|STRG.7888.1:3279-3977|+   -            233 64976at50557         -            403   0.00018   19.1   6.0   2   3     0.024        14    3.0   0.1   320   354    86   119    77   133 0.80 -
64976at50557_121845_0:001997|STRG.7888.1:3279-3977|+   -            233 64976at50557         -            403   0.00018   19.1   6.0   3   3     1e-06   0.00059   17.4   0.0   275   328   164   219   152   233 0.78 -
64976at50557_1049336_0:000a8e|STRG.7889.1:3-1427|+     -            475 64976at50557         -            403       6.6    4.1  57.7   1   1   1.1e-05    0.0065   14.0  37.1    85   401    15   399     8   401 0.65 -
#
# Program:         hmmsearch
# Version:         3.4 (Aug 2023)
# Pipeline mode:   SEARCH
# Query file:      /data/projet1/projet_tutore/busco_downloads/lineages/insecta_odb10/hmms/64976at50557.hmm
# Target file:     annotation_analysis/annotation_gca/T_zeteki/busco_output/run_insecta_odb10/metaeuk_output/initial_results/assembled_transcripts.fasta.modified.fas
# Option settings: hmmsearch --domtblout annotation_analysis/annotation_gca/T_zeteki/busco_output/run_insecta_odb10/hmmer_output/initial_run_results/64976at50557.out --cpu 1 /data/projet1/projet_tutore/busco_downloads/lineages/insecta_odb10/hmms/64976at50557.hmm annotation_analysis/annotation_gca/T_zeteki/busco_output/run_insecta_odb10/metaeuk_output/initial_results/assembled_transcripts.fasta.modified.fas 
# Current dir:     /data/projet1/projet_tutore
# Date:            Sun Dec  1 17:36:05 2024
# [ok]
