#                                                                                                            --- full sequence --- -------------- this domain -------------   hmm coord   ali coord   env coord
# target name                                        accession   tlen query name           accession   qlen   E-value  score  bias   #  of  c-Evalue  i-Evalue  score  bias  from    to  from    to  from    to  acc description of target
#                                ------------------- ---------- ----- -------------------- ---------- ----- --------- ------ ----- --- --- --------- --------- ------ ----- ----- ----- ----- ----- ----- ----- ---- ---------------------
74381at50557_34720_0:0024e3|STRG.9807.3:169-1239|+   -            357 74381at50557         -            312  1.6e-172  571.4   2.1   1   1  3.4e-175    2e-172  571.1   2.1     1   312    11   356    11   356 0.95 -
74381at50557_34720_0:0024e3|STRG.9807.8:169-1239|+   -            357 74381at50557         -            312  1.6e-172  571.4   2.1   1   1  3.4e-175    2e-172  571.1   2.1     1   312    11   356    11   356 0.95 -
74381at50557_34720_0:0024e3|STRG.9807.2:169-1254|+   -            362 74381at50557         -            312  1.7e-172  571.3   2.1   1   1  3.6e-175  2.1e-172  571.0   2.1     1   312    11   356    11   356 0.95 -
74381at50557_219809_0:001934|STRG.9807.4:169-1311|+  -            381 74381at50557         -            312    2e-172  571.1   2.1   1   1  4.4e-175  2.6e-172  570.7   2.1     1   312    11   356    11   356 0.95 -
74381at50557_219809_0:001934|STRG.9807.1:234-1379|+  -            382 74381at50557         -            312  2.1e-172  571.0   2.1   1   1  4.5e-175  2.6e-172  570.7   2.1     1   312    12   357    12   357 0.95 -
74381at50557_219809_0:001934|STRG.9807.6:234-1379|+  -            382 74381at50557         -            312  2.1e-172  571.0   2.1   1   1  4.5e-175  2.6e-172  570.7   2.1     1   312    12   357    12   357 0.95 -
74381at50557_34720_0:0024e3|STRG.9807.5:169-1338|+   -            390 74381at50557         -            312  2.2e-172  570.9   2.1   1   1  4.8e-175  2.8e-172  570.6   2.1     1   312    11   356    11   356 0.95 -
74381at50557_34720_0:0024e3|STRG.9807.11:0-1244|+    -            415 74381at50557         -            312  2.7e-172  570.6   2.1   1   1    6e-175  3.5e-172  570.3   2.1     1   312    70   415    70   415 0.95 -
74381at50557_34720_0:0024e3|STRG.9807.10:0-1247|+    -            416 74381at50557         -            312  2.8e-172  570.6   2.1   1   1  6.1e-175  3.6e-172  570.3   2.1     1   312    70   415    70   415 0.95 -
74381at50557_34720_0:0024e3|STRG.9807.9:214-1461|+   -            416 74381at50557         -            312  2.8e-172  570.6   2.1   1   1  6.1e-175  3.6e-172  570.3   2.1     1   312    70   415    70   415 0.95 -
74381at50557_34720_0:0024e3|STRG.9807.7:214-1560|+   -            449 74381at50557         -            312  3.6e-172  570.3   2.1   1   1  7.9e-175  4.6e-172  569.9   2.1     1   312    70   415    70   415 0.95 -
41050at50557_103372_0:00103f|STRG.16654.1:149-1429|+ -            427 74381at50557         -            312     0.063   11.0   0.0   1   3      0.26   1.5e+02   -0.1   0.0   180   211   111   142    98   156 0.83 -
41050at50557_103372_0:00103f|STRG.16654.1:149-1429|+ -            427 74381at50557         -            312     0.063   11.0   0.0   2   3      0.02        12    3.6   0.0   181   221   216   255   212   299 0.82 -
41050at50557_103372_0:00103f|STRG.16654.1:149-1429|+ -            427 74381at50557         -            312     0.063   11.0   0.0   3   3     0.031        18    3.0   0.0   181   210   349   378   342   395 0.88 -
8280at50557_7160_0:00112a|STRG.3315.1:152-1180|+     -            343 74381at50557         -            312      0.54    8.0   8.6   1   2      0.18   1.1e+02    0.4   0.2   175   222    21    73    15    88 0.72 -
8280at50557_7160_0:00112a|STRG.3315.1:152-1180|+     -            343 74381at50557         -            312      0.54    8.0   8.6   2   2   0.00044      0.26    9.0   4.3   168   232    85   145    75   179 0.80 -
#
# Program:         hmmsearch
# Version:         3.4 (Aug 2023)
# Pipeline mode:   SEARCH
# Query file:      /data/projet1/projet_tutore/busco_downloads/lineages/insecta_odb10/hmms/74381at50557.hmm
# Target file:     annotation_analysis/annotation_gca/T_zeteki/busco_output/run_insecta_odb10/metaeuk_output/initial_results/assembled_transcripts.fasta.modified.fas
# Option settings: hmmsearch --domtblout annotation_analysis/annotation_gca/T_zeteki/busco_output/run_insecta_odb10/hmmer_output/initial_run_results/74381at50557.out --cpu 1 /data/projet1/projet_tutore/busco_downloads/lineages/insecta_odb10/hmms/74381at50557.hmm annotation_analysis/annotation_gca/T_zeteki/busco_output/run_insecta_odb10/metaeuk_output/initial_results/assembled_transcripts.fasta.modified.fas 
# Current dir:     /data/projet1/projet_tutore
# Date:            Sun Dec  1 17:36:25 2024
# [ok]
