#                                                                                                            --- full sequence --- -------------- this domain -------------   hmm coord   ali coord   env coord
# target name                                        accession   tlen query name           accession   qlen   E-value  score  bias   #  of  c-Evalue  i-Evalue  score  bias  from    to  from    to  from    to  acc description of target
#                                ------------------- ---------- ----- -------------------- ---------- ----- --------- ------ ----- --- --- --------- --------- ------ ----- ----- ----- ----- ----- ----- ----- ---- ---------------------
76455at50557_34720_0:0011d4|STRG.4726.1:806-3657|+   -            491 76455at50557         -            249     2e-55  186.6  21.8   1   3     0.064        81    1.1   0.1    20    37    88   109    82   110 0.80 -
76455at50557_34720_0:0011d4|STRG.4726.1:806-3657|+   -            491 76455at50557         -            249     2e-55  186.6  21.8   2   3   4.3e-58   5.5e-55  185.1   8.6    25   243   112   398   109   404 0.79 -
76455at50557_34720_0:0011d4|STRG.4726.1:806-3657|+   -            491 76455at50557         -            249     2e-55  186.6  21.8   3   3      0.59   7.5e+02   -2.0   7.7   222   242   402   422   398   429 0.61 -
76455at50557_34720_0:0011d4|STRG.4726.2:295-2766|+   -            491 76455at50557         -            249     2e-55  186.6  21.8   1   3     0.064        81    1.1   0.1    20    37    88   109    82   110 0.80 -
76455at50557_34720_0:0011d4|STRG.4726.2:295-2766|+   -            491 76455at50557         -            249     2e-55  186.6  21.8   2   3   4.3e-58   5.5e-55  185.1   8.6    25   243   112   398   109   404 0.79 -
76455at50557_34720_0:0011d4|STRG.4726.2:295-2766|+   -            491 76455at50557         -            249     2e-55  186.6  21.8   3   3      0.59   7.5e+02   -2.0   7.7   222   242   402   422   398   429 0.61 -
76455at50557_34720_0:0011d4|STRG.4726.3:0-1469|+     -            490 76455at50557         -            249   2.1e-55  186.5  22.2   1   3     0.063        81    1.1   0.1    20    37    87   108    81   109 0.80 -
76455at50557_34720_0:0011d4|STRG.4726.3:0-1469|+     -            490 76455at50557         -            249   2.1e-55  186.5  22.2   2   3   4.7e-58   5.9e-55  185.0   9.0    25   243   111   397   108   403 0.79 -
76455at50557_34720_0:0011d4|STRG.4726.3:0-1469|+     -            490 76455at50557         -            249   2.1e-55  186.5  22.2   3   3      0.59   7.5e+02   -2.0   7.7   222   242   401   421   397   428 0.61 -
15341at50557_520822_0:000d43|STRG.13899.2:81-3749|+  -           1223 76455at50557         -            249       3.3    5.7  15.7   1   1    0.0047       5.9    4.8  15.7   203   241   684   722   668   729 0.51 -
15341at50557_520822_0:000d43|STRG.13899.3:438-4106|+ -           1223 76455at50557         -            249       3.3    5.7  15.7   1   1    0.0047       5.9    4.8  15.7   203   241   684   722   668   729 0.51 -
15341at50557_520822_0:000d43|STRG.13899.1:427-4329|+ -           1301 76455at50557         -            249       3.6    5.5  15.7   1   1     0.005       6.4    4.7  15.7   203   241   762   800   746   807 0.51 -
#
# Program:         hmmsearch
# Version:         3.4 (Aug 2023)
# Pipeline mode:   SEARCH
# Query file:      /data/projet1/projet_tutore/busco_downloads/lineages/insecta_odb10/hmms/76455at50557.hmm
# Target file:     annotation_analysis/annotation_gca/T_zeteki/busco_output/run_insecta_odb10/metaeuk_output/initial_results/assembled_transcripts.fasta.modified.fas
# Option settings: hmmsearch --domtblout annotation_analysis/annotation_gca/T_zeteki/busco_output/run_insecta_odb10/hmmer_output/initial_run_results/76455at50557.out --cpu 1 /data/projet1/projet_tutore/busco_downloads/lineages/insecta_odb10/hmms/76455at50557.hmm annotation_analysis/annotation_gca/T_zeteki/busco_output/run_insecta_odb10/metaeuk_output/initial_results/assembled_transcripts.fasta.modified.fas 
# Current dir:     /data/projet1/projet_tutore
# Date:            Sun Dec  1 17:36:28 2024
# [ok]
