#                                                                                                              --- full sequence --- -------------- this domain -------------   hmm coord   ali coord   env coord
# target name                                          accession   tlen query name           accession   qlen   E-value  score  bias   #  of  c-Evalue  i-Evalue  score  bias  from    to  from    to  from    to  acc description of target
#                                  ------------------- ---------- ----- -------------------- ---------- ----- --------- ------ ----- --- --- --------- --------- ------ ----- ----- ----- ----- ----- ----- ----- ---- ---------------------
78395at50557_103372_0:001bc6|STRG.382.1:0-1067|+       -            356 78395at50557         -            258  2.4e-115  382.9   0.3   1   3       2.7   4.3e+02   -1.3   0.0     1    18     1    20     1    29 0.73 -
78395at50557_103372_0:001bc6|STRG.382.1:0-1067|+       -            356 78395at50557         -            258  2.4e-115  382.9   0.3   2   3  8.7e-113  1.4e-110  367.3   0.1     7   224    30   273    26   293 0.86 -
78395at50557_103372_0:001bc6|STRG.382.1:0-1067|+       -            356 78395at50557         -            258  2.4e-115  382.9   0.3   3   3   0.00013     0.021   12.8   0.0   217   257   308   353   297   354 0.81 -
78395at50557_38123_0:0002db|STRG.8261.1:60-1040|+      -            327 78395at50557         -            258   1.7e-70  236.0   0.0   1   1   1.7e-72   2.8e-70  235.2   0.0     7   206    22   233    17   253 0.88 -
76116at50557_456900_0:001c77|STRG.19471.1:0-1058|+     -            353 78395at50557         -            258   3.5e-64  215.3   0.2   1   2   1.5e-65   2.5e-63  212.5   0.1     6   235    34   280    32   287 0.83 -
76116at50557_456900_0:001c77|STRG.19471.1:0-1058|+     -            353 78395at50557         -            258   3.5e-64  215.3   0.2   2   2       0.2        32    2.4   0.1   183   253   269   344   245   349 0.65 -
80072at50557_103372_0:001f31|STRG.6118.1:0-1058|+      -            353 78395at50557         -            258   1.4e-32  111.7   0.9   1   2   7.5e-14   1.2e-11   43.1   0.0    11    71     3    63     1    75 0.92 -
80072at50557_103372_0:001f31|STRG.6118.1:0-1058|+      -            353 78395at50557         -            258   1.4e-32  111.7   0.9   2   2   5.4e-21   8.7e-19   66.5   0.7    78   202    94   233    86   263 0.85 -
78395at50557_113334_0:001f45|STRG.10788.1:120-854|+    -            245 78395at50557         -            258   7.1e-14   50.4   0.0   1   2   1.1e-15   1.8e-13   49.0   0.0     9   189    16   192     9   218 0.81 -
78395at50557_113334_0:001f45|STRG.10788.1:120-854|+    -            245 78395at50557         -            258   7.1e-14   50.4   0.0   2   2       2.1   3.4e+02   -1.0   0.0   163   198   209   244   197   245 0.75 -
76116at50557_597456_0:00067b|STRG.4374.1:405-944|+     -            180 78395at50557         -            258     4e-10   38.1   0.0   1   1   2.6e-12   4.3e-10   38.0   0.0     7   123    13   128     8   175 0.82 -
59039at50557_166361_0:00097d|STRG.18227.1:1536-2840|+  -            435 78395at50557         -            258   6.2e-10   37.5   0.2   1   2     0.088        14    3.5   0.0    13    28     4    19     2    29 0.84 -
59039at50557_166361_0:00097d|STRG.18227.1:1536-2840|+  -            435 78395at50557         -            258   6.2e-10   37.5   0.2   2   2   2.7e-10   4.4e-08   31.4   0.1    39   226    53   244    43   265 0.71 -
59039at50557_166361_0:00097d|STRG.18227.2:1536-2840|+  -            435 78395at50557         -            258   6.2e-10   37.5   0.2   1   2     0.088        14    3.5   0.0    13    28     4    19     2    29 0.84 -
59039at50557_166361_0:00097d|STRG.18227.2:1536-2840|+  -            435 78395at50557         -            258   6.2e-10   37.5   0.2   2   2   2.7e-10   4.4e-08   31.4   0.1    39   226    53   244    43   265 0.71 -
59039at50557_166361_0:00097d|STRG.18227.3:1365-2669|+  -            435 78395at50557         -            258   6.2e-10   37.5   0.2   1   2     0.088        14    3.5   0.0    13    28     4    19     2    29 0.84 -
59039at50557_166361_0:00097d|STRG.18227.3:1365-2669|+  -            435 78395at50557         -            258   6.2e-10   37.5   0.2   2   2   2.7e-10   4.4e-08   31.4   0.1    39   226    53   244    43   265 0.71 -
59039at50557_103372_0:001071|STRG.11403.1:96-2876|+    -            927 78395at50557         -            258   1.5e-05   23.1   0.2   1   3      0.61        99    0.7   0.0    11    30   294   313   289   325 0.77 -
59039at50557_103372_0:001071|STRG.11403.1:96-2876|+    -            927 78395at50557         -            258   1.5e-05   23.1   0.2   2   3     4e-06   0.00065   17.7   0.0    47   123   370   441   354   454 0.88 -
59039at50557_103372_0:001071|STRG.11403.1:96-2876|+    -            927 78395at50557         -            258   1.5e-05   23.1   0.2   3   3       1.3   2.1e+02   -0.3   0.0   171   201   520   550   498   561 0.83 -
59039at50557_103372_0:001071|STRG.11403.2:96-2935|+    -            927 78395at50557         -            258   1.5e-05   23.1   0.2   1   3      0.61        99    0.7   0.0    11    30   294   313   289   325 0.77 -
59039at50557_103372_0:001071|STRG.11403.2:96-2935|+    -            927 78395at50557         -            258   1.5e-05   23.1   0.2   2   3     4e-06   0.00065   17.7   0.0    47   123   370   441   354   454 0.88 -
59039at50557_103372_0:001071|STRG.11403.2:96-2935|+    -            927 78395at50557         -            258   1.5e-05   23.1   0.2   3   3       1.3   2.1e+02   -0.3   0.0   171   201   520   550   498   561 0.83 -
30467at50557_286306_0:001fcb|STRG.2205.1:684-2993|+    -            770 78395at50557         -            258   0.00012   20.2   0.5   1   3       1.3   2.2e+02   -0.4   0.3   161   210    51   104    25   116 0.67 -
30467at50557_286306_0:001fcb|STRG.2205.1:684-2993|+    -            770 78395at50557         -            258   0.00012   20.2   0.5   2   3       0.2        32    2.3   0.0     3    67   221   289   219   307 0.76 -
30467at50557_286306_0:001fcb|STRG.2205.1:684-2993|+    -            770 78395at50557         -            258   0.00012   20.2   0.5   3   3   7.9e-05     0.013   13.5   0.0    45    66   522   543   501   593 0.75 -
78395at50557_69319_0:000edd|STRG.15897.1:422-1219|+    -            266 78395at50557         -            258   0.00036   18.6   0.0   1   1   4.2e-06   0.00069   17.6   0.0    46    73    26    53     4   108 0.86 -
59664at50557_1049336_0:0010c8|STRG.18408.1:585-1814|+  -            410 78395at50557         -            258   0.00073   17.6   0.0   1   1   9.6e-06    0.0016   16.5   0.0    45    84    20    59     3    76 0.71 -
67606at50557_123851_0:003a23|STRG.8124.1:834-1556|+    -            241 78395at50557         -            258    0.0012   16.9   0.0   1   1   1.3e-05     0.002   16.1   0.0    46    80    14    52     9   104 0.72 -
67606at50557_123851_0:003a23|STRG.8124.2:760-1482|+    -            241 78395at50557         -            258    0.0012   16.9   0.0   1   1   1.3e-05     0.002   16.1   0.0    46    80    14    52     9   104 0.72 -
67606at50557_123851_0:003a23|STRG.8124.3:393-1115|+    -            241 78395at50557         -            258    0.0012   16.9   0.0   1   1   1.3e-05     0.002   16.1   0.0    46    80    14    52     9   104 0.72 -
58203at50557_28612_0:005bfb|STRG.6513.1:210-1133|+     -            308 78395at50557         -            258    0.0012   16.8   0.0   1   1   1.3e-05     0.002   16.1   0.0    46    72   104   130    77   151 0.91 -
58203at50557_246812_0:00184e|STRG.17401.1:1-318|+      -            106 78395at50557         -            258    0.0021   16.1   0.2   1   1   1.4e-05    0.0024   15.9   0.2    46    68    34    56    28   102 0.90 -
58203at50557_103372_0:00224b|STRG.15487.1:237-1169|+   -            311 78395at50557         -            258    0.0025   15.8   0.0   1   1   2.4e-05    0.0039   15.2   0.0    34    66    94   126    74   177 0.79 -
67606at50557_224129_0:00052e|STRG.3563.1:418-1092|+    -            225 78395at50557         -            258    0.0029   15.6   0.0   1   1   3.1e-05    0.0051   14.8   0.0    46    66    42    62    12    79 0.84 -
67606at50557_224129_0:00052e|STRG.3563.2:470-1144|+    -            225 78395at50557         -            258    0.0029   15.6   0.0   1   1   3.1e-05    0.0051   14.8   0.0    46    66    42    62    12    79 0.84 -
67606at50557_224129_0:00052e|STRG.3563.3:279-953|+     -            225 78395at50557         -            258    0.0029   15.6   0.0   1   1   3.1e-05    0.0051   14.8   0.0    46    66    42    62    12    79 0.84 -
58203at50557_103372_0:00224b|STRG.1649.1:348-1403|+    -            352 78395at50557         -            258    0.0041   15.1   0.0   1   1   3.9e-05    0.0063   14.5   0.0    46    67   148   169   118   218 0.85 -
58203at50557_103372_0:00224b|STRG.1649.2:150-1205|+    -            352 78395at50557         -            258    0.0041   15.1   0.0   1   1   3.9e-05    0.0063   14.5   0.0    46    67   148   169   118   218 0.85 -
58203at50557_28612_0:0055dd|STRG.6564.1:754-1515|+     -            254 78395at50557         -            258    0.0062   14.5   0.4   1   1   0.00012     0.019   12.9   0.4    43    59    34    50    23   125 0.71 -
58203at50557_28612_0:0055dd|STRG.6564.2:754-1515|+     -            254 78395at50557         -            258    0.0062   14.5   0.4   1   1   0.00012     0.019   12.9   0.4    43    59    34    50    23   125 0.71 -
58203at50557_1049336_0:002c09|STRG.7178.1:224-1099|+   -            292 78395at50557         -            258     0.011   13.7   0.0   1   1   0.00013     0.022   12.7   0.0    46    67   114   135   102   163 0.88 -
76116at50557_597456_0:00067b|STRG.8922.1:591-1169|+    -            193 78395at50557         -            258     0.012   13.5   0.2   1   1   0.00024     0.038   11.9   0.2    46   160     2   135     1   192 0.72 -
51542at50557_103372_0:0027c7|STRG.10413.3:0-1352|+     -            451 78395at50557         -            258     0.013   13.4   0.0   1   2   0.00024      0.04   11.9   0.0    22    67    36    81    19   101 0.85 -
51542at50557_103372_0:0027c7|STRG.10413.3:0-1352|+     -            451 78395at50557         -            258     0.013   13.4   0.0   2   2         6   9.7e+02   -2.5   0.0     4    30   301   327   279   345 0.59 -
58203at50557_6973_0:002101|STRG.5999.1:1467-2102|+     -            212 78395at50557         -            258     0.014   13.4   0.4   1   1   0.00076      0.12   10.3   0.4    46   135    27   108    17   115 0.65 -
51542at50557_64793_0:00288e|STRG.10413.2:156-1532|+    -            459 78395at50557         -            258     0.014   13.4   0.0   1   2   0.00025      0.04   11.9   0.0    22    67    44    89    26   109 0.85 -
51542at50557_64793_0:00288e|STRG.10413.2:156-1532|+    -            459 78395at50557         -            258     0.014   13.4   0.0   2   2       6.1   9.9e+02   -2.5   0.0     4    30   309   335   287   353 0.59 -
58203at50557_217634_0:0013dc|STRG.10561.1:1428-2243|+  -            272 78395at50557         -            258     0.014   13.4   0.0   1   1   0.00024     0.039   11.9   0.0    46    66    86   106    74   119 0.85 -
58203at50557_7222_0:002ade|STRG.13794.1:1079-1834|+    -            252 78395at50557         -            258     0.018   13.0   0.0   1   1   0.00025      0.04   11.9   0.0    28    64    27    68    12    72 0.71 -
58203at50557_7222_0:002ade|STRG.13794.2:1079-1834|+    -            252 78395at50557         -            258     0.018   13.0   0.0   1   1   0.00025      0.04   11.9   0.0    28    64    27    68    12    72 0.71 -
58203at50557_7222_0:002ade|STRG.13794.3:819-1574|+     -            252 78395at50557         -            258     0.018   13.0   0.0   1   1   0.00025      0.04   11.9   0.0    28    64    27    68    12    72 0.71 -
76116at50557_166361_0:00022f|STRG.6059.1:2511-3281|+   -            257 78395at50557         -            258     0.023   12.7   0.0   1   3     0.054       8.7    4.2   0.0     8    40    13    45     9    50 0.88 -
76116at50557_166361_0:00022f|STRG.6059.1:2511-3281|+   -            257 78395at50557         -            258     0.023   12.7   0.0   2   3     0.028       4.5    5.2   0.0    47    90    80   118    66   158 0.79 -
76116at50557_166361_0:00022f|STRG.6059.1:2511-3281|+   -            257 78395at50557         -            258     0.023   12.7   0.0   3   3       2.8   4.5e+02   -1.4   0.0   187   199   245   257   235   257 0.80 -
58203at50557_1049336_0:002c09|STRG.17002.1:387-1079|+  -            231 78395at50557         -            258     0.029   12.3   0.0   1   1   0.00036     0.058   11.3   0.0    46    65    42    61    30    70 0.86 -
58203at50557_1049336_0:002c09|STRG.17002.2:387-1079|+  -            231 78395at50557         -            258     0.029   12.3   0.0   1   1   0.00036     0.058   11.3   0.0    46    65    42    61    30    70 0.86 -
108755at50557_1155016_0:001d0a|STRG.9468.2:675-854|+   -             60 78395at50557         -            258     0.043   11.8   0.0   1   1   0.00029     0.047   11.6   0.0    46    76     3    33     1    40 0.91 -
108755at50557_1155016_0:001d0a|STRG.9468.3:2108-2287|+ -             60 78395at50557         -            258     0.043   11.8   0.0   1   1   0.00029     0.047   11.6   0.0    46    76     3    33     1    40 0.91 -
67606at50557_1041015_0:003435|STRG.3197.1:1848-2729|+  -            294 78395at50557         -            258     0.046   11.7   0.0   1   2   0.00076      0.12   10.3   0.0    45    67    59    81    23    92 0.87 -
67606at50557_1041015_0:003435|STRG.3197.1:1848-2729|+  -            294 78395at50557         -            258     0.046   11.7   0.0   2   2       6.9   1.1e+03   -2.7   0.0   103   135   152   185   142   212 0.63 -
67606at50557_1041015_0:003435|STRG.3197.2:1575-2456|+  -            294 78395at50557         -            258     0.046   11.7   0.0   1   2   0.00076      0.12   10.3   0.0    45    67    59    81    23    92 0.87 -
67606at50557_1041015_0:003435|STRG.3197.2:1575-2456|+  -            294 78395at50557         -            258     0.046   11.7   0.0   2   2       6.9   1.1e+03   -2.7   0.0   103   135   152   185   142   212 0.63 -
67606at50557_1041015_0:003435|STRG.3197.3:1907-2788|+  -            294 78395at50557         -            258     0.046   11.7   0.0   1   2   0.00076      0.12   10.3   0.0    45    67    59    81    23    92 0.87 -
67606at50557_1041015_0:003435|STRG.3197.3:1907-2788|+  -            294 78395at50557         -            258     0.046   11.7   0.0   2   2       6.9   1.1e+03   -2.7   0.0   103   135   152   185   142   212 0.63 -
67606at50557_29053_0:000ae8|STRG.5563.1:1113-1790|+    -            226 78395at50557         -            258     0.046   11.7   0.2   1   1   0.00052     0.085   10.8   0.2    46    65    40    59    10   115 0.83 -
67606at50557_224129_0:00052e|STRG.18730.1:937-1614|+   -            226 78395at50557         -            258     0.067   11.1   0.0   1   1   0.00066      0.11   10.5   0.0    41    58    39    56    24    65 0.81 -
67606at50557_224129_0:00052e|STRG.18730.2:912-1589|+   -            226 78395at50557         -            258     0.067   11.1   0.0   1   1   0.00066      0.11   10.5   0.0    41    58    39    56    24    65 0.81 -
#
# Program:         hmmsearch
# Version:         3.4 (Aug 2023)
# Pipeline mode:   SEARCH
# Query file:      /data/projet1/projet_tutore/busco_downloads/lineages/insecta_odb10/hmms/78395at50557.hmm
# Target file:     annotation_analysis/annotation_gca/T_zeteki/busco_output/run_insecta_odb10/metaeuk_output/initial_results/assembled_transcripts.fasta.modified.fas
# Option settings: hmmsearch --domtblout annotation_analysis/annotation_gca/T_zeteki/busco_output/run_insecta_odb10/hmmer_output/initial_run_results/78395at50557.out --cpu 1 /data/projet1/projet_tutore/busco_downloads/lineages/insecta_odb10/hmms/78395at50557.hmm annotation_analysis/annotation_gca/T_zeteki/busco_output/run_insecta_odb10/metaeuk_output/initial_results/assembled_transcripts.fasta.modified.fas 
# Current dir:     /data/projet1/projet_tutore
# Date:            Sun Dec  1 17:36:36 2024
# [ok]
