#                                                                                                               --- full sequence --- -------------- this domain -------------   hmm coord   ali coord   env coord
# target name                                           accession   tlen query name           accession   qlen   E-value  score  bias   #  of  c-Evalue  i-Evalue  score  bias  from    to  from    to  from    to  acc description of target
#                                   ------------------- ---------- ----- -------------------- ---------- ----- --------- ------ ----- --- --- --------- --------- ------ ----- ----- ----- ----- ----- ----- ----- ---- ---------------------
81462at50557_103372_0:001c34|STRG.1782.1:220-1329|+     -            370 81462at50557         -            210   5.7e-55  184.9   6.5   1   1   1.6e-52   1.1e-50  170.9   6.5     1   210    16   322    16   322 0.76 -
81462at50557_103372_0:001c34|STRG.1782.7:55-1615|+      -            370 81462at50557         -            210   5.7e-55  184.9   6.5   1   1   1.6e-52   1.1e-50  170.9   6.5     1   210    16   322    16   322 0.76 -
81462at50557_103372_0:001c34|STRG.1782.4:220-1345|+     -            369 81462at50557         -            210   3.1e-53  179.2   6.6   1   1   8.7e-51   5.9e-49  165.2   6.6     1   210    16   321    16   321 0.75 -
81462at50557_103372_0:001c34|STRG.1782.5:430-1555|+     -            369 81462at50557         -            210   3.1e-53  179.2   6.6   1   1   8.7e-51   5.9e-49  165.2   6.6     1   210    16   321    16   321 0.75 -
81462at50557_103372_0:001c34|STRG.1782.3:426-1253|+     -            276 81462at50557         -            210   1.3e-42  144.5   4.9   1   2       1.5     1e+02    1.1   0.0    56    70     5    19     2    22 0.88 -
81462at50557_103372_0:001c34|STRG.1782.3:426-1253|+     -            276 81462at50557         -            210   1.3e-42  144.5   4.9   2   2   1.8e-42   1.2e-40  138.0   3.2    71   210    39   228    24   228 0.76 -
81462at50557_103372_0:001c34|STRG.1782.2:220-834|+      -            205 81462at50557         -            210   2.5e-22   78.2   6.5   1   2     6e-14   4.1e-12   44.8   0.1     1    70    16   113    16   115 0.79 -
81462at50557_103372_0:001c34|STRG.1782.2:220-834|+      -            205 81462at50557         -            210   2.5e-22   78.2   6.5   2   2   1.1e-08   7.7e-07   27.6   2.3    71   118   133   205   119   205 0.68 -
80377at50557_30019_0:0008bb|STRG.3746.1:1380-2240|+     -            287 81462at50557         -            210   4.2e-12   44.8   8.0   1   7    0.0012     0.084   11.1   0.1   136   175    19    62     9    69 0.79 -
80377at50557_30019_0:0008bb|STRG.3746.1:1380-2240|+     -            287 81462at50557         -            210   4.2e-12   44.8   8.0   2   7       0.2        14    3.9   0.0   132   167    55    92    55    96 0.75 -
80377at50557_30019_0:0008bb|STRG.3746.1:1380-2240|+     -            287 81462at50557         -            210   4.2e-12   44.8   8.0   3   7     0.065       4.4    5.5   0.0   132   165    95   130    90   135 0.75 -
80377at50557_30019_0:0008bb|STRG.3746.1:1380-2240|+     -            287 81462at50557         -            210   4.2e-12   44.8   8.0   4   7     0.093       6.3    5.0   0.0   132   166   135   171   129   179 0.77 -
80377at50557_30019_0:0008bb|STRG.3746.1:1380-2240|+     -            287 81462at50557         -            210   4.2e-12   44.8   8.0   5   7      0.15        10    4.3   0.0   130   166   173   211   168   216 0.75 -
80377at50557_30019_0:0008bb|STRG.3746.1:1380-2240|+     -            287 81462at50557         -            210   4.2e-12   44.8   8.0   6   7     0.011      0.71    8.1   0.0   138   166   223   251   208   256 0.81 -
80377at50557_30019_0:0008bb|STRG.3746.1:1380-2240|+     -            287 81462at50557         -            210   4.2e-12   44.8   8.0   7   7    0.0062      0.42    8.8   0.1   130   158   256   286   251   287 0.85 -
40115at50557_1629725_0:001335|STRG.19880.1:1438-2241|+  -            268 81462at50557         -            210   8.3e-11   40.6   6.2   1   7      0.17        12    4.1   0.0   144   168     3    27     1    39 0.83 -
40115at50557_1629725_0:001335|STRG.19880.1:1438-2241|+  -            268 81462at50557         -            210   8.3e-11   40.6   6.2   2   7    0.0035      0.24    9.7   0.1   131   169    28    68    23    91 0.76 -
40115at50557_1629725_0:001335|STRG.19880.1:1438-2241|+  -            268 81462at50557         -            210   8.3e-11   40.6   6.2   3   7       1.5        98    1.1   0.0   140   161    79   100    67   112 0.81 -
40115at50557_1629725_0:001335|STRG.19880.1:1438-2241|+  -            268 81462at50557         -            210   8.3e-11   40.6   6.2   4   7      0.35        24    3.1   0.0   135   165   117   147   106   151 0.78 -
40115at50557_1629725_0:001335|STRG.19880.1:1438-2241|+  -            268 81462at50557         -            210   8.3e-11   40.6   6.2   5   7    0.0006     0.041   12.2   0.0   126   160   146   182   143   192 0.83 -
40115at50557_1629725_0:001335|STRG.19880.1:1438-2241|+  -            268 81462at50557         -            210   8.3e-11   40.6   6.2   6   7    0.0038      0.26    9.5   0.0   131   158   191   220   181   230 0.78 -
40115at50557_1629725_0:001335|STRG.19880.1:1438-2241|+  -            268 81462at50557         -            210   8.3e-11   40.6   6.2   7   7       2.3   1.5e+02    0.5   0.0   131   157   240   268   230   268 0.71 -
80377at50557_121845_0:0030d4|STRG.931.1:117-983|+       -            289 81462at50557         -            210   2.5e-10   39.0   1.8   1   5      0.19        13    4.0   0.0   138   167    56    85    18    91 0.80 -
80377at50557_121845_0:0030d4|STRG.931.1:117-983|+       -            289 81462at50557         -            210   2.5e-10   39.0   1.8   2   5   2.5e-06   0.00017   20.0   0.0   140   167   100   127    86   134 0.91 -
80377at50557_121845_0:0030d4|STRG.931.1:117-983|+       -            289 81462at50557         -            210   2.5e-10   39.0   1.8   3   5     0.022       1.5    7.0   0.0   142   168   144   170   128   174 0.82 -
80377at50557_121845_0:0030d4|STRG.931.1:117-983|+       -            289 81462at50557         -            210   2.5e-10   39.0   1.8   4   5      0.77        52    2.0   0.0   143   167   188   212   181   216 0.84 -
80377at50557_121845_0:0030d4|STRG.931.1:117-983|+       -            289 81462at50557         -            210   2.5e-10   39.0   1.8   5   5       2.1   1.4e+02    0.6   0.0   142   167   232   257   224   262 0.80 -
40115at50557_7370_0:002473|STRG.931.2:264-1381|+        -            291 81462at50557         -            210   2.7e-10   38.9   1.8   1   5      0.19        13    4.0   0.0   138   167    57    86    19    94 0.80 -
40115at50557_7370_0:002473|STRG.931.2:264-1381|+        -            291 81462at50557         -            210   2.7e-10   38.9   1.8   2   5   2.5e-06   0.00017   19.9   0.0   140   167   101   128    87   135 0.91 -
40115at50557_7370_0:002473|STRG.931.2:264-1381|+        -            291 81462at50557         -            210   2.7e-10   38.9   1.8   3   5     0.023       1.5    7.0   0.0   142   168   145   171   129   175 0.82 -
40115at50557_7370_0:002473|STRG.931.2:264-1381|+        -            291 81462at50557         -            210   2.7e-10   38.9   1.8   4   5      0.79        54    2.0   0.0   143   167   189   213   183   217 0.84 -
40115at50557_7370_0:002473|STRG.931.2:264-1381|+        -            291 81462at50557         -            210   2.7e-10   38.9   1.8   5   5       2.1   1.4e+02    0.6   0.0   142   167   233   258   225   264 0.80 -
69548at50557_103372_0:0010c7|STRG.13687.1:0-1328|+      -            443 81462at50557         -            210   5.2e-10   37.9   3.5   1   5      0.13       8.7    4.5   0.0   139   158   137   156   127   166 0.81 -
69548at50557_103372_0:0010c7|STRG.13687.1:0-1328|+      -            443 81462at50557         -            210   5.2e-10   37.9   3.5   2   5       1.4        96    1.1   0.1   137   158   225   246   185   252 0.79 -
69548at50557_103372_0:0010c7|STRG.13687.1:0-1328|+      -            443 81462at50557         -            210   5.2e-10   37.9   3.5   3   5     0.014      0.95    7.7   0.1   129   161   280   312   274   332 0.79 -
69548at50557_103372_0:0010c7|STRG.13687.1:0-1328|+      -            443 81462at50557         -            210   5.2e-10   37.9   3.5   4   5      0.14       9.3    4.5   0.0   141   162   333   354   328   361 0.87 -
69548at50557_103372_0:0010c7|STRG.13687.1:0-1328|+      -            443 81462at50557         -            210   5.2e-10   37.9   3.5   5   5   4.6e-05    0.0031   15.8   0.0   132   162   365   400   357   410 0.75 -
40115at50557_108931_0:001d6b|STRG.9325.1:276-1313|+     -            346 81462at50557         -            210   2.7e-09   35.6   3.9   1   5      0.32        22    3.2   0.0   141   159    24    42     5    54 0.81 -
40115at50557_108931_0:001d6b|STRG.9325.1:276-1313|+     -            346 81462at50557         -            210   2.7e-09   35.6   3.9   2   5    0.0011     0.078   11.2   0.1   135   179    69   118    62   158 0.71 -
40115at50557_108931_0:001d6b|STRG.9325.1:276-1313|+     -            346 81462at50557         -            210   2.7e-09   35.6   3.9   3   5      0.42        28    2.9   0.1   140   179   202   243   181   253 0.78 -
40115at50557_108931_0:001d6b|STRG.9325.1:276-1313|+     -            346 81462at50557         -            210   2.7e-09   35.6   3.9   4   5     0.033       2.2    6.5   0.0   143   167   256   280   251   285 0.81 -
40115at50557_108931_0:001d6b|STRG.9325.1:276-1313|+     -            346 81462at50557         -            210   2.7e-09   35.6   3.9   5   5    0.0099      0.67    8.2   0.0   142   178   297   334   279   336 0.82 -
80377at50557_77166_0:002f29|STRG.10610.1:593-1507|+     -            305 81462at50557         -            210     1e-08   33.7   1.8   1   5       2.1   1.4e+02    0.6   0.0   141   159    34    52    16    76 0.77 -
80377at50557_77166_0:002f29|STRG.10610.1:593-1507|+     -            305 81462at50557         -            210     1e-08   33.7   1.8   2   5    0.0001    0.0071   14.6   0.0   142   170   121   149    88   153 0.86 -
80377at50557_77166_0:002f29|STRG.10610.1:593-1507|+     -            305 81462at50557         -            210     1e-08   33.7   1.8   3   5    0.0012     0.083   11.2   0.0   142   169   163   190   151   201 0.82 -
80377at50557_77166_0:002f29|STRG.10610.1:593-1507|+     -            305 81462at50557         -            210     1e-08   33.7   1.8   4   5      0.43        29    2.8   0.0   140   170   202   232   190   236 0.78 -
80377at50557_77166_0:002f29|STRG.10610.1:593-1507|+     -            305 81462at50557         -            210     1e-08   33.7   1.8   5   5       6.4   4.3e+02   -1.0   0.0   144   158   252   266   228   293 0.55 -
80377at50557_7222_0:00003c|STRG.3809.1:5-457|+          -            151 81462at50557         -            210   7.6e-08   30.9   0.2   1   3       1.3        90    1.2   0.0   146   167     1    22     1    32 0.88 -
80377at50557_7222_0:00003c|STRG.3809.1:5-457|+          -            151 81462at50557         -            210   7.6e-08   30.9   0.2   2   3   8.6e-06   0.00058   18.2   0.0   130   166    65   105    59   110 0.82 -
80377at50557_7222_0:00003c|STRG.3809.1:5-457|+          -            151 81462at50557         -            210   7.6e-08   30.9   0.2   3   3     0.014      0.96    7.7   0.0   139   168   120   149   110   151 0.87 -
43553at50557_79782_0:002ee3|STRG.2473.1:132-992|+       -            287 81462at50557         -            210   2.3e-07   29.3   1.7   1   4     0.087       5.9    5.1   0.1   140   173    26    59     7    87 0.77 -
43553at50557_79782_0:002ee3|STRG.2473.1:132-992|+       -            287 81462at50557         -            210   2.3e-07   29.3   1.7   2   4   0.00027     0.018   13.3   0.1    97   166   101   183    84   187 0.72 -
43553at50557_79782_0:002ee3|STRG.2473.1:132-992|+       -            287 81462at50557         -            210   2.3e-07   29.3   1.7   3   4      0.34        23    3.2   0.0   142   164   201   223   185   228 0.71 -
43553at50557_79782_0:002ee3|STRG.2473.1:132-992|+       -            287 81462at50557         -            210   2.3e-07   29.3   1.7   4   4      0.32        22    3.2   0.0   138   161   241   264   232   278 0.83 -
58729at50557_103372_0:00194e|STRG.1025.1:0-1571|+       -            524 81462at50557         -            210   5.5e-07   28.1   0.4   1   3       4.3   2.9e+02   -0.4   0.0   141   166   134   159   116   165 0.71 -
58729at50557_103372_0:00194e|STRG.1025.1:0-1571|+       -            524 81462at50557         -            210   5.5e-07   28.1   0.4   2   3   5.5e-05    0.0037   15.6   0.0   124   167   160   203   153   209 0.83 -
58729at50557_103372_0:00194e|STRG.1025.1:0-1571|+       -            524 81462at50557         -            210   5.5e-07   28.1   0.4   3   3    0.0058      0.39    8.9   0.0   129   167   244   286   225   323 0.76 -
22030at50557_104452_0:001960|STRG.11310.1:0-965|+       -            242 81462at50557         -            210   7.7e-07   27.6   1.8   1   5    0.0003      0.02   13.2   0.0   128   163     9    48     3    61 0.83 -
22030at50557_104452_0:001960|STRG.11310.1:0-965|+       -            242 81462at50557         -            210   7.7e-07   27.6   1.8   2   5       3.5   2.4e+02   -0.1   0.0   136   164    65    93    55   100 0.78 -
22030at50557_104452_0:001960|STRG.11310.1:0-965|+       -            242 81462at50557         -            210   7.7e-07   27.6   1.8   3   5       1.1        71    1.6   0.0   141   165   112   136    86   145 0.72 -
22030at50557_104452_0:001960|STRG.11310.1:0-965|+       -            242 81462at50557         -            210   7.7e-07   27.6   1.8   4   5     0.067       4.5    5.5   0.0   142   166   164   188   122   201 0.74 -
22030at50557_104452_0:001960|STRG.11310.1:0-965|+       -            242 81462at50557         -            210   7.7e-07   27.6   1.8   5   5       0.4        27    2.9   0.0   143   175   207   241   192   242 0.73 -
80377at50557_7070_0:0023da|STRG.17188.2:1631-2362|+     -            244 81462at50557         -            210     8e-07   27.5   2.2   1   3       0.1       6.9    4.9   0.1   137   160    56    79    44    88 0.83 -
80377at50557_7070_0:0023da|STRG.17188.2:1631-2362|+     -            244 81462at50557         -            210     8e-07   27.5   2.2   2   3     1e-05   0.00071   17.9   0.3    94   169    85   173    78   175 0.75 -
80377at50557_7070_0:0023da|STRG.17188.2:1631-2362|+     -            244 81462at50557         -            210     8e-07   27.5   2.2   3   3      0.32        22    3.2   0.0   134   167   180   213   172   217 0.81 -
78072at50557_7038_0:0021a3|STRG.17926.3:316-1059|+      -            248 81462at50557         -            210   2.2e-06   26.1   0.1   1   3      0.27        19    3.5   0.0   143   163    27    47    23    66 0.75 -
78072at50557_7038_0:0021a3|STRG.17926.3:316-1059|+      -            248 81462at50557         -            210   2.2e-06   26.1   0.1   2   3     0.025       1.7    6.8   0.0   137   166    64    92    54   105 0.78 -
78072at50557_7038_0:0021a3|STRG.17926.3:316-1059|+      -            248 81462at50557         -            210   2.2e-06   26.1   0.1   3   3   0.00056     0.038   12.3   0.0   133   179   103   151    94   156 0.83 -
78072at50557_7038_0:0021a3|STRG.17926.4:316-1059|+      -            248 81462at50557         -            210   2.2e-06   26.1   0.1   1   3      0.27        19    3.5   0.0   143   163    27    47    23    66 0.75 -
78072at50557_7038_0:0021a3|STRG.17926.4:316-1059|+      -            248 81462at50557         -            210   2.2e-06   26.1   0.1   2   3     0.025       1.7    6.8   0.0   137   166    64    92    54   105 0.78 -
78072at50557_7038_0:0021a3|STRG.17926.4:316-1059|+      -            248 81462at50557         -            210   2.2e-06   26.1   0.1   3   3   0.00056     0.038   12.3   0.0   133   179   103   151    94   156 0.83 -
78072at50557_7038_0:0021a3|STRG.17926.1:331-1179|+      -            283 81462at50557         -            210   2.6e-06   25.8   0.1   1   3      0.15        10    4.3   0.0   142   162    61    81     4   101 0.74 -
78072at50557_7038_0:0021a3|STRG.17926.1:331-1179|+      -            283 81462at50557         -            210   2.6e-06   25.8   0.1   2   3     0.033       2.2    6.5   0.0   138   166   100   127    90   138 0.78 -
78072at50557_7038_0:0021a3|STRG.17926.1:331-1179|+      -            283 81462at50557         -            210   2.6e-06   25.8   0.1   3   3   0.00068     0.046   12.0   0.0   132   179   137   186   128   191 0.83 -
78072at50557_7038_0:0021a3|STRG.17926.2:331-1179|+      -            283 81462at50557         -            210   2.6e-06   25.8   0.1   1   3      0.15        10    4.3   0.0   142   162    61    81     4   101 0.74 -
78072at50557_7038_0:0021a3|STRG.17926.2:331-1179|+      -            283 81462at50557         -            210   2.6e-06   25.8   0.1   2   3     0.033       2.2    6.5   0.0   138   166   100   127    90   138 0.78 -
78072at50557_7038_0:0021a3|STRG.17926.2:331-1179|+      -            283 81462at50557         -            210   2.6e-06   25.8   0.1   3   3   0.00068     0.046   12.0   0.0   132   179   137   186   128   191 0.83 -
78072at50557_7038_0:0021a3|STRG.17926.5:331-1179|+      -            283 81462at50557         -            210   2.6e-06   25.8   0.1   1   3      0.15        10    4.3   0.0   142   162    61    81     4   101 0.74 -
78072at50557_7038_0:0021a3|STRG.17926.5:331-1179|+      -            283 81462at50557         -            210   2.6e-06   25.8   0.1   2   3     0.033       2.2    6.5   0.0   138   166   100   127    90   138 0.78 -
78072at50557_7038_0:0021a3|STRG.17926.5:331-1179|+      -            283 81462at50557         -            210   2.6e-06   25.8   0.1   3   3   0.00068     0.046   12.0   0.0   132   179   137   186   128   191 0.83 -
80377at50557_568069_0:004eea|STRG.4106.1:60-914|+       -            285 81462at50557         -            210   3.5e-06   25.5   0.1   1   4     0.059         4    5.6   0.0   127   158     2    37     1    63 0.74 -
80377at50557_568069_0:004eea|STRG.4106.1:60-914|+       -            285 81462at50557         -            210   3.5e-06   25.5   0.1   2   4   0.00067     0.045   12.0   0.0   139   169    63    93    54   105 0.85 -
80377at50557_568069_0:004eea|STRG.4106.1:60-914|+       -            285 81462at50557         -            210   3.5e-06   25.5   0.1   3   4       5.2   3.5e+02   -0.7   0.0   143   166   108   131   102   169 0.63 -
80377at50557_568069_0:004eea|STRG.4106.1:60-914|+       -            285 81462at50557         -            210   3.5e-06   25.5   0.1   4   4      0.37        25    3.1   0.0   142   166   190   214   170   225 0.86 -
80377at50557_456900_0:000374|STRG.2435.1:0-1046|+       -            349 81462at50557         -            210   4.8e-06   25.0   0.6   1   3       6.2   4.2e+02   -1.0   0.0   142   164   113   135    97   151 0.80 -
80377at50557_456900_0:000374|STRG.2435.1:0-1046|+       -            349 81462at50557         -            210   4.8e-06   25.0   0.6   2   3     0.024       1.7    6.9   0.0   142   161   156   175   113   185 0.81 -
80377at50557_456900_0:000374|STRG.2435.1:0-1046|+       -            349 81462at50557         -            210   4.8e-06   25.0   0.6   3   3   0.00047     0.032   12.5   0.0   100   168   185   265   182   271 0.73 -
80377at50557_123851_0:001311|STRG.4993.1:456-1250|+     -            265 81462at50557         -            210     5e-06   24.9   0.0   1   3     0.083       5.6    5.2   0.0   132   161     8    37     2    49 0.85 -
80377at50557_123851_0:001311|STRG.4993.1:456-1250|+     -            265 81462at50557         -            210     5e-06   24.9   0.0   2   3      0.16        11    4.3   0.0   127   162    59    98    51   108 0.78 -
80377at50557_123851_0:001311|STRG.4993.1:456-1250|+     -            265 81462at50557         -            210     5e-06   24.9   0.0   3   3    0.0014     0.098   10.9   0.0   129   168   150   193   128   199 0.82 -
80377at50557_30019_0:0008bb|STRG.6991.1:27-794|+        -            256 81462at50557         -            210   5.2e-06   24.9   0.7   1   4      0.99        67    1.6   0.0   137   165    56    84    36    99 0.84 -
80377at50557_30019_0:0008bb|STRG.6991.1:27-794|+        -            256 81462at50557         -            210   5.2e-06   24.9   0.7   2   4    0.0073      0.49    8.6   0.0   127   161    84   122    81   132 0.75 -
80377at50557_30019_0:0008bb|STRG.6991.1:27-794|+        -            256 81462at50557         -            210   5.2e-06   24.9   0.7   3   4     0.018       1.2    7.4   0.0   139   172   142   175   127   201 0.83 -
80377at50557_30019_0:0008bb|STRG.6991.1:27-794|+        -            256 81462at50557         -            210   5.2e-06   24.9   0.7   4   4      0.34        23    3.2   0.0   141   166   228   253   219   256 0.82 -
80377at50557_116153_0:0002e6|STRG.6991.2:180-1013|+     -            278 81462at50557         -            210   6.8e-06   24.5   0.6   1   3     0.004      0.27    9.5   0.0   126   161    78   117    33   128 0.75 -
80377at50557_116153_0:0002e6|STRG.6991.2:180-1013|+     -            278 81462at50557         -            210   6.8e-06   24.5   0.6   2   3     0.021       1.4    7.1   0.0   139   172   137   170   122   195 0.83 -
80377at50557_116153_0:0002e6|STRG.6991.2:180-1013|+     -            278 81462at50557         -            210   6.8e-06   24.5   0.6   3   3      0.36        24    3.1   0.0   141   167   223   249   214   252 0.82 -
69548at50557_116153_0:002191|STRG.4684.1:472-1170|+     -            233 81462at50557         -            210   8.5e-06   24.2   0.2   1   3         2   1.4e+02    0.6   0.0   143   161    80    98    51   109 0.82 -
69548at50557_116153_0:002191|STRG.4684.1:472-1170|+     -            233 81462at50557         -            210   8.5e-06   24.2   0.2   2   3      0.29        20    3.4   0.0   139   162   126   149   100   158 0.79 -
69548at50557_116153_0:002191|STRG.4684.1:472-1170|+     -            233 81462at50557         -            210   8.5e-06   24.2   0.2   3   3   2.4e-05    0.0016   16.7   0.0   130   179   158   215   152   226 0.74 -
69548at50557_116153_0:002191|STRG.4684.2:619-1317|+     -            233 81462at50557         -            210   8.5e-06   24.2   0.2   1   3         2   1.4e+02    0.6   0.0   143   161    80    98    51   109 0.82 -
69548at50557_116153_0:002191|STRG.4684.2:619-1317|+     -            233 81462at50557         -            210   8.5e-06   24.2   0.2   2   3      0.29        20    3.4   0.0   139   162   126   149   100   158 0.79 -
69548at50557_116153_0:002191|STRG.4684.2:619-1317|+     -            233 81462at50557         -            210   8.5e-06   24.2   0.2   3   3   2.4e-05    0.0016   16.7   0.0   130   179   158   215   152   226 0.74 -
69548at50557_116153_0:002191|STRG.4684.3:499-1197|+     -            233 81462at50557         -            210   8.5e-06   24.2   0.2   1   3         2   1.4e+02    0.6   0.0   143   161    80    98    51   109 0.82 -
69548at50557_116153_0:002191|STRG.4684.3:499-1197|+     -            233 81462at50557         -            210   8.5e-06   24.2   0.2   2   3      0.29        20    3.4   0.0   139   162   126   149   100   158 0.79 -
69548at50557_116153_0:002191|STRG.4684.3:499-1197|+     -            233 81462at50557         -            210   8.5e-06   24.2   0.2   3   3   2.4e-05    0.0016   16.7   0.0   130   179   158   215   152   226 0.74 -
69548at50557_116153_0:002191|STRG.4684.4:488-1186|+     -            233 81462at50557         -            210   8.5e-06   24.2   0.2   1   3         2   1.4e+02    0.6   0.0   143   161    80    98    51   109 0.82 -
69548at50557_116153_0:002191|STRG.4684.4:488-1186|+     -            233 81462at50557         -            210   8.5e-06   24.2   0.2   2   3      0.29        20    3.4   0.0   139   162   126   149   100   158 0.79 -
69548at50557_116153_0:002191|STRG.4684.4:488-1186|+     -            233 81462at50557         -            210   8.5e-06   24.2   0.2   3   3   2.4e-05    0.0016   16.7   0.0   130   179   158   215   152   226 0.74 -
69548at50557_116153_0:002191|STRG.4684.5:854-1552|+     -            233 81462at50557         -            210   8.5e-06   24.2   0.2   1   3         2   1.4e+02    0.6   0.0   143   161    80    98    51   109 0.82 -
69548at50557_116153_0:002191|STRG.4684.5:854-1552|+     -            233 81462at50557         -            210   8.5e-06   24.2   0.2   2   3      0.29        20    3.4   0.0   139   162   126   149   100   158 0.79 -
69548at50557_116153_0:002191|STRG.4684.5:854-1552|+     -            233 81462at50557         -            210   8.5e-06   24.2   0.2   3   3   2.4e-05    0.0016   16.7   0.0   130   179   158   215   152   226 0.74 -
69548at50557_116153_0:002191|STRG.4684.6:594-1292|+     -            233 81462at50557         -            210   8.5e-06   24.2   0.2   1   3         2   1.4e+02    0.6   0.0   143   161    80    98    51   109 0.82 -
69548at50557_116153_0:002191|STRG.4684.6:594-1292|+     -            233 81462at50557         -            210   8.5e-06   24.2   0.2   2   3      0.29        20    3.4   0.0   139   162   126   149   100   158 0.79 -
69548at50557_116153_0:002191|STRG.4684.6:594-1292|+     -            233 81462at50557         -            210   8.5e-06   24.2   0.2   3   3   2.4e-05    0.0016   16.7   0.0   130   179   158   215   152   226 0.74 -
74508at50557_7394_0:0023c7|STRG.5562.1:279-1259|+       -            327 81462at50557         -            210   9.9e-06   24.0   0.1   1   2      0.02       1.3    7.2   0.0   138   161    41    64    36    91 0.81 -
74508at50557_7394_0:0023c7|STRG.5562.1:279-1259|+       -            327 81462at50557         -            210   9.9e-06   24.0   0.1   2   2   0.00015      0.01   14.1   0.0   139   163   129   153    79   158 0.72 -
74508at50557_7394_0:0023c7|STRG.5562.2:0-980|+          -            327 81462at50557         -            210   9.9e-06   24.0   0.1   1   2      0.02       1.3    7.2   0.0   138   161    41    64    36    91 0.81 -
74508at50557_7394_0:0023c7|STRG.5562.2:0-980|+          -            327 81462at50557         -            210   9.9e-06   24.0   0.1   2   2   0.00015      0.01   14.1   0.0   139   163   129   153    79   158 0.72 -
49370at50557_2015173_0:001990|STRG.18790.1:60-1046|+    -            329 81462at50557         -            210   2.2e-05   22.8   2.2   1   5       3.2   2.1e+02    0.0   0.0   141   169    53    81    33   100 0.65 -
49370at50557_2015173_0:001990|STRG.18790.1:60-1046|+    -            329 81462at50557         -            210   2.2e-05   22.8   2.2   2   5    0.0015     0.099   10.9   0.1    98   167   128   211    60   215 0.80 -
49370at50557_2015173_0:001990|STRG.18790.1:60-1046|+    -            329 81462at50557         -            210   2.2e-05   22.8   2.2   3   5      0.23        16    3.7   0.0   142   167   228   253   211   259 0.73 -
49370at50557_2015173_0:001990|STRG.18790.1:60-1046|+    -            329 81462at50557         -            210   2.2e-05   22.8   2.2   4   5      0.95        64    1.7   0.0   138   165   268   295   262   311 0.85 -
49370at50557_2015173_0:001990|STRG.18790.1:60-1046|+    -            329 81462at50557         -            210   2.2e-05   22.8   2.2   5   5       1.4        93    1.2   0.0   142   156   314   328   298   329 0.76 -
40115at50557_103372_0:0021d6|STRG.15605.3:358-1368|+    -            337 81462at50557         -            210   2.7e-05   22.5   0.3   1   4     0.023       1.6    7.0   0.0   137   158    31    52    18    64 0.82 -
40115at50557_103372_0:0021d6|STRG.15605.3:358-1368|+    -            337 81462at50557         -            210   2.7e-05   22.5   0.3   2   4       8.3   5.6e+02   -1.4   0.0   143   164    79    99    53   107 0.69 -
40115at50557_103372_0:0021d6|STRG.15605.3:358-1368|+    -            337 81462at50557         -            210   2.7e-05   22.5   0.3   3   4       0.3        21    3.3   0.0   138   165   138   164   131   194 0.84 -
40115at50557_103372_0:0021d6|STRG.15605.3:358-1368|+    -            337 81462at50557         -            210   2.7e-05   22.5   0.3   4   4      0.02       1.4    7.2   0.0   132   168   212   250   208   271 0.84 -
71739at50557_66420_0:0008cd|STRG.17936.1:657-1238|+     -            194 81462at50557         -            210   2.7e-05   22.5   0.1   1   2   0.00012     0.008   14.5   0.0   141   180    16    57     8    81 0.79 -
71739at50557_66420_0:0008cd|STRG.17936.1:657-1238|+     -            194 81462at50557         -            210   2.7e-05   22.5   0.1   2   2     0.056       3.8    5.7   0.1   122   159   114   162    77   176 0.62 -
71739at50557_66420_0:0008cd|STRG.17936.2:729-1310|+     -            194 81462at50557         -            210   2.7e-05   22.5   0.1   1   2   0.00012     0.008   14.5   0.0   141   180    16    57     8    81 0.79 -
71739at50557_66420_0:0008cd|STRG.17936.2:729-1310|+     -            194 81462at50557         -            210   2.7e-05   22.5   0.1   2   2     0.056       3.8    5.7   0.1   122   159   114   162    77   176 0.62 -
80377at50557_77166_0:002f29|STRG.14567.1:682-1524|+     -            281 81462at50557         -            210   3.2e-05   22.3   0.8   1   1   1.8e-06   0.00012   20.4   0.8    98   190    84   196    77   210 0.75 -
40115at50557_103372_0:0021d6|STRG.15605.2:3992-4969|+   -            326 81462at50557         -            210   3.3e-05   22.3   1.0   1   4     0.022       1.5    7.0   0.0   137   158    31    52    18    64 0.82 -
40115at50557_103372_0:0021d6|STRG.15605.2:3992-4969|+   -            326 81462at50557         -            210   3.3e-05   22.3   1.0   2   4         8   5.4e+02   -1.3   0.0   143   164    79    99    53   107 0.69 -
40115at50557_103372_0:0021d6|STRG.15605.2:3992-4969|+   -            326 81462at50557         -            210   3.3e-05   22.3   1.0   3   4      0.29        19    3.4   0.0   138   165   138   164   131   195 0.84 -
40115at50557_103372_0:0021d6|STRG.15605.2:3992-4969|+   -            326 81462at50557         -            210   3.3e-05   22.3   1.0   4   4     0.019       1.3    7.2   0.0   132   168   212   250   208   272 0.84 -
78072at50557_7070_0:002a52|STRG.19597.1:483-1325|+      -            281 81462at50557         -            210   3.3e-05   22.2   3.1   1   4      0.38        26    3.0   0.2   138   158    90   110     9   115 0.62 -
78072at50557_7070_0:002a52|STRG.19597.1:483-1325|+      -            281 81462at50557         -            210   3.3e-05   22.2   3.1   2   4     0.013       0.9    7.8   0.6   123   178   113   176    43   178 0.78 -
78072at50557_7070_0:002a52|STRG.19597.1:483-1325|+      -            281 81462at50557         -            210   3.3e-05   22.2   3.1   3   4      0.12       7.9    4.7   0.0   142   168   180   206   177   210 0.85 -
78072at50557_7070_0:002a52|STRG.19597.1:483-1325|+      -            281 81462at50557         -            210   3.3e-05   22.2   3.1   4   4      0.17        12    4.1   0.0   141   180   223   265   206   274 0.77 -
56099at50557_103372_0:001a7e|STRG.18490.1:87-1418|+     -            444 81462at50557         -            210   5.6e-05   21.5   1.0   1   5      0.58        39    2.4   0.0   141   158    79    96    64   113 0.83 -
56099at50557_103372_0:001a7e|STRG.18490.1:87-1418|+     -            444 81462at50557         -            210   5.6e-05   21.5   1.0   2   5     0.055       3.7    5.7   0.0   139   180   206   248   194   263 0.80 -
56099at50557_103372_0:001a7e|STRG.18490.1:87-1418|+     -            444 81462at50557         -            210   5.6e-05   21.5   1.0   3   5       3.1   2.1e+02    0.0   0.0   144   163   253   272   239   282 0.78 -
56099at50557_103372_0:001a7e|STRG.18490.1:87-1418|+     -            444 81462at50557         -            210   5.6e-05   21.5   1.0   4   5      0.14       9.7    4.4   0.1   142   160   294   312   264   328 0.84 -
56099at50557_103372_0:001a7e|STRG.18490.1:87-1418|+     -            444 81462at50557         -            210   5.6e-05   21.5   1.0   5   5      0.36        24    3.1   0.0   122   161   317   356   310   363 0.80 -
33043at50557_454923_0:001231|STRG.13622.1:2758-4128|+   -            457 81462at50557         -            210   6.5e-05   21.3   2.5   1   7      0.73        50    2.1   0.0   142   175    15    49     1    80 0.71 -
33043at50557_454923_0:001231|STRG.13622.1:2758-4128|+   -            457 81462at50557         -            210   6.5e-05   21.3   2.5   2   7       7.5   5.1e+02   -1.2   0.0    69    96    88   115    46   120 0.75 -
33043at50557_454923_0:001231|STRG.13622.1:2758-4128|+   -            457 81462at50557         -            210   6.5e-05   21.3   2.5   3   7       1.4        94    1.2   0.0   132   157   219   248   213   252 0.74 -
33043at50557_454923_0:001231|STRG.13622.1:2758-4128|+   -            457 81462at50557         -            210   6.5e-05   21.3   2.5   4   7       7.7   5.2e+02   -1.3   0.0    73    94   268   289   247   296 0.82 -
33043at50557_454923_0:001231|STRG.13622.1:2758-4128|+   -            457 81462at50557         -            210   6.5e-05   21.3   2.5   5   7      0.14       9.4    4.4   0.0   128   158   337   371   315   384 0.77 -
33043at50557_454923_0:001231|STRG.13622.1:2758-4128|+   -            457 81462at50557         -            210   6.5e-05   21.3   2.5   6   7     0.041       2.8    6.2   0.0   134   164   390   420   377   427 0.80 -
33043at50557_454923_0:001231|STRG.13622.1:2758-4128|+   -            457 81462at50557         -            210   6.5e-05   21.3   2.5   7   7         3     2e+02    0.1   0.0   143   159   441   457   418   457 0.75 -
33043at50557_454923_0:001231|STRG.13622.2:2961-4331|+   -            457 81462at50557         -            210   6.5e-05   21.3   2.5   1   7      0.73        50    2.1   0.0   142   175    15    49     1    80 0.71 -
33043at50557_454923_0:001231|STRG.13622.2:2961-4331|+   -            457 81462at50557         -            210   6.5e-05   21.3   2.5   2   7       7.5   5.1e+02   -1.2   0.0    69    96    88   115    46   120 0.75 -
33043at50557_454923_0:001231|STRG.13622.2:2961-4331|+   -            457 81462at50557         -            210   6.5e-05   21.3   2.5   3   7       1.4        94    1.2   0.0   132   157   219   248   213   252 0.74 -
33043at50557_454923_0:001231|STRG.13622.2:2961-4331|+   -            457 81462at50557         -            210   6.5e-05   21.3   2.5   4   7       7.7   5.2e+02   -1.3   0.0    73    94   268   289   247   296 0.82 -
33043at50557_454923_0:001231|STRG.13622.2:2961-4331|+   -            457 81462at50557         -            210   6.5e-05   21.3   2.5   5   7      0.14       9.4    4.4   0.0   128   158   337   371   315   384 0.77 -
33043at50557_454923_0:001231|STRG.13622.2:2961-4331|+   -            457 81462at50557         -            210   6.5e-05   21.3   2.5   6   7     0.041       2.8    6.2   0.0   134   164   390   420   377   427 0.80 -
33043at50557_454923_0:001231|STRG.13622.2:2961-4331|+   -            457 81462at50557         -            210   6.5e-05   21.3   2.5   7   7         3     2e+02    0.1   0.0   143   159   441   457   418   457 0.75 -
33043at50557_454923_0:001231|STRG.13622.3:2811-4181|+   -            457 81462at50557         -            210   6.5e-05   21.3   2.5   1   7      0.73        50    2.1   0.0   142   175    15    49     1    80 0.71 -
33043at50557_454923_0:001231|STRG.13622.3:2811-4181|+   -            457 81462at50557         -            210   6.5e-05   21.3   2.5   2   7       7.5   5.1e+02   -1.2   0.0    69    96    88   115    46   120 0.75 -
33043at50557_454923_0:001231|STRG.13622.3:2811-4181|+   -            457 81462at50557         -            210   6.5e-05   21.3   2.5   3   7       1.4        94    1.2   0.0   132   157   219   248   213   252 0.74 -
33043at50557_454923_0:001231|STRG.13622.3:2811-4181|+   -            457 81462at50557         -            210   6.5e-05   21.3   2.5   4   7       7.7   5.2e+02   -1.3   0.0    73    94   268   289   247   296 0.82 -
33043at50557_454923_0:001231|STRG.13622.3:2811-4181|+   -            457 81462at50557         -            210   6.5e-05   21.3   2.5   5   7      0.14       9.4    4.4   0.0   128   158   337   371   315   384 0.77 -
33043at50557_454923_0:001231|STRG.13622.3:2811-4181|+   -            457 81462at50557         -            210   6.5e-05   21.3   2.5   6   7     0.041       2.8    6.2   0.0   134   164   390   420   377   427 0.80 -
33043at50557_454923_0:001231|STRG.13622.3:2811-4181|+   -            457 81462at50557         -            210   6.5e-05   21.3   2.5   7   7         3     2e+02    0.1   0.0   143   159   441   457   418   457 0.75 -
74508at50557_7394_0:0023c7|STRG.15109.3:15-890|+        -            292 81462at50557         -            210   8.1e-05   21.0   0.1   1   4       1.5     1e+02    1.1   0.1   142   160    23    41    18    50 0.83 -
74508at50557_7394_0:0023c7|STRG.15109.3:15-890|+        -            292 81462at50557         -            210   8.1e-05   21.0   0.1   2   4    0.0023      0.15   10.3   0.0   138   169   100   131    47   136 0.78 -
74508at50557_7394_0:0023c7|STRG.15109.3:15-890|+        -            292 81462at50557         -            210   8.1e-05   21.0   0.1   3   4       1.2        81    1.4   0.0   141   164   142   165   135   174 0.79 -
74508at50557_7394_0:0023c7|STRG.15109.3:15-890|+        -            292 81462at50557         -            210   8.1e-05   21.0   0.1   4   4      0.47        32    2.7   0.0   141   165   241   265   218   280 0.77 -
14512at50557_103372_0:0005b9|STRG.17919.1:396-2972|+    -            859 81462at50557         -            210    0.0001   20.7   0.0   1   3       4.7   3.2e+02   -0.6   0.0   142   167    32    57     8    67 0.78 -
14512at50557_103372_0:0005b9|STRG.17919.1:396-2972|+    -            859 81462at50557         -            210    0.0001   20.7   0.0   2   3     0.002      0.14   10.4   0.0   127   164    97   138    86   156 0.81 -
14512at50557_103372_0:0005b9|STRG.17919.1:396-2972|+    -            859 81462at50557         -            210    0.0001   20.7   0.0   3   3      0.06       4.1    5.6   0.0   141   167   199   225   175   234 0.81 -
14512at50557_103372_0:0005b9|STRG.17919.2:396-3029|+    -            878 81462at50557         -            210   0.00011   20.6   0.0   1   3       5.1   3.4e+02   -0.7   0.0   142   166    32    56     8    62 0.77 -
14512at50557_103372_0:0005b9|STRG.17919.2:396-3029|+    -            878 81462at50557         -            210   0.00011   20.6   0.0   2   3    0.0021      0.14   10.4   0.0   127   164    97   138    86   156 0.81 -
14512at50557_103372_0:0005b9|STRG.17919.2:396-3029|+    -            878 81462at50557         -            210   0.00011   20.6   0.0   3   3     0.061       4.1    5.6   0.0   141   168   199   226   176   235 0.81 -
56099at50557_103372_0:001a7e|STRG.18490.2:87-1425|+     -            443 81462at50557         -            210   0.00025   19.4   1.1   1   5      0.58        39    2.4   0.0   141   158    79    96    64   113 0.83 -
56099at50557_103372_0:001a7e|STRG.18490.2:87-1425|+     -            443 81462at50557         -            210   0.00025   19.4   1.1   2   5      0.22        15    3.8   0.0   142   180   208   247   182   262 0.79 -
56099at50557_103372_0:001a7e|STRG.18490.2:87-1425|+     -            443 81462at50557         -            210   0.00025   19.4   1.1   3   5         3     2e+02    0.1   0.0   144   163   252   271   239   284 0.78 -
56099at50557_103372_0:001a7e|STRG.18490.2:87-1425|+     -            443 81462at50557         -            210   0.00025   19.4   1.1   4   5      0.17        12    4.1   0.0   142   160   293   311   278   326 0.84 -
56099at50557_103372_0:001a7e|STRG.18490.2:87-1425|+     -            443 81462at50557         -            210   0.00025   19.4   1.1   5   5      0.36        25    3.1   0.0   122   162   316   356   310   363 0.80 -
77772at50557_121845_0:003bba|STRG.14135.1:2659-3565|-   -            300 81462at50557         -            210   0.00037   18.8   0.2   1   3   0.00014    0.0095   14.2   0.1    89   164    52   141    32   149 0.59 -
77772at50557_121845_0:003bba|STRG.14135.1:2659-3565|-   -            300 81462at50557         -            210   0.00037   18.8   0.2   2   3       3.1   2.1e+02    0.0   0.0   144   163   161   180   157   206 0.86 -
77772at50557_121845_0:003bba|STRG.14135.1:2659-3565|-   -            300 81462at50557         -            210   0.00037   18.8   0.2   3   3       8.8   5.9e+02   -1.4   0.0   141   158   237   254   229   261 0.83 -
77772at50557_121845_0:003bba|STRG.14137.1:4588-5494|-   -            300 81462at50557         -            210   0.00037   18.8   0.2   1   3   0.00014    0.0095   14.2   0.1    89   164    52   141    32   149 0.59 -
77772at50557_121845_0:003bba|STRG.14137.1:4588-5494|-   -            300 81462at50557         -            210   0.00037   18.8   0.2   2   3       3.1   2.1e+02    0.0   0.0   144   163   161   180   157   206 0.86 -
77772at50557_121845_0:003bba|STRG.14137.1:4588-5494|-   -            300 81462at50557         -            210   0.00037   18.8   0.2   3   3       8.8   5.9e+02   -1.4   0.0   141   158   237   254   229   261 0.83 -
57752at50557_103372_0:000c5a|STRG.2670.1:0-1301|+       -            434 81462at50557         -            210   0.00039   18.8   0.3   1   4       1.3        88    1.3   0.0   142   162   137   157   134   170 0.81 -
57752at50557_103372_0:000c5a|STRG.2670.1:0-1301|+       -            434 81462at50557         -            210   0.00039   18.8   0.3   2   4      0.19        13    4.0   0.1   130   168   205   247   172   252 0.67 -
57752at50557_103372_0:000c5a|STRG.2670.1:0-1301|+       -            434 81462at50557         -            210   0.00039   18.8   0.3   3   4     0.067       4.5    5.5   0.0   133   163   254   284   248   304 0.79 -
57752at50557_103372_0:000c5a|STRG.2670.1:0-1301|+       -            434 81462at50557         -            210   0.00039   18.8   0.3   4   4      0.63        43    2.3   0.0   131   161   331   364   325   374 0.80 -
40115at50557_103372_0:0021d6|STRG.4708.1:0-1442|+       -            481 81462at50557         -            210   0.00052   18.3   3.9   1   4      0.04       2.7    6.2   0.0   141   169   132   160   115   181 0.77 -
40115at50557_103372_0:0021d6|STRG.4708.1:0-1442|+       -            481 81462at50557         -            210   0.00052   18.3   3.9   2   4      0.42        28    2.9   0.0   143   165   224   246   218   261 0.82 -
40115at50557_103372_0:0021d6|STRG.4708.1:0-1442|+       -            481 81462at50557         -            210   0.00052   18.3   3.9   3   4       2.3   1.5e+02    0.5   0.0   143   166   382   405   377   420 0.79 -
40115at50557_103372_0:0021d6|STRG.4708.1:0-1442|+       -            481 81462at50557         -            210   0.00052   18.3   3.9   4   4     0.097       6.6    4.9   0.0   138   166   419   447   407   462 0.78 -
71739at50557_103372_0:00145d|STRG.7372.2:110-1042|+     -            311 81462at50557         -            210   0.00069   17.9   0.1   1   2      0.01      0.69    8.1   0.0   141   167    64    90     9    98 0.82 -
71739at50557_103372_0:00145d|STRG.7372.2:110-1042|+     -            311 81462at50557         -            210   0.00069   17.9   0.1   2   2     0.022       1.5    7.0   0.0   142   167   160   185   149   196 0.89 -
78072at50557_39758_0:003b38|STRG.9154.1:151-690|+       -            180 81462at50557         -            210    0.0007   17.9   0.1   1   2    0.0072      0.48    8.6   0.0   140   162    72    94    15   105 0.86 -
78072at50557_39758_0:003b38|STRG.9154.1:151-690|+       -            180 81462at50557         -            210    0.0007   17.9   0.1   2   2     0.046       3.1    6.0   0.0   108   161   116   140    97   149 0.59 -
71739at50557_103372_0:00145d|STRG.7372.1:0-965|+        -            322 81462at50557         -            210   0.00079   17.7   0.1   1   2     0.011      0.74    8.0   0.0   141   167    60    86     9    94 0.82 -
71739at50557_103372_0:00145d|STRG.7372.1:0-965|+        -            322 81462at50557         -            210   0.00079   17.7   0.1   2   2     0.023       1.6    7.0   0.0   142   167   156   181   145   192 0.89 -
49370at50557_456900_0:00265d|STRG.7846.1:253-1821|+     -            523 81462at50557         -            210    0.0011   17.2   0.7   1   5       5.8   3.9e+02   -0.9   0.0   143   161   338   356   327   364 0.82 -
49370at50557_456900_0:00265d|STRG.7846.1:253-1821|+     -            523 81462at50557         -            210    0.0011   17.2   0.7   2   5      0.66        44    2.2   0.0   142   165   379   402   355   418 0.79 -
49370at50557_456900_0:00265d|STRG.7846.1:253-1821|+     -            523 81462at50557         -            210    0.0011   17.2   0.7   3   5      0.21        14    3.9   0.0   142   165   421   444   371   451 0.58 -
49370at50557_456900_0:00265d|STRG.7846.1:253-1821|+     -            523 81462at50557         -            210    0.0011   17.2   0.7   4   5     0.041       2.7    6.2   0.1   142   167   464   489   458   514 0.89 -
49370at50557_456900_0:00265d|STRG.7846.1:253-1821|+     -            523 81462at50557         -            210    0.0011   17.2   0.7   5   5       6.9   4.7e+02   -1.1   0.0   141   156   505   520   490   521 0.82 -
49370at50557_456900_0:00265d|STRG.7846.2:0-1568|+       -            523 81462at50557         -            210    0.0011   17.2   0.7   1   5       5.8   3.9e+02   -0.9   0.0   143   161   338   356   327   364 0.82 -
49370at50557_456900_0:00265d|STRG.7846.2:0-1568|+       -            523 81462at50557         -            210    0.0011   17.2   0.7   2   5      0.66        44    2.2   0.0   142   165   379   402   355   418 0.79 -
49370at50557_456900_0:00265d|STRG.7846.2:0-1568|+       -            523 81462at50557         -            210    0.0011   17.2   0.7   3   5      0.21        14    3.9   0.0   142   165   421   444   371   451 0.58 -
49370at50557_456900_0:00265d|STRG.7846.2:0-1568|+       -            523 81462at50557         -            210    0.0011   17.2   0.7   4   5     0.041       2.7    6.2   0.1   142   167   464   489   458   514 0.89 -
49370at50557_456900_0:00265d|STRG.7846.2:0-1568|+       -            523 81462at50557         -            210    0.0011   17.2   0.7   5   5       6.9   4.7e+02   -1.1   0.0   141   156   505   520   490   521 0.82 -
14512at50557_56086_0:000590|STRG.7692.1:647-1114|+      -            156 81462at50557         -            210    0.0012   17.1   0.1   1   3       5.5   3.7e+02   -0.8   0.0   142   165    14    37    10    45 0.80 -
14512at50557_56086_0:000590|STRG.7692.1:647-1114|+      -            156 81462at50557         -            210    0.0012   17.1   0.1   2   3     0.062       4.2    5.6   0.0   140   175    54    89    36    93 0.84 -
14512at50557_56086_0:000590|STRG.7692.1:647-1114|+      -            156 81462at50557         -            210    0.0012   17.1   0.1   3   3    0.0074       0.5    8.6   0.0   142   179    98   137    90   153 0.81 -
90358at50557_7070_0:00173e|STRG.13622.4:2432-3028|+     -            199 81462at50557         -            210    0.0013   17.1   0.1   1   2    0.0059       0.4    8.9   0.1   139   166    31    58    14    64 0.79 -
90358at50557_7070_0:00173e|STRG.13622.4:2432-3028|+     -            199 81462at50557         -            210    0.0013   17.1   0.1   2   2     0.054       3.6    5.8   0.0   130   175   102   152    68   177 0.71 -
40115at50557_123851_0:00295a|STRG.12074.1:1953-2921|+   -            323 81462at50557         -            210    0.0013   17.0   0.0   1   3   0.00062     0.042   12.1   0.0   142   172   172   202   156   219 0.84 -
40115at50557_123851_0:00295a|STRG.12074.1:1953-2921|+   -            323 81462at50557         -            210    0.0013   17.0   0.0   2   3       5.5   3.7e+02   -0.8   0.0   143   165   222   244   218   249 0.85 -
40115at50557_123851_0:00295a|STRG.12074.1:1953-2921|+   -            323 81462at50557         -            210    0.0013   17.0   0.0   3   3         2   1.3e+02    0.7   0.0   130   158   247   279   225   285 0.75 -
40115at50557_123851_0:00295a|STRG.12074.2:1875-2843|+   -            323 81462at50557         -            210    0.0013   17.0   0.0   1   3   0.00062     0.042   12.1   0.0   142   172   172   202   156   219 0.84 -
40115at50557_123851_0:00295a|STRG.12074.2:1875-2843|+   -            323 81462at50557         -            210    0.0013   17.0   0.0   2   3       5.5   3.7e+02   -0.8   0.0   143   165   222   244   218   249 0.85 -
40115at50557_123851_0:00295a|STRG.12074.2:1875-2843|+   -            323 81462at50557         -            210    0.0013   17.0   0.0   3   3         2   1.3e+02    0.7   0.0   130   158   247   279   225   285 0.75 -
40115at50557_123851_0:00295a|STRG.12074.4:1792-2760|+   -            323 81462at50557         -            210    0.0013   17.0   0.0   1   3   0.00062     0.042   12.1   0.0   142   172   172   202   156   219 0.84 -
40115at50557_123851_0:00295a|STRG.12074.4:1792-2760|+   -            323 81462at50557         -            210    0.0013   17.0   0.0   2   3       5.5   3.7e+02   -0.8   0.0   143   165   222   244   218   249 0.85 -
40115at50557_123851_0:00295a|STRG.12074.4:1792-2760|+   -            323 81462at50557         -            210    0.0013   17.0   0.0   3   3         2   1.3e+02    0.7   0.0   130   158   247   279   225   285 0.75 -
77772at50557_1041015_0:0039a4|STRG.15109.1:271-747|+    -            159 81462at50557         -            210    0.0013   17.0   0.1   1   2      0.65        44    2.2   0.1   142   160    21    39    17    49 0.83 -
77772at50557_1041015_0:0039a4|STRG.15109.1:271-747|+    -            159 81462at50557         -            210    0.0013   17.0   0.1   2   2   0.00081     0.055   11.7   0.0   138   169    98   129    55   137 0.78 -
77772at50557_1041015_0:0039a4|STRG.15109.2:106-582|+    -            159 81462at50557         -            210    0.0013   17.0   0.1   1   2      0.65        44    2.2   0.1   142   160    21    39    17    49 0.83 -
77772at50557_1041015_0:0039a4|STRG.15109.2:106-582|+    -            159 81462at50557         -            210    0.0013   17.0   0.1   2   2   0.00081     0.055   11.7   0.0   138   169    98   129    55   137 0.78 -
25500at50557_121845_0:000041|STRG.14386.1:502-1215|+    -            238 81462at50557         -            210    0.0021   16.3   1.0   1   3     0.023       1.5    7.0   0.1   109   167    23    81    14    87 0.80 -
25500at50557_121845_0:000041|STRG.14386.1:502-1215|+    -            238 81462at50557         -            210    0.0021   16.3   1.0   2   3       1.4        96    1.1   0.0   141   164    98   121    80   142 0.73 -
25500at50557_121845_0:000041|STRG.14386.1:502-1215|+    -            238 81462at50557         -            210    0.0021   16.3   1.0   3   3     0.078       5.3    5.3   0.1   142   180   142   182   138   225 0.73 -
25500at50557_121845_0:000041|STRG.14386.2:189-902|+     -            238 81462at50557         -            210    0.0021   16.3   1.0   1   3     0.023       1.5    7.0   0.1   109   167    23    81    14    87 0.80 -
25500at50557_121845_0:000041|STRG.14386.2:189-902|+     -            238 81462at50557         -            210    0.0021   16.3   1.0   2   3       1.4        96    1.1   0.0   141   164    98   121    80   142 0.73 -
25500at50557_121845_0:000041|STRG.14386.2:189-902|+     -            238 81462at50557         -            210    0.0021   16.3   1.0   3   3     0.078       5.3    5.3   0.1   142   180   142   182   138   225 0.73 -
56099at50557_34720_0:001a91|STRG.18490.2:727-1425|+     -            233 81462at50557         -            210    0.0024   16.2   0.7   1   4       1.1        74    1.5   0.0   149   179     5    36     1    44 0.72 -
56099at50557_34720_0:001a91|STRG.18490.2:727-1425|+     -            233 81462at50557         -            210    0.0024   16.2   0.7   2   4       1.4        96    1.1   0.0   145   164    43    62    35    73 0.76 -
56099at50557_34720_0:001a91|STRG.18490.2:727-1425|+     -            233 81462at50557         -            210    0.0024   16.2   0.7   3   4      0.12       8.3    4.6   0.0   142   159    83   100    78   106 0.85 -
56099at50557_34720_0:001a91|STRG.18490.2:727-1425|+     -            233 81462at50557         -            210    0.0024   16.2   0.7   4   4      0.14       9.7    4.4   0.0   122   162   106   146   100   153 0.80 -
31374at50557_103372_0:0017b9|STRG.8335.1:0-1955|+       -            652 81462at50557         -            210    0.0028   15.9   1.2   1   3       1.5        99    1.1   0.0   141   167   408   434   395   449 0.76 -
31374at50557_103372_0:0017b9|STRG.8335.1:0-1955|+       -            652 81462at50557         -            210    0.0028   15.9   1.2   2   3     0.042       2.9    6.1   0.1   140   164   491   515   431   532 0.68 -
31374at50557_103372_0:0017b9|STRG.8335.1:0-1955|+       -            652 81462at50557         -            210    0.0028   15.9   1.2   3   3     0.097       6.6    4.9   0.0   132   161   563   596   555   605 0.74 -
57752at50557_219809_0:0011a2|STRG.15605.4:475-1200|+    -            242 81462at50557         -            210     0.003   15.8   0.5   1   3       5.6   3.8e+02   -0.8   0.0   143   164    40    60    19    68 0.67 -
57752at50557_219809_0:0011a2|STRG.15605.4:475-1200|+    -            242 81462at50557         -            210     0.003   15.8   0.5   2   3      0.25        17    3.6   0.0   138   164    99   124    92   130 0.80 -
57752at50557_219809_0:0011a2|STRG.15605.4:475-1200|+    -            242 81462at50557         -            210     0.003   15.8   0.5   3   3     0.012      0.84    7.9   0.0   132   168   173   211   169   231 0.84 -
48053at50557_121845_0:002b56|STRG.4092.1:67-384|+       -            106 81462at50557         -            210    0.0039   15.5   0.0   1   2      0.23        16    3.7   0.0   144   165    13    34     6    43 0.83 -
48053at50557_121845_0:002b56|STRG.4092.1:67-384|+       -            106 81462at50557         -            210    0.0039   15.5   0.0   2   2    0.0022      0.15   10.3   0.0   142   167    53    78    37    91 0.79 -
80377at50557_454923_0:001015|STRG.15839.1:158-937|+     -            260 81462at50557         -            210     0.006   14.9   0.8   1   2     0.018       1.2    7.3   0.1   136   162    60    86    51    99 0.79 -
80377at50557_454923_0:001015|STRG.15839.1:158-937|+     -            260 81462at50557         -            210     0.006   14.9   0.8   2   2      0.12       8.4    4.6   0.0   137   158   103   124    87   140 0.77 -
48053at50557_13249_0:0016bb|STRG.3888.1:612-1586|+      -            325 81462at50557         -            210    0.0079   14.5   2.5   1   4       5.3   3.6e+02   -0.7   0.0   141   161    83   103    65   116 0.77 -
48053at50557_13249_0:0016bb|STRG.3888.1:612-1586|+      -            325 81462at50557         -            210    0.0079   14.5   2.5   2   4     0.049       3.3    5.9   0.0   143   168   128   153   107   158 0.85 -
48053at50557_13249_0:0016bb|STRG.3888.1:612-1586|+      -            325 81462at50557         -            210    0.0079   14.5   2.5   3   4      0.29        20    3.4   0.0   141   165   170   194   169   201 0.85 -
48053at50557_13249_0:0016bb|STRG.3888.1:612-1586|+      -            325 81462at50557         -            210    0.0079   14.5   2.5   4   4       1.2        82    1.4   0.1   140   162   301   323   254   325 0.75 -
43719at50557_456900_0:000a8d|STRG.11910.1:0-2084|+      -            695 81462at50557         -            210    0.0086   14.4   0.2   1   2    0.0011     0.075   11.3   0.0   136   170   106   140    94   150 0.82 -
43719at50557_456900_0:000a8d|STRG.11910.1:0-2084|+      -            695 81462at50557         -            210    0.0086   14.4   0.2   2   2       3.8   2.5e+02   -0.2   0.0   142   163   155   176   150   186 0.83 -
78072at50557_66420_0:0007fa|STRG.12625.1:111-863|+      -            251 81462at50557         -            210     0.013   13.8   0.1   1   2     0.012      0.81    7.9   0.0   130   168     6    46     3    84 0.86 -
78072at50557_66420_0:0007fa|STRG.12625.1:111-863|+      -            251 81462at50557         -            210     0.013   13.8   0.1   2   2      0.28        19    3.4   0.0    27    69   207   249   182   251 0.78 -
119132at50557_456900_0:001fe4|STRG.13700.1:0-992|+      -            331 81462at50557         -            210     0.013   13.7   0.1   1   1   0.00091     0.061   11.6   0.1   127   167   156   198    91   209 0.74 -
34006at50557_520822_0:000571|STRG.13550.1:0-1967|+      -            656 81462at50557         -            210     0.014   13.7   0.3   1   5       3.9   2.6e+02   -0.3   0.0   143   162   201   220   188   228 0.85 -
34006at50557_520822_0:000571|STRG.13550.1:0-1967|+      -            656 81462at50557         -            210     0.014   13.7   0.3   2   5       5.6   3.8e+02   -0.8   0.0   119   168   274   328   270   347 0.73 -
34006at50557_520822_0:000571|STRG.13550.1:0-1967|+      -            656 81462at50557         -            210     0.014   13.7   0.3   3   5       3.7   2.5e+02   -0.2   0.0   143   160   351   368   337   380 0.83 -
34006at50557_520822_0:000571|STRG.13550.1:0-1967|+      -            656 81462at50557         -            210     0.014   13.7   0.3   4   5      0.03         2    6.6   0.0   141   163   396   418   374   438 0.76 -
34006at50557_520822_0:000571|STRG.13550.1:0-1967|+      -            656 81462at50557         -            210     0.014   13.7   0.3   5   5       6.5   4.4e+02   -1.0   0.0   155   185   466   497   428   510 0.74 -
80377at50557_108931_0:002353|STRG.11711.1:2268-2888|+   -            207 81462at50557         -            210     0.017   13.4   0.1   1   1    0.0007     0.047   12.0   0.1   136   164    45    73    30    82 0.81 -
80377at50557_108931_0:002353|STRG.11711.2:1851-2471|+   -            207 81462at50557         -            210     0.017   13.4   0.1   1   1    0.0007     0.047   12.0   0.1   136   164    45    73    30    82 0.81 -
80377at50557_108931_0:002353|STRG.11711.3:2372-2992|+   -            207 81462at50557         -            210     0.017   13.4   0.1   1   1    0.0007     0.047   12.0   0.1   136   164    45    73    30    82 0.81 -
68325at50557_34720_0:0013d3|STRG.12880.2:0-1070|+       -            357 81462at50557         -            210     0.019   13.3   0.0   1   3         6   4.1e+02   -0.9   0.0    54    70    82    98    66   121 0.68 -
68325at50557_34720_0:0013d3|STRG.12880.2:0-1070|+       -            357 81462at50557         -            210     0.019   13.3   0.0   2   3     0.063       4.3    5.6   0.0   143   162   131   150   120   159 0.84 -
68325at50557_34720_0:0013d3|STRG.12880.2:0-1070|+       -            357 81462at50557         -            210     0.019   13.3   0.0   3   3      0.28        19    3.5   0.0   116   176   187   216   166   298 0.55 -
80377at50557_1049336_0:003ca8|STRG.2058.1:905-1678|+    -            258 81462at50557         -            210     0.025   12.8   0.1   1   3     0.047       3.2    6.0   0.0   139   163     3    27     1    64 0.82 -
80377at50557_1049336_0:003ca8|STRG.2058.1:905-1678|+    -            258 81462at50557         -            210     0.025   12.8   0.1   2   3       1.3        89    1.2   0.0    77   137    69   129    44   135 0.76 -
80377at50557_1049336_0:003ca8|STRG.2058.1:905-1678|+    -            258 81462at50557         -            210     0.025   12.8   0.1   3   3      0.73        49    2.1   0.0   141   179   154   194   142   214 0.79 -
80377at50557_1049336_0:003ca8|STRG.2058.2:795-1568|+    -            258 81462at50557         -            210     0.025   12.8   0.1   1   3     0.047       3.2    6.0   0.0   139   163     3    27     1    64 0.82 -
80377at50557_1049336_0:003ca8|STRG.2058.2:795-1568|+    -            258 81462at50557         -            210     0.025   12.8   0.1   2   3       1.3        89    1.2   0.0    77   137    69   129    44   135 0.76 -
80377at50557_1049336_0:003ca8|STRG.2058.2:795-1568|+    -            258 81462at50557         -            210     0.025   12.8   0.1   3   3      0.73        49    2.1   0.0   141   179   154   194   142   214 0.79 -
80377at50557_1049336_0:003ca8|STRG.2058.3:884-1657|+    -            258 81462at50557         -            210     0.025   12.8   0.1   1   3     0.047       3.2    6.0   0.0   139   163     3    27     1    64 0.82 -
80377at50557_1049336_0:003ca8|STRG.2058.3:884-1657|+    -            258 81462at50557         -            210     0.025   12.8   0.1   2   3       1.3        89    1.2   0.0    77   137    69   129    44   135 0.76 -
80377at50557_1049336_0:003ca8|STRG.2058.3:884-1657|+    -            258 81462at50557         -            210     0.025   12.8   0.1   3   3      0.73        49    2.1   0.0   141   179   154   194   142   214 0.79 -
80377at50557_1049336_0:003ca8|STRG.2058.4:824-1597|+    -            258 81462at50557         -            210     0.025   12.8   0.1   1   3     0.047       3.2    6.0   0.0   139   163     3    27     1    64 0.82 -
80377at50557_1049336_0:003ca8|STRG.2058.4:824-1597|+    -            258 81462at50557         -            210     0.025   12.8   0.1   2   3       1.3        89    1.2   0.0    77   137    69   129    44   135 0.76 -
80377at50557_1049336_0:003ca8|STRG.2058.4:824-1597|+    -            258 81462at50557         -            210     0.025   12.8   0.1   3   3      0.73        49    2.1   0.0   141   179   154   194   142   214 0.79 -
80377at50557_1049336_0:003ca8|STRG.2058.5:908-1681|+    -            258 81462at50557         -            210     0.025   12.8   0.1   1   3     0.047       3.2    6.0   0.0   139   163     3    27     1    64 0.82 -
80377at50557_1049336_0:003ca8|STRG.2058.5:908-1681|+    -            258 81462at50557         -            210     0.025   12.8   0.1   2   3       1.3        89    1.2   0.0    77   137    69   129    44   135 0.76 -
80377at50557_1049336_0:003ca8|STRG.2058.5:908-1681|+    -            258 81462at50557         -            210     0.025   12.8   0.1   3   3      0.73        49    2.1   0.0   141   179   154   194   142   214 0.79 -
80377at50557_1049336_0:003ca8|STRG.2058.6:845-1618|+    -            258 81462at50557         -            210     0.025   12.8   0.1   1   3     0.047       3.2    6.0   0.0   139   163     3    27     1    64 0.82 -
80377at50557_1049336_0:003ca8|STRG.2058.6:845-1618|+    -            258 81462at50557         -            210     0.025   12.8   0.1   2   3       1.3        89    1.2   0.0    77   137    69   129    44   135 0.76 -
80377at50557_1049336_0:003ca8|STRG.2058.6:845-1618|+    -            258 81462at50557         -            210     0.025   12.8   0.1   3   3      0.73        49    2.1   0.0   141   179   154   194   142   214 0.79 -
80377at50557_1049336_0:003ca8|STRG.2058.7:1442-2215|+   -            258 81462at50557         -            210     0.025   12.8   0.1   1   3     0.047       3.2    6.0   0.0   139   163     3    27     1    64 0.82 -
80377at50557_1049336_0:003ca8|STRG.2058.7:1442-2215|+   -            258 81462at50557         -            210     0.025   12.8   0.1   2   3       1.3        89    1.2   0.0    77   137    69   129    44   135 0.76 -
80377at50557_1049336_0:003ca8|STRG.2058.7:1442-2215|+   -            258 81462at50557         -            210     0.025   12.8   0.1   3   3      0.73        49    2.1   0.0   141   179   154   194   142   214 0.79 -
14512at50557_1218281_0:002752|STRG.15828.1:672-1052|+   -            127 81462at50557         -            210     0.025   12.8   0.1   1   2       1.4        98    1.1   0.0    81   102     2    23     1    41 0.76 -
14512at50557_1218281_0:002752|STRG.15828.1:672-1052|+   -            127 81462at50557         -            210     0.025   12.8   0.1   2   2    0.0019      0.13   10.5   0.0   142   175    42    77    23   104 0.68 -
14512at50557_1218281_0:002752|STRG.15828.2:842-1222|+   -            127 81462at50557         -            210     0.025   12.8   0.1   1   2       1.4        98    1.1   0.0    81   102     2    23     1    41 0.76 -
14512at50557_1218281_0:002752|STRG.15828.2:842-1222|+   -            127 81462at50557         -            210     0.025   12.8   0.1   2   2    0.0019      0.13   10.5   0.0   142   175    42    77    23   104 0.68 -
14512at50557_1218281_0:002752|STRG.15828.4:707-1087|+   -            127 81462at50557         -            210     0.025   12.8   0.1   1   2       1.4        98    1.1   0.0    81   102     2    23     1    41 0.76 -
14512at50557_1218281_0:002752|STRG.15828.4:707-1087|+   -            127 81462at50557         -            210     0.025   12.8   0.1   2   2    0.0019      0.13   10.5   0.0   142   175    42    77    23   104 0.68 -
31374at50557_197043_0:003de5|STRG.13802.1:192-809|+     -            206 81462at50557         -            210     0.028   12.7   0.3   1   2      0.18        12    4.0   0.0   139   165    29    55     4    71 0.75 -
31374at50557_197043_0:003de5|STRG.13802.1:192-809|+     -            206 81462at50557         -            210     0.028   12.7   0.3   2   2      0.04       2.7    6.2   0.1   141   167   157   183    75   190 0.75 -
80377at50557_116153_0:0002e6|STRG.955.2:2834-3547|+     -            238 81462at50557         -            210     0.028   12.7   0.1   1   1    0.0014     0.094   11.0   0.1   127   167    81   125    50   159 0.77 -
80377at50557_39758_0:001a6c|STRG.989.1:599-1360|+       -            254 81462at50557         -            210     0.028   12.7   0.1   1   1    0.0013     0.087   11.1   0.1   127   167    96   140    69   186 0.74 -
80377at50557_39758_0:001a6c|STRG.989.2:1048-1809|+      -            254 81462at50557         -            210     0.028   12.7   0.1   1   1    0.0013     0.087   11.1   0.1   127   167    96   140    69   186 0.74 -
80377at50557_39758_0:001a6c|STRG.989.3:931-1692|+       -            254 81462at50557         -            210     0.028   12.7   0.1   1   1    0.0013     0.087   11.1   0.1   127   167    96   140    69   186 0.74 -
80377at50557_39758_0:001a6c|STRG.989.4:856-1617|+       -            254 81462at50557         -            210     0.028   12.7   0.1   1   1    0.0013     0.087   11.1   0.1   127   167    96   140    69   186 0.74 -
80377at50557_39758_0:001a6c|STRG.989.5:823-1584|+       -            254 81462at50557         -            210     0.028   12.7   0.1   1   1    0.0013     0.087   11.1   0.1   127   167    96   140    69   186 0.74 -
90358at50557_1049336_0:001923|STRG.9618.1:8472-9167|+   -            232 81462at50557         -            210     0.032   12.5   0.5   1   2      0.66        45    2.2   0.0   116   158    23    62    10    73 0.78 -
90358at50557_1049336_0:001923|STRG.9618.1:8472-9167|+   -            232 81462at50557         -            210     0.032   12.5   0.5   2   2      0.01      0.68    8.2   0.0   130   160   195   229   158   232 0.63 -
90358at50557_1049336_0:001923|STRG.9618.3:11641-12336|+ -            232 81462at50557         -            210     0.032   12.5   0.5   1   2      0.66        45    2.2   0.0   116   158    23    62    10    73 0.78 -
90358at50557_1049336_0:001923|STRG.9618.3:11641-12336|+ -            232 81462at50557         -            210     0.032   12.5   0.5   2   2      0.01      0.68    8.2   0.0   130   160   195   229   158   232 0.63 -
90358at50557_1049336_0:001923|STRG.9618.4:11809-12504|+ -            232 81462at50557         -            210     0.032   12.5   0.5   1   2      0.66        45    2.2   0.0   116   158    23    62    10    73 0.78 -
90358at50557_1049336_0:001923|STRG.9618.4:11809-12504|+ -            232 81462at50557         -            210     0.032   12.5   0.5   2   2      0.01      0.68    8.2   0.0   130   160   195   229   158   232 0.63 -
90358at50557_1049336_0:001923|STRG.9618.5:11899-12594|+ -            232 81462at50557         -            210     0.032   12.5   0.5   1   2      0.66        45    2.2   0.0   116   158    23    62    10    73 0.78 -
90358at50557_1049336_0:001923|STRG.9618.5:11899-12594|+ -            232 81462at50557         -            210     0.032   12.5   0.5   2   2      0.01      0.68    8.2   0.0   130   160   195   229   158   232 0.63 -
90358at50557_1049336_0:001923|STRG.9618.6:11063-11758|+ -            232 81462at50557         -            210     0.032   12.5   0.5   1   2      0.66        45    2.2   0.0   116   158    23    62    10    73 0.78 -
90358at50557_1049336_0:001923|STRG.9618.6:11063-11758|+ -            232 81462at50557         -            210     0.032   12.5   0.5   2   2      0.01      0.68    8.2   0.0   130   160   195   229   158   232 0.63 -
14512at50557_197043_0:0050fb|STRG.15828.3:827-1021|+    -             65 81462at50557         -            210     0.035   12.4   0.2   1   2      0.27        18    3.5   0.0    81   103     7    29     3    43 0.76 -
14512at50557_197043_0:0050fb|STRG.15828.3:827-1021|+    -             65 81462at50557         -            210     0.035   12.4   0.2   2   2    0.0092      0.63    8.3   0.1   142   160    47    65    28    65 0.74 -
68325at50557_67767_0:000b09|STRG.12880.1:68-1025|+      -            312 81462at50557         -            210     0.036   12.3   0.0   1   2     0.051       3.4    5.9   0.0   143   162    86   105    73   114 0.84 -
68325at50557_67767_0:000b09|STRG.12880.1:68-1025|+      -            312 81462at50557         -            210     0.036   12.3   0.0   2   2      0.22        15    3.8   0.0   116   176   142   171   121   253 0.55 -
80377at50557_39758_0:001a6c|STRG.955.1:2786-3556|+      -            257 81462at50557         -            210     0.037   12.3   0.3   1   1    0.0015       0.1   10.8   0.1   127   167    99   143    74   186 0.76 -
80377at50557_39758_0:001a6c|STRG.955.3:2891-3661|+      -            257 81462at50557         -            210     0.037   12.3   0.3   1   1    0.0015       0.1   10.8   0.1   127   167    99   143    74   186 0.76 -
80377at50557_39758_0:001a6c|STRG.955.5:2756-3526|+      -            257 81462at50557         -            210     0.037   12.3   0.3   1   1    0.0015       0.1   10.8   0.1   127   167    99   143    74   186 0.76 -
80377at50557_39758_0:001a6c|STRG.955.6:1581-2351|+      -            257 81462at50557         -            210     0.037   12.3   0.3   1   1    0.0015       0.1   10.8   0.1   127   167    99   143    74   186 0.76 -
80377at50557_39758_0:001a6c|STRG.955.7:1666-2436|+      -            257 81462at50557         -            210     0.037   12.3   0.3   1   1    0.0015       0.1   10.8   0.1   127   167    99   143    74   186 0.76 -
33043at50557_568069_0:003d26|STRG.5325.1:635-2770|+     -            712 81462at50557         -            210     0.041   12.2   5.0   1   5       6.1   4.2e+02   -0.9   0.0   143   157    16    30     5    33 0.88 -
33043at50557_568069_0:003d26|STRG.5325.1:635-2770|+     -            712 81462at50557         -            210     0.041   12.2   5.0   2   5     0.044         3    6.1   0.1   132   171    48    91    45   134 0.80 -
33043at50557_568069_0:003d26|STRG.5325.1:635-2770|+     -            712 81462at50557         -            210     0.041   12.2   5.0   3   5       1.2        80    1.4   0.0   142   159   309   326   295   347 0.80 -
33043at50557_568069_0:003d26|STRG.5325.1:635-2770|+     -            712 81462at50557         -            210     0.041   12.2   5.0   4   5       4.2   2.8e+02   -0.4   0.0   131   158   377   407   351   414 0.79 -
33043at50557_568069_0:003d26|STRG.5325.1:635-2770|+     -            712 81462at50557         -            210     0.041   12.2   5.0   5   5       4.1   2.8e+02   -0.4   0.0   144   166   490   512   486   557 0.69 -
#
# Program:         hmmsearch
# Version:         3.4 (Aug 2023)
# Pipeline mode:   SEARCH
# Query file:      /data/projet1/projet_tutore/busco_downloads/lineages/insecta_odb10/hmms/81462at50557.hmm
# Target file:     annotation_analysis/annotation_gca/T_zeteki/busco_output/run_insecta_odb10/metaeuk_output/initial_results/assembled_transcripts.fasta.modified.fas
# Option settings: hmmsearch --domtblout annotation_analysis/annotation_gca/T_zeteki/busco_output/run_insecta_odb10/hmmer_output/initial_run_results/81462at50557.out --cpu 1 /data/projet1/projet_tutore/busco_downloads/lineages/insecta_odb10/hmms/81462at50557.hmm annotation_analysis/annotation_gca/T_zeteki/busco_output/run_insecta_odb10/metaeuk_output/initial_results/assembled_transcripts.fasta.modified.fas 
# Current dir:     /data/projet1/projet_tutore
# Date:            Sun Dec  1 17:36:40 2024
# [ok]
