#                                                                                                             --- full sequence --- -------------- this domain -------------   hmm coord   ali coord   env coord
# target name                                         accession   tlen query name           accession   qlen   E-value  score  bias   #  of  c-Evalue  i-Evalue  score  bias  from    to  from    to  from    to  acc description of target
#                                 ------------------- ---------- ----- -------------------- ---------- ----- --------- ------ ----- --- --- --------- --------- ------ ----- ----- ----- ----- ----- ----- ----- ---- ---------------------
8717at50557_103372_0:0008b5|STRG.7203.1:397-4644|+    -           1416 8717at50557          -           1025         0 1912.8  22.7   1   6    0.0013      0.15    8.4   0.0    72   146    12    85     7    97 0.91 -
8717at50557_103372_0:0008b5|STRG.7203.1:397-4644|+    -           1416 8717at50557          -           1025         0 1912.8  22.7   2   6  7.4e-259  8.7e-257  853.5   1.0     1   442   161   617   161   651 0.94 -
8717at50557_103372_0:0008b5|STRG.7203.1:397-4644|+    -           1416 8717at50557          -           1025         0 1912.8  22.7   3   6   9.6e-10   1.1e-07   28.7   0.1   439   475   662   697   650   706 0.81 -
8717at50557_103372_0:0008b5|STRG.7203.1:397-4644|+    -           1416 8717at50557          -           1025         0 1912.8  22.7   4   6  1.3e-295  1.5e-293  975.1   0.6   469   929   718  1214   713  1235 0.93 -
8717at50557_103372_0:0008b5|STRG.7203.1:397-4644|+    -           1416 8717at50557          -           1025         0 1912.8  22.7   5   6   4.7e-14   5.5e-12   43.0   5.5   933   984  1249  1305  1234  1324 0.85 -
8717at50557_103372_0:0008b5|STRG.7203.1:397-4644|+    -           1416 8717at50557          -           1025         0 1912.8  22.7   6   6   0.00024     0.028   10.9   0.1   968  1017  1363  1411  1351  1416 0.69 -
8717at50557_103372_0:0008b5|STRG.7203.3:397-4380|+    -           1328 8717at50557          -           1025         0 1905.3  18.2   1   4    0.0012      0.14    8.5   0.0    72   146    12    85     7    97 0.91 -
8717at50557_103372_0:0008b5|STRG.7203.3:397-4380|+    -           1328 8717at50557          -           1025         0 1905.3  18.2   2   4  6.5e-259  7.6e-257  853.6   1.0     1   442   161   617   161   651 0.94 -
8717at50557_103372_0:0008b5|STRG.7203.3:397-4380|+    -           1328 8717at50557          -           1025         0 1905.3  18.2   3   4     9e-10   1.1e-07   28.8   0.1   439   475   662   697   650   706 0.81 -
8717at50557_103372_0:0008b5|STRG.7203.3:397-4380|+    -           1328 8717at50557          -           1025         0 1905.3  18.2   4   4  3.2e-305  3.7e-303 1007.0  12.0   469   984   718  1305   713  1316 0.91 -
8717at50557_103372_0:0008b5|STRG.7203.4:397-4542|+    -           1382 8717at50557          -           1025         0 1905.1  18.2   1   4    0.0013      0.15    8.5   0.0    72   146    12    85     7    97 0.91 -
8717at50557_103372_0:0008b5|STRG.7203.4:397-4542|+    -           1382 8717at50557          -           1025         0 1905.1  18.2   2   4    7e-259  8.3e-257  853.5   1.0     1   442   161   617   161   651 0.94 -
8717at50557_103372_0:0008b5|STRG.7203.4:397-4542|+    -           1382 8717at50557          -           1025         0 1905.1  18.2   3   4   9.4e-10   1.1e-07   28.8   0.1   439   475   662   697   650   706 0.81 -
8717at50557_103372_0:0008b5|STRG.7203.4:397-4542|+    -           1382 8717at50557          -           1025         0 1905.1  18.2   4   4  3.1e-305  3.6e-303 1007.0  12.0   469   984   718  1305   713  1327 0.91 -
8717at50557_103372_0:0008b5|STRG.7203.2:397-4263|+    -           1289 8717at50557          -           1025         0 1885.1  14.2   1   4    0.0012      0.14    8.6   0.0    72   146    12    85     7    97 0.91 -
8717at50557_103372_0:0008b5|STRG.7203.2:397-4263|+    -           1289 8717at50557          -           1025         0 1885.1  14.2   2   4  6.1e-259  7.2e-257  853.7   1.0     1   442   161   617   161   651 0.94 -
8717at50557_103372_0:0008b5|STRG.7203.2:397-4263|+    -           1289 8717at50557          -           1025         0 1885.1  14.2   3   4   8.7e-10     1e-07   28.9   0.1   439   475   662   697   650   706 0.81 -
8717at50557_103372_0:0008b5|STRG.7203.2:397-4263|+    -           1289 8717at50557          -           1025         0 1885.1  14.2   4   4  4.4e-299  5.2e-297  986.6   8.0   469   968   718  1289   713  1289 0.92 -
8717at50557_67767_0:001727|STRG.7203.5:669-2528|+     -            620 8717at50557          -           1025  9.8e-284  942.7  11.3   1   3    8e-260  9.4e-258  856.6   0.9     1   442     8   464     8   501 0.94 -
8717at50557_67767_0:001727|STRG.7203.5:669-2528|+     -            620 8717at50557          -           1025  9.8e-284  942.7  11.3   2   3   3.7e-10   4.3e-08   30.1   0.1   439   475   509   544   497   553 0.81 -
8717at50557_67767_0:001727|STRG.7203.5:669-2528|+     -            620 8717at50557          -           1025  9.8e-284  942.7  11.3   3   3   7.6e-20     9e-18   62.2   0.7   469   517   565   620   560   620 0.86 -
8717at50557_197043_0:000907|STRG.7199.1:1399-2127|+   -            243 8717at50557          -           1025   1.6e-28   97.8   0.2   1   1   1.5e-30   1.7e-28   97.7   0.2   583   785    22   243     1   243 0.80 -
18453at50557_143948_0:00210e|STRG.757.1:276-1220|+    -            315 8717at50557          -           1025   1.3e-24   84.8   3.5   1   3     0.054       6.3    3.1   0.1   282   309     3    34     1    69 0.64 -
18453at50557_143948_0:00210e|STRG.757.1:276-1220|+    -            315 8717at50557          -           1025   1.3e-24   84.8   3.5   2   3     6e-26   7.1e-24   82.4   0.4   600   802    83   288    74   303 0.90 -
18453at50557_143948_0:00210e|STRG.757.1:276-1220|+    -            315 8717at50557          -           1025   1.3e-24   84.8   3.5   3   3      0.76        90   -0.7   0.0   848   877   286   315   284   315 0.94 -
18453at50557_79782_0:0020f7|STRG.4462.1:196-1275|+    -            360 8717at50557          -           1025   3.7e-22   76.7   2.0   1   2     0.073       8.6    2.6   0.2   245   272     7    33     2   116 0.68 -
18453at50557_79782_0:0020f7|STRG.4462.1:196-1275|+    -            360 8717at50557          -           1025   3.7e-22   76.7   2.0   2   2   3.2e-23   3.8e-21   73.4   0.1   594   777   125   308   117   311 0.87 -
18453at50557_286706_0:000c3a|STRG.5022.1:2156-3559|+  -            468 8717at50557          -           1025   5.7e-22   76.1   6.4   1   3      0.27        31    0.8   0.0   231   264    55    87    30   101 0.69 -
18453at50557_286706_0:000c3a|STRG.5022.1:2156-3559|+  -            468 8717at50557          -           1025   5.7e-22   76.1   6.4   2   3   3.8e-05    0.0044   13.5   0.4   276   319   133   176    84   200 0.79 -
18453at50557_286706_0:000c3a|STRG.5022.1:2156-3559|+  -            468 8717at50557          -           1025   5.7e-22   76.1   6.4   3   3   2.2e-20   2.6e-18   64.0   0.4   593   804   216   430   212   436 0.88 -
18453at50557_286706_0:000c3a|STRG.5022.2:2203-3606|+  -            468 8717at50557          -           1025   5.7e-22   76.1   6.4   1   3      0.27        31    0.8   0.0   231   264    55    87    30   101 0.69 -
18453at50557_286706_0:000c3a|STRG.5022.2:2203-3606|+  -            468 8717at50557          -           1025   5.7e-22   76.1   6.4   2   3   3.8e-05    0.0044   13.5   0.4   276   319   133   176    84   200 0.79 -
18453at50557_286706_0:000c3a|STRG.5022.2:2203-3606|+  -            468 8717at50557          -           1025   5.7e-22   76.1   6.4   3   3   2.2e-20   2.6e-18   64.0   0.4   593   804   216   430   212   436 0.88 -
18453at50557_144034_0:000e71|STRG.10096.3:605-2707|+  -            701 8717at50557          -           1025     1e-13   48.8   8.6   1   3   0.00057     0.067    9.6   0.0   226   273    54   100    42   152 0.88 -
18453at50557_144034_0:000e71|STRG.10096.3:605-2707|+  -            701 8717at50557          -           1025     1e-13   48.8   8.6   2   3   5.4e-13   6.3e-11   39.5   0.1   607   746   211   355   202   361 0.78 -
18453at50557_144034_0:000e71|STRG.10096.3:605-2707|+  -            701 8717at50557          -           1025     1e-13   48.8   8.6   3   3     0.039       4.6    3.6   0.0   747   779   388   421   383   438 0.86 -
18453at50557_411798_0:002eea|STRG.10096.2:635-2767|+  -            711 8717at50557          -           1025   1.1e-13   48.6   8.7   1   3   0.00058     0.068    9.6   0.0   226   273    64   110    52   162 0.88 -
18453at50557_411798_0:002eea|STRG.10096.2:635-2767|+  -            711 8717at50557          -           1025   1.1e-13   48.6   8.7   2   3   5.5e-13   6.5e-11   39.5   0.1   607   746   221   365   212   371 0.78 -
18453at50557_411798_0:002eea|STRG.10096.2:635-2767|+  -            711 8717at50557          -           1025   1.1e-13   48.6   8.7   3   3     0.039       4.6    3.5   0.0   747   779   398   431   393   448 0.86 -
18453at50557_144034_0:000e71|STRG.10096.4:0-2288|+    -            763 8717at50557          -           1025   2.2e-13   47.7   9.2   1   3   0.00063     0.075    9.5   0.0   226   273   116   162   104   214 0.88 -
18453at50557_144034_0:000e71|STRG.10096.4:0-2288|+    -            763 8717at50557          -           1025   2.2e-13   47.7   9.2   2   3   6.2e-13   7.2e-11   39.3   0.1   607   746   273   417   264   423 0.78 -
18453at50557_144034_0:000e71|STRG.10096.4:0-2288|+    -            763 8717at50557          -           1025   2.2e-13   47.7   9.2   3   3     0.043         5    3.4   0.0   747   779   450   483   445   500 0.86 -
102616at50557_197043_0:0010e9|STRG.9699.2:1303-1548|+ -             82 8717at50557          -           1025   1.7e-10   38.1   0.0   1   1   1.7e-12     2e-10   37.9   0.0   342   406     7    73     2    81 0.87 -
102616at50557_197043_0:0010e9|STRG.9699.3:270-515|+   -             82 8717at50557          -           1025   1.7e-10   38.1   0.0   1   1   1.7e-12     2e-10   37.9   0.0   342   406     7    73     2    81 0.87 -
102616at50557_197043_0:0010e9|STRG.9699.4:335-580|+   -             82 8717at50557          -           1025   1.7e-10   38.1   0.0   1   1   1.7e-12     2e-10   37.9   0.0   342   406     7    73     2    81 0.87 -
102616at50557_217634_0:0021fe|STRG.9699.1:635-1162|+  -            176 8717at50557          -           1025   2.7e-10   37.4   0.0   1   1   2.6e-12     3e-10   37.3   0.0   330   406    91   167    54   175 0.84 -
132744at50557_103372_0:0003f0|STRG.15035.1:295-666|+  -            124 8717at50557          -           1025     3e-07   27.4   0.0   1   1   3.2e-09   3.7e-07   27.0   0.0   355   408    58   111    50   119 0.90 -
37657at50557_76194_0:0021a4|STRG.8373.1:3818-4054|+   -             79 8717at50557          -           1025   8.8e-07   25.8   0.0   1   1     8e-09   9.4e-07   25.7   0.0   339   405     3    70     1    76 0.83 -
37657at50557_76194_0:0021a4|STRG.8373.2:3818-4054|+   -             79 8717at50557          -           1025   8.8e-07   25.8   0.0   1   1     8e-09   9.4e-07   25.7   0.0   339   405     3    70     1    76 0.83 -
110125at50557_52612_0:003d2a|STRG.18503.1:4486-4854|+ -            123 8717at50557          -           1025   1.1e-06   25.5   0.0   1   1   9.9e-09   1.2e-06   25.4   0.0   346   427    19   100     9   115 0.84 -
110125at50557_52612_0:003d2a|STRG.18503.2:3676-4044|+ -            123 8717at50557          -           1025   1.1e-06   25.5   0.0   1   1   9.9e-09   1.2e-06   25.4   0.0   346   427    19   100     9   115 0.84 -
10394at50557_38123_0:002dad|STRG.14337.1:2739-3119|+  -            127 8717at50557          -           1025   2.5e-06   24.3   0.1   1   2    0.0013      0.15    8.5   0.0   377   426     1    53     1    73 0.81 -
10394at50557_38123_0:002dad|STRG.14337.1:2739-3119|+  -            127 8717at50557          -           1025   2.5e-06   24.3   0.1   2   2   2.1e-05    0.0025   14.4   0.0   358   404    80   127    75   127 0.90 -
10394at50557_38123_0:002dad|STRG.14337.2:2355-2735|+  -            127 8717at50557          -           1025   2.5e-06   24.3   0.1   1   2    0.0013      0.15    8.5   0.0   377   426     1    53     1    73 0.81 -
10394at50557_38123_0:002dad|STRG.14337.2:2355-2735|+  -            127 8717at50557          -           1025   2.5e-06   24.3   0.1   2   2   2.1e-05    0.0025   14.4   0.0   358   404    80   127    75   127 0.90 -
10394at50557_38123_0:002dad|STRG.14337.4:2355-2735|+  -            127 8717at50557          -           1025   2.5e-06   24.3   0.1   1   2    0.0013      0.15    8.5   0.0   377   426     1    53     1    73 0.81 -
10394at50557_38123_0:002dad|STRG.14337.4:2355-2735|+  -            127 8717at50557          -           1025   2.5e-06   24.3   0.1   2   2   2.1e-05    0.0025   14.4   0.0   358   404    80   127    75   127 0.90 -
10394at50557_38123_0:002dad|STRG.14337.6:2355-2735|+  -            127 8717at50557          -           1025   2.5e-06   24.3   0.1   1   2    0.0013      0.15    8.5   0.0   377   426     1    53     1    73 0.81 -
10394at50557_38123_0:002dad|STRG.14337.6:2355-2735|+  -            127 8717at50557          -           1025   2.5e-06   24.3   0.1   2   2   2.1e-05    0.0025   14.4   0.0   358   404    80   127    75   127 0.90 -
132744at50557_108931_0:001550|STRG.322.1:3656-3934|+  -             93 8717at50557          -           1025   2.6e-06   24.3   0.0   1   1   2.4e-08   2.9e-06   24.1   0.0   341   408    17    85     8    92 0.84 -
132744at50557_108931_0:001550|STRG.322.2:3686-3964|+  -             93 8717at50557          -           1025   2.6e-06   24.3   0.0   1   1   2.4e-08   2.9e-06   24.1   0.0   341   408    17    85     8    92 0.84 -
132744at50557_108931_0:001550|STRG.322.3:2769-3047|+  -             93 8717at50557          -           1025   2.6e-06   24.3   0.0   1   1   2.4e-08   2.9e-06   24.1   0.0   341   408    17    85     8    92 0.84 -
10394at50557_38123_0:002dad|STRG.14337.3:2355-2765|+  -            137 8717at50557          -           1025   6.3e-06   23.0   0.2   1   2     0.003      0.35    7.2   0.0   377   415     1    40     1    71 0.87 -
10394at50557_38123_0:002dad|STRG.14337.3:2355-2765|+  -            137 8717at50557          -           1025   6.3e-06   23.0   0.2   2   2   1.8e-05    0.0021   14.6   0.1   358   404    90   137    60   137 0.89 -
10394at50557_38123_0:002dad|STRG.14337.5:2628-3038|+  -            137 8717at50557          -           1025   6.3e-06   23.0   0.2   1   2     0.003      0.35    7.2   0.0   377   415     1    40     1    71 0.87 -
10394at50557_38123_0:002dad|STRG.14337.5:2628-3038|+  -            137 8717at50557          -           1025   6.3e-06   23.0   0.2   2   2   1.8e-05    0.0021   14.6   0.1   358   404    90   137    60   137 0.89 -
10394at50557_38123_0:002dad|STRG.14337.7:2355-2765|+  -            137 8717at50557          -           1025   6.3e-06   23.0   0.2   1   2     0.003      0.35    7.2   0.0   377   415     1    40     1    71 0.87 -
10394at50557_38123_0:002dad|STRG.14337.7:2355-2765|+  -            137 8717at50557          -           1025   6.3e-06   23.0   0.2   2   2   1.8e-05    0.0021   14.6   0.1   358   404    90   137    60   137 0.89 -
10394at50557_38123_0:002dad|STRG.14337.8:2628-3038|+  -            137 8717at50557          -           1025   6.3e-06   23.0   0.2   1   2     0.003      0.35    7.2   0.0   377   415     1    40     1    71 0.87 -
10394at50557_38123_0:002dad|STRG.14337.8:2628-3038|+  -            137 8717at50557          -           1025   6.3e-06   23.0   0.2   2   2   1.8e-05    0.0021   14.6   0.1   358   404    90   137    60   137 0.89 -
110125at50557_74873_0:001c94|STRG.14337.1:1209-1748|+ -            180 8717at50557          -           1025   1.1e-05   22.2   0.2   1   1   1.7e-07     2e-05   21.3   0.0   360   409     1    50     1    62 0.92 -
110125at50557_74873_0:001c94|STRG.14337.2:1098-1637|+ -            180 8717at50557          -           1025   1.1e-05   22.2   0.2   1   1   1.7e-07     2e-05   21.3   0.0   360   409     1    50     1    62 0.92 -
110125at50557_74873_0:001c94|STRG.14337.3:1098-1637|+ -            180 8717at50557          -           1025   1.1e-05   22.2   0.2   1   1   1.7e-07     2e-05   21.3   0.0   360   409     1    50     1    62 0.92 -
110125at50557_74873_0:001c94|STRG.14337.4:1098-1637|+ -            180 8717at50557          -           1025   1.1e-05   22.2   0.2   1   1   1.7e-07     2e-05   21.3   0.0   360   409     1    50     1    62 0.92 -
110125at50557_74873_0:001c94|STRG.14337.5:1098-1637|+ -            180 8717at50557          -           1025   1.1e-05   22.2   0.2   1   1   1.7e-07     2e-05   21.3   0.0   360   409     1    50     1    62 0.92 -
110125at50557_74873_0:001c94|STRG.14337.6:1098-1637|+ -            180 8717at50557          -           1025   1.1e-05   22.2   0.2   1   1   1.7e-07     2e-05   21.3   0.0   360   409     1    50     1    62 0.92 -
110125at50557_74873_0:001c94|STRG.14337.7:1098-1637|+ -            180 8717at50557          -           1025   1.1e-05   22.2   0.2   1   1   1.7e-07     2e-05   21.3   0.0   360   409     1    50     1    62 0.92 -
110125at50557_74873_0:001c94|STRG.14337.8:1098-1637|+ -            180 8717at50557          -           1025   1.1e-05   22.2   0.2   1   1   1.7e-07     2e-05   21.3   0.0   360   409     1    50     1    62 0.92 -
26432at50557_132113_0:002b60|STRG.4622.1:351-1655|+   -            435 8717at50557          -           1025   7.7e-05   19.4   0.0   1   1   8.5e-07   9.9e-05   19.0   0.0   347   414    16    85     2   114 0.84 -
37657at50557_108931_0:003065|STRG.17042.4:147-710|+   -            188 8717at50557          -           1025   8.8e-05   19.2   0.0   1   1   7.9e-07   9.3e-05   19.1   0.0   362   417    44   100    30   148 0.84 -
10394at50557_52612_0:0049a4|STRG.16055.3:1791-2753|+  -            321 8717at50557          -           1025   0.00046   16.8   0.0   1   2     7e-05    0.0082   12.6   0.0   357   408    32    84    19   131 0.81 -
10394at50557_52612_0:0049a4|STRG.16055.3:1791-2753|+  -            321 8717at50557          -           1025   0.00046   16.8   0.0   2   2      0.11        13    2.1   0.0   375   405   254   284   231   303 0.82 -
37657at50557_307658_0:001de5|STRG.17042.3:0-1610|+    -            537 8717at50557          -           1025    0.0005   16.7   0.0   1   1   5.7e-06   0.00067   16.3   0.0   362   416    93   148    80   186 0.84 -
110125at50557_103372_0:000b46|STRG.10971.1:216-947|+  -            244 8717at50557          -           1025   0.00052   16.6   0.2   1   2   4.4e-06   0.00052   16.6   0.2   350   405    28    83    13   123 0.87 -
110125at50557_103372_0:000b46|STRG.10971.1:216-947|+  -            244 8717at50557          -           1025   0.00052   16.6   0.2   2   2      0.81        96   -0.8   0.3   965  1017   141   197   113   204 0.57 -
132744at50557_319348_0:00228b|STRG.16240.3:480-656|+  -             59 8717at50557          -           1025   0.00062   16.4   0.0   1   1   5.4e-06   0.00064   16.3   0.0   360   414     1    55     1    58 0.83 -
132744at50557_319348_0:00228b|STRG.16240.6:363-539|+  -             59 8717at50557          -           1025   0.00062   16.4   0.0   1   1   5.4e-06   0.00064   16.3   0.0   360   414     1    55     1    58 0.83 -
110125at50557_69820_0:0005bb|STRG.597.1:4282-4539|+   -             86 8717at50557          -           1025   0.00088   15.9   0.0   1   1   7.9e-06   0.00093   15.8   0.0   348   404    10    71     4    80 0.82 -
110125at50557_69820_0:0005bb|STRG.597.2:4259-4516|+   -             86 8717at50557          -           1025   0.00088   15.9   0.0   1   1   7.9e-06   0.00093   15.8   0.0   348   404    10    71     4    80 0.82 -
110125at50557_7539_0:00092e|STRG.16154.1:704-1060|+   -            119 8717at50557          -           1025    0.0015   15.1   0.0   1   1   1.2e-05    0.0015   15.1   0.0   362   407    13    58     2   111 0.82 -
10394at50557_378494_0:004c1b|STRG.16055.2:1215-2030|+ -            272 8717at50557          -           1025    0.0031   14.1   0.4   1   2     0.057       6.7    3.0   0.0   348   413    10    76     5    80 0.82 -
10394at50557_378494_0:004c1b|STRG.16055.2:1215-2030|+ -            272 8717at50557          -           1025    0.0031   14.1   0.4   2   2   0.00066     0.077    9.4   0.1   356   404   223   272   210   272 0.86 -
10394at50557_378494_0:004c1b|STRG.16055.4:1215-2030|+ -            272 8717at50557          -           1025    0.0031   14.1   0.4   1   2     0.057       6.7    3.0   0.0   348   413    10    76     5    80 0.82 -
10394at50557_378494_0:004c1b|STRG.16055.4:1215-2030|+ -            272 8717at50557          -           1025    0.0031   14.1   0.4   2   2   0.00066     0.077    9.4   0.1   356   404   223   272   210   272 0.86 -
37657at50557_76194_0:0021a4|STRG.15326.1:1452-1754|+  -            101 8717at50557          -           1025    0.0067   12.9   0.0   1   1   6.3e-05    0.0074   12.8   0.0   362   410    47    95    40   101 0.89 -
37657at50557_76194_0:0021a4|STRG.15326.2:1374-1676|+  -            101 8717at50557          -           1025    0.0067   12.9   0.0   1   1   6.3e-05    0.0074   12.8   0.0   362   410    47    95    40   101 0.89 -
37657at50557_76194_0:0021a4|STRG.15326.3:2005-2307|+  -            101 8717at50557          -           1025    0.0067   12.9   0.0   1   1   6.3e-05    0.0074   12.8   0.0   362   410    47    95    40   101 0.89 -
37657at50557_76194_0:0021a4|STRG.15326.4:2706-3008|+  -            101 8717at50557          -           1025    0.0067   12.9   0.0   1   1   6.3e-05    0.0074   12.8   0.0   362   410    47    95    40   101 0.89 -
37657at50557_76194_0:0021a4|STRG.15326.5:2703-3005|+  -            101 8717at50557          -           1025    0.0067   12.9   0.0   1   1   6.3e-05    0.0074   12.8   0.0   362   410    47    95    40   101 0.89 -
37657at50557_76194_0:0021a4|STRG.15326.6:2430-2732|+  -            101 8717at50557          -           1025    0.0067   12.9   0.0   1   1   6.3e-05    0.0074   12.8   0.0   362   410    47    95    40   101 0.89 -
37657at50557_76194_0:0021a4|STRG.15326.7:1341-1643|+  -            101 8717at50557          -           1025    0.0067   12.9   0.0   1   1   6.3e-05    0.0074   12.8   0.0   362   410    47    95    40   101 0.89 -
110125at50557_7539_0:00092e|STRG.8373.1:3518-3781|+   -             88 8717at50557          -           1025      0.02   11.4   0.0   1   1   0.00018     0.021   11.3   0.0   349   408     4    64     1    74 0.90 -
110125at50557_7539_0:00092e|STRG.8373.2:3518-3781|+   -             88 8717at50557          -           1025      0.02   11.4   0.0   1   1   0.00018     0.021   11.3   0.0   349   408     4    64     1    74 0.90 -
10394at50557_7536_0:0020dc|STRG.3996.1:3800-4387|+    -            196 8717at50557          -           1025     0.021   11.3   0.0   1   2    0.0011      0.13    8.6   0.0   336   406     6    75     3    84 0.87 -
10394at50557_7536_0:0020dc|STRG.3996.1:3800-4387|+    -            196 8717at50557          -           1025     0.021   11.3   0.0   2   2      0.33        39    0.5   0.0   363   404   154   195   142   196 0.83 -
10394at50557_7536_0:0020dc|STRG.3996.2:1777-2364|+    -            196 8717at50557          -           1025     0.021   11.3   0.0   1   2    0.0011      0.13    8.6   0.0   336   406     6    75     3    84 0.87 -
10394at50557_7536_0:0020dc|STRG.3996.2:1777-2364|+    -            196 8717at50557          -           1025     0.021   11.3   0.0   2   2      0.33        39    0.5   0.0   363   404   154   195   142   196 0.83 -
10394at50557_7536_0:0020dc|STRG.3996.3:1409-1996|+    -            196 8717at50557          -           1025     0.021   11.3   0.0   1   2    0.0011      0.13    8.6   0.0   336   406     6    75     3    84 0.87 -
10394at50557_7536_0:0020dc|STRG.3996.3:1409-1996|+    -            196 8717at50557          -           1025     0.021   11.3   0.0   2   2      0.33        39    0.5   0.0   363   404   154   195   142   196 0.83 -
#
# Program:         hmmsearch
# Version:         3.4 (Aug 2023)
# Pipeline mode:   SEARCH
# Query file:      /data/projet1/projet_tutore/busco_downloads/lineages/insecta_odb10/hmms/8717at50557.hmm
# Target file:     annotation_analysis/annotation_gca/T_zeteki/busco_output/run_insecta_odb10/metaeuk_output/initial_results/assembled_transcripts.fasta.modified.fas
# Option settings: hmmsearch --domtblout annotation_analysis/annotation_gca/T_zeteki/busco_output/run_insecta_odb10/hmmer_output/initial_run_results/8717at50557.out --cpu 1 /data/projet1/projet_tutore/busco_downloads/lineages/insecta_odb10/hmms/8717at50557.hmm annotation_analysis/annotation_gca/T_zeteki/busco_output/run_insecta_odb10/metaeuk_output/initial_results/assembled_transcripts.fasta.modified.fas 
# Current dir:     /data/projet1/projet_tutore
# Date:            Sun Dec  1 17:36:52 2024
# [ok]
