#                                                                                                            --- full sequence --- -------------- this domain -------------   hmm coord   ali coord   env coord
# target name                                        accession   tlen query name           accession   qlen   E-value  score  bias   #  of  c-Evalue  i-Evalue  score  bias  from    to  from    to  from    to  acc description of target
#                                ------------------- ---------- ----- -------------------- ---------- ----- --------- ------ ----- --- --- --------- --------- ------ ----- ----- ----- ----- ----- ----- ----- ---- ---------------------
87181at50557_103372_0:000c65|STRG.11309.3:560-1975|+ -            472 87181at50557         -            228  1.1e-129  429.3   3.7   1   1  3.4e-130  2.9e-127  421.4   3.7     1   228     1   265     1   265 0.93 -
87181at50557_103372_0:000c65|STRG.11309.1:36-1573|+  -            501 87181at50557         -            228  1.4e-129  429.0   3.7   1   1    4e-130  3.4e-127  421.2   3.7     1   228    30   294    30   294 0.93 -
87181at50557_103372_0:000c65|STRG.11309.2:220-1997|+ -            570 87181at50557         -            228  5.9e-129  426.9   3.8   1   1  1.7e-129  1.5e-126  419.1   3.8     2   228   100   363    99   363 0.93 -
76908at50557_144034_0:001185|STRG.4763.1:196-7793|+  -            337 87181at50557         -            228   4.2e-23   80.6   0.3   1   1   7.3e-26   6.2e-23   80.1   0.3    49   181    71   212    45   222 0.83 -
76908at50557_76194_0:002112|STRG.4763.3:196-573|+    -            126 87181at50557         -            228   3.7e-17   61.2   0.1   1   1   4.8e-20     4e-17   61.0   0.1    48   103    70   125    40   126 0.90 -
76908at50557_7176_0:001c06|STRG.1442.1:117-626|+     -            170 87181at50557         -            228   1.7e-13   49.2   0.1   1   1   3.4e-16   2.9e-13   48.5   0.1    40   101    43   104    23   110 0.92 -
76908at50557_7176_0:001c06|STRG.1442.2:21-530|+      -            170 87181at50557         -            228   1.7e-13   49.2   0.1   1   1   3.4e-16   2.9e-13   48.5   0.1    40   101    43   104    23   110 0.92 -
6416at50557_113334_0:00380e|STRG.17007.1:339-1427|+  -            363 87181at50557         -            228   6.2e-05   21.2   8.7   1   4       1.1   9.4e+02   -2.3   0.1    73    91     2    20     1    23 0.88 -
6416at50557_113334_0:00380e|STRG.17007.1:339-1427|+  -            363 87181at50557         -            228   6.2e-05   21.2   8.7   2   4   3.2e-05     0.027   12.5   0.3    69   101    92   124    84   141 0.80 -
6416at50557_113334_0:00380e|STRG.17007.1:339-1427|+  -            363 87181at50557         -            228   6.2e-05   21.2   8.7   3   4    0.0034       2.8    5.9   0.1    67    92   194   219   188   232 0.88 -
6416at50557_113334_0:00380e|STRG.17007.1:339-1427|+  -            363 87181at50557         -            228   6.2e-05   21.2   8.7   4   4    0.0025       2.1    6.3   0.0    68    90   312   334   301   355 0.90 -
76908at50557_103372_0:001521|STRG.4763.2:341-904|+   -            188 87181at50557         -            228    0.0095   14.0   0.1   1   1   1.5e-05     0.012   13.7   0.1   143   181    46    85    15    95 0.75 -
#
# Program:         hmmsearch
# Version:         3.4 (Aug 2023)
# Pipeline mode:   SEARCH
# Query file:      /data/projet1/projet_tutore/busco_downloads/lineages/insecta_odb10/hmms/87181at50557.hmm
# Target file:     annotation_analysis/annotation_gca/T_zeteki/busco_output/run_insecta_odb10/metaeuk_output/initial_results/assembled_transcripts.fasta.modified.fas
# Option settings: hmmsearch --domtblout annotation_analysis/annotation_gca/T_zeteki/busco_output/run_insecta_odb10/hmmer_output/initial_run_results/87181at50557.out --cpu 1 /data/projet1/projet_tutore/busco_downloads/lineages/insecta_odb10/hmms/87181at50557.hmm annotation_analysis/annotation_gca/T_zeteki/busco_output/run_insecta_odb10/metaeuk_output/initial_results/assembled_transcripts.fasta.modified.fas 
# Current dir:     /data/projet1/projet_tutore
# Date:            Sun Dec  1 17:36:52 2024
# [ok]
