#                                                                                                           --- full sequence --- -------------- this domain -------------   hmm coord   ali coord   env coord
# target name                                       accession   tlen query name           accession   qlen   E-value  score  bias   #  of  c-Evalue  i-Evalue  score  bias  from    to  from    to  from    to  acc description of target
#                               ------------------- ---------- ----- -------------------- ---------- ----- --------- ------ ----- --- --- --------- --------- ------ ----- ----- ----- ----- ----- ----- ----- ---- ---------------------
91616at50557_103372_0:00137e|STRG.18247.4:0-1076|+  -            359 91616at50557         -            218   5.7e-99  328.8  14.7   1   3   5.8e-98   1.5e-94  314.3   5.5     1   175     1   186     1   194 0.96 -
91616at50557_103372_0:00137e|STRG.18247.4:0-1076|+  -            359 91616at50557         -            218   5.7e-99  328.8  14.7   2   3      0.14   3.5e+02   -0.7   0.0   174   184   214   224   211   243 0.74 -
91616at50557_103372_0:00137e|STRG.18247.4:0-1076|+  -            359 91616at50557         -            218   5.7e-99  328.8  14.7   3   3   1.2e-07    0.0003   19.1   0.7   173   218   313   359   297   359 0.79 -
91616at50557_103372_0:00137e|STRG.18247.2:94-1167|+ -            358 91616at50557         -            218   5.5e-97  322.3  13.5   1   3   5.8e-98   1.5e-94  314.4   5.5     1   175     1   186     1   194 0.96 -
91616at50557_103372_0:00137e|STRG.18247.2:94-1167|+ -            358 91616at50557         -            218   5.5e-97  322.3  13.5   2   3      0.14   3.4e+02   -0.7   0.0   174   184   214   224   211   243 0.74 -
91616at50557_103372_0:00137e|STRG.18247.2:94-1167|+ -            358 91616at50557         -            218   5.5e-97  322.3  13.5   3   3   2.1e-05     0.054   11.8   0.3   173   214   313   355   297   358 0.77 -
91616at50557_103372_0:00137e|STRG.18247.1:94-1155|+ -            354 91616at50557         -            218     2e-96  320.5  13.6   1   3   5.6e-98   1.4e-94  314.4   5.5     1   175     1   186     1   194 0.96 -
91616at50557_103372_0:00137e|STRG.18247.1:94-1155|+ -            354 91616at50557         -            218     2e-96  320.5  13.6   2   3      0.13   3.4e+02   -0.7   0.0   174   184   214   224   211   243 0.74 -
91616at50557_103372_0:00137e|STRG.18247.1:94-1155|+ -            354 91616at50557         -            218     2e-96  320.5  13.6   3   3   7.1e-05      0.18   10.0   0.4   173   213   313   354   297   354 0.77 -
#
# Program:         hmmsearch
# Version:         3.4 (Aug 2023)
# Pipeline mode:   SEARCH
# Query file:      /data/projet1/projet_tutore/busco_downloads/lineages/insecta_odb10/hmms/91616at50557.hmm
# Target file:     annotation_analysis/annotation_gca/T_zeteki/busco_output/run_insecta_odb10/metaeuk_output/initial_results/assembled_transcripts.fasta.modified.fas
# Option settings: hmmsearch --domtblout annotation_analysis/annotation_gca/T_zeteki/busco_output/run_insecta_odb10/hmmer_output/initial_run_results/91616at50557.out --cpu 1 /data/projet1/projet_tutore/busco_downloads/lineages/insecta_odb10/hmms/91616at50557.hmm annotation_analysis/annotation_gca/T_zeteki/busco_output/run_insecta_odb10/metaeuk_output/initial_results/assembled_transcripts.fasta.modified.fas 
# Current dir:     /data/projet1/projet_tutore
# Date:            Sun Dec  1 17:36:57 2024
# [ok]
