#                                                                                                          --- full sequence --- -------------- this domain -------------   hmm coord   ali coord   env coord
# target name                                      accession   tlen query name           accession   qlen   E-value  score  bias   #  of  c-Evalue  i-Evalue  score  bias  from    to  from    to  from    to  acc description of target
#                              ------------------- ---------- ----- -------------------- ---------- ----- --------- ------ ----- --- --- --------- --------- ------ ----- ----- ----- ----- ----- ----- ----- ---- ---------------------
98383at50557_34720_0:0024ef|STRG.9797.3:0-1177|+   -            360 98383at50557         -            210   3.8e-67  224.6   0.0   1   2   5.1e-67   6.5e-64  214.0   0.0    22   180   117   288    72   304 0.89 -
98383at50557_34720_0:0024ef|STRG.9797.3:0-1177|+   -            360 98383at50557         -            210   3.8e-67  224.6   0.0   2   2   0.00046      0.59    8.3   0.0   187   209   327   349   322   350 0.90 -
98383at50557_307658_0:00125c|STRG.9797.4:0-1076|+  -            357 98383at50557         -            210   3.9e-67  224.6   0.0   1   2   5.1e-67   6.5e-64  214.0   0.0    22   180   114   285    77   301 0.88 -
98383at50557_307658_0:00125c|STRG.9797.4:0-1076|+  -            357 98383at50557         -            210   3.9e-67  224.6   0.0   2   2   0.00046      0.58    8.3   0.0   187   209   324   346   319   347 0.90 -
98383at50557_34720_0:0024ef|STRG.9797.1:156-1342|+ -            363 98383at50557         -            210   3.9e-67  224.5   0.0   1   2   5.2e-67   6.6e-64  214.0   0.0    22   180   117   288    72   304 0.89 -
98383at50557_34720_0:0024ef|STRG.9797.1:156-1342|+ -            363 98383at50557         -            210   3.9e-67  224.5   0.0   2   2   0.00047       0.6    8.3   0.0   187   209   327   349   322   350 0.90 -
98383at50557_34720_0:0024ef|STRG.9797.2:156-917|+  -            254 98383at50557         -            210   9.5e-54  180.8   0.1   1   1   1.3e-56   1.6e-53  180.0   0.1    22   149   117   251    79   254 0.90 -
98383at50557_93721_0:0064a5|STRG.5728.1:374-1048|+ -            225 98383at50557         -            210   3.2e-15   54.9   0.0   1   1     3e-18   3.9e-15   54.7   0.0    34   168    10   153     1   204 0.83 -
98383at50557_93721_0:0064a5|STRG.5728.2:252-926|+  -            225 98383at50557         -            210   3.2e-15   54.9   0.0   1   1     3e-18   3.9e-15   54.7   0.0    34   168    10   153     1   204 0.83 -
#
# Program:         hmmsearch
# Version:         3.4 (Aug 2023)
# Pipeline mode:   SEARCH
# Query file:      /data/projet1/projet_tutore/busco_downloads/lineages/insecta_odb10/hmms/98383at50557.hmm
# Target file:     annotation_analysis/annotation_gca/T_zeteki/busco_output/run_insecta_odb10/metaeuk_output/initial_results/assembled_transcripts.fasta.modified.fas
# Option settings: hmmsearch --domtblout annotation_analysis/annotation_gca/T_zeteki/busco_output/run_insecta_odb10/hmmer_output/initial_run_results/98383at50557.out --cpu 1 /data/projet1/projet_tutore/busco_downloads/lineages/insecta_odb10/hmms/98383at50557.hmm annotation_analysis/annotation_gca/T_zeteki/busco_output/run_insecta_odb10/metaeuk_output/initial_results/assembled_transcripts.fasta.modified.fas 
# Current dir:     /data/projet1/projet_tutore
# Date:            Sun Dec  1 17:37:12 2024
# [ok]
