#                                                                                                            --- full sequence --- -------------- this domain -------------   hmm coord   ali coord   env coord
# target name                                        accession   tlen query name           accession   qlen   E-value  score  bias   #  of  c-Evalue  i-Evalue  score  bias  from    to  from    to  from    to  acc description of target
#                                ------------------- ---------- ----- -------------------- ---------- ----- --------- ------ ----- --- --- --------- --------- ------ ----- ----- ----- ----- ----- ----- ----- ---- ---------------------
99293at50557_103372_0:0008f6|STRG.4608.2:108-1271|+  -            388 99293at50557         -            323  1.2e-148  493.7   2.4   1   2  2.4e-141  1.1e-138  460.9   0.6     1   296     5   322     5   329 0.93 -
99293at50557_103372_0:0008f6|STRG.4608.2:108-1271|+  -            388 99293at50557         -            323  1.2e-148  493.7   2.4   2   2   4.7e-11   2.2e-08   32.7   0.0   293   323   341   374   338   374 0.91 -
99293at50557_103372_0:0008f6|STRG.4608.3:0-1124|+    -            375 99293at50557         -            323  2.1e-144  479.7   2.5   1   2  4.3e-137    2e-134  446.9   0.7    10   296     1   309     1   316 0.93 -
99293at50557_103372_0:0008f6|STRG.4608.3:0-1124|+    -            375 99293at50557         -            323  2.1e-144  479.7   2.5   2   2   4.5e-11   2.1e-08   32.8   0.0   293   323   328   361   325   361 0.91 -
99293at50557_456900_0:00044e|STRG.4608.1:31-1286|+   -            210 99293at50557         -            323   2.4e-48  164.1   0.2   1   2   3.3e-48   1.6e-45  154.8   0.1   171   296    19   156     8   163 0.88 -
99293at50557_456900_0:00044e|STRG.4608.1:31-1286|+   -            210 99293at50557         -            323   2.4e-48  164.1   0.2   2   2    0.0023       1.1    7.4   0.0   293   323   175   203   172   203 0.89 -
44226at50557_568069_0:001222|STRG.15039.1:0-1964|+   -            655 99293at50557         -            323   2.4e-37  127.9   0.0   1   1     9e-40   4.3e-37  127.1   0.0     5   255   239   493   235   551 0.82 -
106926at50557_568069_0:001f52|STRG.2479.1:111-1004|+ -            298 99293at50557         -            323   1.6e-11   43.0   0.4   1   2     4e-07   0.00019   19.8   0.0     6    56    61   114    56   126 0.80 -
106926at50557_568069_0:001f52|STRG.2479.1:111-1004|+ -            298 99293at50557         -            323   1.6e-11   43.0   0.4   2   2   1.1e-07   5.5e-05   21.6   0.1   106   230   169   284   162   292 0.83 -
106926at50557_568069_0:001f52|STRG.19929.2:0-887|+   -            296 99293at50557         -            323   1.5e-10   39.9   5.1   1   1   1.6e-12   7.4e-10   37.6   5.1    19   229    68   278    43   286 0.75 -
99293at50557_123851_0:002503|STRG.2476.2:337-987|+   -            217 99293at50557         -            323   3.8e-08   31.9   0.1   1   2       1.6   7.7e+02   -1.9   0.0    25    55    10    40     5    53 0.68 -
99293at50557_123851_0:002503|STRG.2476.2:337-987|+   -            217 99293at50557         -            323   3.8e-08   31.9   0.1   2   2   1.6e-10   7.6e-08   31.0   0.0    99   229    90   211    71   217 0.83 -
99293at50557_123851_0:002503|STRG.2476.1:586-1245|+  -            220 99293at50557         -            323     4e-08   31.9   0.1   1   2       1.6   7.9e+02   -1.9   0.0    25    55    13    43     8    56 0.68 -
99293at50557_123851_0:002503|STRG.2476.1:586-1245|+  -            220 99293at50557         -            323     4e-08   31.9   0.1   2   2   1.7e-10   7.9e-08   30.9   0.0    99   229    93   214    74   220 0.83 -
99293at50557_319348_0:000c13|STRG.19928.5:156-791|+  -            212 99293at50557         -            323   9.5e-08   30.7   0.7   1   1     4e-10   1.9e-07   29.6   0.7    21   228     5   212     1   212 0.71 -
106926at50557_568069_0:001f52|STRG.8665.2:323-1171|+ -            283 99293at50557         -            323   1.1e-06   27.1   0.6   1   1   3.9e-09   1.9e-06   26.4   0.6     5   245    35   275    31   280 0.74 -
99293at50557_319348_0:000c13|STRG.8665.1:419-1090|+  -            224 99293at50557         -            323   1.6e-05   23.3   0.1   1   1   4.6e-08   2.2e-05   22.9   0.1     9   229     2   222     1   224 0.72 -
99293at50557_319348_0:000c13|STRG.8665.3:114-785|+   -            224 99293at50557         -            323   1.6e-05   23.3   0.1   1   1   4.6e-08   2.2e-05   22.9   0.1     9   229     2   222     1   224 0.72 -
106926at50557_568069_0:001f52|STRG.4225.1:72-905|+   -            278 99293at50557         -            323   6.1e-05   21.4   0.0   1   1   2.2e-07   0.00011   20.6   0.0     6   230    42   267    37   272 0.78 -
106926at50557_568069_0:001f52|STRG.4225.2:177-1010|+ -            278 99293at50557         -            323   6.1e-05   21.4   0.0   1   1   2.2e-07   0.00011   20.6   0.0     6   230    42   267    37   272 0.78 -
106926at50557_568069_0:001f52|STRG.4225.3:189-1022|+ -            278 99293at50557         -            323   6.1e-05   21.4   0.0   1   1   2.2e-07   0.00011   20.6   0.0     6   230    42   267    37   272 0.78 -
99293at50557_13249_0:001ef6|STRG.19928.3:332-952|+   -            207 99293at50557         -            323   9.6e-05   20.8   0.8   1   1   5.5e-07   0.00026   19.3   0.8    26   228     2   206     1   207 0.62 -
#
# Program:         hmmsearch
# Version:         3.4 (Aug 2023)
# Pipeline mode:   SEARCH
# Query file:      /data/projet1/projet_tutore/busco_downloads/lineages/insecta_odb10/hmms/99293at50557.hmm
# Target file:     annotation_analysis/annotation_gca/T_zeteki/busco_output/run_insecta_odb10/metaeuk_output/initial_results/assembled_transcripts.fasta.modified.fas
# Option settings: hmmsearch --domtblout annotation_analysis/annotation_gca/T_zeteki/busco_output/run_insecta_odb10/hmmer_output/initial_run_results/99293at50557.out --cpu 1 /data/projet1/projet_tutore/busco_downloads/lineages/insecta_odb10/hmms/99293at50557.hmm annotation_analysis/annotation_gca/T_zeteki/busco_output/run_insecta_odb10/metaeuk_output/initial_results/assembled_transcripts.fasta.modified.fas 
# Current dir:     /data/projet1/projet_tutore
# Date:            Sun Dec  1 17:37:14 2024
# [ok]
